Command: report datapath > reports/FME_PIPE_2_datapath_map.log
============================================================
  Generated by:           Genus(TM) Synthesis Solution 17.10-p007_1
  Generated on:           Nov 21 2019  03:50:21 pm
  Module:                 FME_PIPE_2
  Technology libraries:   CORE65LPSVT 
                          CLOCK65LPSVT 
                          physical_cells 
  Operating conditions:   _nominal_ 
  Interconnect mode:      global
  Area mode:              physical library
============================================================


Inferred components

                      Operator   Signedness  Inputs Outputs CellArea Line Col    Filename    
=============================================================================================
FME_PIPE_2
 U_crtl
  inc_add_692_29
  module:increment_unsigned_19
   slow              increment   unsigned   7x1     7          34.32                         
---------------------------------------------------------------------------------------------
   add_692_29            +       unsigned   7x1     7                   0   0 a              
=============================================================================================
FME_PIPE_2
 U_crtl
  inc_add_707_29
  module:increment_unsigned_19_3016
   slow              increment   unsigned   7x1     7          34.32                         
---------------------------------------------------------------------------------------------
   add_707_29            +       unsigned   7x1     7                   0   0 a              
=============================================================================================
FME_PIPE_2
 U_crtl
  inc_add_722_29
  module:increment_unsigned_22_23
   slow              increment   unsigned   8x1     8          40.56                         
---------------------------------------------------------------------------------------------
   add_722_29            +       unsigned   8x1     8                   0   0 a              
=============================================================================================
FME_PIPE_2
 U_crtl
  lt_620_18
  module:lt_signed_1078
   slow                  <       signed     8x5     1           9.36  620  18 FME_PIPE_2.vhd 
=============================================================================================
FME_PIPE_2
 U_crtl
  lt_627_18
  module:lt_signed_1076
   slow                  <       signed     8x4     1           9.36  620  18 FME_PIPE_2.vhd 
=============================================================================================
FME_PIPE_2
 U_crtl
  lt_634_18
  module:lt_signed_1074
   slow                  <       signed     9x6     1           9.36  620  18 FME_PIPE_2.vhd 
=============================================================================================
FME_PIPE_2
 U_inter
  PUs[0].U_F2_U_0_U_S2_add_18_10
  module:add_signed_1090_1477
   very_fast             +       signed     12x16   16        328.12  119  61 FME_PIPE_2.vhd 
=============================================================================================
FME_PIPE_2
 U_inter
  PUs[0].U_F2_U_1
   U_S2_add_18_10
   module:add_signed_1090
    very_fast            +       signed     12x16   16        346.32  176  61 FME_PIPE_2.vhd 
=============================================================================================
FME_PIPE_2
 U_inter
  PUs[0].U_F2_U_1
   addinc_U_S0_add_18_16
   module:add_signed_carry_2349
    very_fast            +       signed     12x12x1 12        348.40                         
---------------------------------------------------------------------------------------------
    U_S0_add_18_16       +       signed     12x2    12                 18  16 FME_PIPE_2.vhd 
    U_S0_add_18_10       +       signed     12x12   12                 18  10 FME_PIPE_2.vhd 
=============================================================================================
FME_PIPE_2
 U_inter
  PUs[0].U_F2_U_1
   addinc_U_S1_add_18_16
   module:add_signed_carry_2346
    very_fast            +       signed     14x14x1 14        370.76                         
---------------------------------------------------------------------------------------------
    U_S1_add_18_16       +       signed     14x2    14                 18  16 FME_PIPE_2.vhd 
    U_S1_add_18_10       +       signed     14x14   14                 18  10 FME_PIPE_2.vhd 
=============================================================================================
FME_PIPE_2
 U_inter
  PUs[0].U_F2_U_S10
   addinc_add_41_28
   module:add_unsigned_carry
    slow                 +       unsigned   8x8x1   9          23.92                         
---------------------------------------------------------------------------------------------
    add_41_28            +       unsigned   9x1     9                  41  28 FME_PIPE_2.vhd 
    add_41_16            +       unsigned   8x8     9                  41  16 FME_PIPE_2.vhd 
=============================================================================================
FME_PIPE_2
 U_inter
  PUs[1].U_F2_U_0_U_S2_add_18_10
  module:add_signed_1090_1478
   very_fast             +       signed     12x16   16        339.04  119  61 FME_PIPE_2.vhd 
=============================================================================================
FME_PIPE_2
 U_inter
  PUs[1].U_F2_U_1
   U_S2_add_18_10
   module:add_signed_1090_1487
    very_fast            +       signed     12x16   16        336.96  176  61 FME_PIPE_2.vhd 
=============================================================================================
FME_PIPE_2
 U_inter
  PUs[1].U_F2_U_1
   addinc_U_S0_add_18_16
   module:add_signed_carry_2349_1470
    very_fast            +       signed     12x12x1 12        348.40                         
---------------------------------------------------------------------------------------------
    U_S0_add_18_16       +       signed     12x2    12                 18  16 FME_PIPE_2.vhd 
    U_S0_add_18_10       +       signed     12x12   12                 18  10 FME_PIPE_2.vhd 
=============================================================================================
FME_PIPE_2
 U_inter
  PUs[1].U_F2_U_1
   addinc_U_S1_add_18_16
   module:add_signed_carry_2346_1453
    very_fast            +       signed     14x14x1 14        380.12                         
---------------------------------------------------------------------------------------------
    U_S1_add_18_16       +       signed     14x2    14                 18  16 FME_PIPE_2.vhd 
    U_S1_add_18_10       +       signed     14x14   14                 18  10 FME_PIPE_2.vhd 
=============================================================================================
FME_PIPE_2
 U_inter
  PUs[1].U_F2_U_S10
   addinc_add_41_28
   module:add_unsigned_carry_3008
    slow                 +       unsigned   8x8x1   9          23.92                         
---------------------------------------------------------------------------------------------
    add_41_28            +       unsigned   9x1     9                  41  28 FME_PIPE_2.vhd 
    add_41_16            +       unsigned   8x8     9                  41  16 FME_PIPE_2.vhd 
=============================================================================================
FME_PIPE_2
 U_inter
  PUs[2].U_F2_U_0_U_S2_add_18_10
  module:add_signed_1090_1479
   very_fast             +       signed     12x16   16        334.36  119  61 FME_PIPE_2.vhd 
=============================================================================================
FME_PIPE_2
 U_inter
  PUs[2].U_F2_U_1
   U_S2_add_18_10
   module:add_signed_1090_1488
    very_fast            +       signed     12x16   16        336.96  176  61 FME_PIPE_2.vhd 
=============================================================================================
FME_PIPE_2
 U_inter
  PUs[2].U_F2_U_1
   addinc_U_S0_add_18_16
   module:add_signed_carry_2349_1471
    very_fast            +       signed     12x12x1 12        343.72                         
---------------------------------------------------------------------------------------------
    U_S0_add_18_16       +       signed     12x2    12                 18  16 FME_PIPE_2.vhd 
    U_S0_add_18_10       +       signed     12x12   12                 18  10 FME_PIPE_2.vhd 
=============================================================================================
FME_PIPE_2
 U_inter
  PUs[2].U_F2_U_1
   addinc_U_S1_add_18_16
   module:add_signed_carry_2346_1454
    very_fast            +       signed     14x14x1 14        380.12                         
---------------------------------------------------------------------------------------------
    U_S1_add_18_16       +       signed     14x2    14                 18  16 FME_PIPE_2.vhd 
    U_S1_add_18_10       +       signed     14x14   14                 18  10 FME_PIPE_2.vhd 
=============================================================================================
FME_PIPE_2
 U_inter
  PUs[2].U_F2_U_S10
   addinc_add_41_28
   module:add_unsigned_carry_3009
    slow                 +       unsigned   8x8x1   9          23.92                         
---------------------------------------------------------------------------------------------
    add_41_28            +       unsigned   9x1     9                  41  28 FME_PIPE_2.vhd 
    add_41_16            +       unsigned   8x8     9                  41  16 FME_PIPE_2.vhd 
=============================================================================================
FME_PIPE_2
 U_inter
  PUs[3].U_F2_U_0_U_S2_add_18_10
  module:add_signed_1090_1480
   very_fast             +       signed     12x16   16        334.36  119  61 FME_PIPE_2.vhd 
=============================================================================================
FME_PIPE_2
 U_inter
  PUs[3].U_F2_U_1
   U_S2_add_18_10
   module:add_signed_1090_1489
    very_fast            +       signed     12x16   16        337.48  176  61 FME_PIPE_2.vhd 
=============================================================================================
FME_PIPE_2
 U_inter
  PUs[3].U_F2_U_1
   addinc_U_S0_add_18_16
   module:add_signed_carry_2349_1472
    very_fast            +       signed     12x12x1 12        350.48                         
---------------------------------------------------------------------------------------------
    U_S0_add_18_16       +       signed     12x2    12                 18  16 FME_PIPE_2.vhd 
    U_S0_add_18_10       +       signed     12x12   12                 18  10 FME_PIPE_2.vhd 
=============================================================================================
FME_PIPE_2
 U_inter
  PUs[3].U_F2_U_1
   addinc_U_S1_add_18_16
   module:add_signed_carry_2346_1455
    very_fast            +       signed     14x14x1 14        365.56                         
---------------------------------------------------------------------------------------------
    U_S1_add_18_16       +       signed     14x2    14                 18  16 FME_PIPE_2.vhd 
    U_S1_add_18_10       +       signed     14x14   14                 18  10 FME_PIPE_2.vhd 
=============================================================================================
FME_PIPE_2
 U_inter
  PUs[3].U_F2_U_S10
   addinc_add_41_28
   module:add_unsigned_carry_3010
    slow                 +       unsigned   8x8x1   9          23.92                         
---------------------------------------------------------------------------------------------
    add_41_28            +       unsigned   9x1     9                  41  28 FME_PIPE_2.vhd 
    add_41_16            +       unsigned   8x8     9                  41  16 FME_PIPE_2.vhd 
=============================================================================================
FME_PIPE_2
 U_inter
  PUs[4].U_F2_U_0_U_S2_add_18_10
  module:add_signed_1090_1481
   very_fast             +       signed     12x16   16        339.04  119  61 FME_PIPE_2.vhd 
=============================================================================================
FME_PIPE_2
 U_inter
  PUs[4].U_F2_U_1
   U_S2_add_18_10
   module:add_signed_1090_1490
    very_fast            +       signed     12x16   16        337.48  176  61 FME_PIPE_2.vhd 
=============================================================================================
FME_PIPE_2
 U_inter
  PUs[4].U_F2_U_1
   addinc_U_S0_add_18_16
   module:add_signed_carry_2349_1473
    very_fast            +       signed     12x12x1 12        350.48                         
---------------------------------------------------------------------------------------------
    U_S0_add_18_16       +       signed     12x2    12                 18  16 FME_PIPE_2.vhd 
    U_S0_add_18_10       +       signed     12x12   12                 18  10 FME_PIPE_2.vhd 
=============================================================================================
FME_PIPE_2
 U_inter
  PUs[4].U_F2_U_1
   addinc_U_S1_add_18_16
   module:add_signed_carry_2346_1456
    very_fast            +       signed     14x14x1 14        365.56                         
---------------------------------------------------------------------------------------------
    U_S1_add_18_16       +       signed     14x2    14                 18  16 FME_PIPE_2.vhd 
    U_S1_add_18_10       +       signed     14x14   14                 18  10 FME_PIPE_2.vhd 
=============================================================================================
FME_PIPE_2
 U_inter
  PUs[4].U_F2_U_S10
   addinc_add_41_28
   module:add_unsigned_carry_3011
    slow                 +       unsigned   8x8x1   9          23.92                         
---------------------------------------------------------------------------------------------
    add_41_28            +       unsigned   9x1     9                  41  28 FME_PIPE_2.vhd 
    add_41_16            +       unsigned   8x8     9                  41  16 FME_PIPE_2.vhd 
=============================================================================================
FME_PIPE_2
 U_inter
  PUs[5].U_F2_U_0_U_S2_add_18_10
  module:add_signed_1090_1482
   very_fast             +       signed     12x16   16        339.04  119  61 FME_PIPE_2.vhd 
=============================================================================================
FME_PIPE_2
 U_inter
  PUs[5].U_F2_U_1
   U_S2_add_18_10
   module:add_signed_1090_1491
    very_fast            +       signed     12x16   16        333.32  176  61 FME_PIPE_2.vhd 
=============================================================================================
FME_PIPE_2
 U_inter
  PUs[5].U_F2_U_1
   addinc_U_S0_add_18_16
   module:add_signed_carry_2349_1474
    very_fast            +       signed     12x12x1 12        353.08                         
---------------------------------------------------------------------------------------------
    U_S0_add_18_16       +       signed     12x2    12                 18  16 FME_PIPE_2.vhd 
    U_S0_add_18_10       +       signed     12x12   12                 18  10 FME_PIPE_2.vhd 
=============================================================================================
FME_PIPE_2
 U_inter
  PUs[5].U_F2_U_1
   addinc_U_S1_add_18_16
   module:add_signed_carry_2346_1457
    very_fast            +       signed     14x14x1 14        357.24                         
---------------------------------------------------------------------------------------------
    U_S1_add_18_16       +       signed     14x2    14                 18  16 FME_PIPE_2.vhd 
    U_S1_add_18_10       +       signed     14x14   14                 18  10 FME_PIPE_2.vhd 
=============================================================================================
FME_PIPE_2
 U_inter
  PUs[5].U_F2_U_S10
   addinc_add_41_28
   module:add_unsigned_carry_3012
    slow                 +       unsigned   8x8x1   9          23.92                         
---------------------------------------------------------------------------------------------
    add_41_28            +       unsigned   9x1     9                  41  28 FME_PIPE_2.vhd 
    add_41_16            +       unsigned   8x8     9                  41  16 FME_PIPE_2.vhd 
=============================================================================================
FME_PIPE_2
 U_inter
  PUs[6].U_F2_U_0_U_S2_add_18_10
  module:add_signed_1090_1483
   very_fast             +       signed     12x16   16        332.80  119  61 FME_PIPE_2.vhd 
=============================================================================================
FME_PIPE_2
 U_inter
  PUs[6].U_F2_U_1
   U_S2_add_18_10
   module:add_signed_1090_1492
    very_fast            +       signed     12x16   16        334.36  176  61 FME_PIPE_2.vhd 
=============================================================================================
FME_PIPE_2
 U_inter
  PUs[6].U_F2_U_1
   addinc_U_S0_add_18_16
   module:add_signed_carry_2349_1475
    very_fast            +       signed     12x12x1 12        365.56                         
---------------------------------------------------------------------------------------------
    U_S0_add_18_16       +       signed     12x2    12                 18  16 FME_PIPE_2.vhd 
    U_S0_add_18_10       +       signed     12x12   12                 18  10 FME_PIPE_2.vhd 
=============================================================================================
FME_PIPE_2
 U_inter
  PUs[6].U_F2_U_1
   addinc_U_S1_add_18_16
   module:add_signed_carry_2346_1458
    very_fast            +       signed     14x14x1 14        367.12                         
---------------------------------------------------------------------------------------------
    U_S1_add_18_16       +       signed     14x2    14                 18  16 FME_PIPE_2.vhd 
    U_S1_add_18_10       +       signed     14x14   14                 18  10 FME_PIPE_2.vhd 
=============================================================================================
FME_PIPE_2
 U_inter
  PUs[6].U_F2_U_S10
   addinc_add_41_28
   module:add_unsigned_carry_3013
    slow                 +       unsigned   8x8x1   9          23.92                         
---------------------------------------------------------------------------------------------
    add_41_28            +       unsigned   9x1     9                  41  28 FME_PIPE_2.vhd 
    add_41_16            +       unsigned   8x8     9                  41  16 FME_PIPE_2.vhd 
=============================================================================================
FME_PIPE_2
 U_inter
  PUs[7].U_F2_U_0_U_S2_add_18_10
  module:add_signed_1090_1484
   very_fast             +       signed     12x16   16        331.24  119  61 FME_PIPE_2.vhd 
=============================================================================================
FME_PIPE_2
 U_inter
  PUs[7].U_F2_U_1
   U_S2_add_18_10
   module:add_signed_1090_1493
    very_fast            +       signed     12x16   16        332.28  176  61 FME_PIPE_2.vhd 
=============================================================================================
FME_PIPE_2
 U_inter
  PUs[7].U_F2_U_1
   addinc_U_S0_add_18_16
   module:add_signed_carry_2349_1476
    very_fast            +       signed     12x12x1 12        352.04                         
---------------------------------------------------------------------------------------------
    U_S0_add_18_16       +       signed     12x2    12                 18  16 FME_PIPE_2.vhd 
    U_S0_add_18_10       +       signed     12x12   12                 18  10 FME_PIPE_2.vhd 
=============================================================================================
FME_PIPE_2
 U_inter
  PUs[7].U_F2_U_1
   addinc_U_S1_add_18_16
   module:add_signed_carry_2346_1459
    very_fast            +       signed     14x14x1 14        365.04                         
---------------------------------------------------------------------------------------------
    U_S1_add_18_16       +       signed     14x2    14                 18  16 FME_PIPE_2.vhd 
    U_S1_add_18_10       +       signed     14x14   14                 18  10 FME_PIPE_2.vhd 
=============================================================================================
FME_PIPE_2
 U_inter
  PUs[7].U_F2_U_S10
   addinc_add_41_28
   module:add_unsigned_carry_3014
    slow                 +       unsigned   8x8x1   9          23.92                         
---------------------------------------------------------------------------------------------
    add_41_28            +       unsigned   9x1     9                  41  28 FME_PIPE_2.vhd 
    add_41_16            +       unsigned   8x8     9                  41  16 FME_PIPE_2.vhd 
=============================================================================================
FME_PIPE_2
 U_inter
  PUs[8].U_F2_U_0_U_S2_add_18_10
  module:add_signed_1090_1485
   very_fast             +       signed     12x16   16        328.12  119  61 FME_PIPE_2.vhd 
=============================================================================================
FME_PIPE_2
 U_inter
  PUs[8].U_F2_U_1_U_S2_add_18_10
  module:add_signed_1090_1486
   very_fast             +       signed     12x16   16        332.80  176  61 FME_PIPE_2.vhd 
=============================================================================================
FME_PIPE_2
 U_inter
  PUs[8].U_F2_U_S10
   addinc_add_41_28
   module:add_unsigned_carry_3015
    slow                 +       unsigned   8x8x1   9          23.92                         
---------------------------------------------------------------------------------------------
    add_41_28            +       unsigned   9x1     9                  41  28 FME_PIPE_2.vhd 
    add_41_16            +       unsigned   8x8     9                  41  16 FME_PIPE_2.vhd 
=============================================================================================
FME_PIPE_2
 U_inter
  addinc_PUs[0].U_F2_U_0_U_S0_add_18_16
  module:add_signed_carry_2349_1460
   very_fast             +       signed     12x12x1 12        341.12                         
---------------------------------------------------------------------------------------------
   PUs[0].U_F2_U_0_U_S0_add_18_16
                         +       signed     12x2    12                 18  16 FME_PIPE_2.vhd 
   PUs[0].U_F2_U_0_U_S0_add_18_10
                         +       signed     12x12   12                 18  10 FME_PIPE_2.vhd 
=============================================================================================
FME_PIPE_2
 U_inter
  addinc_PUs[0].U_F2_U_0_U_S1_add_18_16
  module:add_signed_carry_2346_1443
   very_fast             +       signed     14x14x1 14        351.00                         
---------------------------------------------------------------------------------------------
   PUs[0].U_F2_U_0_U_S1_add_18_16
                         +       signed     14x2    14                 18  16 FME_PIPE_2.vhd 
   PUs[0].U_F2_U_0_U_S1_add_18_10
                         +       signed     14x14   14                 18  10 FME_PIPE_2.vhd 
=============================================================================================
FME_PIPE_2
 U_inter
  addinc_PUs[1].U_F2_U_0_U_S0_add_18_16
  module:add_signed_carry_2349_1461
   very_fast             +       signed     12x12x1 12        356.72                         
---------------------------------------------------------------------------------------------
   PUs[1].U_F2_U_0_U_S0_add_18_16
                         +       signed     12x2    12                 18  16 FME_PIPE_2.vhd 
   PUs[1].U_F2_U_0_U_S0_add_18_10
                         +       signed     12x12   12                 18  10 FME_PIPE_2.vhd 
=============================================================================================
FME_PIPE_2
 U_inter
  addinc_PUs[1].U_F2_U_0_U_S1_add_18_16
  module:add_signed_carry_2346_1444
   very_fast             +       signed     14x14x1 14        364.52                         
---------------------------------------------------------------------------------------------
   PUs[1].U_F2_U_0_U_S1_add_18_16
                         +       signed     14x2    14                 18  16 FME_PIPE_2.vhd 
   PUs[1].U_F2_U_0_U_S1_add_18_10
                         +       signed     14x14   14                 18  10 FME_PIPE_2.vhd 
=============================================================================================
FME_PIPE_2
 U_inter
  addinc_PUs[2].U_F2_U_0_U_S0_add_18_16
  module:add_signed_carry_2349_1462
   very_fast             +       signed     12x12x1 12        367.64                         
---------------------------------------------------------------------------------------------
   PUs[2].U_F2_U_0_U_S0_add_18_16
                         +       signed     12x2    12                 18  16 FME_PIPE_2.vhd 
   PUs[2].U_F2_U_0_U_S0_add_18_10
                         +       signed     12x12   12                 18  10 FME_PIPE_2.vhd 
=============================================================================================
FME_PIPE_2
 U_inter
  addinc_PUs[2].U_F2_U_0_U_S1_add_18_16
  module:add_signed_carry_2346_1445
   very_fast             +       signed     14x14x1 14        361.40                         
---------------------------------------------------------------------------------------------
   PUs[2].U_F2_U_0_U_S1_add_18_16
                         +       signed     14x2    14                 18  16 FME_PIPE_2.vhd 
   PUs[2].U_F2_U_0_U_S1_add_18_10
                         +       signed     14x14   14                 18  10 FME_PIPE_2.vhd 
=============================================================================================
FME_PIPE_2
 U_inter
  addinc_PUs[3].U_F2_U_0_U_S0_add_18_16
  module:add_signed_carry_2349_1463
   very_fast             +       signed     12x12x1 12        369.20                         
---------------------------------------------------------------------------------------------
   PUs[3].U_F2_U_0_U_S0_add_18_16
                         +       signed     12x2    12                 18  16 FME_PIPE_2.vhd 
   PUs[3].U_F2_U_0_U_S0_add_18_10
                         +       signed     12x12   12                 18  10 FME_PIPE_2.vhd 
=============================================================================================
FME_PIPE_2
 U_inter
  addinc_PUs[3].U_F2_U_0_U_S1_add_18_16
  module:add_signed_carry_2346_1446
   very_fast             +       signed     14x14x1 14        359.84                         
---------------------------------------------------------------------------------------------
   PUs[3].U_F2_U_0_U_S1_add_18_16
                         +       signed     14x2    14                 18  16 FME_PIPE_2.vhd 
   PUs[3].U_F2_U_0_U_S1_add_18_10
                         +       signed     14x14   14                 18  10 FME_PIPE_2.vhd 
=============================================================================================
FME_PIPE_2
 U_inter
  addinc_PUs[4].U_F2_U_0_U_S0_add_18_16
  module:add_signed_carry_2349_1464
   very_fast             +       signed     12x12x1 12        348.92                         
---------------------------------------------------------------------------------------------
   PUs[4].U_F2_U_0_U_S0_add_18_16
                         +       signed     12x2    12                 18  16 FME_PIPE_2.vhd 
   PUs[4].U_F2_U_0_U_S0_add_18_10
                         +       signed     12x12   12                 18  10 FME_PIPE_2.vhd 
=============================================================================================
FME_PIPE_2
 U_inter
  addinc_PUs[4].U_F2_U_0_U_S1_add_18_16
  module:add_signed_carry_2346_1447
   very_fast             +       signed     14x14x1 14        359.32                         
---------------------------------------------------------------------------------------------
   PUs[4].U_F2_U_0_U_S1_add_18_16
                         +       signed     14x2    14                 18  16 FME_PIPE_2.vhd 
   PUs[4].U_F2_U_0_U_S1_add_18_10
                         +       signed     14x14   14                 18  10 FME_PIPE_2.vhd 
=============================================================================================
FME_PIPE_2
 U_inter
  addinc_PUs[5].U_F2_U_0_U_S0_add_18_16
  module:add_signed_carry_2349_1465
   very_fast             +       signed     12x12x1 12        346.84                         
---------------------------------------------------------------------------------------------
   PUs[5].U_F2_U_0_U_S0_add_18_16
                         +       signed     12x2    12                 18  16 FME_PIPE_2.vhd 
   PUs[5].U_F2_U_0_U_S0_add_18_10
                         +       signed     12x12   12                 18  10 FME_PIPE_2.vhd 
=============================================================================================
FME_PIPE_2
 U_inter
  addinc_PUs[5].U_F2_U_0_U_S1_add_18_16
  module:add_signed_carry_2346_1448
   very_fast             +       signed     14x14x1 14        359.32                         
---------------------------------------------------------------------------------------------
   PUs[5].U_F2_U_0_U_S1_add_18_16
                         +       signed     14x2    14                 18  16 FME_PIPE_2.vhd 
   PUs[5].U_F2_U_0_U_S1_add_18_10
                         +       signed     14x14   14                 18  10 FME_PIPE_2.vhd 
=============================================================================================
FME_PIPE_2
 U_inter
  addinc_PUs[6].U_F2_U_0_U_S0_add_18_16
  module:add_signed_carry_2349_1466
   very_fast             +       signed     12x12x1 12        350.48                         
---------------------------------------------------------------------------------------------
   PUs[6].U_F2_U_0_U_S0_add_18_16
                         +       signed     12x2    12                 18  16 FME_PIPE_2.vhd 
   PUs[6].U_F2_U_0_U_S0_add_18_10
                         +       signed     12x12   12                 18  10 FME_PIPE_2.vhd 
=============================================================================================
FME_PIPE_2
 U_inter
  addinc_PUs[6].U_F2_U_0_U_S1_add_18_16
  module:add_signed_carry_2346_1449
   very_fast             +       signed     14x14x1 14        356.72                         
---------------------------------------------------------------------------------------------
   PUs[6].U_F2_U_0_U_S1_add_18_16
                         +       signed     14x2    14                 18  16 FME_PIPE_2.vhd 
   PUs[6].U_F2_U_0_U_S1_add_18_10
                         +       signed     14x14   14                 18  10 FME_PIPE_2.vhd 
=============================================================================================
FME_PIPE_2
 U_inter
  addinc_PUs[7].U_F2_U_0_U_S0_add_18_16
  module:add_signed_carry_2349_1467
   very_fast             +       signed     12x12x1 12        361.92                         
---------------------------------------------------------------------------------------------
   PUs[7].U_F2_U_0_U_S0_add_18_16
                         +       signed     12x2    12                 18  16 FME_PIPE_2.vhd 
   PUs[7].U_F2_U_0_U_S0_add_18_10
                         +       signed     12x12   12                 18  10 FME_PIPE_2.vhd 
=============================================================================================
FME_PIPE_2
 U_inter
  addinc_PUs[7].U_F2_U_0_U_S1_add_18_16
  module:add_signed_carry_2346_1450
   very_fast             +       signed     14x14x1 14        361.40                         
---------------------------------------------------------------------------------------------
   PUs[7].U_F2_U_0_U_S1_add_18_16
                         +       signed     14x2    14                 18  16 FME_PIPE_2.vhd 
   PUs[7].U_F2_U_0_U_S1_add_18_10
                         +       signed     14x14   14                 18  10 FME_PIPE_2.vhd 
=============================================================================================
FME_PIPE_2
 U_inter
  addinc_PUs[8].U_F2_U_0_U_S0_add_18_16
  module:add_signed_carry_2349_1468
   very_fast             +       signed     12x12x1 12        355.68                         
---------------------------------------------------------------------------------------------
   PUs[8].U_F2_U_0_U_S0_add_18_16
                         +       signed     12x2    12                 18  16 FME_PIPE_2.vhd 
   PUs[8].U_F2_U_0_U_S0_add_18_10
                         +       signed     12x12   12                 18  10 FME_PIPE_2.vhd 
=============================================================================================
FME_PIPE_2
 U_inter
  addinc_PUs[8].U_F2_U_0_U_S1_add_18_16
  module:add_signed_carry_2346_1451
   very_fast             +       signed     14x14x1 14        361.40                         
---------------------------------------------------------------------------------------------
   PUs[8].U_F2_U_0_U_S1_add_18_16
                         +       signed     14x2    14                 18  16 FME_PIPE_2.vhd 
   PUs[8].U_F2_U_0_U_S1_add_18_10
                         +       signed     14x14   14                 18  10 FME_PIPE_2.vhd 
=============================================================================================
FME_PIPE_2
 U_inter
  addinc_PUs[8].U_F2_U_1_U_S0_add_18_16
  module:add_signed_carry_2349_1469
   very_fast             +       signed     12x12x1 12        338.00                         
---------------------------------------------------------------------------------------------
   PUs[8].U_F2_U_1_U_S0_add_18_16
                         +       signed     12x2    12                 18  16 FME_PIPE_2.vhd 
   PUs[8].U_F2_U_1_U_S0_add_18_10
                         +       signed     12x12   12                 18  10 FME_PIPE_2.vhd 
=============================================================================================
FME_PIPE_2
 U_inter
  addinc_PUs[8].U_F2_U_1_U_S1_add_18_16
  module:add_signed_carry_2346_1452
   very_fast             +       signed     14x14x1 14        358.80                         
---------------------------------------------------------------------------------------------
   PUs[8].U_F2_U_1_U_S1_add_18_16
                         +       signed     14x2    14                 18  16 FME_PIPE_2.vhd 
   PUs[8].U_F2_U_1_U_S1_add_18_10
                         +       signed     14x14   14                 18  10 FME_PIPE_2.vhd 
=============================================================================================
FME_PIPE_2
 U_inter
  csa_tree_PUs_0__U_F2_U_S1_add_18_10_groupi
  module:csa_tree_PUs_0__U_F2_U_S1_add_18_10_group_2
   very_fast       csa_and_adder            16x16   16        347.88                         
---------------------------------------------------------------------------------------------
   PUs[0].U_F2_U_S1_add_18_10
                         +       signed     16x7    16                 18  10 FME_PIPE_2.vhd 
   PUs[0].U_F2_U_S0_add_18_10
                         +       signed     16x16   16                 18  10 FME_PIPE_2.vhd 
=============================================================================================
FME_PIPE_2
 U_inter
  csa_tree_PUs_0__U_F2_U_S21_add_18_10_groupi
  module:csa_tree_PUs_0__U_F2_U_S21_add_18_10_group_2
   very_fast       csa_and_adder            16x16   16        355.68                         
---------------------------------------------------------------------------------------------
   PUs[0].U_F2_U_S21_add_18_10
                         +       signed     16x7    16                 18  10 FME_PIPE_2.vhd 
   PUs[0].U_F2_U_S20_add_18_10
                         +       signed     16x16   16                 18  10 FME_PIPE_2.vhd 
=============================================================================================
FME_PIPE_2
 U_inter
  csa_tree_PUs_1__U_F2_U_S1_add_18_10_groupi
  module:csa_tree_PUs_1__U_F2_U_S1_add_18_10_group_2
   very_fast       csa_and_adder            16x16   16        358.80                         
---------------------------------------------------------------------------------------------
   PUs[1].U_F2_U_S1_add_18_10
                         +       signed     16x7    16                 18  10 FME_PIPE_2.vhd 
   PUs[1].U_F2_U_S0_add_18_10
                         +       signed     16x16   16                 18  10 FME_PIPE_2.vhd 
=============================================================================================
FME_PIPE_2
 U_inter
  csa_tree_PUs_1__U_F2_U_S21_add_18_10_groupi
  module:csa_tree_PUs_1__U_F2_U_S21_add_18_10_group_2
   very_fast       csa_and_adder            16x16   16        355.68                         
---------------------------------------------------------------------------------------------
   PUs[1].U_F2_U_S21_add_18_10
                         +       signed     16x7    16                 18  10 FME_PIPE_2.vhd 
   PUs[1].U_F2_U_S20_add_18_10
                         +       signed     16x16   16                 18  10 FME_PIPE_2.vhd 
=============================================================================================
FME_PIPE_2
 U_inter
  csa_tree_PUs_2__U_F2_U_S1_add_18_10_groupi
  module:csa_tree_PUs_2__U_F2_U_S1_add_18_10_group_2
   very_fast       csa_and_adder            16x16   16        358.80                         
---------------------------------------------------------------------------------------------
   PUs[2].U_F2_U_S1_add_18_10
                         +       signed     16x7    16                 18  10 FME_PIPE_2.vhd 
   PUs[2].U_F2_U_S0_add_18_10
                         +       signed     16x16   16                 18  10 FME_PIPE_2.vhd 
=============================================================================================
FME_PIPE_2
 U_inter
  csa_tree_PUs_2__U_F2_U_S21_add_18_10_groupi
  module:csa_tree_PUs_2__U_F2_U_S21_add_18_10_group_2
   very_fast       csa_and_adder            16x16   16        355.68                         
---------------------------------------------------------------------------------------------
   PUs[2].U_F2_U_S21_add_18_10
                         +       signed     16x7    16                 18  10 FME_PIPE_2.vhd 
   PUs[2].U_F2_U_S20_add_18_10
                         +       signed     16x16   16                 18  10 FME_PIPE_2.vhd 
=============================================================================================
FME_PIPE_2
 U_inter
  csa_tree_PUs_3__U_F2_U_S1_add_18_10_groupi
  module:csa_tree_PUs_3__U_F2_U_S1_add_18_10_group_2
   very_fast       csa_and_adder            16x16   16        318.76                         
---------------------------------------------------------------------------------------------
   PUs[3].U_F2_U_S1_add_18_10
                         +       signed     16x7    16                 18  10 FME_PIPE_2.vhd 
   PUs[3].U_F2_U_S0_add_18_10
                         +       signed     16x16   16                 18  10 FME_PIPE_2.vhd 
=============================================================================================
FME_PIPE_2
 U_inter
  csa_tree_PUs_3__U_F2_U_S21_add_18_10_groupi
  module:csa_tree_PUs_3__U_F2_U_S21_add_18_10_group_2
   very_fast       csa_and_adder            16x16   16        329.68                         
---------------------------------------------------------------------------------------------
   PUs[3].U_F2_U_S21_add_18_10
                         +       signed     16x7    16                 18  10 FME_PIPE_2.vhd 
   PUs[3].U_F2_U_S20_add_18_10
                         +       signed     16x16   16                 18  10 FME_PIPE_2.vhd 
=============================================================================================
FME_PIPE_2
 U_inter
  csa_tree_PUs_4__U_F2_U_S1_add_18_10_groupi
  module:csa_tree_PUs_4__U_F2_U_S1_add_18_10_group_2
   very_fast       csa_and_adder            16x16   16        318.76                         
---------------------------------------------------------------------------------------------
   PUs[4].U_F2_U_S1_add_18_10
                         +       signed     16x7    16                 18  10 FME_PIPE_2.vhd 
   PUs[4].U_F2_U_S0_add_18_10
                         +       signed     16x16   16                 18  10 FME_PIPE_2.vhd 
=============================================================================================
FME_PIPE_2
 U_inter
  csa_tree_PUs_4__U_F2_U_S21_add_18_10_groupi
  module:csa_tree_PUs_4__U_F2_U_S21_add_18_10_group_2
   very_fast       csa_and_adder            16x16   16        329.68                         
---------------------------------------------------------------------------------------------
   PUs[4].U_F2_U_S21_add_18_10
                         +       signed     16x7    16                 18  10 FME_PIPE_2.vhd 
   PUs[4].U_F2_U_S20_add_18_10
                         +       signed     16x16   16                 18  10 FME_PIPE_2.vhd 
=============================================================================================
FME_PIPE_2
 U_inter
  csa_tree_PUs_5__U_F2_U_S1_add_18_10_groupi
  module:csa_tree_PUs_5__U_F2_U_S1_add_18_10_group_2
   very_fast       csa_and_adder            16x16   16        318.76                         
---------------------------------------------------------------------------------------------
   PUs[5].U_F2_U_S1_add_18_10
                         +       signed     16x7    16                 18  10 FME_PIPE_2.vhd 
   PUs[5].U_F2_U_S0_add_18_10
                         +       signed     16x16   16                 18  10 FME_PIPE_2.vhd 
=============================================================================================
FME_PIPE_2
 U_inter
  csa_tree_PUs_5__U_F2_U_S21_add_18_10_groupi
  module:csa_tree_PUs_5__U_F2_U_S21_add_18_10_group_2
   very_fast       csa_and_adder            16x16   16        329.68                         
---------------------------------------------------------------------------------------------
   PUs[5].U_F2_U_S21_add_18_10
                         +       signed     16x7    16                 18  10 FME_PIPE_2.vhd 
   PUs[5].U_F2_U_S20_add_18_10
                         +       signed     16x16   16                 18  10 FME_PIPE_2.vhd 
=============================================================================================
FME_PIPE_2
 U_inter
  csa_tree_PUs_6__U_F2_U_S1_add_18_10_groupi
  module:csa_tree_PUs_6__U_F2_U_S1_add_18_10_group_2
   very_fast       csa_and_adder            16x16   16        318.76                         
---------------------------------------------------------------------------------------------
   PUs[6].U_F2_U_S1_add_18_10
                         +       signed     16x7    16                 18  10 FME_PIPE_2.vhd 
   PUs[6].U_F2_U_S0_add_18_10
                         +       signed     16x16   16                 18  10 FME_PIPE_2.vhd 
=============================================================================================
FME_PIPE_2
 U_inter
  csa_tree_PUs_6__U_F2_U_S21_add_18_10_groupi
  module:csa_tree_PUs_6__U_F2_U_S21_add_18_10_group_2
   very_fast       csa_and_adder            16x16   16        329.68                         
---------------------------------------------------------------------------------------------
   PUs[6].U_F2_U_S21_add_18_10
                         +       signed     16x7    16                 18  10 FME_PIPE_2.vhd 
   PUs[6].U_F2_U_S20_add_18_10
                         +       signed     16x16   16                 18  10 FME_PIPE_2.vhd 
=============================================================================================
FME_PIPE_2
 U_inter
  csa_tree_PUs_7__U_F2_U_S1_add_18_10_groupi
  module:csa_tree_PUs_7__U_F2_U_S1_add_18_10_group_2
   very_fast       csa_and_adder            16x16   16        318.76                         
---------------------------------------------------------------------------------------------
   PUs[7].U_F2_U_S1_add_18_10
                         +       signed     16x7    16                 18  10 FME_PIPE_2.vhd 
   PUs[7].U_F2_U_S0_add_18_10
                         +       signed     16x16   16                 18  10 FME_PIPE_2.vhd 
=============================================================================================
FME_PIPE_2
 U_inter
  csa_tree_PUs_7__U_F2_U_S21_add_18_10_groupi
  module:csa_tree_PUs_7__U_F2_U_S21_add_18_10_group_2
   very_fast       csa_and_adder            16x16   16        329.68                         
---------------------------------------------------------------------------------------------
   PUs[7].U_F2_U_S21_add_18_10
                         +       signed     16x7    16                 18  10 FME_PIPE_2.vhd 
   PUs[7].U_F2_U_S20_add_18_10
                         +       signed     16x16   16                 18  10 FME_PIPE_2.vhd 
=============================================================================================
FME_PIPE_2
 U_inter
  csa_tree_PUs_8__U_F2_U_S1_add_18_10_groupi
  module:csa_tree_PUs_8__U_F2_U_S1_add_18_10_group_2
   very_fast       csa_and_adder            16x16   16        318.76                         
---------------------------------------------------------------------------------------------
   PUs[8].U_F2_U_S1_add_18_10
                         +       signed     16x7    16                 18  10 FME_PIPE_2.vhd 
   PUs[8].U_F2_U_S0_add_18_10
                         +       signed     16x16   16                 18  10 FME_PIPE_2.vhd 
=============================================================================================
FME_PIPE_2
 U_inter
  csa_tree_PUs_8__U_F2_U_S21_add_18_10_groupi
  module:csa_tree_PUs_8__U_F2_U_S21_add_18_10_group_2
   very_fast       csa_and_adder            16x16   16        329.68                         
---------------------------------------------------------------------------------------------
   PUs[8].U_F2_U_S21_add_18_10
                         +       signed     16x7    16                 18  10 FME_PIPE_2.vhd 
   PUs[8].U_F2_U_S20_add_18_10
                         +       signed     16x16   16                 18  10 FME_PIPE_2.vhd 
=============================================================================================
FME_PIPE_2
 clipping[0].U_clip
  gte_489_34
  module:geq_signed_968_2994
   slow                  >=      signed     11x9    1          13.00  489  34 FME_PIPE_2.vhd 
=============================================================================================
FME_PIPE_2
 clipping[11].U_clip_gte_489_34
 module:geq_signed_968_2996
  slow                   >=      signed     11x9    1          13.00  848  11 FME_PIPE_2.vhd 
=============================================================================================
FME_PIPE_2
 clipping[12].U_clip_gte_489_34
 module:geq_signed_968_2997
  slow                   >=      signed     11x9    1          13.00  848  11 FME_PIPE_2.vhd 
=============================================================================================
FME_PIPE_2
 clipping[14].U_clip_gte_489_34
 module:geq_signed_968_2998
  slow                   >=      signed     11x9    1          13.00  848  11 FME_PIPE_2.vhd 
=============================================================================================
FME_PIPE_2
 clipping[15].U_clip_gte_489_34
 module:geq_signed_968_2999
  slow                   >=      signed     11x9    1          13.00  848  11 FME_PIPE_2.vhd 
=============================================================================================
FME_PIPE_2
 clipping[17].U_clip_gte_489_34
 module:geq_signed_968_3000
  slow                   >=      signed     11x9    1          13.00  848  11 FME_PIPE_2.vhd 
=============================================================================================
FME_PIPE_2
 clipping[18].U_clip_gte_489_34
 module:geq_signed_968_3001
  slow                   >=      signed     11x9    1          13.00  848  11 FME_PIPE_2.vhd 
=============================================================================================
FME_PIPE_2
 clipping[20].U_clip_gte_489_34
 module:geq_signed_968_3002
  slow                   >=      signed     11x9    1          13.00  848  11 FME_PIPE_2.vhd 
=============================================================================================
FME_PIPE_2
 clipping[21].U_clip_gte_489_34
 module:geq_signed_968_3003
  slow                   >=      signed     11x9    1          13.00  848  11 FME_PIPE_2.vhd 
=============================================================================================
FME_PIPE_2
 clipping[23].U_clip_gte_489_34
 module:geq_signed_968_3004
  slow                   >=      signed     11x9    1          13.00  848  11 FME_PIPE_2.vhd 
=============================================================================================
FME_PIPE_2
 clipping[24].U_clip_gte_489_34
 module:geq_signed_968_3005
  slow                   >=      signed     11x9    1          13.00  848  11 FME_PIPE_2.vhd 
=============================================================================================
FME_PIPE_2
 clipping[26].U_clip_gte_489_34
 module:geq_signed_968
  slow                   >=      signed     11x9    1          13.00  848  11 FME_PIPE_2.vhd 
=============================================================================================
FME_PIPE_2
 clipping[2].U_clip
  gte_489_34
  module:geq_signed_968_2989
   slow                  >=      signed     11x9    1          13.00  489  34 FME_PIPE_2.vhd 
=============================================================================================
FME_PIPE_2
 clipping[3].U_clip
  gte_489_34
  module:geq_signed_968_2990
   slow                  >=      signed     11x9    1          13.00  489  34 FME_PIPE_2.vhd 
=============================================================================================
FME_PIPE_2
 clipping[5].U_clip
  gte_489_34
  module:geq_signed_968_2991
   slow                  >=      signed     11x9    1          13.00  489  34 FME_PIPE_2.vhd 
=============================================================================================
FME_PIPE_2
 clipping[6].U_clip
  gte_489_34
  module:geq_signed_968_2992
   slow                  >=      signed     11x9    1          13.00  489  34 FME_PIPE_2.vhd 
=============================================================================================
FME_PIPE_2
 clipping[8].U_clip
  gte_489_34
  module:geq_signed_968_2993
   slow                  >=      signed     11x9    1          13.00  489  34 FME_PIPE_2.vhd 
=============================================================================================
FME_PIPE_2
 clipping[9].U_clip_gte_489_34
 module:geq_signed_968_2995
  slow                   >=      signed     11x9    1          13.00  848  11 FME_PIPE_2.vhd 
=============================================================================================

      Type       CellArea Percentage 
-------------------------------------
datapath modules 25537.72      45.07 
external muxes       0.00       0.00 
others           31128.76      54.93 
-------------------------------------
total            56666.48     100.00 

