============================================================
  Generated by:           Genus(TM) Synthesis Solution 17.10-p007_1
  Generated on:           Nov 21 2019  03:50:32 pm
  Module:                 FME_PIPE_2
  Technology libraries:   CORE65LPSVT 
                          CLOCK65LPSVT 
                          physical_cells 
  Operating conditions:   _nominal_ 
  Interconnect mode:      global
  Area mode:              physical library
============================================================

                                     Leakage   Internal    Net        Dynamic          Total       
                                                                  (Internal+Net) (Leakage+Dynamic) 
           Instance           Cells Power(uW) Power(uW) Power(uW)    Power(uW)       Power(uW)     
---------------------------------------------------------------------------------------------------
FME_PIPE_2                    11251    86.020 25333.305 13672.839      39006.144         39092.163 
  U_inter                      6742    59.126  9100.312  5475.898      14576.211         14635.336 
    PUs[6].U_F2_U_1             240     2.457   140.906   189.365        330.272           332.729 
      addinc_U_S0_add_18_16      73     0.933    53.565    72.893        126.459           127.391 
      addinc_U_S1_add_18_16      80     0.801    43.675    53.070         96.745            97.546 
      U_S2_add_18_10             74     0.605    38.475    48.859         87.333            87.938 
    PUs[0].U_F2_U_1             244     2.435   142.692   187.140        329.832           332.267 
      addinc_U_S0_add_18_16      74     0.888    47.573    65.370        112.943           113.831 
      addinc_U_S1_add_18_16      80     0.789    44.726    54.279         99.005            99.794 
      U_S2_add_18_10             75     0.646    44.871    52.353         97.224            97.870 
    PUs[1].U_F2_U_1             241     2.431   128.592   175.832        304.424           306.855 
      addinc_U_S0_add_18_16      75     0.884    44.458    62.721        107.178           108.062 
      addinc_U_S1_add_18_16      81     0.823    41.372    52.373         93.745            94.568 
      U_S2_add_18_10             73     0.625    38.735    46.589         85.324            85.948 
    PUs[2].U_F2_U_1             241     2.420   136.100   187.892        323.993           326.412 
      addinc_U_S0_add_18_16      75     0.876    46.342    66.154        112.496           113.372 
      addinc_U_S1_add_18_16      81     0.828    43.327    53.518         96.845            97.673 
      U_S2_add_18_10             73     0.616    41.888    52.316         94.204            94.820 
    PUs[4].U_F2_U_1             243     2.392   127.129   172.038        299.167           301.559 
      addinc_U_S0_add_18_16      76     0.884    44.442    62.422        106.864           107.748 
      addinc_U_S1_add_18_16      79     0.783    39.703    49.051         88.754            89.538 
      U_S2_add_18_10             74     0.624    38.687    48.212         86.899            87.523 
    PUs[5].U_F2_U_1             244     2.384   130.481   176.537        307.018           309.402 
      addinc_U_S0_add_18_16      75     0.883    46.193    63.240        109.433           110.316 
      addinc_U_S1_add_18_16      79     0.757    40.291    49.173         89.464            90.220 
      U_S2_add_18_10             74     0.610    37.625    46.415         84.040            84.650 
    PUs[7].U_F2_U_1             239     2.378   127.159   174.276        301.434           303.813 
      addinc_U_S0_add_18_16      73     0.872    43.147    62.630        105.777           106.649 
      addinc_U_S1_add_18_16      79     0.795    38.677    46.170         84.846            85.641 
      U_S2_add_18_10             73     0.598    40.294    49.596         89.890            90.488 
    PUs[3].U_F2_U_1             243     2.377   135.668   183.730        319.399           321.776 
      addinc_U_S0_add_18_16      76     0.878    47.478    65.184        112.662           113.539 
      addinc_U_S1_add_18_16      79     0.773    42.798    53.815         96.613            97.386 
      U_S2_add_18_10             74     0.625    40.742    51.378         92.120            92.746 
    addinc_PUs.._S0_add_18_16    76     0.937    49.859    68.063        117.922           118.859 
    addinc_PUs.._S0_add_18_16    73     0.929    52.645    71.871        124.515           125.444 
    addinc_PUs.._S0_add_18_16    76     0.925    46.085    63.855        109.940           110.865 
    addinc_PUs.._S0_add_18_16    75     0.906    49.743    65.615        115.358           116.264 
    addinc_PUs.._S0_add_18_16    73     0.883    43.674    62.664        106.339           107.221 
    addinc_PUs.._S0_add_18_16    75     0.882    46.077    63.129        109.206           110.088 
    addinc_PUs.._S0_add_18_16    76     0.871    47.073    64.998        112.070           112.941 
    addinc_PUs.._S0_add_18_16    76     0.871    43.769    61.965        105.734           106.605 
    addinc_PUs.._S0_add_18_16    73     0.868    43.938    60.239        104.177           105.044 
    addinc_PUs.._S0_add_18_16    72     0.859    46.229    65.692        111.921           112.779 
    addinc_PUs.._S1_add_18_16    79     0.791    42.591    51.584         94.176            94.966 
    addinc_PUs.._S1_add_18_16    78     0.783    38.160    44.970         83.130            83.913 
    addinc_PUs.._S1_add_18_16    78     0.771    43.182    52.217         95.399            96.170 
    addinc_PUs.._S1_add_18_16    79     0.769    40.646    49.439         90.084            90.854 
    addinc_PUs.._S1_add_18_16    79     0.769    39.655    49.038         88.693            89.462 
    addinc_PUs.._S1_add_18_16    77     0.765    38.569    47.278         85.847            86.611 
    addinc_PUs.._S1_add_18_16    75     0.761    39.272    49.177         88.449            89.210 
    addinc_PUs.._S1_add_18_16    77     0.755    41.469    51.742         93.211            93.966 
    addinc_PUs.._S1_add_18_16    77     0.749    39.618    47.690         87.308            88.057 
    addinc_PUs.._S1_add_18_16    74     0.746    37.848    45.131         82.979            83.725 
    csa_tree_P.._18_10_groupi    95     0.686    79.254   134.796        214.050           214.736 
    csa_tree_P.._18_10_groupi    95     0.685    82.027   137.880        219.907           220.591 
    csa_tree_P.._18_10_groupi    95     0.683    77.607   131.864        209.471           210.155 
    csa_tree_P.._18_10_groupi    95     0.679    80.676   135.170        215.846           216.525 
    csa_tree_P.._18_10_groupi    95     0.679    80.402   133.720        214.122           214.801 
    PUs[4].U_F.._S2_add_18_10    74     0.630    41.035    51.378         92.413            93.043 
    PUs[5].U_F.._S2_add_18_10    74     0.629    38.880    48.212         87.092            87.721 
    csa_tree_P.._18_10_groupi    96     0.627    74.418   112.423        186.840           187.467 
    PUs[1].U_F.._S2_add_18_10    74     0.625    42.862    51.499         94.361            94.987 
    PUs[2].U_F.._S2_add_18_10    73     0.612    38.507    46.176         84.683            85.295 
    PUs[8].U_F.._S2_add_18_10    74     0.610    39.516    50.000         89.515            90.125 
    PUs[6].U_F.._S2_add_18_10    73     0.605    37.077    46.003         83.080            83.685 
    PUs[3].U_F.._S2_add_18_10    73     0.602    41.428    51.769         93.197            93.800 
    PUs[7].U_F.._S2_add_18_10    73     0.597    37.986    48.531         86.517            87.114 
    PUs[0].U_F.._S2_add_18_10    73     0.594    36.260    45.745         82.005            82.599 
    PUs[8].U_F.._S2_add_18_10    72     0.583    39.308    48.733         88.041            88.624 
    csa_tree_P.._18_10_groupi   100     0.515    65.528    85.809        151.337           151.852 
    csa_tree_P.._18_10_groupi   100     0.515    64.202    85.905        150.108           150.623 
    csa_tree_P.._18_10_groupi   100     0.515    62.566    83.052        145.618           146.133 
    csa_tree_P.._18_10_groupi   100     0.515    62.300    81.946        144.246           144.761 
    csa_tree_P.._18_10_groupi   100     0.513    62.380    84.416        146.796           147.310 
    csa_tree_P.._18_10_groupi   100     0.513    61.657    80.866        142.523           143.036 
    csa_tree_P.._18_10_groupi    98     0.465    57.260    78.562        135.822           136.287 
    csa_tree_P.._18_10_groupi    98     0.463    55.505    75.877        131.381           131.845 
    csa_tree_P.._18_10_groupi    98     0.463    57.491    78.295        135.786           136.249 
    csa_tree_P.._18_10_groupi    98     0.462    55.006    75.273        130.279           130.741 
    csa_tree_P.._18_10_groupi    98     0.461    60.654    83.545        144.199           144.660 
    csa_tree_P.._18_10_groupi    98     0.458    57.158    77.862        135.019           135.477 
    PUs[8].U_F2_U_p4             16     0.159   154.809    11.404        166.213           166.371 
    PUs[3].U_F2_U_p4             16     0.159   153.706    11.171        164.877           165.036 
    PUs[4].U_F2_U_p1             16     0.159   153.709    12.872        166.581           166.740 
    PUs[5].U_F2_U_p4             16     0.159   154.215    11.132        165.347           165.505 
    PUs[6].U_F2_U_p1             16     0.159   154.218    12.596        166.814           166.973 
    PUs[4].U_F2_U_p4             16     0.159   152.714    10.668        163.382           163.540 
    PUs[5].U_F2_U_p1             16     0.159   152.716    11.944        164.660           164.819 
    PUs[0].U_F2_U_p4             16     0.158   154.036    11.661        165.697           165.855 
    PUs[1].U_F2_U_p1             16     0.158   154.037    12.491        166.528           166.686 
    PUs[1].U_F2_U_p4             16     0.158   155.087    12.252        167.339           167.498 
    PUs[2].U_F2_U_p1             16     0.158   155.088    13.082        168.170           168.328 
    PUs[0].U_F2_U_p1             16     0.158   154.377    13.606        167.983           168.141 
    PUs[2].U_F2_U_p4             16     0.158   154.425    11.853        166.278           166.436 
    PUs[3].U_F2_U_p1             16     0.158   154.427    12.710        167.136           167.295 
    PUs[7].U_F2_U_p4             16     0.158   152.356    10.419        162.775           162.933 
    PUs[8].U_F2_U_p1             16     0.158   152.359    12.144        164.503           164.661 
    PUs[6].U_F2_U_p4             16     0.158   154.391    11.475        165.865           166.024 
    PUs[7].U_F2_U_p1             16     0.158   154.394    13.298        167.692           167.850 
    PUs[8].U_F2_U_p2             15     0.137   132.451     9.261        141.712           141.849 
    PUs[1].U_F2_U_p2             15     0.137   132.967     9.813        142.780           142.917 
    PUs[2].U_F2_U_p3             15     0.137   132.969    10.962        143.930           144.068 
    PUs[4].U_F2_U_p2             15     0.137   130.856     8.445        139.302           139.439 
    PUs[5].U_F2_U_p3             15     0.137   130.855     8.805        139.661           139.798 
    PUs[2].U_F2_U_p2             15     0.137   132.613     9.558        142.171           142.308 
    PUs[3].U_F2_U_p3             15     0.137   132.611     9.449        142.060           142.197 
    PUs[0].U_F2_U_p3             15     0.137   132.970    10.979        143.948           144.085 
    PUs[5].U_F2_U_p2             15     0.137   132.453     9.172        141.624           141.761 
    PUs[6].U_F2_U_p3             15     0.137   132.451     9.545        141.997           142.134 
    PUs[0].U_F2_U_p2             15     0.137   133.644     9.891        143.535           143.672 
    PUs[1].U_F2_U_p3             15     0.137   133.646    11.132        144.778           144.915 
    PUs[6].U_F2_U_p2             15     0.137   133.184     9.702        142.885           143.022 
    PUs[7].U_F2_U_p3             15     0.137   133.182     9.842        143.024           143.161 
    PUs[3].U_F2_U_p2             15     0.137   132.346     9.220        141.567           141.704 
    PUs[4].U_F2_U_p3             15     0.137   132.345     9.514        141.859           141.995 
    PUs[7].U_F2_U_p2             15     0.137   131.062     8.714        139.775           139.912 
    PUs[8].U_F2_U_p3             15     0.137   131.060     8.978        140.039           140.175 
    PUs[5].U_F2_U_S10             3     0.017     2.413     1.945          4.358             4.375 
      addinc_add_41_28            3     0.017     2.413     1.945          4.358             4.375 
    PUs[4].U_F2_U_S10             3     0.017     2.150     1.806          3.956             3.973 
      addinc_add_41_28            3     0.017     2.150     1.806          3.956             3.973 
    PUs[2].U_F2_U_S10             3     0.017     2.290     1.861          4.151             4.168 
      addinc_add_41_28            3     0.017     2.290     1.861          4.151             4.168 
    PUs[3].U_F2_U_S10             3     0.017     2.159     1.762          3.921             3.938 
      addinc_add_41_28            3     0.017     2.159     1.762          3.921             3.938 
    PUs[6].U_F2_U_S10             3     0.017     2.208     1.848          4.056             4.074 
      addinc_add_41_28            3     0.017     2.208     1.848          4.056             4.074 
    PUs[1].U_F2_U_S10             3     0.017     1.872     1.613          3.485             3.503 
      addinc_add_41_28            3     0.017     1.872     1.613          3.485             3.503 
    PUs[0].U_F2_U_S10             3     0.017     2.108     1.729          3.837             3.854 
      addinc_add_41_28            3     0.017     2.108     1.729          3.837             3.854 
    PUs[7].U_F2_U_S10             3     0.017     2.115     1.681          3.796             3.813 
      addinc_add_41_28            3     0.017     2.115     1.681          3.796             3.813 
    PUs[8].U_F2_U_S10             3     0.017     2.225     1.824          4.049             4.067 
      addinc_add_41_28            3     0.017     2.225     1.824          4.049             4.067 
  U_buffer                     3600    18.009 13137.059  4356.583      17493.642         17511.651 
  U_crtl                         94     0.566   221.391    49.987        271.378           271.944 
    inc_add_722_29                9     0.041     0.674     0.534          1.208             1.249 
    inc_add_692_29                8     0.036     0.945     0.771          1.715             1.751 
    inc_add_707_29                8     0.036     0.621     0.511          1.132             1.167 
    lt_627_18                     2     0.011     0.055     0.036          0.091             0.103 
    lt_620_18                     2     0.011     0.126     0.090          0.215             0.226 
    lt_634_18                     2     0.010     0.000     0.000          0.000             0.010 
  clipping[0].U_clip             12     0.049     7.777     7.038         14.815            14.864 
    gte_489_34                    4     0.009     1.559     3.312          4.871             4.880 
  clipping[5].U_clip             12     0.048     6.814     6.642         13.456            13.504 
    gte_489_34                    4     0.009     1.502     3.441          4.943             4.952 
  clipping[2].U_clip             12     0.048     6.693     6.213         12.906            12.954 
    gte_489_34                    4     0.009     1.514     3.105          4.619             4.628 
  clipping[6].U_clip             12     0.048     7.395     6.786         14.181            14.229 
    gte_489_34                    4     0.009     1.483     3.230          4.713             4.721 
  clipping[3].U_clip             12     0.048     6.864     6.453         13.318            13.366 
    gte_489_34                    4     0.009     1.498     3.222          4.720             4.728 
  clipping[8].U_clip             12     0.048     7.258     6.761         14.019            14.068 
    gte_489_34                    4     0.009     1.525     3.313          4.838             4.847 
  clipping[1].U_clip              3     0.015     1.490     0.897          2.387             2.402 
  clipping[25].U_clip             3     0.014     1.584     0.990          2.574             2.588 
  clipping[22].U_clip             3     0.014     1.622     1.005          2.627             2.642 
  clipping[16].U_clip             3     0.014     1.523     0.943          2.467             2.481 
  clipping[4].U_clip              3     0.014     1.366     0.819          2.186             2.200 
  clipping[13].U_clip             3     0.014     1.301     0.804          2.105             2.120 
  clipping[10].U_clip             3     0.014     1.178     0.727          1.904             1.919 
  clipping[19].U_clip             3     0.014     1.478     0.912          2.391             2.405 
  clipping[7].U_clip              3     0.014     1.291     0.773          2.064             2.078 
  clipping[2..ip_gte_489_34       4     0.009     1.527     3.413          4.940             4.949 
  clipping[9..ip_gte_489_34       4     0.009     1.448     3.218          4.666             4.675 
  clipping[2..ip_gte_489_34       4     0.009     1.421     3.005          4.425             4.435 
  clipping[1..ip_gte_489_34       4     0.009     1.530     3.347          4.877             4.886 
  clipping[2..ip_gte_489_34       4     0.009     1.498     3.295          4.792             4.801 
  clipping[1..ip_gte_489_34       4     0.009     1.535     3.335          4.869             4.878 
  clipping[1..ip_gte_489_34       4     0.009     1.393     2.941          4.334             4.343 
  clipping[1..ip_gte_489_34       4     0.009     1.298     2.992          4.290             4.299 
  clipping[2..ip_gte_489_34       4     0.009     1.344     2.947          4.291             4.299 
  clipping[2..ip_gte_489_34       4     0.009     1.494     3.349          4.843             4.852 
  clipping[1..ip_gte_489_34       4     0.008     1.420     3.236          4.656             4.665 
  clipping[1..ip_gte_489_34       4     0.008     1.400     3.159          4.559             4.568 

