============================================================
  Generated by:           Genus(TM) Synthesis Solution 17.10-p007_1
  Generated on:           Nov 21 2019  03:50:32 pm
  Module:                 FME_PIPE_2
  Technology libraries:   CORE65LPSVT 
                          CLOCK65LPSVT 
                          physical_cells 
  Operating conditions:   _nominal_ 
  Interconnect mode:      global
  Area mode:              physical library
============================================================

                                   Leakage   Dynamic    Total   
          Instance          Cells Power(uW) Power(uW) Power(uW) 
----------------------------------------------------------------
FME_PIPE_2                  11251    86.020 39006.144 39092.163 
  U_inter                    6742    59.126 14576.211 14635.336 
  U_buffer                   3600    18.009 17493.642 17511.651 
  U_crtl                       94     0.566   271.378   271.944 
  clipping[0].U_clip           12     0.049    14.815    14.864 
  clipping[5].U_clip           12     0.048    13.456    13.504 
  clipping[2].U_clip           12     0.048    12.906    12.954 
  clipping[6].U_clip           12     0.048    14.181    14.229 
  clipping[3].U_clip           12     0.048    13.318    13.366 
  clipping[8].U_clip           12     0.048    14.019    14.068 
  clipping[1].U_clip            3     0.015     2.387     2.402 
  clipping[25].U_clip           3     0.014     2.574     2.588 
  clipping[22].U_clip           3     0.014     2.627     2.642 
  clipping[16].U_clip           3     0.014     2.467     2.481 
  clipping[4].U_clip            3     0.014     2.186     2.200 
  clipping[13].U_clip           3     0.014     2.105     2.120 
  clipping[10].U_clip           3     0.014     1.904     1.919 
  clipping[19].U_clip           3     0.014     2.391     2.405 
  clipping[7].U_clip            3     0.014     2.064     2.078 
  clipping[2..ip_gte_489_34     4     0.009     4.940     4.949 
  clipping[9..ip_gte_489_34     4     0.009     4.666     4.675 
  clipping[2..ip_gte_489_34     4     0.009     4.425     4.435 
  clipping[1..ip_gte_489_34     4     0.009     4.877     4.886 
  clipping[2..ip_gte_489_34     4     0.009     4.792     4.801 
  clipping[1..ip_gte_489_34     4     0.009     4.869     4.878 
  clipping[1..ip_gte_489_34     4     0.009     4.334     4.343 
  clipping[1..ip_gte_489_34     4     0.009     4.290     4.299 
  clipping[2..ip_gte_489_34     4     0.009     4.291     4.299 
  clipping[2..ip_gte_489_34     4     0.009     4.843     4.852 
  clipping[1..ip_gte_489_34     4     0.008     4.656     4.665 
  clipping[1..ip_gte_489_34     4     0.008     4.559     4.568 

