============================================================
  Generated by:           Genus(TM) Synthesis Solution 17.10-p007_1
  Generated on:           Mar 03 2020  05:20:48 pm
  Module:                 INTER_2
  Technology libraries:   CORE65LPSVT 
                          CLOCK65LPSVT 
                          physical_cells 
  Operating conditions:   _nominal_ 
  Interconnect mode:      global
  Area mode:              physical library
============================================================

              Instance                             Module                 Cells  Cell Area  Net Area   Total Area 
------------------------------------------------------------------------------------------------------------------
INTER_2                                                                   30298     170541     64347       234887 
  gen_filter[64].U_S0               filter_2_bit_width10_64                 428       2251       845         3095 
    csa_tree_U_S21_add_18_10_groupi csa_tree_U_S21_add_18_10_group_12_61     54        427        98          526 
    csa_tree_U_S1_add_18_10_groupi  csa_tree_U_S1_add_18_10_group_14_61      54        427        98          526 
    addinc_U_1_U_S0_add_18_16       add_signed_carry_2675                    75        343       123          467 
    addinc_U_0_U_S0_add_18_16       add_signed_carry_2674                    75        343       123          467 
    addinc_U_1_U_S1_add_18_16       add_signed_carry_24_2546                 61        281        92          374 
    addinc_U_0_U_S1_add_18_16       add_signed_carry_24_2545                 61        281        92          374 
    U_S10                           somador_n_np1_bit_width8_64               3         24         3           27 
      addinc_add_41_28              add_unsigned_carry_3324                   3         24         3           27 
  gen_filter[0].U_S0                filter_2_bit_width10                    428       2251       845         3095 
    csa_tree_U_S21_add_18_10_groupi csa_tree_U_S21_add_18_10_group_12        54        427        98          526 
    csa_tree_U_S1_add_18_10_groupi  csa_tree_U_S1_add_18_10_group_14         54        427        98          526 
    addinc_U_1_U_S0_add_18_16       add_signed_carry                         75        343       123          467 
    addinc_U_0_U_S0_add_18_16       add_signed_carry_2796                    75        343       123          467 
    addinc_U_1_U_S1_add_18_16       add_signed_carry_24                      61        281        92          374 
    addinc_U_0_U_S1_add_18_16       add_signed_carry_24_2667                 61        281        92          374 
    U_S10                           somador_n_np1_bit_width8                  3         24         3           27 
      addinc_add_41_28              add_unsigned_carry                        3         24         3           27 
  gen_filter[63].U_S0               filter_2_bit_width10_63                 427       2251       838         3088 
    csa_tree_U_S21_add_18_10_groupi csa_tree_U_S21_add_18_10_group_12_60     54        427        98          526 
    csa_tree_U_S1_add_18_10_groupi  csa_tree_U_S1_add_18_10_group_14_60      54        427        98          526 
    addinc_U_1_U_S0_add_18_16       add_signed_carry_2677                    75        343       123          467 
    addinc_U_0_U_S0_add_18_16       add_signed_carry_2676                    75        343       123          467 
    addinc_U_1_U_S1_add_18_16       add_signed_carry_24_2548                 61        281        92          374 
    addinc_U_0_U_S1_add_18_16       add_signed_carry_24_2547                 61        281        92          374 
    U_S10                           somador_n_np1_bit_width8_63               3         24         3           27 
      addinc_add_41_28              add_unsigned_carry_3325                   3         24         3           27 
  gen_filter[62].U_S0               filter_2_bit_width10_62                 427       2251       838         3088 
    csa_tree_U_S21_add_18_10_groupi csa_tree_U_S21_add_18_10_group_12_59     54        427        98          526 
    csa_tree_U_S1_add_18_10_groupi  csa_tree_U_S1_add_18_10_group_14_59      54        427        98          526 
    addinc_U_1_U_S0_add_18_16       add_signed_carry_2679                    75        343       123          467 
    addinc_U_0_U_S0_add_18_16       add_signed_carry_2678                    75        343       123          467 
    addinc_U_1_U_S1_add_18_16       add_signed_carry_24_2550                 61        281        92          374 
    addinc_U_0_U_S1_add_18_16       add_signed_carry_24_2549                 61        281        92          374 
    U_S10                           somador_n_np1_bit_width8_62               3         24         3           27 
      addinc_add_41_28              add_unsigned_carry_3326                   3         24         3           27 
  gen_filter[61].U_S0               filter_2_bit_width10_61                 427       2251       838         3088 
    csa_tree_U_S21_add_18_10_groupi csa_tree_U_S21_add_18_10_group_12_58     54        427        98          526 
    csa_tree_U_S1_add_18_10_groupi  csa_tree_U_S1_add_18_10_group_14_58      54        427        98          526 
    addinc_U_1_U_S0_add_18_16       add_signed_carry_2681                    75        343       123          467 
    addinc_U_0_U_S0_add_18_16       add_signed_carry_2680                    75        343       123          467 
    addinc_U_1_U_S1_add_18_16       add_signed_carry_24_2552                 61        281        92          374 
    addinc_U_0_U_S1_add_18_16       add_signed_carry_24_2551                 61        281        92          374 
    U_S10                           somador_n_np1_bit_width8_61               3         24         3           27 
      addinc_add_41_28              add_unsigned_carry_3327                   3         24         3           27 
  gen_filter[60].U_S0               filter_2_bit_width10_60                 427       2251       838         3088 
    csa_tree_U_S21_add_18_10_groupi csa_tree_U_S21_add_18_10_group_12_57     54        427        98          526 
    csa_tree_U_S1_add_18_10_groupi  csa_tree_U_S1_add_18_10_group_14_57      54        427        98          526 
    addinc_U_1_U_S0_add_18_16       add_signed_carry_2683                    75        343       123          467 
    addinc_U_0_U_S0_add_18_16       add_signed_carry_2682                    75        343       123          467 
    addinc_U_1_U_S1_add_18_16       add_signed_carry_24_2554                 61        281        92          374 
    addinc_U_0_U_S1_add_18_16       add_signed_carry_24_2553                 61        281        92          374 
    U_S10                           somador_n_np1_bit_width8_60               3         24         3           27 
      addinc_add_41_28              add_unsigned_carry_3328                   3         24         3           27 
  gen_filter[59].U_S0               filter_2_bit_width10_59                 427       2251       838         3088 
    csa_tree_U_S21_add_18_10_groupi csa_tree_U_S21_add_18_10_group_12_55     54        427        98          526 
    csa_tree_U_S1_add_18_10_groupi  csa_tree_U_S1_add_18_10_group_14_55      54        427        98          526 
    addinc_U_1_U_S0_add_18_16       add_signed_carry_2687                    75        343       123          467 
    addinc_U_0_U_S0_add_18_16       add_signed_carry_2686                    75        343       123          467 
    addinc_U_1_U_S1_add_18_16       add_signed_carry_24_2558                 61        281        92          374 
    addinc_U_0_U_S1_add_18_16       add_signed_carry_24_2557                 61        281        92          374 
    U_S10                           somador_n_np1_bit_width8_59               3         24         3           27 
      addinc_add_41_28              add_unsigned_carry_3330                   3         24         3           27 
  gen_filter[58].U_S0               filter_2_bit_width10_58                 427       2251       838         3088 
    csa_tree_U_S21_add_18_10_groupi csa_tree_U_S21_add_18_10_group_12_54     54        427        98          526 
    csa_tree_U_S1_add_18_10_groupi  csa_tree_U_S1_add_18_10_group_14_54      54        427        98          526 
    addinc_U_1_U_S0_add_18_16       add_signed_carry_2689                    75        343       123          467 
    addinc_U_0_U_S0_add_18_16       add_signed_carry_2688                    75        343       123          467 
    addinc_U_1_U_S1_add_18_16       add_signed_carry_24_2560                 61        281        92          374 
    addinc_U_0_U_S1_add_18_16       add_signed_carry_24_2559                 61        281        92          374 
    U_S10                           somador_n_np1_bit_width8_58               3         24         3           27 
      addinc_add_41_28              add_unsigned_carry_3331                   3         24         3           27 
  gen_filter[57].U_S0               filter_2_bit_width10_57                 427       2251       838         3088 
    csa_tree_U_S21_add_18_10_groupi csa_tree_U_S21_add_18_10_group_12_53     54        427        98          526 
    csa_tree_U_S1_add_18_10_groupi  csa_tree_U_S1_add_18_10_group_14_53      54        427        98          526 
    addinc_U_1_U_S0_add_18_16       add_signed_carry_2691                    75        343       123          467 
    addinc_U_0_U_S0_add_18_16       add_signed_carry_2690                    75        343       123          467 
    addinc_U_1_U_S1_add_18_16       add_signed_carry_24_2562                 61        281        92          374 
    addinc_U_0_U_S1_add_18_16       add_signed_carry_24_2561                 61        281        92          374 
    U_S10                           somador_n_np1_bit_width8_57               3         24         3           27 
      addinc_add_41_28              add_unsigned_carry_3332                   3         24         3           27 
  gen_filter[56].U_S0               filter_2_bit_width10_56                 427       2251       838         3088 
    csa_tree_U_S21_add_18_10_groupi csa_tree_U_S21_add_18_10_group_12_52     54        427        98          526 
    csa_tree_U_S1_add_18_10_groupi  csa_tree_U_S1_add_18_10_group_14_52      54        427        98          526 
    addinc_U_1_U_S0_add_18_16       add_signed_carry_2693                    75        343       123          467 
    addinc_U_0_U_S0_add_18_16       add_signed_carry_2692                    75        343       123          467 
    addinc_U_1_U_S1_add_18_16       add_signed_carry_24_2564                 61        281        92          374 
    addinc_U_0_U_S1_add_18_16       add_signed_carry_24_2563                 61        281        92          374 
    U_S10                           somador_n_np1_bit_width8_56               3         24         3           27 
      addinc_add_41_28              add_unsigned_carry_3333                   3         24         3           27 
  gen_filter[55].U_S0               filter_2_bit_width10_55                 427       2251       838         3088 
    csa_tree_U_S21_add_18_10_groupi csa_tree_U_S21_add_18_10_group_12_51     54        427        98          526 
    csa_tree_U_S1_add_18_10_groupi  csa_tree_U_S1_add_18_10_group_14_51      54        427        98          526 
    addinc_U_1_U_S0_add_18_16       add_signed_carry_2695                    75        343       123          467 
    addinc_U_0_U_S0_add_18_16       add_signed_carry_2694                    75        343       123          467 
    addinc_U_1_U_S1_add_18_16       add_signed_carry_24_2566                 61        281        92          374 
    addinc_U_0_U_S1_add_18_16       add_signed_carry_24_2565                 61        281        92          374 
    U_S10                           somador_n_np1_bit_width8_55               3         24         3           27 
      addinc_add_41_28              add_unsigned_carry_3334                   3         24         3           27 
  gen_filter[54].U_S0               filter_2_bit_width10_54                 427       2251       838         3088 
    csa_tree_U_S21_add_18_10_groupi csa_tree_U_S21_add_18_10_group_12_50     54        427        98          526 
    csa_tree_U_S1_add_18_10_groupi  csa_tree_U_S1_add_18_10_group_14_50      54        427        98          526 
    addinc_U_1_U_S0_add_18_16       add_signed_carry_2697                    75        343       123          467 
    addinc_U_0_U_S0_add_18_16       add_signed_carry_2696                    75        343       123          467 
    addinc_U_1_U_S1_add_18_16       add_signed_carry_24_2568                 61        281        92          374 
    addinc_U_0_U_S1_add_18_16       add_signed_carry_24_2567                 61        281        92          374 
    U_S10                           somador_n_np1_bit_width8_54               3         24         3           27 
      addinc_add_41_28              add_unsigned_carry_3335                   3         24         3           27 
  gen_filter[53].U_S0               filter_2_bit_width10_53                 427       2251       838         3088 
    csa_tree_U_S21_add_18_10_groupi csa_tree_U_S21_add_18_10_group_12_49     54        427        98          526 
    csa_tree_U_S1_add_18_10_groupi  csa_tree_U_S1_add_18_10_group_14_49      54        427        98          526 
    addinc_U_1_U_S0_add_18_16       add_signed_carry_2699                    75        343       123          467 
    addinc_U_0_U_S0_add_18_16       add_signed_carry_2698                    75        343       123          467 
    addinc_U_1_U_S1_add_18_16       add_signed_carry_24_2570                 61        281        92          374 
    addinc_U_0_U_S1_add_18_16       add_signed_carry_24_2569                 61        281        92          374 
    U_S10                           somador_n_np1_bit_width8_53               3         24         3           27 
      addinc_add_41_28              add_unsigned_carry_3336                   3         24         3           27 
  gen_filter[52].U_S0               filter_2_bit_width10_52                 427       2251       838         3088 
    csa_tree_U_S21_add_18_10_groupi csa_tree_U_S21_add_18_10_group_12_48     54        427        98          526 
    csa_tree_U_S1_add_18_10_groupi  csa_tree_U_S1_add_18_10_group_14_48      54        427        98          526 
    addinc_U_1_U_S0_add_18_16       add_signed_carry_2701                    75        343       123          467 
    addinc_U_0_U_S0_add_18_16       add_signed_carry_2700                    75        343       123          467 
    addinc_U_1_U_S1_add_18_16       add_signed_carry_24_2572                 61        281        92          374 
    addinc_U_0_U_S1_add_18_16       add_signed_carry_24_2571                 61        281        92          374 
    U_S10                           somador_n_np1_bit_width8_52               3         24         3           27 
      addinc_add_41_28              add_unsigned_carry_3337                   3         24         3           27 
  gen_filter[51].U_S0               filter_2_bit_width10_51                 427       2251       838         3088 
    csa_tree_U_S21_add_18_10_groupi csa_tree_U_S21_add_18_10_group_12_47     54        427        98          526 
    csa_tree_U_S1_add_18_10_groupi  csa_tree_U_S1_add_18_10_group_14_47      54        427        98          526 
    addinc_U_1_U_S0_add_18_16       add_signed_carry_2703                    75        343       123          467 
    addinc_U_0_U_S0_add_18_16       add_signed_carry_2702                    75        343       123          467 
    addinc_U_1_U_S1_add_18_16       add_signed_carry_24_2574                 61        281        92          374 
    addinc_U_0_U_S1_add_18_16       add_signed_carry_24_2573                 61        281        92          374 
    U_S10                           somador_n_np1_bit_width8_51               3         24         3           27 
      addinc_add_41_28              add_unsigned_carry_3338                   3         24         3           27 
  gen_filter[50].U_S0               filter_2_bit_width10_50                 427       2251       838         3088 
    csa_tree_U_S21_add_18_10_groupi csa_tree_U_S21_add_18_10_group_12_46     54        427        98          526 
    csa_tree_U_S1_add_18_10_groupi  csa_tree_U_S1_add_18_10_group_14_46      54        427        98          526 
    addinc_U_1_U_S0_add_18_16       add_signed_carry_2705                    75        343       123          467 
    addinc_U_0_U_S0_add_18_16       add_signed_carry_2704                    75        343       123          467 
    addinc_U_1_U_S1_add_18_16       add_signed_carry_24_2576                 61        281        92          374 
    addinc_U_0_U_S1_add_18_16       add_signed_carry_24_2575                 61        281        92          374 
    U_S10                           somador_n_np1_bit_width8_50               3         24         3           27 
      addinc_add_41_28              add_unsigned_carry_3339                   3         24         3           27 
  gen_filter[49].U_S0               filter_2_bit_width10_49                 427       2251       838         3088 
    csa_tree_U_S21_add_18_10_groupi csa_tree_U_S21_add_18_10_group_12_44     54        427        98          526 
    csa_tree_U_S1_add_18_10_groupi  csa_tree_U_S1_add_18_10_group_14_44      54        427        98          526 
    addinc_U_1_U_S0_add_18_16       add_signed_carry_2709                    75        343       123          467 
    addinc_U_0_U_S0_add_18_16       add_signed_carry_2708                    75        343       123          467 
    addinc_U_1_U_S1_add_18_16       add_signed_carry_24_2580                 61        281        92          374 
    addinc_U_0_U_S1_add_18_16       add_signed_carry_24_2579                 61        281        92          374 
    U_S10                           somador_n_np1_bit_width8_49               3         24         3           27 
      addinc_add_41_28              add_unsigned_carry_3341                   3         24         3           27 
  gen_filter[48].U_S0               filter_2_bit_width10_48                 427       2251       838         3088 
    csa_tree_U_S21_add_18_10_groupi csa_tree_U_S21_add_18_10_group_12_43     54        427        98          526 
    csa_tree_U_S1_add_18_10_groupi  csa_tree_U_S1_add_18_10_group_14_43      54        427        98          526 
    addinc_U_1_U_S0_add_18_16       add_signed_carry_2711                    75        343       123          467 
    addinc_U_0_U_S0_add_18_16       add_signed_carry_2710                    75        343       123          467 
    addinc_U_1_U_S1_add_18_16       add_signed_carry_24_2582                 61        281        92          374 
    addinc_U_0_U_S1_add_18_16       add_signed_carry_24_2581                 61        281        92          374 
    U_S10                           somador_n_np1_bit_width8_48               3         24         3           27 
      addinc_add_41_28              add_unsigned_carry_3342                   3         24         3           27 
  gen_filter[47].U_S0               filter_2_bit_width10_47                 427       2251       838         3088 
    csa_tree_U_S21_add_18_10_groupi csa_tree_U_S21_add_18_10_group_12_42     54        427        98          526 
    csa_tree_U_S1_add_18_10_groupi  csa_tree_U_S1_add_18_10_group_14_42      54        427        98          526 
    addinc_U_1_U_S0_add_18_16       add_signed_carry_2713                    75        343       123          467 
    addinc_U_0_U_S0_add_18_16       add_signed_carry_2712                    75        343       123          467 
    addinc_U_1_U_S1_add_18_16       add_signed_carry_24_2584                 61        281        92          374 
    addinc_U_0_U_S1_add_18_16       add_signed_carry_24_2583                 61        281        92          374 
    U_S10                           somador_n_np1_bit_width8_47               3         24         3           27 
      addinc_add_41_28              add_unsigned_carry_3343                   3         24         3           27 
  gen_filter[46].U_S0               filter_2_bit_width10_46                 427       2251       838         3088 
    csa_tree_U_S21_add_18_10_groupi csa_tree_U_S21_add_18_10_group_12_41     54        427        98          526 
    csa_tree_U_S1_add_18_10_groupi  csa_tree_U_S1_add_18_10_group_14_41      54        427        98          526 
    addinc_U_1_U_S0_add_18_16       add_signed_carry_2715                    75        343       123          467 
    addinc_U_0_U_S0_add_18_16       add_signed_carry_2714                    75        343       123          467 
    addinc_U_1_U_S1_add_18_16       add_signed_carry_24_2586                 61        281        92          374 
    addinc_U_0_U_S1_add_18_16       add_signed_carry_24_2585                 61        281        92          374 
    U_S10                           somador_n_np1_bit_width8_46               3         24         3           27 
      addinc_add_41_28              add_unsigned_carry_3344                   3         24         3           27 
  gen_filter[45].U_S0               filter_2_bit_width10_45                 427       2251       838         3088 
    csa_tree_U_S21_add_18_10_groupi csa_tree_U_S21_add_18_10_group_12_40     54        427        98          526 
    csa_tree_U_S1_add_18_10_groupi  csa_tree_U_S1_add_18_10_group_14_40      54        427        98          526 
    addinc_U_1_U_S0_add_18_16       add_signed_carry_2717                    75        343       123          467 
    addinc_U_0_U_S0_add_18_16       add_signed_carry_2716                    75        343       123          467 
    addinc_U_1_U_S1_add_18_16       add_signed_carry_24_2588                 61        281        92          374 
    addinc_U_0_U_S1_add_18_16       add_signed_carry_24_2587                 61        281        92          374 
    U_S10                           somador_n_np1_bit_width8_45               3         24         3           27 
      addinc_add_41_28              add_unsigned_carry_3345                   3         24         3           27 
  gen_filter[44].U_S0               filter_2_bit_width10_44                 427       2251       838         3088 
    csa_tree_U_S21_add_18_10_groupi csa_tree_U_S21_add_18_10_group_12_39     54        427        98          526 
    csa_tree_U_S1_add_18_10_groupi  csa_tree_U_S1_add_18_10_group_14_39      54        427        98          526 
    addinc_U_1_U_S0_add_18_16       add_signed_carry_2719                    75        343       123          467 
    addinc_U_0_U_S0_add_18_16       add_signed_carry_2718                    75        343       123          467 
    addinc_U_1_U_S1_add_18_16       add_signed_carry_24_2590                 61        281        92          374 
    addinc_U_0_U_S1_add_18_16       add_signed_carry_24_2589                 61        281        92          374 
    U_S10                           somador_n_np1_bit_width8_44               3         24         3           27 
      addinc_add_41_28              add_unsigned_carry_3346                   3         24         3           27 
  gen_filter[43].U_S0               filter_2_bit_width10_43                 427       2251       838         3088 
    csa_tree_U_S21_add_18_10_groupi csa_tree_U_S21_add_18_10_group_12_38     54        427        98          526 
    csa_tree_U_S1_add_18_10_groupi  csa_tree_U_S1_add_18_10_group_14_38      54        427        98          526 
    addinc_U_1_U_S0_add_18_16       add_signed_carry_2721                    75        343       123          467 
    addinc_U_0_U_S0_add_18_16       add_signed_carry_2720                    75        343       123          467 
    addinc_U_1_U_S1_add_18_16       add_signed_carry_24_2592                 61        281        92          374 
    addinc_U_0_U_S1_add_18_16       add_signed_carry_24_2591                 61        281        92          374 
    U_S10                           somador_n_np1_bit_width8_43               3         24         3           27 
      addinc_add_41_28              add_unsigned_carry_3347                   3         24         3           27 
  gen_filter[42].U_S0               filter_2_bit_width10_42                 427       2251       838         3088 
    csa_tree_U_S21_add_18_10_groupi csa_tree_U_S21_add_18_10_group_12_37     54        427        98          526 
    csa_tree_U_S1_add_18_10_groupi  csa_tree_U_S1_add_18_10_group_14_37      54        427        98          526 
    addinc_U_1_U_S0_add_18_16       add_signed_carry_2723                    75        343       123          467 
    addinc_U_0_U_S0_add_18_16       add_signed_carry_2722                    75        343       123          467 
    addinc_U_1_U_S1_add_18_16       add_signed_carry_24_2594                 61        281        92          374 
    addinc_U_0_U_S1_add_18_16       add_signed_carry_24_2593                 61        281        92          374 
    U_S10                           somador_n_np1_bit_width8_42               3         24         3           27 
      addinc_add_41_28              add_unsigned_carry_3348                   3         24         3           27 
  gen_filter[41].U_S0               filter_2_bit_width10_41                 427       2251       838         3088 
    csa_tree_U_S21_add_18_10_groupi csa_tree_U_S21_add_18_10_group_12_36     54        427        98          526 
    csa_tree_U_S1_add_18_10_groupi  csa_tree_U_S1_add_18_10_group_14_36      54        427        98          526 
    addinc_U_1_U_S0_add_18_16       add_signed_carry_2725                    75        343       123          467 
    addinc_U_0_U_S0_add_18_16       add_signed_carry_2724                    75        343       123          467 
    addinc_U_1_U_S1_add_18_16       add_signed_carry_24_2596                 61        281        92          374 
    addinc_U_0_U_S1_add_18_16       add_signed_carry_24_2595                 61        281        92          374 
    U_S10                           somador_n_np1_bit_width8_41               3         24         3           27 
      addinc_add_41_28              add_unsigned_carry_3349                   3         24         3           27 
  gen_filter[40].U_S0               filter_2_bit_width10_40                 427       2251       838         3088 
    csa_tree_U_S21_add_18_10_groupi csa_tree_U_S21_add_18_10_group_12_35     54        427        98          526 
    csa_tree_U_S1_add_18_10_groupi  csa_tree_U_S1_add_18_10_group_14_35      54        427        98          526 
    addinc_U_1_U_S0_add_18_16       add_signed_carry_2727                    75        343       123          467 
    addinc_U_0_U_S0_add_18_16       add_signed_carry_2726                    75        343       123          467 
    addinc_U_1_U_S1_add_18_16       add_signed_carry_24_2598                 61        281        92          374 
    addinc_U_0_U_S1_add_18_16       add_signed_carry_24_2597                 61        281        92          374 
    U_S10                           somador_n_np1_bit_width8_40               3         24         3           27 
      addinc_add_41_28              add_unsigned_carry_3350                   3         24         3           27 
  gen_filter[39].U_S0               filter_2_bit_width10_39                 427       2251       838         3088 
    csa_tree_U_S21_add_18_10_groupi csa_tree_U_S21_add_18_10_group_12_33     54        427        98          526 
    csa_tree_U_S1_add_18_10_groupi  csa_tree_U_S1_add_18_10_group_14_33      54        427        98          526 
    addinc_U_1_U_S0_add_18_16       add_signed_carry_2731                    75        343       123          467 
    addinc_U_0_U_S0_add_18_16       add_signed_carry_2730                    75        343       123          467 
    addinc_U_1_U_S1_add_18_16       add_signed_carry_24_2602                 61        281        92          374 
    addinc_U_0_U_S1_add_18_16       add_signed_carry_24_2601                 61        281        92          374 
    U_S10                           somador_n_np1_bit_width8_39               3         24         3           27 
      addinc_add_41_28              add_unsigned_carry_3352                   3         24         3           27 
  gen_filter[38].U_S0               filter_2_bit_width10_38                 427       2251       838         3088 
    csa_tree_U_S21_add_18_10_groupi csa_tree_U_S21_add_18_10_group_12_32     54        427        98          526 
    csa_tree_U_S1_add_18_10_groupi  csa_tree_U_S1_add_18_10_group_14_32      54        427        98          526 
    addinc_U_1_U_S0_add_18_16       add_signed_carry_2733                    75        343       123          467 
    addinc_U_0_U_S0_add_18_16       add_signed_carry_2732                    75        343       123          467 
    addinc_U_1_U_S1_add_18_16       add_signed_carry_24_2604                 61        281        92          374 
    addinc_U_0_U_S1_add_18_16       add_signed_carry_24_2603                 61        281        92          374 
    U_S10                           somador_n_np1_bit_width8_38               3         24         3           27 
      addinc_add_41_28              add_unsigned_carry_3353                   3         24         3           27 
  gen_filter[37].U_S0               filter_2_bit_width10_37                 427       2251       838         3088 
    csa_tree_U_S21_add_18_10_groupi csa_tree_U_S21_add_18_10_group_12_31     54        427        98          526 
    csa_tree_U_S1_add_18_10_groupi  csa_tree_U_S1_add_18_10_group_14_31      54        427        98          526 
    addinc_U_1_U_S0_add_18_16       add_signed_carry_2735                    75        343       123          467 
    addinc_U_0_U_S0_add_18_16       add_signed_carry_2734                    75        343       123          467 
    addinc_U_1_U_S1_add_18_16       add_signed_carry_24_2606                 61        281        92          374 
    addinc_U_0_U_S1_add_18_16       add_signed_carry_24_2605                 61        281        92          374 
    U_S10                           somador_n_np1_bit_width8_37               3         24         3           27 
      addinc_add_41_28              add_unsigned_carry_3354                   3         24         3           27 
  gen_filter[36].U_S0               filter_2_bit_width10_36                 427       2251       838         3088 
    csa_tree_U_S21_add_18_10_groupi csa_tree_U_S21_add_18_10_group_12_30     54        427        98          526 
    csa_tree_U_S1_add_18_10_groupi  csa_tree_U_S1_add_18_10_group_14_30      54        427        98          526 
    addinc_U_1_U_S0_add_18_16       add_signed_carry_2737                    75        343       123          467 
    addinc_U_0_U_S0_add_18_16       add_signed_carry_2736                    75        343       123          467 
    addinc_U_1_U_S1_add_18_16       add_signed_carry_24_2608                 61        281        92          374 
    addinc_U_0_U_S1_add_18_16       add_signed_carry_24_2607                 61        281        92          374 
    U_S10                           somador_n_np1_bit_width8_36               3         24         3           27 
      addinc_add_41_28              add_unsigned_carry_3355                   3         24         3           27 
  gen_filter[35].U_S0               filter_2_bit_width10_35                 427       2251       838         3088 
    csa_tree_U_S21_add_18_10_groupi csa_tree_U_S21_add_18_10_group_12_29     54        427        98          526 
    csa_tree_U_S1_add_18_10_groupi  csa_tree_U_S1_add_18_10_group_14_29      54        427        98          526 
    addinc_U_1_U_S0_add_18_16       add_signed_carry_2739                    75        343       123          467 
    addinc_U_0_U_S0_add_18_16       add_signed_carry_2738                    75        343       123          467 
    addinc_U_1_U_S1_add_18_16       add_signed_carry_24_2610                 61        281        92          374 
    addinc_U_0_U_S1_add_18_16       add_signed_carry_24_2609                 61        281        92          374 
    U_S10                           somador_n_np1_bit_width8_35               3         24         3           27 
      addinc_add_41_28              add_unsigned_carry_3356                   3         24         3           27 
  gen_filter[34].U_S0               filter_2_bit_width10_34                 427       2251       838         3088 
    csa_tree_U_S21_add_18_10_groupi csa_tree_U_S21_add_18_10_group_12_28     54        427        98          526 
    csa_tree_U_S1_add_18_10_groupi  csa_tree_U_S1_add_18_10_group_14_28      54        427        98          526 
    addinc_U_1_U_S0_add_18_16       add_signed_carry_2741                    75        343       123          467 
    addinc_U_0_U_S0_add_18_16       add_signed_carry_2740                    75        343       123          467 
    addinc_U_1_U_S1_add_18_16       add_signed_carry_24_2612                 61        281        92          374 
    addinc_U_0_U_S1_add_18_16       add_signed_carry_24_2611                 61        281        92          374 
    U_S10                           somador_n_np1_bit_width8_34               3         24         3           27 
      addinc_add_41_28              add_unsigned_carry_3357                   3         24         3           27 
  gen_filter[33].U_S0               filter_2_bit_width10_33                 427       2251       838         3088 
    csa_tree_U_S21_add_18_10_groupi csa_tree_U_S21_add_18_10_group_12_27     54        427        98          526 
    csa_tree_U_S1_add_18_10_groupi  csa_tree_U_S1_add_18_10_group_14_27      54        427        98          526 
    addinc_U_1_U_S0_add_18_16       add_signed_carry_2743                    75        343       123          467 
    addinc_U_0_U_S0_add_18_16       add_signed_carry_2742                    75        343       123          467 
    addinc_U_1_U_S1_add_18_16       add_signed_carry_24_2614                 61        281        92          374 
    addinc_U_0_U_S1_add_18_16       add_signed_carry_24_2613                 61        281        92          374 
    U_S10                           somador_n_np1_bit_width8_33               3         24         3           27 
      addinc_add_41_28              add_unsigned_carry_3358                   3         24         3           27 
  gen_filter[32].U_S0               filter_2_bit_width10_32                 427       2251       838         3088 
    csa_tree_U_S21_add_18_10_groupi csa_tree_U_S21_add_18_10_group_12_26     54        427        98          526 
    csa_tree_U_S1_add_18_10_groupi  csa_tree_U_S1_add_18_10_group_14_26      54        427        98          526 
    addinc_U_1_U_S0_add_18_16       add_signed_carry_2745                    75        343       123          467 
    addinc_U_0_U_S0_add_18_16       add_signed_carry_2744                    75        343       123          467 
    addinc_U_1_U_S1_add_18_16       add_signed_carry_24_2616                 61        281        92          374 
    addinc_U_0_U_S1_add_18_16       add_signed_carry_24_2615                 61        281        92          374 
    U_S10                           somador_n_np1_bit_width8_32               3         24         3           27 
      addinc_add_41_28              add_unsigned_carry_3359                   3         24         3           27 
  gen_filter[31].U_S0               filter_2_bit_width10_31                 427       2251       838         3088 
    csa_tree_U_S21_add_18_10_groupi csa_tree_U_S21_add_18_10_group_12_25     54        427        98          526 
    csa_tree_U_S1_add_18_10_groupi  csa_tree_U_S1_add_18_10_group_14_25      54        427        98          526 
    addinc_U_1_U_S0_add_18_16       add_signed_carry_2747                    75        343       123          467 
    addinc_U_0_U_S0_add_18_16       add_signed_carry_2746                    75        343       123          467 
    addinc_U_1_U_S1_add_18_16       add_signed_carry_24_2618                 61        281        92          374 
    addinc_U_0_U_S1_add_18_16       add_signed_carry_24_2617                 61        281        92          374 
    U_S10                           somador_n_np1_bit_width8_31               3         24         3           27 
      addinc_add_41_28              add_unsigned_carry_3360                   3         24         3           27 
  gen_filter[30].U_S0               filter_2_bit_width10_30                 427       2251       838         3088 
    csa_tree_U_S21_add_18_10_groupi csa_tree_U_S21_add_18_10_group_12_24     54        427        98          526 
    csa_tree_U_S1_add_18_10_groupi  csa_tree_U_S1_add_18_10_group_14_24      54        427        98          526 
    addinc_U_1_U_S0_add_18_16       add_signed_carry_2749                    75        343       123          467 
    addinc_U_0_U_S0_add_18_16       add_signed_carry_2748                    75        343       123          467 
    addinc_U_1_U_S1_add_18_16       add_signed_carry_24_2620                 61        281        92          374 
    addinc_U_0_U_S1_add_18_16       add_signed_carry_24_2619                 61        281        92          374 
    U_S10                           somador_n_np1_bit_width8_30               3         24         3           27 
      addinc_add_41_28              add_unsigned_carry_3361                   3         24         3           27 
  gen_filter[29].U_S0               filter_2_bit_width10_29                 427       2251       838         3088 
    csa_tree_U_S21_add_18_10_groupi csa_tree_U_S21_add_18_10_group_12_22     54        427        98          526 
    csa_tree_U_S1_add_18_10_groupi  csa_tree_U_S1_add_18_10_group_14_22      54        427        98          526 
    addinc_U_1_U_S0_add_18_16       add_signed_carry_2753                    75        343       123          467 
    addinc_U_0_U_S0_add_18_16       add_signed_carry_2752                    75        343       123          467 
    addinc_U_1_U_S1_add_18_16       add_signed_carry_24_2624                 61        281        92          374 
    addinc_U_0_U_S1_add_18_16       add_signed_carry_24_2623                 61        281        92          374 
    U_S10                           somador_n_np1_bit_width8_29               3         24         3           27 
      addinc_add_41_28              add_unsigned_carry_3363                   3         24         3           27 
  gen_filter[28].U_S0               filter_2_bit_width10_28                 427       2251       838         3088 
    csa_tree_U_S21_add_18_10_groupi csa_tree_U_S21_add_18_10_group_12_21     54        427        98          526 
    csa_tree_U_S1_add_18_10_groupi  csa_tree_U_S1_add_18_10_group_14_21      54        427        98          526 
    addinc_U_1_U_S0_add_18_16       add_signed_carry_2755                    75        343       123          467 
    addinc_U_0_U_S0_add_18_16       add_signed_carry_2754                    75        343       123          467 
    addinc_U_1_U_S1_add_18_16       add_signed_carry_24_2626                 61        281        92          374 
    addinc_U_0_U_S1_add_18_16       add_signed_carry_24_2625                 61        281        92          374 
    U_S10                           somador_n_np1_bit_width8_28               3         24         3           27 
      addinc_add_41_28              add_unsigned_carry_3364                   3         24         3           27 
  gen_filter[27].U_S0               filter_2_bit_width10_27                 427       2251       838         3088 
    csa_tree_U_S21_add_18_10_groupi csa_tree_U_S21_add_18_10_group_12_20     54        427        98          526 
    csa_tree_U_S1_add_18_10_groupi  csa_tree_U_S1_add_18_10_group_14_20      54        427        98          526 
    addinc_U_1_U_S0_add_18_16       add_signed_carry_2757                    75        343       123          467 
    addinc_U_0_U_S0_add_18_16       add_signed_carry_2756                    75        343       123          467 
    addinc_U_1_U_S1_add_18_16       add_signed_carry_24_2628                 61        281        92          374 
    addinc_U_0_U_S1_add_18_16       add_signed_carry_24_2627                 61        281        92          374 
    U_S10                           somador_n_np1_bit_width8_27               3         24         3           27 
      addinc_add_41_28              add_unsigned_carry_3365                   3         24         3           27 
  gen_filter[26].U_S0               filter_2_bit_width10_26                 427       2251       838         3088 
    csa_tree_U_S21_add_18_10_groupi csa_tree_U_S21_add_18_10_group_12_19     54        427        98          526 
    csa_tree_U_S1_add_18_10_groupi  csa_tree_U_S1_add_18_10_group_14_19      54        427        98          526 
    addinc_U_1_U_S0_add_18_16       add_signed_carry_2759                    75        343       123          467 
    addinc_U_0_U_S0_add_18_16       add_signed_carry_2758                    75        343       123          467 
    addinc_U_1_U_S1_add_18_16       add_signed_carry_24_2630                 61        281        92          374 
    addinc_U_0_U_S1_add_18_16       add_signed_carry_24_2629                 61        281        92          374 
    U_S10                           somador_n_np1_bit_width8_26               3         24         3           27 
      addinc_add_41_28              add_unsigned_carry_3366                   3         24         3           27 
  gen_filter[25].U_S0               filter_2_bit_width10_25                 427       2251       838         3088 
    csa_tree_U_S21_add_18_10_groupi csa_tree_U_S21_add_18_10_group_12_18     54        427        98          526 
    csa_tree_U_S1_add_18_10_groupi  csa_tree_U_S1_add_18_10_group_14_18      54        427        98          526 
    addinc_U_1_U_S0_add_18_16       add_signed_carry_2761                    75        343       123          467 
    addinc_U_0_U_S0_add_18_16       add_signed_carry_2760                    75        343       123          467 
    addinc_U_1_U_S1_add_18_16       add_signed_carry_24_2632                 61        281        92          374 
    addinc_U_0_U_S1_add_18_16       add_signed_carry_24_2631                 61        281        92          374 
    U_S10                           somador_n_np1_bit_width8_25               3         24         3           27 
      addinc_add_41_28              add_unsigned_carry_3367                   3         24         3           27 
  gen_filter[24].U_S0               filter_2_bit_width10_24                 427       2251       838         3088 
    csa_tree_U_S21_add_18_10_groupi csa_tree_U_S21_add_18_10_group_12_17     54        427        98          526 
    csa_tree_U_S1_add_18_10_groupi  csa_tree_U_S1_add_18_10_group_14_17      54        427        98          526 
    addinc_U_1_U_S0_add_18_16       add_signed_carry_2763                    75        343       123          467 
    addinc_U_0_U_S0_add_18_16       add_signed_carry_2762                    75        343       123          467 
    addinc_U_1_U_S1_add_18_16       add_signed_carry_24_2634                 61        281        92          374 
    addinc_U_0_U_S1_add_18_16       add_signed_carry_24_2633                 61        281        92          374 
    U_S10                           somador_n_np1_bit_width8_24               3         24         3           27 
      addinc_add_41_28              add_unsigned_carry_3368                   3         24         3           27 
  gen_filter[23].U_S0               filter_2_bit_width10_23                 427       2251       838         3088 
    csa_tree_U_S21_add_18_10_groupi csa_tree_U_S21_add_18_10_group_12_16     54        427        98          526 
    csa_tree_U_S1_add_18_10_groupi  csa_tree_U_S1_add_18_10_group_14_16      54        427        98          526 
    addinc_U_1_U_S0_add_18_16       add_signed_carry_2765                    75        343       123          467 
    addinc_U_0_U_S0_add_18_16       add_signed_carry_2764                    75        343       123          467 
    addinc_U_1_U_S1_add_18_16       add_signed_carry_24_2636                 61        281        92          374 
    addinc_U_0_U_S1_add_18_16       add_signed_carry_24_2635                 61        281        92          374 
    U_S10                           somador_n_np1_bit_width8_23               3         24         3           27 
      addinc_add_41_28              add_unsigned_carry_3369                   3         24         3           27 
  gen_filter[22].U_S0               filter_2_bit_width10_22                 427       2251       838         3088 
    csa_tree_U_S21_add_18_10_groupi csa_tree_U_S21_add_18_10_group_12_15     54        427        98          526 
    csa_tree_U_S1_add_18_10_groupi  csa_tree_U_S1_add_18_10_group_14_15      54        427        98          526 
    addinc_U_1_U_S0_add_18_16       add_signed_carry_2767                    75        343       123          467 
    addinc_U_0_U_S0_add_18_16       add_signed_carry_2766                    75        343       123          467 
    addinc_U_1_U_S1_add_18_16       add_signed_carry_24_2638                 61        281        92          374 
    addinc_U_0_U_S1_add_18_16       add_signed_carry_24_2637                 61        281        92          374 
    U_S10                           somador_n_np1_bit_width8_22               3         24         3           27 
      addinc_add_41_28              add_unsigned_carry_3370                   3         24         3           27 
  gen_filter[21].U_S0               filter_2_bit_width10_21                 427       2251       838         3088 
    csa_tree_U_S21_add_18_10_groupi csa_tree_U_S21_add_18_10_group_12_14     54        427        98          526 
    csa_tree_U_S1_add_18_10_groupi  csa_tree_U_S1_add_18_10_group_14_14      54        427        98          526 
    addinc_U_1_U_S0_add_18_16       add_signed_carry_2769                    75        343       123          467 
    addinc_U_0_U_S0_add_18_16       add_signed_carry_2768                    75        343       123          467 
    addinc_U_1_U_S1_add_18_16       add_signed_carry_24_2640                 61        281        92          374 
    addinc_U_0_U_S1_add_18_16       add_signed_carry_24_2639                 61        281        92          374 
    U_S10                           somador_n_np1_bit_width8_21               3         24         3           27 
      addinc_add_41_28              add_unsigned_carry_3371                   3         24         3           27 
  gen_filter[20].U_S0               filter_2_bit_width10_20                 427       2251       838         3088 
    csa_tree_U_S21_add_18_10_groupi csa_tree_U_S21_add_18_10_group_12_13     54        427        98          526 
    csa_tree_U_S1_add_18_10_groupi  csa_tree_U_S1_add_18_10_group_14_13      54        427        98          526 
    addinc_U_1_U_S0_add_18_16       add_signed_carry_2771                    75        343       123          467 
    addinc_U_0_U_S0_add_18_16       add_signed_carry_2770                    75        343       123          467 
    addinc_U_1_U_S1_add_18_16       add_signed_carry_24_2642                 61        281        92          374 
    addinc_U_0_U_S1_add_18_16       add_signed_carry_24_2641                 61        281        92          374 
    U_S10                           somador_n_np1_bit_width8_20               3         24         3           27 
      addinc_add_41_28              add_unsigned_carry_3372                   3         24         3           27 
  gen_filter[19].U_S0               filter_2_bit_width10_19                 427       2251       838         3088 
    csa_tree_U_S21_add_18_10_groupi csa_tree_U_S21_add_18_10_group_12_11     54        427        98          526 
    csa_tree_U_S1_add_18_10_groupi  csa_tree_U_S1_add_18_10_group_14_11      54        427        98          526 
    addinc_U_1_U_S0_add_18_16       add_signed_carry_2775                    75        343       123          467 
    addinc_U_0_U_S0_add_18_16       add_signed_carry_2774                    75        343       123          467 
    addinc_U_1_U_S1_add_18_16       add_signed_carry_24_2646                 61        281        92          374 
    addinc_U_0_U_S1_add_18_16       add_signed_carry_24_2645                 61        281        92          374 
    U_S10                           somador_n_np1_bit_width8_19               3         24         3           27 
      addinc_add_41_28              add_unsigned_carry_3374                   3         24         3           27 
  gen_filter[18].U_S0               filter_2_bit_width10_18                 427       2251       838         3088 
    csa_tree_U_S21_add_18_10_groupi csa_tree_U_S21_add_18_10_group_12_10     54        427        98          526 
    csa_tree_U_S1_add_18_10_groupi  csa_tree_U_S1_add_18_10_group_14_10      54        427        98          526 
    addinc_U_1_U_S0_add_18_16       add_signed_carry_2777                    75        343       123          467 
    addinc_U_0_U_S0_add_18_16       add_signed_carry_2776                    75        343       123          467 
    addinc_U_1_U_S1_add_18_16       add_signed_carry_24_2648                 61        281        92          374 
    addinc_U_0_U_S1_add_18_16       add_signed_carry_24_2647                 61        281        92          374 
    U_S10                           somador_n_np1_bit_width8_18               3         24         3           27 
      addinc_add_41_28              add_unsigned_carry_3375                   3         24         3           27 
  gen_filter[17].U_S0               filter_2_bit_width10_17                 427       2251       838         3088 
    csa_tree_U_S21_add_18_10_groupi csa_tree_U_S21_add_18_10_group_12_9      54        427        98          526 
    csa_tree_U_S1_add_18_10_groupi  csa_tree_U_S1_add_18_10_group_14_9       54        427        98          526 
    addinc_U_1_U_S0_add_18_16       add_signed_carry_2779                    75        343       123          467 
    addinc_U_0_U_S0_add_18_16       add_signed_carry_2778                    75        343       123          467 
    addinc_U_1_U_S1_add_18_16       add_signed_carry_24_2650                 61        281        92          374 
    addinc_U_0_U_S1_add_18_16       add_signed_carry_24_2649                 61        281        92          374 
    U_S10                           somador_n_np1_bit_width8_17               3         24         3           27 
      addinc_add_41_28              add_unsigned_carry_3376                   3         24         3           27 
  gen_filter[16].U_S0               filter_2_bit_width10_16                 427       2251       838         3088 
    csa_tree_U_S21_add_18_10_groupi csa_tree_U_S21_add_18_10_group_12_8      54        427        98          526 
    csa_tree_U_S1_add_18_10_groupi  csa_tree_U_S1_add_18_10_group_14_8       54        427        98          526 
    addinc_U_1_U_S0_add_18_16       add_signed_carry_2781                    75        343       123          467 
    addinc_U_0_U_S0_add_18_16       add_signed_carry_2780                    75        343       123          467 
    addinc_U_1_U_S1_add_18_16       add_signed_carry_24_2652                 61        281        92          374 
    addinc_U_0_U_S1_add_18_16       add_signed_carry_24_2651                 61        281        92          374 
    U_S10                           somador_n_np1_bit_width8_16               3         24         3           27 
      addinc_add_41_28              add_unsigned_carry_3377                   3         24         3           27 
  gen_filter[15].U_S0               filter_2_bit_width10_15                 427       2251       838         3088 
    csa_tree_U_S21_add_18_10_groupi csa_tree_U_S21_add_18_10_group_12_7      54        427        98          526 
    csa_tree_U_S1_add_18_10_groupi  csa_tree_U_S1_add_18_10_group_14_7       54        427        98          526 
    addinc_U_1_U_S0_add_18_16       add_signed_carry_2783                    75        343       123          467 
    addinc_U_0_U_S0_add_18_16       add_signed_carry_2782                    75        343       123          467 
    addinc_U_1_U_S1_add_18_16       add_signed_carry_24_2654                 61        281        92          374 
    addinc_U_0_U_S1_add_18_16       add_signed_carry_24_2653                 61        281        92          374 
    U_S10                           somador_n_np1_bit_width8_15               3         24         3           27 
      addinc_add_41_28              add_unsigned_carry_3378                   3         24         3           27 
  gen_filter[14].U_S0               filter_2_bit_width10_14                 427       2251       838         3088 
    csa_tree_U_S21_add_18_10_groupi csa_tree_U_S21_add_18_10_group_12_6      54        427        98          526 
    csa_tree_U_S1_add_18_10_groupi  csa_tree_U_S1_add_18_10_group_14_6       54        427        98          526 
    addinc_U_1_U_S0_add_18_16       add_signed_carry_2785                    75        343       123          467 
    addinc_U_0_U_S0_add_18_16       add_signed_carry_2784                    75        343       123          467 
    addinc_U_1_U_S1_add_18_16       add_signed_carry_24_2656                 61        281        92          374 
    addinc_U_0_U_S1_add_18_16       add_signed_carry_24_2655                 61        281        92          374 
    U_S10                           somador_n_np1_bit_width8_14               3         24         3           27 
      addinc_add_41_28              add_unsigned_carry_3379                   3         24         3           27 
  gen_filter[13].U_S0               filter_2_bit_width10_13                 427       2251       838         3088 
    csa_tree_U_S21_add_18_10_groupi csa_tree_U_S21_add_18_10_group_12_5      54        427        98          526 
    csa_tree_U_S1_add_18_10_groupi  csa_tree_U_S1_add_18_10_group_14_5       54        427        98          526 
    addinc_U_1_U_S0_add_18_16       add_signed_carry_2787                    75        343       123          467 
    addinc_U_0_U_S0_add_18_16       add_signed_carry_2786                    75        343       123          467 
    addinc_U_1_U_S1_add_18_16       add_signed_carry_24_2658                 61        281        92          374 
    addinc_U_0_U_S1_add_18_16       add_signed_carry_24_2657                 61        281        92          374 
    U_S10                           somador_n_np1_bit_width8_13               3         24         3           27 
      addinc_add_41_28              add_unsigned_carry_3380                   3         24         3           27 
  gen_filter[12].U_S0               filter_2_bit_width10_12                 427       2251       838         3088 
    csa_tree_U_S21_add_18_10_groupi csa_tree_U_S21_add_18_10_group_12_4      54        427        98          526 
    csa_tree_U_S1_add_18_10_groupi  csa_tree_U_S1_add_18_10_group_14_4       54        427        98          526 
    addinc_U_1_U_S0_add_18_16       add_signed_carry_2789                    75        343       123          467 
    addinc_U_0_U_S0_add_18_16       add_signed_carry_2788                    75        343       123          467 
    addinc_U_1_U_S1_add_18_16       add_signed_carry_24_2660                 61        281        92          374 
    addinc_U_0_U_S1_add_18_16       add_signed_carry_24_2659                 61        281        92          374 
    U_S10                           somador_n_np1_bit_width8_12               3         24         3           27 
      addinc_add_41_28              add_unsigned_carry_3381                   3         24         3           27 
  gen_filter[11].U_S0               filter_2_bit_width10_11                 427       2251       838         3088 
    csa_tree_U_S21_add_18_10_groupi csa_tree_U_S21_add_18_10_group_12_3      54        427        98          526 
    csa_tree_U_S1_add_18_10_groupi  csa_tree_U_S1_add_18_10_group_14_3       54        427        98          526 
    addinc_U_1_U_S0_add_18_16       add_signed_carry_2791                    75        343       123          467 
    addinc_U_0_U_S0_add_18_16       add_signed_carry_2790                    75        343       123          467 
    addinc_U_1_U_S1_add_18_16       add_signed_carry_24_2662                 61        281        92          374 
    addinc_U_0_U_S1_add_18_16       add_signed_carry_24_2661                 61        281        92          374 
    U_S10                           somador_n_np1_bit_width8_11               3         24         3           27 
      addinc_add_41_28              add_unsigned_carry_3382                   3         24         3           27 
  gen_filter[10].U_S0               filter_2_bit_width10_10                 427       2251       838         3088 
    csa_tree_U_S21_add_18_10_groupi csa_tree_U_S21_add_18_10_group_12_2      54        427        98          526 
    csa_tree_U_S1_add_18_10_groupi  csa_tree_U_S1_add_18_10_group_14_2       54        427        98          526 
    addinc_U_1_U_S0_add_18_16       add_signed_carry_2793                    75        343       123          467 
    addinc_U_0_U_S0_add_18_16       add_signed_carry_2792                    75        343       123          467 
    addinc_U_1_U_S1_add_18_16       add_signed_carry_24_2664                 61        281        92          374 
    addinc_U_0_U_S1_add_18_16       add_signed_carry_24_2663                 61        281        92          374 
    U_S10                           somador_n_np1_bit_width8_10               3         24         3           27 
      addinc_add_41_28              add_unsigned_carry_3383                   3         24         3           27 
  gen_filter[9].U_S0                filter_2_bit_width10_9                  427       2251       838         3088 
    csa_tree_U_S21_add_18_10_groupi csa_tree_U_S21_add_18_10_group_12_64     54        427        98          526 
    csa_tree_U_S1_add_18_10_groupi  csa_tree_U_S1_add_18_10_group_14_64      54        427        98          526 
    addinc_U_1_U_S0_add_18_16       add_signed_carry_2669                    75        343       123          467 
    addinc_U_0_U_S0_add_18_16       add_signed_carry_2668                    75        343       123          467 
    addinc_U_1_U_S1_add_18_16       add_signed_carry_24_2540                 61        281        92          374 
    addinc_U_0_U_S1_add_18_16       add_signed_carry_24_2539                 61        281        92          374 
    U_S10                           somador_n_np1_bit_width8_9                3         24         3           27 
      addinc_add_41_28              add_unsigned_carry_3321                   3         24         3           27 
  gen_filter[8].U_S0                filter_2_bit_width10_8                  427       2251       838         3088 
    csa_tree_U_S21_add_18_10_groupi csa_tree_U_S21_add_18_10_group_12_63     54        427        98          526 
    csa_tree_U_S1_add_18_10_groupi  csa_tree_U_S1_add_18_10_group_14_63      54        427        98          526 
    addinc_U_1_U_S0_add_18_16       add_signed_carry_2671                    75        343       123          467 
    addinc_U_0_U_S0_add_18_16       add_signed_carry_2670                    75        343       123          467 
    addinc_U_1_U_S1_add_18_16       add_signed_carry_24_2542                 61        281        92          374 
    addinc_U_0_U_S1_add_18_16       add_signed_carry_24_2541                 61        281        92          374 
    U_S10                           somador_n_np1_bit_width8_8                3         24         3           27 
      addinc_add_41_28              add_unsigned_carry_3322                   3         24         3           27 
  gen_filter[7].U_S0                filter_2_bit_width10_7                  427       2251       838         3088 
    csa_tree_U_S21_add_18_10_groupi csa_tree_U_S21_add_18_10_group_12_62     54        427        98          526 
    csa_tree_U_S1_add_18_10_groupi  csa_tree_U_S1_add_18_10_group_14_62      54        427        98          526 
    addinc_U_1_U_S0_add_18_16       add_signed_carry_2673                    75        343       123          467 
    addinc_U_0_U_S0_add_18_16       add_signed_carry_2672                    75        343       123          467 
    addinc_U_1_U_S1_add_18_16       add_signed_carry_24_2544                 61        281        92          374 
    addinc_U_0_U_S1_add_18_16       add_signed_carry_24_2543                 61        281        92          374 
    U_S10                           somador_n_np1_bit_width8_7                3         24         3           27 
      addinc_add_41_28              add_unsigned_carry_3323                   3         24         3           27 
  gen_filter[6].U_S0                filter_2_bit_width10_6                  427       2251       838         3088 
    csa_tree_U_S21_add_18_10_groupi csa_tree_U_S21_add_18_10_group_12_56     54        427        98          526 
    csa_tree_U_S1_add_18_10_groupi  csa_tree_U_S1_add_18_10_group_14_56      54        427        98          526 
    addinc_U_1_U_S0_add_18_16       add_signed_carry_2685                    75        343       123          467 
    addinc_U_0_U_S0_add_18_16       add_signed_carry_2684                    75        343       123          467 
    addinc_U_1_U_S1_add_18_16       add_signed_carry_24_2556                 61        281        92          374 
    addinc_U_0_U_S1_add_18_16       add_signed_carry_24_2555                 61        281        92          374 
    U_S10                           somador_n_np1_bit_width8_6                3         24         3           27 
      addinc_add_41_28              add_unsigned_carry_3329                   3         24         3           27 
  gen_filter[5].U_S0                filter_2_bit_width10_5                  427       2251       838         3088 
    csa_tree_U_S21_add_18_10_groupi csa_tree_U_S21_add_18_10_group_12_45     54        427        98          526 
    csa_tree_U_S1_add_18_10_groupi  csa_tree_U_S1_add_18_10_group_14_45      54        427        98          526 
    addinc_U_1_U_S0_add_18_16       add_signed_carry_2707                    75        343       123          467 
    addinc_U_0_U_S0_add_18_16       add_signed_carry_2706                    75        343       123          467 
    addinc_U_1_U_S1_add_18_16       add_signed_carry_24_2578                 61        281        92          374 
    addinc_U_0_U_S1_add_18_16       add_signed_carry_24_2577                 61        281        92          374 
    U_S10                           somador_n_np1_bit_width8_5                3         24         3           27 
      addinc_add_41_28              add_unsigned_carry_3340                   3         24         3           27 
  gen_filter[4].U_S0                filter_2_bit_width10_4                  427       2251       838         3088 
    csa_tree_U_S21_add_18_10_groupi csa_tree_U_S21_add_18_10_group_12_34     54        427        98          526 
    csa_tree_U_S1_add_18_10_groupi  csa_tree_U_S1_add_18_10_group_14_34      54        427        98          526 
    addinc_U_1_U_S0_add_18_16       add_signed_carry_2729                    75        343       123          467 
    addinc_U_0_U_S0_add_18_16       add_signed_carry_2728                    75        343       123          467 
    addinc_U_1_U_S1_add_18_16       add_signed_carry_24_2600                 61        281        92          374 
    addinc_U_0_U_S1_add_18_16       add_signed_carry_24_2599                 61        281        92          374 
    U_S10                           somador_n_np1_bit_width8_4                3         24         3           27 
      addinc_add_41_28              add_unsigned_carry_3351                   3         24         3           27 
  gen_filter[3].U_S0                filter_2_bit_width10_3                  427       2251       838         3088 
    csa_tree_U_S21_add_18_10_groupi csa_tree_U_S21_add_18_10_group_12_23     54        427        98          526 
    csa_tree_U_S1_add_18_10_groupi  csa_tree_U_S1_add_18_10_group_14_23      54        427        98          526 
    addinc_U_1_U_S0_add_18_16       add_signed_carry_2751                    75        343       123          467 
    addinc_U_0_U_S0_add_18_16       add_signed_carry_2750                    75        343       123          467 
    addinc_U_1_U_S1_add_18_16       add_signed_carry_24_2622                 61        281        92          374 
    addinc_U_0_U_S1_add_18_16       add_signed_carry_24_2621                 61        281        92          374 
    U_S10                           somador_n_np1_bit_width8_3                3         24         3           27 
      addinc_add_41_28              add_unsigned_carry_3362                   3         24         3           27 
  gen_filter[2].U_S0                filter_2_bit_width10_2                  427       2251       838         3088 
    csa_tree_U_S21_add_18_10_groupi csa_tree_U_S21_add_18_10_group_12_12     54        427        98          526 
    csa_tree_U_S1_add_18_10_groupi  csa_tree_U_S1_add_18_10_group_14_12      54        427        98          526 
    addinc_U_1_U_S0_add_18_16       add_signed_carry_2773                    75        343       123          467 
    addinc_U_0_U_S0_add_18_16       add_signed_carry_2772                    75        343       123          467 
    addinc_U_1_U_S1_add_18_16       add_signed_carry_24_2644                 61        281        92          374 
    addinc_U_0_U_S1_add_18_16       add_signed_carry_24_2643                 61        281        92          374 
    U_S10                           somador_n_np1_bit_width8_2                3         24         3           27 
      addinc_add_41_28              add_unsigned_carry_3373                   3         24         3           27 
  gen_filter[1].U_S0                filter_2_bit_width10_1                  427       2251       838         3088 
    csa_tree_U_S21_add_18_10_groupi csa_tree_U_S21_add_18_10_group_12_1      54        427        98          526 
    csa_tree_U_S1_add_18_10_groupi  csa_tree_U_S1_add_18_10_group_14_1       54        427        98          526 
    addinc_U_1_U_S0_add_18_16       add_signed_carry_2795                    75        343       123          467 
    addinc_U_0_U_S0_add_18_16       add_signed_carry_2794                    75        343       123          467 
    addinc_U_1_U_S1_add_18_16       add_signed_carry_24_2666                 61        281        92          374 
    addinc_U_0_U_S1_add_18_16       add_signed_carry_24_2665                 61        281        92          374 
    U_S10                           somador_n_np1_bit_width8_1                3         24         3           27 
      addinc_add_41_28              add_unsigned_carry_3384                   3         24         3           27 
