============================================================
  Generated by:           Genus(TM) Synthesis Solution 17.10-p007_1
  Generated on:           Nov 23 2019  02:08:44 pm
  Module:                 FME_PIPE_8
  Technology libraries:   CORE65LPSVT 
                          CLOCK65LPSVT 
                          physical_cells 
  Operating conditions:   _nominal_ 
  Interconnect mode:      global
  Area mode:              physical library
============================================================

                                   Leakage    Dynamic     Total   
          Instance          Cells Power(uW)  Power(uW)  Power(uW) 
------------------------------------------------------------------
FME_PIPE_8                  41312   375.976 166787.179 167163.155 
  U_inter                   27839   275.629  87165.123  87440.752 
  U_buffer                  11006    73.502  59870.970  59944.472 
  U_crtl                      100     0.614    260.735    261.349 
  clipping[2].U_clip           14     0.074     21.303     21.377 
  clipping[8].U_clip           14     0.074     24.569     24.644 
  clipping[11].U_clip          14     0.074     21.611     21.685 
  clipping[15].U_clip          14     0.074     21.382     21.456 
  clipping[3].U_clip           14     0.074     19.387     19.461 
  clipping[0].U_clip           14     0.074     19.223     19.296 
  clipping[14].U_clip          14     0.074     20.717     20.791 
  clipping[6].U_clip           14     0.074     22.198     22.271 
  clipping[12].U_clip          14     0.073     21.074     21.147 
  clipping[5].U_clip           14     0.073     22.872     22.945 
  clipping[9].U_clip           14     0.072     21.214     21.286 
  clipping[16].U_clip          14     0.064     12.816     12.881 
  clipping[13].U_clip          14     0.064     13.854     13.918 
  clipping[1].U_clip           14     0.064     13.769     13.833 
  clipping[10].U_clip          14     0.064     12.622     12.686 
  clipping[4].U_clip           14     0.064     13.048     13.112 
  clipping[7].U_clip           14     0.064      9.987     10.050 
  clipping[2..ip_gte_820_34     5     0.016      6.632      6.648 
  clipping[4..ip_gte_820_34     5     0.016      7.378      7.394 
  clipping[4..ip_gte_820_34     5     0.016      6.003      6.019 
  clipping[4..ip_gte_820_34     5     0.016      6.314      6.330 
  clipping[4..ip_gte_820_34     5     0.016      6.509      6.525 
  clipping[4..ip_gte_820_34     5     0.016      6.569      6.585 
  clipping[3..ip_gte_820_34     5     0.016      5.954      5.970 
  clipping[2..ip_gte_820_34     5     0.016      5.473      5.489 
  clipping[5..ip_gte_820_34     5     0.016      6.525      6.541 
  clipping[2..ip_gte_820_34     5     0.016      6.118      6.134 
  clipping[3..ip_gte_820_34     5     0.016      6.063      6.079 
  clipping[1..ip_gte_820_34     5     0.016      6.915      6.931 
  clipping[3..ip_gte_820_34     5     0.016      6.094      6.110 
  clipping[2..ip_gte_820_34     5     0.016      7.000      7.016 
  clipping[1..ip_gte_820_34     5     0.016      6.297      6.313 
  clipping[4..ip_gte_820_34     5     0.016      6.776      6.792 
  clipping[2..ip_gte_820_34     5     0.016      5.954      5.970 
  clipping[3..ip_gte_820_34     5     0.016      5.947      5.963 
  clipping[3..ip_gte_820_34     5     0.016      5.811      5.826 
  clipping[2..ip_gte_820_34     5     0.016      6.039      6.055 
  clipping[3..ip_gte_820_34     5     0.016      6.290      6.306 
  clipping[3..ip_gte_820_34     5     0.016      5.649      5.665 
  clipping[2..ip_gte_820_34     5     0.016      6.307      6.322 
  clipping[2..ip_gte_820_34     5     0.015      6.187      6.202 
  clipping[3..ip_gte_820_34     5     0.015      6.275      6.290 
  clipping[4..ip_gte_820_34     5     0.015      5.548      5.562 
  clipping[2..ip_gte_820_34     5     0.015      5.756      5.771 
  clipping[4..ip_gte_820_34     5     0.015      4.902      4.917 
  clipping[3..ip_gte_820_34     5     0.015      5.389      5.404 
  clipping[1..ip_gte_820_34     5     0.015      5.198      5.213 
  clipping[2..ip_gte_820_34     5     0.015      4.408      4.422 
  clipping[3..ip_gte_820_34     5     0.015      4.696      4.710 
  clipping[4..ip_gte_820_34     5     0.014      4.774      4.788 
  clipping[4..ip_gte_820_34     5     0.014      4.345      4.359 

