============================================================
  Generated by:           Genus(TM) Synthesis Solution 17.10-p007_1
  Generated on:           Nov 23 2019  12:43:47 pm
  Module:                 FME_PIPE_8
  Technology libraries:   CORE65LPSVT 
                          CLOCK65LPSVT 
                          physical_cells 
  Operating conditions:   _nominal_ 
  Interconnect mode:      global
  Area mode:              physical library
============================================================

            Instance                       Module           Cells  Cell Area  Net Area   Total Area 
----------------------------------------------------------------------------------------------------
FME_PIPE_8                                                  23054     121224     49763       170987 
  U_inter                        interpolation_bit_width10  15264      79299     30107       109406 
  U_buffer                       buffer_shift                6436      33493     14782        48275 
  U_crtl                         CRTL_bit_width10              95        511       178          689 
  clipping[8].U_clip             clip8_bit_width10_872         14         49        13           62 
  clipping[7].U_clip             clip8_bit_width10_873         14         49        13           62 
  clipping[6].U_clip             clip8_bit_width10_874         14         49        13           62 
  clipping[5].U_clip             clip8_bit_width10_875         14         49        13           62 
  clipping[4].U_clip             clip8_bit_width10_876         14         49        13           62 
  clipping[3].U_clip             clip8_bit_width10_877         14         49        13           62 
  clipping[2].U_clip             clip8_bit_width10_878         14         49        13           62 
  clipping[1].U_clip             clip8_bit_width10_879         14         49        13           62 
  clipping[0].U_clip             clip8_bit_width10             14         49        13           62 
  clipping[26].U_clip_gte_820_34 geq_signed_1888                5         21         5           26 
  clipping[25].U_clip_gte_820_34 geq_signed_1888_3175           5         21         5           26 
  clipping[24].U_clip_gte_820_34 geq_signed_1888_3174           5         21         5           26 
  clipping[23].U_clip_gte_820_34 geq_signed_1888_3173           5         21         5           26 
  clipping[22].U_clip_gte_820_34 geq_signed_1888_3172           5         21         5           26 
  clipping[21].U_clip_gte_820_34 geq_signed_1888_3171           5         21         5           26 
  clipping[20].U_clip_gte_820_34 geq_signed_1888_3170           5         21         5           26 
  clipping[19].U_clip_gte_820_34 geq_signed_1888_3169           5         21         5           26 
  clipping[18].U_clip_gte_820_34 geq_signed_1888_3168           5         21         5           26 
  clipping[17].U_clip_gte_820_34 geq_signed_1888_3167           5         21         5           26 
  clipping[16].U_clip_gte_820_34 geq_signed_1888_3166           5         21         5           26 
  clipping[15].U_clip_gte_820_34 geq_signed_1888_3165           5         21         5           26 
  clipping[14].U_clip_gte_820_34 geq_signed_1888_3164           5         21         5           26 
  clipping[13].U_clip_gte_820_34 geq_signed_1888_3163           5         21         5           26 
  clipping[12].U_clip_gte_820_34 geq_signed_1888_3162           5         21         5           26 
  clipping[11].U_clip_gte_820_34 geq_signed_1888_3161           5         21         5           26 
  clipping[10].U_clip_gte_820_34 geq_signed_1888_3160           5         21         5           26 
  clipping[9].U_clip_gte_820_34  geq_signed_1888_3159           5         21         5           26 
