============================================================
  Generated by:           Genus(TM) Synthesis Solution 17.10-p007_1
  Generated on:           Nov 23 2019  12:43:52 pm
  Module:                 FME_PIPE_8
  Technology libraries:   CORE65LPSVT 
                          CLOCK65LPSVT 
                          physical_cells 
  Operating conditions:   _nominal_ 
  Interconnect mode:      global
  Area mode:              physical library
============================================================

                                            Leakage   Internal  
       Gate         Instances     Area    Power (uW) Power (uW)     Library     
--------------------------------------------------------------------------------
HS65_LSS_XNOR2X12         126     851.760      1.697    281.415    CORE65LPSVT  
HS65_LSS_XNOR2X18          23     239.200      0.503     49.026    CORE65LPSVT  
HS65_LSS_XNOR2X3            9      37.440      0.034      6.045    CORE65LPSVT  
HS65_LSS_XNOR2X6          505    2100.800      3.449    396.319    CORE65LPSVT  
HS65_LSS_XNOR3X4            6      59.280      0.053      6.379    CORE65LPSVT  
HS65_LSS_XOR2X12            3      18.720      0.037      8.266    CORE65LPSVT  
HS65_LSS_XOR2X6           415    1726.400      2.498    289.647    CORE65LPSVT  
HS65_LS_AND2ABX18           3      12.480      0.028      4.624    CORE65LPSVT  
HS65_LS_AND2ABX27           3      17.160      0.042      4.070    CORE65LPSVT  
HS65_LS_AND2ABX35           2      12.480      0.042      4.058    CORE65LPSVT  
HS65_LS_AND2X18           120     436.800      1.134    178.393    CORE65LPSVT  
HS65_LS_AND2X27            45     257.400      0.714     96.827    CORE65LPSVT  
HS65_LS_AND2X35            77     480.480      1.652    229.270    CORE65LPSVT  
HS65_LS_AND2X4            246     639.600      0.561    120.310    CORE65LPSVT  
HS65_LS_AND2X9             60     187.200      0.264     52.874    CORE65LPSVT  
HS65_LS_AND3X18             8      37.440      0.106      7.609    CORE65LPSVT  
HS65_LS_AND3X27            10      67.600      0.150     14.654    CORE65LPSVT  
HS65_LS_AND3X9             10      36.400      0.038      6.834    CORE65LPSVT  
HS65_LS_AND4X6              1       5.200      0.001      0.000    CORE65LPSVT  
HS65_LS_AO12X18            13      54.080      0.137     21.892    CORE65LPSVT  
HS65_LS_AO12X9             78     283.920      0.374     49.523    CORE65LPSVT  
HS65_LS_AO312X9            10      57.200      0.045      5.897    CORE65LPSVT  
HS65_LS_AO31X9              1       4.160      0.004      0.000    CORE65LPSVT  
HS65_LS_AO32X9              3      15.600      0.015      4.007    CORE65LPSVT  
HS65_LS_AOI112X9            3      18.720      0.026      5.529    CORE65LPSVT  
HS65_LS_AOI12X12           78     405.600      0.678     67.787    CORE65LPSVT  
HS65_LS_AOI12X17           81     547.560      1.129    142.962    CORE65LPSVT  
HS65_LS_AOI12X2            10      26.000      0.016      1.965    CORE65LPSVT  
HS65_LS_AOI12X23           45     397.800      0.836    100.538    CORE65LPSVT  
HS65_LS_AOI12X35           21     273.000      0.607     50.311    CORE65LPSVT  
HS65_LS_AOI12X46            8     137.280      0.288     19.767    CORE65LPSVT  
HS65_LS_AOI12X6           102     318.240      0.407     62.015    CORE65LPSVT  
HS65_LS_AOI12X9             1       5.200      0.006      0.456    CORE65LPSVT  
HS65_LS_AOI21X12           23     119.600      0.205     19.996    CORE65LPSVT  
HS65_LS_AOI21X17           42     283.920      0.541     51.189    CORE65LPSVT  
HS65_LS_AOI21X23           23     203.320      0.391     44.688    CORE65LPSVT  
HS65_LS_AOI21X35            6      78.000      0.150     12.116    CORE65LPSVT  
HS65_LS_AOI21X9             8      41.600      0.051      4.459    CORE65LPSVT  
HS65_LS_AOI22X6             1       3.640      0.005      0.876    CORE65LPSVT  
HS65_LS_AOI312X4           19      98.800      0.065     11.069    CORE65LPSVT  
HS65_LS_AOI31X5             9      32.760      0.027      3.709    CORE65LPSVT  
HS65_LS_AOI32X5             6      24.960      0.025      6.119    CORE65LPSVT  
HS65_LS_BFX106             11     131.560      0.628     50.645    CORE65LPSVT  
HS65_LS_BFX142              5      78.000      0.385     39.390    CORE65LPSVT  
HS65_LS_BFX18             230     717.600      1.842    187.798    CORE65LPSVT  
HS65_LS_BFX213              9     201.240      1.071     95.589    CORE65LPSVT  
HS65_LS_BFX27              75     273.000      0.949    102.657    CORE65LPSVT  
HS65_LS_BFX284              1      30.160      0.167     19.988    CORE65LPSVT  
HS65_LS_BFX31               4      20.800      0.062      6.852    CORE65LPSVT  
HS65_LS_BFX35               3      15.600      0.052      4.605    CORE65LPSVT  
HS65_LS_BFX40               1       5.720      0.020      1.611    CORE65LPSVT  
HS65_LS_BFX44               4      22.880      0.089      8.444    CORE65LPSVT  
HS65_LS_BFX49               1       6.240      0.025      2.462    CORE65LPSVT  
HS65_LS_BFX53              26     162.240      0.702     72.199    CORE65LPSVT  
HS65_LS_BFX62               3      23.400      0.097     11.000    CORE65LPSVT  
HS65_LS_BFX7                8      16.640      0.023      3.218    CORE65LPSVT  
HS65_LS_BFX71              16     133.120      0.595     60.301    CORE65LPSVT  
HS65_LS_BFX9               46      95.680      0.153     18.462    CORE65LPSVT  
HS65_LS_CB4I6X27           13     108.160      0.183     63.584    CORE65LPSVT  
HS65_LS_CB4I6X35            6      56.160      0.122     29.195    CORE65LPSVT  
HS65_LS_CB4I6X9             1       4.160      0.004      0.662    CORE65LPSVT  
HS65_LS_CBI4I1X11          14      87.360      0.148     15.878    CORE65LPSVT  
HS65_LS_CBI4I1X16          11      97.240      0.184     14.472    CORE65LPSVT  
HS65_LS_CBI4I1X5           12      43.680      0.060      6.627    CORE65LPSVT  
HS65_LS_CBI4I6X18          54     645.840      0.985     90.843    CORE65LPSVT  
HS65_LS_CBI4I6X5            9      32.760      0.032      4.721    CORE65LPSVT  
HS65_LS_CBI4I6X9            9      56.160      0.067      7.640    CORE65LPSVT  
HS65_LS_CNBFX103            2      31.200      0.119     10.397    CORE65LPSVT  
HS65_LS_CNBFX41             1       6.760      0.022      1.799    CORE65LPSVT  
HS65_LS_CNBFX45             1       8.320      0.025      2.636    CORE65LPSVT  
HS65_LS_CNBFX55             1       8.840      0.031      2.524    CORE65LPSVT  
HS65_LS_CNBFX82             2      24.960      0.091      7.717    CORE65LPSVT  
HS65_LS_CNIVX10             3       7.800      0.009      0.686    CORE65LPSVT  
HS65_LS_CNIVX103            1      11.960      0.048      2.793    CORE65LPSVT  
HS65_LS_CNIVX14             3       7.800      0.011      0.915    CORE65LPSVT  
HS65_LS_CNIVX17             1       3.120      0.005      0.398    CORE65LPSVT  
HS65_LS_CNIVX21            97     302.640      0.623     42.978    CORE65LPSVT  
HS65_LS_CNIVX24             1       3.640      0.008      0.452    CORE65LPSVT  
HS65_LS_CNIVX27            79     287.560      0.741     49.781    CORE65LPSVT  
HS65_LS_CNIVX3              1       1.560      0.001      0.169    CORE65LPSVT  
HS65_LS_CNIVX31             4      18.720      0.048      2.599    CORE65LPSVT  
HS65_LS_CNIVX34            18      84.240      0.248     14.932    CORE65LPSVT  
HS65_LS_CNIVX41             8      41.600      0.118      5.454    CORE65LPSVT  
HS65_LS_CNIVX45             2      12.480      0.040      1.781    CORE65LPSVT  
HS65_LS_CNIVX48            18     112.320      0.296     30.747    CORE65LPSVT  
HS65_LS_CNIVX55             6      40.560      0.120      7.313    CORE65LPSVT  
HS65_LS_CNIVX58             3      21.840      0.076      4.297    CORE65LPSVT  
HS65_LS_CNIVX62             5      36.400      0.122      6.958    CORE65LPSVT  
HS65_LS_CNIVX7            231     360.360      0.401     45.076    CORE65LPSVT  
HS65_LS_CNIVX82             5      49.400      0.181     10.077    CORE65LPSVT  
HS65_LS_CNXOR2X38           1      10.920      0.029      2.425    CLOCK65LPSVT 
HS65_LS_DFPHQX9           160    1664.000      1.572   1481.342    CORE65LPSVT  
HS65_LS_DFPQNX4             9      74.880      0.075     82.993    CORE65LPSVT  
HS65_LS_DFPQX18            72     599.040      0.894    684.354    CORE65LPSVT  
HS65_LS_DFPQX27            18     168.480      0.291    194.246    CORE65LPSVT  
HS65_LS_DFPQX4              9      70.200      0.074     84.076    CORE65LPSVT  
HS65_LS_DFPQX9           1215    9477.000     11.352  11021.707    CORE65LPSVT  
HS65_LS_DFPRQNX18           2      21.840      0.026     18.835    CORE65LPSVT  
HS65_LS_DFPRQNX9           50     520.000      0.489    452.743    CORE65LPSVT  
HS65_LS_DFPRQX4           133    1383.200      1.162   1162.672    CORE65LPSVT  
HS65_LS_DFPRQX9          1615   16796.000     16.003  14025.914    CORE65LPSVT  
HS65_LS_FA1X18            204    2864.160      4.962    963.191    CORE65LPSVT  
HS65_LS_FA1X27            291    6204.120     10.934   1515.461    CORE65LPSVT  
HS65_LS_FA1X35              2      53.040      0.103     12.496    CORE65LPSVT  
HS65_LS_FA1X4              25     234.000      0.164     24.918    CORE65LPSVT  
HS65_LS_FA1X9             148    1616.160      1.641    291.426    CORE65LPSVT  
HS65_LS_HA1X18            133     968.240      2.744    272.802    CORE65LPSVT  
HS65_LS_HA1X27              9     107.640      0.305     29.890    CORE65LPSVT  
HS65_LS_HA1X35             21     283.920      0.962    126.865    CORE65LPSVT  
HS65_LS_HA1X4              73     379.600      0.379     50.681    CORE65LPSVT  
HS65_LS_HA1X9             176    1098.240      1.696    222.928    CORE65LPSVT  
HS65_LS_IVX106              8      70.720      0.339     21.135    CORE65LPSVT  
HS65_LS_IVX13              11      22.880      0.048      2.719    CORE65LPSVT  
HS65_LS_IVX142              2      23.920      0.116      7.119    CORE65LPSVT  
HS65_LS_IVX18             581    1208.480      3.107    233.252    CORE65LPSVT  
HS65_LS_IVX2                1       1.560      0.001      0.019    CORE65LPSVT  
HS65_LS_IVX213              2      34.320      0.178     10.715    CORE65LPSVT  
HS65_LS_IVX22              17      53.040      0.132      7.193    CORE65LPSVT  
HS65_LS_IVX27             274     854.880      2.535    164.188    CORE65LPSVT  
HS65_LS_IVX31              25      91.000      0.275     14.432    CORE65LPSVT  
HS65_LS_IVX35              86     313.040      1.073     65.374    CORE65LPSVT  
HS65_LS_IVX40              17      70.720      0.248     12.845    CORE65LPSVT  
HS65_LS_IVX44              36     149.760      0.579     31.771    CORE65LPSVT  
HS65_LS_IVX49              10      52.000      0.185      9.292    CORE65LPSVT  
HS65_LS_IVX53              30     156.000      0.602     30.658    CORE65LPSVT  
HS65_LS_IVX62               1       5.720      0.024      1.611    CORE65LPSVT  
HS65_LS_IVX7               56      87.360      0.113      8.287    CORE65LPSVT  
HS65_LS_IVX71              15      93.600      0.411     21.906    CORE65LPSVT  
HS65_LS_IVX9             1292    2015.520      3.328    331.339    CORE65LPSVT  
HS65_LS_MUX21I1X12         45     304.200      0.573     58.087    CORE65LPSVT  
HS65_LS_MUX21I1X18          5      52.000      0.108      9.266    CORE65LPSVT  
HS65_LS_MUX21I1X24          3      37.440      0.090      7.288    CORE65LPSVT  
HS65_LS_MUX21I1X6          30     124.800      0.198     25.479    CORE65LPSVT  
HS65_LS_MUX21X18            4      24.960      0.071     16.247    CORE65LPSVT  
HS65_LS_MUX21X35            1      10.400      0.033      3.843    CORE65LPSVT  
HS65_LS_MUX21X4           201     836.160      0.954    286.091    CORE65LPSVT  
HS65_LS_MUXI21X15          27     280.800      0.524     40.593    CORE65LPSVT  
HS65_LS_MUXI21X2         1061    3862.040      2.726    608.251    CORE65LPSVT  
HS65_LS_MX41X7              6      46.800      0.053      6.555    CORE65LPSVT  
HS65_LS_NAND2AX14         141     586.560      1.149    131.643    CORE65LPSVT  
HS65_LS_NAND2AX21         214    1224.080      2.939    257.292    CORE65LPSVT  
HS65_LS_NAND2AX29         138     932.880      2.836    212.427    CORE65LPSVT  
HS65_LS_NAND2AX7          373    1163.760      1.823    219.784    CORE65LPSVT  
HS65_LS_NAND2X11          154     560.560      0.514     60.724    CORE65LPSVT  
HS65_LS_NAND2X14          548    1994.720      2.857    381.394    CORE65LPSVT  
HS65_LS_NAND2X21          345    1794.000      3.719    340.584    CORE65LPSVT  
HS65_LS_NAND2X29          183    1141.920      2.694    201.950    CORE65LPSVT  
HS65_LS_NAND2X43           62     548.080      2.022     98.785    CORE65LPSVT  
HS65_LS_NAND2X57           80     956.800      3.587    245.321    CORE65LPSVT  
HS65_LS_NAND2X7          1507    3134.560      3.946    616.703    CORE65LPSVT  
HS65_LS_NAND3AX13          35     200.200      0.433     44.221    CORE65LPSVT  
HS65_LS_NAND3AX19          11      85.800      0.214     12.595    CORE65LPSVT  
HS65_LS_NAND3AX25          22     217.360      0.416     17.688    CORE65LPSVT  
HS65_LS_NAND3AX6            2       7.280      0.002      0.000    CORE65LPSVT  
HS65_LS_NAND3X13          111     577.200      0.801     64.394    CORE65LPSVT  
HS65_LS_NAND3X19           16     108.160      0.261     15.200    CORE65LPSVT  
HS65_LS_NAND3X25           18     159.120      0.470     38.441    CORE65LPSVT  
HS65_LS_NAND3X38           27     351.000      0.378     61.112    CORE65LPSVT  
HS65_LS_NAND3X5            17      44.200      0.029      6.087    CORE65LPSVT  
HS65_LS_NAND3X6            26      81.120      0.077      9.548    CORE65LPSVT  
HS65_LS_NAND3X9             2      10.400      0.020      1.278    CORE65LPSVT  
HS65_LS_NAND4ABX3           4      14.560      0.004      0.151    CORE65LPSVT  
HS65_LS_NAND4X9            27     154.440      0.096     13.192    CORE65LPSVT  
HS65_LS_NOR2AX13          106     440.960      0.891     96.012    CORE65LPSVT  
HS65_LS_NOR2AX19           60     343.200      0.683     81.827    CORE65LPSVT  
HS65_LS_NOR2AX25           79     534.040      1.257    146.693    CORE65LPSVT  
HS65_LS_NOR2AX3           637    1656.200      1.587    259.716    CORE65LPSVT  
HS65_LS_NOR2AX6            86     268.320      0.381     41.460    CORE65LPSVT  
HS65_LS_NOR2X13           464    1688.960      3.026    345.206    CORE65LPSVT  
HS65_LS_NOR2X19           277    1440.400      2.902    263.296    CORE65LPSVT  
HS65_LS_NOR2X25           140     873.600      1.810    162.457    CORE65LPSVT  
HS65_LS_NOR2X38           100     884.000      2.023    153.117    CORE65LPSVT  
HS65_LS_NOR2X5              1       2.080      0.002      0.163    CORE65LPSVT  
HS65_LS_NOR2X50            30     358.800      1.130     55.875    CORE65LPSVT  
HS65_LS_NOR2X6            599    1245.920      1.816    211.985    CORE65LPSVT  
HS65_LS_NOR2X9             85     309.400      0.417     30.951    CORE65LPSVT  
HS65_LS_NOR3AX2             1       3.120      0.002      0.659    CORE65LPSVT  
HS65_LS_NOR3X4             24      62.400      0.052     10.457    CORE65LPSVT  
HS65_LS_NOR4ABX9           18     112.320      0.218     20.532    CORE65LPSVT  
HS65_LS_NOR4X4              3      15.600      0.022      0.000    CORE65LPSVT  
HS65_LS_NOR4X9              4      22.880      0.022      0.370    CORE65LPSVT  
HS65_LS_OA112X18            9      42.120      0.103     21.743    CORE65LPSVT  
HS65_LS_OA112X9            13      54.080      0.045      9.734    CORE65LPSVT  
HS65_LS_OA12X18           106     440.960      1.177    124.701    CORE65LPSVT  
HS65_LS_OA12X27            86     626.080      1.507    170.125    CORE65LPSVT  
HS65_LS_OA12X35            31     241.800      0.735     78.768    CORE65LPSVT  
HS65_LS_OA12X9             80     291.200      0.389     81.605    CORE65LPSVT  
HS65_LS_OA212X18            3      18.720      0.036      5.152    CORE65LPSVT  
HS65_LS_OA311X9             6      28.080      0.033      7.980    CORE65LPSVT  
HS65_LS_OAI112X5            3      10.920      0.021      2.994    CORE65LPSVT  
HS65_LS_OAI12X12          194    1008.800      1.801    241.992    CORE65LPSVT  
HS65_LS_OAI12X18          101     682.760      1.527    190.518    CORE65LPSVT  
HS65_LS_OAI12X24          120    1060.800      2.670    223.556    CORE65LPSVT  
HS65_LS_OAI12X3            41     106.600      0.091     11.099    CORE65LPSVT  
HS65_LS_OAI12X37           13     169.000      0.439     28.695    CORE65LPSVT  
HS65_LS_OAI12X5            20      62.400      0.070      5.889    CORE65LPSVT  
HS65_LS_OAI12X6            59     184.080      0.302     33.969    CORE65LPSVT  
HS65_LS_OAI12X9             8      41.600      0.065      3.909    CORE65LPSVT  
HS65_LS_OAI13X10            8      49.920      0.061      6.331    CORE65LPSVT  
HS65_LS_OAI211X11          22     137.280      0.115     13.991    CORE65LPSVT  
HS65_LS_OAI211X16           2      17.680      0.008      1.723    CORE65LPSVT  
HS65_LS_OAI212X10           2      16.640      0.018      2.696    CORE65LPSVT  
HS65_LS_OAI212X5         1278    5316.480      2.817   1372.882    CORE65LPSVT  
HS65_LS_OAI21X12           12      62.400      0.121      7.298    CORE65LPSVT  
HS65_LS_OAI21X18           27     182.520      0.397     31.698    CORE65LPSVT  
HS65_LS_OAI21X24           63     556.920      1.184     92.640    CORE65LPSVT  
HS65_LS_OAI21X3          1130    2938.000      2.734    541.212    CORE65LPSVT  
HS65_LS_OAI21X37            8     104.000      0.232     16.403    CORE65LPSVT  
HS65_LS_OAI21X49            1      17.160      0.039      1.621    CORE65LPSVT  
HS65_LS_OAI21X6             4      12.480      0.018      1.183    CORE65LPSVT  
HS65_LS_OAI21X9            13      67.600      0.100      7.583    CORE65LPSVT  
HS65_LS_OAI22X11            8      49.920      0.081     14.479    CORE65LPSVT  
HS65_LS_OAI22X17            1       8.840      0.013      1.555    CORE65LPSVT  
HS65_LS_OAI22X6            12      43.680      0.061     11.627    CORE65LPSVT  
HS65_LS_OAI311X5            6      24.960      0.020      6.006    CORE65LPSVT  
HS65_LS_OAI31X15            1       8.840      0.011      0.643    CORE65LPSVT  
HS65_LS_OR2ABX27            6      34.320      0.072      7.000    CORE65LPSVT  
HS65_LS_OR2X18             75     273.000      0.719     65.916    CORE65LPSVT  
HS65_LS_OR2X27             50     286.000      0.755     87.384    CORE65LPSVT  
HS65_LS_OR2X35             28     174.720      0.574     48.351    CORE65LPSVT  
HS65_LS_OR2X9             159     496.080      0.698    108.661    CORE65LPSVT  
HS65_LS_PAO2X27             1       9.880      0.016      4.030    CORE65LPSVT  
HS65_LS_PAO2X9             27     126.360      0.130     34.254    CORE65LPSVT  
HS65_LS_PAOI2X17            5      54.600      0.056     16.135    CORE65LPSVT  
HS65_LS_PAOI2X22            6      90.480      0.125     11.512    CORE65LPSVT  
HS65_LS_PAOI2X6            24      99.840      0.100     21.189    CORE65LPSVT  
HS65_LS_SDFPRQNX4          40     499.200      0.385    407.488    CORE65LPSVT  
HS65_LS_SDFPRQX4           39     486.720      0.374    425.117    CORE65LPSVT  
HS65_LS_SDFPRQX9           89    1110.720      0.952   1188.172    CORE65LPSVT  
HS65_LS_XNOR2X18          181    1223.560      3.979    403.480    CORE65LPSVT  
HS65_LS_XNOR2X27           15     156.000      0.471     33.349    CORE65LPSVT  
HS65_LS_XNOR2X35           24     274.560      1.043     76.109    CORE65LPSVT  
HS65_LS_XNOR2X9            36     187.200      0.352     50.927    CORE65LPSVT  
HS65_LS_XNOR3X27            3      51.480      0.073      9.347    CORE65LPSVT  
HS65_LS_XOR2X18           127     858.520      2.793    381.105    CORE65LPSVT  
HS65_LS_XOR2X27            62     644.800      1.978    248.314    CORE65LPSVT  
HS65_LS_XOR2X35           181    2070.640      7.934    805.708    CORE65LPSVT  
HS65_LS_XOR2X4             24     112.320      0.143     20.883    CORE65LPSVT  
HS65_LS_XOR2X9             43     223.600      0.427     78.372    CORE65LPSVT  
--------------------------------------------------------------------------------
total                   23054  121223.960    198.254  51210.423                 


                                                Leakage  Leakage  Internal  Internal 
   Library   Instances Instances %    Area    Power (uW) Power % Power (uW)  Power % 
-------------------------------------------------------------------------------------
CLOCK65LPSVT         1         0.0     10.920      0.029     0.0      2.425      0.0 
CORE65LPSVT      23053       100.0 121213.040    198.225   100.0  51207.998    100.0 

                                             Leakage  Leakage  Internal  Internal 
     Type      Instances    Area    Area % Power (uW) Power % Power (uW)  Power % 
----------------------------------------------------------------------------------
sequential          3451  32871.280   27.1     33.650    17.0  31229.661     61.0 
inverter            2950   6708.520    5.5     16.388     8.3   1201.259      2.3 
buffer               450   2013.960    1.7      7.148     3.6    710.295      1.4 
logic              16203  79630.200   65.7    141.067    71.2  18069.208     35.3 
physical_cells         0      0.000    0.0      0.000     0.0      0.000      0.0 
----------------------------------------------------------------------------------
total              23054 121223.960  100.0    198.254   100.0  51210.423    100.0 

