============================================================
  Generated by:           Genus(TM) Synthesis Solution 17.10-p007_1
  Generated on:           Mar 03 2020  04:37:33 pm
  Module:                 INTER_2
  Technology libraries:   CORE65LPSVT 
                          CLOCK65LPSVT 
                          physical_cells 
  Operating conditions:   _nominal_ 
  Interconnect mode:      global
  Area mode:              physical library
============================================================

Aspect ratio        : 1.00
Shrink factor       : 1.00
Scale of res/length : 1.00
Scale of cap/length : 1.00
Net derating factor : 1.00
Thermal factor      : 1.33
Via Resistance      : 0.01 ohm (from cap_table_file)
Site size           : 2.80 um (from lef [tech+cell])

                                   Capacitance  
  Layer                             / Length         Data source:
Name        Direction Utilization  (pF/micron)       cap_table_file
------------------------------------------------
M1              H         0.00        0.000199  
M2              V         1.00        0.000175  
M3              H         1.00        0.000175  
M4              V         1.00        0.000175  
M5              H         1.00        0.000172  
M6              V         1.00        0.000263  
M7              H         1.00        0.000231  

                                    Resistance   
  Layer                              / Length         Data source:
Name        Direction Utilization  (ohm/micron)       cap_table_file
-------------------------------------------------
M1              H         0.00         1.574300  
M2              V         1.00         1.195920  
M3              H         1.00         1.195920  
M4              V         1.00         1.195920  
M5              H         1.00         1.195920  
M6              V         1.00         0.064125  
M7              H         1.00         0.064125  

                                        Area     
  Layer                               / Length        Data source:
Name        Direction Utilization     (micron)        lef_library
-------------------------------------------------
M1              H         0.00         0.100000  
M2              V         1.00         0.100000  
M3              H         1.00         0.100000  
M4              V         1.00         0.100000  
M5              H         1.00         0.100000  
M6              V         1.00         0.400000  
M7              H         1.00         0.400000  

