============================================================
  Generated by:           Genus(TM) Synthesis Solution 17.10-p007_1
  Generated on:           Feb 22 2020  02:23:31 am
  Module:                 filter_regular
  Technology libraries:   CORE65LPSVT 
                          CLOCK65LPSVT 
                          physical_cells 
  Operating conditions:   _nominal_ 
  Interconnect mode:      global
  Area mode:              physical library
============================================================

                                            Leakage   Internal  
       Gate        Instances     Area     Power (uW) Power (uW)     Library    
-------------------------------------------------------------------------------
HS65_LSS_XNOR2X6        5799    24123.840     39.019    567.405    CORE65LPSVT 
HS65_LSS_XNOR3X2         400     3328.000      1.808     23.036    CORE65LPSVT 
HS65_LSS_XOR2X6         7032    29253.120     40.789    781.289    CORE65LPSVT 
HS65_LSS_XOR3X2         3373    26309.400     18.418    285.277    CORE65LPSVT 
HS65_LS_AND2ABX27        129      737.880      1.711      0.163    CORE65LPSVT 
HS65_LS_AND2X4          1678     4362.800      3.979     52.710    CORE65LPSVT 
HS65_LS_AO112X9          490     2038.400      2.253     54.691    CORE65LPSVT 
HS65_LS_AO12X9          2696     9813.440     13.001    200.577    CORE65LPSVT 
HS65_LS_AO32X4          1548     7244.640      3.249    115.150    CORE65LPSVT 
HS65_LS_AOI12X2         2256     5865.600      3.752     71.919    CORE65LPSVT 
HS65_LS_AOI12X6           41      127.920      0.141      3.972    CORE65LPSVT 
HS65_LS_AOI212X4         258     1073.280      0.946     26.121    CORE65LPSVT 
HS65_LS_AOI21X2          928     2412.800      1.194     10.605    CORE65LPSVT 
HS65_LS_AOI21X6          346     1079.520      1.359     25.322    CORE65LPSVT 
HS65_LS_AOI22X6          129      469.560      0.260      1.419    CORE65LPSVT 
HS65_LS_AOI312X4          71      369.200      0.483      4.408    CORE65LPSVT 
HS65_LS_BFX142            20      312.000      1.567     29.551    CORE65LPSVT 
HS65_LS_BFX18           1220     3806.400      9.853    207.290    CORE65LPSVT 
HS65_LS_BFX27            510     1856.400      6.453    132.746    CORE65LPSVT 
HS65_LS_BFX9               1        2.080      0.004      0.092    CORE65LPSVT 
HS65_LS_CB4I1X9          129      536.640      0.492      0.036    CORE65LPSVT 
HS65_LS_CB4I6X9          974     4051.840      4.214    107.702    CORE65LPSVT 
HS65_LS_CBI4I1X5         460     1674.400      1.694     26.966    CORE65LPSVT 
HS65_LS_CNIVX7            82      127.920      0.148      3.503    CORE65LPSVT 
HS65_LS_DFPHQX9        20382   211972.800    205.205  10502.219    CORE65LPSVT 
HS65_LS_DFPRQNX9         455     4732.000      4.478    239.053    CORE65LPSVT 
HS65_LS_DFPRQX18          21      229.320      0.277     12.273    CORE65LPSVT 
HS65_LS_DFPRQX27         256     3061.760      4.260    173.648    CORE65LPSVT 
HS65_LS_DFPRQX35         584     7288.320     11.761    463.477    CORE65LPSVT 
HS65_LS_DFPRQX9           24      249.600      0.240     12.208    CORE65LPSVT 
HS65_LS_FA1X4          93228   872614.080    580.449  12146.017    CORE65LPSVT 
HS65_LS_HA1X4          10621    55229.200     55.471    672.828    CORE65LPSVT 
HS65_LS_IVX18           3698     7691.840     19.547    302.620    CORE65LPSVT 
HS65_LS_IVX27           1102     3438.240     10.082    150.269    CORE65LPSVT 
HS65_LS_IVX35           1317     4793.880     16.524    217.961    CORE65LPSVT 
HS65_LS_IVX44             59      245.440      0.947     18.466    CORE65LPSVT 
HS65_LS_IVX9           47333    73839.480    115.466   1711.948    CORE65LPSVT 
HS65_LS_MUX21I1X6        258     1073.280      1.585     19.102    CORE65LPSVT 
HS65_LS_MUXI21X2         258      939.120      0.771      0.000    CORE65LPSVT 
HS65_LS_NAND2AX7        1354     4224.480      6.194     86.045    CORE65LPSVT 
HS65_LS_NAND2X7         6810    14164.800     17.438    246.961    CORE65LPSVT 
HS65_LS_NAND3AX6         142      516.880      0.795     11.455    CORE65LPSVT 
HS65_LS_NAND3X5          187      486.200      0.306      2.669    CORE65LPSVT 
HS65_LS_NAND4ABX3         71      258.440      0.214      4.650    CORE65LPSVT 
HS65_LS_NOR2AX3         3904    10150.400     10.127     58.485    CORE65LPSVT 
HS65_LS_NOR2X6          8615    17919.200     24.655    254.844    CORE65LPSVT 
HS65_LS_NOR3AX2           58      180.960      0.215      0.000    CORE65LPSVT 
HS65_LS_NOR3X4           129      335.400      0.520      2.391    CORE65LPSVT 
HS65_LS_OA12X9           714     2598.960      3.496     46.154    CORE65LPSVT 
HS65_LS_OA212X4          129      670.800      0.358     11.450    CORE65LPSVT 
HS65_LS_OAI112X5          58      211.120      0.285      6.306    CORE65LPSVT 
HS65_LS_OAI12X3         3238     8418.800      6.436     92.996    CORE65LPSVT 
HS65_LS_OAI211X5          71      258.440      0.179      5.957    CORE65LPSVT 
HS65_LS_OAI21X3          901     2342.600      2.093     21.843    CORE65LPSVT 
HS65_LS_OAI22X6          258      939.120      1.043     24.289    CORE65LPSVT 
HS65_LS_OAI32X5          129      536.640      0.265     13.436    CORE65LPSVT 
HS65_LS_OR2X9           2845     8876.400     14.106    184.283    CORE65LPSVT 
HS65_LS_OR4X4             71      369.200      0.341      6.142    CORE65LPSVT 
HS65_LS_PAO2X9          6577    30780.360     30.017    632.158    CORE65LPSVT 
HS65_LS_PAOI2X1         2447     8907.080      2.776     55.069    CORE65LPSVT 
HS65_LS_PAOI3X1           71      258.440      0.090      2.822    CORE65LPSVT 
HS65_LS_XOR2X9           187      972.400      1.859     35.713    CORE65LPSVT 
HS65_LS_XOR3X9           439     4109.040      3.212     43.056    CORE65LPSVT 
-------------------------------------------------------------------------------
total                 249571  1496861.600   1310.872  31223.215                


                                              Leakage  Leakage  Internal  Internal 
     Type      Instances     Area    Area % Power (uW) Power % Power (uW)  Power % 
-----------------------------------------------------------------------------------
sequential         21722  227533.800   15.2    226.222    17.3  11402.878     36.5 
inverter           53591   90136.800    6.0    162.715    12.4   2404.768      7.7 
buffer              1751    5976.880    0.4     17.877     1.4    369.679      1.2 
logic             172507 1173214.120   78.4    904.057    69.0  17045.890     54.6 
physical_cells         0       0.000    0.0      0.000     0.0      0.000      0.0 
-----------------------------------------------------------------------------------
total             249571 1496861.600  100.0   1310.872   100.0  31223.215    100.0 

