============================================================
  Generated by:           Genus(TM) Synthesis Solution 17.10-p007_1
  Generated on:           Jan 27 2020  11:36:32 pm
  Module:                 INTER_4
  Technology libraries:   CORE65LPSVT 
                          CLOCK65LPSVT 
                          physical_cells 
  Operating conditions:   _nominal_ 
  Interconnect mode:      global
  Area mode:              physical library
============================================================

                                     Leakage   Internal    Net        Dynamic          Total       
                                                                  (Internal+Net) (Leakage+Dynamic) 
           Instance           Cells Power(uW) Power(uW) Power(uW)    Power(uW)       Power(uW)     
---------------------------------------------------------------------------------------------------
INTER_4                        7214    68.478  4942.008  3337.497       8279.505          8347.983 
  gen_filter[1].U_S0            741     6.941   315.649   298.308        613.957           620.898 
    csa_tree_U.._18_10_groupi    75     1.007    79.159    58.205        137.364           138.371 
    csa_tree_U.._18_10_groupi    75     1.001    80.058    58.186        138.244           139.245 
    addinc_U_S2_add_18_16        77     0.762    21.767    25.243         47.010            47.772 
    addinc_U_S22_add_18_16       77     0.747    21.929    25.938         47.867            48.614 
    csa_tree_U.._18_10_groupi    87     0.744    16.422    21.337         37.759            38.503 
    csa_tree_U.._18_10_groupi    85     0.707    13.430    17.962         31.392            32.099 
    csa_tree_U.._18_10_groupi    44     0.435    37.676    30.547         68.223            68.658 
    U_S11_add_41_16              57     0.334     8.300     9.492         17.791            18.125 
    U_2_U_S1_add_18_10           18     0.248     9.967     9.490         19.457            19.705 
    U_1_U_S1_add_18_10           18     0.247     8.078     7.939         16.017            16.264 
    U_2_U_S0_add_18_10           31     0.174     6.759     8.403         15.161            15.335 
    U_1_U_S0_add_18_10           31     0.173     5.603     6.743         12.347            12.520 
  gen_filter[8].U_S0            754     6.905   291.511   284.700        576.210           583.115 
    csa_tree_U.._18_10_groupi    75     1.013    71.554    54.331        125.885           126.898 
    csa_tree_U.._18_10_groupi    75     1.001    75.717    55.289        131.006           132.007 
    addinc_U_S2_add_18_16        77     0.768    21.247    25.647         46.894            47.662 
    addinc_U_S22_add_18_16       77     0.762    23.221    27.289         50.510            51.272 
    csa_tree_U.._18_10_groupi    87     0.747    15.804    20.976         36.779            37.526 
    csa_tree_U.._18_10_groupi    85     0.708    12.334    15.988         28.322            29.030 
    csa_tree_U.._18_10_groupi    44     0.435    31.914    26.655         58.569            59.004 
    U_S11_add_41_16              57     0.333     8.147     9.257         17.404            17.737 
    U_2_U_S1_add_18_10           18     0.247     8.830     8.433         17.263            17.510 
    U_1_U_S1_add_18_10           18     0.245     7.272     7.513         14.785            15.030 
    U_2_U_S0_add_18_10           31     0.175     4.656     5.842         10.498            10.674 
    U_1_U_S0_add_18_10           31     0.173     5.608     6.788         12.395            12.568 
  gen_filter[7].U_S0            747     6.883   282.301   271.554        553.855           560.738 
    csa_tree_U.._18_10_groupi    75     1.014    71.086    52.525        123.611           124.625 
    csa_tree_U.._18_10_groupi    75     1.002    72.566    53.246        125.812           126.814 
    addinc_U_S2_add_18_16        77     0.760    19.349    22.944         42.293            43.053 
    addinc_U_S22_add_18_16       77     0.748    19.395    22.558         41.953            42.701 
    csa_tree_U.._18_10_groupi    87     0.744    12.652    16.746         29.397            30.141 
    csa_tree_U.._18_10_groupi    85     0.706    15.161    19.379         34.541            35.247 
    csa_tree_U.._18_10_groupi    44     0.435    32.439    27.304         59.743            60.178 
    U_S11_add_41_16              57     0.337     8.343     9.418         17.760            18.098 
    U_1_U_S1_add_18_10           18     0.251     7.826     7.290         15.115            15.366 
    U_2_U_S1_add_18_10           18     0.245     7.272     7.513         14.785            15.031 
    U_1_U_S0_add_18_10           31     0.175     5.506     6.610         12.117            12.292 
    U_2_U_S0_add_18_10           31     0.173     5.609     7.189         12.798            12.971 
  gen_filter[0].U_S0            751     6.883   293.223   286.786        580.008           586.892 
    csa_tree_U.._18_10_groupi    75     1.007    72.075    53.503        125.578           126.585 
    csa_tree_U.._18_10_groupi    75     1.002    71.192    53.064        124.256           125.258 
    addinc_U_S2_add_18_16        77     0.762    21.446    26.020         47.465            48.227 
    addinc_U_S22_add_18_16       77     0.755    23.248    27.531         50.778            51.533 
    csa_tree_U.._18_10_groupi    87     0.742    17.873    22.915         40.788            41.529 
    csa_tree_U.._18_10_groupi    85     0.705    12.651    16.607         29.259            29.964 
    csa_tree_U.._18_10_groupi    44     0.436    34.773    28.528         63.301            63.737 
    U_S11_add_41_16              57     0.335     8.747     9.711         18.458            18.793 
    U_2_U_S1_add_18_10           18     0.247     8.078     7.939         16.017            16.264 
    U_1_U_S1_add_18_10           18     0.247     7.476     7.325         14.801            15.048 
    U_2_U_S0_add_18_10           31     0.173     5.605     7.174         12.779            12.952 
    U_1_U_S0_add_18_10           31     0.172     4.979     6.035         11.014            11.186 
  gen_filter[2].U_S0            740     6.877   328.442   313.068        641.510           648.387 
    csa_tree_U.._18_10_groupi    75     1.007    85.947    62.727        148.674           149.681 
    csa_tree_U.._18_10_groupi    75     1.001    83.471    61.808        145.279           146.280 
    addinc_U_S2_add_18_16        77     0.769    22.492    26.848         49.339            50.109 
    addinc_U_S22_add_18_16       77     0.757    22.798    27.408         50.206            50.963 
    csa_tree_U.._18_10_groupi    87     0.751    14.649    20.083         34.731            35.482 
    csa_tree_U.._18_10_groupi    85     0.710    14.880    18.976         33.856            34.566 
    csa_tree_U.._18_10_groupi    44     0.434    38.091    31.494         69.586            70.019 
    U_S11_add_41_16              57     0.335     8.978    10.614         19.592            19.927 
    U_2_U_S1_add_18_10           18     0.248     8.600     8.022         16.622            16.870 
    U_1_U_S1_add_18_10           18     0.248     9.967     9.490         19.457            19.705 
    U_2_U_S0_add_18_10           31     0.175     6.239     7.747         13.986            14.161 
    U_1_U_S0_add_18_10           31     0.174     6.758     7.862         14.620            14.794 
  gen_filter[3].U_S0            737     6.834   345.471   330.081        675.551           682.385 
    csa_tree_U.._18_10_groupi    75     1.014    86.783    65.179        151.961           152.975 
    csa_tree_U.._18_10_groupi    75     1.007    85.083    61.864        146.947           147.954 
    addinc_U_S2_add_18_16        77     0.767    27.195    31.686         58.881            59.648 
    addinc_U_S22_add_18_16       77     0.762    25.203    30.056         55.259            56.020 
    csa_tree_U.._18_10_groupi    87     0.742    16.861    21.760         38.622            39.363 
    csa_tree_U.._18_10_groupi    85     0.704    16.748    21.766         38.513            39.217 
    csa_tree_U.._18_10_groupi    44     0.434    40.168    34.111         74.279            74.713 
    U_S11_add_41_16              57     0.339    10.954    12.027         22.981            23.320 
    U_2_U_S1_add_18_10           18     0.249    10.210     9.611         19.821            20.071 
    U_1_U_S1_add_18_10           18     0.248     8.600     8.022         16.622            16.870 
    U_1_U_S0_add_18_10           31     0.175     6.238     7.272         13.510            13.685 
    U_2_U_S0_add_18_10           31     0.174     6.766     8.468         15.234            15.408 
  gen_filter[6].U_S0            740     6.829   307.264   295.112        602.376           609.205 
    csa_tree_U.._18_10_groupi    75     1.015    77.455    56.989        134.444           135.459 
    csa_tree_U.._18_10_groupi    75     1.001    76.290    56.450        132.741           133.742 
    addinc_U_S2_add_18_16        77     0.759    23.085    27.988         51.074            51.833 
    addinc_U_S22_add_18_16       77     0.759    21.958    25.908         47.866            48.625 
    csa_tree_U.._18_10_groupi    87     0.745    13.833    18.718         32.550            33.296 
    csa_tree_U.._18_10_groupi    85     0.701    16.197    20.582         36.779            37.481 
    csa_tree_U.._18_10_groupi    44     0.434    36.152    30.656         66.808            67.242 
    U_S11_add_41_16              57     0.336     9.732    10.846         20.578            20.914 
    U_2_U_S1_add_18_10           18     0.251     7.826     7.290         15.115            15.366 
    U_1_U_S1_add_18_10           18     0.245     9.448     9.193         18.642            18.886 
    U_2_U_S0_add_18_10           31     0.175     5.507     6.947         12.454            12.630 
    U_1_U_S0_add_18_10           31     0.173     5.275     6.278         11.553            11.726 
  gen_filter[5].U_S0            737     6.817   314.551   299.958        614.510           621.327 
    csa_tree_U.._18_10_groupi    75     1.012    84.901    63.266        148.167           149.179 
    csa_tree_U.._18_10_groupi    75     1.007    80.559    59.210        139.769           140.776 
    addinc_U_S22_add_18_16       77     0.755    20.178    24.818         44.996            45.751 
    addinc_U_S2_add_18_16        77     0.754    20.923    25.053         45.977            46.731 
    csa_tree_U.._18_10_groupi    87     0.753    12.648    16.968         29.616            30.370 
    csa_tree_U.._18_10_groupi    85     0.711    14.553    18.821         33.374            34.085 
    csa_tree_U.._18_10_groupi    44     0.434    36.475    30.191         66.666            67.101 
    U_S11_add_41_16              57     0.335     9.130    10.483         19.613            19.948 
    U_1_U_S1_add_18_10           18     0.247     9.036     9.447         18.483            18.731 
    U_2_U_S1_add_18_10           18     0.245     9.448     9.193         18.642            18.886 
    U_1_U_S0_add_18_10           31     0.175     6.940     8.243         15.182            15.357 
    U_2_U_S0_add_18_10           31     0.173     5.276     6.687         11.962            12.135 
  gen_filter[4].U_S0            737     6.806   331.320   316.855        648.176           654.981 
    csa_tree_U.._18_10_groupi    75     1.012    80.268    60.514        140.783           141.794 
    csa_tree_U.._18_10_groupi    75     1.006    87.806    64.826        152.632           153.638 
    addinc_U_S22_add_18_16       77     0.757    22.055    25.265         47.320            48.077 
    csa_tree_U.._18_10_groupi    87     0.751    16.104    21.224         37.327            38.078 
    addinc_U_S2_add_18_16        77     0.739    22.103    26.025         48.129            48.867 
    csa_tree_U.._18_10_groupi    85     0.707    15.611    20.270         35.881            36.588 
    csa_tree_U.._18_10_groupi    44     0.435    38.504    32.903         71.407            71.841 
    U_S11_add_41_16              57     0.336    11.337    12.313         23.650            23.986 
    U_1_U_S1_add_18_10           18     0.249    10.210     9.611         19.821            20.071 
    U_2_U_S1_add_18_10           18     0.247     9.036     9.447         18.483            18.731 
    U_2_U_S0_add_18_10           31     0.175     6.941     8.738         15.678            15.853 
    U_1_U_S0_add_18_10           31     0.174     6.765     7.927         14.692            14.867 

