============================================================
  Generated by:           Genus(TM) Synthesis Solution 17.10-p007_1
  Generated on:           Feb 21 2020  10:44:21 am
  Module:                 INTER_8
  Technology libraries:   CORE65LPSVT 
                          CLOCK65LPSVT 
                          physical_cells 
  Operating conditions:   _nominal_ 
  Interconnect mode:      global
  Area mode:              physical library
============================================================

                                           Leakage   Internal  
       Gate         Instances    Area    Power (uW) Power (uW)     Library    
------------------------------------------------------------------------------
HS65_LSS_XNOR2X12         142    959.920      1.863      0.000    CORE65LPSVT 
HS65_LSS_XNOR2X18          12    124.800      0.277      0.000    CORE65LPSVT 
HS65_LSS_XNOR2X24           1     12.480      0.033      0.000    CORE65LPSVT 
HS65_LSS_XNOR2X3           10     41.600      0.034      0.000    CORE65LPSVT 
HS65_LSS_XNOR2X6          178    740.480      1.197      0.000    CORE65LPSVT 
HS65_LSS_XOR2X12            3     18.720      0.039      0.000    CORE65LPSVT 
HS65_LSS_XOR2X6           135    561.600      0.799      0.000    CORE65LPSVT 
HS65_LS_AND2ABX18           2      8.320      0.017      0.000    CORE65LPSVT 
HS65_LS_AND2X18            60    218.400      0.600      0.000    CORE65LPSVT 
HS65_LS_AND2X27            25    143.000      0.389      0.000    CORE65LPSVT 
HS65_LS_AND2X35             5     31.200      0.097      0.000    CORE65LPSVT 
HS65_LS_AND2X4             89    231.400      0.205      0.000    CORE65LPSVT 
HS65_LS_AND2X9             40    124.800      0.177      0.000    CORE65LPSVT 
HS65_LS_AND3X35            10     78.000      0.200      0.000    CORE65LPSVT 
HS65_LS_AND3X9              5     18.200      0.026      0.000    CORE65LPSVT 
HS65_LS_AO12X18             4     16.640      0.042      0.000    CORE65LPSVT 
HS65_LS_AO12X9             10     36.400      0.049      0.000    CORE65LPSVT 
HS65_LS_AO311X9            10     46.800      0.043      0.000    CORE65LPSVT 
HS65_LS_AOI12X12           50    260.000      0.386      0.000    CORE65LPSVT 
HS65_LS_AOI12X17           10     67.600      0.122      0.000    CORE65LPSVT 
HS65_LS_AOI12X2            16     41.600      0.024      0.000    CORE65LPSVT 
HS65_LS_AOI12X23           10     88.400      0.167      0.000    CORE65LPSVT 
HS65_LS_AOI12X3             4     12.480      0.006      0.000    CORE65LPSVT 
HS65_LS_AOI12X35           10    130.000      0.276      0.000    CORE65LPSVT 
HS65_LS_AOI12X46            5     85.800      0.123      0.000    CORE65LPSVT 
HS65_LS_AOI12X6            34    106.080      0.145      0.000    CORE65LPSVT 
HS65_LS_AOI12X9             5     26.000      0.025      0.000    CORE65LPSVT 
HS65_LS_AOI13X20            5     59.800      0.066      0.000    CORE65LPSVT 
HS65_LS_AOI21X12           25    130.000      0.182      0.000    CORE65LPSVT 
HS65_LS_AOI21X17            6     40.560      0.063      0.000    CORE65LPSVT 
HS65_LS_AOI21X23           10     88.400      0.151      0.000    CORE65LPSVT 
HS65_LS_AOI21X35            5     65.000      0.135      0.000    CORE65LPSVT 
HS65_LS_AOI21X9             1      5.200      0.005      0.000    CORE65LPSVT 
HS65_LS_AOI22X6             5     18.200      0.018      0.000    CORE65LPSVT 
HS65_LS_AOI31X10            5     31.200      0.037      0.000    CORE65LPSVT 
HS65_LS_BFX106              8     95.680      0.464      0.000    CORE65LPSVT 
HS65_LS_BFX18              14     43.680      0.112      0.000    CORE65LPSVT 
HS65_LS_BFX27              45    163.800      0.569      0.000    CORE65LPSVT 
HS65_LS_BFX35              15     78.000      0.261      0.000    CORE65LPSVT 
HS65_LS_BFX44               9     51.480      0.202      0.000    CORE65LPSVT 
HS65_LS_BFX53               9     56.160      0.245      0.000    CORE65LPSVT 
HS65_LS_BFX62               4     31.200      0.129      0.000    CORE65LPSVT 
HS65_LS_BFX71              13    108.160      0.487      0.000    CORE65LPSVT 
HS65_LS_BFX9                5     10.400      0.016      0.000    CORE65LPSVT 
HS65_LS_CB4I1X18           24    124.800      0.288      0.000    CORE65LPSVT 
HS65_LS_CB4I1X27            1      8.840      0.015      0.000    CORE65LPSVT 
HS65_LS_CB4I1X35            3     28.080      0.088      0.000    CORE65LPSVT 
HS65_LS_CB4I6X18            4     20.800      0.036      0.000    CORE65LPSVT 
HS65_LS_CB4I6X9             5     20.800      0.023      0.000    CORE65LPSVT 
HS65_LS_CBI4I1X11           7     43.680      0.078      0.000    CORE65LPSVT 
HS65_LS_CBI4I1X16           4     35.360      0.039      0.000    CORE65LPSVT 
HS65_LS_CBI4I1X21           1     11.960      0.028      0.000    CORE65LPSVT 
HS65_LS_CBI4I1X5           53    192.920      0.248      0.000    CORE65LPSVT 
HS65_LS_CNIVX21            22     68.640      0.179      0.000    CORE65LPSVT 
HS65_LS_CNIVX27            48    174.720      0.442      0.000    CORE65LPSVT 
HS65_LS_CNIVX34            10     46.800      0.145      0.000    CORE65LPSVT 
HS65_LS_DFPRQNX9            2     20.800      0.016      0.000    CORE65LPSVT 
HS65_LS_DFPRQX18           92   1004.640      1.111      0.000    CORE65LPSVT 
HS65_LS_DFPRQX27            1     11.960      0.015      0.000    CORE65LPSVT 
HS65_LS_DFPRQX4           110   1144.000      0.830      0.000    CORE65LPSVT 
HS65_LS_DFPRQX9            65    676.000      0.570      0.000    CORE65LPSVT 
HS65_LS_FA1X18            206   2892.240      4.980      0.000    CORE65LPSVT 
HS65_LS_FA1X27            270   5756.400     10.109      0.000    CORE65LPSVT 
HS65_LS_FA1X4              20    187.200      0.126      0.000    CORE65LPSVT 
HS65_LS_FA1X9             134   1463.280      1.453      0.000    CORE65LPSVT 
HS65_LS_HA1X18             10     72.800      0.203      0.000    CORE65LPSVT 
HS65_LS_HA1X35             10    135.200      0.453      0.000    CORE65LPSVT 
HS65_LS_HA1X4              30    156.000      0.157      0.000    CORE65LPSVT 
HS65_LS_HA1X9              36    224.640      0.347      0.000    CORE65LPSVT 
HS65_LS_IVX13              10     20.800      0.041      0.000    CORE65LPSVT 
HS65_LS_IVX18             471    979.680      2.559      0.000    CORE65LPSVT 
HS65_LS_IVX2                1      1.560      0.001      0.000    CORE65LPSVT 
HS65_LS_IVX22               5     15.600      0.041      0.000    CORE65LPSVT 
HS65_LS_IVX27             147    458.640      1.363      0.000    CORE65LPSVT 
HS65_LS_IVX31              36    131.040      0.397      0.000    CORE65LPSVT 
HS65_LS_IVX35              47    171.080      0.588      0.000    CORE65LPSVT 
HS65_LS_IVX44              44    183.040      0.712      0.000    CORE65LPSVT 
HS65_LS_IVX53              10     52.000      0.201      0.000    CORE65LPSVT 
HS65_LS_IVX7               10     15.600      0.021      0.000    CORE65LPSVT 
HS65_LS_IVX9              517    806.520      1.283      0.000    CORE65LPSVT 
HS65_LS_MUX21I1X12          2     13.520      0.025      0.000    CORE65LPSVT 
HS65_LS_MUX21I1X6           9     37.440      0.060      0.000    CORE65LPSVT 
HS65_LS_MUX21X18           25    156.000      0.496      0.000    CORE65LPSVT 
HS65_LS_NAND2AX14         131    544.960      1.232      0.000    CORE65LPSVT 
HS65_LS_NAND2AX21          95    543.400      1.317      0.000    CORE65LPSVT 
HS65_LS_NAND2AX29          25    169.000      0.403      0.000    CORE65LPSVT 
HS65_LS_NAND2AX7          174    542.880      0.785      0.000    CORE65LPSVT 
HS65_LS_NAND2X11            5     18.200      0.045      0.000    CORE65LPSVT 
HS65_LS_NAND2X14          331   1204.840      2.235      0.000    CORE65LPSVT 
HS65_LS_NAND2X21          123    639.600      1.534      0.000    CORE65LPSVT 
HS65_LS_NAND2X29           70    436.800      1.047      0.000    CORE65LPSVT 
HS65_LS_NAND2X43           16    141.440      0.329      0.000    CORE65LPSVT 
HS65_LS_NAND2X7           573   1191.840      1.684      0.000    CORE65LPSVT 
HS65_LS_NAND3AX13           3     17.160      0.032      0.000    CORE65LPSVT 
HS65_LS_NAND3AX19          24    187.200      0.324      0.000    CORE65LPSVT 
HS65_LS_NAND3AX25          25    247.000      0.342      0.000    CORE65LPSVT 
HS65_LS_NAND3AX6           14     50.960      0.053      0.000    CORE65LPSVT 
HS65_LS_NAND3X13           40    208.000      0.270      0.000    CORE65LPSVT 
HS65_LS_NAND3X19           30    202.800      0.352      0.000    CORE65LPSVT 
HS65_LS_NAND3X25           20    176.800      0.412      0.000    CORE65LPSVT 
HS65_LS_NAND4ABX25         10    119.600      0.135      0.000    CORE65LPSVT 
HS65_LS_NAND4ABX6          10     41.600      0.036      0.000    CORE65LPSVT 
HS65_LS_NOR2AX13           90    374.400      0.833      0.000    CORE65LPSVT 
HS65_LS_NOR2AX19           51    291.720      0.660      0.000    CORE65LPSVT 
HS65_LS_NOR2AX25           20    135.200      0.332      0.000    CORE65LPSVT 
HS65_LS_NOR2AX3           315    819.000      0.796      0.000    CORE65LPSVT 
HS65_LS_NOR2AX6            60    187.200      0.230      0.000    CORE65LPSVT 
HS65_LS_NOR2X13           235    855.400      1.377      0.000    CORE65LPSVT 
HS65_LS_NOR2X19           106    551.200      1.057      0.000    CORE65LPSVT 
HS65_LS_NOR2X25            99    617.760      1.291      0.000    CORE65LPSVT 
HS65_LS_NOR2X38           130   1149.200      2.766      0.000    CORE65LPSVT 
HS65_LS_NOR2X50            27    322.920      0.743      0.000    CORE65LPSVT 
HS65_LS_NOR2X6            332    690.560      0.920      0.000    CORE65LPSVT 
HS65_LS_NOR2X9              1      3.640      0.006      0.000    CORE65LPSVT 
HS65_LS_NOR3X18             5     44.200      0.051      0.000    CORE65LPSVT 
HS65_LS_NOR3X4             10     26.000      0.026      0.000    CORE65LPSVT 
HS65_LS_OA12X18            50    208.000      0.564      0.000    CORE65LPSVT 
HS65_LS_OA12X27            15    109.200      0.261      0.000    CORE65LPSVT 
HS65_LS_OA12X35            16    124.800      0.351      0.000    CORE65LPSVT 
HS65_LS_OA12X9             55    200.200      0.269      0.000    CORE65LPSVT 
HS65_LS_OAI112X16           5     44.200      0.099      0.000    CORE65LPSVT 
HS65_LS_OAI112X5           14     50.960      0.079      0.000    CORE65LPSVT 
HS65_LS_OAI12X12          150    780.000      1.441      0.000    CORE65LPSVT 
HS65_LS_OAI12X18           66    446.160      1.027      0.000    CORE65LPSVT 
HS65_LS_OAI12X24           40    353.600      0.828      0.000    CORE65LPSVT 
HS65_LS_OAI12X3             5     13.000      0.009      0.000    CORE65LPSVT 
HS65_LS_OAI12X6            65    202.800      0.297      0.000    CORE65LPSVT 
HS65_LS_OAI13X5             5     18.200      0.017      0.000    CORE65LPSVT 
HS65_LS_OAI211X11          10     62.400      0.046      0.000    CORE65LPSVT 
HS65_LS_OAI211X5            5     18.200      0.010      0.000    CORE65LPSVT 
HS65_LS_OAI211X8            1      6.240      0.007      0.000    CORE65LPSVT 
HS65_LS_OAI212X5            5     20.800      0.006      0.000    CORE65LPSVT 
HS65_LS_OAI21X12            5     26.000      0.040      0.000    CORE65LPSVT 
HS65_LS_OAI21X3            50    130.000      0.109      0.000    CORE65LPSVT 
HS65_LS_OAI22X6            10     36.400      0.021      0.000    CORE65LPSVT 
HS65_LS_OR2X18             15     54.600      0.130      0.000    CORE65LPSVT 
HS65_LS_OR2X27             10     57.200      0.135      0.000    CORE65LPSVT 
HS65_LS_OR2X35             25    156.000      0.475      0.000    CORE65LPSVT 
HS65_LS_OR2X9              95    296.400      0.401      0.000    CORE65LPSVT 
HS65_LS_PAO2X9             25    117.000      0.126      0.000    CORE65LPSVT 
HS65_LS_PAOI2X1            20     72.800      0.024      0.000    CORE65LPSVT 
HS65_LS_PAOI2X33            5    109.200      0.161      0.000    CORE65LPSVT 
HS65_LS_PAOI2X6            30    124.800      0.144      0.000    CORE65LPSVT 
HS65_LS_XNOR2X18          101    682.760      2.212      0.000    CORE65LPSVT 
HS65_LS_XNOR2X4            10     46.800      0.056      0.000    CORE65LPSVT 
HS65_LS_XNOR2X9            40    208.000      0.391      0.000    CORE65LPSVT 
HS65_LS_XOR2X18           126    851.760      2.764      0.000    CORE65LPSVT 
HS65_LS_XOR2X27            11    114.400      0.350      0.000    CORE65LPSVT 
HS65_LS_XOR2X35           110   1258.400      4.828      0.000    CORE65LPSVT 
HS65_LS_XOR2X4             15     70.200      0.089      0.000    CORE65LPSVT 
HS65_LS_XOR2X9             75    390.000      0.736      0.000    CORE65LPSVT 
------------------------------------------------------------------------------
total                    8056  43086.680     82.429      0.000                


                                            Leakage  Leakage  Internal  Internal 
     Type      Instances    Area   Area % Power (uW) Power % Power (uW)  Power % 
---------------------------------------------------------------------------------
sequential           270  2857.400    6.6      2.543     3.1      0.000    100.0 
inverter            1378  3125.720    7.3      7.971     9.7      0.000      0.0 
buffer               122   638.560    1.5      2.486     3.0      0.000      0.0 
logic               6286 36465.000   84.6     69.430    84.2      0.000      0.0 
physical_cells         0     0.000    0.0      0.000     0.0      0.000      0.0 
---------------------------------------------------------------------------------
total               8056 43086.680  100.0     82.429   100.0      0.000    100.0 

