============================================================
  Generated by:           Genus(TM) Synthesis Solution 17.10-p007_1
  Generated on:           Feb 21 2020  10:44:21 am
  Module:                 INTER_8
  Technology libraries:   CORE65LPSVT 
                          CLOCK65LPSVT 
                          physical_cells 
  Operating conditions:   _nominal_ 
  Interconnect mode:      global
  Area mode:              physical library
============================================================

                                     Leakage   Internal    Net        Dynamic          Total       
                                                                  (Internal+Net) (Leakage+Dynamic) 
           Instance           Cells Power(uW) Power(uW) Power(uW)    Power(uW)       Power(uW)     
---------------------------------------------------------------------------------------------------
INTER_8                        8056    82.429     0.000     0.001          0.001            82.430 
  gen_filter[1].U_S0           1524    15.593     0.000     0.000          0.000            15.593 
    csa_tree_U.._18_10_groupi   118     1.837     0.000     0.000          0.000             1.837 
    csa_tree_U.._18_16_groupi    92     1.557     0.000     0.000          0.000             1.557 
    csa_tree_U.._18_10_groupi   107     1.425     0.000     0.000          0.000             1.425 
    csa_tree_U.._18_10_groupi   105     1.358     0.000     0.000          0.000             1.358 
    csa_tree_U.._18_10_groupi   117     1.286     0.000     0.000          0.000             1.286 
    csa_tree_U.._18_10_groupi    92     1.197     0.000     0.000          0.000             1.197 
    csa_tree_U.._18_10_groupi   118     1.042     0.000     0.000          0.000             1.042 
    csa_tree_U.._18_10_groupi    95     1.019     0.000     0.000          0.000             1.019 
    U_S17_add_41_16              83     0.807     0.000     0.000          0.000             0.807 
    U_S11_add_41_16              72     0.581     0.000     0.000          0.000             0.581 
    U_2_U_S0_add_18_10           47     0.423     0.000     0.000          0.000             0.423 
    U_5_U_S0_add_18_10           47     0.390     0.000     0.000          0.000             0.390 
    U_S15_add_41_16              35     0.380     0.000     0.000          0.000             0.380 
    addinc_U_5_U_S1_add_18_16    55     0.312     0.000     0.000          0.000             0.312 
    U_S14_add_41_16              19     0.310     0.000     0.000          0.000             0.310 
    addinc_U_2_U_S1_add_18_16    55     0.296     0.000     0.000          0.000             0.296 
    U_3_U_S1_add_18_10           46     0.213     0.000     0.000          0.000             0.213 
    U_4_U_S1_add_18_10           46     0.212     0.000     0.000          0.000             0.212 
    U_4_U_S0_add_18_10           22     0.132     0.000     0.000          0.000             0.132 
    U_3_U_S0_add_18_10           22     0.126     0.000     0.000          0.000             0.126 
    U_S1_add_41_16               15     0.118     0.000     0.000          0.000             0.118 
    U_S21_add_41_16              15     0.100     0.000     0.000          0.000             0.100 
  gen_filter[4].U_S0           1535    15.537     0.000     0.000          0.000            15.537 
    csa_tree_U.._18_10_groupi   117     1.836     0.000     0.000          0.000             1.836 
    csa_tree_U.._18_16_groupi    92     1.533     0.000     0.000          0.000             1.533 
    csa_tree_U.._18_10_groupi   107     1.352     0.000     0.000          0.000             1.352 
    csa_tree_U.._18_10_groupi   105     1.320     0.000     0.000          0.000             1.320 
    csa_tree_U.._18_10_groupi    94     1.264     0.000     0.000          0.000             1.264 
    csa_tree_U.._18_10_groupi   119     1.166     0.000     0.000          0.000             1.166 
    csa_tree_U.._18_10_groupi   118     1.100     0.000     0.000          0.000             1.100 
    csa_tree_U.._18_10_groupi    97     0.990     0.000     0.000          0.000             0.990 
    U_S17_add_41_16              83     0.810     0.000     0.000          0.000             0.810 
    U_S11_add_41_16              72     0.503     0.000     0.000          0.000             0.503 
    U_5_U_S0_add_18_10           47     0.425     0.000     0.000          0.000             0.425 
    U_2_U_S0_add_18_10           47     0.390     0.000     0.000          0.000             0.390 
    U_S15_add_41_16              35     0.366     0.000     0.000          0.000             0.366 
    U_S14_add_41_16              19     0.349     0.000     0.000          0.000             0.349 
    addinc_U_5_U_S1_add_18_16    55     0.339     0.000     0.000          0.000             0.339 
    addinc_U_2_U_S1_add_18_16    55     0.312     0.000     0.000          0.000             0.312 
    U_3_U_S1_add_18_10           46     0.226     0.000     0.000          0.000             0.226 
    U_4_U_S1_add_18_10           46     0.212     0.000     0.000          0.000             0.212 
    U_3_U_S0_add_18_10           22     0.136     0.000     0.000          0.000             0.136 
    U_4_U_S0_add_18_10           22     0.122     0.000     0.000          0.000             0.122 
    U_S21_add_41_16              15     0.119     0.000     0.000          0.000             0.119 
    U_S1_add_41_16               15     0.104     0.000     0.000          0.000             0.104 
  gen_filter[0].U_S0           1526    15.529     0.000     0.000          0.000            15.529 
    csa_tree_U.._18_10_groupi   115     1.809     0.000     0.000          0.000             1.809 
    csa_tree_U.._18_16_groupi    92     1.483     0.000     0.000          0.000             1.483 
    csa_tree_U.._18_10_groupi   107     1.371     0.000     0.000          0.000             1.371 
    csa_tree_U.._18_10_groupi   105     1.322     0.000     0.000          0.000             1.322 
    csa_tree_U.._18_10_groupi    94     1.274     0.000     0.000          0.000             1.274 
    csa_tree_U.._18_10_groupi   117     1.253     0.000     0.000          0.000             1.253 
    csa_tree_U.._18_10_groupi    95     1.022     0.000     0.000          0.000             1.022 
    csa_tree_U.._18_10_groupi   116     1.019     0.000     0.000          0.000             1.019 
    U_S17_add_41_16              83     0.801     0.000     0.000          0.000             0.801 
    U_S11_add_41_16              72     0.539     0.000     0.000          0.000             0.539 
    U_2_U_S0_add_18_10           47     0.424     0.000     0.000          0.000             0.424 
    U_5_U_S0_add_18_10           47     0.412     0.000     0.000          0.000             0.412 
    U_S14_add_41_16              19     0.376     0.000     0.000          0.000             0.376 
    U_S15_add_41_16              35     0.336     0.000     0.000          0.000             0.336 
    addinc_U_2_U_S1_add_18_16    55     0.326     0.000     0.000          0.000             0.326 
    addinc_U_5_U_S1_add_18_16    55     0.307     0.000     0.000          0.000             0.307 
    U_3_U_S1_add_18_10           46     0.218     0.000     0.000          0.000             0.218 
    U_4_U_S1_add_18_10           46     0.213     0.000     0.000          0.000             0.213 
    U_3_U_S0_add_18_10           22     0.136     0.000     0.000          0.000             0.136 
    U_4_U_S0_add_18_10           22     0.126     0.000     0.000          0.000             0.126 
    U_S1_add_41_16               15     0.113     0.000     0.000          0.000             0.113 
    U_S21_add_41_16              15     0.100     0.000     0.000          0.000             0.100 
  gen_filter[2].U_S0           1521    15.375     0.000     0.000          0.000            15.375 
    csa_tree_U.._18_10_groupi   117     1.817     0.000     0.000          0.000             1.817 
    csa_tree_U.._18_16_groupi    92     1.423     0.000     0.000          0.000             1.423 
    csa_tree_U.._18_10_groupi   107     1.402     0.000     0.000          0.000             1.402 
    csa_tree_U.._18_10_groupi   105     1.329     0.000     0.000          0.000             1.329 
    csa_tree_U.._18_10_groupi    92     1.205     0.000     0.000          0.000             1.205 
    csa_tree_U.._18_10_groupi   119     1.188     0.000     0.000          0.000             1.188 
    csa_tree_U.._18_10_groupi   118     1.113     0.000     0.000          0.000             1.113 
    csa_tree_U.._18_10_groupi    95     1.069     0.000     0.000          0.000             1.069 
    U_S17_add_41_16              83     0.824     0.000     0.000          0.000             0.824 
    U_S11_add_41_16              72     0.509     0.000     0.000          0.000             0.509 
    U_2_U_S0_add_18_10           47     0.417     0.000     0.000          0.000             0.417 
    U_5_U_S0_add_18_10           47     0.404     0.000     0.000          0.000             0.404 
    U_S15_add_41_16              35     0.379     0.000     0.000          0.000             0.379 
    U_S14_add_41_16              19     0.344     0.000     0.000          0.000             0.344 
    addinc_U_5_U_S1_add_18_16    55     0.298     0.000     0.000          0.000             0.298 
    addinc_U_2_U_S1_add_18_16    55     0.298     0.000     0.000          0.000             0.298 
    U_4_U_S1_add_18_10           46     0.223     0.000     0.000          0.000             0.223 
    U_3_U_S1_add_18_10           46     0.212     0.000     0.000          0.000             0.212 
    U_3_U_S0_add_18_10           22     0.132     0.000     0.000          0.000             0.132 
    U_4_U_S0_add_18_10           22     0.132     0.000     0.000          0.000             0.132 
    U_S1_add_41_16               15     0.121     0.000     0.000          0.000             0.121 
    U_S21_add_41_16              15     0.107     0.000     0.000          0.000             0.107 
  gen_filter[3].U_S0           1519    15.351     0.000     0.000          0.000            15.351 
    csa_tree_U.._18_10_groupi   115     1.811     0.000     0.000          0.000             1.811 
    csa_tree_U.._18_16_groupi    92     1.468     0.000     0.000          0.000             1.468 
    csa_tree_U.._18_10_groupi   105     1.362     0.000     0.000          0.000             1.362 
    csa_tree_U.._18_10_groupi   107     1.354     0.000     0.000          0.000             1.354 
    csa_tree_U.._18_10_groupi   119     1.235     0.000     0.000          0.000             1.235 
    csa_tree_U.._18_10_groupi    92     1.192     0.000     0.000          0.000             1.192 
    csa_tree_U.._18_10_groupi    95     1.064     0.000     0.000          0.000             1.064 
    csa_tree_U.._18_10_groupi   116     1.011     0.000     0.000          0.000             1.011 
    U_S17_add_41_16              83     0.866     0.000     0.000          0.000             0.866 
    U_S11_add_41_16              72     0.465     0.000     0.000          0.000             0.465 
    U_2_U_S0_add_18_10           47     0.412     0.000     0.000          0.000             0.412 
    U_5_U_S0_add_18_10           47     0.396     0.000     0.000          0.000             0.396 
    U_S15_add_41_16              35     0.344     0.000     0.000          0.000             0.344 
    U_S14_add_41_16              19     0.336     0.000     0.000          0.000             0.336 
    addinc_U_2_U_S1_add_18_16    55     0.307     0.000     0.000          0.000             0.307 
    addinc_U_5_U_S1_add_18_16    55     0.297     0.000     0.000          0.000             0.297 
    U_4_U_S1_add_18_10           46     0.226     0.000     0.000          0.000             0.226 
    U_3_U_S1_add_18_10           46     0.223     0.000     0.000          0.000             0.223 
    U_4_U_S0_add_18_10           22     0.136     0.000     0.000          0.000             0.136 
    U_3_U_S0_add_18_10           22     0.132     0.000     0.000          0.000             0.132 
    U_S21_add_41_16              15     0.109     0.000     0.000          0.000             0.109 
    U_S1_add_41_16               15     0.090     0.000     0.000          0.000             0.090 

