============================================================
  Generated by:           Genus(TM) Synthesis Solution 17.10-p007_1
  Generated on:           Mar 03 2020  03:23:13 pm
  Module:                 INTER_4
  Technology libraries:   CORE65LPSVT 
                          CLOCK65LPSVT 
                          physical_cells 
  Operating conditions:   _nominal_ 
  Interconnect mode:      global
  Area mode:              physical library
============================================================

                             Leakage   Dynamic    Total   
       Instance       Cells Power(uW) Power(uW) Power(uW) 
----------------------------------------------------------
INTER_4               46464   445.596 54947.202 55392.799 
  gen_filter[36].U_S0   665     6.595   560.640   567.235 
  gen_filter[35].U_S0   665     6.576   583.428   590.004 
  gen_filter[37].U_S0   665     6.530   562.530   569.061 
  gen_filter[39].U_S0   665     6.522   539.238   545.760 
  gen_filter[44].U_S0   665     6.521   540.399   546.920 
  gen_filter[47].U_S0   665     6.521   573.709   580.229 
  gen_filter[38].U_S0   665     6.513   562.450   568.962 
  gen_filter[48].U_S0   663     6.513   581.640   588.153 
  gen_filter[42].U_S0   665     6.510   546.835   553.345 
  gen_filter[40].U_S0   665     6.509   530.918   537.427 
  gen_filter[41].U_S0   665     6.507   569.131   575.638 
  gen_filter[43].U_S0   665     6.504   547.836   554.340 
  gen_filter[45].U_S0   665     6.501   527.626   534.127 
  gen_filter[46].U_S0   665     6.499   540.034   546.533 
  gen_filter[34].U_S0   668     6.472   560.460   566.932 
  gen_filter[50].U_S0   662     6.466   624.373   630.839 
  gen_filter[1].U_S0    650     6.405   552.172   558.577 
  gen_filter[63].U_S0   655     6.396   535.157   541.553 
  gen_filter[49].U_S0   663     6.395   579.329   585.724 
  gen_filter[62].U_S0   671     6.314   578.879   585.193 
  gen_filter[32].U_S0   659     6.260   610.158   616.418 
  gen_filter[4].U_S0    658     6.230   544.765   550.995 
  gen_filter[33].U_S0   657     6.227   572.960   579.187 
  gen_filter[31].U_S0   659     6.197   601.949   608.146 
  gen_filter[52].U_S0   658     6.182   568.301   574.482 
  gen_filter[60].U_S0   659     6.151   586.283   592.434 
  gen_filter[53].U_S0   659     6.137   598.370   604.507 
  gen_filter[2].U_S0    650     6.100   532.942   539.042 
  gen_filter[51].U_S0   659     6.097   604.158   610.255 
  gen_filter[59].U_S0   663     6.093   606.406   612.499 
  gen_filter[5].U_S0    661     6.092   570.818   576.910 
  gen_filter[61].U_S0   660     6.087   586.898   592.985 
  gen_filter[8].U_S0    659     6.074   541.360   547.433 
  gen_filter[30].U_S0   661     6.044   595.258   601.302 
  gen_filter[27].U_S0   661     6.043   557.559   563.602 
  gen_filter[11].U_S0   661     6.040   575.537   581.577 
  gen_filter[29].U_S0   661     6.038   577.062   583.099 
  gen_filter[26].U_S0   661     6.036   582.117   588.153 
  gen_filter[17].U_S0   661     6.034   543.474   549.508 
  gen_filter[10].U_S0   661     6.034   534.992   541.026 
  gen_filter[9].U_S0    661     6.033   540.746   546.779 
  gen_filter[3].U_S0    660     6.033   517.534   523.567 
  gen_filter[14].U_S0   661     6.032   553.827   559.859 
  gen_filter[7].U_S0    661     6.031   529.071   535.102 
  gen_filter[56].U_S0   659     6.031   566.419   572.450 
  gen_filter[15].U_S0   661     6.031   533.452   539.483 
  gen_filter[20].U_S0   661     6.030   566.991   573.021 
  gen_filter[54].U_S0   661     6.025   580.445   586.470 
  gen_filter[6].U_S0    661     6.025   527.076   533.101 
  gen_filter[24].U_S0   661     6.024   505.140   511.165 
  gen_filter[0].U_S0    655     6.024   585.072   591.096 
  gen_filter[28].U_S0   659     6.024   561.734   567.758 
  gen_filter[12].U_S0   661     6.022   557.917   563.938 
  gen_filter[25].U_S0   661     6.021   532.863   538.884 
  gen_filter[22].U_S0   661     6.021   556.899   562.919 
  gen_filter[23].U_S0   661     6.019   528.817   534.837 
  gen_filter[58].U_S0   661     6.019   549.017   555.035 
  gen_filter[57].U_S0   659     6.015   551.370   557.386 
  gen_filter[16].U_S0   661     6.015   524.463   530.478 
  gen_filter[21].U_S0   661     6.014   569.678   575.693 
  gen_filter[18].U_S0   661     6.014   510.393   516.407 
  gen_filter[13].U_S0   661     6.009   557.810   563.819 
  gen_filter[55].U_S0   661     6.007   569.924   575.931 
  gen_filter[19].U_S0   661     6.003   548.231   554.234 
  gen_filter[64].U_S0   675     5.960   530.785   536.745 

