============================================================
  Generated by:           Genus(TM) Synthesis Solution 17.10-p007_1
  Generated on:           Nov 20 2019  05:27:20 pm
  Module:                 filter_8
  Technology libraries:   CORE65LPSVT 
                          CLOCK65LPSVT 
                          physical_cells 
  Operating conditions:   _nominal_ 
  Interconnect mode:      global
  Area mode:              physical library
============================================================

                                       Leakage   Internal  
      Gate       Instances    Area   Power (uW) Power (uW)     Library    
--------------------------------------------------------------------------
HS65_LSS_XOR2X6          1     4.160      0.005      0.345    CORE65LPSVT 
HS65_LSS_XOR3X2         11    85.800      0.060      3.055    CORE65LPSVT 
HS65_LS_AO12X4           2     7.280      0.006      1.269    CORE65LPSVT 
HS65_LS_AO32X4           3    14.040      0.008      1.450    CORE65LPSVT 
HS65_LS_CNIVX3          19    29.640      0.022      0.935    CORE65LPSVT 
HS65_LS_FA1X4          264  2471.040      1.650    306.492    CORE65LPSVT 
HS65_LS_HA1X4           26   135.200      0.136     10.790    CORE65LPSVT 
HS65_LS_IVX2            69   107.640      0.058      1.889    CORE65LPSVT 
HS65_LS_IVX9            26    40.560      0.065      2.315    CORE65LPSVT 
HS65_LS_NAND2X2          2     4.160      0.002      0.083    CORE65LPSVT 
HS65_LS_NOR2X2           2     4.160      0.002      0.218    CORE65LPSVT 
HS65_LS_OAI12X3          2     5.200      0.004      0.304    CORE65LPSVT 
HS65_LS_OR2X4            3     9.360      0.007      1.092    CORE65LPSVT 
HS65_LS_PAO2X4          12    56.160      0.033      8.185    CORE65LPSVT 
HS65_LS_PAOI2X1          2     7.280      0.003      0.175    CORE65LPSVT 
HS65_LS_XOR3X9           2    18.720      0.015      1.970    CORE65LPSVT 
--------------------------------------------------------------------------
total                  446  3000.400      2.076    340.566                


                                           Leakage  Leakage  Internal  Internal 
     Type      Instances   Area   Area % Power (uW) Power % Power (uW)  Power % 
--------------------------------------------------------------------------------
inverter             114  177.840    5.9      0.146     7.0      5.139      1.5 
logic                332 2822.560   94.1      1.930    93.0    335.427     98.5 
physical_cells         0    0.000    0.0      0.000     0.0      0.000      0.0 
--------------------------------------------------------------------------------
total                446 3000.400  100.0      2.076   100.0    340.566    100.0 

