============================================================
  Generated by:           Genus(TM) Synthesis Solution 17.10-p007_1
  Generated on:           Nov 20 2019  05:27:20 pm
  Module:                 filter_8
  Technology libraries:   CORE65LPSVT 
                          CLOCK65LPSVT 
                          physical_cells 
  Operating conditions:   _nominal_ 
  Interconnect mode:      global
  Area mode:              physical library
============================================================

                                   Leakage   Dynamic    Total   
          Instance          Cells Power(uW) Power(uW) Power(uW) 
----------------------------------------------------------------
filter_8                      446     2.076   734.224   736.300 
  csa_tree_U.._18_10_groupi    48     0.238   134.451   134.689 
  csa_tree_U.._18_10_groupi    48     0.238   131.584   131.822 
  csa_tree_U.._18_10_groupi    30     0.163    64.703    64.866 
  csa_tree_U.._18_10_groupi    30     0.162    65.869    66.032 
  csa_tree_U.._18_10_groupi    29     0.162    72.395    72.557 
  csa_tree_U.._18_10_groupi    20     0.113    32.429    32.542 
  U_S15_add_41_16              14     0.087    21.941    22.027 
  U_S17_add_41_16              16     0.078    43.739    43.818 
  U_S2_add_18_10               12     0.074    15.134    15.207 
  U_S22_add_18_10              12     0.073    14.530    14.604 
  addinc_U_S0_add_18_16        11     0.067    11.621    11.688 
  addinc_U_S11_add_18_16       11     0.067    11.529    11.595 
  addinc_U_2_U_S1_add_18_16    13     0.064     9.751     9.815 
  addinc_U_5_U_S1_add_18_16    13     0.063     9.757     9.820 
  U_5_U_S0_add_18_10            9     0.055     8.716     8.772 
  U_4_U_S1_add_18_10            9     0.055     9.966    10.022 
  U_3_U_S0_add_18_10            9     0.055     8.157     8.212 
  U_4_U_S0_add_18_10            9     0.055     9.108     9.163 
  U_2_U_S0_add_18_10            9     0.055     8.798     8.853 
  U_3_U_S1_add_18_10            9     0.055    10.092    10.147 
  U_S1_add_41_16                4     0.021     2.069     2.089 

