============================================================
  Generated by:           Genus(TM) Synthesis Solution 17.10-p007_1
  Generated on:           Mar 03 2020  04:51:26 pm
  Module:                 INTER_2
  Technology libraries:   CORE65LPSVT 
                          CLOCK65LPSVT 
                          physical_cells 
  Operating conditions:   _nominal_ 
  Interconnect mode:      global
  Area mode:              physical library
============================================================

                                     Leakage   Internal    Net        Dynamic          Total       
                                                                  (Internal+Net) (Leakage+Dynamic) 
           Instance           Cells Power(uW) Power(uW) Power(uW)    Power(uW)       Power(uW)     
---------------------------------------------------------------------------------------------------
INTER_2                        7930    84.796  5577.374  3298.625       8876.000          8960.796 
  gen_filter[12].U_S0           427     4.632   143.078   142.689        285.768           290.400 
    addinc_U_1_U_S0_add_18_16    75     0.836    14.223    17.021         31.244            32.080 
    addinc_U_0_U_S0_add_18_16    75     0.834    14.961    18.396         33.357            34.191 
    csa_tree_U.._18_10_groupi    54     0.715    39.370    30.347         69.717            70.432 
    csa_tree_U.._18_10_groupi    54     0.713    41.976    32.123         74.099            74.811 
    addinc_U_1_U_S1_add_18_16    61     0.587    13.895    14.111         28.006            28.593 
    addinc_U_0_U_S1_add_18_16    61     0.585    12.981    13.049         26.030            26.615 
    U_S10                         3     0.017     0.749     0.617          1.366             1.383 
      addinc_add_41_28            3     0.017     0.749     0.617          1.366             1.383 
  gen_filter[13].U_S0           427     4.627   145.656   143.581        289.237           293.864 
    addinc_U_0_U_S0_add_18_16    75     0.836    14.223    17.021         31.244            32.080 
    addinc_U_1_U_S0_add_18_16    75     0.828    13.843    16.618         30.461            31.289 
    csa_tree_U.._18_10_groupi    54     0.712    41.674    32.079         73.753            74.466 
    csa_tree_U.._18_10_groupi    54     0.712    43.252    32.725         75.977            76.689 
    addinc_U_1_U_S1_add_18_16    61     0.590    12.924    12.455         25.379            25.969 
    addinc_U_0_U_S1_add_18_16    61     0.587    13.896    14.111         28.006            28.594 
    U_S10                         3     0.017     0.618     0.513          1.131             1.148 
      addinc_add_41_28            3     0.017     0.618     0.513          1.131             1.148 
  gen_filter[1].U_S0            427     4.622   176.888   171.088        347.976           352.598 
    addinc_U_0_U_S0_add_18_16    75     0.831    15.676    19.287         34.963            35.794 
    addinc_U_1_U_S0_add_18_16    75     0.826    15.089    18.042         33.132            33.958 
    csa_tree_U.._18_10_groupi    54     0.718    54.405    41.230         95.635            96.353 
    csa_tree_U.._18_10_groupi    54     0.714    53.709    40.549         94.258            94.972 
    addinc_U_1_U_S1_add_18_16    61     0.589    15.236    15.214         30.451            31.040 
    addinc_U_0_U_S1_add_18_16    61     0.583    16.248    16.240         32.488            33.071 
    U_S10                         3     0.017     0.728     0.590          1.318             1.335 
      addinc_add_41_28            3     0.017     0.728     0.590          1.318             1.335 
  gen_filter[9].U_S0            427     4.620   130.406   129.706        260.112           264.732 
    addinc_U_0_U_S0_add_18_16    75     0.835    12.438    15.435         27.872            28.707 
    addinc_U_1_U_S0_add_18_16    75     0.829    13.288    15.983         29.271            30.100 
    csa_tree_U.._18_10_groupi    54     0.712    38.207    29.417         67.623            68.335 
    csa_tree_U.._18_10_groupi    54     0.711    37.601    27.932         65.533            66.244 
    addinc_U_0_U_S1_add_18_16    61     0.588    11.047    10.959         22.006            22.594 
    addinc_U_1_U_S1_add_18_16    61     0.583    12.017    12.222         24.240            24.823 
    U_S10                         3     0.017     0.668     0.532          1.201             1.218 
      addinc_add_41_28            3     0.017     0.668     0.532          1.201             1.218 
  gen_filter[14].U_S0           427     4.619   141.930   141.375        283.305           287.925 
    addinc_U_1_U_S0_add_18_16    75     0.832    12.415    15.840         28.255            29.086 
    addinc_U_0_U_S0_add_18_16    75     0.828    13.843    16.618         30.461            31.289 
    csa_tree_U.._18_10_groupi    54     0.716    40.392    31.128         71.520            72.236 
    csa_tree_U.._18_10_groupi    54     0.713    41.574    32.614         74.187            74.901 
    addinc_U_0_U_S1_add_18_16    61     0.590    12.924    12.455         25.380            25.969 
    addinc_U_1_U_S1_add_18_16    61     0.581    14.541    13.953         28.494            29.074 
    U_S10                         3     0.017     0.868     0.706          1.574             1.591 
      addinc_add_41_28            3     0.017     0.868     0.706          1.574             1.591 
  gen_filter[11].U_S0           427     4.616   146.865   145.302        292.167           296.783 
    addinc_U_1_U_S0_add_18_16    75     0.834    14.961    18.396         33.357            34.191 
    addinc_U_0_U_S0_add_18_16    75     0.832    14.245    17.418         31.662            32.495 
    csa_tree_U.._18_10_groupi    54     0.714    42.830    32.800         75.630            76.344 
    csa_tree_U.._18_10_groupi    54     0.710    42.303    32.068         74.371            75.081 
    addinc_U_1_U_S1_add_18_16    61     0.585    12.980    13.049         26.030            26.615 
    addinc_U_0_U_S1_add_18_16    61     0.578    13.951    14.076         28.027            28.604 
    U_S10                         3     0.017     0.682     0.559          1.241             1.258 
      addinc_add_41_28            3     0.017     0.682     0.559          1.241             1.258 
  gen_filter[6].U_S0            427     4.616   157.214   154.088        311.302           315.918 
    addinc_U_0_U_S0_add_18_16    75     0.828    12.951    15.503         28.454            29.281 
    addinc_U_1_U_S0_add_18_16    75     0.826    16.187    19.985         36.172            36.998 
    csa_tree_U.._18_10_groupi    54     0.714    46.976    35.836         82.813            83.527 
    csa_tree_U.._18_10_groupi    54     0.714    46.958    35.378         82.336            83.050 
    addinc_U_1_U_S1_add_18_16    61     0.592    15.430    14.976         30.406            30.998 
    addinc_U_0_U_S1_add_18_16    61     0.580    12.388    12.429         24.817            25.397 
    U_S10                         3     0.017     0.668     0.544          1.212             1.229 
      addinc_add_41_28            3     0.017     0.668     0.544          1.212             1.229 
  gen_filter[8].U_S0            427     4.614   137.798   138.693        276.491           281.105 
    addinc_U_1_U_S0_add_18_16    75     0.835    12.438    15.435         27.872            28.707 
    addinc_U_0_U_S0_add_18_16    75     0.827    14.954    18.101         33.055            33.882 
    csa_tree_U.._18_10_groupi    54     0.712    39.221    29.541         68.762            69.473 
    csa_tree_U.._18_10_groupi    54     0.710    39.832    31.423         71.255            71.965 
    addinc_U_1_U_S1_add_18_16    61     0.588    11.047    10.959         22.006            22.594 
    addinc_U_0_U_S1_add_18_16    61     0.583    14.109    14.510         28.619            29.202 
    U_S10                         3     0.017     0.623     0.490          1.113             1.130 
      addinc_add_41_28            3     0.017     0.623     0.490          1.113             1.130 
  gen_filter[7].U_S0            427     4.613   160.338   159.704        320.042           324.655 
    addinc_U_1_U_S0_add_18_16    75     0.827    14.956    18.101         33.056            33.883 
    addinc_U_0_U_S0_add_18_16    75     0.826    16.187    19.985         36.172            36.998 
    csa_tree_U.._18_10_groupi    54     0.712    46.097    35.379         81.476            82.188 
    csa_tree_U.._18_10_groupi    54     0.711    46.813    35.766         82.578            83.290 
    addinc_U_0_U_S1_add_18_16    61     0.592    15.431    14.976         30.407            30.999 
    addinc_U_1_U_S1_add_18_16    61     0.583    14.109    14.510         28.619            29.202 
    U_S10                         3     0.017     0.554     0.432          0.986             1.003 
      addinc_add_41_28            3     0.017     0.554     0.432          0.986             1.003 
  gen_filter[15].U_S0           427     4.611   157.811   155.458        313.269           317.880 
    addinc_U_0_U_S0_add_18_16    75     0.832    12.415    15.840         28.255            29.087 
    addinc_U_1_U_S0_add_18_16    75     0.825    15.068    18.103         33.172            33.997 
    csa_tree_U.._18_10_groupi    54     0.717    44.857    34.639         79.497            80.213 
    csa_tree_U.._18_10_groupi    54     0.716    49.373    38.518         87.891            88.608 
    addinc_U_1_U_S1_add_18_16    61     0.582    15.355    15.727         31.082            31.663 
    addinc_U_0_U_S1_add_18_16    61     0.581    14.542    13.953         28.494            29.075 
    U_S10                         3     0.017     0.737     0.590          1.327             1.345 
      addinc_add_41_28            3     0.017     0.737     0.590          1.327             1.345 
  gen_filter[5].U_S0            427     4.611   145.266   146.448        291.714           296.325 
    addinc_U_0_U_S0_add_18_16    75     0.828    13.949    17.913         31.862            32.691 
    addinc_U_1_U_S0_add_18_16    75     0.828    12.951    15.503         28.454            29.281 
    csa_tree_U.._18_10_groupi    54     0.716    43.729    34.329         78.058            78.774 
    csa_tree_U.._18_10_groupi    54     0.714    41.769    32.823         74.592            75.306 
    addinc_U_0_U_S1_add_18_16    61     0.585    14.097    13.618         27.714            28.299 
    addinc_U_1_U_S1_add_18_16    61     0.580    12.387    12.429         24.816            25.396 
    U_S10                         3     0.017     0.956     0.779          1.735             1.752 
      addinc_add_41_28            3     0.017     0.956     0.779          1.735             1.752 
  gen_filter[2].U_S0            427     4.610   154.989   153.854        308.843           313.453 
    addinc_U_0_U_S0_add_18_16    75     0.826    15.089    18.042         33.131            33.957 
    addinc_U_1_U_S0_add_18_16    75     0.825    14.496    17.917         32.413            33.238 
    csa_tree_U.._18_10_groupi    54     0.716    45.004    34.454         79.457            80.173 
    csa_tree_U.._18_10_groupi    54     0.713    45.307    34.751         80.058            80.771 
    addinc_U_0_U_S1_add_18_16    61     0.589    15.237    15.214         30.451            31.040 
    addinc_U_1_U_S1_add_18_16    61     0.584    13.519    13.444         26.963            27.547 
    U_S10                         3     0.017     0.755     0.605          1.360             1.378 
      addinc_add_41_28            3     0.017     0.755     0.605          1.360             1.378 
  gen_filter[0].U_S0            428     4.610   168.738   166.196        334.934           339.545 
    addinc_U_1_U_S0_add_18_16    75     0.831    15.676    19.287         34.963            35.794 
    addinc_U_0_U_S0_add_18_16    75     0.826    14.637    17.878         32.514            33.340 
    csa_tree_U.._18_10_groupi    54     0.717    51.354    38.856         90.210            90.927 
    csa_tree_U.._18_10_groupi    54     0.713    50.922    39.861         90.782            91.496 
    addinc_U_0_U_S1_add_18_16    61     0.584    13.654    13.727         27.382            27.966 
    addinc_U_1_U_S1_add_18_16    61     0.583    16.248    16.240         32.488            33.071 
    U_S10                         3     0.018     0.657     0.521          1.178             1.196 
      addinc_add_41_28            3     0.018     0.657     0.521          1.178             1.196 
  gen_filter[4].U_S0            427     4.606   158.760   158.244        317.004           321.610 
    addinc_U_1_U_S0_add_18_16    75     0.828    13.948    17.913         31.861            32.690 
    addinc_U_0_U_S0_add_18_16    75     0.826    15.509    18.398         33.907            34.733 
    csa_tree_U.._18_10_groupi    54     0.712    46.251    36.002         82.253            82.965 
    csa_tree_U.._18_10_groupi    54     0.711    45.584    34.667         80.251            80.963 
    addinc_U_0_U_S1_add_18_16    61     0.586    16.713    16.566         33.278            33.865 
    addinc_U_1_U_S1_add_18_16    61     0.585    14.096    13.618         27.714            28.299 
    U_S10                         3     0.017     0.822     0.652          1.474             1.492 
      addinc_add_41_28            3     0.017     0.822     0.652          1.474             1.492 
  gen_filter[10].U_S0           427     4.604   142.789   141.796        284.585           289.189 
    addinc_U_1_U_S0_add_18_16    75     0.832    14.244    17.418         31.662            32.495 
    addinc_U_0_U_S0_add_18_16    75     0.829    13.287    15.983         29.270            30.099 
    csa_tree_U.._18_10_groupi    54     0.712    43.094    33.107         76.201            76.913 
    csa_tree_U.._18_10_groupi    54     0.712    40.590    31.307         71.897            72.608 
    addinc_U_0_U_S1_add_18_16    61     0.583    12.018    12.222         24.240            24.824 
    addinc_U_1_U_S1_add_18_16    61     0.578    13.951    14.076         28.026            28.604 
    U_S10                         3     0.017     0.620     0.524          1.144             1.161 
      addinc_add_41_28            3     0.017     0.620     0.524          1.144             1.161 
  gen_filter[3].U_S0            427     4.602   157.215   156.919        314.134           318.736 
    addinc_U_1_U_S0_add_18_16    75     0.826    15.507    18.398         33.905            34.731 
    addinc_U_0_U_S0_add_18_16    75     0.825    14.496    17.917         32.413            33.238 
    csa_tree_U.._18_10_groupi    54     0.713    45.590    36.031         81.621            82.334 
    csa_tree_U.._18_10_groupi    54     0.711    44.995    34.329         79.324            80.035 
    addinc_U_1_U_S1_add_18_16    61     0.586    16.712    16.566         33.278            33.864 
    addinc_U_0_U_S1_add_18_16    61     0.584    13.519    13.444         26.964            27.547 
    U_S10                         3     0.017     0.778     0.610          1.388             1.405 
      addinc_add_41_28            3     0.017     0.778     0.610          1.388             1.405 
  gen_filter[16].U_S0           428     4.602   159.963   157.876        317.839           322.441 
    addinc_U_1_U_S0_add_18_16    75     0.830    13.238    16.584         29.823            30.653 
    addinc_U_0_U_S0_add_18_16    75     0.825    15.070    18.103         33.173            33.998 
    csa_tree_U.._18_10_groupi    54     0.715    49.324    37.241         86.565            87.280 
    csa_tree_U.._18_10_groupi    54     0.715    47.558    37.341         84.900            85.614 
    addinc_U_0_U_S1_add_18_16    61     0.582    15.355    15.727         31.082            31.664 
    addinc_U_1_U_S1_add_18_16    61     0.577    13.187    13.156         26.343            26.921 
    U_S10                         3     0.018     0.777     0.632          1.409             1.426 
      addinc_add_41_28            3     0.018     0.777     0.632          1.409             1.426 

