============================================================
  Generated by:           Genus(TM) Synthesis Solution 17.10-p007_1
  Generated on:           Nov 20 2019  09:54:33 am
  Module:                 FME_INTER_2
  Technology libraries:   CORE65LPSVT 
                          CLOCK65LPSVT 
                          physical_cells 
  Operating conditions:   _nominal_ 
  Interconnect mode:      global
  Area mode:              physical library
============================================================

            Instance                       Module           Cells  Cell Area  Net Area   Total Area 
----------------------------------------------------------------------------------------------------
FME_INTER_2                                                 75313     392066    170325       562391 
  U_buffer                       buffer_shift               57517     282559    128258       410817 
  U_inter                        interpolation_bit_width10  14456      84688     28571       113258 
  U_crtl                         CRTL_bit_width10              94        504       177          681 
  clipping[2].U_clip             clip8_bit_width10_2305        15         78        14           92 
  clipping[20].U_clip            clip8_bit_width10_2293        15         77        14           92 
  clipping[17].U_clip            clip8_bit_width10_2295        15         77        14           92 
  clipping[11].U_clip            clip8_bit_width10_2299        15         77        14           92 
  clipping[8].U_clip             clip8_bit_width10_2301        15         77        14           92 
  clipping[12].U_clip            clip8_bit_width10_2298        15         74        14           88 
  clipping[32].U_clip            clip8_bit_width10_2285        15         73        14           87 
  clipping[30].U_clip            clip8_bit_width10_2286        15         73        14           87 
  clipping[29].U_clip            clip8_bit_width10_2287        15         73        14           87 
  clipping[27].U_clip            clip8_bit_width10_2288        15         73        14           87 
  clipping[24].U_clip            clip8_bit_width10_2290        15         73        14           87 
  clipping[23].U_clip            clip8_bit_width10_2291        15         73        14           87 
  clipping[21].U_clip            clip8_bit_width10_2292        15         73        14           87 
  clipping[9].U_clip             clip8_bit_width10_2300        15         73        14           87 
  clipping[6].U_clip             clip8_bit_width10_2302        15         73        14           87 
  clipping[26].U_clip            clip8_bit_width10_2289        15         71        14           85 
  clipping[18].U_clip            clip8_bit_width10_2294        15         71        14           85 
  clipping[15].U_clip            clip8_bit_width10_2296        15         71        14           85 
  clipping[14].U_clip            clip8_bit_width10_2297        15         71        14           85 
  clipping[5].U_clip             clip8_bit_width10_2303        15         71        14           85 
  clipping[3].U_clip             clip8_bit_width10_2304        15         71        14           85 
  clipping[0].U_clip             clip8_bit_width10             15         71        14           85 
  clipping[96].U_clip_gte_446_34 geq_signed_5760_9662           6         45         7           52 
  clipping[95].U_clip_gte_446_34 geq_signed_5760_9661           6         45         7           52 
  clipping[92].U_clip_gte_446_34 geq_signed_5760_9658           6         45         7           52 
  clipping[90].U_clip_gte_446_34 geq_signed_5760_9656           6         45         7           52 
  clipping[89].U_clip_gte_446_34 geq_signed_5760_9655           6         45         7           52 
  clipping[87].U_clip_gte_446_34 geq_signed_5760_9653           6         45         7           52 
  clipping[86].U_clip_gte_446_34 geq_signed_5760_9652           6         45         7           52 
  clipping[84].U_clip_gte_446_34 geq_signed_5760_9650           6         45         7           52 
  clipping[83].U_clip_gte_446_34 geq_signed_5760_9649           6         45         7           52 
  clipping[81].U_clip_gte_446_34 geq_signed_5760_9647           6         45         7           52 
  clipping[80].U_clip_gte_446_34 geq_signed_5760_9646           6         45         7           52 
  clipping[78].U_clip_gte_446_34 geq_signed_5760_9644           6         45         7           52 
  clipping[77].U_clip_gte_446_34 geq_signed_5760_9643           6         45         7           52 
  clipping[75].U_clip_gte_446_34 geq_signed_5760_9641           6         45         7           52 
  clipping[74].U_clip_gte_446_34 geq_signed_5760_9640           6         45         7           52 
  clipping[72].U_clip_gte_446_34 geq_signed_5760_9638           6         45         7           52 
  clipping[71].U_clip_gte_446_34 geq_signed_5760_9637           6         45         7           52 
  clipping[69].U_clip_gte_446_34 geq_signed_5760_9635           6         45         7           52 
  clipping[68].U_clip_gte_446_34 geq_signed_5760_9634           6         45         7           52 
  clipping[66].U_clip_gte_446_34 geq_signed_5760_9632           6         45         7           52 
  clipping[65].U_clip_gte_446_34 geq_signed_5760_9631           6         45         7           52 
  clipping[63].U_clip_gte_446_34 geq_signed_5760_9629           6         45         7           52 
  clipping[62].U_clip_gte_446_34 geq_signed_5760_9628           6         45         7           52 
  clipping[60].U_clip_gte_446_34 geq_signed_5760_9626           6         45         7           52 
  clipping[59].U_clip_gte_446_34 geq_signed_5760_9625           6         45         7           52 
  clipping[57].U_clip_gte_446_34 geq_signed_5760_9623           6         45         7           52 
  clipping[56].U_clip_gte_446_34 geq_signed_5760_9622           6         45         7           52 
  clipping[54].U_clip_gte_446_34 geq_signed_5760_9620           6         45         7           52 
  clipping[53].U_clip_gte_446_34 geq_signed_5760_9619           6         45         7           52 
  clipping[51].U_clip_gte_446_34 geq_signed_5760_9617           6         45         7           52 
  clipping[50].U_clip_gte_446_34 geq_signed_5760_9616           6         45         7           52 
  clipping[48].U_clip_gte_446_34 geq_signed_5760_9614           6         45         7           52 
  clipping[47].U_clip_gte_446_34 geq_signed_5760_9613           6         45         7           52 
  clipping[45].U_clip_gte_446_34 geq_signed_5760_9611           6         45         7           52 
  clipping[44].U_clip_gte_446_34 geq_signed_5760_9610           6         45         7           52 
  clipping[42].U_clip_gte_446_34 geq_signed_5760_9608           6         45         7           52 
  clipping[41].U_clip_gte_446_34 geq_signed_5760_9607           6         45         7           52 
  clipping[39].U_clip_gte_446_34 geq_signed_5760_9605           6         45         7           52 
  clipping[38].U_clip_gte_446_34 geq_signed_5760_9604           6         45         7           52 
  clipping[36].U_clip_gte_446_34 geq_signed_5760_9602           6         45         7           52 
  clipping[33].U_clip_gte_446_34 geq_signed_5760_9599           6         45         7           52 
  clipping[98].U_clip_gte_446_34 geq_signed_5760                6         43         7           49 
  clipping[93].U_clip_gte_446_34 geq_signed_5760_9659           6         43         7           49 
  clipping[35].U_clip_gte_446_34 geq_signed_5760_9601           6         43         7           49 
  clipping[31].U_clip            clip8_bit_width10_1_2328       3          9         0            9 
  clipping[28].U_clip            clip8_bit_width10_1_2329       3          9         0            9 
  clipping[25].U_clip            clip8_bit_width10_1_2330       3          9         0            9 
  clipping[22].U_clip            clip8_bit_width10_1_2331       3          9         0            9 
  clipping[19].U_clip            clip8_bit_width10_1_2332       3          9         0            9 
  clipping[16].U_clip            clip8_bit_width10_1_2333       3          9         0            9 
  clipping[13].U_clip            clip8_bit_width10_1_2334       3          9         0            9 
  clipping[10].U_clip            clip8_bit_width10_1_2335       3          9         0            9 
  clipping[7].U_clip             clip8_bit_width10_1_2336       3          9         0            9 
  clipping[4].U_clip             clip8_bit_width10_1_2337       3          9         0            9 
  clipping[1].U_clip             clip8_bit_width10_1            3          9         0            9 
