============================================================
  Generated by:           Genus(TM) Synthesis Solution 17.10-p007_1
  Generated on:           Nov 20 2019  09:54:43 am
  Module:                 FME_INTER_2
  Technology libraries:   CORE65LPSVT 
                          CLOCK65LPSVT 
                          physical_cells 
  Operating conditions:   _nominal_ 
  Interconnect mode:      global
  Area mode:              physical library
============================================================

                                     Leakage   Internal     Net        Dynamic          Total       
                                                                   (Internal+Net) (Leakage+Dynamic) 
           Instance           Cells Power(uW)  Power(uW) Power(uW)    Power(uW)       Power(uW)     
----------------------------------------------------------------------------------------------------
FME_INTER_2                   75313   561.494 138323.955 90043.585     228367.540        228929.035 
  U_buffer                    57517   319.350 117804.725 55535.008     173339.733        173659.082 
  U_inter                     14456   190.545  12083.975 15571.825      27655.800         27846.345 
    csa_tree_P.._18_10_groupi   116     1.656    123.779   149.876        273.655           275.310 
    csa_tree_P.._18_10_groupi   116     1.651    123.672   147.153        270.825           272.475 
    csa_tree_P.._18_10_groupi   117     1.640    122.645   149.716        272.361           274.001 
    csa_tree_P.._18_10_groupi   114     1.622    119.541   142.074        261.615           263.237 
    csa_tree_P.._18_10_groupi   115     1.618    113.232   139.259        252.492           254.110 
    csa_tree_P.._18_10_groupi   116     1.616    122.128   147.929        270.057           271.673 
    csa_tree_P.._18_10_groupi   116     1.616    124.286   151.219        275.506           277.121 
    csa_tree_P.._18_10_groupi   119     1.603    128.725   156.850        285.575           287.178 
    csa_tree_P.._18_10_groupi   116     1.603    119.497   146.245        265.742           267.344 
    csa_tree_P.._18_10_groupi   115     1.599    111.195   136.074        247.269           248.868 
    csa_tree_P.._18_10_groupi   117     1.598    116.310   144.652        260.962           262.560 
    csa_tree_P.._18_10_groupi   115     1.597    107.276   132.721        239.997           241.594 
    csa_tree_P.._18_10_groupi   116     1.596    124.770   144.460        269.231           270.827 
    csa_tree_P.._18_10_groupi   115     1.583    119.120   143.300        262.420           264.003 
    csa_tree_P.._18_10_groupi   116     1.581    115.950   141.927        257.877           259.459 
    csa_tree_P.._18_10_groupi   114     1.581    111.811   133.787        245.598           247.179 
    csa_tree_P.._18_10_groupi   116     1.579    114.913   139.417        254.329           255.908 
    csa_tree_P.._18_10_groupi   116     1.576    109.083   130.579        239.663           241.239 
    csa_tree_P.._18_10_groupi   115     1.564    107.979   134.278        242.256           243.821 
    csa_tree_P.._18_10_groupi   116     1.551    110.382   132.236        242.618           244.169 
    csa_tree_P.._18_10_groupi   115     1.551    117.591   143.238        260.829           262.380 
    addinc_PUs.._S0_add_18_16    87     1.543     73.857    88.402        162.259           163.802 
    addinc_PUs.._S0_add_18_16    92     1.535     75.928    90.775        166.703           168.238 
    addinc_PUs.._S0_add_18_16    91     1.526     67.926    80.776        148.702           150.228 
    addinc_PUs.._S0_add_18_16    86     1.523     70.869    86.008        156.877           158.400 
    addinc_PUs.._S0_add_18_16    91     1.522     68.203    82.985        151.188           152.710 
    addinc_PUs.._S0_add_18_16    88     1.521     69.649    84.185        153.835           155.355 
    addinc_PUs.._S0_add_18_16    87     1.515     71.646    84.951        156.597           158.112 
    addinc_PUs.._S0_add_18_16    88     1.514     72.801    88.487        161.288           162.802 
    addinc_PUs.._S0_add_18_16    87     1.512     77.575    92.222        169.797           171.309 
    addinc_PUs.._S0_add_18_16    89     1.511     69.268    82.958        152.225           153.737 
    addinc_PUs.._S0_add_18_16    88     1.509     75.039    91.677        166.717           168.226 
    addinc_PUs.._S0_add_18_16    88     1.508     76.439    97.685        174.124           175.632 
    addinc_PUs.._S0_add_18_16    84     1.507     71.012    83.429        154.441           155.948 
    addinc_PUs.._S0_add_18_16    84     1.507     68.790    80.083        148.873           150.380 
    addinc_PUs.._S0_add_18_16    86     1.495     74.009    90.314        164.322           165.817 
    addinc_PUs.._S0_add_18_16    89     1.494     72.199    84.071        156.269           157.763 
    addinc_PUs.._S0_add_18_16    86     1.487     73.430    90.861        164.291           165.777 
    addinc_PUs.._S0_add_18_16    86     1.481     66.754    78.334        145.088           146.569 
    addinc_PUs.._S0_add_18_16    85     1.481     69.707    87.351        157.058           158.539 
    addinc_PUs.._S0_add_18_16    89     1.478     71.588    89.308        160.896           162.374 
    addinc_PUs.._S0_add_18_16    85     1.476     70.101    82.078        152.179           153.655 
    addinc_PUs.._S0_add_18_16    85     1.473     72.973    85.542        158.515           159.988 
    addinc_PUs.._S0_add_18_16    86     1.472     68.524    81.237        149.761           151.233 
    addinc_PUs.._S0_add_18_16    84     1.472     74.105    90.063        164.168           165.640 
    addinc_PUs.._S0_add_18_16    83     1.472     67.114    76.115        143.229           144.701 
    addinc_PUs.._S0_add_18_16    87     1.472     70.511    85.424        155.935           157.406 
    addinc_PUs.._S0_add_18_16    87     1.471     68.035    82.391        150.427           151.897 
    addinc_PUs.._S0_add_18_16    85     1.470     71.428    84.742        156.170           157.640 
    addinc_PUs.._S0_add_18_16    88     1.465     64.185    78.124        142.309           143.774 
    addinc_PUs.._S0_add_18_16    86     1.453     69.730    81.756        151.486           152.939 
    addinc_PUs.._S0_add_18_16    85     1.447     73.450    88.102        161.552           162.999 
    addinc_PUs.._S0_add_18_16    88     1.445     67.201    82.128        149.329           150.774 
    addinc_PUs.._S0_add_18_16    82     1.433     72.713    85.072        157.784           159.218 
    addinc_PUs.._S0_add_18_16    86     1.413     56.398    68.095        124.493           125.907 
    csa_tree_P.._18_10_groupi   117     1.401    107.802   126.331        234.134           235.534 
    csa_tree_P.._18_10_groupi   118     1.302    104.804   126.967        231.771           233.073 
    csa_tree_P.._18_10_groupi   115     1.302    101.913   124.903        226.816           228.118 
    csa_tree_P.._18_10_groupi   116     1.299     99.126   122.596        221.721           223.020 
    csa_tree_P.._18_10_groupi   115     1.294    106.521   129.932        236.453           237.747 
    csa_tree_P.._18_10_groupi   114     1.291     98.632   117.338        215.970           217.260 
    csa_tree_P.._18_10_groupi   116     1.290    103.336   124.884        228.220           229.511 
    csa_tree_P.._18_10_groupi   116     1.290    102.019   122.297        224.316           225.605 
    csa_tree_P.._18_10_groupi   115     1.289    107.551   128.923        236.474           237.763 
    csa_tree_P.._18_10_groupi   117     1.289     92.062   110.329        202.392           203.680 
    csa_tree_P.._18_10_groupi   116     1.287    103.687   124.969        228.655           229.942 
    csa_tree_P.._18_10_groupi   116     1.286     97.206   116.897        214.104           215.389 
    csa_tree_P.._18_10_groupi   117     1.285    104.635   124.577        229.212           230.497 
    csa_tree_P.._18_10_groupi   116     1.284    103.781   122.891        226.671           227.955 
    csa_tree_P.._18_10_groupi   115     1.283    103.557   125.537        229.094           230.377 
    csa_tree_P.._18_10_groupi   115     1.282    110.721   130.933        241.655           242.937 
    csa_tree_P.._18_10_groupi   114     1.279    107.956   128.942        236.898           238.177 
    csa_tree_P.._18_10_groupi   114     1.279    100.689   119.989        220.679           221.957 
    csa_tree_P.._18_10_groupi   114     1.279    104.594   126.675        231.269           232.548 
    csa_tree_P.._18_10_groupi   115     1.277     99.202   116.943        216.144           217.421 
    csa_tree_P.._18_10_groupi   117     1.277     93.388   112.526        205.914           207.192 
    csa_tree_P.._18_10_groupi   115     1.276     96.856   112.592        209.448           210.725 
    csa_tree_P.._18_10_groupi   113     1.275     96.194   115.315        211.509           212.784 
    csa_tree_P.._18_10_groupi   115     1.274    107.598   129.891        237.489           238.764 
    csa_tree_P.._18_10_groupi   116     1.274     96.887   119.809        216.696           217.970 
    csa_tree_P.._18_10_groupi   116     1.274     99.665   115.862        215.526           216.800 
    csa_tree_P.._18_10_groupi   115     1.271    104.359   124.740        229.099           230.370 
    csa_tree_P.._18_10_groupi   113     1.270     98.144   116.957        215.101           216.370 
    csa_tree_P.._18_10_groupi   113     1.269    103.560   123.338        226.898           228.168 
    csa_tree_P.._18_10_groupi   116     1.269     96.811   113.770        210.581           211.850 
    csa_tree_P.._18_10_groupi   114     1.268    101.889   121.894        223.783           225.051 
    csa_tree_P.._18_10_groupi   114     1.266    107.101   127.979        235.080           236.346 
    csa_tree_P.._18_10_groupi   114     1.264     95.859   114.173        210.032           211.296 
    csa_tree_P.._18_10_groupi   113     1.263    101.519   119.261        220.780           222.044 
    csa_tree_P.._18_10_groupi   114     1.263     99.202   118.112        217.314           218.577 
    csa_tree_P.._18_10_groupi   114     1.262    104.726   123.662        228.387           229.649 
    csa_tree_P.._18_10_groupi   113     1.262     97.710   114.558        212.268           213.530 
    csa_tree_P.._18_10_groupi   113     1.262    101.864   122.405        224.269           225.531 
    csa_tree_P.._18_10_groupi   113     1.256    107.228   127.120        234.348           235.604 
    csa_tree_P.._18_10_groupi   113     1.256     97.516   118.130        215.646           216.902 
    csa_tree_P.._18_10_groupi   114     1.255    102.392   120.699        223.091           224.347 
    csa_tree_P.._18_10_groupi   113     1.254    100.120   117.938        218.058           219.312 
    csa_tree_P.._18_10_groupi   113     1.251     98.279   116.519        214.798           216.048 
    csa_tree_P.._18_10_groupi   114     1.248    103.288   121.400        224.688           225.936 
    csa_tree_P.._18_10_groupi   115     1.246     90.104   105.680        195.783           197.030 
    addinc_PUs.._S1_add_18_16    88     1.234     66.258    74.763        141.022           142.255 
    addinc_PUs.._S1_add_18_16    87     1.215     64.862    72.832        137.693           138.908 
    addinc_PUs.._S1_add_18_16    85     1.213     64.746    72.983        137.729           138.942 
    addinc_PUs.._S1_add_18_16    88     1.207     63.412    70.722        134.134           135.341 
    addinc_PUs.._S1_add_18_16    86     1.207     63.889    73.666        137.555           138.761 
    addinc_PUs.._S1_add_18_16    86     1.198     64.586    73.643        138.229           139.427 
    addinc_PUs.._S1_add_18_16    86     1.197     65.793    74.578        140.371           141.568 
    addinc_PUs.._S1_add_18_16    86     1.196     59.146    67.534        126.680           127.876 
    addinc_PUs.._S1_add_18_16    84     1.193     65.470    70.385        135.855           137.048 
    addinc_PUs.._S1_add_18_16    86     1.192     69.315    79.290        148.605           149.798 
    addinc_PUs.._S1_add_18_16    85     1.187     60.330    68.633        128.963           130.150 
    addinc_PUs.._S1_add_18_16    85     1.183     58.085    66.741        124.826           126.009 
    addinc_PUs.._S1_add_18_16    87     1.182     72.132    82.722        154.854           156.036 
    addinc_PUs.._S1_add_18_16    85     1.181     63.246    71.519        134.765           135.946 
    addinc_PUs.._S1_add_18_16    87     1.180     63.291    71.970        135.261           136.441 
    addinc_PUs.._S1_add_18_16    88     1.180     67.226    76.601        143.827           145.007 
    addinc_PUs.._S1_add_18_16    85     1.177     69.566    79.845        149.411           150.587 
    addinc_PUs.._S1_add_18_16    84     1.167     60.343    68.712        129.054           130.221 
    addinc_PUs.._S1_add_18_16    86     1.166     59.376    69.919        129.295           130.461 
    addinc_PUs.._S1_add_18_16    84     1.166     60.675    66.400        127.075           128.240 
    addinc_PUs.._S1_add_18_16    86     1.165     59.908    68.556        128.464           129.629 
    addinc_PUs.._S1_add_18_16    88     1.165     62.216    71.002        133.218           134.382 
    addinc_PUs.._S1_add_18_16    86     1.159     65.862    77.393        143.255           144.415 
    addinc_PUs.._S1_add_18_16    83     1.158     63.176    70.652        133.828           134.986 
    addinc_PUs.._S1_add_18_16    84     1.156     57.679    67.876        125.555           126.712 
    addinc_PUs.._S1_add_18_16    85     1.150     63.862    70.245        134.108           135.257 
    addinc_PUs.._S1_add_18_16    85     1.147     65.738    74.141        139.879           141.026 
    addinc_PUs.._S1_add_18_16    83     1.145     58.809    65.170        123.979           125.124 
    addinc_PUs.._S1_add_18_16    85     1.144     52.862    60.837        113.699           114.844 
    addinc_PUs.._S1_add_18_16    83     1.142     59.626    68.693        128.319           129.462 
    addinc_PUs.._S1_add_18_16    85     1.140     59.884    68.704        128.588           129.729 
    addinc_PUs.._S1_add_18_16    86     1.137     64.136    68.024        132.160           133.297 
    addinc_PUs.._S1_add_18_16    82     1.123     59.721    65.480        125.200           126.323 
    addinc_PUs.._S1_add_18_16    83     1.101     60.338    62.875        123.213           124.314 
    addinc_PUs..S10_add_41_28     3     0.031      3.268     3.516          6.784             6.815 
    addinc_PUs..S10_add_41_28     3     0.031      3.703     4.049          7.752             7.783 
    addinc_PUs..S10_add_41_28     3     0.031      3.004     3.204          6.208             6.239 
    addinc_PUs..S10_add_41_28     3     0.031      3.336     3.546          6.881             6.912 
    addinc_PUs..S10_add_41_28     3     0.031      2.941     3.146          6.087             6.118 
    addinc_PUs..S10_add_41_28     3     0.031      2.902     3.201          6.103             6.133 
    addinc_PUs..S10_add_41_28     3     0.031      3.170     3.363          6.533             6.564 
    addinc_PUs..S10_add_41_28     3     0.030      3.705     4.143          7.849             7.879 
    addinc_PUs..S10_add_41_28     3     0.030      2.837     3.116          5.953             5.983 
    addinc_PUs..S10_add_41_28     3     0.030      3.373     3.524          6.897             6.927 
    addinc_PUs..S10_add_41_28     3     0.030      2.992     3.322          6.314             6.344 
    addinc_PUs..S10_add_41_28     3     0.018      2.120     2.414          4.534             4.552 
    addinc_PUs..S10_add_41_28     3     0.017      2.413     2.854          5.267             5.284 
    addinc_PUs..S10_add_41_28     3     0.017      2.168     2.397          4.565             4.582 
    addinc_PUs..S10_add_41_28     3     0.017      2.411     2.576          4.987             5.005 
    addinc_PUs..S10_add_41_28     3     0.017      2.083     2.378          4.461             4.479 
    addinc_PUs..S10_add_41_28     3     0.017      2.119     2.391          4.510             4.528 
    addinc_PUs..S10_add_41_28     3     0.017      2.141     2.446          4.587             4.605 
    addinc_PUs..S10_add_41_28     3     0.017      1.960     2.137          4.097             4.114 
    addinc_PUs..S10_add_41_28     3     0.017      2.376     2.627          5.003             5.020 
    addinc_PUs..S10_add_41_28     3     0.017      2.616     2.922          5.538             5.556 
    addinc_PUs..S10_add_41_28     3     0.017      2.044     2.347          4.392             4.409 
    addinc_PUs..S10_add_41_28     3     0.017      1.687     1.870          3.557             3.574 
    addinc_PUs..S10_add_41_28     3     0.017      2.385     2.821          5.207             5.224 
    addinc_PUs..S10_add_41_28     3     0.017      2.146     2.414          4.560             4.577 
    addinc_PUs..S10_add_41_28     3     0.017      1.920     2.078          3.998             4.016 
    addinc_PUs..S10_add_41_28     3     0.017      1.963     2.148          4.111             4.129 
    addinc_PUs..S10_add_41_28     3     0.017      2.336     2.686          5.022             5.039 
    addinc_PUs..S10_add_41_28     3     0.017      1.956     2.117          4.073             4.091 
    addinc_PUs..S10_add_41_28     3     0.017      1.941     2.094          4.035             4.052 
    addinc_PUs..S10_add_41_28     3     0.017      2.206     2.267          4.473             4.490 
    addinc_PUs..S10_add_41_28     3     0.017      1.934     2.094          4.027             4.044 
    addinc_PUs..S10_add_41_28     3     0.017      2.277     2.594          4.871             4.888 
  U_crtl                         94     0.542    158.915    44.278        203.192           203.735 
    inc_add_679_29                9     0.041      1.240     0.838          2.078             2.119 
    inc_add_649_29                8     0.036      1.161     0.818          1.979             2.015 
    inc_add_664_29                8     0.036      1.087     0.834          1.921             1.957 
    lt_577_18                     3     0.012      0.870     0.653          1.523             1.534 
    lt_591_18                     2     0.010      0.206     0.195          0.401             0.411 
    lt_584_18                     2     0.007      0.150     0.095          0.245             0.252 
  clipping[2].U_clip             15     0.144      8.919     9.629         18.549            18.692 
    gte_446_34                    6     0.081      4.331     4.572          8.903             8.983 
  clipping[17].U_clip            15     0.141      8.034     7.654         15.688            15.829 
    gte_446_34                    6     0.082      3.702     3.491          7.193             7.275 
  clipping[8].U_clip             15     0.140      8.893     8.969         17.862            18.003 
    gte_446_34                    6     0.082      4.785     4.574          9.359             9.441 
  clipping[11].U_clip            15     0.139      8.104     9.038         17.143            17.281 
    gte_446_34                    6     0.079      4.103     3.887          7.990             8.069 
  clipping[20].U_clip            15     0.138      9.010     9.445         18.455            18.593 
    gte_446_34                    6     0.080      5.245     4.564          9.809             9.889 
  clipping[30].U_clip            15     0.134      9.020     8.186         17.206            17.340 
    gte_446_34                    6     0.075      5.215     4.100          9.315             9.390 
  clipping[27].U_clip            15     0.133      8.638     8.093         16.731            16.864 
    gte_446_34                    6     0.074      4.504     3.481          7.985             8.059 
  clipping[5].U_clip             15     0.132      9.419     8.673         18.092            18.224 
    gte_446_34                    6     0.074      5.261     3.978          9.239             9.312 
  clipping[9].U_clip             15     0.132      9.505     9.158         18.662            18.794 
    gte_446_34                    6     0.074      5.247     4.103          9.350             9.424 
  clipping[14].U_clip            15     0.132      9.470     8.875         18.345            18.477 
    gte_446_34                    6     0.073      5.374     3.910          9.284             9.357 
  clipping[6].U_clip             15     0.132      9.150     8.714         17.865            17.996 
    gte_446_34                    6     0.073      4.869     3.645          8.514             8.587 
  clipping[29].U_clip            15     0.131      8.285     8.140         16.425            16.557 
    gte_446_34                    6     0.073      4.943     3.643          8.586             8.659 
  clipping[24].U_clip            15     0.131      8.117     7.638         15.755            15.886 
    gte_446_34                    6     0.072      4.211     3.034          7.245             7.316 
  clipping[3].U_clip             15     0.131      9.336     8.799         18.135            18.266 
    gte_446_34                    6     0.073      5.134     3.947          9.081             9.154 
  clipping[18].U_clip            15     0.131      8.827     7.793         16.620            16.751 
    gte_446_34                    6     0.072      4.652     3.578          8.230             8.301 
  clipping[32].U_clip            15     0.131      9.418     9.221         18.639            18.770 
    gte_446_34                    6     0.072      5.157     3.851          9.008             9.080 
  clipping[21].U_clip            15     0.131      8.721     8.656         17.377            17.507 
    gte_446_34                    6     0.072      4.873     3.715          8.588             8.660 
  clipping[12].U_clip            15     0.131      9.220     9.054         18.274            18.405 
    gte_446_34                    6     0.070      4.803     3.812          8.615             8.685 
  clipping[15].U_clip            15     0.130      7.938     7.603         15.541            15.672 
    gte_446_34                    6     0.072      4.033     3.157          7.190             7.262 
  clipping[26].U_clip            15     0.130      7.945     8.113         16.058            16.188 
    gte_446_34                    6     0.072      4.322     3.353          7.675             7.747 
  clipping[23].U_clip            15     0.130      8.563     8.252         16.816            16.946 
    gte_446_34                    6     0.071      4.524     3.431          7.955             8.026 
  clipping[0].U_clip             15     0.129      8.418     8.037         16.455            16.584 
    gte_446_34                    6     0.070      4.193     3.222          7.416             7.485 
  clipping[7..ip_gte_446_34       6     0.075      6.076     4.711         10.787            10.861 
  clipping[4..ip_gte_446_34       6     0.075      5.514     4.290          9.804             9.879 
  clipping[8..ip_gte_446_34       6     0.075      5.821     4.468         10.289            10.364 
  clipping[4..ip_gte_446_34       6     0.074      4.831     3.885          8.716             8.790 
  clipping[4..ip_gte_446_34       6     0.074      4.775     3.639          8.414             8.487 
  clipping[7..ip_gte_446_34       6     0.073      5.341     4.282          9.623             9.696 
  clipping[8..ip_gte_446_34       6     0.073      4.986     4.244          9.230             9.303 
  clipping[6..ip_gte_446_34       6     0.073      4.812     3.912          8.723             8.796 
  clipping[5..ip_gte_446_34       6     0.073      5.242     4.212          9.454             9.527 
  clipping[3..ip_gte_446_34       6     0.073      4.789     3.777          8.566             8.638 
  clipping[4..ip_gte_446_34       6     0.073      5.237     4.293          9.529             9.602 
  clipping[6..ip_gte_446_34       6     0.073      4.573     3.837          8.410             8.482 
  clipping[6..ip_gte_446_34       6     0.073      5.778     4.577         10.355            10.428 
  clipping[7..ip_gte_446_34       6     0.073      5.570     4.051          9.621             9.693 
  clipping[8..ip_gte_446_34       6     0.073      4.140     3.348          7.488             7.560 
  clipping[9..ip_gte_446_34       6     0.072      3.853     2.925          6.778             6.851 
  clipping[5..ip_gte_446_34       6     0.072      4.604     3.696          8.300             8.372 
  clipping[8..ip_gte_446_34       6     0.072      4.687     4.003          8.690             8.762 
  clipping[6..ip_gte_446_34       6     0.072      4.482     3.739          8.220             8.293 
  clipping[9..ip_gte_446_34       6     0.072      4.743     3.888          8.631             8.703 
  clipping[4..ip_gte_446_34       6     0.072      5.096     3.990          9.087             9.159 
  clipping[7..ip_gte_446_34       6     0.072      5.456     4.448          9.904             9.976 
  clipping[8..ip_gte_446_34       6     0.072      4.404     3.287          7.691             7.763 
  clipping[5..ip_gte_446_34       6     0.072      4.912     3.939          8.851             8.923 
  clipping[6..ip_gte_446_34       6     0.072      4.986     4.245          9.231             9.303 
  clipping[9..ip_gte_446_34       6     0.072      4.451     3.528          7.979             8.051 
  clipping[8..ip_gte_446_34       6     0.072      4.438     3.455          7.894             7.966 
  clipping[7..ip_gte_446_34       6     0.072      5.216     3.917          9.133             9.205 
  clipping[5..ip_gte_446_34       6     0.072      4.432     3.628          8.060             8.131 
  clipping[6..ip_gte_446_34       6     0.072      5.010     3.979          8.989             9.060 
  clipping[9..ip_gte_446_34       6     0.071      4.436     3.619          8.055             8.127 
  clipping[5..ip_gte_446_34       6     0.071      5.293     4.254          9.546             9.618 
  clipping[5..ip_gte_446_34       6     0.071      4.807     3.867          8.674             8.745 
  clipping[8..ip_gte_446_34       6     0.071      4.171     3.191          7.363             7.434 
  clipping[6..ip_gte_446_34       6     0.071      4.972     4.067          9.040             9.111 
  clipping[5..ip_gte_446_34       6     0.071      4.302     3.405          7.707             7.778 
  clipping[3..ip_gte_446_34       6     0.071      4.549     3.577          8.126             8.197 
  clipping[3..ip_gte_446_34       6     0.071      4.242     3.504          7.746             7.817 
  clipping[4..ip_gte_446_34       6     0.071      3.439     2.772          6.211             6.282 
  clipping[9..ip_gte_446_34       6     0.071      4.796     3.857          8.653             8.724 
  clipping[7..ip_gte_446_34       6     0.071      5.410     4.201          9.611             9.682 
  clipping[3..ip_gte_446_34       6     0.071      4.971     3.996          8.967             9.037 
  clipping[9..ip_gte_446_34       6     0.070      3.875     3.053          6.928             6.998 
  clipping[3..ip_gte_446_34       6     0.070      4.555     3.703          8.258             8.328 
  clipping[10].U_clip             3     0.015      1.186     0.727          1.913             1.927 
  clipping[7].U_clip              3     0.014      1.001     0.618          1.620             1.634 
  clipping[22].U_clip             3     0.014      1.019     0.618          1.637             1.651 
  clipping[19].U_clip             3     0.014      0.925     0.572          1.497             1.511 
  clipping[1].U_clip              3     0.014      0.929     0.572          1.501             1.515 
  clipping[31].U_clip             3     0.014      0.832     0.510          1.343             1.357 
  clipping[25].U_clip             3     0.014      0.905     0.557          1.462             1.476 
  clipping[16].U_clip             3     0.014      0.909     0.557          1.466             1.480 
  clipping[13].U_clip             3     0.014      0.836     0.510          1.346             1.360 
  clipping[4].U_clip              3     0.014      0.958     0.588          1.546             1.560 
  clipping[28].U_clip             3     0.014      1.043     0.634          1.677             1.691 

