============================================================
  Generated by:           Genus(TM) Synthesis Solution 17.10-p007_1
  Generated on:           Nov 23 2019  03:29:17 am
  Module:                 FME_INTER_6
  Technology libraries:   CORE65LPSVT 
                          CLOCK65LPSVT 
                          physical_cells 
  Operating conditions:   _nominal_ 
  Interconnect mode:      global
  Area mode:              physical library
============================================================

                                        Leakage   Internal      Net        Dynamic          Total       
                                                                       (Internal+Net) (Leakage+Dynamic) 
            Instance             Cells Power(uW)  Power(uW)  Power(uW)    Power(uW)       Power(uW)     
--------------------------------------------------------------------------------------------------------
FME_INTER_6                     171069  1391.235 334730.255 182838.267     517568.522        518959.757 
  U_inter                        58822   660.475  71922.780  77396.492     149319.272        149979.747 
    PUs[10].U_F8                   932    10.388   1165.198   1532.179       2697.376          2707.765 
      csa_tree_U.._18_10_groupi     60     0.941    107.249     88.103        195.352           196.294 
      csa_tree_U.._18_10_groupi     57     0.939    171.082    259.451        430.533           431.472 
      csa_tree_U.._18_10_groupi     57     0.903    164.305    265.650        429.956           430.859 
      csa_tree_U.._18_10_groupi     58     0.805     99.511     90.314        189.825           190.631 
      csa_tree_U.._18_10_groupi     68     0.738     62.314     67.165        129.479           130.217 
      csa_tree_U.._41_16_groupi     29     0.630    107.544    215.219        322.762           323.393 
      csa_tree_U.._18_10_groupi     34     0.605    106.187     86.629        192.815           193.421 
    PUs[1].U_F8                    928    10.379   1146.185   1487.418       2633.603          2643.982 
      csa_tree_U.._18_10_groupi     57     0.994    170.798    248.578        419.377           420.370 
      csa_tree_U.._18_10_groupi     57     0.955    169.327    264.817        434.144           435.098 
      csa_tree_U.._18_10_groupi     60     0.938    101.307     87.708        189.015           189.953 
      csa_tree_U.._18_10_groupi     58     0.807     98.446     88.632        187.078           187.885 
      csa_tree_U.._18_10_groupi     68     0.734     63.233     67.911        131.144           131.878 
      csa_tree_U.._18_10_groupi     34     0.604    105.588     85.103        190.692           191.296 
      csa_tree_U.._41_16_groupi     34     0.576     98.979    195.490        294.469           295.045 
    PUs[9].U_F8                    923    10.308   1135.369   1518.915       2654.284          2664.592 
      csa_tree_U.._18_10_groupi     60     0.933     97.525     81.125        178.651           179.584 
      csa_tree_U.._18_10_groupi     57     0.929    169.292    260.090        429.382           430.311 
      csa_tree_U.._18_10_groupi     57     0.876    163.916    275.319        439.235           440.111 
      csa_tree_U.._18_10_groupi     58     0.806     91.573     82.047        173.620           174.427 
      csa_tree_U.._18_10_groupi     68     0.737     58.749     64.262        123.011           123.749 
      csa_tree_U.._41_16_groupi     29     0.626    115.324    223.455        338.779           339.405 
      csa_tree_U.._18_10_groupi     34     0.607    102.116     82.749        184.865           185.472 
    PUs[7].U_F8                    924    10.277   1145.647   1529.796       2675.442          2685.719 
      csa_tree_U.._18_10_groupi     60     0.939    105.003     86.405        191.408           192.347 
      csa_tree_U.._18_10_groupi     57     0.933    163.268    260.681        423.949           424.882 
      csa_tree_U.._18_10_groupi     57     0.921    164.181    262.675        426.856           427.777 
      csa_tree_U.._18_10_groupi     58     0.807     96.872     88.435        185.307           186.114 
      csa_tree_U.._18_10_groupi     68     0.737     62.046     68.297        130.344           131.080 
      csa_tree_U.._18_10_groupi     34     0.606    107.387     86.957        194.344           194.950 
      csa_tree_U.._41_16_groupi     29     0.578     97.639    214.626        312.265           312.843 
    PUs[6].U_F8                    924    10.264   1158.039   1307.149       2465.188          2475.451 
      csa_tree_U.._18_10_groupi     57     0.949    168.233    182.724        350.956           351.905 
      csa_tree_U.._18_10_groupi     57     0.942    165.059    223.564        388.624           389.565 
      csa_tree_U.._18_10_groupi     60     0.938    110.571     93.281        203.853           204.790 
      csa_tree_U.._18_10_groupi     58     0.806    102.404     93.783        196.187           196.993 
      csa_tree_U.._18_10_groupi     68     0.735     68.308     74.688        142.996           143.731 
      csa_tree_U.._18_10_groupi     34     0.607    100.475     80.188        180.663           181.270 
      csa_tree_U.._41_16_groupi     29     0.577     91.513     96.216        187.729           188.305 
    PUs[17].U_F8                   923    10.202   1093.837   1419.312       2513.149          2523.351 
      csa_tree_U.._18_10_groupi     57     0.937    161.866    250.058        411.923           412.860 
      csa_tree_U.._18_10_groupi     57     0.934    168.097    254.812        422.910           423.844 
      csa_tree_U.._18_10_groupi     59     0.755     87.054     80.806        167.860           168.615 
      csa_tree_U.._18_10_groupi     63     0.744     79.930     76.361        156.292           157.036 
      csa_tree_U.._18_10_groupi     69     0.638     55.264     55.376        110.640           111.278 
      csa_tree_U.._18_10_groupi     36     0.622     96.460     74.395        170.855           171.477 
      csa_tree_U.._41_16_groupi     34     0.541     90.317    183.844        274.161           274.702 
    PUs[8].U_F8                    920    10.197   1127.254   1506.104       2633.358          2643.555 
      csa_tree_U.._18_10_groupi     57     0.938    172.358    267.445        439.803           440.741 
      csa_tree_U.._18_10_groupi     60     0.933    104.596     88.180        192.776           193.709 
      csa_tree_U.._18_10_groupi     57     0.890    160.376    258.750        419.126           420.016 
      csa_tree_U.._18_10_groupi     58     0.806     89.600     80.932        170.533           171.339 
      csa_tree_U.._18_10_groupi     68     0.736     58.874     63.108        121.982           122.718 
      csa_tree_U.._41_16_groupi     29     0.627    108.984    222.459        331.443           332.071 
      csa_tree_U.._18_10_groupi     34     0.607     96.462     78.920        175.382           175.989 
    PUs[5].U_F8                    922    10.197   1108.612   1221.000       2329.612          2339.809 
      csa_tree_U.._18_10_groupi     57     0.939    163.329    154.021        317.350           318.289 
      csa_tree_U.._18_10_groupi     60     0.934     97.268     81.321        178.589           179.523 
      csa_tree_U.._18_10_groupi     57     0.889    153.402    198.771        352.173           353.062 
      csa_tree_U.._18_10_groupi     58     0.806     95.568     84.839        180.407           181.213 
      csa_tree_U.._18_10_groupi     68     0.731     62.397     67.360        129.757           130.488 
      csa_tree_U.._18_10_groupi     34     0.608    103.576     81.720        185.295           185.904 
      csa_tree_U.._41_16_groupi     29     0.555     92.810    101.853        194.663           195.218 
    PUs[4].U_F8                    918    10.171   1076.646   1275.106       2351.752          2361.923 
      csa_tree_U.._18_10_groupi     57     0.939    159.188    167.401        326.589           327.528 
      csa_tree_U.._18_10_groupi     60     0.936     98.192     81.122        179.313           180.250 
      csa_tree_U.._18_10_groupi     57     0.889    152.267    250.057        402.324           403.213 
      csa_tree_U.._18_10_groupi     58     0.804     85.104     75.711        160.815           161.619 
      csa_tree_U.._18_10_groupi     68     0.735     57.017     59.409        116.426           117.160 
      csa_tree_U.._18_10_groupi     34     0.605    100.125     79.923        180.048           180.653 
      csa_tree_U.._41_16_groupi     29     0.565     93.409    128.610        222.019           222.584 
    PUs[18].U_F8                   919    10.127   1103.606   1521.782       2625.389          2635.516 
      csa_tree_U.._18_10_groupi     57     0.932    166.423    308.719        475.142           476.074 
      csa_tree_U.._18_10_groupi     57     0.924    160.546    244.275        404.821           405.745 
      csa_tree_U.._18_10_groupi     59     0.756     84.781     79.047        163.828           164.584 
      csa_tree_U.._18_10_groupi     63     0.741     89.538     85.294        174.832           175.573 
      csa_tree_U.._18_10_groupi     69     0.637     54.175     54.597        108.772           109.409 
      csa_tree_U.._18_10_groupi     36     0.620    108.653     84.089        192.742           193.362 
      csa_tree_U.._41_16_groupi     34     0.539     90.770    231.438        322.208           322.747 
    PUs[16].U_F8                   916    10.120   1120.952   1476.752       2597.704          2607.824 
      csa_tree_U.._18_10_groupi     57     0.936    175.088    276.469        451.557           452.493 
      csa_tree_U.._18_10_groupi     57     0.915    166.310    260.083        426.393           427.308 
      csa_tree_U.._18_10_groupi     59     0.755     87.231     81.354        168.585           169.340 
      csa_tree_U.._18_10_groupi     63     0.743     85.865     81.182        167.048           167.790 
      csa_tree_U.._18_10_groupi     69     0.638     55.197     55.174        110.371           111.009 
      csa_tree_U.._18_10_groupi     36     0.622     98.591     75.912        174.504           175.125 
      csa_tree_U.._41_16_groupi     29     0.550     93.828    198.572        292.400           292.950 
    PUs[2].U_F8                    927    10.087   1127.894   1683.045       2810.939          2821.026 
      csa_tree_U.._18_10_groupi     57     0.946    173.430    336.499        509.929           510.874 
      csa_tree_U.._18_10_groupi     60     0.937    110.108     90.242        200.350           201.286 
      csa_tree_U.._18_10_groupi     57     0.889    155.722    300.825        456.547           457.436 
      csa_tree_U.._18_10_groupi     58     0.805     94.682     85.190        179.872           180.677 
      csa_tree_U.._18_10_groupi     68     0.736     66.511     70.323        136.834           137.570 
      csa_tree_U.._18_10_groupi     34     0.604    108.095     86.382        194.478           195.081 
      csa_tree_U.._41_16_groupi     29     0.576     94.491    280.303        374.794           375.370 
    PUs[13].U_F8                   916    10.079   1070.029   1255.281       2325.310          2335.389 
      csa_tree_U.._18_10_groupi     57     0.916    158.642    206.922        365.564           366.480 
      csa_tree_U.._18_10_groupi     57     0.910    156.953    179.447        336.401           337.311 
      csa_tree_U.._18_10_groupi     59     0.757     84.479     79.253        163.732           164.489 
      csa_tree_U.._18_10_groupi     63     0.742     81.027     76.148        157.175           157.917 
      csa_tree_U.._18_10_groupi     69     0.638     51.932     51.928        103.860           104.498 
      csa_tree_U.._18_10_groupi     36     0.620    102.437     79.464        181.901           182.521 
      csa_tree_U.._41_16_groupi     29     0.544     90.130    145.155        235.286           235.830 
    PUs[11].U_F8                   915    10.054   1140.381   1263.520       2403.901          2413.955 
      csa_tree_U.._18_10_groupi     57     0.974    182.541    245.251        427.792           428.767 
      csa_tree_U.._18_10_groupi     57     0.902    161.693    171.105        332.798           333.700 
      csa_tree_U.._18_10_groupi     59     0.754     98.333     92.104        190.437           191.191 
      csa_tree_U.._18_10_groupi     63     0.742     90.385     84.753        175.138           175.880 
      csa_tree_U.._18_10_groupi     69     0.638     62.932     63.479        126.412           127.050 
      csa_tree_U.._18_10_groupi     36     0.622    108.885     83.158        192.043           192.665 
      csa_tree_U.._41_16_groupi     29     0.539     89.714     87.474        177.188           177.727 
    PUs[3].U_F8                    917    10.035   1098.386   1675.623       2774.009          2784.044 
      csa_tree_U.._18_10_groupi     57     0.939    164.372    340.819        505.191           506.130 
      csa_tree_U.._18_10_groupi     60     0.938    107.190     88.087        195.277           196.215 
      csa_tree_U.._18_10_groupi     57     0.890    156.245    326.869        483.114           484.003 
      csa_tree_U.._18_10_groupi     58     0.807     90.019     81.343        171.363           172.170 
      csa_tree_U.._18_10_groupi     68     0.735     60.675     63.993        124.668           125.403 
      csa_tree_U.._18_10_groupi     34     0.606     98.145     78.194        176.339           176.944 
      csa_tree_U.._41_16_groupi     29     0.579     96.154    268.937        365.091           365.670 
    PUs[19].U_F8                   917    10.030   1117.224   1618.838       2736.061          2746.092 
      csa_tree_U.._18_10_groupi     57     0.951    161.271    308.029        469.300           470.251 
      csa_tree_U.._18_10_groupi     57     0.938    167.784    325.986        493.770           494.708 
      csa_tree_U.._18_10_groupi     59     0.755     93.460     86.877        180.337           181.092 
      csa_tree_U.._18_10_groupi     63     0.742     88.183     84.407        172.590           173.332 
      csa_tree_U.._18_10_groupi     69     0.637     61.763     63.655        125.419           126.056 
      csa_tree_U.._18_10_groupi     36     0.621    114.120     87.756        201.877           202.497 
      csa_tree_U.._41_16_groupi     34     0.546     96.332    233.594        329.926           330.472 
    PUs[14].U_F8                   915    10.015   1115.758   1351.753       2467.510          2477.526 
      csa_tree_U.._18_10_groupi     57     0.917    162.483    225.782        388.266           389.182 
      csa_tree_U.._18_10_groupi     57     0.916    163.505    211.575        375.080           375.996 
      csa_tree_U.._18_10_groupi     59     0.759     91.203     85.299        176.502           177.261 
      csa_tree_U.._18_10_groupi     63     0.745     88.113     81.322        169.435           170.180 
      csa_tree_U.._18_10_groupi     69     0.636     58.264     60.054        118.317           118.953 
      csa_tree_U.._18_10_groupi     36     0.620    102.981     79.853        182.833           183.454 
      csa_tree_U.._41_16_groupi     29     0.546     96.683    160.859        257.542           258.088 
    PUs[44].U_F8                   881    10.012   1120.421   1044.697       2165.118          2175.130 
      csa_tree_U.._18_10_groupi     59     0.876    100.180     85.915        186.096           186.972 
      csa_tree_U.._18_10_groupi     57     0.875    170.586    115.950        286.535           287.410 
      csa_tree_U.._18_10_groupi     60     0.811     94.848     86.671        181.518           182.329 
      csa_tree_U.._18_10_groupi     68     0.761     64.350     67.800        132.150           132.911 
      csa_tree_U.._18_10_groupi     57     0.753    142.578    105.987        248.565           249.318 
      csa_tree_U.._18_10_groupi     36     0.671    112.215     78.158        190.372           191.043 
      csa_tree_U.._41_16_groupi     28     0.364     72.563     47.622        120.185           120.548 
    PUs[12].U_F8                   918    10.007   1080.986   1142.601       2223.587          2233.594 
      csa_tree_U.._18_10_groupi     57     0.940    159.320    161.069        320.389           321.329 
      csa_tree_U.._18_10_groupi     57     0.903    160.870    150.417        311.287           312.189 
      csa_tree_U.._18_10_groupi     59     0.756     90.230     85.389        175.619           176.375 
      csa_tree_U.._18_10_groupi     63     0.742     82.172     77.166        159.337           160.079 
      csa_tree_U.._18_10_groupi     69     0.634     55.036     56.467        111.504           112.138 
      csa_tree_U.._18_10_groupi     36     0.620    101.868     77.372        179.240           179.861 
      csa_tree_U.._41_16_groupi     29     0.529     89.456    106.726        196.182           196.711 
    PUs[47].U_F8                   882    10.002   1117.687   1040.295       2157.982          2167.984 
      csa_tree_U.._18_10_groupi     59     0.875    110.273     93.289        203.562           204.437 
      csa_tree_U.._18_10_groupi     57     0.874    164.803    111.321        276.124           276.998 
      csa_tree_U.._18_10_groupi     60     0.809     89.571     80.538        170.109           170.918 
      csa_tree_U.._18_10_groupi     68     0.763     71.082     72.615        143.696           144.459 
      csa_tree_U.._18_10_groupi     57     0.753    145.586    107.011        252.597           253.350 
      csa_tree_U.._18_10_groupi     36     0.670    113.932     79.549        193.481           194.151 
      csa_tree_U.._41_16_groupi     28     0.364     71.113     47.137        118.250           118.614 
    PUs[20].U_F8                   913    10.001   1064.216   1578.630       2642.846          2652.847 
      csa_tree_U.._18_10_groupi     57     0.968    169.075    334.300        503.376           504.344 
      csa_tree_U.._18_10_groupi     57     0.939    162.849    316.185        479.034           479.973 
      csa_tree_U.._18_10_groupi     59     0.756     82.753     77.349        160.102           160.858 
      csa_tree_U.._18_10_groupi     63     0.743     81.718     77.877        159.595           160.338 
      csa_tree_U.._18_10_groupi     69     0.638     51.225     51.699        102.924           103.562 
      csa_tree_U.._18_10_groupi     36     0.620     97.946     75.660        173.605           174.225 
      csa_tree_U.._41_16_groupi     29     0.532     90.352    227.559        317.910           318.443 
    PUs[15].U_F8                   914     9.967   1089.460   1307.869       2397.329          2407.296 
      csa_tree_U.._18_10_groupi     57     0.916    163.137    214.491        377.629           378.545 
      csa_tree_U.._18_10_groupi     57     0.907    156.838    214.880        371.718           372.625 
      csa_tree_U.._18_10_groupi     59     0.759     87.101     81.807        168.908           169.667 
      csa_tree_U.._18_10_groupi     63     0.743     83.607     78.290        161.897           162.640 
      csa_tree_U.._18_10_groupi     69     0.640     52.116     52.330        104.446           105.086 
      csa_tree_U.._18_10_groupi     36     0.617    106.386     83.926        190.312           190.929 
      csa_tree_U.._41_16_groupi     29     0.546     93.128    144.216        237.344           237.889 
    PUs[46].U_F8                   880     9.949   1097.035   1022.908       2119.943          2129.892 
      csa_tree_U.._18_10_groupi     59     0.877    101.009     87.693        188.701           189.578 
      csa_tree_U.._18_10_groupi     57     0.875    167.148    113.882        281.030           281.905 
      csa_tree_U.._18_10_groupi     60     0.811     88.967     82.862        171.829           172.640 
      csa_tree_U.._18_10_groupi     68     0.764     63.905     65.000        128.906           129.669 
      csa_tree_U.._18_10_groupi     57     0.753    142.376    103.938        246.314           247.067 
      csa_tree_U.._18_10_groupi     36     0.671    112.161     77.082        189.243           189.914 
      csa_tree_U.._41_16_groupi     28     0.363     70.346     47.899        118.246           118.608 
    PUs[49].U_F8                   879     9.944   1061.121    988.039       2049.160          2059.104 
      csa_tree_U.._18_10_groupi     59     0.876     92.521     79.007        171.527           172.403 
      csa_tree_U.._18_10_groupi     57     0.876    157.975    107.914        265.889           266.765 
      csa_tree_U.._18_10_groupi     60     0.810     90.923     82.412        173.335           174.145 
      csa_tree_U.._18_10_groupi     68     0.764     65.249     66.941        132.190           132.954 
      csa_tree_U.._18_10_groupi     57     0.754    139.610    103.385        242.995           243.749 
      csa_tree_U.._18_10_groupi     36     0.670    107.372     73.924        181.296           181.966 
      csa_tree_U.._41_16_groupi     28     0.364     66.825     44.794        111.619           111.983 
    PUs[0].U_F8                    913     9.928   1062.106   1388.228       2450.333          2460.261 
      csa_tree_U.._18_10_groupi     60     0.940     97.118     80.545        177.663           178.603 
      csa_tree_U.._18_10_groupi     57     0.933    159.038    246.407        405.445           406.378 
      csa_tree_U.._18_10_groupi     57     0.904    157.675    237.094        394.769           395.673 
      csa_tree_U.._18_10_groupi     58     0.803     89.795     79.721        169.516           170.319 
      csa_tree_U.._18_10_groupi     68     0.732     59.326     62.254        121.580           122.312 
      csa_tree_U.._41_16_groupi     29     0.626     99.314    196.131        295.445           296.071 
      csa_tree_U.._18_10_groupi     34     0.604     96.696     79.242        175.938           176.542 
    PUs[51].U_F8                   878     9.927   1072.597    994.042       2066.639          2076.566 
      csa_tree_U.._18_10_groupi     57     0.879    154.617    106.519        261.136           262.015 
      csa_tree_U.._18_10_groupi     59     0.875    102.179     87.830        190.009           190.884 
      csa_tree_U.._18_10_groupi     60     0.809     87.060     81.451        168.512           169.321 
      csa_tree_U.._18_10_groupi     68     0.767     64.981     66.560        131.540           132.308 
      csa_tree_U.._18_10_groupi     57     0.751    135.398     99.238        234.636           235.387 
      csa_tree_U.._18_10_groupi     36     0.673    111.565     77.275        188.840           189.513 
      csa_tree_U.._41_16_groupi     28     0.363     72.469     46.643        119.112           119.475 
    PUs[41].U_F8                   880     9.896   1091.516   1016.270       2107.787          2117.683 
      csa_tree_U.._18_10_groupi     57     0.876    159.128    109.685        268.813           269.689 
      csa_tree_U.._18_10_groupi     58     0.848     99.775     88.084        187.859           188.707 
      csa_tree_U.._18_10_groupi     61     0.842     98.198     87.693        185.892           186.733 
      csa_tree_U.._18_10_groupi     58     0.750    139.302    105.373        244.675           245.425 
      csa_tree_U.._18_10_groupi     68     0.738     68.471     70.540        139.010           139.748 
      csa_tree_U.._18_10_groupi     36     0.669    114.718     78.528        193.246           193.915 
      csa_tree_U.._41_16_groupi     28     0.350     64.373     43.474        107.848           108.197 
    PUs[45].U_F8                   881     9.882   1122.312   1044.476       2166.788          2176.670 
      csa_tree_U.._18_10_groupi     59     0.873    105.347     89.992        195.339           196.211 
      csa_tree_U.._18_10_groupi     57     0.818    162.214    113.779        275.993           276.811 
      csa_tree_U.._18_10_groupi     60     0.809     90.818     83.607        174.425           175.233 
      csa_tree_U.._18_10_groupi     68     0.765     60.621     61.327        121.948           122.714 
      csa_tree_U.._18_10_groupi     57     0.753    143.668    105.607        249.275           250.027 
      csa_tree_U.._18_10_groupi     36     0.667    121.521     83.362        204.883           205.550 
      csa_tree_U.._41_16_groupi     28     0.363     73.479     48.725        122.204           122.567 
    PUs[53].U_F8                   880     9.878   1043.691    971.069       2014.760          2024.639 
      csa_tree_U.._18_10_groupi     59     0.876     90.821     78.916        169.737           170.612 
      csa_tree_U.._18_10_groupi     57     0.875    162.920    110.703        273.623           274.498 
      csa_tree_U.._18_10_groupi     60     0.807     89.014     80.990        170.003           170.810 
      csa_tree_U.._18_10_groupi     68     0.761     60.262     60.867        121.129           121.891 
      csa_tree_U.._18_10_groupi     57     0.753    133.463     97.419        230.882           231.635 
      csa_tree_U.._18_10_groupi     36     0.671    106.993     74.705        181.698           182.369 
      csa_tree_U.._41_16_groupi     28     0.363     69.060     46.782        115.842           116.205 
    PUs[50].U_F8                   882     9.864   1029.212    960.990       1990.202          2000.067 
      csa_tree_U.._18_10_groupi     59     0.877     93.013     79.391        172.404           173.280 
      csa_tree_U.._18_10_groupi     57     0.817    149.502    105.333        254.835           255.652 
      csa_tree_U.._18_10_groupi     60     0.809     87.213     80.182        167.395           168.204 
      csa_tree_U.._18_10_groupi     68     0.761     64.005     65.269        129.273           130.034 
      csa_tree_U.._18_10_groupi     57     0.753    134.024     98.648        232.673           233.426 
      csa_tree_U.._18_10_groupi     36     0.669    104.735     73.234        177.969           178.638 
      csa_tree_U.._41_16_groupi     28     0.363     69.925     46.090        116.015           116.378 
    PUs[48].U_F8                   881     9.863   1102.774   1029.070       2131.843          2141.706 
      csa_tree_U.._18_10_groupi     59     0.872    103.270     85.976        189.246           190.119 
      csa_tree_U.._18_10_groupi     57     0.817    154.898    109.822        264.720           265.536 
      csa_tree_U.._18_10_groupi     60     0.811     94.860     88.402        183.262           184.073 
      csa_tree_U.._18_10_groupi     68     0.761     65.474     67.163        132.637           133.399 
      csa_tree_U.._18_10_groupi     57     0.753    137.437    102.541        239.978           240.731 
      csa_tree_U.._18_10_groupi     36     0.669    119.231     82.688        201.919           202.587 
      csa_tree_U.._41_16_groupi     28     0.364     71.143     46.515        117.658           118.022 
    PUs[40].U_F8                   881     9.855   1100.385   1029.224       2129.609          2139.464 
      csa_tree_U.._18_10_groupi     58     0.850    103.431     91.304        194.735           195.585 
      csa_tree_U.._18_10_groupi     61     0.839     96.067     85.579        181.646           182.485 
      csa_tree_U.._18_10_groupi     57     0.833    151.815    106.337        258.152           258.985 
      csa_tree_U.._18_10_groupi     57     0.767    146.042    106.483        252.524           253.291 
      csa_tree_U.._18_10_groupi     68     0.739     67.206     70.482        137.688           138.426 
      csa_tree_U.._18_10_groupi     36     0.667    119.589     81.364        200.954           201.621 
      csa_tree_U.._41_16_groupi     28     0.351     68.311     46.533        114.844           115.195 
    PUs[42].U_F8                   880     9.847   1087.999   1010.735       2098.734          2108.580 
      csa_tree_U.._18_10_groupi     58     0.851     99.585     85.110        184.695           185.546 
      csa_tree_U.._18_10_groupi     61     0.843    100.060     89.553        189.613           190.456 
      csa_tree_U.._18_10_groupi     57     0.833    155.460    109.774        265.234           266.067 
      csa_tree_U.._18_10_groupi     57     0.767    142.274    104.841        247.115           247.881 
      csa_tree_U.._18_10_groupi     68     0.738     63.858     67.715        131.572           132.311 
      csa_tree_U.._18_10_groupi     36     0.668    111.624     76.950        188.575           189.243 
      csa_tree_U.._41_16_groupi     28     0.349     69.314     47.060        116.373           116.723 
    PUs[37].U_F8                   880     9.847   1140.537   1063.624       2204.161          2214.007 
      csa_tree_U.._18_10_groupi     57     0.880    168.000    117.139        285.139           286.019 
      csa_tree_U.._18_10_groupi     58     0.847    107.903     96.437        204.340           205.187 
      csa_tree_U.._18_10_groupi     61     0.842    100.243     90.028        190.272           191.114 
      csa_tree_U.._18_10_groupi     57     0.767    150.416    109.783        260.200           260.967 
      csa_tree_U.._18_10_groupi     68     0.740     64.947     67.260        132.208           132.948 
      csa_tree_U.._18_10_groupi     36     0.667    120.000     82.463        202.463           203.130 
      csa_tree_U.._41_16_groupi     28     0.349     69.305     48.094        117.399           117.748 
    PUs[34].U_F8                   881     9.836   1118.613   1046.102       2164.715          2174.550 
      csa_tree_U.._18_10_groupi     57     0.875    164.901    114.116        279.018           279.893 
      csa_tree_U.._18_10_groupi     58     0.848    104.457     92.339        196.797           197.645 
      csa_tree_U.._18_10_groupi     61     0.843     99.565     88.660        188.225           189.068 
      csa_tree_U.._18_10_groupi     57     0.767    141.430    104.092        245.522           246.290 
      csa_tree_U.._18_10_groupi     68     0.739     66.263     69.990        136.253           136.992 
      csa_tree_U.._18_10_groupi     36     0.667    119.343     80.616        199.958           200.625 
      csa_tree_U.._41_16_groupi     28     0.349     71.705     48.295        120.001           120.350 
    PUs[39].U_F8                   881     9.832   1074.834   1010.716       2085.550          2095.382 
      csa_tree_U.._18_10_groupi     58     0.849     94.561     81.853        176.413           177.262 
      csa_tree_U.._18_10_groupi     61     0.842     92.281     84.493        176.774           177.616 
      csa_tree_U.._18_10_groupi     57     0.834    156.781    110.080        266.860           267.694 
      csa_tree_U.._18_10_groupi     57     0.767    144.035    106.215        250.250           251.017 
      csa_tree_U.._18_10_groupi     68     0.738     62.262     68.010        130.272           131.010 
      csa_tree_U.._18_10_groupi     36     0.667    110.458     75.538        185.996           186.664 
      csa_tree_U.._41_16_groupi     28     0.350     69.674     47.402        117.075           117.425 
    PUs[52].U_F8                   880     9.822   1079.180   1007.723       2086.903          2096.726 
      csa_tree_U.._18_10_groupi     59     0.878     99.327     84.860        184.187           185.065 
      csa_tree_U.._18_10_groupi     57     0.817    150.809    105.507        256.316           257.133 
      csa_tree_U.._18_10_groupi     60     0.809     99.810     91.074        190.884           191.693 
      csa_tree_U.._18_10_groupi     68     0.762     74.599     77.494        152.093           152.855 
      csa_tree_U.._18_10_groupi     57     0.753    139.039    102.824        241.863           242.616 
      csa_tree_U.._18_10_groupi     36     0.671    114.361     78.553        192.915           193.586 
      csa_tree_U.._41_16_groupi     28     0.365     68.131     44.850        112.981           113.345 
    PUs[63].U_F8                   888     9.820   1067.729   1008.713       2076.441          2086.261 
      csa_tree_U.._18_10_groupi     57     0.863    159.177    112.902        272.079           272.942 
      csa_tree_U.._18_10_groupi     58     0.802     93.087     82.787        175.874           176.677 
      csa_tree_U.._18_10_groupi     59     0.790     85.113     82.047        167.160           167.951 
      csa_tree_U.._18_10_groupi     57     0.768    145.973    107.964        253.937           254.705 
      csa_tree_U.._18_10_groupi     72     0.756     66.724     70.050        136.775           137.531 
      csa_tree_U.._18_10_groupi     36     0.647    112.096     78.295        190.391           191.038 
      csa_tree_U.._41_16_groupi     28     0.321     60.723     47.621        108.344           108.666 
    PUs[36].U_F8                   880     9.813   1133.687   1057.649       2191.336          2201.149 
      csa_tree_U.._18_10_groupi     58     0.851    100.791     84.432        185.223           186.074 
      csa_tree_U.._18_10_groupi     61     0.845     99.378     89.602        188.980           189.824 
      csa_tree_U.._18_10_groupi     57     0.834    161.478    112.731        274.209           275.042 
      csa_tree_U.._18_10_groupi     57     0.793    158.552    115.977        274.529           275.323 
      csa_tree_U.._18_10_groupi     68     0.737     70.128     74.966        145.094           145.831 
      csa_tree_U.._18_10_groupi     36     0.670    113.388     77.256        190.644           191.313 
      csa_tree_U.._41_16_groupi     28     0.350     70.665     48.552        119.218           119.567 
    PUs[33].U_F8                   879     9.811   1134.963   1055.479       2190.442          2200.253 
      csa_tree_U.._18_10_groupi     57     0.876    163.884    113.226        277.110           277.986 
      csa_tree_U.._18_10_groupi     58     0.849    106.984     93.550        200.534           201.383 
      csa_tree_U.._18_10_groupi     61     0.845    101.841     90.984        192.825           193.670 
      csa_tree_U.._18_10_groupi     57     0.768    145.495    108.082        253.578           254.345 
      csa_tree_U.._18_10_groupi     68     0.736     71.052     73.993        145.045           145.781 
      csa_tree_U.._18_10_groupi     36     0.670    116.124     79.138        195.261           195.931 
      csa_tree_U.._41_16_groupi     28     0.349     70.086     47.587        117.673           118.022 
    PUs[35].U_F8                   881     9.800   1097.361   1015.506       2112.867          2122.667 
      csa_tree_U.._18_10_groupi     57     0.880    165.337    114.471        279.808           280.688 
      csa_tree_U.._18_10_groupi     58     0.851    102.673     88.927        191.600           192.451 
      csa_tree_U.._18_10_groupi     61     0.840     94.806     85.014        179.820           180.660 
      csa_tree_U.._18_10_groupi     57     0.767    144.295    106.299        250.594           251.361 
      csa_tree_U.._18_10_groupi     68     0.738     62.740     63.871        126.611           127.349 
      csa_tree_U.._18_10_groupi     36     0.670    113.430     77.291        190.721           191.391 
      csa_tree_U.._41_16_groupi     28     0.349     70.569     48.056        118.625           118.974 
    PUs[43].U_F8                   881     9.791   1078.818   1009.566       2088.384          2098.174 
      csa_tree_U.._18_10_groupi     57     0.875    163.373    113.530        276.903           277.778 
      csa_tree_U.._18_10_groupi     58     0.848     97.117     84.668        181.786           182.634 
      csa_tree_U.._18_10_groupi     61     0.844     93.239     83.670        176.910           177.754 
      csa_tree_U.._18_10_groupi     57     0.766    141.693    104.720        246.413           247.180 
      csa_tree_U.._18_10_groupi     68     0.738     63.202     64.148        127.351           128.088 
      csa_tree_U.._18_10_groupi     36     0.667    109.856     75.607        185.463           186.131 
      csa_tree_U.._41_16_groupi     28     0.351     67.711     46.685        114.396           114.747 
    PUs[38].U_F8                   882     9.765   1113.145   1035.512       2148.657          2158.422 
      csa_tree_U.._18_10_groupi     58     0.848     97.806     84.223        182.029           182.877 
      csa_tree_U.._18_10_groupi     61     0.844    100.310     91.286        191.596           192.440 
      csa_tree_U.._18_10_groupi     57     0.834    159.262    112.587        271.849           272.683 
      csa_tree_U.._18_10_groupi     57     0.768    157.739    116.172        273.910           274.678 
      csa_tree_U.._18_10_groupi     68     0.739     68.512     70.815        139.327           140.066 
      csa_tree_U.._18_10_groupi     36     0.670    115.144     79.177        194.321           194.991 
      csa_tree_U.._41_16_groupi     28     0.350     69.661     48.030        117.692           118.042 
    PUs[62].U_F8                   890     9.756   1084.122   1027.983       2112.105          2121.861 
      csa_tree_U.._18_10_groupi     58     0.809    153.122    109.399        262.521           263.330 
      csa_tree_U.._18_10_groupi     58     0.803     93.885     82.224        176.109           176.913 
      csa_tree_U.._18_10_groupi     59     0.790     99.993     95.292        195.285           196.076 
      csa_tree_U.._18_10_groupi     57     0.768    145.162    107.256        252.418           253.187 
      csa_tree_U.._18_10_groupi     72     0.756     68.222     70.557        138.780           139.536 
      csa_tree_U.._18_10_groupi     36     0.646    109.029     75.489        184.518           185.163 
      csa_tree_U.._41_16_groupi     28     0.322     63.396     49.301        112.697           113.019 
    PUs[29].U_F8                   875     9.735   1128.986   1066.135       2195.121          2204.856 
      csa_tree_U.._18_10_groupi     59     0.841    101.100     89.364        190.465           191.305 
      csa_tree_U.._18_10_groupi     57     0.833    155.389    112.079        267.469           268.302 
      csa_tree_U.._18_10_groupi     57     0.831    158.767    113.410        272.177           273.007 
      csa_tree_U.._18_10_groupi     71     0.770     67.702     74.127        141.829           142.599 
      csa_tree_U.._18_10_groupi     58     0.753     91.260     83.605        174.865           175.618 
      csa_tree_U.._18_10_groupi     36     0.670    122.474     83.117        205.591           206.261 
      csa_tree_U.._41_16_groupi     28     0.351     72.495     48.876        121.370           121.721 
    PUs[31].U_F8                   876     9.701   1087.996   1024.282       2112.278          2121.979 
      csa_tree_U.._18_10_groupi     59     0.845     96.950     85.085        182.035           182.880 
      csa_tree_U.._18_10_groupi     57     0.832    156.832    112.799        269.630           270.463 
      csa_tree_U.._18_10_groupi     57     0.829    156.214    110.470        266.684           267.513 
      csa_tree_U.._18_10_groupi     71     0.769     64.500     69.694        134.193           134.962 
      csa_tree_U.._18_10_groupi     58     0.755     89.676     83.189        172.866           173.620 
      csa_tree_U.._18_10_groupi     36     0.670    109.327     74.052        183.379           184.049 
      csa_tree_U.._41_16_groupi     28     0.352     68.518     45.752        114.270           114.621 
    PUs[28].U_F8                   874     9.684   1087.875   1027.162       2115.037          2124.722 
      csa_tree_U.._18_10_groupi     59     0.846     95.694     83.776        179.470           180.317 
      csa_tree_U.._18_10_groupi     57     0.833    159.125    113.543        272.668           273.502 
      csa_tree_U.._18_10_groupi     57     0.782    150.564    109.184        259.748           260.530 
      csa_tree_U.._18_10_groupi     71     0.768     61.791     67.816        129.607           130.375 
      csa_tree_U.._18_10_groupi     58     0.755     85.237     79.448        164.685           165.440 
      csa_tree_U.._18_10_groupi     36     0.672    113.120     75.561        188.681           189.353 
      csa_tree_U.._41_16_groupi     28     0.350     72.767     49.321        122.088           122.438 
    PUs[30].U_F8                   874     9.680   1108.801   1042.388       2151.189          2160.869 
      csa_tree_U.._18_10_groupi     59     0.845    101.886     89.447        191.333           192.178 
      csa_tree_U.._18_10_groupi     57     0.833    155.684    110.263        265.946           266.780 
      csa_tree_U.._18_10_groupi     57     0.830    158.941    113.169        272.110           272.940 
      csa_tree_U.._18_10_groupi     71     0.770     65.894     72.434        138.328           139.098 
      csa_tree_U.._18_10_groupi     58     0.753     88.533     82.055        170.588           171.341 
      csa_tree_U.._18_10_groupi     36     0.672    117.680     78.739        196.419           197.091 
      csa_tree_U.._41_16_groupi     28     0.350     72.099     49.600        121.699           122.049 
    PUs[27].U_F8                   876     9.676   1081.383   1019.901       2101.284          2110.960 
      csa_tree_U.._18_10_groupi     59     0.845     92.246     80.598        172.844           173.689 
      csa_tree_U.._18_10_groupi     57     0.833    157.949    113.654        271.603           272.436 
      csa_tree_U.._18_10_groupi     57     0.783    150.517    109.373        259.890           260.673 
      csa_tree_U.._18_10_groupi     71     0.774     61.720     66.524        128.244           129.019 
      csa_tree_U.._18_10_groupi     58     0.755     90.695     84.805        175.499           176.254 
      csa_tree_U.._18_10_groupi     36     0.674    113.008     75.718        188.726           189.399 
      csa_tree_U.._41_16_groupi     28     0.353     71.423     48.061        119.484           119.837 
    PUs[64].U_F8                   880     9.643   1064.691   1003.381       2068.072          2077.714 
      csa_tree_U.._18_10_groupi     58     0.809    153.310    109.817        263.127           263.935 
      csa_tree_U.._18_10_groupi     58     0.801     92.437     82.585        175.022           175.823 
      csa_tree_U.._18_10_groupi     57     0.796    148.529    106.719        255.248           256.044 
      csa_tree_U.._18_10_groupi     59     0.787     92.163     88.462        180.625           181.412 
      csa_tree_U.._18_10_groupi     72     0.757     62.463     63.576        126.039           126.797 
      csa_tree_U.._18_10_groupi     36     0.648    111.585     76.050        187.635           188.283 
      csa_tree_U.._41_16_groupi     28     0.321     63.323     50.331        113.655           113.976 
    PUs[61].U_F8                   887     9.637   1072.978   1014.677       2087.655          2097.292 
      csa_tree_U.._18_10_groupi     58     0.809    152.490    109.312        261.802           262.611 
      csa_tree_U.._18_10_groupi     58     0.803    101.314     88.582        189.895           190.698 
      csa_tree_U.._18_10_groupi     59     0.790     91.263     85.740        177.003           177.793 
      csa_tree_U.._18_10_groupi     57     0.768    146.209    109.065        255.274           256.043 
      csa_tree_U.._18_10_groupi     72     0.755     61.825     62.312        124.137           124.892 
      csa_tree_U.._18_10_groupi     36     0.651    113.880     78.470        192.350           193.001 
      csa_tree_U.._41_16_groupi     28     0.322     61.609     47.805        109.414           109.736 
    PUs[32].U_F8                   875     9.632   1087.967   1020.290       2108.257          2117.889 
      csa_tree_U.._18_10_groupi     59     0.846    101.058     88.442        189.500           190.346 
      csa_tree_U.._18_10_groupi     57     0.833    155.300    111.548        266.847           267.680 
      csa_tree_U.._18_10_groupi     57     0.782    151.436    108.589        260.025           260.807 
      csa_tree_U.._18_10_groupi     71     0.769     64.754     67.812        132.567           133.335 
      csa_tree_U.._18_10_groupi     58     0.754     84.844     77.202        162.045           162.799 
      csa_tree_U.._18_10_groupi     36     0.671    115.191     77.948        193.138           193.810 
      csa_tree_U.._41_16_groupi     28     0.352     65.623     45.055        110.678           111.030 
    PUs[21].U_F8                   902     9.586   1044.181   1403.286       2447.466          2457.052 
      csa_tree_U.._18_10_groupi     57     0.923    164.464    347.524        511.989           512.912 
      csa_tree_U.._18_10_groupi     59     0.756     85.735     81.326        167.061           167.816 
      csa_tree_U.._18_10_groupi     63     0.744     80.868     76.394        157.262           158.006 
      csa_tree_U.._18_10_groupi     57     0.692    131.505     99.079        230.584           231.276 
      csa_tree_U.._18_10_groupi     69     0.638     53.493     56.446        109.939           110.577 
      csa_tree_U.._18_10_groupi     36     0.620    103.063     79.006        182.069           182.689 
      csa_tree_U.._41_16_groupi     29     0.532     94.423    245.977        340.400           340.932 
    PUs[26].U_F8                   876     9.550   1051.161    996.923       2048.084          2057.633 
      csa_tree_U.._18_10_groupi     59     0.846     91.357     80.620        171.976           172.822 
      csa_tree_U.._18_10_groupi     57     0.832    151.160    107.919        259.079           259.911 
      csa_tree_U.._18_10_groupi     57     0.781    145.876    104.895        250.772           251.553 
      csa_tree_U.._18_10_groupi     71     0.771     61.019     67.095        128.114           128.885 
      csa_tree_U.._18_10_groupi     58     0.756     86.993     82.619        169.612           170.368 
      csa_tree_U.._18_10_groupi     36     0.671    111.973     75.728        187.701           188.372 
      csa_tree_U.._41_16_groupi     28     0.352     67.207     45.740        112.947           113.299 
    PUs[56].U_F8                   885     9.501   1041.349    992.181       2033.530          2043.031 
      csa_tree_U.._18_10_groupi     57     0.862    155.527    110.793        266.320           267.182 
      csa_tree_U.._18_10_groupi     58     0.803     92.303     82.387        174.690           175.493 
      csa_tree_U.._18_10_groupi     59     0.791     90.570     86.599        177.169           177.959 
      csa_tree_U.._18_10_groupi     57     0.768    145.233    106.873        252.106           252.875 
      csa_tree_U.._18_10_groupi     72     0.756     63.854     65.229        129.083           129.839 
      csa_tree_U.._18_10_groupi     36     0.647    106.166     73.543        179.709           180.356 
      csa_tree_U.._41_16_groupi     28     0.320     59.762     46.277        106.040           106.360 
    PUs[54].U_F8                   884     9.478   1027.823    970.964       1998.786          2008.264 
      csa_tree_U.._18_10_groupi     57     0.862    158.834    113.888        272.722           273.584 
      csa_tree_U.._18_10_groupi     58     0.801     94.042     84.019        178.062           178.863 
      csa_tree_U.._18_10_groupi     59     0.790     83.142     77.914        161.056           161.846 
      csa_tree_U.._18_10_groupi     57     0.769    141.432    105.479        246.911           247.680 
      csa_tree_U.._18_10_groupi     72     0.758     62.233     63.507        125.741           126.499 
      csa_tree_U.._18_10_groupi     36     0.647    106.719     72.155        178.874           179.521 
      csa_tree_U.._41_16_groupi     28     0.321     60.258     48.299        108.558           108.879 
    PUs[55].U_F8                   884     9.475   1044.001    989.463       2033.464          2042.940 
      csa_tree_U.._18_10_groupi     57     0.862    158.127    111.659        269.786           270.648 
      csa_tree_U.._18_10_groupi     58     0.802     92.189     81.442        173.630           174.433 
      csa_tree_U.._18_10_groupi     59     0.790     91.546     87.720        179.266           180.055 
      csa_tree_U.._18_10_groupi     57     0.769    145.798    108.538        254.335           255.104 
      csa_tree_U.._18_10_groupi     72     0.757     62.813     63.646        126.459           127.216 
      csa_tree_U.._18_10_groupi     36     0.647    106.633     72.743        179.377           180.024 
      csa_tree_U.._41_16_groupi     28     0.321     63.713     48.924        112.637           112.958 
    PUs[25].U_F8                   873     9.454   1073.423   1017.162       2090.585          2100.039 
      csa_tree_U.._18_10_groupi     59     0.845     99.520     86.592        186.112           186.957 
      csa_tree_U.._18_10_groupi     57     0.833    156.613    111.011        267.623           268.456 
      csa_tree_U.._18_10_groupi     57     0.782    143.519    103.643        247.162           247.945 
      csa_tree_U.._18_10_groupi     71     0.768     65.322     71.834        137.156           137.924 
      csa_tree_U.._18_10_groupi     58     0.753     87.302     81.677        168.980           169.733 
      csa_tree_U.._18_10_groupi     36     0.673    116.025     76.914        192.939           193.611 
      csa_tree_U.._41_16_groupi     28     0.350     68.593     46.116        114.709           115.059 
    PUs[58].U_F8                   885     9.447   1048.969   1008.655       2057.624          2067.072 
      csa_tree_U.._18_10_groupi     57     0.809    153.262    109.809        263.071           263.880 
      csa_tree_U.._18_10_groupi     58     0.803     87.572     78.128        165.700           166.503 
      csa_tree_U.._18_10_groupi     59     0.792     94.706     91.388        186.093           186.885 
      csa_tree_U.._18_10_groupi     57     0.769    139.652    102.996        242.648           243.416 
      csa_tree_U.._18_10_groupi     72     0.754     58.481     60.276        118.757           119.510 
      csa_tree_U.._18_10_groupi     36     0.649    113.372     78.124        191.496           192.144 
      csa_tree_U.._41_16_groupi     28     0.321     59.797     48.606        108.403           108.725 
    PUs[57].U_F8                   883     9.440   1063.104   1021.109       2084.213          2093.653 
      csa_tree_U.._18_10_groupi     57     0.863    159.829    114.127        273.956           274.819 
      csa_tree_U.._18_10_groupi     58     0.802     94.857     82.724        177.581           178.383 
      csa_tree_U.._18_10_groupi     59     0.792     92.932     89.407        182.340           183.132 
      csa_tree_U.._18_10_groupi     57     0.768    138.141    102.734        240.875           241.643 
      csa_tree_U.._18_10_groupi     72     0.755     73.037     74.923        147.960           148.715 
      csa_tree_U.._18_10_groupi     36     0.648    108.674     75.132        183.807           184.454 
      csa_tree_U.._41_16_groupi     28     0.322     61.128     47.801        108.928           109.250 
    PUs[23].U_F8                   876     9.440   1056.369   1005.931       2062.300          2071.740 
      csa_tree_U.._18_10_groupi     59     0.844     92.821     81.297        174.118           174.962 
      csa_tree_U.._18_10_groupi     57     0.830    155.876    111.907        267.783           268.613 
      csa_tree_U.._18_10_groupi     57     0.779    143.734    104.809        248.542           249.322 
      csa_tree_U.._18_10_groupi     71     0.768     66.715     72.953        139.668           140.436 
      csa_tree_U.._18_10_groupi     58     0.754     87.465     81.960        169.425           170.178 
      csa_tree_U.._18_10_groupi     36     0.674    114.818     77.451        192.269           192.942 
      csa_tree_U.._41_16_groupi     28     0.349     71.926     47.163        119.089           119.438 
    PUs[59].U_F8                   885     9.435   1064.315   1016.725       2081.041          2090.476 
      csa_tree_U.._18_10_groupi     58     0.810    155.218    111.196        266.414           267.224 
      csa_tree_U.._18_10_groupi     58     0.800     94.606     82.953        177.559           178.359 
      csa_tree_U.._18_10_groupi     59     0.790     88.506     84.593        173.099           173.889 
      csa_tree_U.._18_10_groupi     57     0.768    151.991    112.954        264.945           265.713 
      csa_tree_U.._18_10_groupi     72     0.757     63.132     64.356        127.488           128.245 
      csa_tree_U.._18_10_groupi     36     0.647    111.497     76.370        187.867           188.514 
      csa_tree_U.._41_16_groupi     28     0.321     63.700     50.902        114.602           114.923 
    PUs[60].U_F8                   883     9.404   1076.549   1020.266       2096.815          2106.219 
      csa_tree_U.._18_10_groupi     57     0.811    159.313    113.093        272.406           273.217 
      csa_tree_U.._18_10_groupi     58     0.803     95.640     83.396        179.036           179.839 
      csa_tree_U.._18_10_groupi     59     0.790     88.624     83.971        172.595           173.385 
      csa_tree_U.._18_10_groupi     57     0.768    152.641    113.085        265.726           266.493 
      csa_tree_U.._18_10_groupi     72     0.753     63.368     63.845        127.213           127.966 
      csa_tree_U.._18_10_groupi     36     0.647    113.293     77.358        190.651           191.298 
      csa_tree_U.._41_16_groupi     28     0.322     65.013     52.427        117.440           117.762 
    PUs[24].U_F8                   874     9.370   1056.657   1002.390       2059.047          2068.417 
      csa_tree_U.._18_10_groupi     59     0.843    101.314     88.984        190.298           191.140 
      csa_tree_U.._18_10_groupi     57     0.830    153.717    109.370        263.087           263.917 
      csa_tree_U.._18_10_groupi     57     0.830    151.344    107.275        258.619           259.449 
      csa_tree_U.._18_10_groupi     71     0.771     66.916     71.618        138.534           139.305 
      csa_tree_U.._18_10_groupi     58     0.752     85.224     79.115        164.339           165.090 
      csa_tree_U.._18_10_groupi     36     0.673    110.567     75.409        185.976           186.649 
      csa_tree_U.._41_16_groupi     28     0.350     70.026     46.298        116.323           116.673 
    PUs[22].U_F8                   875     9.347   1056.631   1003.237       2059.868          2069.214 
      csa_tree_U.._18_10_groupi     59     0.843     92.208     81.138        173.346           174.189 
      csa_tree_U.._18_10_groupi     57     0.831    158.618    113.828        272.446           273.276 
      csa_tree_U.._18_10_groupi     57     0.827    154.601    108.766        263.367           264.193 
      csa_tree_U.._18_10_groupi     71     0.773     59.246     63.825        123.071           123.844 
      csa_tree_U.._18_10_groupi     58     0.752     87.587     82.277        169.864           170.616 
      csa_tree_U.._18_10_groupi     36     0.674    111.423     74.741        186.163           186.838 
      csa_tree_U.._41_16_groupi     28     0.350     68.673     46.436        115.109           115.459 

