============================================================
  Generated by:           Genus(TM) Synthesis Solution 17.10-p007_1
  Generated on:           Feb 20 2020  08:45:22 pm
  Module:                 filter_regular
  Technology libraries:   CORE65LPSVT 
                          CLOCK65LPSVT 
                          physical_cells 
  Operating conditions:   _nominal_ 
  Interconnect mode:      global
  Area mode:              physical library
============================================================

                                            Leakage   Internal  
       Gate         Instances     Area    Power (uW) Power (uW)     Library    
-------------------------------------------------------------------------------
HS65_LSS_XNOR2X12          25     169.000      0.339     11.022    CORE65LPSVT 
HS65_LSS_XNOR2X18           5      52.000      0.108      3.613    CORE65LPSVT 
HS65_LSS_XNOR2X3           15      62.400      0.053      1.595    CORE65LPSVT 
HS65_LSS_XNOR2X6          328    1364.480      2.211     70.713    CORE65LPSVT 
HS65_LSS_XNOR3X2           10      83.200      0.045      1.661    CORE65LPSVT 
HS65_LSS_XNOR3X4           14     138.320      0.122      3.647    CORE65LPSVT 
HS65_LSS_XOR2X3             1       4.160      0.003      0.315    CORE65LPSVT 
HS65_LSS_XOR2X6           409    1701.440      2.409    114.968    CORE65LPSVT 
HS65_LSS_XOR3X12            4     101.920      0.125      3.822    CORE65LPSVT 
HS65_LSS_XOR3X2            30     234.000      0.164      6.019    CORE65LPSVT 
HS65_LSS_XOR3X4            22     228.800      0.228      8.354    CORE65LPSVT 
HS65_LS_AND2ABX18           1       4.160      0.009      0.323    CORE65LPSVT 
HS65_LS_AND2ABX9           11      40.040      0.052      1.896    CORE65LPSVT 
HS65_LS_AND2X18            22      80.080      0.210      5.004    CORE65LPSVT 
HS65_LS_AND2X27             4      22.880      0.062      1.375    CORE65LPSVT 
HS65_LS_AND2X4            176     457.600      0.393     17.552    CORE65LPSVT 
HS65_LS_AND2X9             37     115.440      0.169      4.970    CORE65LPSVT 
HS65_LS_AND3X18             3      14.040      0.037      0.871    CORE65LPSVT 
HS65_LS_AND3X27             1       6.760      0.020      0.470    CORE65LPSVT 
HS65_LS_AND3X9              4      14.560      0.022      0.675    CORE65LPSVT 
HS65_LS_AO112X9             3      12.480      0.014      0.572    CORE65LPSVT 
HS65_LS_AO12X18            41     170.560      0.466     10.624    CORE65LPSVT 
HS65_LS_AO12X27             2      13.520      0.032      0.640    CORE65LPSVT 
HS65_LS_AO12X35             1       7.800      0.023      0.550    CORE65LPSVT 
HS65_LS_AO12X9            256     931.840      1.245     40.182    CORE65LPSVT 
HS65_LS_AO22X9             25     104.000      0.108      7.829    CORE65LPSVT 
HS65_LS_AO31X9             10      41.600      0.049      1.640    CORE65LPSVT 
HS65_LS_AO32X4             64     299.520      0.148     13.819    CORE65LPSVT 
HS65_LS_AOI12X12            4      20.800      0.034      0.675    CORE65LPSVT 
HS65_LS_AOI12X17            2      13.520      0.032      0.565    CORE65LPSVT 
HS65_LS_AOI12X2            84     218.400      0.117      4.336    CORE65LPSVT 
HS65_LS_AOI12X23            1       8.840      0.024      0.233    CORE65LPSVT 
HS65_LS_AOI12X3             3       9.360      0.007      0.191    CORE65LPSVT 
HS65_LS_AOI12X6            29      90.480      0.136      2.753    CORE65LPSVT 
HS65_LS_AOI211X4            3      10.920      0.012      0.259    CORE65LPSVT 
HS65_LS_AOI211X9            2      12.480      0.017      0.285    CORE65LPSVT 
HS65_LS_AOI21X12            4      20.800      0.034      0.747    CORE65LPSVT 
HS65_LS_AOI21X17            1       6.760      0.012      0.172    CORE65LPSVT 
HS65_LS_AOI21X6            21      65.520      0.087      2.575    CORE65LPSVT 
HS65_LS_AOI22X6            33     120.120      0.104      7.294    CORE65LPSVT 
HS65_LS_AOI312X4            3      15.600      0.015      0.296    CORE65LPSVT 
HS65_LS_BFX106              7      83.720      0.399      6.723    CORE65LPSVT 
HS65_LS_BFX142              8     124.800      0.617     11.101    CORE65LPSVT 
HS65_LS_BFX18              10      31.200      0.081      1.650    CORE65LPSVT 
HS65_LS_BFX27              45     163.800      0.569     11.305    CORE65LPSVT 
HS65_LS_BFX35               7      36.400      0.122      2.498    CORE65LPSVT 
HS65_LS_BFX44              13      74.360      0.290      6.141    CORE65LPSVT 
HS65_LS_BFX53              19     118.560      0.512      8.363    CORE65LPSVT 
HS65_LS_BFX62               2      15.600      0.064      1.240    CORE65LPSVT 
HS65_LS_BFX71               3      24.960      0.111      1.950    CORE65LPSVT 
HS65_LS_BFX9              100     208.000      0.345     12.714    CORE65LPSVT 
HS65_LS_CB4I1X9            24      99.840      0.104      3.856    CORE65LPSVT 
HS65_LS_CB4I6X18           14      72.800      0.143     11.899    CORE65LPSVT 
HS65_LS_CB4I6X9           100     416.000      0.458     25.038    CORE65LPSVT 
HS65_LS_CBI4I1X11           8      49.920      0.068      3.332    CORE65LPSVT 
HS65_LS_CBI4I1X16           1       8.840      0.007      0.251    CORE65LPSVT 
HS65_LS_CBI4I1X5           45     163.800      0.194      9.312    CORE65LPSVT 
HS65_LS_CBI4I6X5           15      54.600      0.046      3.204    CORE65LPSVT 
HS65_LS_CNIVX103            1      11.960      0.046      0.349    CORE65LPSVT 
HS65_LS_CNIVX124            2      28.080      0.113      0.463    CORE65LPSVT 
HS65_LS_CNIVX21             4      12.480      0.029      0.444    CORE65LPSVT 
HS65_LS_CNIVX34             2       9.360      0.022      0.347    CORE65LPSVT 
HS65_LS_CNIVX45             1       6.240      0.020      0.181    CORE65LPSVT 
HS65_LS_CNIVX7              5       7.800      0.010      0.166    CORE65LPSVT 
HS65_LS_DFPHQX9          1422   14788.800     14.302   6679.357    CORE65LPSVT 
HS65_LS_DFPRQNX9           40     416.000      0.394    125.999    CORE65LPSVT 
HS65_LS_DFPRQX18           28     305.760      0.370     90.344    CORE65LPSVT 
HS65_LS_DFPRQX27            1      11.960      0.017      3.489    CORE65LPSVT 
HS65_LS_DFPRQX35           35     436.800      0.705    121.585    CORE65LPSVT 
HS65_LS_DFPRQX9            36     374.400      0.361    112.179    CORE65LPSVT 
HS65_LS_FA1X18            131    1839.240      3.209    223.711    CORE65LPSVT 
HS65_LS_FA1X27            146    3112.720      5.512    365.450    CORE65LPSVT 
HS65_LS_FA1X4            4526   42363.360     28.210   2963.501    CORE65LPSVT 
HS65_LS_FA1X9            1473   16085.160     16.139   1554.412    CORE65LPSVT 
HS65_LS_HA1X18             64     465.920      1.338     40.208    CORE65LPSVT 
HS65_LS_HA1X27             11     131.560      0.365     13.989    CORE65LPSVT 
HS65_LS_HA1X35              5      67.600      0.233     10.086    CORE65LPSVT 
HS65_LS_HA1X4             508    2641.600      2.655    144.401    CORE65LPSVT 
HS65_LS_HA1X9             107     667.680      1.033     47.712    CORE65LPSVT 
HS65_LS_IVX106              9      79.560      0.388      7.749    CORE65LPSVT 
HS65_LS_IVX18             575    1196.000      3.065     59.894    CORE65LPSVT 
HS65_LS_IVX27              81     252.720      0.745     11.140    CORE65LPSVT 
HS65_LS_IVX31               1       3.640      0.011      0.231    CORE65LPSVT 
HS65_LS_IVX35             142     516.880      1.776     21.640    CORE65LPSVT 
HS65_LS_IVX40               2       8.320      0.029      0.356    CORE65LPSVT 
HS65_LS_IVX44              30     124.800      0.485      8.187    CORE65LPSVT 
HS65_LS_IVX53              34     176.800      0.683     11.604    CORE65LPSVT 
HS65_LS_IVX62               7      40.040      0.166      3.116    CORE65LPSVT 
HS65_LS_IVX7               13      20.280      0.024      0.425    CORE65LPSVT 
HS65_LS_IVX71              20     124.800      0.552      6.992    CORE65LPSVT 
HS65_LS_IVX9             3058    4770.480      7.498    196.905    CORE65LPSVT 
HS65_LS_MUX21I1X12          4      27.040      0.050      1.393    CORE65LPSVT 
HS65_LS_MUX21I1X6           1       4.160      0.006      0.147    CORE65LPSVT 
HS65_LS_MUX21X18           23     143.520      0.410     11.040    CORE65LPSVT 
HS65_LS_MUX21X27            2      18.720      0.051      1.575    CORE65LPSVT 
HS65_LS_MUX21X9            17      79.560      0.136      4.728    CORE65LPSVT 
HS65_LS_MUXI21X10           1       8.320      0.012      0.317    CORE65LPSVT 
HS65_LS_MUXI21X15           6      62.400      0.109      3.229    CORE65LPSVT 
HS65_LS_MUXI21X2            2       7.280      0.006      0.250    CORE65LPSVT 
HS65_LS_MUXI21X5            3      14.040      0.017      0.488    CORE65LPSVT 
HS65_LS_NAND2AX14          45     187.200      0.372      9.224    CORE65LPSVT 
HS65_LS_NAND2AX21          24     137.280      0.329      6.240    CORE65LPSVT 
HS65_LS_NAND2AX29           2      13.520      0.041      0.492    CORE65LPSVT 
HS65_LS_NAND2AX7          155     483.600      0.745     17.572    CORE65LPSVT 
HS65_LS_NAND2X11            1       3.640      0.004      0.160    CORE65LPSVT 
HS65_LS_NAND2X14           90     327.600      0.642     11.536    CORE65LPSVT 
HS65_LS_NAND2X21           42     218.400      0.644      8.793    CORE65LPSVT 
HS65_LS_NAND2X29           23     143.520      0.408      7.725    CORE65LPSVT 
HS65_LS_NAND2X43           10      88.400      0.317      4.881    CORE65LPSVT 
HS65_LS_NAND2X57            1      11.960      0.044      0.589    CORE65LPSVT 
HS65_LS_NAND2X7           775    1612.000      1.997     47.783    CORE65LPSVT 
HS65_LS_NAND3AX6            9      32.760      0.043      0.808    CORE65LPSVT 
HS65_LS_NAND3X13           11      57.200      0.123      1.754    CORE65LPSVT 
HS65_LS_NAND3X19            1       6.760      0.017      0.221    CORE65LPSVT 
HS65_LS_NOR2AX13           19      79.040      0.172      5.440    CORE65LPSVT 
HS65_LS_NOR2AX3           301     782.600      0.781     22.287    CORE65LPSVT 
HS65_LS_NOR2AX6            19      59.280      0.071      2.458    CORE65LPSVT 
HS65_LS_NOR2X13            35     127.400      0.228      3.789    CORE65LPSVT 
HS65_LS_NOR2X19             6      31.200      0.065      0.970    CORE65LPSVT 
HS65_LS_NOR2X25             8      49.920      0.119      1.824    CORE65LPSVT 
HS65_LS_NOR2X38             8      70.720      0.205      3.223    CORE65LPSVT 
HS65_LS_NOR2X50             1      11.960      0.037      0.483    CORE65LPSVT 
HS65_LS_NOR2X6            521    1083.680      1.416     30.045    CORE65LPSVT 
HS65_LS_NOR2X9              1       3.640      0.004      0.082    CORE65LPSVT 
HS65_LS_NOR3X4              6      15.600      0.022      0.454    CORE65LPSVT 
HS65_LS_OA112X9            18      74.880      0.096      3.115    CORE65LPSVT 
HS65_LS_OA12X18            21      87.360      0.233      5.500    CORE65LPSVT 
HS65_LS_OA12X27             3      21.840      0.055      1.254    CORE65LPSVT 
HS65_LS_OA12X9             78     283.920      0.376     18.146    CORE65LPSVT 
HS65_LS_OA212X4             6      31.200      0.019      0.626    CORE65LPSVT 
HS65_LS_OAI112X11           2      12.480      0.007      0.582    CORE65LPSVT 
HS65_LS_OAI112X16           2      17.680      0.012      0.728    CORE65LPSVT 
HS65_LS_OAI112X5            3      10.920      0.004      0.491    CORE65LPSVT 
HS65_LS_OAI12X12           11      57.200      0.123      2.598    CORE65LPSVT 
HS65_LS_OAI12X18           23     155.480      0.375      6.044    CORE65LPSVT 
HS65_LS_OAI12X24            2      17.680      0.046      0.630    CORE65LPSVT 
HS65_LS_OAI12X3            87     226.200      0.196      5.114    CORE65LPSVT 
HS65_LS_OAI12X6            45     140.400      0.196      5.489    CORE65LPSVT 
HS65_LS_OAI13X10            3      18.720      0.037      1.148    CORE65LPSVT 
HS65_LS_OAI13X15            4      35.360      0.075      1.738    CORE65LPSVT 
HS65_LS_OAI13X5             3      10.920      0.008      0.358    CORE65LPSVT 
HS65_LS_OAI21X12           10      52.000      0.099      3.428    CORE65LPSVT 
HS65_LS_OAI21X3           151     392.600      0.289     10.390    CORE65LPSVT 
HS65_LS_OAI21X6             6      18.720      0.028      1.168    CORE65LPSVT 
HS65_LS_OAI22X11            6      37.440      0.056      1.673    CORE65LPSVT 
HS65_LS_OAI22X6            31     112.840      0.134      9.016    CORE65LPSVT 
HS65_LS_OAI22X8             2      12.480      0.014      1.432    CORE65LPSVT 
HS65_LS_OAI311X10           1       7.800      0.014      0.386    CORE65LPSVT 
HS65_LS_OAI311X5            2       8.320      0.014      0.424    CORE65LPSVT 
HS65_LS_OAI32X5             1       4.160      0.004      0.147    CORE65LPSVT 
HS65_LS_OR2ABX18            3      12.480      0.032      0.757    CORE65LPSVT 
HS65_LS_OR2X18              8      29.120      0.078      2.525    CORE65LPSVT 
HS65_LS_OR2X9             206     642.720      0.955     41.270    CORE65LPSVT 
HS65_LS_OR3X18              1       4.680      0.007      0.102    CORE65LPSVT 
HS65_LS_OR3X9               2       7.280      0.005      0.148    CORE65LPSVT 
HS65_LS_PAO2X27            11     108.680      0.173      8.520    CORE65LPSVT 
HS65_LS_PAO2X9            422    1974.960      1.945    198.591    CORE65LPSVT 
HS65_LS_PAOI2X1            60     218.400      0.077      5.011    CORE65LPSVT 
HS65_LS_PAOI2X33            3      65.520      0.080      3.574    CORE65LPSVT 
HS65_LS_PAOI2X6           148     615.680      0.609     35.580    CORE65LPSVT 
HS65_LS_PAOI2X8             1       7.800      0.009      0.379    CORE65LPSVT 
HS65_LS_XNOR2X18           81     547.560      1.775     44.927    CORE65LPSVT 
HS65_LS_XNOR2X27            1      10.400      0.031      1.004    CORE65LPSVT 
HS65_LS_XNOR2X35            2      22.880      0.087      1.851    CORE65LPSVT 
HS65_LS_XNOR2X4            43     201.240      0.242      9.310    CORE65LPSVT 
HS65_LS_XNOR2X9            46     239.200      0.447     14.194    CORE65LPSVT 
HS65_LS_XOR2X18            78     527.280      1.715     46.095    CORE65LPSVT 
HS65_LS_XOR2X27            36     374.400      1.149     32.429    CORE65LPSVT 
HS65_LS_XOR2X35            14     160.160      0.614     16.989    CORE65LPSVT 
HS65_LS_XOR2X4             75     351.000      0.447     16.393    CORE65LPSVT 
HS65_LS_XOR2X9             84     436.800      0.828     26.404    CORE65LPSVT 
HS65_LS_XOR3X18             7      80.080      0.111      6.485    CORE65LPSVT 
HS65_LS_XOR3X27             1      15.600      0.024      0.972    CORE65LPSVT 
HS65_LS_XOR3X9            169    1581.840      1.231     52.497    CORE65LPSVT 
-------------------------------------------------------------------------------
total                   18851  116024.480    128.955  14161.925                


                                             Leakage  Leakage  Internal  Internal 
     Type      Instances    Area    Area % Power (uW) Power % Power (uW)  Power % 
----------------------------------------------------------------------------------
sequential          1562  16333.720   14.1     16.148    12.5   7132.953     50.4 
inverter            3987   7390.240    6.4     15.660    12.1    330.190      2.3 
buffer               214    881.400    0.8      3.110     2.4     63.686      0.4 
logic              13088  91419.120   78.8     94.037    72.9   6635.096     46.9 
physical_cells         0      0.000    0.0      0.000     0.0      0.000      0.0 
----------------------------------------------------------------------------------
total              18851 116024.480  100.0    128.955   100.0  14161.925    100.0 

