============================================================
  Generated by:           Genus(TM) Synthesis Solution 17.10-p007_1
  Generated on:           Feb 20 2020  08:45:23 pm
  Module:                 filter_regular
  Technology libraries:   CORE65LPSVT 
                          CLOCK65LPSVT 
                          physical_cells 
  Operating conditions:   _nominal_ 
  Interconnect mode:      global
  Area mode:              physical library
============================================================

                                     Leakage   Internal    Net        Dynamic          Total       
                                                                  (Internal+Net) (Leakage+Dynamic) 
           Instance           Cells Power(uW) Power(uW) Power(uW)    Power(uW)       Power(uW)     
---------------------------------------------------------------------------------------------------
filter_regular                18851   128.955 14161.925  9393.689      23555.614         23684.569 
  S0[0].U0                     1885    12.404   783.622   859.977       1643.599          1656.003 
    csa_tree_U..d_90_9_groupi    50     0.589    44.393    33.945         78.338            78.927 
    csa_tree_U..d_90_9_groupi    39     0.399    29.453    26.915         56.368            56.767 
    csa_tree_U..d_90_9_groupi    59     0.377    43.263    40.771         84.035            84.412 
    csa_tree_U..d_90_9_groupi    53     0.334    39.612    37.107         76.720            77.054 
    csa_tree_U..d_90_9_groupi    48     0.332    38.815    34.391         73.206            73.539 
    csa_tree_U..d_90_9_groupi    49     0.296    36.887    34.433         71.320            71.616 
    csa_tree_U..d_90_9_groupi    37     0.290    23.165    24.656         47.822            48.112 
    csa_tree_U..d_90_9_groupi    32     0.289    24.156    26.185         50.341            50.630 
    U_S_44_add_63_8              27     0.273    19.809    14.305         34.114            34.387 
    csa_tree_U..d_90_9_groupi    37     0.272    20.331    19.869         40.200            40.472 
    csa_tree_U..d_90_9_groupi    37     0.236    13.003    13.488         26.490            26.726 
    csa_tree_U..d_90_9_groupi    38     0.235    18.158    19.019         37.177            37.412 
    csa_tree_U..d_90_9_groupi    39     0.231    17.091    18.074         35.165            35.396 
    csa_tree_U..d_90_9_groupi    44     0.212    15.248    18.198         33.446            33.658 
    csa_tree_U..d_90_9_groupi    35     0.187    19.786    18.153         37.939            38.126 
    csa_tree_U..d_90_9_groupi    27     0.180    13.561    14.807         28.368            28.549 
    csa_tree_U..d_90_9_groupi    27     0.158    12.326    13.242         25.568            25.727 
    csa_tree_U..d_90_9_groupi    26     0.155     7.777     8.922         16.700            16.855 
    csa_tree_U..d_90_9_groupi    27     0.154    13.044    14.544         27.589            27.742 
    U_S4_add_90_9                19     0.115     9.857     7.844         17.701            17.816 
    U_S_15_add_63_8              21     0.105    13.346    11.069         24.415            24.520 
    U_S95_add_63_8               19     0.103    13.033    10.977         24.011            24.113 
    U_S85_add_63_8               21     0.103    12.302    10.176         22.478            22.581 
    U_S_25_add_63_8              19     0.103    13.840    11.311         25.151            25.253 
    U_S14_add_90_9               19     0.098    10.935     9.268         20.203            20.302 
    U_S_35_add_63_8              18     0.091    11.791    10.069         21.860            21.951 
  S0[2].U0                     1902    12.267   798.756   875.839       1674.595          1686.862 
    csa_tree_U..d_90_9_groupi    49     0.571    45.223    36.050         81.273            81.844 
    csa_tree_U..d_90_9_groupi    40     0.364    27.583    26.992         54.575            54.939 
    csa_tree_U..d_90_9_groupi    32     0.352    30.087    24.285         54.372            54.724 
    csa_tree_U..d_90_9_groupi    59     0.341    43.600    42.616         86.216            86.557 
    csa_tree_U..d_90_9_groupi    51     0.331    41.263    37.470         78.733            79.064 
    csa_tree_U..d_90_9_groupi    53     0.325    40.956    38.188         79.144            79.470 
    csa_tree_U..d_90_9_groupi    48     0.316    40.186    35.384         75.570            75.886 
    csa_tree_U..d_90_9_groupi    32     0.290    23.869    25.491         49.360            49.650 
    U_S_44_add_63_8              27     0.275    18.759    13.686         32.444            32.720 
    csa_tree_U..d_90_9_groupi    37     0.244    19.042    20.270         39.312            39.556 
    csa_tree_U..d_90_9_groupi    44     0.223    14.975    17.517         32.492            32.715 
    csa_tree_U..d_90_9_groupi    39     0.219    17.105    18.367         35.472            35.691 
    csa_tree_U..d_90_9_groupi    37     0.219    11.869    12.471         24.341            24.559 
    csa_tree_U..d_90_9_groupi    38     0.219    16.468    17.785         34.252            34.471 
    csa_tree_U..d_90_9_groupi    35     0.188    19.126    17.587         36.713            36.901 
    csa_tree_U..d_90_9_groupi    27     0.180    15.251    16.190         31.441            31.621 
    csa_tree_U..d_90_9_groupi    27     0.158    12.336    13.245         25.580            25.739 
    csa_tree_U..d_90_9_groupi    26     0.155     7.667     8.855         16.522            16.677 
    csa_tree_U..d_90_9_groupi    27     0.154    11.594    13.040         24.634            24.788 
    U_S_15_add_63_8              21     0.107    12.871    10.562         23.433            23.540 
    U_S85_add_63_8               21     0.107    13.539    11.250         24.789            24.896 
    U_S4_add_90_9                19     0.104     9.894     8.062         17.955            18.059 
    U_S_25_add_63_8              19     0.103    13.422    11.179         24.601            24.704 
    U_S95_add_63_8               19     0.103    12.473    10.394         22.867            22.970 
    U_S14_add_90_9               19     0.098    11.367     9.561         20.928            21.026 
    U_S_35_add_63_8              18     0.091    10.960     9.350         20.310            20.401 
  S0[1].U0                     1897    12.251   777.442   859.278       1636.720          1648.971 
    csa_tree_U..d_90_9_groupi    49     0.533    40.014    32.909         72.923            73.457 
    csa_tree_U..d_90_9_groupi    40     0.366    25.827    24.960         50.787            51.153 
    csa_tree_U..d_90_9_groupi    39     0.352    23.780    21.912         45.692            46.044 
    csa_tree_U..d_90_9_groupi    51     0.336    41.847    37.130         78.977            79.313 
    csa_tree_U..d_90_9_groupi    53     0.321    39.550    37.327         76.878            77.199 
    csa_tree_U..d_90_9_groupi    57     0.313    40.543    39.639         80.182            80.495 
    csa_tree_U..d_90_9_groupi    32     0.289    20.499    21.859         42.358            42.647 
    csa_tree_U..d_90_9_groupi    46     0.275    36.381    33.625         70.007            70.281 
    U_S_44_add_63_8              27     0.274    18.127    14.141         32.268            32.542 
    csa_tree_U..d_90_9_groupi    39     0.264    20.144    19.728         39.872            40.136 
    csa_tree_U..d_90_9_groupi    39     0.243    18.307    18.442         36.749            36.992 
    csa_tree_U..d_90_9_groupi    37     0.236    12.391    12.537         24.928            25.164 
    csa_tree_U..d_90_9_groupi    37     0.232    20.005    21.576         41.580            41.813 
    csa_tree_U..d_90_9_groupi    44     0.231    16.547    19.087         35.634            35.865 
    csa_tree_U..d_90_9_groupi    35     0.188    18.417    16.783         35.201            35.388 
    csa_tree_U..d_90_9_groupi    27     0.180    14.577    15.338         29.916            30.096 
    csa_tree_U..d_90_9_groupi    27     0.159    12.641    13.462         26.104            26.262 
    csa_tree_U..d_90_9_groupi    26     0.155     6.831     7.865         14.697            14.852 
    csa_tree_U..d_90_9_groupi    27     0.154    12.398    13.839         26.237            26.391 
    U_S_15_add_63_8              21     0.105    13.163    10.957         24.120            24.225 
    U_S4_add_90_9                19     0.104     8.854     7.303         16.156            16.261 
    U_S95_add_63_8               19     0.103    12.793    11.020         23.813            23.916 
    U_S85_add_63_8               21     0.102    14.474    12.282         26.757            26.859 
    U_S_25_add_63_8              19     0.102    14.742    12.548         27.290            27.393 
    U_S14_add_90_9               19     0.098    10.838     9.029         19.867            19.966 
    U_S_35_add_63_8              18     0.091    11.267     9.741         21.008            21.099 
  S0[6].U0                     1902    12.159   756.754   837.955       1594.709          1606.868 
    csa_tree_U..d_90_9_groupi    57     0.472    37.218    35.404         72.622            73.094 
    csa_tree_U..d_90_9_groupi    33     0.432    32.870    27.842         60.712            61.144 
    csa_tree_U..d_90_9_groupi    38     0.428    30.213    25.441         55.654            56.082 
    csa_tree_U..d_90_9_groupi    51     0.367    43.028    36.086         79.114            79.481 
    csa_tree_U..d_90_9_groupi    53     0.320    38.342    37.596         75.938            76.258 
    csa_tree_U..d_90_9_groupi    57     0.319    39.721    38.725         78.446            78.764 
    csa_tree_U..d_90_9_groupi    46     0.294    37.586    33.205         70.791            71.085 
    csa_tree_U..d_90_9_groupi    32     0.254    21.178    19.744         40.922            41.176 
    csa_tree_U..d_90_9_groupi    37     0.236    11.365    11.476         22.841            23.077 
    csa_tree_U..d_90_9_groupi    37     0.235    18.579    19.732         38.311            38.545 
    csa_tree_U..d_90_9_groupi    38     0.233    17.143    17.708         34.852            35.085 
    csa_tree_U..d_90_9_groupi    39     0.229    15.996    16.873         32.869            33.098 
    csa_tree_U..d_90_9_groupi    44     0.220    15.859    18.501         34.360            34.580 
    csa_tree_U..d_90_9_groupi    27     0.176    14.169    15.642         29.811            29.986 
    csa_tree_U..d_90_9_groupi    33     0.173    18.708    17.624         36.331            36.504 
    csa_tree_U..d_90_9_groupi    26     0.170     8.091     8.103         16.193            16.363 
    csa_tree_U..d_90_9_groupi    27     0.158    12.215    13.311         25.526            25.684 
    csa_tree_U..d_90_9_groupi    27     0.155    11.333    12.625         23.957            24.112 
    U_S85_add_63_8               20     0.116    12.983    10.267         23.251            23.367 
    U_S4_add_90_9                20     0.114     9.307     7.706         17.013            17.127 
    U_S_44_add_63_8              19     0.107    10.856     9.047         19.902            20.010 
    U_S_15_add_63_8              20     0.107    12.073     9.697         21.770            21.877 
    U_S_25_add_63_8              19     0.104    12.736    10.216         22.953            23.057 
    U_S95_add_63_8               19     0.103    11.672     9.579         21.251            21.354 
    U_S14_add_90_9               19     0.102    10.641     8.831         19.472            19.574 
    U_S_35_add_63_8              18     0.094    11.084     9.470         20.554            20.648 
  S0[3].U0                     1892    12.063   789.904   870.458       1660.362          1672.425 
    csa_tree_U..d_90_9_groupi    53     0.583    44.716    37.517         82.233            82.816 
    csa_tree_U..d_90_9_groupi    38     0.454    32.576    26.342         58.919            59.373 
    csa_tree_U..d_90_9_groupi    51     0.371    45.231    38.831         84.063            84.433 
    csa_tree_U..d_90_9_groupi    33     0.368    28.043    26.836         54.879            55.248 
    csa_tree_U..d_90_9_groupi    59     0.332    42.963    42.153         85.116            85.449 
    csa_tree_U..d_90_9_groupi    54     0.317    42.442    40.334         82.776            83.093 
    csa_tree_U..d_90_9_groupi    48     0.298    38.364    34.504         72.868            73.167 
    csa_tree_U..d_90_9_groupi    31     0.288    24.594    22.821         47.416            47.704 
    csa_tree_U..d_90_9_groupi    37     0.245    19.967    21.151         41.117            41.362 
    csa_tree_U..d_90_9_groupi    37     0.219    11.176    11.906         23.082            23.300 
    csa_tree_U..d_90_9_groupi    38     0.216    17.981    19.489         37.470            37.686 
    csa_tree_U..d_90_9_groupi    39     0.212    15.638    17.345         32.983            33.196 
    csa_tree_U..d_90_9_groupi    44     0.212    14.471    17.271         31.742            31.954 
    csa_tree_U..d_90_9_groupi    27     0.185    14.909    15.346         30.254            30.440 
    csa_tree_U..d_90_9_groupi    35     0.185    19.196    17.974         37.171            37.355 
    csa_tree_U..d_90_9_groupi    26     0.161     7.767     7.966         15.733            15.895 
    csa_tree_U..d_90_9_groupi    27     0.158    12.944    14.117         27.061            27.220 
    csa_tree_U..d_90_9_groupi    27     0.154    12.095    13.520         25.615            25.769 
    U_S_44_add_63_8              19     0.108    10.703     8.634         19.337            19.445 
    U_S4_add_90_9                20     0.107    10.776     8.942         19.718            19.826 
    U_S85_add_63_8               20     0.106    13.465    10.905         24.370            24.476 
    U_S_15_add_63_8              20     0.106    13.041    10.656         23.697            23.803 
    U_S_25_add_63_8              19     0.104    14.265    11.777         26.043            26.146 
    U_S95_add_63_8               19     0.103    12.420    10.191         22.611            22.714 
    U_S14_add_90_9               19     0.102    11.114     9.017         20.132            20.234 
    U_S_35_add_63_8              18     0.093    11.579     9.867         21.446            21.539 
  S0[7].U0                     1882    12.038   788.282   865.854       1654.137          1666.175 
    csa_tree_U..d_90_9_groupi    50     0.593    47.262    37.364         84.626            85.219 
    csa_tree_U..d_90_9_groupi    38     0.448    34.878    29.112         63.990            64.438 
    csa_tree_U..d_90_9_groupi    33     0.396    34.850    30.997         65.847            66.243 
    csa_tree_U..d_90_9_groupi    32     0.352    26.803    21.648         48.450            48.803 
    csa_tree_U..d_90_9_groupi    51     0.331    40.651    36.355         77.006            77.337 
    csa_tree_U..d_90_9_groupi    59     0.328    41.181    41.064         82.244            82.572 
    csa_tree_U..d_90_9_groupi    53     0.324    41.321    39.954         81.276            81.600 
    csa_tree_U..d_90_9_groupi    48     0.296    37.267    33.936         71.203            71.499 
    csa_tree_U..d_90_9_groupi    39     0.267    20.888    21.469         42.357            42.624 
    csa_tree_U..d_90_9_groupi    44     0.222    14.479    16.986         31.465            31.688 
    csa_tree_U..d_90_9_groupi    39     0.219    15.413    16.779         32.192            32.412 
    csa_tree_U..d_90_9_groupi    38     0.214    15.854    17.448         33.303            33.517 
    csa_tree_U..d_90_9_groupi    37     0.214    11.036    11.874         22.910            23.124 
    csa_tree_U..d_90_9_groupi    27     0.195    16.164    16.571         32.734            32.930 
    csa_tree_U..d_90_9_groupi    35     0.189    20.123    18.625         38.748            38.937 
    csa_tree_U..d_90_9_groupi    26     0.170     7.828     7.868         15.696            15.866 
    csa_tree_U..d_90_9_groupi    27     0.158    12.507    13.718         26.225            26.383 
    csa_tree_U..d_90_9_groupi    27     0.154    11.789    13.123         24.912            25.066 
    U_S_44_add_63_8              19     0.114    11.441     9.209         20.650            20.764 
    U_S_15_add_63_8              20     0.114    13.045    10.489         23.534            23.648 
    U_S4_add_90_9                22     0.106     8.999     7.803         16.802            16.908 
    U_S85_add_63_8               20     0.106    13.377    10.678         24.055            24.161 
    U_S_25_add_63_8              19     0.102    13.071    10.872         23.943            24.045 
    U_S95_add_63_8               19     0.102    13.357    10.978         24.335            24.437 
    U_S14_add_90_9               19     0.098    10.249     8.561         18.810            18.909 
    U_S_35_add_63_8              18     0.093    10.702     8.937         19.639            19.732 
  S0[5].U0                     1878    12.033   764.417   845.441       1609.858          1621.891 
    csa_tree_U..d_90_9_groupi    57     0.524    36.459    33.399         69.858            70.382 
    csa_tree_U..d_90_9_groupi    38     0.435    30.834    25.823         56.657            57.092 
    csa_tree_U..d_90_9_groupi    33     0.433    32.832    27.908         60.740            61.173 
    csa_tree_U..d_90_9_groupi    32     0.354    27.483    22.004         49.487            49.841 
    csa_tree_U..d_90_9_groupi    59     0.339    42.190    40.442         82.632            82.971 
    csa_tree_U..d_90_9_groupi    51     0.335    40.852    36.443         77.295            77.630 
    csa_tree_U..d_90_9_groupi    48     0.317    36.859    33.718         70.577            70.894 
    csa_tree_U..d_90_9_groupi    53     0.310    37.900    37.611         75.511            75.821 
    csa_tree_U..d_90_9_groupi    39     0.252    17.201    17.135         34.337            34.589 
    csa_tree_U..d_90_9_groupi    38     0.238    17.795    18.239         36.034            36.271 
    csa_tree_U..d_90_9_groupi    37     0.236    11.786    11.890         23.676            23.912 
    csa_tree_U..d_90_9_groupi    37     0.234    17.129    18.445         35.573            35.808 
    csa_tree_U..d_90_9_groupi    44     0.234    14.778    16.754         31.532            31.766 
    csa_tree_U..d_90_9_groupi    27     0.176    13.534    14.682         28.216            28.392 
    csa_tree_U..d_90_9_groupi    33     0.173    19.495    18.517         38.012            38.185 
    csa_tree_U..d_90_9_groupi    26     0.169     7.907     7.911         15.818            15.987 
    csa_tree_U..d_90_9_groupi    27     0.159    12.961    14.196         27.157            27.316 
    csa_tree_U..d_90_9_groupi    27     0.155    12.512    13.859         26.371            26.525 
    U_S_44_add_63_8              19     0.114    10.808     8.581         19.389            19.503 
    U_S_15_add_63_8              19     0.110    13.101    10.617         23.718            23.828 
    U_S_25_add_63_8              19     0.108    14.062    11.661         25.723            25.831 
    U_S4_add_90_9                20     0.107    10.049     8.321         18.370            18.477 
    U_S14_add_90_9               19     0.103    11.189     9.346         20.535            20.638 
    U_S95_add_63_8               19     0.103    12.270    10.169         22.439            22.542 
    U_S85_add_63_8               19     0.100    13.085    10.945         24.030            24.130 
    U_S_35_add_63_8              18     0.094    11.617     9.991         21.608            21.701 
  S0[4].U0                     1889    11.922   767.049   850.609       1617.658          1629.581 
    csa_tree_U..d_90_9_groupi    57     0.556    41.064    35.342         76.406            76.962 
    csa_tree_U..d_90_9_groupi    36     0.435    34.438    28.797         63.235            63.670 
    csa_tree_U..d_90_9_groupi    33     0.369    30.368    28.565         58.933            59.302 
    csa_tree_U..d_90_9_groupi    51     0.350    42.864    37.214         80.077            80.427 
    csa_tree_U..d_90_9_groupi    59     0.332    39.971    39.330         79.301            79.633 
    csa_tree_U..d_90_9_groupi    54     0.317    41.068    39.178         80.247            80.564 
    csa_tree_U..d_90_9_groupi    48     0.300    37.698    34.182         71.880            72.180 
    csa_tree_U..d_90_9_groupi    37     0.258    21.122    21.644         42.766            43.024 
    csa_tree_U..d_90_9_groupi    38     0.235    17.266    18.044         35.310            35.545 
    csa_tree_U..d_90_9_groupi    31     0.234    18.804    18.894         37.698            37.932 
    csa_tree_U..d_90_9_groupi    37     0.231    11.887    12.122         24.009            24.240 
    csa_tree_U..d_90_9_groupi    39     0.231    16.532    17.465         33.997            34.228 
    csa_tree_U..d_90_9_groupi    44     0.212    14.905    17.690         32.595            32.807 
    csa_tree_U..d_90_9_groupi    35     0.189    18.106    17.068         35.174            35.363 
    csa_tree_U..d_90_9_groupi    27     0.185    14.406    14.554         28.960            29.145 
    csa_tree_U..d_90_9_groupi    26     0.184     8.982     8.537         17.519            17.703 
    csa_tree_U..d_90_9_groupi    27     0.159    12.486    13.705         26.190            26.349 
    csa_tree_U..d_90_9_groupi    27     0.155    12.084    13.427         25.511            25.665 
    U_S4_add_90_9                20     0.106     9.439     7.665         17.104            17.210 
    U_S_25_add_63_8              19     0.104    13.802    11.191         24.992            25.096 
    U_S14_add_90_9               19     0.103    10.694     8.954         19.648            19.751 
    U_S_44_add_63_8              19     0.103    10.951     8.933         19.883            19.986 
    U_S95_add_63_8               19     0.103    12.230     9.860         22.090            22.193 
    U_S85_add_63_8               19     0.100    11.902     9.991         21.892            21.992 
    U_S_15_add_63_8              19     0.100    11.933     9.705         21.638            21.737 
    U_S_35_add_63_8              18     0.093    11.374     9.414         20.788            20.881 
  S0[8].U0                     1893    11.838   743.235   829.906       1573.141          1584.979 
    csa_tree_U..d_90_9_groupi    50     0.631    42.793    33.534         76.326            76.957 
    csa_tree_U..d_90_9_groupi    38     0.396    26.880    23.721         50.601            50.997 
    csa_tree_U..d_90_9_groupi    33     0.396    30.878    28.517         59.395            59.790 
    csa_tree_U..d_90_9_groupi    51     0.349    42.233    36.437         78.670            79.019 
    csa_tree_U..d_90_9_groupi    53     0.324    38.949    37.800         76.749            77.073 
    csa_tree_U..d_90_9_groupi    59     0.323    39.951    39.876         79.827            80.150 
    csa_tree_U..d_90_9_groupi    48     0.296    39.195    35.200         74.395            74.691 
    csa_tree_U..d_90_9_groupi    37     0.244    18.363    19.653         38.016            38.260 
    csa_tree_U..d_90_9_groupi    31     0.234    17.656    17.823         35.478            35.712 
    csa_tree_U..d_90_9_groupi    44     0.212    14.018    16.674         30.692            30.904 
    csa_tree_U..d_90_9_groupi    37     0.209    10.643    11.584         22.226            22.436 
    csa_tree_U..d_90_9_groupi    39     0.207    15.987    17.799         33.787            33.994 
    csa_tree_U..d_90_9_groupi    38     0.206    15.806    17.596         33.402            33.608 
    csa_tree_U..d_90_9_groupi    27     0.195    15.122    15.619         30.740            30.936 
    csa_tree_U..d_90_9_groupi    35     0.184    19.908    18.741         38.649            38.833 
    csa_tree_U..d_90_9_groupi    26     0.170     9.083     9.034         18.117            18.286 
    csa_tree_U..d_90_9_groupi    27     0.159    12.773    14.033         26.806            26.965 
    csa_tree_U..d_90_9_groupi    27     0.154    11.707    12.939         24.646            24.801 
    U_S_44_add_63_8              19     0.114    10.904     8.162         19.066            19.179 
    U_S_15_add_63_8              20     0.106    12.505    10.163         22.668            22.774 
    U_S4_add_90_9                22     0.106    10.018     8.734         18.752            18.858 
    U_S85_add_63_8               20     0.106    11.774     9.454         21.228            21.334 
    U_S_25_add_63_8              19     0.103    13.629    11.061         24.690            24.793 
    U_S95_add_63_8               19     0.102    11.720     9.688         21.408            21.510 
    U_S14_add_90_9               19     0.098    10.424     8.855         19.279            19.377 
    U_S_35_add_63_8              18     0.093    10.730     8.975         19.705            19.798 

