============================================================
  Generated by:           Genus(TM) Synthesis Solution 17.10-p007_1
  Generated on:           Feb 20 2020  08:45:23 pm
  Module:                 filter_regular
  Technology libraries:   CORE65LPSVT 
                          CLOCK65LPSVT 
                          physical_cells 
  Operating conditions:   _nominal_ 
  Interconnect mode:      global
  Area mode:              physical library
============================================================

                      Leakage   Dynamic    Total   
   Instance    Cells Power(uW) Power(uW) Power(uW) 
---------------------------------------------------
filter_regular 18851   128.955 23555.614 23684.569 
  S0[0].U0      1885    12.404  1643.599  1656.003 
  S0[2].U0      1902    12.267  1674.595  1686.862 
  S0[1].U0      1897    12.251  1636.720  1648.971 
  S0[6].U0      1902    12.159  1594.709  1606.868 
  S0[3].U0      1892    12.063  1660.362  1672.425 
  S0[7].U0      1882    12.038  1654.137  1666.175 
  S0[5].U0      1878    12.033  1609.858  1621.891 
  S0[4].U0      1889    11.922  1617.658  1629.581 
  S0[8].U0      1893    11.838  1573.141  1584.979 

