============================================================
  Generated by:           Genus(TM) Synthesis Solution 17.10-p007_1
  Generated on:           Nov 23 2019  12:28:16 pm
  Module:                 FME_PIPE_8
  Technology libraries:   CORE65LPSVT 
                          CLOCK65LPSVT 
                          physical_cells 
  Operating conditions:   _nominal_ 
  Interconnect mode:      global
  Area mode:              physical library
============================================================

                                   Leakage   Dynamic    Total   
          Instance          Cells Power(uW) Power(uW) Power(uW) 
----------------------------------------------------------------
FME_PIPE_8                  12534   107.597 44585.458 44693.055 
  U_inter                    8935    84.285 26248.108 26332.393 
  U_buffer                   2693    13.516 12390.760 12404.276 
  U_crtl                       92     0.545   238.840   239.385 
  clipping[0].U_clip           15     0.082    24.888    24.971 
  clipping[3].U_clip           15     0.082    25.193    25.275 
  clipping[2].U_clip           15     0.081    24.931    25.013 
  clipping[1].U_clip           15     0.071    16.644    16.716 
  clipping[4].U_clip           15     0.071    13.195    13.266 
  clipping[6..ip_gte_820_34     6     0.025     9.861     9.886 
  clipping[1..ip_gte_820_34     6     0.024     9.358     9.382 
  clipping[1..ip_gte_820_34     6     0.024     9.839     9.863 
  clipping[5..ip_gte_820_34     6     0.024     9.771     9.795 
  clipping[8..ip_gte_820_34     6     0.024    10.735    10.759 
  clipping[1..ip_gte_820_34     6     0.024     9.551     9.574 
  clipping[9..ip_gte_820_34     6     0.024     9.518     9.542 
  clipping[1..ip_gte_820_34     6     0.022     8.311     8.333 
  clipping[7..ip_gte_820_34     6     0.022     8.544     8.565 
  clipping[1..ip_gte_820_34     6     0.021     7.144     7.165 

