============================================================
  Generated by:           Genus(TM) Synthesis Solution 17.10-p007_1
  Generated on:           Nov 23 2019  12:28:15 pm
  Module:                 FME_PIPE_8
  Technology libraries:   CORE65LPSVT 
                          CLOCK65LPSVT 
                          physical_cells 
  Operating conditions:   _nominal_ 
  Interconnect mode:      global
  Area mode:              physical library
============================================================

                                     Leakage   Internal    Net        Dynamic          Total       
                                                                  (Internal+Net) (Leakage+Dynamic) 
           Instance           Cells Power(uW) Power(uW) Power(uW)    Power(uW)       Power(uW)     
---------------------------------------------------------------------------------------------------
FME_PIPE_8                    12534   107.597 26480.122 18105.336      44585.458         44693.055 
  U_inter                      8935    84.285 14910.364 11337.743      26248.108         26332.393 
    PUs[2].U_F..S24_add_18_10   106     1.264   189.164   208.658        397.822           399.086 
    PUs[1].U_F.._S4_add_18_10   106     1.264   193.705   218.034        411.739           413.003 
    PUs[3].U_F.._S4_add_18_10   106     1.262   192.402   213.373        405.775           407.037 
    PUs[1].U_F..S24_add_18_10   106     1.261   183.127   202.046        385.172           386.434 
    PUs[2].U_F.._S4_add_18_10   106     1.261   183.617   204.198        387.815           389.076 
    PUs[0].U_F.._S4_add_18_10   106     1.260   192.352   211.602        403.953           405.213 
    PUs[4].U_F..S24_add_18_10   106     1.260   191.379   210.246        401.625           402.885 
    PUs[0].U_F..S24_add_18_10   106     1.260   189.064   215.324        404.388           405.648 
    PUs[3].U_F..S24_add_18_10   106     1.258   192.807   212.915        405.722           406.980 
    PUs[4].U_F.._S4_add_18_10   106     1.257   196.563   216.830        413.392           414.649 
    csa_tree_P.._18_10_groupi   100     1.257    99.619   103.858        203.477           204.734 
    csa_tree_P.._18_10_groupi   102     1.254   100.935   107.126        208.061           209.315 
    csa_tree_P.._18_10_groupi   100     1.250    95.678   101.522        197.200           198.450 
    csa_tree_P.._18_10_groupi   103     1.245    99.891   103.104        202.996           204.241 
    csa_tree_P.._18_10_groupi   101     1.233    99.682   102.371        202.053           203.287 
    csa_tree_P.._18_10_groupi   110     1.170   211.862   299.434        511.297           512.467 
    csa_tree_P.._18_10_groupi   110     1.155   198.632   282.751        481.383           482.539 
    addinc_PUs.._S1_add_18_16    71     1.155    68.945    87.070        156.015           157.170 
    addinc_PUs.._S1_add_18_16    71     1.094    60.582    76.449        137.032           138.126 
    addinc_PUs.._S1_add_18_16    70     1.079    62.291    71.588        133.879           134.958 
    addinc_PUs.._S1_add_18_16    71     1.074    64.258    71.802        136.060           137.135 
    addinc_PUs.._S1_add_18_16    70     1.074    58.406    63.933        122.339           123.413 
    addinc_PUs.._S1_add_18_16    72     1.063    59.711    67.690        127.401           128.464 
    PUs[1].U_F.._S0_add_18_10    78     1.058    61.099    89.395        150.493           151.551 
    csa_tree_P.._18_10_groupi   108     1.053   184.308   261.731        446.039           447.092 
    PUs[2].U_F.._S0_add_18_10    78     1.053    58.284    87.974        146.258           147.311 
    addinc_PUs.._S1_add_18_16    70     1.047    62.092    68.730        130.822           131.869 
    PUs[0].U_F.._S0_add_18_10    80     1.047    62.246    91.818        154.064           155.111 
    addinc_PUs.._S1_add_18_16    71     1.046    61.942    70.429        132.370           133.416 
    PUs[0].U_F.._S0_add_18_10    79     1.033    65.168   100.687        165.855           166.888 
    PUs[0].U_F.._S0_add_18_10    71     0.980    60.392    87.220        147.612           148.591 
    PUs[3].U_F.._S0_add_18_10    72     0.969    64.427    92.198        156.624           157.594 
    csa_tree_P.._18_10_groupi   105     0.808   150.991   169.824        320.816           321.624 
    csa_tree_P.._18_10_groupi   105     0.808   150.958   169.331        320.289           321.097 
    csa_tree_P.._18_10_groupi   105     0.808   152.588   170.078        322.666           323.474 
    csa_tree_P.._18_10_groupi   105     0.808   153.656   170.345        324.001           324.809 
    csa_tree_P.._18_10_groupi   105     0.807   152.822   172.585        325.407           326.214 
    csa_tree_P.._18_10_groupi   105     0.806   149.925   168.436        318.361           319.166 
    csa_tree_P.._18_10_groupi   105     0.805   154.987   172.351        327.338           328.143 
    PUs[3].U_F..S15_add_41_16    96     0.804    61.957    77.446        139.403           140.207 
    PUs[0].U_F..S15_add_41_16    96     0.803    63.140    78.028        141.167           141.971 
    PUs[2].U_F..S15_add_41_16    97     0.803    64.789    79.360        144.150           144.953 
    PUs[4].U_F..S15_add_41_16    96     0.799    59.772    74.959        134.731           135.530 
    PUs[4].U_F.._S0_add_18_10    73     0.797    49.322    69.076        118.399           119.195 
    PUs[1].U_F..S15_add_41_16    96     0.782    59.106    74.656        133.762           134.544 
    PUs[0].U_F.._S0_add_18_10    70     0.782    43.445    58.943        102.388           103.170 
    PUs[0].U_F..S16_add_18_10   100     0.763   126.152   167.997        294.149           294.912 
    PUs[4].U_F..S16_add_18_10   100     0.760   124.372   167.976        292.348           293.107 
    PUs[1].U_F..S16_add_18_10   100     0.759   122.431   165.251        287.682           288.442 
    PUs[3].U_F..S16_add_18_10   100     0.759   122.299   163.459        285.758           286.517 
    PUs[2].U_F..S16_add_18_10   100     0.758   120.452   161.809        282.262           283.020 
    csa_tree_P.._18_10_groupi    45     0.666    57.136    43.606        100.742           101.408 
    csa_tree_P.._18_10_groupi    45     0.664    56.487    42.511         98.998            99.662 
    csa_tree_P.._18_10_groupi    44     0.633    56.797    43.353        100.149           100.782 
    csa_tree_P.._18_10_groupi    45     0.619    56.500    43.050         99.550           100.170 
    csa_tree_P.._18_10_groupi    44     0.614    55.466    45.769        101.235           101.850 
    csa_tree_P.._18_10_groupi    44     0.611    50.883    41.224         92.107            92.718 
    csa_tree_P.._18_10_groupi    44     0.603    57.823    45.903        103.726           104.329 
    csa_tree_P.._18_10_groupi    45     0.599    48.851    39.393         88.244            88.843 
    csa_tree_P.._18_10_groupi    44     0.594    53.371    43.435         96.807            97.400 
    csa_tree_P.._18_10_groupi    44     0.592    51.798    42.501         94.299            94.891 
    PUs[0].U_F..S11_add_41_16    67     0.572    42.102    49.924         92.025            92.598 
    PUs[4].U_F..S11_add_41_16    67     0.572    38.551    44.858         83.409            83.981 
    PUs[3].U_F..S11_add_41_16    67     0.563    37.573    44.813         82.387            82.950 
    PUs[1].U_F..S11_add_41_16    66     0.553    38.038    45.342         83.380            83.933 
    PUs[2].U_F..S11_add_41_16    66     0.553    37.900    44.936         82.836            83.389 
    addinc_PUs.._S2_add_18_16    76     0.426    31.577    45.226         76.803            77.229 
    addinc_PUs.._S2_add_18_16    75     0.426    31.669    40.959         72.627            73.053 
    PUs[0].U_F..S17_add_41_16    74     0.416    81.422   185.116        266.538           266.954 
    PUs[1].U_F..S17_add_41_16    74     0.416    80.907   184.150        265.057           265.473 
    addinc_PUs.._S2_add_18_16    74     0.410    30.344    42.514         72.858            73.268 
    PUs[0].U_F.._S1_add_18_10    54     0.406    33.037    47.572         80.610            81.016 
    addinc_PUs.._S2_add_18_16    73     0.396    28.023    38.931         66.955            67.351 
    PUs[2].U_F..S13_add_41_16    48     0.390    36.183    32.461         68.644            69.034 
    addinc_PUs.._S2_add_18_16    73     0.387    28.649    39.960         68.609            68.996 
    addinc_PUs.._S2_add_18_16    71     0.385    28.124    39.602         67.725            68.110 
    addinc_PUs..S23_add_18_16    65     0.385    33.275    37.918         71.193            71.578 
    PUs[1].U_F.._S1_add_18_10    53     0.385    29.804    44.581         74.386            74.770 
    PUs[3].U_F..S13_add_41_16    46     0.384    35.072    30.992         66.064            66.448 
    PUs[1].U_F..S13_add_41_16    47     0.381    35.329    32.386         67.715            68.096 
    addinc_PUs..S23_add_18_16    63     0.375    32.989    39.063         72.052            72.427 
    PUs[0].U_F..S13_add_41_16    45     0.375    34.231    32.081         66.312            66.687 
    addinc_PUs..S23_add_18_16    64     0.374    32.965    37.918         70.882            71.256 
    addinc_PUs.._S3_add_18_16    63     0.372    30.423    35.451         65.874            66.246 
    PUs[4].U_F..S13_add_41_16    45     0.366    32.756    29.658         62.414            62.779 
    addinc_PUs.._S3_add_18_16    61     0.362    32.723    36.964         69.687            70.049 
    PUs[2].U_F.._S1_add_18_10    53     0.356    25.544    41.322         66.865            67.221 
    addinc_PUs..S23_add_18_16    61     0.355    30.219    36.371         66.589            66.944 
    addinc_PUs.._S3_add_18_16    63     0.354    31.579    37.459         69.039            69.393 
    addinc_PUs.._S3_add_18_16    62     0.353    29.496    35.660         65.156            65.509 
    PUs[3].U_F.._S1_add_18_10    52     0.352    28.381    43.885         72.266            72.618 
    addinc_PUs..S23_add_18_16    61     0.351    29.304    35.219         64.523            64.874 
    addinc_PUs.._S3_add_18_16    61     0.350    30.114    35.210         65.325            65.675 
    PUs[4].U_F.._S1_add_18_10    54     0.335    31.097    42.738         73.835            74.169 
    PUs[0].U_F.._S1_add_18_10    51     0.319    25.459    35.797         61.255            61.574 
    PUs[3].U_F..S17_add_41_16    71     0.253    59.145    92.661        151.807           152.059 
    PUs[2].U_F..S17_add_41_16    71     0.252    58.050    90.675        148.725           148.978 
    PUs[4].U_F..S17_add_41_16    71     0.252    59.168    91.746        150.914           151.166 
    PUs[4].U_F8_U_p12            15     0.152   144.680    21.319        166.000           166.151 
    PUs[0].U_F8_U_p12            15     0.152   144.884    21.132        166.016           166.168 
    PUs[1].U_F8_U_p12            15     0.152   143.814    20.826        164.640           164.792 
    PUs[2].U_F8_U_p12            15     0.152   142.332    20.068        162.400           162.552 
    PUs[3].U_F8_U_p12            15     0.152   144.443    21.104        165.547           165.699 
    PUs[4].U_F8_U_p22            15     0.139   134.946    20.788        155.734           155.873 
    PUs[0].U_F8_U_p3             15     0.139   133.555    19.406        152.962           153.101 
    PUs[0].U_F8_U_p22            15     0.139   133.198    21.701        154.899           155.038 
    PUs[1].U_F8_U_p3             15     0.139   133.198    21.701        154.899           155.038 
    PUs[1].U_F8_U_p22            15     0.139   133.002    19.710        152.712           152.851 
    PUs[2].U_F8_U_p3             15     0.139   133.002    19.710        152.712           152.851 
    PUs[3].U_F8_U_p22            15     0.139   130.538    17.952        148.490           148.629 
    PUs[4].U_F8_U_p3             15     0.139   130.538    17.952        148.490           148.629 
    PUs[2].U_F8_U_p22            15     0.139   134.842    21.172        156.014           156.153 
    PUs[3].U_F8_U_p3             15     0.139   134.842    21.172        156.014           156.153 
    PUs[4].U_F8_U_p10            13     0.138   127.690    26.340        154.031           154.168 
    PUs[1].U_F8_U_p10            13     0.138   124.086    23.991        148.077           148.215 
    PUs[0].U_F8_U_p10            13     0.138   126.678    26.021        152.699           152.837 
    PUs[2].U_F8_U_p10            13     0.138   127.562    25.445        153.007           153.145 
    PUs[3].U_F8_U_p10            13     0.138   124.533    23.792        148.325           148.463 
    PUs[3].U_F8_U_p2             14     0.131   130.522    22.511        153.034           153.165 
    PUs[4].U_F8_U_p21            14     0.131   130.095    22.175        152.271           152.401 
    PUs[1].U_F8_U_p2             14     0.131   130.094    22.537        152.631           152.762 
    PUs[2].U_F8_U_p2             14     0.131   128.613    21.567        150.179           150.310 
    PUs[3].U_F8_U_p21            14     0.131   130.940    23.201        154.140           154.271 
    PUs[4].U_F8_U_p2             14     0.131   131.219    22.983        154.202           154.333 
    PUs[2].U_F8_U_p21            14     0.131   132.080    23.766        155.847           155.977 
    PUs[0].U_F8_U_p21            14     0.131   129.768    22.410        152.179           152.309 
    PUs[0].U_F8_U_p2             14     0.131   131.213    23.624        154.837           154.967 
    PUs[1].U_F8_U_p21            14     0.131   129.998    22.517        152.515           152.646 
    PUs[0].U_F8_U_p11            13     0.121   120.089    22.186        142.275           142.396 
    PUs[2].U_F8_U_p11            13     0.121   121.516    23.319        144.834           144.956 
    PUs[1].U_F8_U_p11            13     0.121   121.482    23.027        144.509           144.631 
    PUs[4].U_F8_U_p11            13     0.121   120.444    22.514        142.958           143.080 
    PUs[3].U_F8_U_p11            13     0.121   121.466    22.886        144.352           144.473 
    PUs[1].U_F8_U_p1             12     0.116   108.854    19.237        128.091           128.207 
    PUs[2].U_F8_U_p1             12     0.115   112.122    21.671        133.793           133.909 
    PUs[3].U_F8_U_p1             12     0.115   112.083    21.614        133.697           133.812 
    PUs[0].U_F8_U_p20            12     0.115   112.691    21.852        134.543           134.658 
    PUs[4].U_F8_U_p1             12     0.115   111.942    21.583        133.525           133.640 
    PUs[0].U_F8_U_p1             12     0.115   111.551    21.554        133.105           133.220 
    PUs[2].U_F8_U_p20            12     0.115   111.059    21.189        132.248           132.363 
    PUs[3].U_F8_U_p20            12     0.115   111.215    20.591        131.807           131.922 
    PUs[1].U_F8_U_p20            12     0.115   110.421    20.668        131.090           131.205 
    PUs[4].U_F8_U_p20            12     0.115   111.446    21.558        133.004           133.119 
    PUs[4].U_F8_U_p23            12     0.112   106.260     6.882        113.142           113.255 
    PUs[3].U_F8_U_p23            12     0.112   107.363     7.222        114.585           114.697 
    PUs[2].U_F8_U_p4             12     0.112   107.269     7.299        114.568           114.680 
    PUs[0].U_F8_U_p4             12     0.112   105.969     6.962        112.931           113.043 
    PUs[1].U_F8_U_p4             12     0.112   105.272     6.898        112.169           112.281 
    PUs[0].U_F8_U_p23            12     0.112   105.898     7.146        113.044           113.156 
    PUs[3].U_F8_U_p4             12     0.112   105.898     6.926        112.824           112.936 
    PUs[2].U_F8_U_p23            12     0.112   104.047     6.421        110.467           110.579 
    PUs[1].U_F8_U_p23            12     0.112   106.014     7.013        113.027           113.139 
    PUs[4].U_F8_U_p4             12     0.112   106.014     7.013        113.027           113.139 
    PUs[2].U_F.._S1_add_41_16     4     0.033     3.456     3.246          6.701             6.734 
    PUs[3].U_F.._S1_add_41_16     4     0.033     2.463     2.551          5.014             5.047 
    PUs[2].U_F..S21_add_41_16     4     0.033     2.401     2.475          4.876             4.909 
    PUs[1].U_F..S21_add_41_16     4     0.033     2.066     2.467          4.533             4.566 
    PUs[4].U_F.._S1_add_41_16     4     0.033     2.028     2.396          4.425             4.457 
    PUs[3].U_F..S21_add_41_16     4     0.029     2.196     2.361          4.557             4.586 
    PUs[4].U_F..S21_add_41_16     4     0.029     2.681     2.912          5.593             5.622 
    PUs[0].U_F.._S1_add_41_16     4     0.029     2.191     2.419          4.610             4.638 
    PUs[1].U_F.._S1_add_41_16     4     0.029     2.264     2.421          4.685             4.714 
    PUs[0].U_F..S21_add_41_16     4     0.029     1.947     2.357          4.303             4.332 
  U_buffer                     2693    13.516  9157.650  3233.110      12390.760         12404.276 
  U_crtl                         92     0.545   190.755    48.085        238.840           239.385 
    inc_add_1054_29               9     0.041     0.489     0.410          0.899             0.940 
    inc_add_1024_29               8     0.036     0.904     0.745          1.649             1.685 
    inc_add_1039_29               8     0.036     0.387     0.335          0.722             0.758 
    lt_959_18                     2     0.013     0.059     0.035          0.095             0.107 
    lt_966_18                     2     0.011     0.000     0.000          0.000             0.011 
    lt_952_18                     2     0.010     0.000     0.000          0.000             0.010 
  clipping[0].U_clip             15     0.082    11.783    13.105         24.888            24.971 
    gte_820_34                    6     0.024     4.054     4.568          8.622             8.646 
  clipping[3].U_clip             15     0.082    11.299    13.894         25.193            25.275 
    gte_820_34                    6     0.025     4.229     4.883          9.113             9.137 
  clipping[2].U_clip             15     0.081    11.465    13.466         24.931            25.013 
    gte_820_34                    6     0.024     4.591     5.150          9.741             9.765 
  clipping[1].U_clip             15     0.071     7.371     9.273         16.644            16.716 
    gte_820_34                    6     0.022     3.933     4.253          8.185             8.207 
  clipping[4].U_clip             15     0.071     5.931     7.264         13.195            13.266 
    gte_820_34                    6     0.021     3.558     3.831          7.390             7.411 
  clipping[6..ip_gte_820_34       6     0.025     4.669     5.192          9.861             9.886 
  clipping[1..ip_gte_820_34       6     0.024     4.410     4.948          9.358             9.382 
  clipping[1..ip_gte_820_34       6     0.024     4.582     5.257          9.839             9.863 
  clipping[5..ip_gte_820_34       6     0.024     4.562     5.209          9.771             9.795 
  clipping[8..ip_gte_820_34       6     0.024     4.975     5.760         10.735            10.759 
  clipping[1..ip_gte_820_34       6     0.024     4.470     5.081          9.551             9.574 
  clipping[9..ip_gte_820_34       6     0.024     4.416     5.103          9.518             9.542 
  clipping[1..ip_gte_820_34       6     0.022     3.986     4.325          8.311             8.333 
  clipping[7..ip_gte_820_34       6     0.022     4.052     4.491          8.544             8.565 
  clipping[1..ip_gte_820_34       6     0.021     3.410     3.733          7.144             7.165 

