irun(64): 15.20-p001: (c) Copyright 1995-2016 Cadence Design Systems, Inc.
TOOL:	irun(64)	15.20-p001: Started on Mar 03, 2020 at 19:05:37 -03
irun
	-64bit
	-top banch
	banch.v
	CORE65LPSVT.v
	martool.v
	-access +rw
	-sdf_cmd_file sdf_cmd_file.in
Recompiling... reason: file './banch.v' is newer than expected.
	expected: Tue Mar  3 17:09:15 2020
	actual:   Tue Mar  3 19:03:23 2020
file: banch.v
	module worklib.banch:v
		errors: 0, warnings: 0
	module worklib.rom_read:v
		errors: 0, warnings: 0
file: martool.v
	module worklib.add_signed_carry_958:v
		errors: 0, warnings: 0
	module worklib.add_signed_carry_24_923:v
		errors: 0, warnings: 0
	module worklib.add_signed_carry:v
		errors: 0, warnings: 0
	module worklib.add_signed_carry_24:v
		errors: 0, warnings: 0
	module worklib.csa_tree_U_S1_add_18_10_group_14:v
		errors: 0, warnings: 0
	module worklib.csa_tree_U_S21_add_18_10_group_12:v
		errors: 0, warnings: 0
	module worklib.filter_2_bit_width10:v
		errors: 0, warnings: 0
	module worklib.add_unsigned_carry_888:v
		errors: 0, warnings: 0
	module worklib.somador_n_np1_bit_width8_1:v
		errors: 0, warnings: 0
	module worklib.add_signed_carry_956:v
		errors: 0, warnings: 0
	module worklib.add_signed_carry_24_921:v
		errors: 0, warnings: 0
	module worklib.add_signed_carry_957:v
		errors: 0, warnings: 0
	module worklib.add_signed_carry_24_922:v
		errors: 0, warnings: 0
	module worklib.csa_tree_U_S1_add_18_10_group_14_1:v
		errors: 0, warnings: 0
	module worklib.csa_tree_U_S21_add_18_10_group_12_1:v
		errors: 0, warnings: 0
	module worklib.filter_2_bit_width10_1:v
		errors: 0, warnings: 0
	module worklib.add_unsigned_carry_880:v
		errors: 0, warnings: 0
	module worklib.somador_n_np1_bit_width8_2:v
		errors: 0, warnings: 0
	module worklib.add_signed_carry_940:v
		errors: 0, warnings: 0
	module worklib.add_signed_carry_24_905:v
		errors: 0, warnings: 0
	module worklib.add_signed_carry_941:v
		errors: 0, warnings: 0
	module worklib.add_signed_carry_24_906:v
		errors: 0, warnings: 0
	module worklib.csa_tree_U_S1_add_18_10_group_14_9:v
		errors: 0, warnings: 0
	module worklib.csa_tree_U_S21_add_18_10_group_12_9:v
		errors: 0, warnings: 0
	module worklib.filter_2_bit_width10_2:v
		errors: 0, warnings: 0
	module worklib.add_unsigned_carry_879:v
		errors: 0, warnings: 0
	module worklib.somador_n_np1_bit_width8_3:v
		errors: 0, warnings: 0
	module worklib.add_signed_carry_938:v
		errors: 0, warnings: 0
	module worklib.add_signed_carry_24_903:v
		errors: 0, warnings: 0
	module worklib.add_signed_carry_939:v
		errors: 0, warnings: 0
	module worklib.add_signed_carry_24_904:v
		errors: 0, warnings: 0
	module worklib.csa_tree_U_S1_add_18_10_group_14_10:v
		errors: 0, warnings: 0
	module worklib.csa_tree_U_S21_add_18_10_group_12_10:v
		errors: 0, warnings: 0
	module worklib.filter_2_bit_width10_3:v
		errors: 0, warnings: 0
	module worklib.add_unsigned_carry_878:v
		errors: 0, warnings: 0
	module worklib.somador_n_np1_bit_width8_4:v
		errors: 0, warnings: 0
	module worklib.add_signed_carry_936:v
		errors: 0, warnings: 0
	module worklib.add_signed_carry_24_901:v
		errors: 0, warnings: 0
	module worklib.add_signed_carry_937:v
		errors: 0, warnings: 0
	module worklib.add_signed_carry_24_902:v
		errors: 0, warnings: 0
	module worklib.csa_tree_U_S1_add_18_10_group_14_11:v
		errors: 0, warnings: 0
	module worklib.csa_tree_U_S21_add_18_10_group_12_11:v
		errors: 0, warnings: 0
	module worklib.filter_2_bit_width10_4:v
		errors: 0, warnings: 0
	module worklib.add_unsigned_carry_877:v
		errors: 0, warnings: 0
	module worklib.somador_n_np1_bit_width8_5:v
		errors: 0, warnings: 0
	module worklib.add_signed_carry_934:v
		errors: 0, warnings: 0
	module worklib.add_signed_carry_24_899:v
		errors: 0, warnings: 0
	module worklib.add_signed_carry_935:v
		errors: 0, warnings: 0
	module worklib.add_signed_carry_24_900:v
		errors: 0, warnings: 0
	module worklib.csa_tree_U_S1_add_18_10_group_14_12:v
		errors: 0, warnings: 0
	module worklib.csa_tree_U_S21_add_18_10_group_12_12:v
		errors: 0, warnings: 0
	module worklib.filter_2_bit_width10_5:v
		errors: 0, warnings: 0
	module worklib.add_unsigned_carry_876:v
		errors: 0, warnings: 0
	module worklib.somador_n_np1_bit_width8_6:v
		errors: 0, warnings: 0
	module worklib.add_signed_carry_932:v
		errors: 0, warnings: 0
	module worklib.add_signed_carry_24_897:v
		errors: 0, warnings: 0
	module worklib.add_signed_carry_933:v
		errors: 0, warnings: 0
	module worklib.add_signed_carry_24_898:v
		errors: 0, warnings: 0
	module worklib.csa_tree_U_S1_add_18_10_group_14_13:v
		errors: 0, warnings: 0
	module worklib.csa_tree_U_S21_add_18_10_group_12_13:v
		errors: 0, warnings: 0
	module worklib.filter_2_bit_width10_6:v
		errors: 0, warnings: 0
	module worklib.add_unsigned_carry_875:v
		errors: 0, warnings: 0
	module worklib.somador_n_np1_bit_width8_7:v
		errors: 0, warnings: 0
	module worklib.add_signed_carry_930:v
		errors: 0, warnings: 0
	module worklib.add_signed_carry_24_895:v
		errors: 0, warnings: 0
	module worklib.add_signed_carry_931:v
		errors: 0, warnings: 0
	module worklib.add_signed_carry_24_896:v
		errors: 0, warnings: 0
	module worklib.csa_tree_U_S1_add_18_10_group_14_14:v
		errors: 0, warnings: 0
	module worklib.csa_tree_U_S21_add_18_10_group_12_14:v
		errors: 0, warnings: 0
	module worklib.filter_2_bit_width10_7:v
		errors: 0, warnings: 0
	module worklib.add_unsigned_carry_874:v
		errors: 0, warnings: 0
	module worklib.somador_n_np1_bit_width8_8:v
		errors: 0, warnings: 0
	module worklib.add_signed_carry_928:v
		errors: 0, warnings: 0
	module worklib.add_signed_carry_24_893:v
		errors: 0, warnings: 0
	module worklib.add_signed_carry_929:v
		errors: 0, warnings: 0
	module worklib.add_signed_carry_24_894:v
		errors: 0, warnings: 0
	module worklib.csa_tree_U_S1_add_18_10_group_14_15:v
		errors: 0, warnings: 0
	module worklib.csa_tree_U_S21_add_18_10_group_12_15:v
		errors: 0, warnings: 0
	module worklib.filter_2_bit_width10_8:v
		errors: 0, warnings: 0
	module worklib.add_unsigned_carry_873:v
		errors: 0, warnings: 0
	module worklib.somador_n_np1_bit_width8_9:v
		errors: 0, warnings: 0
	module worklib.add_signed_carry_926:v
		errors: 0, warnings: 0
	module worklib.add_signed_carry_24_891:v
		errors: 0, warnings: 0
	module worklib.add_signed_carry_927:v
		errors: 0, warnings: 0
	module worklib.add_signed_carry_24_892:v
		errors: 0, warnings: 0
	module worklib.csa_tree_U_S1_add_18_10_group_14_16:v
		errors: 0, warnings: 0
	module worklib.csa_tree_U_S21_add_18_10_group_12_16:v
		errors: 0, warnings: 0
	module worklib.filter_2_bit_width10_9:v
		errors: 0, warnings: 0
	module worklib.add_unsigned_carry_887:v
		errors: 0, warnings: 0
	module worklib.somador_n_np1_bit_width8_10:v
		errors: 0, warnings: 0
	module worklib.add_signed_carry_954:v
		errors: 0, warnings: 0
	module worklib.add_signed_carry_24_919:v
		errors: 0, warnings: 0
	module worklib.add_signed_carry_955:v
		errors: 0, warnings: 0
	module worklib.add_signed_carry_24_920:v
		errors: 0, warnings: 0
	module worklib.csa_tree_U_S1_add_18_10_group_14_2:v
		errors: 0, warnings: 0
	module worklib.csa_tree_U_S21_add_18_10_group_12_2:v
		errors: 0, warnings: 0
	module worklib.filter_2_bit_width10_10:v
		errors: 0, warnings: 0
	module worklib.add_unsigned_carry_886:v
		errors: 0, warnings: 0
	module worklib.somador_n_np1_bit_width8_11:v
		errors: 0, warnings: 0
	module worklib.add_signed_carry_952:v
		errors: 0, warnings: 0
	module worklib.add_signed_carry_24_917:v
		errors: 0, warnings: 0
	module worklib.add_signed_carry_953:v
		errors: 0, warnings: 0
	module worklib.add_signed_carry_24_918:v
		errors: 0, warnings: 0
	module worklib.csa_tree_U_S1_add_18_10_group_14_3:v
		errors: 0, warnings: 0
	module worklib.csa_tree_U_S21_add_18_10_group_12_3:v
		errors: 0, warnings: 0
	module worklib.filter_2_bit_width10_11:v
		errors: 0, warnings: 0
	module worklib.add_unsigned_carry_885:v
		errors: 0, warnings: 0
	module worklib.somador_n_np1_bit_width8_12:v
		errors: 0, warnings: 0
	module worklib.add_signed_carry_950:v
		errors: 0, warnings: 0
	module worklib.add_signed_carry_24_915:v
		errors: 0, warnings: 0
	module worklib.add_signed_carry_951:v
		errors: 0, warnings: 0
	module worklib.add_signed_carry_24_916:v
		errors: 0, warnings: 0
	module worklib.csa_tree_U_S1_add_18_10_group_14_4:v
		errors: 0, warnings: 0
	module worklib.csa_tree_U_S21_add_18_10_group_12_4:v
		errors: 0, warnings: 0
	module worklib.filter_2_bit_width10_12:v
		errors: 0, warnings: 0
	module worklib.add_unsigned_carry_884:v
		errors: 0, warnings: 0
	module worklib.somador_n_np1_bit_width8_13:v
		errors: 0, warnings: 0
	module worklib.add_signed_carry_948:v
		errors: 0, warnings: 0
	module worklib.add_signed_carry_24_913:v
		errors: 0, warnings: 0
	module worklib.add_signed_carry_949:v
		errors: 0, warnings: 0
	module worklib.add_signed_carry_24_914:v
		errors: 0, warnings: 0
	module worklib.csa_tree_U_S1_add_18_10_group_14_5:v
		errors: 0, warnings: 0
	module worklib.csa_tree_U_S21_add_18_10_group_12_5:v
		errors: 0, warnings: 0
	module worklib.filter_2_bit_width10_13:v
		errors: 0, warnings: 0
	module worklib.add_unsigned_carry_883:v
		errors: 0, warnings: 0
	module worklib.somador_n_np1_bit_width8_14:v
		errors: 0, warnings: 0
	module worklib.add_signed_carry_946:v
		errors: 0, warnings: 0
	module worklib.add_signed_carry_24_911:v
		errors: 0, warnings: 0
	module worklib.add_signed_carry_947:v
		errors: 0, warnings: 0
	module worklib.add_signed_carry_24_912:v
		errors: 0, warnings: 0
	module worklib.csa_tree_U_S1_add_18_10_group_14_6:v
		errors: 0, warnings: 0
	module worklib.csa_tree_U_S21_add_18_10_group_12_6:v
		errors: 0, warnings: 0
	module worklib.filter_2_bit_width10_14:v
		errors: 0, warnings: 0
	module worklib.add_unsigned_carry_882:v
		errors: 0, warnings: 0
	module worklib.somador_n_np1_bit_width8_15:v
		errors: 0, warnings: 0
	module worklib.add_signed_carry_944:v
		errors: 0, warnings: 0
	module worklib.add_signed_carry_24_909:v
		errors: 0, warnings: 0
	module worklib.add_signed_carry_945:v
		errors: 0, warnings: 0
	module worklib.add_signed_carry_24_910:v
		errors: 0, warnings: 0
	module worklib.csa_tree_U_S1_add_18_10_group_14_7:v
		errors: 0, warnings: 0
	module worklib.csa_tree_U_S21_add_18_10_group_12_7:v
		errors: 0, warnings: 0
	module worklib.filter_2_bit_width10_15:v
		errors: 0, warnings: 0
	module worklib.add_unsigned_carry_881:v
		errors: 0, warnings: 0
	module worklib.somador_n_np1_bit_width8_16:v
		errors: 0, warnings: 0
	module worklib.add_signed_carry_942:v
		errors: 0, warnings: 0
	module worklib.add_signed_carry_24_907:v
		errors: 0, warnings: 0
	module worklib.add_signed_carry_943:v
		errors: 0, warnings: 0
	module worklib.add_signed_carry_24_908:v
		errors: 0, warnings: 0
	module worklib.csa_tree_U_S1_add_18_10_group_14_8:v
		errors: 0, warnings: 0
	module worklib.csa_tree_U_S21_add_18_10_group_12_8:v
		errors: 0, warnings: 0
	module worklib.filter_2_bit_width10_16:v
		errors: 0, warnings: 0
	module worklib.INTER_2:v
		errors: 0, warnings: 0
	Elaborating the design hierarchy:
		Caching library 'worklib' ....... Done
	INTER_2 DUT ( input_A1[0], clk, in_rst, out_S1[0][0]); 	// o Modulo principal do circuito
	          |
ncelab: *W,CUVWSP (./banch.v,33|11): 51 output ports were not connected:
ncelab: (./martool.v,8812): out_inter[50]
ncelab: (./martool.v,8812): out_inter[49]
ncelab: (./martool.v,8812): out_inter[48]
ncelab: (./martool.v,8812): out_inter[47]
ncelab: (./martool.v,8813): out_inter[46]
ncelab: (./martool.v,8813): out_inter[45]
ncelab: (./martool.v,8813): out_inter[44]
ncelab: (./martool.v,8814): out_inter[43]
ncelab: (./martool.v,8814): out_inter[42]
ncelab: (./martool.v,8814): out_inter[41]
ncelab: (./martool.v,8814): out_inter[40]
ncelab: (./martool.v,8815): out_inter[39]
ncelab: (./martool.v,8815): out_inter[38]
ncelab: (./martool.v,8815): out_inter[37]
ncelab: (./martool.v,8816): out_inter[36]
ncelab: (./martool.v,8816): out_inter[35]
ncelab: (./martool.v,8816): out_inter[34]
ncelab: (./martool.v,8816): out_inter[33]
ncelab: (./martool.v,8817): out_inter[32]
ncelab: (./martool.v,8817): out_inter[31]
ncelab: (./martool.v,8817): out_inter[30]
ncelab: (./martool.v,8818): out_inter[29]
ncelab: (./martool.v,8818): out_inter[28]
ncelab: (./martool.v,8818): out_inter[27]
ncelab: (./martool.v,8818): out_inter[26]
ncelab: (./martool.v,8819): out_inter[25]
ncelab: (./martool.v,8819): out_inter[24]
ncelab: (./martool.v,8819): out_inter[23]
ncelab: (./martool.v,8820): out_inter[22]
ncelab: (./martool.v,8820): out_inter[21]
ncelab: (./martool.v,8820): out_inter[20]
ncelab: (./martool.v,8820): out_inter[19]
ncelab: (./martool.v,8821): out_inter[18]
ncelab: (./martool.v,8821): out_inter[17]
ncelab: (./martool.v,8821): out_inter[16]
ncelab: (./martool.v,8822): out_inter[15]
ncelab: (./martool.v,8822): out_inter[14]
ncelab: (./martool.v,8822): out_inter[13]
ncelab: (./martool.v,8822): out_inter[12]
ncelab: (./martool.v,8823): out_inter[11]
ncelab: (./martool.v,8823): out_inter[10]
ncelab: (./martool.v,8823): out_inter[9]
ncelab: (./martool.v,8823): out_inter[8]
ncelab: (./martool.v,8824): out_inter[7]
ncelab: (./martool.v,8824): out_inter[6]
ncelab: (./martool.v,8824): out_inter[5]
ncelab: (./martool.v,8824): out_inter[4]
ncelab: (./martool.v,8825): out_inter[3]
ncelab: (./martool.v,8825): out_inter[2]
ncelab: (./martool.v,8825): out_inter[1]
	...(etc)...

	INTER_2 DUT ( input_A1[0], clk, in_rst, out_S1[0][0]); 	// o Modulo principal do circuito
	          |
ncelab: *W,CUVWSI (./banch.v,33|11): 16 input ports were not connected:
ncelab: (./martool.v,8809): linha[13]
ncelab: (./martool.v,8809): linha[12]
ncelab: (./martool.v,8809): linha[11]
ncelab: (./martool.v,8809): linha[10]
ncelab: (./martool.v,8809): linha[9]
ncelab: (./martool.v,8810): linha[8]
ncelab: (./martool.v,8810): linha[7]
ncelab: (./martool.v,8810): linha[6]
ncelab: (./martool.v,8810): linha[5]
ncelab: (./martool.v,8810): linha[4]
ncelab: (./martool.v,8811): linha[3]
ncelab: (./martool.v,8811): linha[2]
ncelab: (./martool.v,8811): linha[1]
ncelab: (./martool.v,8811): linha[0]
ncelab: (./martool.v,8811): clk
ncelab: (./martool.v,8811): rst

	Top level design units:
		banch
	rom_read    #(IN,HALF_N)  memory1  (K, input_A1[0], in_rst); //chamando memoria la de baixo	
	                                              |
ncelab: *W,CUVMPW (./banch.v,32|47): port sizes differ in port connection (10/1).
	rom_read    #(IN,HALF_N)  memory1  (K, input_A1[0], in_rst); //chamando memoria la de baixo	
	                                                         |
ncelab: *W,CUVMPW (./banch.v,32|58): port sizes differ in port connection (1/64).
	INTER_2 DUT ( input_A1[0], clk, in_rst, out_S1[0][0]); 	// o Modulo principal do circuito
	                             |
ncelab: *W,CUVMPW (./banch.v,33|30): port sizes differ in port connection (1/10).
	INTER_2 DUT ( input_A1[0], clk, in_rst, out_S1[0][0]); 	// o Modulo principal do circuito
	                                     |
ncelab: *W,CUVMPW (./banch.v,33|38): port sizes differ in port connection (1/10).
	Annotating SDF timing data:
		Compiled SDF file:     barreira.sdf.X
		Log file:              sdf.log
		Backannotation scope:  banch:DUT
		Configuration file:    
		MTM control:           MAXIMUM
		Scale factors:         1:1:1
		Scale type:            FROM_MAXIMUM
	Annotation completed successfully...
	SDF statistics: No. of Pathdelays = 29533  Annotated = 100.00% -- No. of Tchecks = 5292  Annotated = 100.00% 
				        Total 	   Annotated	  Percentage
		 Path Delays	       29533	       29533	      100.00
		      $width	        1764	        1764	      100.00
		     $recrem	        1176	        1176	      100.00
		  $setuphold	        2352	        2352	      100.00
	Building instance overlay tables: 
  in_rst = a0_rom[K] ;
                  |
ncelab: *W,BIGWIX (./banch.v,93|18): Memory index truncation.
input_A1 = a1_rom[K] ;
                  |
ncelab: *W,BIGWIX (./banch.v,95|18): Memory index truncation.
.................... Done
	Generating native compiled code:
		worklib.HS65_LSS_XOR3X2:v <0x34b9f01b>
			streams:   0, words:     0
		worklib.INTER_2:v <0x6e2816a2>
			streams:   0, words:     0
		worklib.banch:v <0x790f68ed>
			streams:   5, words:  3271
		worklib.filter_2_bit_width10:v <0x4e5eb07c>
			streams:   0, words:     0
		worklib.filter_2_bit_width10_10:v <0x3ae14b9c>
			streams:   0, words:     0
		worklib.filter_2_bit_width10_11:v <0x78b51b79>
			streams:   0, words:     0
		worklib.filter_2_bit_width10_12:v <0x6c623be0>
			streams:   0, words:     0
		worklib.filter_2_bit_width10_13:v <0x2e366b05>
			streams:   0, words:     0
		worklib.filter_2_bit_width10_14:v <0x2f5bcc01>
			streams:   0, words:     0
		worklib.filter_2_bit_width10_15:v <0x6d0f9ce4>
			streams:   0, words:     0
		worklib.filter_2_bit_width10_16:v <0x79d8bc7d>
			streams:   0, words:     0
		worklib.filter_2_bit_width10_1:v <0x6a6914f1>
			streams:   0, words:     0
		worklib.filter_2_bit_width10_2:v <0x7ebe3468>
			streams:   0, words:     0
		worklib.filter_2_bit_width10_3:v <0x3cea648d>
			streams:   0, words:     0
		worklib.filter_2_bit_width10_4:v <0x3d87c389>
			streams:   0, words:     0
		worklib.filter_2_bit_width10_5:v <0x7fd3936c>
			streams:   0, words:     0
		worklib.filter_2_bit_width10_6:v <0x6b04b3f5>
			streams:   0, words:     0
		worklib.filter_2_bit_width10_7:v <0x2950e310>
			streams:   0, words:     0
		worklib.filter_2_bit_width10_8:v <0x32aefbbc>
			streams:   0, words:     0
		worklib.filter_2_bit_width10_9:v <0x70faab59>
			streams:   0, words:     0
		worklib.rom_read:v <0x6d260bf5>
			streams:   2, words:  1556
		worklib.somador_n_np1_bit_width8_10:v <0x7aff01d4>
			streams:   0, words:     0
		worklib.somador_n_np1_bit_width8_11:v <0x2d12c69a>
			streams:   0, words:     0
		worklib.somador_n_np1_bit_width8_12:v <0x6d98e82d>
			streams:   0, words:     0
		worklib.somador_n_np1_bit_width8_13:v <0x3a752f63>
			streams:   0, words:     0
		worklib.somador_n_np1_bit_width8_14:v <0x65d662b4>
			streams:   0, words:     0
		worklib.somador_n_np1_bit_width8_15:v <0x323ba5fa>
			streams:   0, words:     0
		worklib.somador_n_np1_bit_width8_16:v <0x72b18b4d>
			streams:   0, words:     0
		worklib.somador_n_np1_bit_width8_1:v <0x2d1328a1>
			streams:   0, words:     0
		worklib.somador_n_np1_bit_width8_2:v <0x6d990616>
			streams:   0, words:     0
		worklib.somador_n_np1_bit_width8_3:v <0x3a74c158>
			streams:   0, words:     0
		worklib.somador_n_np1_bit_width8_4:v <0x65d78c8f>
			streams:   0, words:     0
		worklib.somador_n_np1_bit_width8_5:v <0x323a4bc1>
			streams:   0, words:     0
		worklib.somador_n_np1_bit_width8_6:v <0x72b06576>
			streams:   0, words:     0
		worklib.somador_n_np1_bit_width8_7:v <0x255da238>
			streams:   0, words:     0
		worklib.somador_n_np1_bit_width8_8:v <0x2761480b>
			streams:   0, words:     0
		worklib.somador_n_np1_bit_width8_9:v <0x708c8f45>
			streams:   0, words:     0
	Building instance specific data structures.
	Loading native compiled code:     .................... Done
	Design hierarchy summary:
		                    Instances  Unique
		Modules:                 3754     172
		UDPs:                     588       1
		Primitives:              9565       5
		Timing outputs:          5179      17
		Registers:                596      12
		Scalar wires:            9775       -
		Expanded wires:            74       2
		Vectored wires:             1       -
		Always blocks:              2       2
		Initial blocks:             3       3
		Cont. assignments:          0     102
		Pseudo assignments:         2       2
		Timing checks:           5292    1178
		Interconnect:            8395       -
		Delayed tcheck signals:  1764     590
		Simulation timescale:     1ps
	Writing initial simulation snapshot: worklib.banch:v
Loading snapshot worklib.banch:v .................... Done
ncsim> source /tools/cadence/INCISIVE152/tools/inca/files/ncsimrc
ncsim> run
ncsim: *W,RMEMNOF: $readmem error: open failed on file "/home/mgsilva/rafael_s/example/sbox_v1/rtl/reset.txt".
            File: ./banch.v, line = 85, pos = 73
           Scope: banch.memory1
            Time: 0 FS + 0

ncsim: *W,RMEMNOF: $readmem error: open failed on file "/home/mgsilva/rafael_s/example/sbox_v1/rtl/2tap_n16.txt".
            File: ./banch.v, line = 86, pos = 77
           Scope: banch.memory1
            Time: 0 FS + 0

Simulation complete via $finish(1) at time 3255 US + 0
./banch.v:59 $finish; 
ncsim> exit
TOOL:	irun(64)	15.20-p001: Exiting on Mar 03, 2020 at 19:05:41 -03  (total: 00:00:04)
