============================================================
  Generated by:           Genus(TM) Synthesis Solution 17.10-p007_1
  Generated on:           Feb 26 2020  09:08:35 pm
  Module:                 INTER_8
  Technology libraries:   CORE65LPSVT 
                          CLOCK65LPSVT 
                          physical_cells 
  Operating conditions:   _nominal_ 
  Interconnect mode:      global
  Area mode:              physical library
============================================================

                                            Leakage   Internal  
       Gate         Instances     Area    Power (uW) Power (uW)     Library    
-------------------------------------------------------------------------------
HS65_LSS_XNOR2X12         208    1406.080      2.702      0.000    CORE65LPSVT 
HS65_LSS_XNOR2X18          19     197.600      0.406      0.000    CORE65LPSVT 
HS65_LSS_XNOR2X24          53     661.440      1.567      0.000    CORE65LPSVT 
HS65_LSS_XNOR2X6          543    2258.880      3.603      0.000    CORE65LPSVT 
HS65_LSS_XOR2X6           595    2475.200      3.544      0.000    CORE65LPSVT 
HS65_LS_AND2X18           187     680.680      1.902      0.000    CORE65LPSVT 
HS65_LS_AND2X27            43     245.960      0.690      0.000    CORE65LPSVT 
HS65_LS_AND2X35            34     212.160      0.801      0.000    CORE65LPSVT 
HS65_LS_AND2X4            180     468.000      0.424      0.000    CORE65LPSVT 
HS65_LS_AND2X9            119     371.280      0.559      0.000    CORE65LPSVT 
HS65_LS_AND3X18            34     159.120      0.300      0.000    CORE65LPSVT 
HS65_LS_AND3X35            34     265.200      0.667      0.000    CORE65LPSVT 
HS65_LS_AO12X18            53     220.480      0.537      0.000    CORE65LPSVT 
HS65_LS_AO12X27            15     101.400      0.238      0.000    CORE65LPSVT 
HS65_LS_AO12X35            27     210.600      0.583      0.000    CORE65LPSVT 
HS65_LS_AO12X9              9      32.760      0.038      0.000    CORE65LPSVT 
HS65_LS_AO32X4             34     159.120      0.103      0.000    CORE65LPSVT 
HS65_LS_AO32X9             34     176.800      0.168      0.000    CORE65LPSVT 
HS65_LS_AOI12X12          172     894.400      1.225      0.000    CORE65LPSVT 
HS65_LS_AOI12X17           77     520.520      1.170      0.000    CORE65LPSVT 
HS65_LS_AOI12X23          103     910.520      1.873      0.000    CORE65LPSVT 
HS65_LS_AOI12X35           10     130.000      0.331      0.000    CORE65LPSVT 
HS65_LS_AOI12X6            39     121.680      0.129      0.000    CORE65LPSVT 
HS65_LS_AOI211X4           34     123.760      0.127      0.000    CORE65LPSVT 
HS65_LS_AOI21X12           68     353.600      0.502      0.000    CORE65LPSVT 
HS65_LS_AOI21X17           49     331.240      0.546      0.000    CORE65LPSVT 
HS65_LS_AOI21X23           32     282.880      0.526      0.000    CORE65LPSVT 
HS65_LS_AOI21X35            5      65.000      0.134      0.000    CORE65LPSVT 
HS65_LS_AOI21X9             8      41.600      0.031      0.000    CORE65LPSVT 
HS65_LS_AOI22X6            17      61.880      0.051      0.000    CORE65LPSVT 
HS65_LS_AOI31X20           24     287.040      0.500      0.000    CORE65LPSVT 
HS65_LS_AOI31X31           10     171.600      0.245      0.000    CORE65LPSVT 
HS65_LS_BFX106             41     490.360      2.385      0.000    CORE65LPSVT 
HS65_LS_BFX142             24     374.400      1.878      0.000    CORE65LPSVT 
HS65_LS_BFX18              21      65.520      0.167      0.000    CORE65LPSVT 
HS65_LS_BFX27              50     182.000      0.633      0.000    CORE65LPSVT 
HS65_LS_BFX35               9      46.800      0.157      0.000    CORE65LPSVT 
HS65_LS_BFX44              25     143.000      0.560      0.000    CORE65LPSVT 
HS65_LS_BFX49               1       6.240      0.025      0.000    CORE65LPSVT 
HS65_LS_BFX53              58     361.920      1.583      0.000    CORE65LPSVT 
HS65_LS_BFX62              23     179.400      0.746      0.000    CORE65LPSVT 
HS65_LS_BFX71              23     191.360      0.863      0.000    CORE65LPSVT 
HS65_LS_CB4I1X18           26     135.200      0.298      0.000    CORE65LPSVT 
HS65_LS_CB4I1X35           17     159.120      0.374      0.000    CORE65LPSVT 
HS65_LS_CB4I6X9            17      70.720      0.074      0.000    CORE65LPSVT 
HS65_LS_CBI4I1X16          17     150.280      0.233      0.000    CORE65LPSVT 
HS65_LS_CBI4I1X3           11      40.040      0.025      0.000    CORE65LPSVT 
HS65_LS_CBI4I1X5           40     145.600      0.190      0.000    CORE65LPSVT 
HS65_LS_CNBFX45             1       8.320      0.023      0.000    CORE65LPSVT 
HS65_LS_CNBFX82             1      12.480      0.044      0.000    CORE65LPSVT 
HS65_LS_CNIVX10             5      13.000      0.015      0.000    CORE65LPSVT 
HS65_LS_CNIVX14             1       2.600      0.003      0.000    CORE65LPSVT 
HS65_LS_CNIVX17             8      24.960      0.049      0.000    CORE65LPSVT 
HS65_LS_CNIVX21            30      93.600      0.196      0.000    CORE65LPSVT 
HS65_LS_CNIVX24            17      61.880      0.154      0.000    CORE65LPSVT 
HS65_LS_CNIVX27            99     360.360      0.984      0.000    CORE65LPSVT 
HS65_LS_CNIVX31             3      14.040      0.037      0.000    CORE65LPSVT 
HS65_LS_CNIVX34           119     556.920      1.550      0.000    CORE65LPSVT 
HS65_LS_CNIVX41             9      46.800      0.144      0.000    CORE65LPSVT 
HS65_LS_CNIVX48             6      37.440      0.096      0.000    CORE65LPSVT 
HS65_LS_CNIVX55            11      74.360      0.237      0.000    CORE65LPSVT 
HS65_LS_CNIVX62            29     211.120      0.699      0.000    CORE65LPSVT 
HS65_LS_CNIVX7             17      26.520      0.032      0.000    CORE65LPSVT 
HS65_LS_CNIVX82            12     118.560      0.404      0.000    CORE65LPSVT 
HS65_LS_DFPRQNX18           3      32.760      0.046      0.000    CORE65LPSVT 
HS65_LS_DFPRQNX9           34     353.600      0.402      0.000    CORE65LPSVT 
HS65_LS_DFPRQX18          185    2020.200      2.708      0.000    CORE65LPSVT 
HS65_LS_DFPRQX27           30     358.800      0.544      0.000    CORE65LPSVT 
HS65_LS_DFPRQX4           345    3588.000      3.665      0.000    CORE65LPSVT 
HS65_LS_DFPRQX9           153    1591.200      1.780      0.001    CORE65LPSVT 
HS65_LS_FA1X18            967   13576.680     23.353      0.000    CORE65LPSVT 
HS65_LS_FA1X27            891   18996.120     33.362      0.000    CORE65LPSVT 
HS65_LS_FA1X35              6     159.120      0.304      0.000    CORE65LPSVT 
HS65_LS_FA1X4               5      46.800      0.031      0.000    CORE65LPSVT 
HS65_LS_FA1X9             409    4466.280      4.443      0.000    CORE65LPSVT 
HS65_LS_HA1X18            218    1587.040      4.582      0.000    CORE65LPSVT 
HS65_LS_HA1X27             33     394.680      1.131      0.000    CORE65LPSVT 
HS65_LS_HA1X35             38     513.760      1.750      0.000    CORE65LPSVT 
HS65_LS_HA1X4             152     790.400      0.794      0.000    CORE65LPSVT 
HS65_LS_HA1X9             144     898.560      1.398      0.000    CORE65LPSVT 
HS65_LS_IVX13              73     151.840      0.303      0.000    CORE65LPSVT 
HS65_LS_IVX18            1825    3796.000      9.939      0.000    CORE65LPSVT 
HS65_LS_IVX2                1       1.560      0.001      0.000    CORE65LPSVT 
HS65_LS_IVX27             579    1806.480      5.355      0.000    CORE65LPSVT 
HS65_LS_IVX31              78     283.920      0.865      0.000    CORE65LPSVT 
HS65_LS_IVX35             182     662.480      2.296      0.000    CORE65LPSVT 
HS65_LS_IVX40               1       4.160      0.015      0.000    CORE65LPSVT 
HS65_LS_IVX44              33     137.280      0.535      0.000    CORE65LPSVT 
HS65_LS_IVX49              17      88.400      0.314      0.000    CORE65LPSVT 
HS65_LS_IVX53              49     254.800      0.983      0.000    CORE65LPSVT 
HS65_LS_IVX62              11      62.920      0.260      0.000    CORE65LPSVT 
HS65_LS_IVX71              24     149.760      0.660      0.000    CORE65LPSVT 
HS65_LS_IVX9             1538    2399.280      3.920      0.000    CORE65LPSVT 
HS65_LS_MUX21I1X12         59     398.840      0.770      0.000    CORE65LPSVT 
HS65_LS_MUX21I1X18         51     530.400      1.110      0.000    CORE65LPSVT 
HS65_LS_MUX21I1X6          23      95.680      0.146      0.000    CORE65LPSVT 
HS65_LS_MUX21X18           23     143.520      0.395      0.000    CORE65LPSVT 
HS65_LS_MUX21X27           10      93.600      0.243      0.000    CORE65LPSVT 
HS65_LS_MUXI21X15          17     176.800      0.374      0.000    CORE65LPSVT 
HS65_LS_NAND2AX14         517    2150.720      4.535      0.000    CORE65LPSVT 
HS65_LS_NAND2AX21         205    1172.600      2.469      0.000    CORE65LPSVT 
HS65_LS_NAND2AX29         155    1047.800      2.884      0.000    CORE65LPSVT 
HS65_LS_NAND2AX7          491    1531.920      2.144      0.000    CORE65LPSVT 
HS65_LS_NAND2X11           97     353.080      0.509      0.000    CORE65LPSVT 
HS65_LS_NAND2X14         1054    3836.560      7.516      0.000    CORE65LPSVT 
HS65_LS_NAND2X21          461    2397.200      5.230      0.000    CORE65LPSVT 
HS65_LS_NAND2X29          318    1984.320      4.833      0.000    CORE65LPSVT 
HS65_LS_NAND2X43           40     353.600      1.221      0.000    CORE65LPSVT 
HS65_LS_NAND2X7          1208    2512.640      3.641      0.000    CORE65LPSVT 
HS65_LS_NAND3AX13          47     268.840      0.503      0.000    CORE65LPSVT 
HS65_LS_NAND3AX19          51     397.800      0.566      0.000    CORE65LPSVT 
HS65_LS_NAND3AX25          34     335.920      0.430      0.000    CORE65LPSVT 
HS65_LS_NAND3AX6           38     138.320      0.167      0.000    CORE65LPSVT 
HS65_LS_NAND3X13           68     353.600      0.604      0.000    CORE65LPSVT 
HS65_LS_NAND3X25           17     150.280      0.137      0.000    CORE65LPSVT 
HS65_LS_NAND3X38           17     221.000      0.579      0.000    CORE65LPSVT 
HS65_LS_NAND3X6            30      93.600      0.121      0.000    CORE65LPSVT 
HS65_LS_NAND4ABX13         17     114.920      0.143      0.000    CORE65LPSVT 
HS65_LS_NAND4ABX19         30     296.400      0.281      0.000    CORE65LPSVT 
HS65_LS_NAND4ABX25          4      47.840      0.054      0.000    CORE65LPSVT 
HS65_LS_NOR2AX13          418    1738.880      3.665      0.000    CORE65LPSVT 
HS65_LS_NOR2AX19          161     920.920      2.026      0.000    CORE65LPSVT 
HS65_LS_NOR2AX25          102     689.520      1.665      0.000    CORE65LPSVT 
HS65_LS_NOR2AX3           298     774.800      0.743      0.000    CORE65LPSVT 
HS65_LS_NOR2AX6           263     820.560      1.119      0.000    CORE65LPSVT 
HS65_LS_NOR2X13           532    1936.480      3.354      0.000    CORE65LPSVT 
HS65_LS_NOR2X19           382    1986.400      3.448      0.000    CORE65LPSVT 
HS65_LS_NOR2X25           421    2627.040      5.624      0.000    CORE65LPSVT 
HS65_LS_NOR2X38           297    2625.480      5.831      0.000    CORE65LPSVT 
HS65_LS_NOR2X50            68     813.280      1.848      0.000    CORE65LPSVT 
HS65_LS_NOR2X6            682    1418.560      1.798      0.000    CORE65LPSVT 
HS65_LS_NOR2X9            165     600.600      0.832      0.000    CORE65LPSVT 
HS65_LS_NOR3AX18           17     167.960      0.181      0.000    CORE65LPSVT 
HS65_LS_NOR3AX9            17      97.240      0.098      0.000    CORE65LPSVT 
HS65_LS_NOR3X4             34      88.400      0.078      0.000    CORE65LPSVT 
HS65_LS_OA12X18           136     565.760      1.478      0.000    CORE65LPSVT 
HS65_LS_OA12X27            85     618.800      1.411      0.000    CORE65LPSVT 
HS65_LS_OA12X35            68     530.400      1.652      0.000    CORE65LPSVT 
HS65_LS_OA12X9             68     247.520      0.343      0.000    CORE65LPSVT 
HS65_LS_OAI112X16          17     150.280      0.310      0.000    CORE65LPSVT 
HS65_LS_OAI112X5           34     123.760      0.173      0.000    CORE65LPSVT 
HS65_LS_OAI12X12          501    2605.200      4.235      0.000    CORE65LPSVT 
HS65_LS_OAI12X18          269    1818.440      4.028      0.000    CORE65LPSVT 
HS65_LS_OAI12X24          163    1440.920      3.340      0.000    CORE65LPSVT 
HS65_LS_OAI12X3            44     114.400      0.093      0.000    CORE65LPSVT 
HS65_LS_OAI12X37           41     533.000      1.465      0.000    CORE65LPSVT 
HS65_LS_OAI12X49            3      51.480      0.144      0.000    CORE65LPSVT 
HS65_LS_OAI12X5            42     131.040      0.111      0.000    CORE65LPSVT 
HS65_LS_OAI12X6            88     274.560      0.399      0.000    CORE65LPSVT 
HS65_LS_OAI12X9            47     244.400      0.315      0.000    CORE65LPSVT 
HS65_LS_OAI13X5            17      61.880      0.084      0.000    CORE65LPSVT 
HS65_LS_OAI211X11          34     212.160      0.329      0.000    CORE65LPSVT 
HS65_LS_OAI21X12           27     140.400      0.256      0.000    CORE65LPSVT 
HS65_LS_OAI21X18           63     425.880      0.837      0.000    CORE65LPSVT 
HS65_LS_OAI21X24            3      26.520      0.076      0.000    CORE65LPSVT 
HS65_LS_OAI21X3           218     566.800      0.471      0.000    CORE65LPSVT 
HS65_LS_OAI21X6             2       6.240      0.005      0.000    CORE65LPSVT 
HS65_LS_OAI21X9            42     218.400      0.255      0.000    CORE65LPSVT 
HS65_LS_OAI31X10           17     106.080      0.120      0.000    CORE65LPSVT 
HS65_LS_OR2ABX27            3      17.160      0.038      0.000    CORE65LPSVT 
HS65_LS_OR2X18            238     866.320      2.098      0.000    CORE65LPSVT 
HS65_LS_OR2X27             71     406.120      0.963      0.000    CORE65LPSVT 
HS65_LS_OR2X35             51     318.240      0.982      0.000    CORE65LPSVT 
HS65_LS_OR2X9             286     892.320      1.177      0.000    CORE65LPSVT 
HS65_LS_PAO2X18            19     108.680      0.222      0.000    CORE65LPSVT 
HS65_LS_PAO2X9             68     318.240      0.287      0.000    CORE65LPSVT 
HS65_LS_PAOI2X1            34     123.760      0.041      0.000    CORE65LPSVT 
HS65_LS_PAOI2X11           55     429.000      0.613      0.000    CORE65LPSVT 
HS65_LS_PAOI2X17           17     185.640      0.223      0.000    CORE65LPSVT 
HS65_LS_PAOI2X44           17     486.200      0.775      0.000    CORE65LPSVT 
HS65_LS_PAOI2X6            48     199.680      0.246      0.000    CORE65LPSVT 
HS65_LS_PAOI2X8            16     124.800      0.123      0.000    CORE65LPSVT 
HS65_LS_XNOR2X18          466    3150.160     10.223      0.000    CORE65LPSVT 
HS65_LS_XNOR2X35           31     354.640      1.348      0.000    CORE65LPSVT 
HS65_LS_XNOR2X4            34     159.120      0.192      0.000    CORE65LPSVT 
HS65_LS_XNOR2X9           238    1237.600      2.318      0.000    CORE65LPSVT 
HS65_LS_XOR2X18           385    2602.600      8.449      0.000    CORE65LPSVT 
HS65_LS_XOR2X27            73     759.200      2.326      0.000    CORE65LPSVT 
HS65_LS_XOR2X35           299    3420.560     13.123      0.000    CORE65LPSVT 
HS65_LS_XOR2X4             34     159.120      0.202      0.000    CORE65LPSVT 
HS65_LS_XOR2X9            187     972.400      1.847      0.000    CORE65LPSVT 
-------------------------------------------------------------------------------
total                   25302  145186.080    290.483      0.001                


                                             Leakage  Leakage  Internal  Internal 
     Type      Instances    Area    Area % Power (uW) Power % Power (uW)  Power % 
----------------------------------------------------------------------------------
sequential           750   7944.560    5.5      9.145     3.1      0.001    100.0 
inverter            4777  11441.040    7.9     30.045    10.3      0.000      0.0 
buffer               277   2061.800    1.4      9.065     3.1      0.000      0.0 
logic              19498 123738.680   85.2    242.227    83.4      0.000      0.0 
physical_cells         0      0.000    0.0      0.000     0.0      0.000      0.0 
----------------------------------------------------------------------------------
total              25302 145186.080  100.0    290.483   100.0      0.001    100.0 

