============================================================
  Generated by:           Genus(TM) Synthesis Solution 17.10-p007_1
  Generated on:           Feb 26 2020  09:08:35 pm
  Module:                 INTER_8
  Technology libraries:   CORE65LPSVT 
                          CLOCK65LPSVT 
                          physical_cells 
  Operating conditions:   _nominal_ 
  Interconnect mode:      global
  Area mode:              physical library
============================================================

                             Leakage   Dynamic    Total   
       Instance       Cells Power(uW) Power(uW) Power(uW) 
----------------------------------------------------------
INTER_8               25302   290.483     0.002   290.485 
  gen_filter[10].U_S0  1415    16.107     0.000    16.107 
  gen_filter[8].U_S0   1413    16.056     0.000    16.056 
  gen_filter[11].U_S0  1415    16.018     0.000    16.018 
  gen_filter[12].U_S0  1413    15.999     0.000    15.999 
  gen_filter[13].U_S0  1410    15.925     0.000    15.925 
  gen_filter[9].U_S0   1413    15.907     0.000    15.907 
  gen_filter[14].U_S0  1409    15.855     0.000    15.855 
  gen_filter[7].U_S0   1413    15.773     0.000    15.773 
  gen_filter[6].U_S0   1416    15.757     0.000    15.757 
  gen_filter[5].U_S0   1417    15.726     0.000    15.726 
  gen_filter[2].U_S0   1417    15.714     0.000    15.714 
  gen_filter[1].U_S0   1421    15.709     0.000    15.709 
  gen_filter[4].U_S0   1417    15.708     0.000    15.708 
  gen_filter[15].U_S0  1413    15.663     0.000    15.663 
  gen_filter[16].U_S0  1417    15.613     0.000    15.613 
  gen_filter[3].U_S0   1417    15.595     0.000    15.595 
  gen_filter[0].U_S0   1425    15.491     0.000    15.491 

