============================================================
  Generated by:           Genus(TM) Synthesis Solution 17.10-p007_1
  Generated on:           Jan 20 2020  04:55:24 pm
  Module:                 filter_regular
  Technology libraries:   CORE65LPSVT 
                          CLOCK65LPSVT 
                          physical_cells 
  Operating conditions:   _nominal_ 
  Interconnect mode:      global
  Area mode:              physical library
============================================================

                                     Leakage   Internal    Net        Dynamic          Total       
                                                                  (Internal+Net) (Leakage+Dynamic) 
           Instance           Cells Power(uW) Power(uW) Power(uW)    Power(uW)       Power(uW)     
---------------------------------------------------------------------------------------------------
filter_regular                30052   298.313 21529.911 16128.814      37658.726         37957.039 
  S0[2].U0                     5817    57.062  2345.468  2800.770       5146.238          5203.301 
    csa_tree_U..d_90_9_groupi   176     2.768   118.675   135.016        253.690           256.458 
    csa_tree_U..d_90_9_groupi   149     2.131    93.355   107.065        200.419           202.550 
    csa_tree_U..d_90_9_groupi   153     2.034    81.796    81.554        163.350           165.384 
    csa_tree_U..d_90_9_groupi   150     2.013   143.571   158.687        302.258           304.271 
    csa_tree_U..d_90_9_groupi   132     1.912    82.785    91.470        174.255           176.167 
    csa_tree_U..d_90_9_groupi   145     1.832   135.302   138.920        274.222           276.055 
    csa_tree_U..d_90_9_groupi   109     1.829    95.293   104.758        200.051           201.881 
    csa_tree_U..d_90_9_groupi   139     1.740   123.941   132.870        256.811           258.552 
    csa_tree_U..d_90_9_groupi   132     1.627   129.123   136.121        265.243           266.871 
    csa_tree_U..d_90_9_groupi   142     1.389    60.365    67.420        127.785           129.174 
    addinc_U_3_U_S5_add_63_12   109     1.342    26.221    32.535         58.756            60.098 
    addinc_U_3_U_S0_add_63_12   113     1.225    17.799    23.820         41.619            42.844 
    addinc_U_2_U_S0_add_63_12    93     1.216    20.226    34.879         55.104            56.320 
    csa_tree_U..d_90_9_groupi   107     1.136    73.210    82.845        156.055           157.191 
    csa_tree_U..d_90_9_groupi   118     1.133    54.363    60.457        114.820           115.954 
    addinc_U_2_U_S5_add_63_12    82     1.083    22.227    26.109         48.336            49.419 
    addinc_U_1_U_S0_add_63_12    83     1.030    15.796    22.047         37.842            38.872 
    addinc_U_1_U_S2_add_63_12   104     1.006    15.245    19.316         34.561            35.567 
    U_S20_add_90_9               90     0.972    17.020    24.289         41.309            42.281 
    csa_tree_U..d_90_9_groupi    92     0.966    44.201    48.896         93.097            94.064 
    csa_tree_U..d_90_9_groupi   126     0.942    28.698    36.271         64.969            65.911 
    addinc_U_S83_add_63_12       96     0.901    39.721    55.412         95.132            96.034 
    U_S82_add_90_9               81     0.831    25.247    28.832         54.079            54.910 
    csa_tree_U..d_90_9_groupi   141     0.823    36.470    50.838         87.308            88.131 
    U_4_U_S1_add_63_8            80     0.820    12.507    16.853         29.360            30.180 
    addinc_U_4_U_S2_add_63_12    90     0.787    11.710    21.099         32.810            33.597 
    U_2_U_S1_add_63_8            59     0.777    19.285    22.965         42.250            43.027 
    U_1_U_S1_add_63_8            79     0.753    14.338    20.298         34.636            35.389 
    addinc_U_S_42_add_63_12      92     0.743    38.744    49.629         88.373            89.116 
    U_S_22_add_90_9              85     0.695    21.321    22.423         43.744            44.438 
    U_S_41_add_90_9              72     0.673    17.042    17.730         34.772            35.445 
    U_S72_add_90_9               89     0.662    18.934    23.319         42.253            42.916 
    addinc_U_S_33_add_63_12      90     0.646    26.528    35.187         61.715            62.361 
    addinc_U_4_U_S0_add_63_12    80     0.642     8.933    13.085         22.018            22.660 
    U_S95_add_63_8               85     0.625    40.714    55.841         96.555            97.180 
    U_S_25_add_63_8              84     0.614    39.930    55.145         95.075            95.689 
    csa_tree_U..d_90_9_groupi   100     0.613    18.304    24.992         43.297            43.910 
    U_S_32_add_90_9              76     0.607    14.067    16.071         30.138            30.745 
    addinc_U_S73_add_63_12       89     0.569    25.303    37.434         62.737            63.306 
    csa_tree_U..d_90_9_groupi   102     0.532    29.696    42.828         72.524            73.056 
    csa_tree_U..d_90_9_groupi    56     0.520    31.635    30.545         62.180            62.699 
    addinc_U_3_U_S7_add_63_12    74     0.501     9.941    17.643         27.584            28.085 
    U_S_34_add_90_9              96     0.500    21.212    30.338         51.551            52.051 
    addinc_U_S93_add_63_12       46     0.500    22.126    22.816         44.942            45.442 
    addinc_U_S0_add_63_12        69     0.497     9.475    11.322         20.797            21.294 
    addinc_U_S_23_add_63_12      49     0.487    23.668    26.144         49.812            50.299 
    U_S85_add_63_8               52     0.465    38.573    29.237         67.810            68.275 
    U_S_15_add_63_8              52     0.465    37.555    28.245         65.800            66.265 
    U_S4_add_90_9                56     0.460    26.637    25.249         51.886            52.346 
    U_S14_add_90_9               49     0.443    31.705    27.367         59.072            59.515 
    U_S_44_add_63_8              53     0.406    29.091    28.456         57.547            57.954 
    U_S_35_add_63_8              54     0.400    30.070    31.002         61.072            61.472 
    csa_tree_U..d_90_9_groupi    51     0.395     9.079    11.127         20.206            20.601 
    U_S75_add_63_8               47     0.385    34.913    31.029         65.942            66.327 
    addinc_U_2_U_S7_add_63_12    62     0.351     7.795    13.461         21.255            21.607 
    U_S92_add_90_9               52     0.332    10.517    10.418         20.935            21.267 
    csa_tree_U..d_90_9_groupi    79     0.328     8.560    15.379         23.939            24.267 
    U_2_U_S10_add_63_8_pad       66     0.287     6.985    10.689         17.674            17.962 
    U_S21_add_90_9               17     0.286     7.289    12.074         19.363            19.649 
    csa_tree_U..d_90_9_groupi    26     0.234     5.611     4.812         10.423            10.658 
    csa_tree_U.._63_12_groupi    26     0.214     4.838     5.071          9.909            10.123 
  S0[3].U0                     5818    56.791  2227.461  2663.945       4891.405          4948.197 
    csa_tree_U..d_90_9_groupi   176     2.791   104.583   112.206        216.788           219.579 
    csa_tree_U..d_90_9_groupi   148     2.070    83.236    95.661        178.896           180.967 
    csa_tree_U..d_90_9_groupi   151     2.023    81.259    80.538        161.797           163.821 
    csa_tree_U..d_90_9_groupi   151     1.927   124.074   136.883        260.958           262.885 
    csa_tree_U..d_90_9_groupi   131     1.894    77.321    83.991        161.313           163.207 
    csa_tree_U..d_90_9_groupi   109     1.832    82.898    89.061        171.959           173.791 
    csa_tree_U..d_90_9_groupi   145     1.803   127.164   131.633        258.797           260.599 
    csa_tree_U..d_90_9_groupi   138     1.730   116.944   126.650        243.593           245.324 
    csa_tree_U..d_90_9_groupi   134     1.643   119.034   125.761        244.795           246.438 
    csa_tree_U..d_90_9_groupi   142     1.388    57.465    64.005        121.471           122.859 
    addinc_U_3_U_S5_add_63_12   109     1.304    25.283    30.582         55.865            57.169 
    addinc_U_3_U_S0_add_63_12   114     1.206    19.628    24.284         43.912            45.118 
    csa_tree_U..d_90_9_groupi   108     1.130    65.827    75.638        141.466           142.596 
    addinc_U_2_U_S0_add_63_12    92     1.130    16.899    32.748         49.646            50.777 
    csa_tree_U..d_90_9_groupi   117     1.118    52.282    58.887        111.169           112.287 
    addinc_U_2_U_S5_add_63_12    82     1.055    20.671    24.213         44.884            45.939 
    U_S20_add_90_9               93     1.023    18.518    26.567         45.085            46.108 
    addinc_U_1_U_S0_add_63_12    78     0.989    12.344    17.490         29.834            30.824 
    csa_tree_U..d_90_9_groupi   128     0.978    28.176    34.069         62.245            63.222 
    csa_tree_U..d_90_9_groupi    92     0.955    44.431    49.552         93.984            94.938 
    addinc_U_S83_add_63_12       97     0.925    40.455    55.327         95.782            96.707 
    U_S82_add_90_9               85     0.890    28.523    31.915         60.438            61.328 
    addinc_U_1_U_S2_add_63_12   100     0.869    11.629    15.746         27.375            28.244 
    addinc_U_4_U_S2_add_63_12    93     0.839    14.683    25.643         40.326            41.164 
    U_4_U_S1_add_63_8            80     0.827    16.024    22.188         38.212            39.039 
    csa_tree_U..d_90_9_groupi   137     0.771    35.880    49.392         85.272            86.043 
    U_2_U_S1_add_63_8            58     0.752    17.041    20.076         37.116            37.869 
    addinc_U_S_42_add_63_12      93     0.749    36.018    44.341         80.359            81.108 
    U_1_U_S1_add_63_8            77     0.732    10.523    14.347         24.869            25.601 
    addinc_U_4_U_S0_add_63_12    84     0.712    11.830    16.105         27.935            28.647 
    U_S_22_add_90_9              84     0.684    22.856    23.997         46.853            47.537 
    U_S72_add_90_9               89     0.682    20.978    26.479         47.457            48.139 
    U_S_41_add_90_9              72     0.682    18.367    19.293         37.660            38.342 
    addinc_U_S_33_add_63_12      87     0.653    24.550    32.042         56.593            57.246 
    U_S95_add_63_8               85     0.618    40.152    53.426         93.578            94.196 
    addinc_U_S73_add_63_12       89     0.610    29.024    39.841         68.864            69.475 
    U_S_25_add_63_8              84     0.601    38.547    53.479         92.026            92.626 
    csa_tree_U..d_90_9_groupi   103     0.591    15.435    22.780         38.216            38.806 
    U_S_32_add_90_9              73     0.590    14.429    15.886         30.315            30.905 
    U_S_34_add_90_9             100     0.531    23.290    32.872         56.161            56.692 
    csa_tree_U..d_90_9_groupi    57     0.525    28.584    27.278         55.862            56.387 
    addinc_U_S_23_add_63_12      52     0.516    24.849    28.053         52.903            53.418 
    csa_tree_U..d_90_9_groupi    99     0.502    28.735    43.405         72.140            72.641 
    addinc_U_S93_add_63_12       46     0.500    22.234    22.863         45.097            45.597 
    addinc_U_S0_add_63_12        68     0.495    10.947    12.466         23.413            23.908 
    U_S_15_add_63_8              54     0.494    37.873    30.616         68.489            68.983 
    U_S85_add_63_8               54     0.489    37.623    30.005         67.628            68.116 
    addinc_U_3_U_S7_add_63_12    74     0.486     9.129    17.240         26.368            26.854 
    U_S4_add_90_9                56     0.469    27.381    25.893         53.273            53.742 
    U_S14_add_90_9               48     0.420    30.510    26.104         56.613            57.033 
    U_S_44_add_63_8              54     0.418    27.993    27.427         55.421            55.838 
    csa_tree_U..d_90_9_groupi    51     0.397     7.997     9.515         17.512            17.909 
    U_S_35_add_63_8              54     0.394    30.686    32.183         62.869            63.263 
    U_S75_add_63_8               46     0.379    32.269    28.765         61.034            61.413 
    addinc_U_2_U_S7_add_63_12    63     0.354     7.358    11.796         19.155            19.509 
    csa_tree_U..d_90_9_groupi    79     0.340     9.271    16.158         25.429            25.769 
    U_S92_add_90_9               52     0.328    10.277    10.360         20.638            20.965 
    U_2_U_S10_add_63_8_pad       66     0.287     6.233     9.715         15.949            16.236 
    U_S21_add_90_9               13     0.245     5.475     9.423         14.899            15.144 
    csa_tree_U..d_90_9_groupi    28     0.240     7.427     5.903         13.329            13.569 
    csa_tree_U.._63_12_groupi    26     0.221     4.649     5.008          9.657             9.877 
  S0[1].U0                     5752    56.576  2352.911  2812.515       5165.426          5222.002 
    csa_tree_U..d_90_9_groupi   175     2.828   121.890   135.197        257.087           259.914 
    csa_tree_U..d_90_9_groupi   145     2.107    86.303    99.829        186.132           188.239 
    csa_tree_U..d_90_9_groupi   149     2.010    75.196    74.569        149.766           151.775 
    csa_tree_U..d_90_9_groupi   147     1.967   136.602   149.863        286.465           288.432 
    csa_tree_U..d_90_9_groupi   132     1.908    87.935    95.049        182.984           184.892 
    csa_tree_U..d_90_9_groupi   147     1.862   145.566   147.903        293.469           295.331 
    csa_tree_U..d_90_9_groupi   108     1.819    95.788   102.789        198.577           200.396 
    csa_tree_U..d_90_9_groupi   137     1.765   133.313   141.436        274.748           276.514 
    csa_tree_U..d_90_9_groupi   134     1.649   125.465   132.098        257.564           259.213 
    csa_tree_U..d_90_9_groupi   142     1.395    53.009    58.936        111.945           113.341 
    addinc_U_3_U_S5_add_63_12   106     1.274    19.712    23.659         43.371            44.645 
    addinc_U_2_U_S0_add_63_12    91     1.189    18.686    33.381         52.067            53.256 
    addinc_U_3_U_S0_add_63_12   110     1.149    14.228    18.629         32.856            34.005 
    csa_tree_U..d_90_9_groupi   107     1.125    72.914    81.108        154.022           155.147 
    csa_tree_U..d_90_9_groupi   116     1.102    52.457    58.669        111.126           112.228 
    addinc_U_2_U_S5_add_63_12    82     1.085    22.142    26.227         48.369            49.454 
    U_S20_add_90_9               93     1.062    21.545    31.757         53.302            54.364 
    addinc_U_1_U_S0_add_63_12    81     1.004    17.310    24.036         41.345            42.349 
    csa_tree_U..d_90_9_groupi   129     0.973    29.330    37.033         66.364            67.336 
    addinc_U_1_U_S2_add_63_12   102     0.953    15.223    20.683         35.907            36.860 
    csa_tree_U..d_90_9_groupi    91     0.941    46.145    52.356         98.500            99.441 
    addinc_U_S83_add_63_12       96     0.871    41.352    61.057        102.409           103.280 
    U_S82_add_90_9               81     0.836    28.425    33.208         61.633            62.469 
    addinc_U_4_U_S2_add_63_12    94     0.808    12.713    22.842         35.555            36.364 
    U_2_U_S1_add_63_8            58     0.779    18.879    22.808         41.687            42.466 
    U_4_U_S1_add_63_8            77     0.760    12.425    17.389         29.814            30.575 
    U_1_U_S1_add_63_8            79     0.750    14.748    20.200         34.948            35.698 
    csa_tree_U..d_90_9_groupi   133     0.719    30.548    42.667         73.214            73.933 
    addinc_U_S_42_add_63_12      92     0.718    39.047    49.901         88.947            89.666 
    addinc_U_4_U_S0_add_63_12    81     0.692    11.870    16.033         27.903            28.595 
    U_S_22_add_90_9              85     0.689    24.428    25.733         50.162            50.851 
    U_S72_add_90_9               90     0.684    24.262    29.609         53.871            54.555 
    U_S_41_add_90_9              72     0.673    19.216    19.452         38.668            39.341 
    U_S95_add_63_8               85     0.631    39.412    53.937         93.348            93.979 
    U_S_25_add_63_8              84     0.621    41.414    56.252         97.666            98.287 
    addinc_U_S_33_add_63_12      86     0.612    26.320    35.752         62.072            62.684 
    U_S_32_add_90_9              74     0.606    17.044    19.870         36.915            37.521 
    csa_tree_U..d_90_9_groupi    99     0.601    18.083    24.913         42.996            43.597 
    addinc_U_S73_add_63_12       88     0.562    30.455    44.336         74.790            75.352 
    csa_tree_U..d_90_9_groupi    57     0.530    26.607    25.550         52.157            52.687 
    csa_tree_U..d_90_9_groupi   100     0.512    24.425    36.393         60.818            61.330 
    addinc_U_3_U_S7_add_63_12    74     0.506     8.242    14.919         23.161            23.667 
    U_S_34_add_90_9              96     0.499    20.376    28.386         48.762            49.262 
    addinc_U_S0_add_63_12        68     0.477     9.857    11.781         21.638            22.115 
    addinc_U_S93_add_63_12       43     0.475    24.011    23.898         47.909            48.384 
    U_S85_add_63_8               52     0.466    40.352    30.701         71.053            71.519 
    U_S_15_add_63_8              52     0.465    38.021    29.568         67.590            68.055 
    addinc_U_S_23_add_63_12      45     0.462    26.654    28.469         55.123            55.585 
    U_S4_add_90_9                56     0.459    26.712    24.650         51.363            51.822 
    U_S14_add_90_9               49     0.439    35.241    30.535         65.776            66.215 
    U_S_44_add_63_8              55     0.423    31.247    30.256         61.503            61.926 
    U_S_35_add_63_8              54     0.399    32.003    32.153         64.156            64.554 
    csa_tree_U..d_90_9_groupi    49     0.385     7.333     9.421         16.754            17.139 
    U_S75_add_63_8               46     0.379    35.130    31.213         66.342            66.721 
    addinc_U_2_U_S7_add_63_12    60     0.337     7.960    13.594         21.554            21.890 
    U_S92_add_90_9               52     0.332    12.292    12.690         24.981            25.313 
    csa_tree_U..d_90_9_groupi    78     0.321     6.918    12.385         19.303            19.624 
    U_2_U_S10_add_63_8_pad       68     0.309     7.892    11.857         19.749            20.058 
    U_S21_add_90_9               13     0.265     8.109    13.329         21.439            21.704 
    csa_tree_U..d_90_9_groupi    26     0.232     4.596     4.132          8.728             8.960 
    csa_tree_U.._63_12_groupi    25     0.199     3.954     4.326          8.280             8.479 
  S0[0].U0                     5773    56.407  2314.133  2795.001       5109.134          5165.541 
    csa_tree_U..d_90_9_groupi   175     2.829   126.375   142.896        269.272           272.101 
    csa_tree_U..d_90_9_groupi   145     2.058    93.165   106.814        199.978           202.036 
    csa_tree_U..d_90_9_groupi   152     2.050    72.075    72.476        144.551           146.601 
    csa_tree_U..d_90_9_groupi   151     1.985   132.995   149.007        282.003           283.988 
    csa_tree_U..d_90_9_groupi   131     1.922    92.951   103.328        196.280           198.201 
    csa_tree_U..d_90_9_groupi   109     1.829    95.985   103.573        199.558           201.388 
    csa_tree_U..d_90_9_groupi   147     1.823   134.811   136.542        271.354           273.177 
    csa_tree_U..d_90_9_groupi   140     1.741   122.059   132.567        254.626           256.367 
    csa_tree_U..d_90_9_groupi   134     1.650   120.071   126.965        247.036           248.686 
    csa_tree_U..d_90_9_groupi   142     1.399    54.677    60.415        115.092           116.491 
    addinc_U_3_U_S5_add_63_12   109     1.248    24.877    31.642         56.518            57.766 
    addinc_U_3_U_S0_add_63_12   110     1.196    17.466    22.612         40.078            41.274 
    addinc_U_2_U_S0_add_63_12    90     1.154    14.718    24.419         39.137            40.290 
    csa_tree_U..d_90_9_groupi   118     1.140    54.918    60.479        115.397           116.537 
    csa_tree_U..d_90_9_groupi   107     1.116    62.917    71.894        134.810           135.926 
    U_S20_add_90_9               85     1.095    23.251    32.047         55.299            56.393 
    addinc_U_2_U_S5_add_63_12    82     1.069    17.541    19.472         37.012            38.082 
    addinc_U_1_U_S0_add_63_12    85     1.046    15.720    22.831         38.551            39.597 
    csa_tree_U..d_90_9_groupi   128     0.982    25.960    31.735         57.696            58.677 
    addinc_U_1_U_S2_add_63_12   101     0.968    16.182    22.176         38.358            39.326 
    csa_tree_U..d_90_9_groupi    92     0.961    46.358    50.076         96.435            97.396 
    addinc_U_S83_add_63_12       98     0.876    42.717    65.664        108.381           109.257 
    U_S82_add_90_9               81     0.829    27.518    32.507         60.025            60.855 
    U_2_U_S1_add_63_8            58     0.767    16.767    19.683         36.449            37.217 
    addinc_U_4_U_S2_add_63_12    95     0.748    13.438    24.855         38.293            39.042 
    U_4_U_S1_add_63_8            75     0.748    15.518    21.762         37.280            38.028 
    csa_tree_U..d_90_9_groupi   138     0.746    33.123    47.688         80.811            81.557 
    U_1_U_S1_add_63_8            77     0.729    14.355    20.182         34.537            35.266 
    addinc_U_S_42_add_63_12      91     0.700    34.521    46.844         81.365            82.066 
    U_S_22_add_90_9              86     0.691    23.106    26.411         49.518            50.209 
    addinc_U_4_U_S0_add_63_12    80     0.675    11.869    16.285         28.154            28.829 
    U_S_41_add_90_9              72     0.669    22.129    23.191         45.320            45.989 
    U_S72_add_90_9               89     0.662    22.524    28.047         50.571            51.234 
    addinc_U_S_33_add_63_12      88     0.629    27.687    38.309         65.996            66.625 
    U_S95_add_63_8               85     0.620    38.728    52.017         90.745            91.365 
    U_S_25_add_63_8              83     0.604    39.599    56.309         95.909            96.513 
    U_S_32_add_90_9              69     0.588    17.565    19.200         36.764            37.352 
    addinc_U_S73_add_63_12       89     0.558    29.892    45.716         75.608            76.166 
    csa_tree_U..d_90_9_groupi    56     0.540    26.935    24.493         51.427            51.968 
    csa_tree_U..d_90_9_groupi    95     0.533    14.728    21.616         36.344            36.877 
    csa_tree_U..d_90_9_groupi   101     0.524    24.982    37.612         62.594            63.117 
    addinc_U_S93_add_63_12       46     0.508    24.017    24.350         48.367            48.875 
    U_S_34_add_90_9              96     0.500    18.801    27.132         45.933            46.433 
    addinc_U_S_23_add_63_12      49     0.492    27.062    29.602         56.664            57.156 
    addinc_U_3_U_S7_add_63_12    74     0.491     8.718    16.560         25.278            25.769 
    addinc_U_S0_add_63_12        68     0.481    10.764    13.006         23.770            24.250 
    U_S_15_add_63_8              52     0.466    37.129    28.654         65.783            66.249 
    U_S85_add_63_8               52     0.465    39.928    30.427         70.356            70.821 
    U_S4_add_90_9                56     0.455    30.491    29.576         60.067            60.522 
    U_S14_add_90_9               48     0.427    30.300    25.259         55.558            55.986 
    U_S_44_add_63_8              52     0.408    27.508    26.081         53.589            53.996 
    U_S_35_add_63_8              54     0.394    30.551    32.066         62.617            63.011 
    U_S75_add_63_8               46     0.377    33.726    30.347         64.073            64.451 
    csa_tree_U..d_90_9_groupi    48     0.371     6.656     7.760         14.416            14.787 
    csa_tree_U..d_90_9_groupi    78     0.338     8.514    14.995         23.509            23.847 
    U_S92_add_90_9               52     0.333    11.817    12.311         24.128            24.460 
    addinc_U_2_U_S7_add_63_12    59     0.333     6.705    11.413         18.118            18.451 
    U_2_U_S10_add_63_8_pad       66     0.290     6.136     9.714         15.849            16.139 
    U_S21_add_90_9               13     0.248     7.048    10.657         17.705            17.953 
    csa_tree_U..d_90_9_groupi    25     0.220     6.064     4.766         10.829            11.049 
    csa_tree_U.._63_12_groupi    25     0.201     4.038     4.435          8.473             8.674 
  S0[4].U0                     5798    56.388  2317.061  2780.140       5097.201          5153.589 
    csa_tree_U..d_90_9_groupi   177     2.772   119.834   132.419        252.253           255.025 
    csa_tree_U..d_90_9_groupi   147     2.080    92.008   106.817        198.825           200.904 
    csa_tree_U..d_90_9_groupi   147     2.018   141.025   156.674        297.699           299.717 
    csa_tree_U..d_90_9_groupi   149     2.004    75.900    76.783        152.683           154.687 
    csa_tree_U..d_90_9_groupi   131     1.905    86.705    94.550        181.255           183.159 
    csa_tree_U..d_90_9_groupi   109     1.834    97.178   105.159        202.337           204.172 
    csa_tree_U..d_90_9_groupi   147     1.834   131.384   134.503        265.887           267.721 
    csa_tree_U..d_90_9_groupi   140     1.748   125.203   134.603        259.806           261.554 
    csa_tree_U..d_90_9_groupi   136     1.657   123.971   130.291        254.262           255.920 
    csa_tree_U..d_90_9_groupi   142     1.398    53.800    60.571        114.372           115.770 
    addinc_U_3_U_S5_add_63_12   107     1.258    22.271    29.110         51.382            52.640 
    addinc_U_3_U_S0_add_63_12   110     1.145    16.529    21.303         37.831            38.976 
    csa_tree_U..d_90_9_groupi   108     1.139    70.753    79.268        150.021           151.160 
    addinc_U_2_U_S0_add_63_12    91     1.112    13.521    22.516         36.037            37.149 
    csa_tree_U..d_90_9_groupi   118     1.096    48.755    54.496        103.250           104.347 
    addinc_U_2_U_S5_add_63_12    82     1.066    19.130    22.233         41.363            42.430 
    addinc_U_1_U_S0_add_63_12    81     0.994    15.497    21.866         37.364            38.358 
    U_S20_add_90_9               90     0.971    22.884    29.811         52.695            53.666 
    csa_tree_U..d_90_9_groupi    91     0.948    47.634    52.120         99.754           100.702 
    addinc_U_S83_add_63_12       96     0.920    47.151    62.361        109.512           110.432 
    csa_tree_U..d_90_9_groupi   120     0.905    25.011    31.509         56.520            57.426 
    addinc_U_1_U_S2_add_63_12    97     0.855    12.459    18.152         30.611            31.466 
    U_S82_add_90_9               81     0.835    27.214    30.604         57.818            58.654 
    addinc_U_4_U_S2_add_63_12    93     0.828    13.994    24.168         38.162            38.990 
    U_4_U_S1_add_63_8            79     0.764    14.905    21.190         36.096            36.860 
    csa_tree_U..d_90_9_groupi   134     0.753    31.286    42.905         74.190            74.943 
    U_2_U_S1_add_63_8            58     0.750    15.168    17.551         32.719            33.469 
    U_1_U_S1_add_63_8            78     0.741    12.335    16.880         29.215            29.955 
    addinc_U_S_42_add_63_12      92     0.725    34.902    45.259         80.161            80.885 
    U_S_22_add_90_9              85     0.706    24.801    26.783         51.584            52.290 
    addinc_U_4_U_S0_add_63_12    84     0.686    12.488    16.765         29.253            29.939 
    U_S72_add_90_9               90     0.674    22.535    27.323         49.859            50.532 
    U_S_41_add_90_9              72     0.670    18.191    18.621         36.812            37.483 
    addinc_U_S_33_add_63_12      88     0.659    31.098    40.279         71.376            72.035 
    U_S95_add_63_8               85     0.615    39.802    53.052         92.854            93.469 
    addinc_U_S73_add_63_12       92     0.604    32.257    47.279         79.536            80.139 
    csa_tree_U..d_90_9_groupi   104     0.601    16.412    23.430         39.842            40.444 
    U_S_32_add_90_9              74     0.600    17.116    19.031         36.147            36.747 
    U_S_25_add_63_8              84     0.595    40.904    56.151         97.054            97.649 
    csa_tree_U..d_90_9_groupi    57     0.544    26.787    25.099         51.886            52.431 
    addinc_U_S_23_add_63_12      52     0.524    28.888    33.100         61.988            62.512 
    U_S_15_add_63_8              55     0.501    40.253    33.224         73.478            73.979 
    addinc_U_S93_add_63_12       46     0.499    25.846    26.764         52.610            53.109 
    csa_tree_U..d_90_9_groupi    99     0.496    22.970    35.009         57.978            58.475 
    U_S85_add_63_8               55     0.495    39.011    31.244         70.256            70.751 
    U_S4_add_90_9                61     0.483    27.263    27.318         54.581            55.064 
    addinc_U_3_U_S7_add_63_12    74     0.482     8.562    15.659         24.221            24.704 
    U_S_34_add_90_9              95     0.476    16.756    25.379         42.135            42.611 
    addinc_U_S0_add_63_12        68     0.470    11.005    13.770         24.776            25.246 
    U_S14_add_90_9               48     0.429    30.926    27.051         57.976            58.405 
    U_S_44_add_63_8              54     0.409    26.525    25.515         52.039            52.448 
    U_S_35_add_63_8              54     0.395    30.929    31.773         62.702            63.097 
    U_S75_add_63_8               46     0.381    34.324    31.485         65.809            66.190 
    csa_tree_U..d_90_9_groupi    48     0.357     6.409     8.276         14.684            15.041 
    csa_tree_U..d_90_9_groupi    79     0.327     8.465    15.044         23.508            23.835 
    U_S92_add_90_9               52     0.325    11.454    11.728         23.182            23.507 
    addinc_U_2_U_S7_add_63_12    59     0.323     5.864    10.510         16.375            16.698 
    U_2_U_S10_add_63_8_pad       66     0.299     6.316     9.358         15.674            15.972 
    U_S21_add_90_9               13     0.249     8.165    13.773         21.938            22.187 
    csa_tree_U..d_90_9_groupi    28     0.240     5.341     4.761         10.102            10.342 
    csa_tree_U.._63_12_groupi    28     0.238     4.428     4.780          9.209             9.446 

