============================================================
  Generated by:           Genus(TM) Synthesis Solution 17.10-p007_1
  Generated on:           Mar 03 2020  08:00:35 pm
  Module:                 INTER_6
  Technology libraries:   CORE65LPSVT 
                          CLOCK65LPSVT 
                          physical_cells 
  Operating conditions:   _nominal_ 
  Interconnect mode:      global
  Area mode:              physical library
============================================================

              Instance                               Module                  Cells  Cell Area  Net Area   Total Area 
---------------------------------------------------------------------------------------------------------------------
INTER_6                                                                       8334      58558     22305        80863 
  gen_filter[15].U_S0               filter_6_bit_width10_15                    446       2985      1046         4031 
    csa_tree_U_S25_add_18_10_groupi csa_tree_U_S25_add_18_10_group_43_7         49        348        98          446 
    csa_tree_U_S5_add_18_10_groupi  csa_tree_U_S5_add_18_10_group_45_7          49        348        98          446 
    csa_tree_U_S14_add_18_10_groupi csa_tree_U_S14_add_18_10_group_39_2007      32        248        60          308 
    csa_tree_U_S23_add_18_10_groupi csa_tree_U_S23_add_18_10_group_530_1991     24        215        45          260 
    csa_tree_U_S3_add_18_10_groupi  csa_tree_U_S3_add_18_10_group_532_1958      24        215        45          260 
    csa_tree_U_S15_add_41_16_groupi csa_tree_U_S15_add_41_16_group_37_7         24        204        45          249 
    csa_tree_U_S13_add_18_10_groupi csa_tree_U_S13_add_18_10_group_41_1974      20        145        34          179 
    addinc_U_5_U_S0_add_18_16       add_signed_carry_168_2295                   22        109        28          137 
    addinc_U_0_U_S0_add_18_16       add_signed_carry_168_2296                   22        109        28          137 
    addinc_U_S22_add_18_16          add_signed_carry_10_2130                    15        118        18          136 
    addinc_U_S2_add_18_16           add_signed_carry_10_2131                    15        118        18          136 
    addinc_U_4_U_S1_add_18_16       add_signed_carry_32_2163                    12         93        14          107 
    addinc_U_1_U_S1_add_18_16       add_signed_carry_32_2164                    12         93        14          107 
    U_4_U_S0_add_18_10              add_signed_511_2230                          9         80        11           91 
    U_3_U_S1_add_18_10              add_signed_506_2329                          9         80        11           91 
    U_3_U_S0_add_18_10              add_signed_511_1719_2196                     9         80        11           91 
    U_2_U_S1_add_18_10              add_signed_506_2328                          9         80        11           91 
    U_2_U_S0_add_18_10              add_signed_511_1719_2197                     9         80        11           91 
    U_1_U_S0_add_18_10              add_signed_511_2229                          9         80        11           91 
    U_S20_add_41_16                 add_unsigned_487_2262                        4         21         4           25 
    U_S0_add_41_16                  add_unsigned_487_2263                        4         21         4           25 
  gen_filter[1].U_S0                filter_6_bit_width10_1                     445       2983      1045         4029 
    csa_tree_U_S25_add_18_10_groupi csa_tree_U_S25_add_18_10_group_43_1         49        348        98          446 
    csa_tree_U_S5_add_18_10_groupi  csa_tree_U_S5_add_18_10_group_45_1          49        348        98          446 
    csa_tree_U_S14_add_18_10_groupi csa_tree_U_S14_add_18_10_group_39_2001      32        248        60          308 
    csa_tree_U_S23_add_18_10_groupi csa_tree_U_S23_add_18_10_group_530_1985     24        215        45          260 
    csa_tree_U_S3_add_18_10_groupi  csa_tree_U_S3_add_18_10_group_532_1952      24        215        45          260 
    csa_tree_U_S15_add_41_16_groupi csa_tree_U_S15_add_41_16_group_37_1         24        204        45          249 
    csa_tree_U_S13_add_18_10_groupi csa_tree_U_S13_add_18_10_group_41_1968      20        145        34          179 
    addinc_U_5_U_S0_add_18_16       add_signed_carry_168_2307                   22        109        28          137 
    addinc_U_0_U_S0_add_18_16       add_signed_carry_168_2308                   22        109        28          137 
    addinc_U_S22_add_18_16          add_signed_carry_10_2142                    15        118        18          136 
    addinc_U_S2_add_18_16           add_signed_carry_10_2143                    15        118        18          136 
    addinc_U_4_U_S1_add_18_16       add_signed_carry_32_2175                    12         93        14          107 
    addinc_U_1_U_S1_add_18_16       add_signed_carry_32_2176                    12         93        14          107 
    U_4_U_S0_add_18_10              add_signed_511_2242                          9         80        11           91 
    U_3_U_S1_add_18_10              add_signed_506_2341                          9         80        11           91 
    U_3_U_S0_add_18_10              add_signed_511_1719_2208                     9         80        11           91 
    U_2_U_S1_add_18_10              add_signed_506_2340                          9         80        11           91 
    U_2_U_S0_add_18_10              add_signed_511_1719_2209                     9         80        11           91 
    U_1_U_S0_add_18_10              add_signed_511_2241                          9         80        11           91 
    U_S20_add_41_16                 add_unsigned_487_2274                        4         21         4           25 
    U_S0_add_41_16                  add_unsigned_487_2275                        4         21         4           25 
  gen_filter[16].U_S0               filter_6_bit_width10_16                    444       2982      1045         4026 
    csa_tree_U_S25_add_18_10_groupi csa_tree_U_S25_add_18_10_group_43_8         49        348        98          446 
    csa_tree_U_S5_add_18_10_groupi  csa_tree_U_S5_add_18_10_group_45_8          49        348        98          446 
    csa_tree_U_S14_add_18_10_groupi csa_tree_U_S14_add_18_10_group_39_2008      32        248        60          308 
    csa_tree_U_S23_add_18_10_groupi csa_tree_U_S23_add_18_10_group_530_1992     24        215        45          260 
    csa_tree_U_S3_add_18_10_groupi  csa_tree_U_S3_add_18_10_group_532_1959      24        215        45          260 
    csa_tree_U_S15_add_41_16_groupi csa_tree_U_S15_add_41_16_group_37_8         24        204        45          249 
    csa_tree_U_S13_add_18_10_groupi csa_tree_U_S13_add_18_10_group_41_1975      20        145        34          179 
    addinc_U_5_U_S0_add_18_16       add_signed_carry_168_2293                   22        109        28          137 
    addinc_U_0_U_S0_add_18_16       add_signed_carry_168_2294                   22        109        28          137 
    addinc_U_S22_add_18_16          add_signed_carry_10_2128                    15        118        18          136 
    addinc_U_S2_add_18_16           add_signed_carry_10_2129                    15        118        18          136 
    addinc_U_4_U_S1_add_18_16       add_signed_carry_32_2161                    12         93        14          107 
    addinc_U_1_U_S1_add_18_16       add_signed_carry_32_2162                    12         93        14          107 
    U_4_U_S0_add_18_10              add_signed_511_2228                          9         80        11           91 
    U_3_U_S1_add_18_10              add_signed_506_2327                          9         80        11           91 
    U_3_U_S0_add_18_10              add_signed_511_1719_2194                     9         80        11           91 
    U_2_U_S1_add_18_10              add_signed_506_2326                          9         80        11           91 
    U_2_U_S0_add_18_10              add_signed_511_1719_2195                     9         80        11           91 
    U_1_U_S0_add_18_10              add_signed_511_2227                          9         80        11           91 
    U_S20_add_41_16                 add_unsigned_487_2260                        4         21         4           25 
    U_S0_add_41_16                  add_unsigned_487_2261                        4         21         4           25 
  gen_filter[14].U_S0               filter_6_bit_width10_14                    444       2982      1045         4026 
    csa_tree_U_S25_add_18_10_groupi csa_tree_U_S25_add_18_10_group_43_6         49        348        98          446 
    csa_tree_U_S5_add_18_10_groupi  csa_tree_U_S5_add_18_10_group_45_6          49        348        98          446 
    csa_tree_U_S14_add_18_10_groupi csa_tree_U_S14_add_18_10_group_39_2006      32        248        60          308 
    csa_tree_U_S23_add_18_10_groupi csa_tree_U_S23_add_18_10_group_530_1990     24        215        45          260 
    csa_tree_U_S3_add_18_10_groupi  csa_tree_U_S3_add_18_10_group_532_1957      24        215        45          260 
    csa_tree_U_S15_add_41_16_groupi csa_tree_U_S15_add_41_16_group_37_6         24        204        45          249 
    csa_tree_U_S13_add_18_10_groupi csa_tree_U_S13_add_18_10_group_41_1973      20        145        34          179 
    addinc_U_5_U_S0_add_18_16       add_signed_carry_168_2297                   22        109        28          137 
    addinc_U_0_U_S0_add_18_16       add_signed_carry_168_2298                   22        109        28          137 
    addinc_U_S22_add_18_16          add_signed_carry_10_2132                    15        118        18          136 
    addinc_U_S2_add_18_16           add_signed_carry_10_2133                    15        118        18          136 
    addinc_U_4_U_S1_add_18_16       add_signed_carry_32_2165                    12         93        14          107 
    addinc_U_1_U_S1_add_18_16       add_signed_carry_32_2166                    12         93        14          107 
    U_4_U_S0_add_18_10              add_signed_511_2232                          9         80        11           91 
    U_3_U_S1_add_18_10              add_signed_506_2331                          9         80        11           91 
    U_3_U_S0_add_18_10              add_signed_511_1719_2198                     9         80        11           91 
    U_2_U_S1_add_18_10              add_signed_506_2330                          9         80        11           91 
    U_2_U_S0_add_18_10              add_signed_511_1719_2199                     9         80        11           91 
    U_1_U_S0_add_18_10              add_signed_511_2231                          9         80        11           91 
    U_S20_add_41_16                 add_unsigned_487_2264                        4         21         4           25 
    U_S0_add_41_16                  add_unsigned_487_2265                        4         21         4           25 
  gen_filter[13].U_S0               filter_6_bit_width10_13                    444       2982      1045         4026 
    csa_tree_U_S25_add_18_10_groupi csa_tree_U_S25_add_18_10_group_43_5         49        348        98          446 
    csa_tree_U_S5_add_18_10_groupi  csa_tree_U_S5_add_18_10_group_45_5          49        348        98          446 
    csa_tree_U_S14_add_18_10_groupi csa_tree_U_S14_add_18_10_group_39_2005      32        248        60          308 
    csa_tree_U_S23_add_18_10_groupi csa_tree_U_S23_add_18_10_group_530_1989     24        215        45          260 
    csa_tree_U_S3_add_18_10_groupi  csa_tree_U_S3_add_18_10_group_532_1956      24        215        45          260 
    csa_tree_U_S15_add_41_16_groupi csa_tree_U_S15_add_41_16_group_37_5         24        204        45          249 
    csa_tree_U_S13_add_18_10_groupi csa_tree_U_S13_add_18_10_group_41_1972      20        145        34          179 
    addinc_U_5_U_S0_add_18_16       add_signed_carry_168_2299                   22        109        28          137 
    addinc_U_0_U_S0_add_18_16       add_signed_carry_168_2300                   22        109        28          137 
    addinc_U_S22_add_18_16          add_signed_carry_10_2134                    15        118        18          136 
    addinc_U_S2_add_18_16           add_signed_carry_10_2135                    15        118        18          136 
    addinc_U_4_U_S1_add_18_16       add_signed_carry_32_2167                    12         93        14          107 
    addinc_U_1_U_S1_add_18_16       add_signed_carry_32_2168                    12         93        14          107 
    U_4_U_S0_add_18_10              add_signed_511_2234                          9         80        11           91 
    U_3_U_S1_add_18_10              add_signed_506_2333                          9         80        11           91 
    U_3_U_S0_add_18_10              add_signed_511_1719_2200                     9         80        11           91 
    U_2_U_S1_add_18_10              add_signed_506_2332                          9         80        11           91 
    U_2_U_S0_add_18_10              add_signed_511_1719_2201                     9         80        11           91 
    U_1_U_S0_add_18_10              add_signed_511_2233                          9         80        11           91 
    U_S20_add_41_16                 add_unsigned_487_2266                        4         21         4           25 
    U_S0_add_41_16                  add_unsigned_487_2267                        4         21         4           25 
  gen_filter[12].U_S0               filter_6_bit_width10_12                    444       2982      1045         4026 
    csa_tree_U_S25_add_18_10_groupi csa_tree_U_S25_add_18_10_group_43_4         49        348        98          446 
    csa_tree_U_S5_add_18_10_groupi  csa_tree_U_S5_add_18_10_group_45_4          49        348        98          446 
    csa_tree_U_S14_add_18_10_groupi csa_tree_U_S14_add_18_10_group_39_2004      32        248        60          308 
    csa_tree_U_S23_add_18_10_groupi csa_tree_U_S23_add_18_10_group_530_1988     24        215        45          260 
    csa_tree_U_S3_add_18_10_groupi  csa_tree_U_S3_add_18_10_group_532_1955      24        215        45          260 
    csa_tree_U_S15_add_41_16_groupi csa_tree_U_S15_add_41_16_group_37_4         24        204        45          249 
    csa_tree_U_S13_add_18_10_groupi csa_tree_U_S13_add_18_10_group_41_1971      20        145        34          179 
    addinc_U_5_U_S0_add_18_16       add_signed_carry_168_2301                   22        109        28          137 
    addinc_U_0_U_S0_add_18_16       add_signed_carry_168_2302                   22        109        28          137 
    addinc_U_S22_add_18_16          add_signed_carry_10_2136                    15        118        18          136 
    addinc_U_S2_add_18_16           add_signed_carry_10_2137                    15        118        18          136 
    addinc_U_4_U_S1_add_18_16       add_signed_carry_32_2169                    12         93        14          107 
    addinc_U_1_U_S1_add_18_16       add_signed_carry_32_2170                    12         93        14          107 
    U_4_U_S0_add_18_10              add_signed_511_2236                          9         80        11           91 
    U_3_U_S1_add_18_10              add_signed_506_2335                          9         80        11           91 
    U_3_U_S0_add_18_10              add_signed_511_1719_2202                     9         80        11           91 
    U_2_U_S1_add_18_10              add_signed_506_2334                          9         80        11           91 
    U_2_U_S0_add_18_10              add_signed_511_1719_2203                     9         80        11           91 
    U_1_U_S0_add_18_10              add_signed_511_2235                          9         80        11           91 
    U_S20_add_41_16                 add_unsigned_487_2268                        4         21         4           25 
    U_S0_add_41_16                  add_unsigned_487_2269                        4         21         4           25 
  gen_filter[11].U_S0               filter_6_bit_width10_11                    444       2982      1045         4026 
    csa_tree_U_S25_add_18_10_groupi csa_tree_U_S25_add_18_10_group_43_3         49        348        98          446 
    csa_tree_U_S5_add_18_10_groupi  csa_tree_U_S5_add_18_10_group_45_3          49        348        98          446 
    csa_tree_U_S14_add_18_10_groupi csa_tree_U_S14_add_18_10_group_39_2003      32        248        60          308 
    csa_tree_U_S23_add_18_10_groupi csa_tree_U_S23_add_18_10_group_530_1987     24        215        45          260 
    csa_tree_U_S3_add_18_10_groupi  csa_tree_U_S3_add_18_10_group_532_1954      24        215        45          260 
    csa_tree_U_S15_add_41_16_groupi csa_tree_U_S15_add_41_16_group_37_3         24        204        45          249 
    csa_tree_U_S13_add_18_10_groupi csa_tree_U_S13_add_18_10_group_41_1970      20        145        34          179 
    addinc_U_5_U_S0_add_18_16       add_signed_carry_168_2303                   22        109        28          137 
    addinc_U_0_U_S0_add_18_16       add_signed_carry_168_2304                   22        109        28          137 
    addinc_U_S22_add_18_16          add_signed_carry_10_2138                    15        118        18          136 
    addinc_U_S2_add_18_16           add_signed_carry_10_2139                    15        118        18          136 
    addinc_U_4_U_S1_add_18_16       add_signed_carry_32_2171                    12         93        14          107 
    addinc_U_1_U_S1_add_18_16       add_signed_carry_32_2172                    12         93        14          107 
    U_4_U_S0_add_18_10              add_signed_511_2238                          9         80        11           91 
    U_3_U_S1_add_18_10              add_signed_506_2337                          9         80        11           91 
    U_3_U_S0_add_18_10              add_signed_511_1719_2204                     9         80        11           91 
    U_2_U_S1_add_18_10              add_signed_506_2336                          9         80        11           91 
    U_2_U_S0_add_18_10              add_signed_511_1719_2205                     9         80        11           91 
    U_1_U_S0_add_18_10              add_signed_511_2237                          9         80        11           91 
    U_S20_add_41_16                 add_unsigned_487_2270                        4         21         4           25 
    U_S0_add_41_16                  add_unsigned_487_2271                        4         21         4           25 
  gen_filter[10].U_S0               filter_6_bit_width10_10                    444       2982      1045         4026 
    csa_tree_U_S25_add_18_10_groupi csa_tree_U_S25_add_18_10_group_43_2         49        348        98          446 
    csa_tree_U_S5_add_18_10_groupi  csa_tree_U_S5_add_18_10_group_45_2          49        348        98          446 
    csa_tree_U_S14_add_18_10_groupi csa_tree_U_S14_add_18_10_group_39_2002      32        248        60          308 
    csa_tree_U_S23_add_18_10_groupi csa_tree_U_S23_add_18_10_group_530_1986     24        215        45          260 
    csa_tree_U_S3_add_18_10_groupi  csa_tree_U_S3_add_18_10_group_532_1953      24        215        45          260 
    csa_tree_U_S15_add_41_16_groupi csa_tree_U_S15_add_41_16_group_37_2         24        204        45          249 
    csa_tree_U_S13_add_18_10_groupi csa_tree_U_S13_add_18_10_group_41_1969      20        145        34          179 
    addinc_U_5_U_S0_add_18_16       add_signed_carry_168_2305                   22        109        28          137 
    addinc_U_0_U_S0_add_18_16       add_signed_carry_168_2306                   22        109        28          137 
    addinc_U_S22_add_18_16          add_signed_carry_10_2140                    15        118        18          136 
    addinc_U_S2_add_18_16           add_signed_carry_10_2141                    15        118        18          136 
    addinc_U_4_U_S1_add_18_16       add_signed_carry_32_2173                    12         93        14          107 
    addinc_U_1_U_S1_add_18_16       add_signed_carry_32_2174                    12         93        14          107 
    U_4_U_S0_add_18_10              add_signed_511_2240                          9         80        11           91 
    U_3_U_S1_add_18_10              add_signed_506_2339                          9         80        11           91 
    U_3_U_S0_add_18_10              add_signed_511_1719_2206                     9         80        11           91 
    U_2_U_S1_add_18_10              add_signed_506_2338                          9         80        11           91 
    U_2_U_S0_add_18_10              add_signed_511_1719_2207                     9         80        11           91 
    U_1_U_S0_add_18_10              add_signed_511_2239                          9         80        11           91 
    U_S20_add_41_16                 add_unsigned_487_2272                        4         21         4           25 
    U_S0_add_41_16                  add_unsigned_487_2273                        4         21         4           25 
  gen_filter[9].U_S0                filter_6_bit_width10_9                     444       2982      1045         4026 
    csa_tree_U_S25_add_18_10_groupi csa_tree_U_S25_add_18_10_group_43_16        49        348        98          446 
    csa_tree_U_S5_add_18_10_groupi  csa_tree_U_S5_add_18_10_group_45_16         49        348        98          446 
    csa_tree_U_S14_add_18_10_groupi csa_tree_U_S14_add_18_10_group_39           32        248        60          308 
    csa_tree_U_S23_add_18_10_groupi csa_tree_U_S23_add_18_10_group_530          24        215        45          260 
    csa_tree_U_S3_add_18_10_groupi  csa_tree_U_S3_add_18_10_group_532           24        215        45          260 
    csa_tree_U_S15_add_41_16_groupi csa_tree_U_S15_add_41_16_group_37_16        24        204        45          249 
    csa_tree_U_S13_add_18_10_groupi csa_tree_U_S13_add_18_10_group_41           20        145        34          179 
    addinc_U_5_U_S0_add_18_16       add_signed_carry_168_2277                   22        109        28          137 
    addinc_U_0_U_S0_add_18_16       add_signed_carry_168_2278                   22        109        28          137 
    addinc_U_S22_add_18_16          add_signed_carry_10_2112                    15        118        18          136 
    addinc_U_S2_add_18_16           add_signed_carry_10_2113                    15        118        18          136 
    addinc_U_4_U_S1_add_18_16       add_signed_carry_32_2145                    12         93        14          107 
    addinc_U_1_U_S1_add_18_16       add_signed_carry_32_2146                    12         93        14          107 
    U_4_U_S0_add_18_10              add_signed_511_2212                          9         80        11           91 
    U_3_U_S1_add_18_10              add_signed_506_2311                          9         80        11           91 
    U_3_U_S0_add_18_10              add_signed_511_1719_2178                     9         80        11           91 
    U_2_U_S1_add_18_10              add_signed_506_2310                          9         80        11           91 
    U_2_U_S0_add_18_10              add_signed_511_1719_2179                     9         80        11           91 
    U_1_U_S0_add_18_10              add_signed_511_2211                          9         80        11           91 
    U_S20_add_41_16                 add_unsigned_487_2244                        4         21         4           25 
    U_S0_add_41_16                  add_unsigned_487_2245                        4         21         4           25 
  gen_filter[8].U_S0                filter_6_bit_width10_8                     444       2982      1045         4026 
    csa_tree_U_S25_add_18_10_groupi csa_tree_U_S25_add_18_10_group_43_15        49        348        98          446 
    csa_tree_U_S5_add_18_10_groupi  csa_tree_U_S5_add_18_10_group_45_15         49        348        98          446 
    csa_tree_U_S14_add_18_10_groupi csa_tree_U_S14_add_18_10_group_39_2015      32        248        60          308 
    csa_tree_U_S23_add_18_10_groupi csa_tree_U_S23_add_18_10_group_530_1999     24        215        45          260 
    csa_tree_U_S3_add_18_10_groupi  csa_tree_U_S3_add_18_10_group_532_1966      24        215        45          260 
    csa_tree_U_S15_add_41_16_groupi csa_tree_U_S15_add_41_16_group_37_15        24        204        45          249 
    csa_tree_U_S13_add_18_10_groupi csa_tree_U_S13_add_18_10_group_41_1982      20        145        34          179 
    addinc_U_5_U_S0_add_18_16       add_signed_carry_168_2279                   22        109        28          137 
    addinc_U_0_U_S0_add_18_16       add_signed_carry_168_2280                   22        109        28          137 
    addinc_U_S22_add_18_16          add_signed_carry_10_2114                    15        118        18          136 
    addinc_U_S2_add_18_16           add_signed_carry_10_2115                    15        118        18          136 
    addinc_U_4_U_S1_add_18_16       add_signed_carry_32_2147                    12         93        14          107 
    addinc_U_1_U_S1_add_18_16       add_signed_carry_32_2148                    12         93        14          107 
    U_4_U_S0_add_18_10              add_signed_511_2214                          9         80        11           91 
    U_3_U_S1_add_18_10              add_signed_506_2313                          9         80        11           91 
    U_3_U_S0_add_18_10              add_signed_511_1719_2180                     9         80        11           91 
    U_2_U_S1_add_18_10              add_signed_506_2312                          9         80        11           91 
    U_2_U_S0_add_18_10              add_signed_511_1719_2181                     9         80        11           91 
    U_1_U_S0_add_18_10              add_signed_511_2213                          9         80        11           91 
    U_S20_add_41_16                 add_unsigned_487_2246                        4         21         4           25 
    U_S0_add_41_16                  add_unsigned_487_2247                        4         21         4           25 
  gen_filter[7].U_S0                filter_6_bit_width10_7                     444       2982      1045         4026 
    csa_tree_U_S25_add_18_10_groupi csa_tree_U_S25_add_18_10_group_43_14        49        348        98          446 
    csa_tree_U_S5_add_18_10_groupi  csa_tree_U_S5_add_18_10_group_45_14         49        348        98          446 
    csa_tree_U_S14_add_18_10_groupi csa_tree_U_S14_add_18_10_group_39_2014      32        248        60          308 
    csa_tree_U_S23_add_18_10_groupi csa_tree_U_S23_add_18_10_group_530_1998     24        215        45          260 
    csa_tree_U_S3_add_18_10_groupi  csa_tree_U_S3_add_18_10_group_532_1965      24        215        45          260 
    csa_tree_U_S15_add_41_16_groupi csa_tree_U_S15_add_41_16_group_37_14        24        204        45          249 
    csa_tree_U_S13_add_18_10_groupi csa_tree_U_S13_add_18_10_group_41_1981      20        145        34          179 
    addinc_U_5_U_S0_add_18_16       add_signed_carry_168_2281                   22        109        28          137 
    addinc_U_0_U_S0_add_18_16       add_signed_carry_168_2282                   22        109        28          137 
    addinc_U_S22_add_18_16          add_signed_carry_10_2116                    15        118        18          136 
    addinc_U_S2_add_18_16           add_signed_carry_10_2117                    15        118        18          136 
    addinc_U_4_U_S1_add_18_16       add_signed_carry_32_2149                    12         93        14          107 
    addinc_U_1_U_S1_add_18_16       add_signed_carry_32_2150                    12         93        14          107 
    U_4_U_S0_add_18_10              add_signed_511_2216                          9         80        11           91 
    U_3_U_S1_add_18_10              add_signed_506_2315                          9         80        11           91 
    U_3_U_S0_add_18_10              add_signed_511_1719_2182                     9         80        11           91 
    U_2_U_S1_add_18_10              add_signed_506_2314                          9         80        11           91 
    U_2_U_S0_add_18_10              add_signed_511_1719_2183                     9         80        11           91 
    U_1_U_S0_add_18_10              add_signed_511_2215                          9         80        11           91 
    U_S20_add_41_16                 add_unsigned_487_2248                        4         21         4           25 
    U_S0_add_41_16                  add_unsigned_487_2249                        4         21         4           25 
  gen_filter[6].U_S0                filter_6_bit_width10_6                     444       2982      1045         4026 
    csa_tree_U_S25_add_18_10_groupi csa_tree_U_S25_add_18_10_group_43_13        49        348        98          446 
    csa_tree_U_S5_add_18_10_groupi  csa_tree_U_S5_add_18_10_group_45_13         49        348        98          446 
    csa_tree_U_S14_add_18_10_groupi csa_tree_U_S14_add_18_10_group_39_2013      32        248        60          308 
    csa_tree_U_S23_add_18_10_groupi csa_tree_U_S23_add_18_10_group_530_1997     24        215        45          260 
    csa_tree_U_S3_add_18_10_groupi  csa_tree_U_S3_add_18_10_group_532_1964      24        215        45          260 
    csa_tree_U_S15_add_41_16_groupi csa_tree_U_S15_add_41_16_group_37_13        24        204        45          249 
    csa_tree_U_S13_add_18_10_groupi csa_tree_U_S13_add_18_10_group_41_1980      20        145        34          179 
    addinc_U_5_U_S0_add_18_16       add_signed_carry_168_2283                   22        109        28          137 
    addinc_U_0_U_S0_add_18_16       add_signed_carry_168_2284                   22        109        28          137 
    addinc_U_S22_add_18_16          add_signed_carry_10_2118                    15        118        18          136 
    addinc_U_S2_add_18_16           add_signed_carry_10_2119                    15        118        18          136 
    addinc_U_4_U_S1_add_18_16       add_signed_carry_32_2151                    12         93        14          107 
    addinc_U_1_U_S1_add_18_16       add_signed_carry_32_2152                    12         93        14          107 
    U_4_U_S0_add_18_10              add_signed_511_2218                          9         80        11           91 
    U_3_U_S1_add_18_10              add_signed_506_2317                          9         80        11           91 
    U_3_U_S0_add_18_10              add_signed_511_1719_2184                     9         80        11           91 
    U_2_U_S1_add_18_10              add_signed_506_2316                          9         80        11           91 
    U_2_U_S0_add_18_10              add_signed_511_1719_2185                     9         80        11           91 
    U_1_U_S0_add_18_10              add_signed_511_2217                          9         80        11           91 
    U_S20_add_41_16                 add_unsigned_487_2250                        4         21         4           25 
    U_S0_add_41_16                  add_unsigned_487_2251                        4         21         4           25 
  gen_filter[5].U_S0                filter_6_bit_width10_5                     444       2982      1045         4026 
    csa_tree_U_S25_add_18_10_groupi csa_tree_U_S25_add_18_10_group_43_12        49        348        98          446 
    csa_tree_U_S5_add_18_10_groupi  csa_tree_U_S5_add_18_10_group_45_12         49        348        98          446 
    csa_tree_U_S14_add_18_10_groupi csa_tree_U_S14_add_18_10_group_39_2012      32        248        60          308 
    csa_tree_U_S23_add_18_10_groupi csa_tree_U_S23_add_18_10_group_530_1996     24        215        45          260 
    csa_tree_U_S3_add_18_10_groupi  csa_tree_U_S3_add_18_10_group_532_1963      24        215        45          260 
    csa_tree_U_S15_add_41_16_groupi csa_tree_U_S15_add_41_16_group_37_12        24        204        45          249 
    csa_tree_U_S13_add_18_10_groupi csa_tree_U_S13_add_18_10_group_41_1979      20        145        34          179 
    addinc_U_5_U_S0_add_18_16       add_signed_carry_168_2285                   22        109        28          137 
    addinc_U_0_U_S0_add_18_16       add_signed_carry_168_2286                   22        109        28          137 
    addinc_U_S22_add_18_16          add_signed_carry_10_2120                    15        118        18          136 
    addinc_U_S2_add_18_16           add_signed_carry_10_2121                    15        118        18          136 
    addinc_U_4_U_S1_add_18_16       add_signed_carry_32_2153                    12         93        14          107 
    addinc_U_1_U_S1_add_18_16       add_signed_carry_32_2154                    12         93        14          107 
    U_4_U_S0_add_18_10              add_signed_511_2220                          9         80        11           91 
    U_3_U_S1_add_18_10              add_signed_506_2319                          9         80        11           91 
    U_3_U_S0_add_18_10              add_signed_511_1719_2186                     9         80        11           91 
    U_2_U_S1_add_18_10              add_signed_506_2318                          9         80        11           91 
    U_2_U_S0_add_18_10              add_signed_511_1719_2187                     9         80        11           91 
    U_1_U_S0_add_18_10              add_signed_511_2219                          9         80        11           91 
    U_S20_add_41_16                 add_unsigned_487_2252                        4         21         4           25 
    U_S0_add_41_16                  add_unsigned_487_2253                        4         21         4           25 
  gen_filter[4].U_S0                filter_6_bit_width10_4                     444       2982      1045         4026 
    csa_tree_U_S25_add_18_10_groupi csa_tree_U_S25_add_18_10_group_43_11        49        348        98          446 
    csa_tree_U_S5_add_18_10_groupi  csa_tree_U_S5_add_18_10_group_45_11         49        348        98          446 
    csa_tree_U_S14_add_18_10_groupi csa_tree_U_S14_add_18_10_group_39_2011      32        248        60          308 
    csa_tree_U_S23_add_18_10_groupi csa_tree_U_S23_add_18_10_group_530_1995     24        215        45          260 
    csa_tree_U_S3_add_18_10_groupi  csa_tree_U_S3_add_18_10_group_532_1962      24        215        45          260 
    csa_tree_U_S15_add_41_16_groupi csa_tree_U_S15_add_41_16_group_37_11        24        204        45          249 
    csa_tree_U_S13_add_18_10_groupi csa_tree_U_S13_add_18_10_group_41_1978      20        145        34          179 
    addinc_U_5_U_S0_add_18_16       add_signed_carry_168_2287                   22        109        28          137 
    addinc_U_0_U_S0_add_18_16       add_signed_carry_168_2288                   22        109        28          137 
    addinc_U_S22_add_18_16          add_signed_carry_10_2122                    15        118        18          136 
    addinc_U_S2_add_18_16           add_signed_carry_10_2123                    15        118        18          136 
    addinc_U_4_U_S1_add_18_16       add_signed_carry_32_2155                    12         93        14          107 
    addinc_U_1_U_S1_add_18_16       add_signed_carry_32_2156                    12         93        14          107 
    U_4_U_S0_add_18_10              add_signed_511_2222                          9         80        11           91 
    U_3_U_S1_add_18_10              add_signed_506_2321                          9         80        11           91 
    U_3_U_S0_add_18_10              add_signed_511_1719_2188                     9         80        11           91 
    U_2_U_S1_add_18_10              add_signed_506_2320                          9         80        11           91 
    U_2_U_S0_add_18_10              add_signed_511_1719_2189                     9         80        11           91 
    U_1_U_S0_add_18_10              add_signed_511_2221                          9         80        11           91 
    U_S20_add_41_16                 add_unsigned_487_2254                        4         21         4           25 
    U_S0_add_41_16                  add_unsigned_487_2255                        4         21         4           25 
  gen_filter[3].U_S0                filter_6_bit_width10_3                     444       2982      1045         4026 
    csa_tree_U_S25_add_18_10_groupi csa_tree_U_S25_add_18_10_group_43_10        49        348        98          446 
    csa_tree_U_S5_add_18_10_groupi  csa_tree_U_S5_add_18_10_group_45_10         49        348        98          446 
    csa_tree_U_S14_add_18_10_groupi csa_tree_U_S14_add_18_10_group_39_2010      32        248        60          308 
    csa_tree_U_S23_add_18_10_groupi csa_tree_U_S23_add_18_10_group_530_1994     24        215        45          260 
    csa_tree_U_S3_add_18_10_groupi  csa_tree_U_S3_add_18_10_group_532_1961      24        215        45          260 
    csa_tree_U_S15_add_41_16_groupi csa_tree_U_S15_add_41_16_group_37_10        24        204        45          249 
    csa_tree_U_S13_add_18_10_groupi csa_tree_U_S13_add_18_10_group_41_1977      20        145        34          179 
    addinc_U_5_U_S0_add_18_16       add_signed_carry_168_2289                   22        109        28          137 
    addinc_U_0_U_S0_add_18_16       add_signed_carry_168_2290                   22        109        28          137 
    addinc_U_S22_add_18_16          add_signed_carry_10_2124                    15        118        18          136 
    addinc_U_S2_add_18_16           add_signed_carry_10_2125                    15        118        18          136 
    addinc_U_4_U_S1_add_18_16       add_signed_carry_32_2157                    12         93        14          107 
    addinc_U_1_U_S1_add_18_16       add_signed_carry_32_2158                    12         93        14          107 
    U_4_U_S0_add_18_10              add_signed_511_2224                          9         80        11           91 
    U_3_U_S1_add_18_10              add_signed_506_2323                          9         80        11           91 
    U_3_U_S0_add_18_10              add_signed_511_1719_2190                     9         80        11           91 
    U_2_U_S1_add_18_10              add_signed_506_2322                          9         80        11           91 
    U_2_U_S0_add_18_10              add_signed_511_1719_2191                     9         80        11           91 
    U_1_U_S0_add_18_10              add_signed_511_2223                          9         80        11           91 
    U_S20_add_41_16                 add_unsigned_487_2256                        4         21         4           25 
    U_S0_add_41_16                  add_unsigned_487_2257                        4         21         4           25 
  gen_filter[2].U_S0                filter_6_bit_width10_2                     444       2982      1045         4026 
    csa_tree_U_S25_add_18_10_groupi csa_tree_U_S25_add_18_10_group_43_9         49        348        98          446 
    csa_tree_U_S5_add_18_10_groupi  csa_tree_U_S5_add_18_10_group_45_9          49        348        98          446 
    csa_tree_U_S14_add_18_10_groupi csa_tree_U_S14_add_18_10_group_39_2009      32        248        60          308 
    csa_tree_U_S23_add_18_10_groupi csa_tree_U_S23_add_18_10_group_530_1993     24        215        45          260 
    csa_tree_U_S3_add_18_10_groupi  csa_tree_U_S3_add_18_10_group_532_1960      24        215        45          260 
    csa_tree_U_S15_add_41_16_groupi csa_tree_U_S15_add_41_16_group_37_9         24        204        45          249 
    csa_tree_U_S13_add_18_10_groupi csa_tree_U_S13_add_18_10_group_41_1976      20        145        34          179 
    addinc_U_5_U_S0_add_18_16       add_signed_carry_168_2291                   22        109        28          137 
    addinc_U_0_U_S0_add_18_16       add_signed_carry_168_2292                   22        109        28          137 
    addinc_U_S22_add_18_16          add_signed_carry_10_2126                    15        118        18          136 
    addinc_U_S2_add_18_16           add_signed_carry_10_2127                    15        118        18          136 
    addinc_U_4_U_S1_add_18_16       add_signed_carry_32_2159                    12         93        14          107 
    addinc_U_1_U_S1_add_18_16       add_signed_carry_32_2160                    12         93        14          107 
    U_4_U_S0_add_18_10              add_signed_511_2226                          9         80        11           91 
    U_3_U_S1_add_18_10              add_signed_506_2325                          9         80        11           91 
    U_3_U_S0_add_18_10              add_signed_511_1719_2192                     9         80        11           91 
    U_2_U_S1_add_18_10              add_signed_506_2324                          9         80        11           91 
    U_2_U_S0_add_18_10              add_signed_511_1719_2193                     9         80        11           91 
    U_1_U_S0_add_18_10              add_signed_511_2225                          9         80        11           91 
    U_S20_add_41_16                 add_unsigned_487_2258                        4         21         4           25 
    U_S0_add_41_16                  add_unsigned_487_2259                        4         21         4           25 
  gen_filter[0].U_S0                filter_6_bit_width10                       444       2982      1045         4026 
    csa_tree_U_S25_add_18_10_groupi csa_tree_U_S25_add_18_10_group_43           49        348        98          446 
    csa_tree_U_S5_add_18_10_groupi  csa_tree_U_S5_add_18_10_group_45            49        348        98          446 
    csa_tree_U_S14_add_18_10_groupi csa_tree_U_S14_add_18_10_group_39_2000      32        248        60          308 
    csa_tree_U_S23_add_18_10_groupi csa_tree_U_S23_add_18_10_group_530_1984     24        215        45          260 
    csa_tree_U_S3_add_18_10_groupi  csa_tree_U_S3_add_18_10_group_532_1951      24        215        45          260 
    csa_tree_U_S15_add_41_16_groupi csa_tree_U_S15_add_41_16_group_37           24        204        45          249 
    csa_tree_U_S13_add_18_10_groupi csa_tree_U_S13_add_18_10_group_41_1967      20        145        34          179 
    addinc_U_5_U_S0_add_18_16       add_signed_carry_168_2309                   22        109        28          137 
    addinc_U_0_U_S0_add_18_16       add_signed_carry_168                        22        109        28          137 
    addinc_U_S22_add_18_16          add_signed_carry_10_2144                    15        118        18          136 
    addinc_U_S2_add_18_16           add_signed_carry_10                         15        118        18          136 
    addinc_U_4_U_S1_add_18_16       add_signed_carry_32_2177                    12         93        14          107 
    addinc_U_1_U_S1_add_18_16       add_signed_carry_32                         12         93        14          107 
    U_4_U_S0_add_18_10              add_signed_511                               9         80        11           91 
    U_3_U_S1_add_18_10              add_signed_506                               9         80        11           91 
    U_3_U_S0_add_18_10              add_signed_511_1719_2210                     9         80        11           91 
    U_2_U_S1_add_18_10              add_signed_506_2342                          9         80        11           91 
    U_2_U_S0_add_18_10              add_signed_511_1719                          9         80        11           91 
    U_1_U_S0_add_18_10              add_signed_511_2243                          9         80        11           91 
    U_S20_add_41_16                 add_unsigned_487_2276                        4         21         4           25 
    U_S0_add_41_16                  add_unsigned_487                             4         21         4           25 
