============================================================
  Generated by:           Genus(TM) Synthesis Solution 17.10-p007_1
  Generated on:           Mar 03 2020  08:00:35 pm
  Module:                 INTER_6
  Technology libraries:   CORE65LPSVT 
                          CLOCK65LPSVT 
                          physical_cells 
  Operating conditions:   _nominal_ 
  Interconnect mode:      global
  Area mode:              physical library
============================================================

       Instance                Module          Cells  Cell Area  Net Area   Total Area 
---------------------------------------------------------------------------------------
INTER_6                                         8334      58558     22305        80863 
  gen_filter[15].U_S0 filter_6_bit_width10_15    446       2985      1046         4031 
  gen_filter[1].U_S0  filter_6_bit_width10_1     445       2983      1045         4029 
  gen_filter[16].U_S0 filter_6_bit_width10_16    444       2982      1045         4026 
  gen_filter[14].U_S0 filter_6_bit_width10_14    444       2982      1045         4026 
  gen_filter[13].U_S0 filter_6_bit_width10_13    444       2982      1045         4026 
  gen_filter[12].U_S0 filter_6_bit_width10_12    444       2982      1045         4026 
  gen_filter[11].U_S0 filter_6_bit_width10_11    444       2982      1045         4026 
  gen_filter[10].U_S0 filter_6_bit_width10_10    444       2982      1045         4026 
  gen_filter[9].U_S0  filter_6_bit_width10_9     444       2982      1045         4026 
  gen_filter[8].U_S0  filter_6_bit_width10_8     444       2982      1045         4026 
  gen_filter[7].U_S0  filter_6_bit_width10_7     444       2982      1045         4026 
  gen_filter[6].U_S0  filter_6_bit_width10_6     444       2982      1045         4026 
  gen_filter[5].U_S0  filter_6_bit_width10_5     444       2982      1045         4026 
  gen_filter[4].U_S0  filter_6_bit_width10_4     444       2982      1045         4026 
  gen_filter[3].U_S0  filter_6_bit_width10_3     444       2982      1045         4026 
  gen_filter[2].U_S0  filter_6_bit_width10_2     444       2982      1045         4026 
  gen_filter[0].U_S0  filter_6_bit_width10       444       2982      1045         4026 
