============================================================
  Generated by:           Genus(TM) Synthesis Solution 17.10-p007_1
  Generated on:           Mar 03 2020  08:00:36 pm
  Module:                 INTER_6
  Technology libraries:   CORE65LPSVT 
                          CLOCK65LPSVT 
                          physical_cells 
  Operating conditions:   _nominal_ 
  Interconnect mode:      global
  Area mode:              physical library
============================================================

                                         Leakage   Internal  
      Gate        Instances    Area    Power (uW) Power (uW)     Library    
----------------------------------------------------------------------------
HS65_LSS_XNOR2X6         68    282.880      0.459     10.552    CORE65LPSVT 
HS65_LSS_XOR2X6          85    353.600      0.490     16.846    CORE65LPSVT 
HS65_LSS_XOR3X2         102    795.600      0.556     21.558    CORE65LPSVT 
HS65_LS_AO12X9           68    247.520      0.301     17.793    CORE65LPSVT 
HS65_LS_AO32X4           34    159.120      0.092      6.083    CORE65LPSVT 
HS65_LS_BFX27            28    101.920      0.354      6.695    CORE65LPSVT 
HS65_LS_CNIVX7           34     53.040      0.060      1.410    CORE65LPSVT 
HS65_LS_DFPRQNX9         24    249.600      0.236     50.548    CORE65LPSVT 
HS65_LS_DFPRQX18        158   1725.360      2.087    345.388    CORE65LPSVT 
HS65_LS_DFPRQX4         510   5304.000      4.460   1699.904    CORE65LPSVT 
HS65_LS_DFPRQX9          38    395.200      0.381     79.322    CORE65LPSVT 
HS65_LS_FA1X4          4420  41371.200     27.521   2728.937    CORE65LPSVT 
HS65_LS_HA1X4           442   2298.400      2.272     93.002    CORE65LPSVT 
HS65_LS_IVX18            34     70.720      0.177      3.085    CORE65LPSVT 
HS65_LS_IVX2              1      1.560      0.001      0.038    CORE65LPSVT 
HS65_LS_IVX35            24     87.360      0.306      2.736    CORE65LPSVT 
HS65_LS_IVX7             17     26.520      0.031      0.538    CORE65LPSVT 
HS65_LS_IVX9           1754   2736.240      4.152     93.468    CORE65LPSVT 
HS65_LS_NAND2AX7         34    106.080      0.129      2.581    CORE65LPSVT 
HS65_LS_NOR2AX13         17     70.720      0.085     10.932    CORE65LPSVT 
HS65_LS_NOR2X6           68    141.440      0.202      4.872    CORE65LPSVT 
HS65_LS_OR2X9            34    106.080      0.109      5.857    CORE65LPSVT 
HS65_LS_PAO2X9          204    954.720      0.974    109.200    CORE65LPSVT 
HS65_LS_PAO3X4           17     79.560      0.045      2.925    CORE65LPSVT 
HS65_LS_PAOI2X1          17     61.880      0.020      1.863    CORE65LPSVT 
HS65_LS_PAOI2X6          34    141.440      0.170      3.038    CORE65LPSVT 
HS65_LS_XOR3X9           68    636.480      0.500     20.776    CORE65LPSVT 
----------------------------------------------------------------------------
total                  8334  58558.240     46.172   5339.947                


                                            Leakage  Leakage  Internal  Internal 
     Type      Instances    Area   Area % Power (uW) Power % Power (uW)  Power % 
---------------------------------------------------------------------------------
sequential           730  7674.160   13.1      7.164    15.5   2175.163     40.7 
inverter            1864  2975.440    5.1      4.727    10.2    101.275      1.9 
buffer                28   101.920    0.2      0.354     0.8      6.695      0.1 
logic               5712 47806.720   81.6     33.927    73.5   3056.814     57.2 
physical_cells         0     0.000    0.0      0.000     0.0      0.000      0.0 
---------------------------------------------------------------------------------
total               8334 58558.240  100.0     46.172   100.0   5339.947    100.0 

