============================================================
  Generated by:           Genus(TM) Synthesis Solution 17.10-p007_1
  Generated on:           Mar 03 2020  08:00:36 pm
  Module:                 INTER_6
  Technology libraries:   CORE65LPSVT 
                          CLOCK65LPSVT 
                          physical_cells 
  Operating conditions:   _nominal_ 
  Interconnect mode:      global
  Area mode:              physical library
============================================================

                                     Leakage   Internal    Net        Dynamic          Total       
                                                                  (Internal+Net) (Leakage+Dynamic) 
           Instance           Cells Power(uW) Power(uW) Power(uW)    Power(uW)       Power(uW)     
---------------------------------------------------------------------------------------------------
INTER_6                        8334    46.172  5339.947  4290.905       9630.852          9677.023 
  gen_filter[15].U_S0           446     2.261   175.341   199.578        374.919           377.180 
    csa_tree_U.._18_10_groupi    49     0.257    34.174    33.848         68.022            68.279 
    csa_tree_U.._18_10_groupi    49     0.257    33.904    33.609         67.513            67.770 
    csa_tree_U.._18_10_groupi    32     0.182    17.340    18.089         35.429            35.611 
    csa_tree_U.._18_10_groupi    24     0.148    10.878    11.496         22.373            22.521 
    csa_tree_U.._18_10_groupi    24     0.147    10.607    11.175         21.782            21.929 
    csa_tree_U.._41_16_groupi    24     0.137    21.157    19.879         41.036            41.174 
    csa_tree_U.._18_10_groupi    20     0.111     5.440     6.349         11.789            11.900 
    addinc_U_5_U_S0_add_18_16    22     0.100     2.542     4.290          6.832             6.932 
    addinc_U_0_U_S0_add_18_16    22     0.099     3.097     5.061          8.158             8.257 
    addinc_U_S22_add_18_16       15     0.084     4.899     5.389         10.288            10.372 
    addinc_U_S2_add_18_16        15     0.084     5.362     5.898         11.259            11.343 
    addinc_U_1_U_S1_add_18_16    12     0.069     3.594     3.718          7.312             7.381 
    addinc_U_4_U_S1_add_18_16    12     0.069     2.595     2.880          5.475             5.544 
    U_2_U_S0_add_18_10            9     0.055     2.267     3.556          5.823             5.877 
    U_2_U_S1_add_18_10            9     0.055     2.383     3.814          6.197             6.252 
    U_4_U_S0_add_18_10            9     0.055     2.455     3.910          6.365             6.420 
    U_1_U_S0_add_18_10            9     0.054     2.690     4.188          6.878             6.932 
    U_3_U_S0_add_18_10            9     0.054     2.844     4.493          7.337             7.391 
    U_3_U_S1_add_18_10            9     0.054     2.425     3.991          6.416             6.470 
    U_S0_add_41_16                4     0.021     0.449     0.547          0.996             1.017 
    U_S20_add_41_16               4     0.021     0.645     0.792          1.437             1.458 
  gen_filter[1].U_S0            445     2.258   188.447   213.477        401.924           404.183 
    csa_tree_U.._18_10_groupi    49     0.257    36.984    36.957         73.941            74.198 
    csa_tree_U.._18_10_groupi    49     0.257    34.647    34.318         68.965            69.223 
    csa_tree_U.._18_10_groupi    32     0.182    19.282    20.313         39.595            39.777 
    csa_tree_U.._18_10_groupi    24     0.148    11.773    12.431         24.204            24.352 
    csa_tree_U.._18_10_groupi    24     0.147    11.762    12.378         24.139            24.287 
    csa_tree_U.._41_16_groupi    24     0.138    23.676    22.271         45.947            46.085 
    csa_tree_U.._18_10_groupi    20     0.111     7.696     8.879         16.575            16.686 
    addinc_U_5_U_S0_add_18_16    22     0.100     3.228     5.376          8.605             8.704 
    addinc_U_0_U_S0_add_18_16    22     0.100     2.945     4.964          7.909             8.009 
    addinc_U_S22_add_18_16       15     0.084     5.659     6.167         11.826            11.910 
    addinc_U_S2_add_18_16        15     0.084     5.269     5.819         11.089            11.172 
    addinc_U_1_U_S1_add_18_16    12     0.069     2.653     2.759          5.412             5.481 
    addinc_U_4_U_S1_add_18_16    12     0.069     3.359     3.731          7.090             7.159 
    U_3_U_S0_add_18_10            9     0.055     3.009     4.736          7.745             7.800 
    U_3_U_S1_add_18_10            9     0.055     2.791     4.551          7.342             7.396 
    U_2_U_S1_add_18_10            9     0.054     2.334     3.776          6.111             6.165 
    U_2_U_S0_add_18_10            9     0.054     2.428     3.841          6.269             6.323 
    U_4_U_S0_add_18_10            9     0.054     2.180     3.495          5.675             5.729 
    U_1_U_S0_add_18_10            9     0.054     1.947     3.152          5.099             5.153 
    U_S20_add_41_16               4     0.021     0.701     0.833          1.534             1.554 
    U_S0_add_41_16                4     0.020     0.640     0.768          1.408             1.429 
  gen_filter[16].U_S0           444     2.258   173.603   197.226        370.829           373.087 
    csa_tree_U.._18_10_groupi    49     0.257    33.067    32.787         65.854            66.112 
    csa_tree_U.._18_10_groupi    49     0.257    33.647    33.509         67.156            67.412 
    csa_tree_U.._18_10_groupi    32     0.182    17.476    18.536         36.012            36.193 
    csa_tree_U.._18_10_groupi    24     0.147    11.216    11.823         23.038            23.186 
    csa_tree_U.._18_10_groupi    24     0.147    10.500    11.100         21.601            21.748 
    csa_tree_U.._41_16_groupi    24     0.138    21.060    19.651         40.711            40.848 
    csa_tree_U.._18_10_groupi    20     0.111     6.969     8.100         15.069            15.181 
    addinc_U_5_U_S0_add_18_16    22     0.100     2.890     4.964          7.853             7.953 
    addinc_U_0_U_S0_add_18_16    22     0.099     3.190     5.305          8.496             8.595 
    addinc_U_S2_add_18_16        15     0.084     5.037     5.608         10.646            10.730 
    addinc_U_S22_add_18_16       15     0.084     4.581     5.026          9.607             9.690 
    addinc_U_1_U_S1_add_18_16    12     0.069     3.009     3.172          6.181             6.251 
    addinc_U_4_U_S1_add_18_16    12     0.069     2.418     2.601          5.019             5.088 
    U_1_U_S0_add_18_10            9     0.055     2.267     3.547          5.814             5.869 
    U_3_U_S1_add_18_10            9     0.055     1.946     3.186          5.132             5.187 
    U_4_U_S0_add_18_10            9     0.055     1.942     3.107          5.049             5.103 
    U_3_U_S0_add_18_10            9     0.055     2.454     3.923          6.377             6.431 
    U_2_U_S0_add_18_10            9     0.054     2.844     4.443          7.286             7.340 
    U_2_U_S1_add_18_10            9     0.054     2.425     3.991          6.416             6.470 
    U_S0_add_41_16                4     0.021     0.753     0.883          1.637             1.657 
    U_S20_add_41_16               4     0.020     0.678     0.797          1.475             1.495 
  gen_filter[9].U_S0            444     2.256   191.612   217.883        409.495           411.751 
    csa_tree_U.._18_10_groupi    49     0.257    35.926    35.736         71.661            71.919 
    csa_tree_U.._18_10_groupi    49     0.257    36.881    36.620         73.501            73.758 
    csa_tree_U.._18_10_groupi    32     0.181    18.756    19.614         38.370            38.551 
    csa_tree_U.._18_10_groupi    24     0.148    11.385    11.995         23.381            23.528 
    csa_tree_U.._18_10_groupi    24     0.148    12.145    12.799         24.944            25.092 
    csa_tree_U.._41_16_groupi    24     0.137    25.178    23.597         48.775            48.913 
    csa_tree_U.._18_10_groupi    20     0.111     7.642     8.944         16.586            16.697 
    addinc_U_5_U_S0_add_18_16    22     0.100     3.730     6.147          9.877             9.976 
    addinc_U_0_U_S0_add_18_16    22     0.100     3.059     5.031          8.090             8.190 
    addinc_U_S2_add_18_16        15     0.084     5.504     6.101         11.605            11.689 
    addinc_U_S22_add_18_16       15     0.084     5.077     5.607         10.684            10.768 
    addinc_U_4_U_S1_add_18_16    12     0.069     3.451     3.829          7.280             7.348 
    addinc_U_1_U_S1_add_18_16    12     0.068     2.628     2.759          5.386             5.454 
    U_1_U_S0_add_18_10            9     0.055     2.251     3.648          5.899             5.954 
    U_2_U_S1_add_18_10            9     0.055     2.339     3.869          6.208             6.262 
    U_3_U_S1_add_18_10            9     0.055     2.732     4.465          7.197             7.252 
    U_3_U_S0_add_18_10            9     0.054     2.837     4.456          7.292             7.347 
    U_4_U_S0_add_18_10            9     0.054     2.642     4.128          6.770             6.825 
    U_2_U_S0_add_18_10            9     0.054     2.805     4.522          7.327             7.381 
    U_S0_add_41_16                4     0.020     0.430     0.531          0.961             0.982 
    U_S20_add_41_16               4     0.020     0.428     0.544          0.972             0.993 
  gen_filter[5].U_S0            444     2.256   183.158   207.911        391.068           393.324 
    csa_tree_U.._18_10_groupi    49     0.257    34.805    34.464         69.269            69.526 
    csa_tree_U.._18_10_groupi    49     0.257    34.823    34.589         69.412            69.669 
    csa_tree_U.._18_10_groupi    32     0.182    18.304    19.399         37.703            37.885 
    csa_tree_U.._18_10_groupi    24     0.147    11.414    12.053         23.467            23.615 
    csa_tree_U.._18_10_groupi    24     0.147    12.113    12.776         24.889            25.036 
    csa_tree_U.._41_16_groupi    24     0.138    22.346    20.829         43.175            43.313 
    csa_tree_U.._18_10_groupi    20     0.111     6.496     7.569         14.065            14.176 
    addinc_U_5_U_S0_add_18_16    22     0.100     2.981     4.922          7.903             8.003 
    addinc_U_0_U_S0_add_18_16    22     0.099     3.046     5.063          8.109             8.208 
    addinc_U_S2_add_18_16        15     0.084     6.030     6.701         12.731            12.815 
    addinc_U_S22_add_18_16       15     0.084     5.355     5.884         11.239            11.322 
    addinc_U_1_U_S1_add_18_16    12     0.069     3.571     3.740          7.311             7.380 
    addinc_U_4_U_S1_add_18_16    12     0.069     3.013     3.302          6.315             6.384 
    U_1_U_S0_add_18_10            9     0.055     2.987     4.597          7.584             7.638 
    U_2_U_S0_add_18_10            9     0.055     2.119     3.369          5.487             5.542 
    U_2_U_S1_add_18_10            9     0.054     2.370     3.881          6.251             6.305 
    U_3_U_S1_add_18_10            9     0.054     2.267     3.728          5.995             6.049 
    U_4_U_S0_add_18_10            9     0.054     2.151     3.499          5.649             5.703 
    U_3_U_S0_add_18_10            9     0.054     2.357     3.823          6.180             6.234 
    U_S0_add_41_16                4     0.020     0.602     0.756          1.358             1.378 
    U_S20_add_41_16               4     0.020     0.509     0.639          1.148             1.168 
  gen_filter[13].U_S0           444     2.256   191.436   216.854        408.290           410.546 
    csa_tree_U.._18_10_groupi    49     0.257    37.079    36.708         73.786            74.043 
    csa_tree_U.._18_10_groupi    49     0.257    35.369    35.271         70.640            70.897 
    csa_tree_U.._18_10_groupi    32     0.181    20.542    21.665         42.207            42.389 
    csa_tree_U.._18_10_groupi    24     0.148    13.823    14.582         28.404            28.552 
    csa_tree_U.._18_10_groupi    24     0.147    10.910    11.523         22.433            22.580 
    csa_tree_U.._41_16_groupi    24     0.137    22.911    21.486         44.397            44.535 
    csa_tree_U.._18_10_groupi    20     0.111     7.297     8.529         15.827            15.938 
    addinc_U_5_U_S0_add_18_16    22     0.100     3.527     5.901          9.428             9.528 
    addinc_U_0_U_S0_add_18_16    22     0.099     3.243     5.354          8.597             8.697 
    addinc_U_S22_add_18_16       15     0.084     5.166     5.801         10.967            11.051 
    addinc_U_S2_add_18_16        15     0.084     6.154     6.787         12.941            13.025 
    addinc_U_4_U_S1_add_18_16    12     0.069     3.009     3.289          6.298             6.367 
    addinc_U_1_U_S1_add_18_16    12     0.069     3.743     3.910          7.653             7.721 
    U_4_U_S0_add_18_10            9     0.055     2.267     3.592          5.859             5.914 
    U_2_U_S0_add_18_10            9     0.055     1.920     3.053          4.973             5.028 
    U_2_U_S1_add_18_10            9     0.055     1.877     3.238          5.115             5.169 
    U_1_U_S0_add_18_10            9     0.054     2.578     3.994          6.572             6.627 
    U_3_U_S0_add_18_10            9     0.054     2.691     4.308          6.999             7.053 
    U_3_U_S1_add_18_10            9     0.054     2.672     4.419          7.091             7.145 
    U_S20_add_41_16               4     0.020     0.791     0.961          1.752             1.773 
    U_S0_add_41_16                4     0.020     0.439     0.577          1.017             1.037 
  gen_filter[7].U_S0            444     2.256   187.145   212.892        400.037           402.293 
    csa_tree_U.._18_10_groupi    49     0.257    36.774    36.550         73.324            73.581 
    csa_tree_U.._18_10_groupi    49     0.257    35.873    35.728         71.601            71.858 
    csa_tree_U.._18_10_groupi    32     0.182    18.451    19.502         37.954            38.136 
    csa_tree_U.._18_10_groupi    24     0.147    12.342    13.077         25.419            25.566 
    csa_tree_U.._18_10_groupi    24     0.147    11.141    11.777         22.918            23.065 
    csa_tree_U.._41_16_groupi    24     0.137    22.925    21.533         44.458            44.595 
    csa_tree_U.._18_10_groupi    20     0.111     6.921     7.963         14.884            14.996 
    addinc_U_5_U_S0_add_18_16    22     0.100     3.264     5.411          8.676             8.775 
    addinc_U_0_U_S0_add_18_16    22     0.100     2.834     4.678          7.512             7.611 
    addinc_U_S22_add_18_16       15     0.084     5.755     6.332         12.087            12.171 
    addinc_U_S2_add_18_16        15     0.084     5.847     6.446         12.293            12.377 
    addinc_U_1_U_S1_add_18_16    12     0.069     3.070     3.199          6.268             6.337 
    addinc_U_4_U_S1_add_18_16    12     0.068     3.063     3.362          6.425             6.493 
    U_3_U_S1_add_18_10            9     0.055     2.424     4.082          6.507             6.561 
    U_3_U_S0_add_18_10            9     0.055     2.252     3.692          5.943             5.998 
    U_2_U_S1_add_18_10            9     0.054     2.124     3.523          5.646             5.701 
    U_2_U_S0_add_18_10            9     0.054     2.151     3.472          5.623             5.677 
    U_4_U_S0_add_18_10            9     0.054     2.805     4.531          7.335             7.390 
    U_1_U_S0_add_18_10            9     0.054     2.357     3.746          6.103             6.157 
    U_S0_add_41_16                4     0.020     0.619     0.766          1.385             1.405 
    U_S20_add_41_16               4     0.020     0.526     0.642          1.168             1.188 
  gen_filter[6].U_S0            444     2.256   176.745   200.643        377.387           379.643 
    csa_tree_U.._18_10_groupi    49     0.257    33.526    33.127         66.653            66.910 
    csa_tree_U.._18_10_groupi    49     0.257    33.701    33.640         67.341            67.598 
    csa_tree_U.._18_10_groupi    32     0.181    17.987    18.877         36.864            37.046 
    csa_tree_U.._18_10_groupi    24     0.148    10.780    11.342         22.121            22.269 
    csa_tree_U.._18_10_groupi    24     0.147    11.486    12.082         23.567            23.715 
    csa_tree_U.._41_16_groupi    24     0.138    22.090    20.451         42.542            42.679 
    csa_tree_U.._18_10_groupi    20     0.111     6.782     7.899         14.681            14.792 
    addinc_U_0_U_S0_add_18_16    22     0.100     3.228     5.402          8.630             8.730 
    addinc_U_5_U_S0_add_18_16    22     0.099     3.225     5.321          8.546             8.645 
    addinc_U_S22_add_18_16       15     0.084     5.525     6.154         11.679            11.763 
    addinc_U_S2_add_18_16        15     0.084     4.903     5.478         10.381            10.465 
    addinc_U_1_U_S1_add_18_16    12     0.069     2.995     3.210          6.205             6.274 
    addinc_U_4_U_S1_add_18_16    12     0.068     2.628     2.893          5.521             5.589 
    U_4_U_S0_add_18_10            9     0.055     2.252     3.705          5.956             6.011 
    U_1_U_S0_add_18_10            9     0.055     2.119     3.327          5.445             5.500 
    U_2_U_S1_add_18_10            9     0.054     2.267     3.728          5.995             6.049 
    U_3_U_S1_add_18_10            9     0.054     2.124     3.523          5.646             5.701 
    U_3_U_S0_add_18_10            9     0.054     2.151     3.515          5.666             5.720 
    U_2_U_S0_add_18_10            9     0.054     2.357     3.792          6.149             6.203 
    U_S0_add_41_16                4     0.020     0.602     0.730          1.332             1.353 
    U_S20_add_41_16               4     0.020     0.640     0.768          1.408             1.429 
  gen_filter[3].U_S0            444     2.256   186.573   212.528        399.101           401.356 
    csa_tree_U.._18_10_groupi    49     0.257    35.264    35.255         70.518            70.775 
    csa_tree_U.._18_10_groupi    49     0.257    35.499    35.432         70.931            71.187 
    csa_tree_U.._18_10_groupi    32     0.181    18.264    19.317         37.581            37.763 
    csa_tree_U.._18_10_groupi    24     0.148    10.644    11.199         21.843            21.990 
    csa_tree_U.._18_10_groupi    24     0.147    12.079    12.734         24.813            24.961 
    csa_tree_U.._41_16_groupi    24     0.137    23.035    21.360         44.395            44.532 
    csa_tree_U.._18_10_groupi    20     0.111     6.700     7.798         14.498            14.609 
    addinc_U_5_U_S0_add_18_16    22     0.100     3.172     5.249          8.422             8.521 
    addinc_U_0_U_S0_add_18_16    22     0.100     3.057     5.109          8.166             8.265 
    addinc_U_S2_add_18_16        15     0.084     6.832     7.511         14.343            14.427 
    addinc_U_S22_add_18_16       15     0.084     4.993     5.501         10.494            10.578 
    addinc_U_4_U_S1_add_18_16    12     0.069     2.995     3.306          6.301             6.370 
    addinc_U_1_U_S1_add_18_16    12     0.069     3.912     4.079          7.991             8.059 
    U_3_U_S0_add_18_10            9     0.055     2.987     4.654          7.641             7.696 
    U_3_U_S1_add_18_10            9     0.055     2.661     4.319          6.981             7.035 
    U_1_U_S0_add_18_10            9     0.055     3.009     4.715          7.724             7.779 
    U_4_U_S0_add_18_10            9     0.055     2.119     3.374          5.492             5.547 
    U_2_U_S0_add_18_10            9     0.054     2.179     3.535          5.714             5.768 
    U_2_U_S1_add_18_10            9     0.054     2.436     4.137          6.573             6.627 
    U_S20_add_41_16               4     0.020     0.544     0.629          1.173             1.194 
    U_S0_add_41_16                4     0.020     0.639     0.802          1.441             1.462 
  gen_filter[2].U_S0            444     2.255   187.550   213.737        401.287           403.542 
    csa_tree_U.._18_10_groupi    49     0.257    35.520    35.368         70.888            71.145 
    csa_tree_U.._18_10_groupi    49     0.257    37.775    37.591         75.366            75.623 
    csa_tree_U.._18_10_groupi    32     0.182    18.696    19.661         38.357            38.539 
    csa_tree_U.._18_10_groupi    24     0.147    11.098    11.721         22.819            22.967 
    csa_tree_U.._18_10_groupi    24     0.147    11.600    12.280         23.880            24.028 
    csa_tree_U.._41_16_groupi    24     0.137    22.709    21.416         44.124            44.261 
    csa_tree_U.._18_10_groupi    20     0.111     5.884     6.865         12.748            12.860 
    addinc_U_5_U_S0_add_18_16    22     0.100     2.834     4.666          7.499             7.599 
    addinc_U_0_U_S0_add_18_16    22     0.099     2.955     4.998          7.953             8.052 
    addinc_U_S22_add_18_16       15     0.084     5.803     6.442         12.245            12.329 
    addinc_U_S2_add_18_16        15     0.084     5.417     5.992         11.409            11.493 
    addinc_U_1_U_S1_add_18_16    12     0.069     3.289     3.396          6.684             6.754 
    addinc_U_4_U_S1_add_18_16    12     0.069     3.571     3.921          7.492             7.561 
    U_4_U_S0_add_18_10            9     0.055     2.987     4.646          7.633             7.687 
    U_2_U_S0_add_18_10            9     0.055     3.009     4.702          7.711             7.765 
    U_2_U_S1_add_18_10            9     0.055     2.791     4.551          7.342             7.396 
    U_1_U_S0_add_18_10            9     0.054     2.429     3.807          6.236             6.290 
    U_3_U_S0_add_18_10            9     0.054     2.179     3.563          5.742             5.797 
    U_3_U_S1_add_18_10            9     0.054     2.436     4.137          6.573             6.627 
    U_S20_add_41_16               4     0.020     0.382     0.510          0.892             0.912 
    U_S0_add_41_16                4     0.020     0.526     0.642          1.168             1.188 
  gen_filter[8].U_S0            444     2.255   187.393   213.436        400.829           403.084 
    csa_tree_U.._18_10_groupi    49     0.257    36.989    36.717         73.706            73.963 
    csa_tree_U.._18_10_groupi    49     0.257    34.767    34.637         69.404            69.661 
    csa_tree_U.._18_10_groupi    32     0.181    19.185    20.225         39.410            39.591 
    csa_tree_U.._18_10_groupi    24     0.148    11.401    11.984         23.385            23.533 
    csa_tree_U.._18_10_groupi    24     0.147    12.108    12.804         24.912            25.059 
    csa_tree_U.._41_16_groupi    24     0.137    22.683    21.268         43.951            44.088 
    csa_tree_U.._18_10_groupi    20     0.111     7.262     8.468         15.729            15.841 
    addinc_U_0_U_S0_add_18_16    22     0.100     3.172     5.220          8.392             8.491 
    addinc_U_5_U_S0_add_18_16    22     0.099     3.243     5.347          8.591             8.690 
    addinc_U_S2_add_18_16        15     0.084     5.508     6.130         11.638            11.722 
    addinc_U_S22_add_18_16       15     0.083     5.050     5.509         10.559            10.642 
    addinc_U_1_U_S1_add_18_16    12     0.069     3.013     3.197          6.210             6.279 
    addinc_U_4_U_S1_add_18_16    12     0.068     3.083     3.407          6.490             6.558 
    U_2_U_S1_add_18_10            9     0.055     2.424     4.082          6.507             6.561 
    U_2_U_S0_add_18_10            9     0.055     2.252     3.647          5.899             5.953 
    U_3_U_S1_add_18_10            9     0.055     2.339     3.869          6.208             6.262 
    U_4_U_S0_add_18_10            9     0.054     2.837     4.425          7.263             7.317 
    U_1_U_S0_add_18_10            9     0.054     2.150     3.458          5.608             5.663 
    U_3_U_S0_add_18_10            9     0.054     2.805     4.570          7.375             7.429 
    U_S0_add_41_16                4     0.020     0.791     0.961          1.752             1.773 
    U_S20_add_41_16               4     0.020     0.639     0.802          1.441             1.462 
  gen_filter[4].U_S0            444     2.255   186.565   211.743        398.308           400.563 
    csa_tree_U.._18_10_groupi    49     0.257    36.934    36.790         73.723            73.981 
    csa_tree_U.._18_10_groupi    49     0.257    33.645    33.532         67.177            67.434 
    csa_tree_U.._18_10_groupi    32     0.182    20.010    20.941         40.952            41.134 
    csa_tree_U.._18_10_groupi    24     0.148    11.790    12.435         24.225            24.372 
    csa_tree_U.._18_10_groupi    24     0.147    11.583    12.248         23.831            23.978 
    csa_tree_U.._41_16_groupi    24     0.137    23.157    21.669         44.826            44.963 
    csa_tree_U.._18_10_groupi    20     0.111     6.662     7.791         14.453            14.563 
    addinc_U_5_U_S0_add_18_16    22     0.100     3.059     5.022          8.081             8.180 
    addinc_U_0_U_S0_add_18_16    22     0.100     3.438     5.760          9.198             9.297 
    addinc_U_S2_add_18_16        15     0.084     5.517     6.047         11.563            11.647 
    addinc_U_S22_add_18_16       15     0.084     5.181     5.725         10.906            10.990 
    addinc_U_1_U_S1_add_18_16    12     0.069     3.358     3.522          6.881             6.949 
    addinc_U_4_U_S1_add_18_16    12     0.069     3.070     3.416          6.485             6.554 
    U_2_U_S0_add_18_10            9     0.055     2.987     4.613          7.600             7.655 
    U_2_U_S1_add_18_10            9     0.055     2.661     4.319          6.981             7.035 
    U_3_U_S0_add_18_10            9     0.055     2.119     3.402          5.521             5.576 
    U_3_U_S1_add_18_10            9     0.054     2.370     3.881          6.251             6.305 
    U_1_U_S0_add_18_10            9     0.054     2.180     3.438          5.617             5.672 
    U_4_U_S0_add_18_10            9     0.054     2.357     3.803          6.160             6.214 
    U_S20_add_41_16               4     0.020     0.560     0.671          1.231             1.252 
    U_S0_add_41_16                4     0.020     0.428     0.544          0.972             0.993 
  gen_filter[0].U_S0            444     2.255   177.943   202.806        380.749           383.004 
    csa_tree_U.._18_10_groupi    49     0.257    33.696    33.400         67.095            67.353 
    csa_tree_U.._18_10_groupi    49     0.257    33.393    33.387         66.779            67.036 
    csa_tree_U.._18_10_groupi    32     0.181    19.355    20.352         39.708            39.889 
    csa_tree_U.._18_10_groupi    24     0.148    10.909    11.457         22.366            22.513 
    csa_tree_U.._18_10_groupi    24     0.147    11.759    12.427         24.186            24.333 
    csa_tree_U.._41_16_groupi    24     0.137    20.990    19.401         40.391            40.528 
    csa_tree_U.._18_10_groupi    20     0.111     6.685     7.812         14.497            14.608 
    addinc_U_0_U_S0_add_18_16    22     0.099     2.941     5.020          7.962             8.061 
    addinc_U_5_U_S0_add_18_16    22     0.099     3.046     5.050          8.096             8.196 
    addinc_U_S22_add_18_16       15     0.084     5.295     5.794         11.089            11.173 
    addinc_U_S2_add_18_16        15     0.084     4.967     5.431         10.398            10.482 
    addinc_U_4_U_S1_add_18_16    12     0.069     3.912     4.264          8.176             8.245 
    addinc_U_1_U_S1_add_18_16    12     0.068     2.345     2.458          4.804             4.871 
    U_4_U_S0_add_18_10            9     0.055     3.009     4.772          7.781             7.836 
    U_3_U_S1_add_18_10            9     0.054     2.334     3.776          6.111             6.165 
    U_1_U_S0_add_18_10            9     0.054     2.353     3.668          6.021             6.076 
    U_2_U_S1_add_18_10            9     0.054     2.260     3.728          5.988             6.042 
    U_3_U_S0_add_18_10            9     0.054     2.429     3.883          6.312             6.366 
    U_2_U_S0_add_18_10            9     0.054     1.946     3.151          5.097             5.151 
    U_S0_add_41_16                4     0.020     0.509     0.639          1.148             1.168 
    U_S20_add_41_16               4     0.020     0.392     0.510          0.901             0.922 
  gen_filter[10].U_S0           444     2.254   190.938   217.727        408.666           410.920 
    csa_tree_U.._18_10_groupi    49     0.257    36.813    36.656         73.469            73.726 
    csa_tree_U.._18_10_groupi    49     0.257    36.841    36.505         73.346            73.603 
    csa_tree_U.._18_10_groupi    32     0.182    18.993    19.972         38.965            39.146 
    csa_tree_U.._18_10_groupi    24     0.147    11.649    12.250         23.899            24.046 
    csa_tree_U.._18_10_groupi    24     0.147    12.177    12.877         25.054            25.201 
    csa_tree_U.._41_16_groupi    24     0.137    22.185    20.861         43.046            43.182 
    csa_tree_U.._18_10_groupi    20     0.111     6.105     7.077         13.182            13.294 
    addinc_U_0_U_S0_add_18_16    22     0.100     2.981     4.895          7.876             7.975 
    addinc_U_5_U_S0_add_18_16    22     0.099     3.097     5.082          8.179             8.279 
    addinc_U_S22_add_18_16       15     0.084     5.819     6.442         12.261            12.346 
    addinc_U_S2_add_18_16        15     0.084     6.128     6.791         12.919            13.003 
    addinc_U_4_U_S1_add_18_16    12     0.069     3.743     4.106          7.849             7.917 
    addinc_U_1_U_S1_add_18_16    12     0.068     3.063     3.213          6.276             6.344 
    U_2_U_S1_add_18_10            9     0.055     2.732     4.465          7.197             7.252 
    U_2_U_S0_add_18_10            9     0.054     2.836     4.420          7.257             7.311 
    U_4_U_S0_add_18_10            9     0.054     2.578     4.053          6.631             6.686 
    U_3_U_S0_add_18_10            9     0.054     2.642     4.195          6.838             6.892 
    U_3_U_S1_add_18_10            9     0.054     2.715     4.495          7.211             7.265 
    U_1_U_S0_add_18_10            9     0.054     2.804     4.474          7.278             7.332 
    U_S0_add_41_16                4     0.021     0.645     0.792          1.437             1.458 
    U_S20_add_41_16               4     0.020     0.602     0.756          1.358             1.378 
  gen_filter[12].U_S0           444     2.254   191.832   217.560        409.392           411.646 
    csa_tree_U.._18_10_groupi    49     0.257    37.089    36.964         74.053            74.310 
    csa_tree_U.._18_10_groupi    49     0.257    38.318    38.175         76.493            76.750 
    csa_tree_U.._18_10_groupi    32     0.181    19.192    20.316         39.508            39.690 
    csa_tree_U.._18_10_groupi    24     0.147    11.932    12.567         24.498            24.646 
    csa_tree_U.._18_10_groupi    24     0.147    12.529    13.215         25.743            25.891 
    csa_tree_U.._41_16_groupi    24     0.137    22.288    20.708         42.996            43.133 
    csa_tree_U.._18_10_groupi    20     0.111     7.135     8.304         15.439            15.550 
    addinc_U_0_U_S0_add_18_16    22     0.100     3.264     5.376          8.640             8.740 
    addinc_U_5_U_S0_add_18_16    22     0.100     3.446     5.683          9.129             9.228 
    addinc_U_S2_add_18_16        15     0.084     5.087     5.723         10.810            10.894 
    addinc_U_S22_add_18_16       15     0.083     5.689     6.241         11.930            12.014 
    addinc_U_4_U_S1_add_18_16    12     0.069     3.594     3.895          7.489             7.558 
    addinc_U_1_U_S1_add_18_16    12     0.069     3.450     3.648          7.098             7.167 
    U_3_U_S0_add_18_10            9     0.055     1.920     3.078          4.998             5.053 
    U_3_U_S1_add_18_10            9     0.055     1.877     3.238          5.115             5.169 
    U_2_U_S0_add_18_10            9     0.054     2.579     4.057          6.636             6.691 
    U_4_U_S0_add_18_10            9     0.054     2.690     4.239          6.929             6.983 
    U_1_U_S0_add_18_10            9     0.054     2.642     4.087          6.729             6.784 
    U_2_U_S1_add_18_10            9     0.054     2.513     4.241          6.753             6.808 
    U_S0_add_41_16                4     0.020     0.447     0.548          0.995             1.015 
    U_S20_add_41_16               4     0.020     0.619     0.766          1.385             1.405 
  gen_filter[14].U_S0           444     2.254   189.134   214.725        403.860           406.114 
    csa_tree_U.._18_10_groupi    49     0.257    34.180    33.827         68.007            68.264 
    csa_tree_U.._18_10_groupi    49     0.257    36.437    36.420         72.857            73.114 
    csa_tree_U.._18_10_groupi    32     0.181    18.973    19.900         38.873            39.054 
    csa_tree_U.._18_10_groupi    24     0.148    13.953    14.716         28.669            28.817 
    csa_tree_U.._18_10_groupi    24     0.147    11.036    11.657         22.693            22.840 
    csa_tree_U.._41_16_groupi    24     0.137    23.275    21.746         45.021            45.158 
    csa_tree_U.._18_10_groupi    20     0.111     7.535     8.792         16.326            16.437 
    addinc_U_5_U_S0_add_18_16    22     0.100     3.368     5.676          9.044             9.143 
    addinc_U_0_U_S0_add_18_16    22     0.100     3.730     6.161          9.891             9.991 
    addinc_U_S22_add_18_16       15     0.084     5.649     6.245         11.893            11.977 
    addinc_U_S2_add_18_16        15     0.084     4.979     5.455         10.434            10.517 
    addinc_U_4_U_S1_add_18_16    12     0.069     3.398     3.744          7.143             7.211 
    addinc_U_1_U_S1_add_18_16    12     0.068     3.318     3.488          6.806             6.874 
    U_3_U_S0_add_18_10            9     0.055     2.267     3.581          5.848             5.903 
    U_3_U_S1_add_18_10            9     0.055     2.383     3.814          6.197             6.252 
    U_1_U_S0_add_18_10            9     0.055     1.920     3.023          4.943             4.998 
    U_2_U_S0_add_18_10            9     0.054     2.691     4.280          6.971             7.025 
    U_2_U_S1_add_18_10            9     0.054     2.672     4.419          7.091             7.145 
    U_4_U_S0_add_18_10            9     0.054     2.844     4.502          7.345             7.399 
    U_S0_add_41_16                4     0.021     0.662     0.812          1.474             1.495 
    U_S20_add_41_16               4     0.020     0.430     0.531          0.961             0.982 
  gen_filter[11].U_S0           444     2.252   189.900   214.724        404.624           406.876 
    csa_tree_U.._18_10_groupi    49     0.257    37.505    37.162         74.667            74.924 
    csa_tree_U.._18_10_groupi    49     0.257    36.381    36.052         72.433            72.689 
    csa_tree_U.._18_10_groupi    32     0.181    19.348    20.340         39.688            39.869 
    csa_tree_U.._18_10_groupi    24     0.147    11.515    12.102         23.617            23.765 
    csa_tree_U.._18_10_groupi    24     0.147    12.016    12.675         24.690            24.837 
    csa_tree_U.._41_16_groupi    24     0.137    23.343    21.888         45.230            45.367 
    csa_tree_U.._18_10_groupi    20     0.111     6.603     7.708         14.311            14.422 
    addinc_U_5_U_S0_add_18_16    22     0.099     3.190     5.293          8.483             8.582 
    addinc_U_0_U_S0_add_18_16    22     0.099     3.225     5.322          8.547             8.646 
    addinc_U_S22_add_18_16       15     0.084     5.073     5.610         10.683            10.767 
    addinc_U_S2_add_18_16        15     0.083     5.335     5.925         11.260            11.343 
    addinc_U_4_U_S1_add_18_16    12     0.068     3.318     3.636          6.954             7.023 
    addinc_U_1_U_S1_add_18_16    12     0.068     3.083     3.214          6.297             6.365 
    U_4_U_S0_add_18_10            9     0.055     1.921     3.080          5.000             5.055 
    U_1_U_S0_add_18_10            9     0.054     2.837     4.364          7.201             7.256 
    U_3_U_S0_add_18_10            9     0.054     2.579     4.083          6.662             6.717 
    U_2_U_S0_add_18_10            9     0.054     2.642     4.154          6.796             6.850 
    U_2_U_S1_add_18_10            9     0.054     2.715     4.495          7.211             7.265 
    U_3_U_S1_add_18_10            9     0.054     2.513     4.241          6.753             6.808 
    U_S20_add_41_16               4     0.020     0.602     0.730          1.332             1.353 
    U_S0_add_41_16                4     0.020     0.678     0.797          1.475             1.495 

