============================================================
  Generated by:           Genus(TM) Synthesis Solution 17.10-p007_1
  Generated on:           Jan 27 2020  11:44:08 pm
  Module:                 INTER_4
  Technology libraries:   CORE65LPSVT 
                          CLOCK65LPSVT 
                          physical_cells 
  Operating conditions:   _nominal_ 
  Interconnect mode:      global
  Area mode:              physical library
============================================================


Summary
-------
-----------------------------------------------------------------------
            Category            Number   %   Average Toggle Saving %   
-----------------------------------------------------------------------
 RC Clock Gating Instances           0    0            0.00            
 Non-RC Clock Gating Instances       0    0            0.00            
-----------------------------------------------------------------------
 RC Gated Flip-flops                 0    0            0.00            
 Non-RC Gated Flip-flops             0    0            0.00            
-----------------------------------------------------------------------
 Total Ungated Flip-flops         1350  100              -             
 Enable not found                 1350  100              -             
-----------------------------------------------------------------------
 Total Flip-flops                 1350  100              -             
-----------------------------------------------------------------------

