============================================================
  Generated by:           Genus(TM) Synthesis Solution 17.10-p007_1
  Generated on:           Nov 20 2019  08:44:44 am
  Module:                 FME_INTER_2
  Technology libraries:   CORE65LPSVT 
                          CLOCK65LPSVT 
                          physical_cells 
  Operating conditions:   _nominal_ 
  Interconnect mode:      global
  Area mode:              physical library
============================================================

                                   Leakage   Dynamic    Total   
          Instance          Cells Power(uW) Power(uW) Power(uW) 
----------------------------------------------------------------
FME_INTER_2                  4225    39.674 10876.018 10915.692 
  U_inter                    2249    26.463  3633.144  3659.607 
  U_buffer                   1346     7.647  4944.322  4951.969 
  U_crtl                       90     0.483   181.485   181.968 
  clipping[2].U_clip           15     0.123    14.454    14.577 
  clipping[3].U_clip           15     0.122    13.631    13.752 
  clipping[0].U_clip           15     0.122    15.239    15.361 
  clipping[1..ip_gte_446_34     6     0.056     6.119     6.175 
  clipping[5..ip_gte_446_34     6     0.055     8.137     8.192 
  clipping[1..ip_gte_446_34     6     0.055     9.200     9.255 
  clipping[1..ip_gte_446_34     6     0.055     7.378     7.433 
  clipping[8..ip_gte_446_34     6     0.055     7.278     7.333 
  clipping[6..ip_gte_446_34     6     0.054     5.854     5.908 
  clipping[9..ip_gte_446_34     6     0.053     7.548     7.602 
  clipping[1].U_clip            3     0.014     1.837     1.851 
  clipping[4].U_clip            3     0.014     1.581     1.595 

