============================================================
  Generated by:           Genus(TM) Synthesis Solution 17.10-p007_1
  Generated on:           Nov 20 2019  08:44:44 am
  Module:                 FME_INTER_2
  Technology libraries:   CORE65LPSVT 
                          CLOCK65LPSVT 
                          physical_cells 
  Operating conditions:   _nominal_ 
  Interconnect mode:      global
  Area mode:              physical library
============================================================

                                     Leakage   Internal    Net        Dynamic          Total       
                                                                  (Internal+Net) (Leakage+Dynamic) 
           Instance           Cells Power(uW) Power(uW) Power(uW)    Power(uW)       Power(uW)     
---------------------------------------------------------------------------------------------------
FME_INTER_2                    4225    39.674  6479.438  4396.580      10876.018         10915.692 
  U_inter                      2249    26.463  1553.142  2080.002       3633.144          3659.607 
    csa_tree_P.._18_10_groupi   115     1.543   109.906   138.814        248.720           250.263 
    csa_tree_P.._18_10_groupi   115     1.481    98.793   122.883        221.676           223.157 
    csa_tree_P.._18_10_groupi   115     1.473   101.167   129.384        230.551           232.024 
    csa_tree_P.._18_10_groupi   113     1.296    93.373   104.716        198.089           199.386 
    csa_tree_P.._18_10_groupi   113     1.290    86.883    98.885        185.768           187.058 
    csa_tree_P.._18_10_groupi   113     1.287    91.844   104.669        196.513           197.799 
    csa_tree_P.._18_10_groupi   113     1.284    88.306    97.857        186.163           187.447 
    csa_tree_P.._18_10_groupi   113     1.282    92.603   105.338        197.941           199.223 
    csa_tree_P.._18_10_groupi   113     1.263    93.295   111.264        204.559           205.822 
    csa_tree_P.._18_10_groupi   113     1.253    91.177   106.881        198.057           199.311 
    addinc_PUs.._S0_add_18_16    82     1.033    49.390    67.259        116.649           117.682 
    addinc_PUs.._S0_add_18_16    84     1.013    45.303    61.735        107.038           108.051 
    addinc_PUs.._S0_add_18_16    84     1.010    41.764    54.933         96.696            97.706 
    addinc_PUs.._S1_add_18_16    80     1.010    48.965    60.626        109.591           110.600 
    addinc_PUs.._S1_add_18_16    80     1.008    46.906    58.109        105.015           106.023 
    addinc_PUs.._S0_add_18_16    84     1.003    41.258    55.678         96.936            97.939 
    addinc_PUs.._S0_add_18_16    84     1.002    44.060    60.574        104.634           105.636 
    addinc_PUs.._S1_add_18_16    80     0.996    47.890    61.350        109.240           110.236 
    addinc_PUs.._S1_add_18_16    80     0.993    47.773    60.926        108.699           109.692 
    addinc_PUs.._S1_add_18_16    80     0.990    48.299    56.304        104.604           105.594 
    addinc_PUs.._S1_add_18_16    78     0.989    47.234    49.905         97.139            98.128 
    addinc_PUs.._S0_add_18_16    74     0.975    46.025    59.458        105.483           106.458 
    addinc_PUs..S10_add_41_28     3     0.022     2.353     7.241          9.594             9.616 
    addinc_PUs..S10_add_41_28     3     0.022     2.362     8.066         10.428            10.450 
    addinc_PUs..S10_add_41_28     3     0.017     2.133     2.425          4.558             4.575 
    addinc_PUs..S10_add_41_28     3     0.017     2.060     2.304          4.365             4.382 
    addinc_PUs..S10_add_41_28     3     0.017     2.395     2.634          5.029             5.046 
  U_buffer                     1346     7.647  3692.311  1252.012       4944.322          4951.969 
  U_crtl                         90     0.483   145.343    36.142        181.485           181.968 
    inc_add_679_29                9     0.041     0.497     0.397          0.894             0.935 
    inc_add_649_29                8     0.036     0.665     0.557          1.222             1.258 
    inc_add_664_29                8     0.036     0.344     0.298          0.642             0.678 
    lt_584_18                     2     0.013     0.059     0.035          0.095             0.107 
    lt_577_18                     2     0.012     0.057     0.040          0.097             0.109 
    lt_591_18                     2     0.011     0.000     0.000          0.000             0.011 
  clipping[2].U_clip             15     0.123     7.455     6.999         14.454            14.577 
    gte_446_34                    6     0.056     3.658     3.359          7.017             7.072 
  clipping[3].U_clip             15     0.122     6.884     6.747         13.631            13.752 
    gte_446_34                    6     0.054     2.848     2.941          5.789             5.843 
  clipping[0].U_clip             15     0.122     7.616     7.624         15.239            15.361 
    gte_446_34                    6     0.055     3.641     3.623          7.264             7.319 
  clipping[1..ip_gte_446_34       6     0.056     3.284     2.835          6.119             6.175 
  clipping[5..ip_gte_446_34       6     0.055     4.204     3.934          8.137             8.192 
  clipping[1..ip_gte_446_34       6     0.055     4.775     4.425          9.200             9.255 
  clipping[1..ip_gte_446_34       6     0.055     3.594     3.784          7.378             7.433 
  clipping[8..ip_gte_446_34       6     0.055     3.728     3.550          7.278             7.333 
  clipping[6..ip_gte_446_34       6     0.054     2.923     2.931          5.854             5.908 
  clipping[9..ip_gte_446_34       6     0.053     3.801     3.747          7.548             7.602 
  clipping[1].U_clip              3     0.014     1.157     0.680          1.837             1.851 
  clipping[4].U_clip              3     0.014     0.993     0.588          1.581             1.595 

