============================================================
  Generated by:           Genus(TM) Synthesis Solution 17.10-p007_1
  Generated on:           Feb 20 2020  05:06:19 pm
  Module:                 filter_regular
  Technology libraries:   CORE65LPSVT 
                          CLOCK65LPSVT 
                          physical_cells 
  Operating conditions:   _nominal_ 
  Interconnect mode:      global
  Area mode:              physical library
============================================================

                                          Leakage   Internal  
       Gate        Instances    Area    Power (uW) Power (uW)     Library    
-----------------------------------------------------------------------------
HS65_LSS_XNOR2X12         95    642.200      1.255     65.749    CORE65LPSVT 
HS65_LSS_XNOR2X18         15    156.000      0.343     15.001    CORE65LPSVT 
HS65_LSS_XNOR2X6         475   1976.000      3.246    143.407    CORE65LPSVT 
HS65_LSS_XNOR3X12          5    122.200      0.133      2.718    CORE65LPSVT 
HS65_LSS_XNOR3X2           5     41.600      0.023      0.340    CORE65LPSVT 
HS65_LSS_XOR2X12           5     31.200      0.070      3.996    CORE65LPSVT 
HS65_LSS_XOR2X6          370   1539.200      2.181    140.414    CORE65LPSVT 
HS65_LSS_XOR3X2            5     39.000      0.027      1.245    CORE65LPSVT 
HS65_LSS_XOR3X4           10    104.000      0.102      2.235    CORE65LPSVT 
HS65_LS_AND2X18           65    236.600      0.612     27.997    CORE65LPSVT 
HS65_LS_AND2X4           325    845.000      0.745     28.838    CORE65LPSVT 
HS65_LS_AND2X9            70    218.400      0.319     12.621    CORE65LPSVT 
HS65_LS_AND3X9            30    109.200      0.155      5.166    CORE65LPSVT 
HS65_LS_AO112X9           55    228.800      0.267     10.000    CORE65LPSVT 
HS65_LS_AO12X18           30    124.800      0.329     12.980    CORE65LPSVT 
HS65_LS_AO12X9           135    491.400      0.669     17.974    CORE65LPSVT 
HS65_LS_AO212X4           15     70.200      0.044      1.350    CORE65LPSVT 
HS65_LS_AO31X9            15     62.400      0.071      2.105    CORE65LPSVT 
HS65_LS_AO32X4             5     23.400      0.011      0.729    CORE65LPSVT 
HS65_LS_AO32X9            10     52.000      0.047      2.556    CORE65LPSVT 
HS65_LS_AOI112X4           5     18.200      0.019      1.100    CORE65LPSVT 
HS65_LS_AOI12X12          10     52.000      0.074      1.930    CORE65LPSVT 
HS65_LS_AOI12X2          135    351.000      0.206      7.099    CORE65LPSVT 
HS65_LS_AOI12X6           85    265.200      0.384     15.578    CORE65LPSVT 
HS65_LS_AOI13X5            5     18.200      0.015      0.618    CORE65LPSVT 
HS65_LS_AOI212X4          15     62.400      0.066      1.165    CORE65LPSVT 
HS65_LS_AOI21X6           10     31.200      0.044      2.026    CORE65LPSVT 
HS65_LS_AOI21X9           10     52.000      0.066      4.634    CORE65LPSVT 
HS65_LS_BFX106            19    227.240      1.095     22.082    CORE65LPSVT 
HS65_LS_BFX18             80    249.600      0.644     28.020    CORE65LPSVT 
HS65_LS_BFX213             5    111.800      0.591      6.975    CORE65LPSVT 
HS65_LS_BFX27             59    214.760      0.746     16.734    CORE65LPSVT 
HS65_LS_BFX35             13     67.600      0.226      5.662    CORE65LPSVT 
HS65_LS_BFX44             12     68.640      0.268      3.802    CORE65LPSVT 
HS65_LS_BFX53              6     37.440      0.162      2.129    CORE65LPSVT 
HS65_LS_BFX62              2     15.600      0.064      1.101    CORE65LPSVT 
HS65_LS_BFX71              3     24.960      0.111      1.589    CORE65LPSVT 
HS65_LS_BFX9             347    721.760      1.217     86.246    CORE65LPSVT 
HS65_LS_CB4I6X18          50    260.000      0.524     36.167    CORE65LPSVT 
HS65_LS_CB4I6X9           15     62.400      0.071      4.029    CORE65LPSVT 
HS65_LS_CBI4I1X11         20    124.800      0.184     12.140    CORE65LPSVT 
HS65_LS_CBI4I1X16         15    132.600      0.214     12.063    CORE65LPSVT 
HS65_LS_CBI4I1X21          5     59.800      0.128      8.654    CORE65LPSVT 
HS65_LS_CBI4I1X5          15     54.600      0.065      2.288    CORE65LPSVT 
HS65_LS_CNIVX14            5     13.000      0.019      1.075    CORE65LPSVT 
HS65_LS_CNIVX21           55    171.600      0.367     14.016    CORE65LPSVT 
HS65_LS_CNIVX24            5     18.200      0.047      0.940    CORE65LPSVT 
HS65_LS_CNIVX27           16     58.240      0.167      5.469    CORE65LPSVT 
HS65_LS_CNIVX31            4     18.720      0.050      0.912    CORE65LPSVT 
HS65_LS_CNIVX34           11     51.480      0.141      2.950    CORE65LPSVT 
HS65_LS_CNIVX48            5     31.200      0.103      2.049    CORE65LPSVT 
HS65_LS_CNIVX7            10     15.600      0.022      1.044    CORE65LPSVT 
HS65_LS_DFPHQX9          790   8216.000      7.946   4004.741    CORE65LPSVT 
HS65_LS_DFPRQNX9          29    301.600      0.286    101.782    CORE65LPSVT 
HS65_LS_DFPRQX18          17    185.640      0.225     60.994    CORE65LPSVT 
HS65_LS_DFPRQX35          17    212.160      0.342     66.458    CORE65LPSVT 
HS65_LS_DFPRQX9           37    384.800      0.371    132.796    CORE65LPSVT 
HS65_LS_FA1X18           435   6107.400     10.481    853.908    CORE65LPSVT 
HS65_LS_FA1X27           565  12045.800     21.184   1986.429    CORE65LPSVT 
HS65_LS_FA1X4            780   7300.800      4.881    321.331    CORE65LPSVT 
HS65_LS_FA1X9            955  10428.600     10.421    927.618    CORE65LPSVT 
HS65_LS_HA1X18           135    982.800      2.896    155.153    CORE65LPSVT 
HS65_LS_HA1X27             5     59.800      0.171     11.778    CORE65LPSVT 
HS65_LS_HA1X35            10    135.200      0.476     26.843    CORE65LPSVT 
HS65_LS_HA1X4            140    728.000      0.730     33.463    CORE65LPSVT 
HS65_LS_HA1X9            185   1154.400      1.799     74.533    CORE65LPSVT 
HS65_LS_IVX13             45     93.600      0.189      7.140    CORE65LPSVT 
HS65_LS_IVX18            539   1121.120      2.864     54.701    CORE65LPSVT 
HS65_LS_IVX27             64    199.680      0.586      7.714    CORE65LPSVT 
HS65_LS_IVX31             10     36.400      0.111      2.116    CORE65LPSVT 
HS65_LS_IVX35             76    276.640      0.951     11.337    CORE65LPSVT 
HS65_LS_IVX40              4     16.640      0.058      1.102    CORE65LPSVT 
HS65_LS_IVX44             57    237.120      0.922      8.860    CORE65LPSVT 
HS65_LS_IVX53             44    228.800      0.883      9.871    CORE65LPSVT 
HS65_LS_IVX7              65    101.400      0.118      3.940    CORE65LPSVT 
HS65_LS_IVX71              8     49.920      0.220      1.388    CORE65LPSVT 
HS65_LS_IVX9            1826   2848.560      4.423     97.239    CORE65LPSVT 
HS65_LS_MUX21X18          15     93.600      0.262      5.434    CORE65LPSVT 
HS65_LS_MUX21X27          10     93.600      0.260      6.935    CORE65LPSVT 
HS65_LS_MUXI21X10         15    124.800      0.180     12.941    CORE65LPSVT 
HS65_LS_MUXI21X15          5     52.000      0.094      4.139    CORE65LPSVT 
HS65_LS_MUXI21X2           5     18.200      0.014      0.755    CORE65LPSVT 
HS65_LS_MUXI21X5           5     23.400      0.028      2.857    CORE65LPSVT 
HS65_LS_NAND2AX14         95    395.200      0.911     29.939    CORE65LPSVT 
HS65_LS_NAND2AX21         30    171.600      0.456     12.763    CORE65LPSVT 
HS65_LS_NAND2AX29         25    169.000      0.466     22.572    CORE65LPSVT 
HS65_LS_NAND2AX7         440   1372.800      1.948     48.714    CORE65LPSVT 
HS65_LS_NAND2X11          20     72.800      0.119      4.882    CORE65LPSVT 
HS65_LS_NAND2X14         160    582.400      1.152     31.989    CORE65LPSVT 
HS65_LS_NAND2X21          15     78.000      0.207      5.074    CORE65LPSVT 
HS65_LS_NAND2X29          15     93.600      0.248      5.060    CORE65LPSVT 
HS65_LS_NAND2X7         1155   2402.400      3.028    108.926    CORE65LPSVT 
HS65_LS_NAND3AX6          20     72.800      0.115      1.982    CORE65LPSVT 
HS65_LS_NAND3X19           5     33.800      0.008      0.143    CORE65LPSVT 
HS65_LS_NAND3X5           15     39.000      0.028      0.769    CORE65LPSVT 
HS65_LS_NAND3X6            5     15.600      0.023      0.363    CORE65LPSVT 
HS65_LS_NOR2AX13          65    270.400      0.612     25.957    CORE65LPSVT 
HS65_LS_NOR2AX19          15     85.800      0.211      9.262    CORE65LPSVT 
HS65_LS_NOR2AX3          900   2340.000      2.272     81.300    CORE65LPSVT 
HS65_LS_NOR2AX6           75    234.000      0.301     17.625    CORE65LPSVT 
HS65_LS_NOR2X13          195    709.800      1.246     41.856    CORE65LPSVT 
HS65_LS_NOR2X19           30    156.000      0.300     11.486    CORE65LPSVT 
HS65_LS_NOR2X25            5     31.200      0.035      3.602    CORE65LPSVT 
HS65_LS_NOR2X6          1235   2568.800      3.623    105.794    CORE65LPSVT 
HS65_LS_NOR2X9            10     36.400      0.046      1.278    CORE65LPSVT 
HS65_LS_NOR3AX4           15     54.600      0.070      4.367    CORE65LPSVT 
HS65_LS_NOR3AX9            5     28.600      0.053      1.993    CORE65LPSVT 
HS65_LS_NOR3X4            50    130.000      0.108      5.981    CORE65LPSVT 
HS65_LS_NOR3X9            10     46.800      0.080      4.038    CORE65LPSVT 
HS65_LS_OA112X18          15     70.200      0.182      9.778    CORE65LPSVT 
HS65_LS_OA112X9           15     62.400      0.080      4.375    CORE65LPSVT 
HS65_LS_OA12X18           10     41.600      0.116      5.874    CORE65LPSVT 
HS65_LS_OA12X27            5     36.400      0.084      1.530    CORE65LPSVT 
HS65_LS_OA12X9           105    382.200      0.545     20.091    CORE65LPSVT 
HS65_LS_OA212X4           15     78.000      0.040      1.025    CORE65LPSVT 
HS65_LS_OA212X9            5     28.600      0.025      0.475    CORE65LPSVT 
HS65_LS_OA22X18            5     28.600      0.055      0.903    CORE65LPSVT 
HS65_LS_OA22X9            20     93.600      0.093      4.288    CORE65LPSVT 
HS65_LS_OAI112X5          50    182.000      0.223      8.632    CORE65LPSVT 
HS65_LS_OAI12X12          65    338.000      0.722     16.820    CORE65LPSVT 
HS65_LS_OAI12X18          10     67.600      0.163      7.092    CORE65LPSVT 
HS65_LS_OAI12X3           90    234.000      0.212      7.995    CORE65LPSVT 
HS65_LS_OAI12X5           10     31.200      0.038      2.096    CORE65LPSVT 
HS65_LS_OAI12X6          115    358.800      0.555     20.134    CORE65LPSVT 
HS65_LS_OAI12X9            5     26.000      0.038      1.227    CORE65LPSVT 
HS65_LS_OAI211X11          5     31.200      0.055      0.794    CORE65LPSVT 
HS65_LS_OAI212X5          20     83.200      0.076      4.900    CORE65LPSVT 
HS65_LS_OAI21X12          25    130.000      0.223     10.068    CORE65LPSVT 
HS65_LS_OAI21X18          10     67.600      0.130      7.306    CORE65LPSVT 
HS65_LS_OAI21X24           5     44.200      0.098      9.339    CORE65LPSVT 
HS65_LS_OAI21X3          325    845.000      0.697     26.490    CORE65LPSVT 
HS65_LS_OAI21X6           20     62.400      0.102      2.533    CORE65LPSVT 
HS65_LS_OAI21X9           10     52.000      0.076      5.001    CORE65LPSVT 
HS65_LS_OAI22X11           5     31.200      0.046      1.407    CORE65LPSVT 
HS65_LS_OAI22X6           25     91.000      0.124      3.040    CORE65LPSVT 
HS65_LS_OAI311X10          5     39.000      0.064      1.147    CORE65LPSVT 
HS65_LS_OAI32X14           5     54.600      0.077      5.862    CORE65LPSVT 
HS65_LS_OAI32X5           25    104.000      0.104      8.132    CORE65LPSVT 
HS65_LS_OR2X18            45    163.800      0.429     14.707    CORE65LPSVT 
HS65_LS_OR2X27            15     85.800      0.204      7.813    CORE65LPSVT 
HS65_LS_OR2X9            305    951.600      1.351     43.691    CORE65LPSVT 
HS65_LS_OR3X9              5     18.200      0.013      1.261    CORE65LPSVT 
HS65_LS_PAO2X18           45    257.400      0.522     47.739    CORE65LPSVT 
HS65_LS_PAO2X9           145    678.600      0.656     55.588    CORE65LPSVT 
HS65_LS_PAOI2X1           15     54.600      0.022      0.772    CORE65LPSVT 
HS65_LS_PAOI2X11          50    390.000      0.416     31.556    CORE65LPSVT 
HS65_LS_PAOI2X17           5     54.600      0.067      7.406    CORE65LPSVT 
HS65_LS_PAOI2X22          10    150.800      0.165      8.944    CORE65LPSVT 
HS65_LS_PAOI2X33           5    109.200      0.122      7.265    CORE65LPSVT 
HS65_LS_PAOI2X6           70    291.200      0.304     21.167    CORE65LPSVT 
HS65_LS_PAOI2X8           20    156.000      0.140      8.627    CORE65LPSVT 
HS65_LS_XNOR2X18         100    676.000      2.193     82.800    CORE65LPSVT 
HS65_LS_XNOR2X27           5     52.000      0.157      8.359    CORE65LPSVT 
HS65_LS_XNOR2X35           5     57.200      0.218      6.566    CORE65LPSVT 
HS65_LS_XNOR2X4           10     46.800      0.057      2.488    CORE65LPSVT 
HS65_LS_XNOR2X9          115    598.000      1.131     42.107    CORE65LPSVT 
HS65_LS_XOR2X18          215   1453.400      4.733    152.224    CORE65LPSVT 
HS65_LS_XOR2X27           15    156.000      0.478      9.107    CORE65LPSVT 
HS65_LS_XOR2X35           20    228.800      0.877     37.801    CORE65LPSVT 
HS65_LS_XOR2X4            45    210.600      0.268      9.854    CORE65LPSVT 
HS65_LS_XOR2X9           190    988.000      1.888     76.959    CORE65LPSVT 
HS65_LS_XOR3X18           10    114.400      0.158      6.445    CORE65LPSVT 
HS65_LS_XOR3X9           120   1123.200      0.873     33.578    CORE65LPSVT 
-----------------------------------------------------------------------------
total                  16905  89586.120    133.272  11316.902                


                                            Leakage  Leakage  Internal  Internal 
     Type      Instances    Area   Area % Power (uW) Power % Power (uW)  Power % 
---------------------------------------------------------------------------------
sequential           890  9300.200   10.4      9.170     6.9   4366.771     38.6 
inverter            2849  5587.920    6.2     12.243     9.2    233.864      2.1 
buffer               546  1739.400    1.9      5.125     3.8    174.341      1.5 
logic              12620 72958.600   81.4    106.735    80.1   6541.926     57.8 
physical_cells         0     0.000    0.0      0.000     0.0      0.000      0.0 
---------------------------------------------------------------------------------
total              16905 89586.120  100.0    133.272   100.0  11316.902    100.0 

