============================================================
  Generated by:           Genus(TM) Synthesis Solution 17.10-p007_1
  Generated on:           Nov 13 2020  12:34:47 pm
  Module:                 filter_sharp
  Technology libraries:   CORE65LPSVT 
                          CLOCK65LPSVT 
                          physical_cells 
  Operating conditions:   _nominal_ 
  Interconnect mode:      global
  Area mode:              physical library
============================================================

                  Instance                                     Module                    Cells  Cell Area  Net Area   Total Area 
---------------------------------------------------------------------------------------------------------------------------------
filter_sharp                                                                             60807     346687    128840       475527 
  S0[3].U0                                   filter_8taps_bit_width10_3                   6741      37735     13710        51445 
    csa_tree_U_S7_6_add_59_12_groupi         csa_tree_U_S7_6_add_59_12_group_277           164       1082       309         1391 
    csa_tree_U_S9_6_add_59_12_groupi         csa_tree_U_S9_6_add_59_12_group_275           174       1017       326         1343 
    csa_tree_U_S10_6_add_59_12_groupi        csa_tree_U_S10_6_add_59_12_group_283          141       1003       269         1272 
    csa_tree_U_S12_6_add_59_12_groupi        csa_tree_U_S12_6_add_59_12_group_257          160        982       287         1268 
    csa_tree_U_S13_6_add_59_8_groupi         csa_tree_U_S13_6_add_59_8_group_307           136        953       262         1216 
    csa_tree_U_S6_6_add_59_12_groupi         csa_tree_U_S6_6_add_59_12_group_285           130        943       248         1192 
    csa_tree_U_S3_6_add_59_8_groupi          csa_tree_U_S3_6_add_59_8_group_309            147        901       280         1181 
    csa_tree_U_S12_2_add_84_9_groupi         csa_tree_U_S12_2_add_84_9_group_299           147        845       254         1099 
    csa_tree_fac2_groupi                     csa_tree_fac2_group_253                       139        863       228         1091 
    csa_tree_U_S4_4_add_59_8_groupi          csa_tree_U_S4_4_add_59_8_group_301            125        873       217         1089 
    csa_tree_fac1_groupi                     csa_tree_fac1_group_255                       136        810       223         1032 
    csa_tree_U_S9_4_add_59_8_groupi          csa_tree_U_S9_4_add_59_8_group_269            118        787       203          990 
    csa_tree_U_S3_5_add_59_8_groupi          csa_tree_U_S3_5_add_59_8_group_323            116        669       199          868 
    csa_tree_U_S4_2_add_84_9_groupi          csa_tree_U_S4_2_add_84_9_group_303            122        619       233          851 
    csa_tree_U_S14_5_add_59_8_groupi         csa_tree_U_S14_5_add_59_8_group_267           122        620       209          828 
    csa_tree_U_S15_4_add_59_8_groupi         csa_tree_U_S15_4_add_59_8_group_327            98        640       169          809 
    csa_tree_U_S4_3_add_84_9_groupi          csa_tree_U_S4_3_add_84_9_group_301            114        597       208          805 
    csa_tree_U_S1_4_add_59_8_groupi          csa_tree_U_S1_4_add_59_8_group_329             91        645       159          804 
    csa_tree_U_S11_6_add_59_12_groupi        csa_tree_U_S11_6_add_59_12_group_261          114        581       216          797 
    U_S12_7_add_59_8                         add_signed_305_463                            108        521       179          700 
    csa_tree_U_S9_3_add_84_9_groupi          csa_tree_U_S9_3_add_84_9_group_279             91        535       158          693 
    csa_tree_U_S8_5_add_59_8_groupi          csa_tree_U_S8_5_add_59_8_group_273             97        505       180          685 
    csa_tree_U_S14_6_add_59_8_groupi         csa_tree_U_S14_6_add_59_8_group_311            89        500       163          663 
    csa_tree_U_S4_7_add_59_12_groupi         csa_tree_U_S4_7_add_59_12_group_295            57        561       101          663 
    U_S3_7_add_59_8                          add_signed_305                                107        473       181          654 
    csa_tree_U_S7_3_add_84_9_groupi          csa_tree_U_S7_3_add_84_9_group_281             84        489       147          635 
    csa_tree_U_S15_5_add_59_8_groupi         csa_tree_U_S15_5_add_59_8_group_321            85        472       160          632 
    csa_tree_U_S1_5_add_59_8_groupi          csa_tree_U_S1_5_add_59_8_group_325             78        457       145          602 
    U_S7_7_add_59_8                          add_signed_265_475                             97        422       162          585 
    U_S13_7_add_59_8                         add_signed_305_462                             90        421       152          573 
    U_S9_7_add_59_8                          add_signed_265_474                            101        398       171          568 
    csa_tree_U_S5_7_add_59_12_groupi         csa_tree_U_S5_7_add_59_12_group_293            68        443       123          566 
    csa_tree_U_S12_3_add_84_9_groupi         csa_tree_U_S12_3_add_84_9_group_259            58        423       105          528 
    U_S14_7_add_59_8                         add_signed_317                                 97        360       164          524 
    csa_tree_U_S2_6_add_59_8_groupi          csa_tree_U_S2_6_add_59_8_group_313             48        438        83          521 
    U_S2_7_add_59_8                          add_signed_317_1255                            97        349       164          513 
    csa_tree_U_S2_3_add_84_9_groupi          csa_tree_U_S2_3_add_84_9_group_319             66        382       116          498 
    csa_tree_U_S14_3_add_84_9_groupi         csa_tree_U_S14_3_add_84_9_group_317            66        374       116          491 
    csa_tree_U_S8_7_add_59_12_groupi         csa_tree_U_S8_7_add_59_12_group_271            43        396        79          475 
    csa_tree_U_S11_3_add_84_9_groupi         csa_tree_U_S11_3_add_84_9_group_263            40        330        67          397 
    csa_tree_U_S5_2_add_84_9_groupi          csa_tree_U_S5_2_add_84_9_group_291             40        332        64          396 
    csa_tree_U_S10_3_add_84_9_groupi         csa_tree_U_S10_3_add_84_9_group_265            46        311        75          387 
    U_S6_7_add_59_8                          add_signed_265_1276                            48        322        62          385 
    U_S10_7_add_59_8                         add_signed_265                                 48        320        62          382 
    csa_tree_U_S6_3_add_84_9_groupi          csa_tree_U_S6_3_add_84_9_group_287             41        313        69          382 
    U_S11_7_add_59_8                         add_signed_265_472                             46        318        59          377 
    U_S1_6_add_59_8                          add_signed_336_1228                            41        307        62          369 
    U_S15_6_add_59_8                         add_signed_336                                 41        298        62          360 
  S0[5].U0                                   filter_8taps_bit_width10_5                   6801      37395     13824        51219 
    csa_tree_U_S7_6_add_59_12_groupi         csa_tree_U_S7_6_add_59_12_group_277_344       175       1072       325         1396 
    csa_tree_U_S9_6_add_59_12_groupi         csa_tree_U_S9_6_add_59_12_group_275_349       166       1033       316         1349 
    csa_tree_U_S12_6_add_59_12_groupi        csa_tree_U_S12_6_add_59_12_group_257_356      163        961       301         1263 
    csa_tree_U_S13_6_add_59_8_groupi         csa_tree_U_S13_6_add_59_8_group_307_357       153        965       285         1250 
    csa_tree_U_S10_6_add_59_12_groupi        csa_tree_U_S10_6_add_59_12_group_283_351      149        927       282         1209 
    csa_tree_U_S3_6_add_59_8_groupi          csa_tree_U_S3_6_add_59_8_group_309_334        162        887       300         1186 
    csa_tree_U_S12_2_add_84_9_groupi         csa_tree_U_S12_2_add_84_9_group_299_354       153        875       262         1138 
    csa_tree_U_S6_6_add_59_12_groupi         csa_tree_U_S6_6_add_59_12_group_285_342       128        856       252         1108 
    csa_tree_U_S9_4_add_59_8_groupi          csa_tree_U_S9_4_add_59_8_group_269_348        135        882       224         1106 
    csa_tree_U_S4_4_add_59_8_groupi          csa_tree_U_S4_4_add_59_8_group_301_337        124        872       220         1092 
    csa_tree_fac2_groupi                     csa_tree_fac2_group_253_364                   136        774       221          994 
    csa_tree_fac1_groupi                     csa_tree_fac1_group_255_363                   140        746       232          978 
    csa_tree_U_S3_5_add_59_8_groupi          csa_tree_U_S3_5_add_59_8_group_323_333        119        687       197          884 
    csa_tree_U_S11_6_add_59_12_groupi        csa_tree_U_S11_6_add_59_12_group_261_353      121        628       227          855 
    csa_tree_U_S4_2_add_84_9_groupi          csa_tree_U_S4_2_add_84_9_group_303_335        120        619       231          850 
    csa_tree_U_S15_4_add_59_8_groupi         csa_tree_U_S15_4_add_59_8_group_327_361        97        675       169          844 
    csa_tree_U_S4_3_add_84_9_groupi          csa_tree_U_S4_3_add_84_9_group_301_336        118        627       214          842 
    csa_tree_U_S14_5_add_59_8_groupi         csa_tree_U_S14_5_add_59_8_group_267_359       118        627       202          829 
    csa_tree_U_S14_6_add_59_8_groupi         csa_tree_U_S14_6_add_59_8_group_311_360        94        606       169          776 
    csa_tree_U_S1_4_add_59_8_groupi          csa_tree_U_S1_4_add_59_8_group_329_329         80        577       148          725 
    csa_tree_U_S2_6_add_59_8_groupi          csa_tree_U_S2_6_add_59_8_group_313_332         92        543       167          711 
    U_S12_7_add_59_8                         add_signed_462_948                            103        522       175          697 
    U_S3_7_add_59_8                          add_signed_462_1256                           105        496       177          673 
    csa_tree_U_S15_5_add_59_8_groupi         csa_tree_U_S15_5_add_59_8_group_321_362        88        510       163          673 
    U_S7_7_add_59_8                          add_signed_422_992_1259                       106        488       177          665 
    U_S13_7_add_59_8                         add_signed_462_944_1271                       104        484       175          659 
    csa_tree_U_S9_3_add_84_9_groupi          csa_tree_U_S9_3_add_84_9_group_279_347         84        512       144          656 
    csa_tree_U_S4_7_add_59_12_groupi         csa_tree_U_S4_7_add_59_12_group_295_338        63        522       113          634 
    csa_tree_U_S7_3_add_84_9_groupi          csa_tree_U_S7_3_add_84_9_group_281_343         84        485       141          626 
    U_S6_7_add_59_8                          add_signed_422_1253                            98        427       164          591 
    csa_tree_U_S8_5_add_59_8_groupi          csa_tree_U_S8_5_add_59_8_group_273_345         90        423       168          591 
    U_S9_7_add_59_8                          add_signed_422_991_1282                        98        423       166          590 
    csa_tree_U_S5_7_add_59_12_groupi         csa_tree_U_S5_7_add_59_12_group_293_340        62        464       114          577 
    csa_tree_U_S1_5_add_59_8_groupi          csa_tree_U_S1_5_add_59_8_group_325_330         75        415       139          554 
    csa_tree_U_S12_3_add_84_9_groupi         csa_tree_U_S12_3_add_84_9_group_259_355        55        427       101          528 
    U_S11_7_add_59_8                         add_signed_422_989                             92        342       156          498 
    csa_tree_U_S8_7_add_59_12_groupi         csa_tree_U_S8_7_add_59_12_group_271_346        46        385        82          467 
    csa_tree_U_S14_3_add_84_9_groupi         csa_tree_U_S14_3_add_84_9_group_317_358        62        336       112          448 
    csa_tree_U_S2_3_add_84_9_groupi          csa_tree_U_S2_3_add_84_9_group_319_331         59        341       104          445 
    csa_tree_U_S11_3_add_84_9_groupi         csa_tree_U_S11_3_add_84_9_group_263_352        49        327        79          406 
    csa_tree_U_S6_3_add_84_9_groupi          csa_tree_U_S6_3_add_84_9_group_287_341         39        325        66          391 
    U_S10_7_add_59_8                         add_signed_422_990_1272                        53        311        73          385 
    U_S2_7_add_59_8                          add_signed_474_1268                            53        301        76          376 
    U_S14_7_add_59_8                         add_signed_474_1269                            47        301        63          363 
    csa_tree_U_S5_2_add_84_9_groupi          csa_tree_U_S5_2_add_84_9_group_291_339         40        289        66          355 
    U_S1_6_add_59_8                          add_signed_493_1244                            54        275        76          351 
    csa_tree_U_S10_3_add_84_9_groupi         csa_tree_U_S10_3_add_84_9_group_265_350        42        276        69          345 
    U_S15_6_add_59_8                         add_signed_493_920_1238                        52        240        72          312 
  S0[6].U0                                   filter_8taps_bit_width10_6                   6656      37095     13551        50647 
    csa_tree_U_S7_6_add_59_12_groupi         csa_tree_U_S7_6_add_59_12_group_277_1_380     177       1062       326         1388 
    csa_tree_U_S9_6_add_59_12_groupi         csa_tree_U_S9_6_add_59_12_group_275_1_383     163        987       310         1297 
    csa_tree_U_S13_6_add_59_8_groupi         csa_tree_U_S13_6_add_59_8_group_307_1_391     155        972       289         1261 
    csa_tree_U_S3_6_add_59_8_groupi          csa_tree_U_S3_6_add_59_8_group_309_1_371      159        909       291         1200 
    csa_tree_U_S10_6_add_59_12_groupi        csa_tree_U_S10_6_add_59_12_group_283_1_385    145        894       277         1171 
    csa_tree_U_S12_6_add_59_12_groupi        csa_tree_U_S12_6_add_59_12_group_257_1_390    152        883       280         1163 
    csa_tree_U_S12_2_add_84_9_groupi         csa_tree_U_S12_2_add_84_9_group_299_1_388     146        911       251         1162 
    csa_tree_U_S9_4_add_59_8_groupi          csa_tree_U_S9_4_add_59_8_group_269_348_1      133        889       220         1109 
    csa_tree_U_S4_4_add_59_8_groupi          csa_tree_U_S4_4_add_59_8_group_301_337_1      127        881       224         1105 
    csa_tree_U_S6_6_add_59_12_groupi         csa_tree_U_S6_6_add_59_12_group_285_1_378     129        810       252         1062 
    csa_tree_fac2_groupi                     csa_tree_fac2_group_253_364_1                 130        766       213          979 
    csa_tree_fac1_groupi                     csa_tree_fac1_group_255_363_1                 136        726       225          952 
    csa_tree_U_S11_6_add_59_12_groupi        csa_tree_U_S11_6_add_59_12_group_261_1_387    118        674       223          898 
    csa_tree_U_S4_2_add_84_9_groupi          csa_tree_U_S4_2_add_84_9_group_303_1_372      119        655       229          884 
    csa_tree_U_S14_5_add_59_8_groupi         csa_tree_U_S14_5_add_59_8_group_267_1_393     124        668       208          876 
    csa_tree_U_S3_5_add_59_8_groupi          csa_tree_U_S3_5_add_59_8_group_323_333_1      119        673       198          871 
    csa_tree_U_S4_3_add_84_9_groupi          csa_tree_U_S4_3_add_84_9_group_301_1_373      120        550       214          763 
    csa_tree_U_S2_6_add_59_8_groupi          csa_tree_U_S2_6_add_59_8_group_313_1_370       94        569       171          740 
    csa_tree_U_S15_4_add_59_8_groupi         csa_tree_U_S15_4_add_59_8_group_327_1_394      87        574       154          728 
    csa_tree_U_S1_4_add_59_8_groupi          csa_tree_U_S1_4_add_59_8_group_329_1_367       86        564       155          720 
    csa_tree_U_S14_6_add_59_8_groupi         csa_tree_U_S14_6_add_59_8_group_311_1          91        519       167          686 
    U_S13_7_add_59_8                         add_signed_462_944                            107        498       179          677 
    U_S3_7_add_59_8                          add_signed_462                                105        498       177          675 
    csa_tree_U_S7_3_add_84_9_groupi          csa_tree_U_S7_3_add_84_9_group_281_1_379       86        527       145          673 
    csa_tree_U_S9_3_add_84_9_groupi          csa_tree_U_S9_3_add_84_9_group_279_1_382       83        526       142          668 
    csa_tree_U_S15_5_add_59_8_groupi         csa_tree_U_S15_5_add_59_8_group_321_362_1      87        502       161          663 
    U_S7_7_add_59_8                          add_signed_422_992                            106        484       177          661 
    csa_tree_U_S4_7_add_59_12_groupi         csa_tree_U_S4_7_add_59_12_group_295_1_374      59        516       107          623 
    csa_tree_U_S8_5_add_59_8_groupi          csa_tree_U_S8_5_add_59_8_group_273_345_1       91        409       169          578 
    U_S6_7_add_59_8                          add_signed_422                                 98        410       164          574 
    U_S12_7_add_59_8                         add_signed_462_945                             95        412       160          572 
    csa_tree_U_S12_3_add_84_9_groupi         csa_tree_U_S12_3_add_84_9_group_259_1_389      61        464       108          571 
    U_S9_7_add_59_8                          add_signed_422_991                             98        405       165          570 
    csa_tree_U_S5_7_add_59_12_groupi         csa_tree_U_S5_7_add_59_12_group_293_1_376      62        438       114          551 
    csa_tree_U_S1_5_add_59_8_groupi          csa_tree_U_S1_5_add_59_8_group_325_1_368       75        412       139          551 
    csa_tree_U_S8_7_add_59_12_groupi         csa_tree_U_S8_7_add_59_12_group_271_1_381      47        391        85          475 
    csa_tree_U_S14_3_add_84_9_groupi         csa_tree_U_S14_3_add_84_9_group_317_1_392      60        343       105          448 
    csa_tree_U_S2_3_add_84_9_groupi          csa_tree_U_S2_3_add_84_9_group_319_1_369       62        328       110          438 
    U_S10_7_add_59_8                         add_signed_422_990                             54        316        74          389 
    csa_tree_U_S11_3_add_84_9_groupi         csa_tree_U_S11_3_add_84_9_group_263_1_386      45        308        73          381 
    csa_tree_U_S5_2_add_84_9_groupi          csa_tree_U_S5_2_add_84_9_group_291_1_375       40        313        64          378 
    csa_tree_U_S10_3_add_84_9_groupi         csa_tree_U_S10_3_add_84_9_group_265_1_384      40        300        68          368 
    U_S2_7_add_59_8                          add_signed_474_1270                            48        299        66          365 
    csa_tree_U_S6_3_add_84_9_groupi          csa_tree_U_S6_3_add_84_9_group_287_1_377       36        304        60          364 
    U_S14_7_add_59_8                         add_signed_474                                 48        279        66          344 
    U_S11_7_add_59_8                         add_signed_422_984                             48        282        60          342 
    U_S15_6_add_59_8                         add_signed_493_920                             56        261        80          340 
    U_S1_6_add_59_8                          add_signed_493                                 53        267        73          340 
  S0[4].U0                                   filter_8taps_bit_width10_4                   6635      36838     13504        50342 
    csa_tree_U_S7_6_add_59_12_groupi         csa_tree_U_S7_6_add_59_12_group_277_1         192       1095       348         1443 
    csa_tree_U_S6_6_add_59_12_groupi         csa_tree_U_S6_6_add_59_12_group_285_1         166       1074       310         1384 
    csa_tree_U_S10_6_add_59_12_groupi        csa_tree_U_S10_6_add_59_12_group_283_1        148       1078       281         1359 
    csa_tree_U_S9_6_add_59_12_groupi         csa_tree_U_S9_6_add_59_12_group_275_1         164        993       313         1305 
    csa_tree_U_S13_6_add_59_8_groupi         csa_tree_U_S13_6_add_59_8_group_307_1         153        970       287         1258 
    csa_tree_U_S3_6_add_59_8_groupi          csa_tree_U_S3_6_add_59_8_group_309_1          169        944       309         1253 
    csa_tree_U_S12_6_add_59_12_groupi        csa_tree_U_S12_6_add_59_12_group_257_1        164        924       294         1218 
    csa_tree_U_S9_4_add_59_8_groupi          csa_tree_U_S9_4_add_59_8_group_269_246_1      146        966       240         1207 
    csa_tree_U_S12_2_add_84_9_groupi         csa_tree_U_S12_2_add_84_9_group_299_252_1     156        853       266         1120 
    csa_tree_fac2_groupi                     csa_tree_fac2_group_253_262_1                 139        818       228         1047 
    csa_tree_U_S4_4_add_59_8_groupi          csa_tree_U_S4_4_add_59_8_group_301_235_1      119        834       212         1045 
    csa_tree_U_S3_5_add_59_8_groupi          csa_tree_U_S3_5_add_59_8_group_323_231_1      124        736       207          943 
    csa_tree_U_S14_5_add_59_8_groupi         csa_tree_U_S14_5_add_59_8_group_267_257_1     126        686       212          898 
    csa_tree_U_S4_2_add_84_9_groupi          csa_tree_U_S4_2_add_84_9_group_303_1          126        636       239          875 
    csa_tree_fac1_groupi                     csa_tree_fac1_group_255_261_1                 120        620       204          824 
    csa_tree_U_S11_6_add_59_12_groupi        csa_tree_U_S11_6_add_59_12_group_261_1        114        595       215          810 
    csa_tree_U_S15_4_add_59_8_groupi         csa_tree_U_S15_4_add_59_8_group_327_1          83        617       152          769 
    csa_tree_U_S1_4_add_59_8_groupi          csa_tree_U_S1_4_add_59_8_group_329_1           80        560       146          706 
    csa_tree_U_S9_3_add_84_9_groupi          csa_tree_U_S9_3_add_84_9_group_279_1           91        509       153          661 
    csa_tree_U_S8_5_add_59_8_groupi          csa_tree_U_S8_5_add_59_8_group_273_243_1       92        480       171          651 
    csa_tree_U_S4_7_add_59_12_groupi         csa_tree_U_S4_7_add_59_12_group_295_1          62        525       114          639 
    csa_tree_U_S4_3_add_84_9_groupi          csa_tree_U_S4_3_add_84_9_group_301_234_1       60        517       105          622 
    csa_tree_U_S7_3_add_84_9_groupi          csa_tree_U_S7_3_add_84_9_group_281_1           84        475       145          620 
    U_S12_7_add_59_8                         add_signed_463_949                            102        447       172          619 
    U_S7_7_add_59_8                          add_signed_423_993                             98        446       165          611 
    U_S9_7_add_59_8                          add_signed_423_992                            101        420       170          590 
    U_S13_7_add_59_8                         add_signed_463_945                             98        417       167          584 
    U_S3_7_add_59_8                          add_signed_463                                105        402       175          577 
    csa_tree_U_S1_5_add_59_8_groupi          csa_tree_U_S1_5_add_59_8_group_325_228_1       75        419       139          558 
    csa_tree_U_S15_5_add_59_8_groupi         csa_tree_U_S15_5_add_59_8_group_321_260_1      74        417       140          556 
    csa_tree_U_S5_7_add_59_12_groupi         csa_tree_U_S5_7_add_59_12_group_293_1          65        433       120          552 
    U_S11_7_add_59_8                         add_signed_423_990                             93        383       156          538 
    csa_tree_U_S12_3_add_84_9_groupi         csa_tree_U_S12_3_add_84_9_group_259_1          56        409       103          512 
    csa_tree_U_S8_7_add_59_12_groupi         csa_tree_U_S8_7_add_59_12_group_271_244_1      44        410        79          489 
    csa_tree_U_S2_6_add_59_8_groupi          csa_tree_U_S2_6_add_59_8_group_313_230_1       38        411        68          479 
    csa_tree_U_S14_6_add_59_8_groupi         csa_tree_U_S14_6_add_59_8_group_311_258_1      38        395        68          464 
    csa_tree_U_S2_3_add_84_9_groupi          csa_tree_U_S2_3_add_84_9_group_319_1           65        339       115          454 
    csa_tree_U_S14_3_add_84_9_groupi         csa_tree_U_S14_3_add_84_9_group_317_1          62        341       109          450 
    csa_tree_U_S11_3_add_84_9_groupi         csa_tree_U_S11_3_add_84_9_group_263_1          45        368        73          441 
    U_S2_7_add_59_8                          add_signed_475_1265                            62        334        88          422 
    U_S14_7_add_59_8                         add_signed_475                                 62        332        88          420 
    csa_tree_U_S5_2_add_84_9_groupi          csa_tree_U_S5_2_add_84_9_group_291_1           39        328        64          392 
    U_S10_7_add_59_8                         add_signed_423                                 42        335        56          390 
    csa_tree_U_S6_3_add_84_9_groupi          csa_tree_U_S6_3_add_84_9_group_287_1           42        313        71          384 
    csa_tree_U_S10_3_add_84_9_groupi         csa_tree_U_S10_3_add_84_9_group_265_1          45        295        75          370 
    U_S6_7_add_59_8                          add_signed_423_1279                            43        309        57          366 
    U_S1_6_add_59_8                          add_signed_494                                 56        279        79          358 
    U_S15_6_add_59_8                         add_signed_494_919                             54        263        73          336 
  S0[2].U0                                   filter_8taps_bit_width10_2                   6558      36900     13363        50263 
    csa_tree_U_S10_6_add_59_12_groupi        csa_tree_U_S10_6_add_59_12_group_283_249      167       1160       307         1467 
    csa_tree_U_S7_6_add_59_12_groupi         csa_tree_U_S7_6_add_59_12_group_277_242       182       1065       332         1398 
    csa_tree_U_S6_6_add_59_12_groupi         csa_tree_U_S6_6_add_59_12_group_285_240       161       1042       300         1342 
    csa_tree_U_S9_6_add_59_12_groupi         csa_tree_U_S9_6_add_59_12_group_275_247       163        979       311         1289 
    csa_tree_U_S13_6_add_59_8_groupi         csa_tree_U_S13_6_add_59_8_group_307_255       152        996       286         1282 
    csa_tree_U_S3_6_add_59_8_groupi          csa_tree_U_S3_6_add_59_8_group_309_232        171        963       312         1275 
    csa_tree_U_S9_4_add_59_8_groupi          csa_tree_U_S9_4_add_59_8_group_269_246        150       1005       246         1250 
    csa_tree_U_S12_6_add_59_12_groupi        csa_tree_U_S12_6_add_59_12_group_257_254      165        893       295         1189 
    csa_tree_U_S12_2_add_84_9_groupi         csa_tree_U_S12_2_add_84_9_group_299_252       163        843       279         1123 
    csa_tree_U_S4_4_add_59_8_groupi          csa_tree_U_S4_4_add_59_8_group_301_235        119        852       212         1064 
    csa_tree_fac2_groupi                     csa_tree_fac2_group_253_262                   134        787       221         1008 
    csa_tree_U_S3_5_add_59_8_groupi          csa_tree_U_S3_5_add_59_8_group_323_231        129        761       213          974 
    csa_tree_U_S14_5_add_59_8_groupi         csa_tree_U_S14_5_add_59_8_group_267_257       123        699       208          907 
    csa_tree_fac1_groupi                     csa_tree_fac1_group_255_261                   119        639       202          840 
    csa_tree_U_S11_6_add_59_12_groupi        csa_tree_U_S11_6_add_59_12_group_261_251      114        595       218          813 
    csa_tree_U_S4_2_add_84_9_groupi          csa_tree_U_S4_2_add_84_9_group_303_233        113        554       220          774 
    csa_tree_U_S15_4_add_59_8_groupi         csa_tree_U_S15_4_add_59_8_group_327_259        80        588       145          733 
    csa_tree_U_S1_4_add_59_8_groupi          csa_tree_U_S1_4_add_59_8_group_329_227         76        573       136          708 
    csa_tree_U_S4_7_add_59_12_groupi         csa_tree_U_S4_7_add_59_12_group_295_236        65        536       117          653 
    csa_tree_U_S8_5_add_59_8_groupi          csa_tree_U_S8_5_add_59_8_group_273_243         92        474       172          646 
    csa_tree_U_S9_3_add_84_9_groupi          csa_tree_U_S9_3_add_84_9_group_279_245         86        498       143          642 
    csa_tree_U_S7_3_add_84_9_groupi          csa_tree_U_S7_3_add_84_9_group_281_241         86        480       146          626 
    U_S12_7_add_59_8                         add_signed_463_949_1281                       102        447       172          619 
    U_S7_7_add_59_8                          add_signed_423_993_1254                        98        447       166          614 
    U_S3_7_add_59_8                          add_signed_463_1267                           107        432       178          610 
    U_S9_7_add_59_8                          add_signed_423_992_1283                       101        438       169          607 
    U_S13_7_add_59_8                         add_signed_463_945_1280                        96        433       164          597 
    csa_tree_U_S4_3_add_84_9_groupi          csa_tree_U_S4_3_add_84_9_group_301_234         60        478       106          585 
    csa_tree_U_S15_5_add_59_8_groupi         csa_tree_U_S15_5_add_59_8_group_321_260        73        430       139          569 
    csa_tree_U_S1_5_add_59_8_groupi          csa_tree_U_S1_5_add_59_8_group_325_228         75        426       139          565 
    csa_tree_U_S5_7_add_59_12_groupi         csa_tree_U_S5_7_add_59_12_group_293_238        62        433       114          546 
    U_S11_7_add_59_8                         add_signed_423_990_1252                        92        370       154          523 
    csa_tree_U_S12_3_add_84_9_groupi         csa_tree_U_S12_3_add_84_9_group_259_253        56        420       103          522 
    csa_tree_U_S2_6_add_59_8_groupi          csa_tree_U_S2_6_add_59_8_group_313_230         38        417        68          485 
    csa_tree_U_S14_6_add_59_8_groupi         csa_tree_U_S14_6_add_59_8_group_311_258        40        412        72          484 
    csa_tree_U_S8_7_add_59_12_groupi         csa_tree_U_S8_7_add_59_12_group_271_244        44        405        79          483 
    csa_tree_U_S2_3_add_84_9_groupi          csa_tree_U_S2_3_add_84_9_group_319_229         64        343       113          456 
    csa_tree_U_S14_3_add_84_9_groupi         csa_tree_U_S14_3_add_84_9_group_317_256        64        336       112          448 
    csa_tree_U_S11_3_add_84_9_groupi         csa_tree_U_S11_3_add_84_9_group_263_250        44        357        72          429 
    U_S2_7_add_59_8                          add_signed_475_1263                            60        343        85          428 
    csa_tree_U_S6_3_add_84_9_groupi          csa_tree_U_S6_3_add_84_9_group_287_239         45        340        74          413 
    U_S14_7_add_59_8                         add_signed_475_1264                            62        321        88          409 
    U_S10_7_add_59_8                         add_signed_423_1278                            42        331        56          387 
    csa_tree_U_S5_2_add_84_9_groupi          csa_tree_U_S5_2_add_84_9_group_291_237         39        315        64          378 
    U_S6_7_add_59_8                          add_signed_423_1277                            42        308        56          364 
    U_S1_6_add_59_8                          add_signed_494_1240                            56        281        79          359 
    U_S15_6_add_59_8                         add_signed_494_1241                            55        279        77          355 
    csa_tree_U_S10_3_add_84_9_groupi         csa_tree_U_S10_3_add_84_9_group_265_248        44        280        72          352 
  S0[1].U0                                   filter_8taps_bit_width10_1                   6573      36555     13421        49976 
    csa_tree_U_S9_6_add_59_12_groupi         csa_tree_U_S9_6_add_59_12_group_275_1_317     166       1059       315         1373 
    csa_tree_U_S7_6_add_59_12_groupi         csa_tree_U_S7_6_add_59_12_group_277_1_315     164       1003       308         1312 
    csa_tree_U_S13_6_add_59_8_groupi         csa_tree_U_S13_6_add_59_8_group_307_1_324     156        916       288         1204 
    csa_tree_U_S12_6_add_59_12_groupi        csa_tree_U_S12_6_add_59_12_group_257_1_323    155        911       283         1194 
    csa_tree_U_S9_4_add_59_8_groupi          csa_tree_U_S9_4_add_59_8_group_269_286_1      142        947       243         1190 
    csa_tree_U_S3_6_add_59_8_groupi          csa_tree_U_S3_6_add_59_8_group_309_1_307      151        900       282         1182 
    csa_tree_U_S6_6_add_59_12_groupi         csa_tree_U_S6_6_add_59_12_group_285_1_313     125        858       243         1101 
    csa_tree_U_S12_2_add_84_9_groupi         csa_tree_U_S12_2_add_84_9_group_299_1         145        812       250         1062 
    csa_tree_fac2_groupi                     csa_tree_fac2_group_253_302_1                 135        791       227         1019 
    csa_tree_fac1_groupi                     csa_tree_fac1_group_255_301_1                 136        786       228         1014 
    csa_tree_U_S4_4_add_59_8_groupi          csa_tree_U_S4_4_add_59_8_group_301_275_1      112        795       199          994 
    csa_tree_U_S3_5_add_59_8_groupi          csa_tree_U_S3_5_add_59_8_group_323_271_1      126        777       210          988 
    csa_tree_U_S10_6_add_59_12_groupi        csa_tree_U_S10_6_add_59_12_group_283_1_319     95        750       177          928 
    csa_tree_U_S14_5_add_59_8_groupi         csa_tree_U_S14_5_add_59_8_group_267_1         129        697       215          913 
    csa_tree_U_S11_6_add_59_12_groupi        csa_tree_U_S11_6_add_59_12_group_261_1_321    116        624       218          842 
    csa_tree_U_S15_4_add_59_8_groupi         csa_tree_U_S15_4_add_59_8_group_327_1_326     103        632       183          815 
    csa_tree_U_S15_5_add_59_8_groupi         csa_tree_U_S15_5_add_59_8_group_321_300_1      91        569       167          737 
    csa_tree_U_S1_4_add_59_8_groupi          csa_tree_U_S1_4_add_59_8_group_329_1_305       82        570       151          721 
    csa_tree_U_S14_6_add_59_8_groupi         csa_tree_U_S14_6_add_59_8_group_311_298_1      93        550       166          716 
    csa_tree_U_S2_6_add_59_8_groupi          csa_tree_U_S2_6_add_59_8_group_313_1           90        548       165          712 
    csa_tree_U_S8_5_add_59_8_groupi          csa_tree_U_S8_5_add_59_8_group_273_283_1       97        508       179          686 
    U_S12_7_add_59_8                         add_signed_479_964                            102        510       172          682 
    U_S9_7_add_59_8                          add_signed_439_1010                            99        471       167          637 
    csa_tree_U_S4_7_add_59_12_groupi         csa_tree_U_S4_7_add_59_12_group_295_1_309      65        512       117          629 
    csa_tree_U_S7_3_add_84_9_groupi          csa_tree_U_S7_3_add_84_9_group_281_1_314       85        481       145          626 
    U_S3_7_add_59_8                          add_signed_479                                108        442       181          623 
    csa_tree_U_S9_3_add_84_9_groupi          csa_tree_U_S9_3_add_84_9_group_279_1_316       77        492       131          622 
    csa_tree_U_S1_5_add_59_8_groupi          csa_tree_U_S1_5_add_59_8_group_325_1           74        461       140          600 
    csa_tree_U_S5_7_add_59_12_groupi         csa_tree_U_S5_7_add_59_12_group_293_1_311      65        472       119          591 
    U_S13_7_add_59_8                         add_signed_479_963                            101        408       172          580 
    U_S7_7_add_59_8                          add_signed_439_1011                           100        404       168          572 
    csa_tree_U_S4_2_add_84_9_groupi          csa_tree_U_S4_2_add_84_9_group_303_1_308       61        458       113          571 
    csa_tree_U_S4_3_add_84_9_groupi          csa_tree_U_S4_3_add_84_9_group_301_1           53        426        96          522 
    csa_tree_U_S12_3_add_84_9_groupi         csa_tree_U_S12_3_add_84_9_group_259_1_322      58        414       106          521 
    U_S6_7_add_59_8                          add_signed_439                                 94        364       156          520 
    U_S11_7_add_59_8                         add_signed_439_1003                            91        345       154          500 
    csa_tree_U_S8_7_add_59_12_groupi         csa_tree_U_S8_7_add_59_12_group_271_1          49        400        88          488 
    csa_tree_U_S2_3_add_84_9_groupi          csa_tree_U_S2_3_add_84_9_group_319_1_306       60        343       106          449 
    csa_tree_U_S14_3_add_84_9_groupi         csa_tree_U_S14_3_add_84_9_group_317_1_325      59        335       107          442 
    U_S10_7_add_59_8                         add_signed_439_1009                            56        331        79          410 
    csa_tree_U_S11_3_add_84_9_groupi         csa_tree_U_S11_3_add_84_9_group_263_1_320      44        331        72          403 
    csa_tree_U_S5_2_add_84_9_groupi          csa_tree_U_S5_2_add_84_9_group_291_1_310       41        305        67          372 
    csa_tree_U_S6_3_add_84_9_groupi          csa_tree_U_S6_3_add_84_9_group_287_1_312       39        308        62          370 
    U_S2_7_add_59_8                          add_signed_491_1262                            48        301        64          364 
    U_S14_7_add_59_8                         add_signed_491                                 48        300        64          364 
    U_S1_6_add_59_8                          add_signed_510_1227                            58        271        86          357 
    csa_tree_U_S10_3_add_84_9_groupi         csa_tree_U_S10_3_add_84_9_group_265_1_318      45        278        75          353 
    U_S15_6_add_59_8                         add_signed_510                                 55        252        76          328 
  S0[0].U0                                   filter_8taps_bit_width10                     6552      36425     13393        49818 
    csa_tree_U_S9_6_add_59_12_groupi         csa_tree_U_S9_6_add_59_12_group_275_287       163       1026       310         1336 
    csa_tree_U_S7_6_add_59_12_groupi         csa_tree_U_S7_6_add_59_12_group_277_282       170       1005       317         1321 
    csa_tree_U_S13_6_add_59_8_groupi         csa_tree_U_S13_6_add_59_8_group_307_295       162        982       296         1278 
    csa_tree_U_S12_6_add_59_12_groupi        csa_tree_U_S12_6_add_59_12_group_257_294      166        976       300         1276 
    csa_tree_U_S3_6_add_59_8_groupi          csa_tree_U_S3_6_add_59_8_group_309_272        144        910       272         1182 
    csa_tree_U_S12_2_add_84_9_groupi         csa_tree_U_S12_2_add_84_9_group_299_292       156        865       267         1132 
    csa_tree_U_S9_4_add_59_8_groupi          csa_tree_U_S9_4_add_59_8_group_269_286        138        883       236         1120 
    csa_tree_U_S6_6_add_59_12_groupi         csa_tree_U_S6_6_add_59_12_group_285_280       124        842       240         1083 
    csa_tree_fac1_groupi                     csa_tree_fac1_group_255_301                   134        801       223         1024 
    csa_tree_fac2_groupi                     csa_tree_fac2_group_253_302                   132        785       221         1006 
    csa_tree_U_S3_5_add_59_8_groupi          csa_tree_U_S3_5_add_59_8_group_323_271        126        786       211          997 
    csa_tree_U_S14_5_add_59_8_groupi         csa_tree_U_S14_5_add_59_8_group_267_297       130        760       216          976 
    csa_tree_U_S4_4_add_59_8_groupi          csa_tree_U_S4_4_add_59_8_group_301_275        107        771       194          965 
    csa_tree_U_S10_6_add_59_12_groupi        csa_tree_U_S10_6_add_59_12_group_283_289       94        707       177          884 
    csa_tree_U_S15_4_add_59_8_groupi         csa_tree_U_S15_4_add_59_8_group_327_299       117        652       198          850 
    csa_tree_U_S11_6_add_59_12_groupi        csa_tree_U_S11_6_add_59_12_group_261_291      116        624       220          844 
    csa_tree_U_S15_5_add_59_8_groupi         csa_tree_U_S15_5_add_59_8_group_321_300        93        597       171          768 
    csa_tree_U_S1_4_add_59_8_groupi          csa_tree_U_S1_4_add_59_8_group_329_267         81        599       145          744 
    csa_tree_U_S14_6_add_59_8_groupi         csa_tree_U_S14_6_add_59_8_group_311_298        93        546       167          713 
    csa_tree_U_S2_6_add_59_8_groupi          csa_tree_U_S2_6_add_59_8_group_313_270         92        532       167          699 
    csa_tree_U_S8_5_add_59_8_groupi          csa_tree_U_S8_5_add_59_8_group_273_283         97        500       179          679 
    U_S12_7_add_59_8                         add_signed_479_967                            102        482       172          654 
    U_S3_7_add_59_8                          add_signed_479_1266                           109        450       182          632 
    U_S9_7_add_59_8                          add_signed_439_1010_1273                       99        463       166          629 
    csa_tree_U_S9_3_add_84_9_groupi          csa_tree_U_S9_3_add_84_9_group_279_285         76        503       125          628 
    csa_tree_U_S7_3_add_84_9_groupi          csa_tree_U_S7_3_add_84_9_group_281_281         86        457       149          605 
    csa_tree_U_S4_7_add_59_12_groupi         csa_tree_U_S4_7_add_59_12_group_295_276        71        475       129          604 
    csa_tree_U_S1_5_add_59_8_groupi          csa_tree_U_S1_5_add_59_8_group_325_268         74        438       138          576 
    U_S7_7_add_59_8                          add_signed_439_1011_1258                      100        400       168          568 
    U_S13_7_add_59_8                         add_signed_479_963_1275                        98        394       166          560 
    csa_tree_U_S4_2_add_84_9_groupi          csa_tree_U_S4_2_add_84_9_group_303_273         57        453       106          558 
    csa_tree_U_S5_7_add_59_12_groupi         csa_tree_U_S5_7_add_59_12_group_293_278        63        438       115          553 
    csa_tree_U_S12_3_add_84_9_groupi         csa_tree_U_S12_3_add_84_9_group_259_293        57        426       104          530 
    U_S6_7_add_59_8                          add_signed_439_1257                            94        351       157          508 
    csa_tree_U_S4_3_add_84_9_groupi          csa_tree_U_S4_3_add_84_9_group_301_274         58        403       105          508 
    U_S11_7_add_59_8                         add_signed_439_1008                            93        340       155          495 
    csa_tree_U_S8_7_add_59_12_groupi         csa_tree_U_S8_7_add_59_12_group_271_284        49        388        88          476 
    csa_tree_U_S14_3_add_84_9_groupi         csa_tree_U_S14_3_add_84_9_group_317_296        60        341       108          449 
    csa_tree_U_S2_3_add_84_9_groupi          csa_tree_U_S2_3_add_84_9_group_319_269         61        324       110          435 
    U_S10_7_add_59_8                         add_signed_439_1009_1274                       55        327        77          404 
    csa_tree_U_S11_3_add_84_9_groupi         csa_tree_U_S11_3_add_84_9_group_263_290        39        340        63          403 
    csa_tree_U_S6_3_add_84_9_groupi          csa_tree_U_S6_3_add_84_9_group_287_279         47        306        77          383 
    csa_tree_U_S5_2_add_84_9_groupi          csa_tree_U_S5_2_add_84_9_group_291_277         44        303        71          374 
    U_S14_7_add_59_8                         add_signed_491_1261                            49        303        66          368 
    U_S2_7_add_59_8                          add_signed_491_1260                            48        296        64          360 
    csa_tree_U_S10_3_add_84_9_groupi         csa_tree_U_S10_3_add_84_9_group_265_288        41        288        66          354 
    U_S1_6_add_59_8                          add_signed_510_1226                            55        264        77          341 
    U_S15_6_add_59_8                         add_signed_510_939                             53        257        72          329 
  S0[7].U0_csa_tree_U_S7_6_add_59_12_groupi  csa_tree_U_S7_6_add_59_12_group_277_421       169       1022       325         1347 
  S0[8].U0_csa_tree_U_S7_6_add_59_12_groupi  csa_tree_U_S7_6_add_59_12_group_277_1_423     168       1021       320         1341 
  S0[7].U0_csa_tree_U_S9_6_add_59_12_groupi  csa_tree_U_S9_6_add_59_12_group_275_428       164       1018       321         1338 
  S0[8].U0_csa_tree_U_S9_6_add_59_12_groupi  csa_tree_U_S9_6_add_59_12_group_275_1_431     157        989       303         1292 
  S0[8].U0_csa_tree_U_S12_6_add_59_12_groupi csa_tree_U_S12_6_add_59_12_group_257_1_444    147        957       277         1233 
  S0[8].U0_csa_tree_U_S13_6_add_59_8_groupi  csa_tree_U_S13_6_add_59_8_group_307_1_448     143        915       271         1186 
  S0[7].U0_csa_tree_U_S12_6_add_59_12_groupi csa_tree_U_S12_6_add_59_12_group_257_441      142        896       267         1163 
  S0[8].U0_csa_tree_U_S3_6_add_59_8_groupi   csa_tree_U_S3_6_add_59_8_group_309_1_406      150        882       280         1162 
  S0[7].U0_csa_tree_U_S3_6_add_59_8_groupi   csa_tree_U_S3_6_add_59_8_group_309_404        147        873       279         1152 
  S0[8].U0_csa_tree_U_S12_2_add_84_9_groupi  csa_tree_U_S12_2_add_84_9_group_299_442_1     152        885       260         1145 
  S0[7].U0_csa_tree_U_S13_6_add_59_8_groupi  csa_tree_U_S13_6_add_59_8_group_307_446       144        834       273         1107 
  S0[7].U0_csa_tree_U_S12_2_add_84_9_groupi  csa_tree_U_S12_2_add_84_9_group_299_442       141        864       242         1106 
  S0[8].U0_csa_tree_U_S9_4_add_59_8_groupi   csa_tree_U_S9_4_add_59_8_group_269_1          140        842       233         1076 
  S0[7].U0_csa_tree_fac2_groupi              csa_tree_fac2_group_253_447                   135        822       225         1047 
  S0[8].U0_csa_tree_fac2_groupi              csa_tree_fac2_group_253_1                     140        801       232         1033 
  S0[7].U0_csa_tree_U_S9_4_add_59_8_groupi   csa_tree_U_S9_4_add_59_8_group_269_429        126        769       216          985 
  S0[8].U0_csa_tree_U_S4_4_add_59_8_groupi   csa_tree_U_S4_4_add_59_8_group_301_1          120        773       210          983 
  S0[8].U0_csa_tree_U_S3_5_add_59_8_groupi   csa_tree_U_S3_5_add_59_8_group_323_1          113        750       194          944 
  S0[7].U0_csa_tree_U_S3_5_add_59_8_groupi   csa_tree_U_S3_5_add_59_8_group_323_405        128        729       215          943 
  S0[7].U0_csa_tree_U_S10_6_add_59_12_groupi csa_tree_U_S10_6_add_59_12_group_283_433       84        769       164          932 
  S0[7].U0_csa_tree_U_S4_4_add_59_8_groupi   csa_tree_U_S4_4_add_59_8_group_301_409        110        712       194          907 
  S0[7].U0_csa_tree_fac1_groupi              csa_tree_fac1_group_255_400                   118        691       200          891 
  S0[7].U0_csa_tree_U_S6_6_add_59_12_groupi  csa_tree_U_S6_6_add_59_12_group_285_417        79        725       154          879 
  S0[8].U0_csa_tree_U_S6_6_add_59_12_groupi  csa_tree_U_S6_6_add_59_12_group_285_1_419      89        709       169          878 
  S0[7].U0_csa_tree_U_S15_4_add_59_8_groupi  csa_tree_U_S15_4_add_59_8_group_327_456       110        673       202          875 
  S0[7].U0_csa_tree_U_S14_5_add_59_8_groupi  csa_tree_U_S14_5_add_59_8_group_267_450       117        673       202          875 
  S0[8].U0_csa_tree_fac1_groupi              csa_tree_fac1_group_255_1                     113        660       192          852 
  S0[8].U0_csa_tree_U_S4_2_add_84_9_groupi   csa_tree_U_S4_2_add_84_9_group_303_1_412      125        609       241          850 
  S0[8].U0_csa_tree_U_S10_6_add_59_12_groupi csa_tree_U_S10_6_add_59_12_group_283_1_435     80        682       156          837 
  S0[8].U0_csa_tree_U_S15_4_add_59_8_groupi  csa_tree_U_S15_4_add_59_8_group_327_1_457     105        635       197          832 
  S0[8].U0_csa_tree_U_S14_5_add_59_8_groupi  csa_tree_U_S14_5_add_59_8_group_267_1_453     122        615       209          824 
  S0[8].U0_csa_tree_U_S4_7_add_59_12_groupi  csa_tree_U_S4_7_add_59_12_group_295_1_411     124        582       231          813 
  S0[7].U0_csa_tree_U_S14_6_add_59_8_groupi  csa_tree_U_S14_6_add_59_8_group_311_449        92        624       166          790 
  S0[8].U0_csa_tree_U_S2_6_add_59_8_groupi   csa_tree_U_S2_6_add_59_8_group_313_1_402       96        615       171          787 
  S0[7].U0_csa_tree_U_S2_6_add_59_8_groupi   csa_tree_U_S2_6_add_59_8_group_313_399         92        606       166          772 
  S0[8].U0_csa_tree_U_S1_4_add_59_8_groupi   csa_tree_U_S1_4_add_59_8_group_329_1_398       99        584       186          770 
  S0[7].U0_csa_tree_U_S1_4_add_59_8_groupi   csa_tree_U_S1_4_add_59_8_group_329_397         94        578       183          761 
  S0[7].U0_csa_tree_U_S15_5_add_59_8_groupi  csa_tree_U_S15_5_add_59_8_group_321_455        94        568       176          744 
  S0[8].U0_csa_tree_U_S1_5_add_59_8_groupi   csa_tree_U_S1_5_add_59_8_group_325_396_1      101        548       184          732 
  S0[7].U0_csa_tree_U_S1_5_add_59_8_groupi   csa_tree_U_S1_5_add_59_8_group_325_396        101        542       183          725 
  S0[8].U0_csa_tree_U_S15_5_add_59_8_groupi  csa_tree_U_S15_5_add_59_8_group_321_1          93        532       172          704 
  S0[8].U0_csa_tree_U_S14_6_add_59_8_groupi  csa_tree_U_S14_6_add_59_8_group_311_1_452      89        490       165          654 
  S0[7].U0_csa_tree_U_S7_3_add_84_9_groupi   csa_tree_U_S7_3_add_84_9_group_281_422         86        507       141          648 
  S0[8].U0_csa_tree_U_S9_3_add_84_9_groupi   csa_tree_U_S9_3_add_84_9_group_279_1_432       82        511       132          642 
  S0[8].U0_csa_tree_U_S11_6_add_59_12_groupi csa_tree_U_S11_6_add_59_12_group_261_1_439     69        511       124          635 
  S0[7].U0_csa_tree_U_S11_6_add_59_12_groupi csa_tree_U_S11_6_add_59_12_group_261_437       70        499       128          627 
  S0[7].U0_csa_tree_U_S9_3_add_84_9_groupi   csa_tree_U_S9_3_add_84_9_group_279_430         83        477       139          616 
  S0[8].U0_U_S3_7_add_59_8                   add_signed_464_948                            103        440       173          613 
  S0[7].U0_U_S12_7_add_59_8                  add_signed_464_950                             98        445       167          612 
  S0[8].U0_csa_tree_U_S7_3_add_84_9_groupi   csa_tree_U_S7_3_add_84_9_group_281_1_424       81        473       137          609 
  S0[8].U0_U_S12_7_add_59_8                  add_signed_464_947                             94        447       160          606 
  S0[8].U0_U_S7_7_add_59_8                   add_signed_424_989                            105        430       173          603 
  S0[7].U0_U_S3_7_add_59_8                   add_signed_464                                 97        437       162          599 
  S0[7].U0_csa_tree_U_S4_7_add_59_12_groupi  csa_tree_U_S4_7_add_59_12_group_295_407        70        458       128          586 
  S0[8].U0_csa_tree_U_S4_3_add_84_9_groupi   csa_tree_U_S4_3_add_84_9_group_301_408_1       68        469       117          586 
  S0[8].U0_csa_tree_U_S5_7_add_59_12_groupi  csa_tree_U_S5_7_add_59_12_group_293_1_415      65        461       118          579 
  S0[7].U0_csa_tree_U_S8_5_add_59_8_groupi   csa_tree_U_S8_5_add_59_8_group_273_426         94        405       173          578 
  S0[7].U0_U_S9_7_add_59_8                   add_signed_424_993                             99        403       168          571 
  S0[8].U0_U_S13_7_add_59_8                  add_signed_464_946                             97        402       164          567 
  S0[7].U0_csa_tree_U_S4_2_add_84_9_groupi   csa_tree_U_S4_2_add_84_9_group_303_410         60        440       113          553 
  S0[7].U0_U_S7_7_add_59_8                   add_signed_424_994                             95        391       160          551 
  S0[8].U0_U_S9_7_add_59_8                   add_signed_424_988                             93        388       157          545 
  S0[8].U0_csa_tree_U_S12_3_add_84_9_groupi  csa_tree_U_S12_3_add_84_9_group_259_1_445      64        419       115          534 
  S0[7].U0_U_S13_7_add_59_8                  add_signed_464_949                             94        376       157          534 
  S0[7].U0_csa_tree_U_S12_3_add_84_9_groupi  csa_tree_U_S12_3_add_84_9_group_259_443        61        412       112          525 
  S0[8].U0_csa_tree_U_S8_5_add_59_8_groupi   csa_tree_U_S8_5_add_59_8_group_273_1           88        359       164          523 
  S0[7].U0_csa_tree_U_S4_3_add_84_9_groupi   csa_tree_U_S4_3_add_84_9_group_301_408         57        396       102          498 
  S0[7].U0_csa_tree_U_S5_7_add_59_12_groupi  csa_tree_U_S5_7_add_59_12_group_293_413        63        378       116          494 
  S0[8].U0_csa_tree_U_S14_3_add_84_9_groupi  csa_tree_U_S14_3_add_84_9_group_317_1_454      61        370       110          479 
  S0[7].U0_csa_tree_U_S14_3_add_84_9_groupi  csa_tree_U_S14_3_add_84_9_group_317_451        62        365       107          472 
  S0[7].U0_csa_tree_U_S2_3_add_84_9_groupi   csa_tree_U_S2_3_add_84_9_group_319_401         60        345       107          452 
  S0[8].U0_csa_tree_U_S2_3_add_84_9_groupi   csa_tree_U_S2_3_add_84_9_group_319_1_403       60        343       108          450 
  S0[7].U0_csa_tree_U_S8_7_add_59_12_groupi  csa_tree_U_S8_7_add_59_12_group_271_425        40        367        71          438 
  S0[8].U0_csa_tree_U_S8_7_add_59_12_groupi  csa_tree_U_S8_7_add_59_12_group_271_1_427      47        345        81          426 
  S0[8].U0_csa_tree_U_S10_3_add_84_9_groupi  csa_tree_U_S10_3_add_84_9_group_265_1_436      44        328        73          401 
  S0[7].U0_U_S10_7_add_59_8                  add_signed_424_992                             52        318        70          389 
  S0[7].U0_csa_tree_U_S11_3_add_84_9_groupi  csa_tree_U_S11_3_add_84_9_group_263_438        48        306        81          387 
  S0[8].U0_csa_tree_U_S6_3_add_84_9_groupi   csa_tree_U_S6_3_add_84_9_group_287_1_420       41        314        68          382 
  S0[7].U0_csa_tree_U_S5_2_add_84_9_groupi   csa_tree_U_S5_2_add_84_9_group_291_414         46        305        76          381 
  S0[7].U0_U_S6_7_add_59_8                   add_signed_424                                 60        295        81          377 
  S0[8].U0_U_S6_7_add_59_8                   add_signed_424_990                             53        300        72          372 
  S0[7].U0_csa_tree_U_S6_3_add_84_9_groupi   csa_tree_U_S6_3_add_84_9_group_287_418         43        293        73          366 
  S0[8].U0_csa_tree_U_S11_3_add_84_9_groupi  csa_tree_U_S11_3_add_84_9_group_263_1_440      42        293        68          362 
  S0[8].U0_csa_tree_U_S5_2_add_84_9_groupi   csa_tree_U_S5_2_add_84_9_group_291_1_416       40        296        64          360 
  S0[7].U0_U_S2_7_add_59_8                   add_signed_476                                 39        308        51          359 
  S0[7].U0_U_S14_7_add_59_8                  add_signed_476_939                             38        297        51          348 
  S0[8].U0_U_S2_7_add_59_8                   add_signed_476_938                             37        297        48          346 
  S0[7].U0_csa_tree_U_S10_3_add_84_9_groupi  csa_tree_U_S10_3_add_84_9_group_265_434        42        276        66          341 
  S0[8].U0_U_S10_7_add_59_8                  add_signed_424_987                             52        272        66          338 
  S0[8].U0_U_S1_6_add_59_8                   add_signed_495_2552                            44        272        60          332 
  S0[7].U0_U_S11_7_add_59_8                  add_signed_424_991                             50        263        65          328 
  S0[8].U0_U_S14_7_add_59_8                  add_signed_476_937                             42        275        53          327 
  S0[8].U0_U_S11_7_add_59_8                  add_signed_424_986                             49        253        62          315 
  S0[7].U0_U_S15_6_add_59_8                  add_signed_495                                 48        245        68          313 
