============================================================
  Generated by:           Genus(TM) Synthesis Solution 17.10-p007_1
  Generated on:           Nov 20 2019  11:22:18 am
  Module:                 FME_INTER_4
  Technology libraries:   CORE65LPSVT 
                          CLOCK65LPSVT 
                          physical_cells 
  Operating conditions:   _nominal_ 
  Interconnect mode:      global
  Area mode:              physical library
============================================================

                                   Leakage   Dynamic    Total   
          Instance          Cells Power(uW) Power(uW) Power(uW) 
----------------------------------------------------------------
FME_INTER_4                 22923   127.252 45795.050 45922.303 
  U_buffer                  14541    65.636 29975.653 30041.289 
  U_inter                    6558    46.777  8930.208  8976.985 
  U_crtl                       91     0.463   107.071   107.534 
  clipping[10].U_clip          11     0.050     9.299     9.349 
  clipping[13].U_clip          11     0.050     9.879     9.929 
  clipping[16].U_clip          11     0.049     9.115     9.164 
  clipping[4].U_clip           11     0.049     8.770     8.819 
  clipping[12].U_clip          11     0.049     8.455     8.504 
  clipping[1].U_clip           11     0.049     9.163     9.211 
  clipping[7].U_clip           11     0.049     9.210     9.259 
  clipping[5].U_clip           11     0.048     9.361     9.409 
  clipping[11].U_clip          11     0.048     7.850     7.898 
  clipping[6].U_clip           11     0.048     8.084     8.131 
  clipping[15].U_clip          11     0.047     7.241     7.288 
  clipping[8].U_clip           11     0.047     7.642     7.690 
  clipping[3].U_clip           11     0.047     6.977     7.024 
  clipping[14].U_clip          11     0.047     7.756     7.803 
  clipping[0].U_clip           11     0.047     6.598     6.644 
  clipping[9].U_clip           11     0.047     7.104     7.151 
  clipping[2].U_clip           11     0.046     5.357     5.404 
  clipping[2..ip_gte_592_34     3     0.010     2.368     2.379 
  clipping[4..ip_gte_592_34     3     0.010     2.673     2.684 
  clipping[2..ip_gte_592_34     3     0.010     3.095     3.106 
  clipping[2..ip_gte_592_34     3     0.010     2.276     2.286 
  clipping[4..ip_gte_592_34     3     0.010     2.268     2.278 
  clipping[4..ip_gte_592_34     3     0.010     2.033     2.044 
  clipping[4..ip_gte_592_34     3     0.010     2.548     2.558 
  clipping[4..ip_gte_592_34     3     0.010     3.031     3.041 
  clipping[1..ip_gte_592_34     3     0.010     1.784     1.794 
  clipping[3..ip_gte_592_34     3     0.010     2.795     2.805 
  clipping[4..ip_gte_592_34     3     0.010     1.877     1.888 
  clipping[2..ip_gte_592_34     3     0.010     2.016     2.026 
  clipping[4..ip_gte_592_34     3     0.010     1.905     1.915 
  clipping[5..ip_gte_592_34     3     0.010     2.039     2.049 
  clipping[4..ip_gte_592_34     3     0.010     1.840     1.850 
  clipping[2..ip_gte_592_34     3     0.010     2.320     2.330 
  clipping[3..ip_gte_592_34     3     0.010     2.460     2.470 
  clipping[3..ip_gte_592_34     3     0.010     1.731     1.741 
  clipping[2..ip_gte_592_34     3     0.010     1.500     1.510 
  clipping[2..ip_gte_592_34     3     0.010     2.438     2.448 
  clipping[3..ip_gte_592_34     3     0.010     2.467     2.477 
  clipping[2..ip_gte_592_34     3     0.010     1.515     1.525 
  clipping[1..ip_gte_592_34     3     0.010     2.052     2.061 
  clipping[3..ip_gte_592_34     3     0.010     1.859     1.869 
  clipping[3..ip_gte_592_34     3     0.010     1.863     1.873 
  clipping[3..ip_gte_592_34     3     0.010     1.402     1.412 
  clipping[4..ip_gte_592_34     3     0.010     2.229     2.239 
  clipping[4..ip_gte_592_34     3     0.010     1.715     1.725 
  clipping[1..ip_gte_592_34     3     0.010     2.188     2.197 
  clipping[2..ip_gte_592_34     3     0.010     1.794     1.804 
  clipping[3..ip_gte_592_34     3     0.010     1.928     1.938 
  clipping[3..ip_gte_592_34     3     0.010     1.978     1.988 
  clipping[3..ip_gte_592_34     3     0.010     1.626     1.635 
  clipping[2..ip_gte_592_34     3     0.009     1.165     1.175 

