============================================================
  Generated by:           Genus(TM) Synthesis Solution 17.10-p007_1
  Generated on:           Nov 22 2019  03:45:01 pm
  Module:                 FME_PIPE_4
  Technology libraries:   CORE65LPSVT 
                          CLOCK65LPSVT 
                          physical_cells 
  Operating conditions:   _nominal_ 
  Interconnect mode:      global
  Area mode:              physical library
============================================================

            Instance                       Module           Cells  Cell Area  Net Area   Total Area 
----------------------------------------------------------------------------------------------------
FME_PIPE_4                                                   8807      47380     18427        65807 
  U_inter                        interpolation_bit_width10   6128      31734     11601        43335 
  U_buffer                       buffer_shift                1892      10680      4096        14776 
  U_crtl                         CRTL_bit_width10              92        505       174          679 
  clipping[0].U_clip             clip8_bit_width10             17         82        17           99 
  clipping[3].U_clip             clip8_bit_width10_319         17         78        17           95 
  clipping[2].U_clip             clip8_bit_width10_320         17         78        17           95 
  clipping[14].U_clip_gte_627_34 geq_signed_700_1114            8         49        10           58 
  clipping[12].U_clip_gte_627_34 geq_signed_700_1112            8         49        10           58 
  clipping[11].U_clip_gte_627_34 geq_signed_700_1111            8         49        10           58 
  clipping[9].U_clip_gte_627_34  geq_signed_700_1109            8         49        10           58 
  clipping[8].U_clip_gte_627_34  geq_signed_700_1108            8         49        10           58 
  clipping[6].U_clip_gte_627_34  geq_signed_700_1106            8         49        10           58 
  clipping[5].U_clip_gte_627_34  geq_signed_700                 8         49        10           58 
  clipping[4].U_clip             clip8_bit_width10_318         12         38        10           48 
  clipping[1].U_clip             clip8_bit_width10_321         12         38        10           48 
  clipping[13].U_clip_gte_627_34 geq_signed_700_1118_1931       4         13         4           17 
  clipping[10].U_clip_gte_627_34 geq_signed_700_1118_1930       4         13         4           17 
  clipping[7].U_clip_gte_627_34  geq_signed_700_1118_1929       4         13         4           17 
