============================================================
  Generated by:           Genus(TM) Synthesis Solution 17.10-p007_1
  Generated on:           Nov 22 2019  03:45:03 pm
  Module:                 FME_PIPE_4
  Technology libraries:   CORE65LPSVT 
                          CLOCK65LPSVT 
                          physical_cells 
  Operating conditions:   _nominal_ 
  Interconnect mode:      global
  Area mode:              physical library
============================================================

                                           Leakage   Internal  
       Gate         Instances    Area    Power (uW) Power (uW)     Library    
------------------------------------------------------------------------------
HS65_LSS_XNOR2X12          27    182.520      0.372     42.185    CORE65LPSVT 
HS65_LSS_XNOR2X24           8     99.840      0.245     24.139    CORE65LPSVT 
HS65_LSS_XNOR2X6          184    765.440      1.262    118.843    CORE65LPSVT 
HS65_LSS_XOR2X6            72    299.520      0.414     42.774    CORE65LPSVT 
HS65_LS_AND2ABX27           1      5.720      0.013      4.443    CORE65LPSVT 
HS65_LS_AND2X18            56    203.840      0.548     67.073    CORE65LPSVT 
HS65_LS_AND2X27            55    314.600      0.787     74.547    CORE65LPSVT 
HS65_LS_AND2X35            46    287.040      0.968    121.664    CORE65LPSVT 
HS65_LS_AND2X4            118    306.800      0.275     42.710    CORE65LPSVT 
HS65_LS_AND2X9             56    174.720      0.252     44.035    CORE65LPSVT 
HS65_LS_AND3ABCX27          1      6.240      0.012      0.162    CORE65LPSVT 
HS65_LS_AND3ABCX35          2     13.520      0.033      0.521    CORE65LPSVT 
HS65_LS_AND3X35             1      7.800      0.019      0.307    CORE65LPSVT 
HS65_LS_AND3X9             10     36.400      0.033      1.611    CORE65LPSVT 
HS65_LS_AND4X19             1     10.920      0.008      0.329    CORE65LPSVT 
HS65_LS_AO112X9             1      4.160      0.005      0.000    CORE65LPSVT 
HS65_LS_AO12X18            25    104.000      0.256     21.315    CORE65LPSVT 
HS65_LS_AO12X27             1      6.760      0.015      0.884    CORE65LPSVT 
HS65_LS_AO12X9             24     87.360      0.122     12.328    CORE65LPSVT 
HS65_LS_AO212X4             8     37.440      0.036      3.117    CORE65LPSVT 
HS65_LS_AO311X9             5     23.400      0.024      3.663    CORE65LPSVT 
HS65_LS_AO312X9             6     34.320      0.027      2.864    CORE65LPSVT 
HS65_LS_AO31X9              2      8.320      0.008      0.025    CORE65LPSVT 
HS65_LS_AO32X9              6     31.200      0.032      9.263    CORE65LPSVT 
HS65_LS_AOI12X12           17     88.400      0.115     20.880    CORE65LPSVT 
HS65_LS_AOI12X17           40    270.400      0.625     52.713    CORE65LPSVT 
HS65_LS_AOI12X2             5     13.000      0.007      0.851    CORE65LPSVT 
HS65_LS_AOI12X23           12    106.080      0.203     19.257    CORE65LPSVT 
HS65_LS_AOI12X35           16    208.000      0.408     78.081    CORE65LPSVT 
HS65_LS_AOI12X46           12    205.920      0.506     49.289    CORE65LPSVT 
HS65_LS_AOI12X6            30     93.600      0.120     12.775    CORE65LPSVT 
HS65_LS_AOI13X15            9     79.560      0.090     21.538    CORE65LPSVT 
HS65_LS_AOI13X5            16     58.240      0.099      6.157    CORE65LPSVT 
HS65_LS_AOI21X12           23    119.600      0.169     18.213    CORE65LPSVT 
HS65_LS_AOI21X17           21    141.960      0.297     25.168    CORE65LPSVT 
HS65_LS_AOI21X23            3     26.520      0.056      4.802    CORE65LPSVT 
HS65_LS_AOI21X46            7    120.120      0.265     16.505    CORE65LPSVT 
HS65_LS_AOI22X6             1      3.640      0.004      1.035    CORE65LPSVT 
HS65_LS_AOI312X4           11     57.200      0.053      6.280    CORE65LPSVT 
HS65_LS_AOI31X10            2     12.480      0.021      3.378    CORE65LPSVT 
HS65_LS_AOI31X5            11     40.040      0.043      4.647    CORE65LPSVT 
HS65_LS_AOI31X8             7     43.680      0.052      3.972    CORE65LPSVT 
HS65_LS_BFX106              2     23.920      0.118      1.892    CORE65LPSVT 
HS65_LS_BFX142              2     31.200      0.153     15.349    CORE65LPSVT 
HS65_LS_BFX18               1      3.120      0.008      1.969    CORE65LPSVT 
HS65_LS_BFX213              3     67.080      0.363     34.676    CORE65LPSVT 
HS65_LS_BFX27               1      3.640      0.013      1.524    CORE65LPSVT 
HS65_LS_BFX284              1     30.160      0.167     15.444    CORE65LPSVT 
HS65_LS_BFX35               3     15.600      0.052     11.904    CORE65LPSVT 
HS65_LS_BFX44               1      5.720      0.022      4.359    CORE65LPSVT 
HS65_LS_BFX62               3     23.400      0.096     20.302    CORE65LPSVT 
HS65_LS_BFX71              12     99.840      0.443     71.680    CORE65LPSVT 
HS65_LS_CB4I1X18            5     26.000      0.056      4.373    CORE65LPSVT 
HS65_LS_CB4I6X27            5     41.600      0.072     10.691    CORE65LPSVT 
HS65_LS_CB4I6X9             1      4.160      0.004      1.003    CORE65LPSVT 
HS65_LS_CBI4I1X11           6     37.440      0.064      5.033    CORE65LPSVT 
HS65_LS_CBI4I1X5           18     65.520      0.084      9.711    CORE65LPSVT 
HS65_LS_CBI4I6X5            5     18.200      0.017      1.857    CORE65LPSVT 
HS65_LS_CNIVX10             1      2.600      0.003      0.656    CORE65LPSVT 
HS65_LS_CNIVX14             3      7.800      0.015      1.375    CORE65LPSVT 
HS65_LS_CNIVX21            57    177.840      0.375     22.247    CORE65LPSVT 
HS65_LS_CNIVX27             1      3.640      0.011      1.315    CORE65LPSVT 
HS65_LS_CNIVX34            14     65.520      0.164     11.886    CORE65LPSVT 
HS65_LS_CNIVX45             1      6.240      0.020      0.567    CORE65LPSVT 
HS65_LS_CNIVX48             8     49.920      0.133      6.698    CORE65LPSVT 
HS65_LS_CNIVX7             88    137.280      0.150     15.702    CORE65LPSVT 
HS65_LS_CNIVX82             1      9.880      0.038      1.749    CORE65LPSVT 
HS65_LS_DFPHQX9            80    832.000      0.786    814.197    CORE65LPSVT 
HS65_LS_DFPQNX4            10     83.200      0.084     89.845    CORE65LPSVT 
HS65_LS_DFPQX4              5     39.000      0.041     50.400    CORE65LPSVT 
HS65_LS_DFPQX9            635   4953.000      5.933   6227.841    CORE65LPSVT 
HS65_LS_DFPRQNX18           2     21.840      0.026     22.560    CORE65LPSVT 
HS65_LS_DFPRQX18           63    687.960      0.824    698.874    CORE65LPSVT 
HS65_LS_DFPRQX4           109   1133.600      0.957   1097.366    CORE65LPSVT 
HS65_LS_DFPRQX9           434   4513.600      4.303   4242.022    CORE65LPSVT 
HS65_LS_FA1X18             32    449.280      0.743    148.875    CORE65LPSVT 
HS65_LS_FA1X27             85   1812.200      3.106    647.047    CORE65LPSVT 
HS65_LS_FA1X35              3     79.560      0.151     30.699    CORE65LPSVT 
HS65_LS_FA1X4               6     56.160      0.038      4.746    CORE65LPSVT 
HS65_LS_FA1X9               5     54.600      0.050      5.161    CORE65LPSVT 
HS65_LS_HA1X18             56    407.680      1.170    165.518    CORE65LPSVT 
HS65_LS_HA1X35              6     81.120      0.266     22.084    CORE65LPSVT 
HS65_LS_HA1X4              26    135.200      0.132     11.665    CORE65LPSVT 
HS65_LS_HA1X9              31    193.440      0.295     45.266    CORE65LPSVT 
HS65_LS_IVX106              4     35.360      0.173      6.351    CORE65LPSVT 
HS65_LS_IVX13              15     31.200      0.064      5.396    CORE65LPSVT 
HS65_LS_IVX142              1     11.960      0.056      2.786    CORE65LPSVT 
HS65_LS_IVX18             321    667.680      1.740    112.740    CORE65LPSVT 
HS65_LS_IVX2                1      1.560      0.001      0.019    CORE65LPSVT 
HS65_LS_IVX213              6    102.960      0.542     14.078    CORE65LPSVT 
HS65_LS_IVX22              10     31.200      0.075      4.139    CORE65LPSVT 
HS65_LS_IVX27             156    486.720      1.439     78.849    CORE65LPSVT 
HS65_LS_IVX31              13     47.320      0.143      7.225    CORE65LPSVT 
HS65_LS_IVX35              42    152.880      0.535     25.941    CORE65LPSVT 
HS65_LS_IVX40               2      8.320      0.029      0.722    CORE65LPSVT 
HS65_LS_IVX44              21     87.360      0.340     21.367    CORE65LPSVT 
HS65_LS_IVX53               5     26.000      0.100     12.104    CORE65LPSVT 
HS65_LS_IVX62              11     62.920      0.260     19.366    CORE65LPSVT 
HS65_LS_IVX7                1      1.560      0.002      0.392    CORE65LPSVT 
HS65_LS_IVX71               5     31.200      0.137     15.416    CORE65LPSVT 
HS65_LS_IVX9              342    533.520      0.886     74.973    CORE65LPSVT 
HS65_LS_MUX21I1X12          7     47.320      0.096     12.968    CORE65LPSVT 
HS65_LS_MUX21I1X18         25    260.000      0.551     43.122    CORE65LPSVT 
HS65_LS_MUX21I1X24          2     24.960      0.060      7.262    CORE65LPSVT 
HS65_LS_MUX21I1X6           2      8.320      0.014      0.784    CORE65LPSVT 
HS65_LS_MUX21X4           112    465.920      0.531    179.311    CORE65LPSVT 
HS65_LS_MUXI21X10           6     49.920      0.072      6.620    CORE65LPSVT 
HS65_LS_MUXI21X15           9     93.600      0.187      7.201    CORE65LPSVT 
HS65_LS_MUXI21X2          208    757.120      0.534    131.324    CORE65LPSVT 
HS65_LS_NAND2AX14          73    303.680      0.537     35.065    CORE65LPSVT 
HS65_LS_NAND2AX21          71    406.120      1.083     81.080    CORE65LPSVT 
HS65_LS_NAND2AX29          21    141.960      0.422     39.465    CORE65LPSVT 
HS65_LS_NAND2AX7          161    502.320      0.791     99.065    CORE65LPSVT 
HS65_LS_NAND2X11           20     72.800      0.076      8.773    CORE65LPSVT 
HS65_LS_NAND2X14          265    964.600      1.784    184.241    CORE65LPSVT 
HS65_LS_NAND2X21          146    759.200      1.390    129.936    CORE65LPSVT 
HS65_LS_NAND2X29          152    948.480      1.830    176.922    CORE65LPSVT 
HS65_LS_NAND2X43           58    512.720      1.675    103.073    CORE65LPSVT 
HS65_LS_NAND2X57           58    693.680      2.183    161.963    CORE65LPSVT 
HS65_LS_NAND2X7           573   1191.840      1.490    211.765    CORE65LPSVT 
HS65_LS_NAND3AX13           6     34.320      0.092      3.517    CORE65LPSVT 
HS65_LS_NAND3AX3            1      3.640      0.002      0.062    CORE65LPSVT 
HS65_LS_NAND3AX6            8     29.120      0.039      1.934    CORE65LPSVT 
HS65_LS_NAND3X13           16     83.200      0.122      8.260    CORE65LPSVT 
HS65_LS_NAND3X19           18    121.680      0.267     17.928    CORE65LPSVT 
HS65_LS_NAND3X25           10     88.400      0.254     16.998    CORE65LPSVT 
HS65_LS_NAND3X38            1     13.000      0.038      2.411    CORE65LPSVT 
HS65_LS_NAND3X5             5     13.000      0.009      1.726    CORE65LPSVT 
HS65_LS_NAND4ABX13          1      6.760      0.003      0.682    CORE65LPSVT 
HS65_LS_NOR2AX13           40    166.400      0.302     27.309    CORE65LPSVT 
HS65_LS_NOR2AX19           27    154.440      0.310     16.662    CORE65LPSVT 
HS65_LS_NOR2AX25            6     40.560      0.051      4.515    CORE65LPSVT 
HS65_LS_NOR2AX3           279    725.400      0.702     68.048    CORE65LPSVT 
HS65_LS_NOR2AX6            76    237.120      0.324     28.729    CORE65LPSVT 
HS65_LS_NOR2X13           216    786.240      1.524    108.793    CORE65LPSVT 
HS65_LS_NOR2X19           106    551.200      1.093     92.705    CORE65LPSVT 
HS65_LS_NOR2X25            67    418.080      0.918     72.097    CORE65LPSVT 
HS65_LS_NOR2X38           128   1131.520      2.798    285.741    CORE65LPSVT 
HS65_LS_NOR2X5             10     20.800      0.019      1.705    CORE65LPSVT 
HS65_LS_NOR2X50            30    358.800      0.989     81.371    CORE65LPSVT 
HS65_LS_NOR2X6            218    453.440      0.673     71.547    CORE65LPSVT 
HS65_LS_NOR2X9              6     21.840      0.032      2.787    CORE65LPSVT 
HS65_LS_NOR3AX13            1      7.800      0.005      0.774    CORE65LPSVT 
HS65_LS_NOR3AX9             7     40.040      0.024      4.582    CORE65LPSVT 
HS65_LS_NOR3X18             4     35.360      0.009      1.542    CORE65LPSVT 
HS65_LS_NOR3X26            15    171.600      0.050      8.518    CORE65LPSVT 
HS65_LS_NOR4ABX4            5     20.800      0.006      0.308    CORE65LPSVT 
HS65_LS_NOR4ABX9           13     81.120      0.068      1.967    CORE65LPSVT 
HS65_LS_NOR4X4              3     15.600      0.022      0.031    CORE65LPSVT 
HS65_LS_OA112X9             2      8.320      0.011      2.165    CORE65LPSVT 
HS65_LS_OA12X18            54    224.640      0.598     50.644    CORE65LPSVT 
HS65_LS_OA12X27            16    116.480      0.282     32.087    CORE65LPSVT 
HS65_LS_OA12X35            10     78.000      0.211     33.435    CORE65LPSVT 
HS65_LS_OA12X9             50    182.000      0.250     31.570    CORE65LPSVT 
HS65_LS_OA212X18            8     49.920      0.099     15.056    CORE65LPSVT 
HS65_LS_OA22X9              5     23.400      0.017      2.040    CORE65LPSVT 
HS65_LS_OA31X18             8     41.600      0.091      8.679    CORE65LPSVT 
HS65_LS_OAI112X11          49    305.760      0.186     92.180    CORE65LPSVT 
HS65_LS_OAI112X16          11     97.240      0.062     31.308    CORE65LPSVT 
HS65_LS_OAI112X5           24     87.360      0.041     23.093    CORE65LPSVT 
HS65_LS_OAI12X12           32    166.400      0.303     39.014    CORE65LPSVT 
HS65_LS_OAI12X18          128    865.280      1.795    193.037    CORE65LPSVT 
HS65_LS_OAI12X24           44    388.960      0.737     99.063    CORE65LPSVT 
HS65_LS_OAI12X3            15     39.000      0.033      3.299    CORE65LPSVT 
HS65_LS_OAI12X37            2     26.000      0.046      6.976    CORE65LPSVT 
HS65_LS_OAI12X6            84    262.080      0.412     29.041    CORE65LPSVT 
HS65_LS_OAI13X10            8     49.920      0.072     19.940    CORE65LPSVT 
HS65_LS_OAI13X5            10     36.400      0.042     13.626    CORE65LPSVT 
HS65_LS_OAI211X5            5     18.200      0.031      1.893    CORE65LPSVT 
HS65_LS_OAI212X5          208    865.280      0.436    218.823    CORE65LPSVT 
HS65_LS_OAI21X12            1      5.200      0.008      1.090    CORE65LPSVT 
HS65_LS_OAI21X18           16    108.160      0.219     23.474    CORE65LPSVT 
HS65_LS_OAI21X24            3     26.520      0.058      4.411    CORE65LPSVT 
HS65_LS_OAI21X3           229    595.400      0.569    121.154    CORE65LPSVT 
HS65_LS_OAI21X37            1     13.000      0.016      3.418    CORE65LPSVT 
HS65_LS_OAI21X6             1      3.120      0.005      0.838    CORE65LPSVT 
HS65_LS_OAI21X9            11     57.200      0.078      4.644    CORE65LPSVT 
HS65_LS_OAI311X5            5     20.800      0.033      1.583    CORE65LPSVT 
HS65_LS_OAI31X10            8     49.920      0.072     14.925    CORE65LPSVT 
HS65_LS_OAI31X15            2     17.680      0.027      5.179    CORE65LPSVT 
HS65_LS_OR2ABX27            6     34.320      0.071      4.366    CORE65LPSVT 
HS65_LS_OR2X18             44    160.160      0.390     50.377    CORE65LPSVT 
HS65_LS_OR2X27             17     97.240      0.227     19.496    CORE65LPSVT 
HS65_LS_OR2X35             39    243.360      0.800     75.546    CORE65LPSVT 
HS65_LS_OR2X9             201    627.120      0.929    148.883    CORE65LPSVT 
HS65_LS_OR3ABCX35           1      6.240      0.020      0.271    CORE65LPSVT 
HS65_LS_OR3X9               1      3.640      0.003      0.077    CORE65LPSVT 
HS65_LS_PAO2X18             2     11.440      0.020      3.959    CORE65LPSVT 
HS65_LS_PAO2X9             10     46.800      0.043      9.642    CORE65LPSVT 
HS65_LS_PAOI2X1             7     25.480      0.008      1.256    CORE65LPSVT 
HS65_LS_PAOI2X17            7     76.440      0.109     19.133    CORE65LPSVT 
HS65_LS_PAOI2X22            2     30.160      0.040      6.517    CORE65LPSVT 
HS65_LS_PAOI2X33            1     21.840      0.033      5.344    CORE65LPSVT 
HS65_LS_PAOI2X6             1      4.160      0.003      0.526    CORE65LPSVT 
HS65_LS_SDFPRQX9           80    998.400      0.849   1104.051    CORE65LPSVT 
HS65_LS_XNOR2X18           76    513.760      1.671    203.857    CORE65LPSVT 
HS65_LS_XNOR2X35            9    102.960      0.391     36.515    CORE65LPSVT 
HS65_LS_XNOR2X9            18     93.600      0.177     16.102    CORE65LPSVT 
HS65_LS_XOR2X18            24    162.240      0.527     46.486    CORE65LPSVT 
HS65_LS_XOR2X27             8     83.200      0.256     17.334    CORE65LPSVT 
HS65_LS_XOR2X35           123   1407.120      5.393    598.053    CORE65LPSVT 
HS65_LS_XOR2X4              8     37.440      0.047      4.885    CORE65LPSVT 
HS65_LS_XOR2X9             34    176.800      0.337     29.932    CORE65LPSVT 
------------------------------------------------------------------------------
total                    8807  47379.800     82.214  22067.819                


                                            Leakage  Leakage  Internal  Internal 
     Type      Instances    Area   Area % Power (uW) Power % Power (uW)  Power % 
---------------------------------------------------------------------------------
sequential          1418 13262.600   28.0     13.804    16.8  14347.157     65.0 
inverter            1130  2780.440    5.9      7.430     9.0    464.058      2.1 
buffer                29   303.680    0.6      1.435     1.7    179.099      0.8 
logic               6230 31033.080   65.5     59.545    72.4   7077.505     32.1 
physical_cells         0     0.000    0.0      0.000     0.0      0.000      0.0 
---------------------------------------------------------------------------------
total               8807 47379.800  100.0     82.214   100.0  22067.819    100.0 

