============================================================
  Generated by:           Genus(TM) Synthesis Solution 17.10-p007_1
  Generated on:           Nov 22 2019  03:45:03 pm
  Module:                 FME_PIPE_4
  Technology libraries:   CORE65LPSVT 
                          CLOCK65LPSVT 
                          physical_cells 
  Operating conditions:   _nominal_ 
  Interconnect mode:      global
  Area mode:              physical library
============================================================

                                   Leakage   Dynamic    Total   
          Instance          Cells Power(uW) Power(uW) Power(uW) 
----------------------------------------------------------------
FME_PIPE_4                   8807    82.214 36117.686 36199.900 
  U_inter                    6128    61.957 20486.212 20548.169 
  U_buffer                   1892    11.467  9930.707  9942.174 
  U_crtl                       92     0.555   284.495   285.050 
  clipping[0].U_clip           17     0.163    33.701    33.864 
  clipping[2].U_clip           17     0.153    31.220    31.374 
  clipping[3].U_clip           17     0.153    29.560    29.713 
  clipping[6..ip_gte_627_34     8     0.100    18.905    19.004 
  clipping[5..ip_gte_627_34     8     0.100    18.987    19.087 
  clipping[8..ip_gte_627_34     8     0.097    17.748    17.845 
  clipping[9..ip_gte_627_34     8     0.097    20.303    20.400 
  clipping[1..ip_gte_627_34     8     0.096    22.539    22.635 
  clipping[1..ip_gte_627_34     8     0.095    21.154    21.249 
  clipping[1..ip_gte_627_34     8     0.094    18.722    18.816 
  clipping[4].U_clip           12     0.048    15.171    15.218 
  clipping[1].U_clip           12     0.048    14.864    14.912 
  clipping[1..ip_gte_627_34     4     0.009     5.324     5.333 
  clipping[7..ip_gte_627_34     4     0.009     5.728     5.737 
  clipping[1..ip_gte_627_34     4     0.009     5.751     5.760 

