============================================================
  Generated by:           Genus(TM) Synthesis Solution 17.10-p007_1
  Generated on:           Nov 22 2019  03:45:03 pm
  Module:                 FME_PIPE_4
  Technology libraries:   CORE65LPSVT 
                          CLOCK65LPSVT 
                          physical_cells 
  Operating conditions:   _nominal_ 
  Interconnect mode:      global
  Area mode:              physical library
============================================================

                                     Leakage   Internal    Net        Dynamic          Total       
                                                                  (Internal+Net) (Leakage+Dynamic) 
           Instance           Cells Power(uW) Power(uW) Power(uW)    Power(uW)       Power(uW)     
---------------------------------------------------------------------------------------------------
FME_PIPE_4                     8807    82.214 22067.819 14049.867      36117.686         36199.900 
  U_inter                      6128    61.957 12324.894  8161.319      20486.212         20548.169 
    csa_tree_P.._18_10_groupi   121     2.092   301.417   365.634        667.050           669.142 
    csa_tree_P.._18_10_groupi   120     2.041   303.214   359.599        662.812           664.854 
    csa_tree_P.._18_10_groupi   120     2.032   302.495   360.240        662.736           664.768 
    addinc_PUs.._S2_add_18_16   106     1.608   149.448   158.352        307.800           309.408 
    addinc_PUs..S22_add_18_16   106     1.592   156.831   168.964        325.795           327.387 
    addinc_PUs.._S2_add_18_16   106     1.577   149.673   164.851        314.525           316.102 
    addinc_PUs..S22_add_18_16   106     1.575   150.228   162.694        312.922           314.497 
    addinc_PUs.._S2_add_18_16   106     1.572   149.738   161.071        310.809           312.381 
    addinc_PUs..S22_add_18_16   106     1.571   143.947   155.075        299.023           300.593 
    addinc_PUs..S22_add_18_16   106     1.571   150.488   163.152        313.640           315.211 
    addinc_PUs..S22_add_18_16   106     1.570   153.047   163.497        316.544           318.114 
    addinc_PUs.._S2_add_18_16   106     1.570   157.481   170.911        328.392           329.962 
    addinc_PUs.._S2_add_18_16   106     1.567   144.476   153.635        298.111           299.679 
    csa_tree_P.._18_10_groupi   117     1.501   234.247   279.296        513.543           515.044 
    csa_tree_P.._18_10_groupi   117     1.500   229.759   273.907        503.665           505.166 
    csa_tree_P.._18_10_groupi   117     1.499   231.272   278.680        509.953           511.451 
    csa_tree_P.._18_10_groupi   117     1.498   233.709   282.522        516.231           517.728 
    csa_tree_P.._18_10_groupi   117     1.493   236.469   282.739        519.208           520.701 
    csa_tree_P.._18_10_groupi   117     1.491   232.012   277.023        509.035           510.527 
    csa_tree_P.._18_10_groupi   117     1.490   240.126   288.180        528.306           529.796 
    PUs[3].U_F.._S0_add_18_10    62     0.932    57.498    69.258        126.756           127.689 
    PUs[2].U_F.._S0_add_18_10    62     0.916    59.452    70.949        130.401           131.317 
    PUs[0].U_F.._S0_add_18_10    62     0.899    63.028    77.842        140.871           141.769 
    PUs[1].U_F.._S0_add_18_10    62     0.894    56.090    73.335        129.425           130.319 
    PUs[4].U_F.._S0_add_18_10    62     0.871    56.702    62.707        119.409           120.280 
    PUs[0].U_F.._S0_add_18_10    62     0.863    53.765    61.853        115.618           116.481 
    csa_tree_P.._18_10_groupi    94     0.770   106.514   170.194        276.708           277.478 
    csa_tree_P.._18_10_groupi    94     0.767   109.090   173.206        282.296           283.063 
    addinc_PUs.._S2_add_18_16    94     0.695    40.664    57.325         97.989            98.684 
    addinc_PUs.._S2_add_18_16    94     0.693    46.634    67.126        113.760           114.453 
    addinc_PUs.._S2_add_18_16    93     0.682    45.405    64.486        109.891           110.573 
    addinc_PUs.._S2_add_18_16    93     0.677    43.332    59.821        103.153           103.830 
    addinc_PUs.._S2_add_18_16    94     0.659    44.080    61.314        105.394           106.053 
    addinc_PUs.._S2_add_18_16    93     0.655    40.385    57.039         97.425            98.079 
    csa_tree_P.._18_10_groupi    96     0.588    97.915   129.095        227.010           227.599 
    csa_tree_P.._18_10_groupi    96     0.587    90.116   118.900        209.016           209.603 
    csa_tree_P.._18_10_groupi    96     0.587    93.315   125.483        218.798           219.384 
    addinc_PUs.._S0_add_18_16    67     0.505    31.195    41.282         72.477            72.982 
    addinc_PUs.._S0_add_18_16    67     0.503    35.139    47.227         82.366            82.870 
    addinc_PUs.._S0_add_18_16    67     0.496    30.778    41.977         72.755            73.251 
    addinc_PUs.._S0_add_18_16    67     0.496    30.642    41.266         71.908            72.403 
    addinc_PUs.._S0_add_18_16    67     0.495    35.508    47.783         83.291            83.786 
    addinc_PUs.._S0_add_18_16    67     0.495    31.240    42.882         74.122            74.617 
    addinc_PUs.._S0_add_18_16    67     0.490    31.292    42.781         74.073            74.563 
    addinc_PUs.._S0_add_18_16    67     0.489    32.498    44.579         77.077            77.566 
    PUs[1].U_F.._S1_add_18_10    57     0.377    25.309    40.070         65.379            65.756 
    PUs[2].U_F.._S1_add_18_10    57     0.369    25.024    39.762         64.786            65.155 
    PUs[0].U_F.._S1_add_18_10    57     0.367    28.670    45.746         74.415            74.783 
    PUs[3].U_F.._S1_add_18_10    57     0.367    24.529    38.898         63.427            63.794 
    PUs[4].U_F.._S1_add_18_10    57     0.366    27.230    39.657         66.887            67.253 
    PUs[0].U_F.._S1_add_18_10    57     0.362    25.686    37.854         63.540            63.901 
    PUs[1].U_F..S10_add_41_16    75     0.345    32.975    45.522         78.497            78.841 
    PUs[4].U_F..S10_add_41_16    75     0.344    32.764    44.927         77.692            78.036 
    PUs[0].U_F..S10_add_41_16    75     0.344    32.425    45.699         78.124            78.468 
    PUs[2].U_F..S10_add_41_16    75     0.343    31.191    43.805         74.997            75.340 
    PUs[3].U_F..S10_add_41_16    75     0.343    33.345    45.666         79.011            79.354 
    PUs[1].U_F4_U_S11            51     0.193    19.027    25.275         44.303            44.495 
      add_41_16                  51     0.193    19.027    25.275         44.303            44.495 
    PUs[3].U_F4_U_S11            51     0.192    19.783    27.024         46.807            46.999 
      add_41_16                  51     0.192    19.783    27.024         46.807            46.999 
    PUs[2].U_F4_U_S11            51     0.192    20.656    28.232         48.888            49.080 
      add_41_16                  51     0.192    20.656    28.232         48.888            49.080 
    PUs[4].U_F4_U_S11            51     0.192    17.709    24.628         42.337            42.529 
      add_41_16                  51     0.192    17.709    24.628         42.337            42.529 
    PUs[0].U_F4_U_S11            51     0.192    17.236    24.375         41.611            41.803 
      add_41_16                  51     0.192    17.236    24.375         41.611            41.803 
    PUs[0].U_F4_U_p13            16     0.145   149.872    28.758        178.630           178.775 
    PUs[1].U_F4_U_p3             16     0.145   149.872    28.363        178.235           178.380 
    PUs[3].U_F4_U_p13            16     0.145   148.093    24.189        172.283           172.428 
    PUs[4].U_F4_U_p3             16     0.145   148.093    23.865        171.957           172.103 
    PUs[4].U_F4_U_p13            16     0.145   148.899    24.802        173.701           173.846 
    PUs[0].U_F4_U_p3             16     0.145   148.632    25.854        174.486           174.631 
    PUs[1].U_F4_U_p13            16     0.145   148.236    24.415        172.651           172.796 
    PUs[2].U_F4_U_p3             16     0.145   148.235    24.149        172.385           172.530 
    PUs[2].U_F4_U_p13            16     0.145   148.526    24.803        173.329           173.474 
    PUs[3].U_F4_U_p3             16     0.145   148.525    24.409        172.934           173.079 
    PUs[0].U_F4_U_p10            14     0.131   137.259    16.825        154.085           154.216 
    PUs[3].U_F4_U_p1             14     0.131   137.259    16.737        153.997           154.128 
    PUs[1].U_F4_U_p1             14     0.131   136.515    16.668        153.183           153.314 
    PUs[0].U_F4_U_p1             14     0.131   134.044    14.835        148.879           149.010 
    PUs[3].U_F4_U_p10            14     0.131   135.076    15.485        150.561           150.692 
    PUs[2].U_F4_U_p1             14     0.131   137.652    17.365        155.018           155.149 
    PUs[2].U_F4_U_p10            14     0.131   134.248    14.935        149.183           149.315 
    PUs[4].U_F4_U_p10            14     0.131   135.435    15.924        151.359           151.490 
    PUs[1].U_F4_U_p10            14     0.131   134.727    15.691        150.419           150.550 
    PUs[4].U_F4_U_p1             14     0.131   134.727    15.691        150.419           150.550 
    PUs[0].U_F4_U_p4             14     0.131   137.929    21.800        159.729           159.860 
    PUs[1].U_F4_U_p12            14     0.131   137.926    19.926        157.852           157.983 
    PUs[3].U_F4_U_p4             14     0.131   135.592    18.234        153.826           153.957 
    PUs[4].U_F4_U_p12            14     0.131   135.591    18.009        153.601           153.732 
    PUs[4].U_F4_U_p4             14     0.131   138.599    20.384        158.983           159.114 
    PUs[1].U_F4_U_p4             14     0.131   135.977    20.417        156.394           156.525 
    PUs[2].U_F4_U_p12            14     0.131   135.975    18.520        154.495           154.626 
    PUs[2].U_F4_U_p4             14     0.131   135.542    18.649        154.191           154.322 
    PUs[3].U_F4_U_p12            14     0.131   135.541    18.362        153.904           154.034 
    PUs[0].U_F4_U_p12            14     0.131   135.953    20.343        156.296           156.426 
    PUs[3].U_F4_U_p5             13     0.120   133.923    13.573        147.496           147.616 
    PUs[1].U_F4_U_p5             13     0.120   134.413    13.234        147.647           147.768 
    PUs[4].U_F4_U_p5             13     0.120   134.459    13.864        148.323           148.444 
    PUs[0].U_F4_U_p5             13     0.120   135.020    13.733        148.752           148.873 
    PUs[2].U_F4_U_p5             13     0.120   133.959    13.770        147.729           147.849 
    PUs[1].U_F.._S0_add_41_16    11     0.104     7.244     3.998         11.243            11.347 
    PUs[0].U_F..S20_add_41_16    11     0.103     8.634     6.357         14.991            15.094 
    PUs[3].U_F..S20_add_41_16    11     0.103     7.173     4.096         11.269            11.372 
    PUs[2].U_F.._S0_add_41_16    11     0.103     8.516     4.619         13.136            13.238 
    PUs[2].U_F4_U_p6             11     0.103   111.758     6.918        118.676           118.779 
    PUs[4].U_F4_U_p6             11     0.103   109.042     6.344        115.385           115.488 
    PUs[1].U_F4_U_p6             11     0.103   111.264     6.832        118.096           118.198 
    PUs[0].U_F4_U_p6             11     0.103   108.659     6.158        114.817           114.920 
    PUs[1].U_F..S20_add_41_16    11     0.103     7.731     5.579         13.310            13.413 
    PUs[3].U_F4_U_p6             11     0.102   110.273     6.658        116.931           117.033 
    PUs[4].U_F..S20_add_41_16    11     0.102     7.145     3.655         10.800            10.902 
    PUs[0].U_F.._S0_add_41_16    11     0.102     7.223     3.820         11.042            11.144 
    PUs[2].U_F..S20_add_41_16    11     0.102     8.198     4.880         13.078            13.180 
    PUs[3].U_F4_U_p2             10     0.093    95.139     7.521        102.661           102.754 
    PUs[2].U_F4_U_p2             10     0.093    94.232     7.161        101.394           101.487 
    PUs[2].U_F4_U_p11            10     0.093    94.737     7.228        101.965           102.059 
    PUs[0].U_F4_U_p11            10     0.093    93.891     6.432        100.323           100.417 
    PUs[1].U_F4_U_p2             10     0.093    93.323     6.419         99.742            99.836 
    PUs[4].U_F4_U_p11            10     0.093    93.324     6.789        100.112           100.206 
    PUs[0].U_F4_U_p2             10     0.093    94.130     6.283        100.413           100.507 
    PUs[3].U_F4_U_p11            10     0.093    94.131     7.144        101.275           101.368 
    PUs[4].U_F4_U_p2             10     0.093    93.312     6.496         99.807            99.901 
    PUs[1].U_F4_U_p11            10     0.093    93.908     7.155        101.063           101.156 
  U_buffer                     1892    11.467  7277.872  2652.835       9930.707          9942.174 
  U_crtl                         92     0.555   225.352    59.143        284.495           285.050 
    inc_add_859_29                9     0.041     0.517     0.423          0.939             0.980 
    inc_add_829_29                8     0.036     1.112     0.921          2.033             2.068 
    inc_add_844_29                8     0.036     0.612     0.513          1.125             1.160 
    lt_764_18                     2     0.013     0.000     0.000          0.000             0.013 
    lt_757_18                     2     0.011     0.055     0.045          0.100             0.112 
    lt_771_18                     2     0.011     0.000     0.000          0.000             0.011 
  clipping[0].U_clip             17     0.163    18.286    15.415         33.701            33.864 
    gte_627_34                    8     0.104    13.124     8.831         21.955            22.060 
  clipping[2].U_clip             17     0.153    16.795    14.425         31.220            31.374 
    gte_627_34                    8     0.095    11.683     7.632         19.315            19.410 
  clipping[3].U_clip             17     0.153    16.300    13.260         29.560            29.713 
    gte_627_34                    8     0.095    10.967     7.050         18.017            18.112 
  clipping[6..ip_gte_627_34       8     0.100    11.448     7.457         18.905            19.004 
  clipping[5..ip_gte_627_34       8     0.100    11.437     7.550         18.987            19.087 
  clipping[8..ip_gte_627_34       8     0.097    10.675     7.072         17.748            17.845 
  clipping[9..ip_gte_627_34       8     0.097    12.260     8.043         20.303            20.400 
  clipping[1..ip_gte_627_34       8     0.096    13.619     8.921         22.539            22.635 
  clipping[1..ip_gte_627_34       8     0.095    12.774     8.379         21.154            21.249 
  clipping[1..ip_gte_627_34       8     0.094    11.231     7.491         18.722            18.816 
  clipping[4].U_clip             12     0.048     7.716     7.455         15.171            15.218 
    gte_627_34                    4     0.009     1.853     3.929          5.783             5.792 
  clipping[1].U_clip             12     0.048     7.726     7.139         14.864            14.912 
    gte_627_34                    4     0.008     1.700     3.521          5.220             5.229 
  clipping[1..ip_gte_627_34       4     0.009     1.710     3.613          5.324             5.333 
  clipping[7..ip_gte_627_34       4     0.009     1.877     3.851          5.728             5.737 
  clipping[1..ip_gte_627_34       4     0.009     1.900     3.851          5.751             5.760 

