============================================================
  Generated by:           Genus(TM) Synthesis Solution 17.10-p007_1
  Generated on:           Mar 03 2020  08:59:01 am
  Module:                 INTER_6
  Technology libraries:   CORE65LPSVT 
                          CLOCK65LPSVT 
                          physical_cells 
  Operating conditions:   _nominal_ 
  Interconnect mode:      global
  Area mode:              physical library
============================================================

                                           Leakage   Internal  
       Gate         Instances    Area    Power (uW) Power (uW)     Library    
------------------------------------------------------------------------------
HS65_LSS_XNOR2X12         117    790.920      1.587     77.056    CORE65LPSVT 
HS65_LSS_XNOR2X6          387   1609.920      2.604    185.418    CORE65LPSVT 
HS65_LSS_XOR2X6           153    636.480      0.894     62.288    CORE65LPSVT 
HS65_LSS_XOR3X2            18    140.400      0.092      3.693    CORE65LPSVT 
HS65_LS_AND2X18           126    458.640      1.321     59.923    CORE65LPSVT 
HS65_LS_AND2X27            72    411.840      1.004     29.828    CORE65LPSVT 
HS65_LS_AND2X4            288    748.800      0.680     49.458    CORE65LPSVT 
HS65_LS_AND2X9            126    393.120      0.551     30.572    CORE65LPSVT 
HS65_LS_AND3X18            18     84.240      0.221      5.758    CORE65LPSVT 
HS65_LS_AND3X35            18    140.400      0.476      8.165    CORE65LPSVT 
HS65_LS_AND3X9             18     65.520      0.059      0.984    CORE65LPSVT 
HS65_LS_AO12X18            45    187.200      0.472     24.497    CORE65LPSVT 
HS65_LS_AO12X9             54    196.560      0.242     11.706    CORE65LPSVT 
HS65_LS_AO31X18            18     93.600      0.175      4.369    CORE65LPSVT 
HS65_LS_AO32X9             18     93.600      0.092     12.146    CORE65LPSVT 
HS65_LS_AOI12X12           72    374.400      0.671     17.053    CORE65LPSVT 
HS65_LS_AOI12X17           27    182.520      0.397     20.723    CORE65LPSVT 
HS65_LS_AOI12X2            36     93.600      0.050      2.147    CORE65LPSVT 
HS65_LS_AOI12X23           27    238.680      0.582     18.548    CORE65LPSVT 
HS65_LS_AOI12X35           18    234.000      0.560      8.820    CORE65LPSVT 
HS65_LS_AOI12X6           126    393.120      0.562     22.295    CORE65LPSVT 
HS65_LS_AOI13X10            9     56.160      0.061      9.682    CORE65LPSVT 
HS65_LS_AOI13X5            18     65.520      0.115      3.320    CORE65LPSVT 
HS65_LS_AOI21X17           18    121.680      0.282      4.935    CORE65LPSVT 
HS65_LS_AOI21X6            18     56.160      0.072      3.643    CORE65LPSVT 
HS65_LS_BFX106             31    370.760      1.773     28.155    CORE65LPSVT 
HS65_LS_BFX18               4     12.480      0.032      0.605    CORE65LPSVT 
HS65_LS_BFX27              22     80.080      0.278      5.315    CORE65LPSVT 
HS65_LS_BFX35               4     20.800      0.070      1.104    CORE65LPSVT 
HS65_LS_BFX44              10     57.200      0.223      3.791    CORE65LPSVT 
HS65_LS_BFX53              21    131.040      0.566      9.814    CORE65LPSVT 
HS65_LS_BFX62               1      7.800      0.032      0.430    CORE65LPSVT 
HS65_LS_BFX71               5     41.600      0.185      3.227    CORE65LPSVT 
HS65_LS_CB4I1X18           45    234.000      0.513     17.212    CORE65LPSVT 
HS65_LS_CB4I6X18           18     93.600      0.193     21.522    CORE65LPSVT 
HS65_LS_CB4I6X9            18     74.880      0.086     10.561    CORE65LPSVT 
HS65_LS_CBI4I1X11          27    168.480      0.241      9.214    CORE65LPSVT 
HS65_LS_CBI4I1X5           18     65.520      0.092      8.040    CORE65LPSVT 
HS65_LS_CBI4I6X14           9     79.560      0.049      2.070    CORE65LPSVT 
HS65_LS_CBI4I6X5            1      3.640      0.004      0.408    CORE65LPSVT 
HS65_LS_CBI4I6X9            8     49.920      0.059      4.833    CORE65LPSVT 
HS65_LS_CNIVX21            42    131.040      0.262      5.028    CORE65LPSVT 
HS65_LS_CNIVX27            43    156.520      0.388      7.873    CORE65LPSVT 
HS65_LS_CNIVX34            19     88.920      0.219      4.789    CORE65LPSVT 
HS65_LS_CNIVX41             9     46.800      0.157      1.177    CORE65LPSVT 
HS65_LS_CNIVX55             2     13.520      0.049      0.391    CORE65LPSVT 
HS65_LS_CNIVX62             8     58.240      0.216      1.602    CORE65LPSVT 
HS65_LS_DFPRQNX9           12    124.800      0.118     56.816    CORE65LPSVT 
HS65_LS_DFPRQX18           82    895.440      1.083    399.536    CORE65LPSVT 
HS65_LS_DFPRQX27            4     47.840      0.067     19.219    CORE65LPSVT 
HS65_LS_DFPRQX4           171   1778.400      1.495   1064.644    CORE65LPSVT 
HS65_LS_DFPRQX9           141   1466.400      1.400    738.533    CORE65LPSVT 
HS65_LS_FA1X18            387   5433.480      9.287    779.233    CORE65LPSVT 
HS65_LS_FA1X27            216   4605.120      8.018    606.235    CORE65LPSVT 
HS65_LS_FA1X4              72    673.920      0.454     36.602    CORE65LPSVT 
HS65_LS_FA1X9             279   3046.680      3.028    335.400    CORE65LPSVT 
HS65_LS_HA1X18             18    131.040      0.368     13.952    CORE65LPSVT 
HS65_LS_HA1X27              9    107.640      0.299     13.358    CORE65LPSVT 
HS65_LS_HA1X4             162    842.400      0.834     42.855    CORE65LPSVT 
HS65_LS_HA1X9              36    224.640      0.334      7.302    CORE65LPSVT 
HS65_LS_IVX18             569   1183.520      3.069     45.290    CORE65LPSVT 
HS65_LS_IVX2                1      1.560      0.001      0.030    CORE65LPSVT 
HS65_LS_IVX27             301    939.120      2.773     43.304    CORE65LPSVT 
HS65_LS_IVX31               8     29.120      0.089      0.917    CORE65LPSVT 
HS65_LS_IVX35             166    604.240      2.077     27.072    CORE65LPSVT 
HS65_LS_IVX40              18     74.880      0.259      2.316    CORE65LPSVT 
HS65_LS_IVX44               7     29.120      0.113      0.710    CORE65LPSVT 
HS65_LS_IVX49               1      5.200      0.018      0.170    CORE65LPSVT 
HS65_LS_IVX53              33    171.600      0.663      6.300    CORE65LPSVT 
HS65_LS_IVX62               3     17.160      0.071      0.448    CORE65LPSVT 
HS65_LS_IVX71               5     31.200      0.138      1.203    CORE65LPSVT 
HS65_LS_IVX9              826   1288.560      2.033     59.660    CORE65LPSVT 
HS65_LS_MUX21X9             9     42.120      0.073      2.827    CORE65LPSVT 
HS65_LS_NAND2AX14         207    861.120      1.932     41.192    CORE65LPSVT 
HS65_LS_NAND2AX21         270   1544.400      3.350    120.506    CORE65LPSVT 
HS65_LS_NAND2AX29          36    243.360      0.794     10.577    CORE65LPSVT 
HS65_LS_NAND2AX7          306    954.720      1.409     49.580    CORE65LPSVT 
HS65_LS_NAND2X11           18     65.520      0.073      1.995    CORE65LPSVT 
HS65_LS_NAND2X14          738   2686.320      5.035    134.854    CORE65LPSVT 
HS65_LS_NAND2X21          216   1123.200      2.487     64.757    CORE65LPSVT 
HS65_LS_NAND2X29           36    224.640      0.808     18.286    CORE65LPSVT 
HS65_LS_NAND2X7           954   1984.320      2.500    117.847    CORE65LPSVT 
HS65_LS_NAND3X13           18     93.600      0.198      7.873    CORE65LPSVT 
HS65_LS_NAND3X19            9     60.840      0.021      2.031    CORE65LPSVT 
HS65_LS_NAND3X38            9    117.000      0.432      9.852    CORE65LPSVT 
HS65_LS_NAND3X5             9     23.400      0.003      0.159    CORE65LPSVT 
HS65_LS_NAND3X6            18     56.160      0.146      2.191    CORE65LPSVT 
HS65_LS_NAND4ABX19         18    177.840      0.433     26.803    CORE65LPSVT 
HS65_LS_NAND4ABX25         18    215.280      0.492     29.698    CORE65LPSVT 
HS65_LS_NOR2AX13           99    411.840      1.001     27.661    CORE65LPSVT 
HS65_LS_NOR2AX19           54    308.880      0.577     30.702    CORE65LPSVT 
HS65_LS_NOR2AX25           27    182.520      0.328      9.543    CORE65LPSVT 
HS65_LS_NOR2AX3           558   1450.800      1.432     83.436    CORE65LPSVT 
HS65_LS_NOR2AX6           180    561.600      0.740     31.965    CORE65LPSVT 
HS65_LS_NOR2X13           378   1375.920      2.331    109.941    CORE65LPSVT 
HS65_LS_NOR2X19           252   1310.400      2.737     84.974    CORE65LPSVT 
HS65_LS_NOR2X25            81    505.440      1.073     26.391    CORE65LPSVT 
HS65_LS_NOR2X38            45    397.800      1.056     17.862    CORE65LPSVT 
HS65_LS_NOR2X6            936   1946.880      2.778    103.669    CORE65LPSVT 
HS65_LS_NOR2X9             18     65.520      0.118      4.167    CORE65LPSVT 
HS65_LS_NOR3AX9             9     51.480      0.027      0.971    CORE65LPSVT 
HS65_LS_NOR3X13             9     60.840      0.129      6.799    CORE65LPSVT 
HS65_LS_OA112X9            36    149.760      0.168      5.565    CORE65LPSVT 
HS65_LS_OA12X18            45    187.200      0.513     16.834    CORE65LPSVT 
HS65_LS_OA12X27            45    327.600      0.776     36.757    CORE65LPSVT 
HS65_LS_OA12X35            27    210.600      0.698     31.216    CORE65LPSVT 
HS65_LS_OA12X9             99    360.360      0.509     32.899    CORE65LPSVT 
HS65_LS_OA212X9            18    102.960      0.101      2.384    CORE65LPSVT 
HS65_LS_OA22X9             27    126.360      0.118      8.697    CORE65LPSVT 
HS65_LS_OA31X18            18     93.600      0.200     23.646    CORE65LPSVT 
HS65_LS_OAI12X12          126    655.200      1.324     33.230    CORE65LPSVT 
HS65_LS_OAI12X18           90    608.400      1.402     42.653    CORE65LPSVT 
HS65_LS_OAI12X24           72    636.480      1.672     38.921    CORE65LPSVT 
HS65_LS_OAI12X3            18     46.800      0.029      2.390    CORE65LPSVT 
HS65_LS_OAI12X6           135    421.200      0.636     25.889    CORE65LPSVT 
HS65_LS_OAI212X5           18     74.880      0.089      6.144    CORE65LPSVT 
HS65_LS_OAI21X18           18    121.680      0.320      3.531    CORE65LPSVT 
HS65_LS_OAI21X3           144    374.400      0.295     24.811    CORE65LPSVT 
HS65_LS_OAI22X6            18     65.520      0.081      4.897    CORE65LPSVT 
HS65_LS_OAI32X9            36    280.800      0.353     23.038    CORE65LPSVT 
HS65_LS_OR2X18             72    262.080      0.678     44.566    CORE65LPSVT 
HS65_LS_OR2X27             18    102.960      0.301      8.497    CORE65LPSVT 
HS65_LS_OR2X9             162    505.440      0.677     36.330    CORE65LPSVT 
HS65_LS_PAO2X9             54    252.720      0.245     15.352    CORE65LPSVT 
HS65_LS_PAOI2X11            9     70.200      0.073      5.876    CORE65LPSVT 
HS65_LS_PAOI2X6            27    112.320      0.098     12.804    CORE65LPSVT 
HS65_LS_XNOR2X18          252   1703.520      5.539    184.827    CORE65LPSVT 
HS65_LS_XNOR2X27            9     93.600      0.283     24.384    CORE65LPSVT 
HS65_LS_XNOR2X35            9    102.960      0.392     30.928    CORE65LPSVT 
HS65_LS_XNOR2X9            45    234.000      0.443     35.332    CORE65LPSVT 
HS65_LS_XOR2X18           405   2737.800      8.902    301.634    CORE65LPSVT 
HS65_LS_XOR2X27            81    842.400      2.585     93.272    CORE65LPSVT 
HS65_LS_XOR2X35            36    411.840      1.579     43.506    CORE65LPSVT 
HS65_LS_XOR2X4             90    421.200      0.544     19.680    CORE65LPSVT 
HS65_LS_XOR2X9             45    234.000      0.447     20.774    CORE65LPSVT 
------------------------------------------------------------------------------
total                   13576  65641.160    124.182   7545.660                


                                            Leakage  Leakage  Internal  Internal 
     Type      Instances    Area   Area % Power (uW) Power % Power (uW)  Power % 
---------------------------------------------------------------------------------
sequential           410  4312.880    6.6      4.162     3.4   2278.747     30.2 
inverter            2061  4870.320    7.4     12.596    10.1    208.279      2.8 
buffer                98   721.760    1.1      3.160     2.5     52.440      0.7 
logic              11007 55736.200   84.9    104.264    84.0   5006.194     66.3 
physical_cells         0     0.000    0.0      0.000     0.0      0.000      0.0 
---------------------------------------------------------------------------------
total              13576 65641.160  100.0    124.182   100.0   7545.660    100.0 

