Command: report datapath > reports/FME_PIPE_2_datapath_map.log
============================================================
  Generated by:           Genus(TM) Synthesis Solution 17.10-p007_1
  Generated on:           Nov 21 2019  04:33:10 pm
  Module:                 FME_PIPE_2
  Technology libraries:   CORE65LPSVT 
                          CLOCK65LPSVT 
                          physical_cells 
  Operating conditions:   _nominal_ 
  Interconnect mode:      global
  Area mode:              physical library
============================================================


Inferred components

                      Operator   Signedness  Inputs Outputs CellArea Line Col    Filename    
=============================================================================================
FME_PIPE_2
 U_crtl
  inc_add_692_29
  module:increment_unsigned_19
   slow              increment   unsigned   7x1     7          35.88                         
---------------------------------------------------------------------------------------------
   add_692_29            +       unsigned   7x1     7                   0   0 a              
=============================================================================================
FME_PIPE_2
 U_crtl
  inc_add_707_29
  module:increment_unsigned_19_7991
   slow              increment   unsigned   7x1     7          35.88                         
---------------------------------------------------------------------------------------------
   add_707_29            +       unsigned   7x1     7                   0   0 a              
=============================================================================================
FME_PIPE_2
 U_crtl
  inc_add_722_29
  module:increment_unsigned_22_23
   slow              increment   unsigned   8x1     8          42.12                         
---------------------------------------------------------------------------------------------
   add_722_29            +       unsigned   8x1     8                   0   0 a              
=============================================================================================
FME_PIPE_2
 U_crtl
  lt_620_18
  module:lt_signed_2430
   slow                  <       signed     8x6     1           8.84  620  18 FME_PIPE_2.vhd 
=============================================================================================
FME_PIPE_2
 U_crtl
  lt_627_18
  module:lt_signed_2428
   slow                  <       signed     8x5     1          10.40  620  18 FME_PIPE_2.vhd 
=============================================================================================
FME_PIPE_2
 U_crtl
  lt_634_18
  module:lt_signed_2426
   slow                  <       signed     9x7     1           7.28  620  18 FME_PIPE_2.vhd 
=============================================================================================
FME_PIPE_2
 U_inter
  PUs[0].U_F2_U_0_U_S2_add_18_10
  module:add_signed_2442_3181
   very_fast             +       signed     12x16   16        330.72  119  61 FME_PIPE_2.vhd 
=============================================================================================
FME_PIPE_2
 U_inter
  PUs[0].U_F2_U_1
   U_S2_add_18_10
   module:add_signed_2442
    very_fast            +       signed     12x16   16        324.48  176  61 FME_PIPE_2.vhd 
=============================================================================================
FME_PIPE_2
 U_inter
  PUs[0].U_F2_U_1
   addinc_U_S0_add_18_16
   module:add_signed_carry_4272
    very_fast            +       signed     12x12x1 12        370.76                         
---------------------------------------------------------------------------------------------
    U_S0_add_18_16       +       signed     12x2    12                 18  16 FME_PIPE_2.vhd 
    U_S0_add_18_10       +       signed     12x12   12                 18  10 FME_PIPE_2.vhd 
=============================================================================================
FME_PIPE_2
 U_inter
  PUs[0].U_F2_U_1
   addinc_U_S1_add_18_16
   module:add_signed_carry_4269
    very_fast            +       signed     14x14x1 14        355.16                         
---------------------------------------------------------------------------------------------
    U_S1_add_18_16       +       signed     14x2    14                 18  16 FME_PIPE_2.vhd 
    U_S1_add_18_10       +       signed     14x14   14                 18  10 FME_PIPE_2.vhd 
=============================================================================================
FME_PIPE_2
 U_inter
  PUs[0].U_F2_U_S10
   addinc_add_41_28
   module:add_unsigned_carry
    slow                 +       unsigned   8x8x1   9          23.92                         
---------------------------------------------------------------------------------------------
    add_41_28            +       unsigned   9x1     9                  41  28 FME_PIPE_2.vhd 
    add_41_16            +       unsigned   8x8     9                  41  16 FME_PIPE_2.vhd 
=============================================================================================
FME_PIPE_2
 U_inter
  PUs[10].U_F2_U_0_U_S2_add_18_10
  module:add_signed_2442_3191
   very_fast             +       signed     12x16   16        318.24  119  61 FME_PIPE_2.vhd 
=============================================================================================
FME_PIPE_2
 U_inter
  PUs[10].U_F2_U_1
   U_S2_add_18_10
   module:add_signed_2442_3208
    very_fast            +       signed     12x16   16        327.08  176  61 FME_PIPE_2.vhd 
=============================================================================================
FME_PIPE_2
 U_inter
  PUs[10].U_F2_U_1
   addinc_U_S0_add_18_16
   module:add_signed_carry_4272_3175
    very_fast            +       signed     12x12x1 12        366.60                         
---------------------------------------------------------------------------------------------
    U_S0_add_18_16       +       signed     12x2    12                 18  16 FME_PIPE_2.vhd 
    U_S0_add_18_10       +       signed     12x12   12                 18  10 FME_PIPE_2.vhd 
=============================================================================================
FME_PIPE_2
 U_inter
  PUs[10].U_F2_U_1
   addinc_U_S1_add_18_16
   module:add_signed_carry_4269_3142
    very_fast            +       signed     14x14x1 14        372.32                         
---------------------------------------------------------------------------------------------
    U_S1_add_18_16       +       signed     14x2    14                 18  16 FME_PIPE_2.vhd 
    U_S1_add_18_10       +       signed     14x14   14                 18  10 FME_PIPE_2.vhd 
=============================================================================================
FME_PIPE_2
 U_inter
  PUs[10].U_F2_U_S10
   addinc_add_41_28
   module:add_unsigned_carry_7951
    slow                 +       unsigned   8x8x1   9          23.92                         
---------------------------------------------------------------------------------------------
    add_41_28            +       unsigned   9x1     9                  41  28 FME_PIPE_2.vhd 
    add_41_16            +       unsigned   8x8     9                  41  16 FME_PIPE_2.vhd 
=============================================================================================
FME_PIPE_2
 U_inter
  PUs[11].U_F2_U_0_U_S2_add_18_10
  module:add_signed_2442_3192
   very_fast             +       signed     12x16   16        329.16  119  61 FME_PIPE_2.vhd 
=============================================================================================
FME_PIPE_2
 U_inter
  PUs[11].U_F2_U_1
   U_S2_add_18_10
   module:add_signed_2442_3209
    very_fast            +       signed     12x16   16        321.88  176  61 FME_PIPE_2.vhd 
=============================================================================================
FME_PIPE_2
 U_inter
  PUs[11].U_F2_U_1
   addinc_U_S0_add_18_16
   module:add_signed_carry_4272_3176
    very_fast            +       signed     12x12x1 12        362.44                         
---------------------------------------------------------------------------------------------
    U_S0_add_18_16       +       signed     12x2    12                 18  16 FME_PIPE_2.vhd 
    U_S0_add_18_10       +       signed     12x12   12                 18  10 FME_PIPE_2.vhd 
=============================================================================================
FME_PIPE_2
 U_inter
  PUs[11].U_F2_U_1
   addinc_U_S1_add_18_16
   module:add_signed_carry_4269_3143
    very_fast            +       signed     14x14x1 14        365.56                         
---------------------------------------------------------------------------------------------
    U_S1_add_18_16       +       signed     14x2    14                 18  16 FME_PIPE_2.vhd 
    U_S1_add_18_10       +       signed     14x14   14                 18  10 FME_PIPE_2.vhd 
=============================================================================================
FME_PIPE_2
 U_inter
  PUs[11].U_F2_U_S10
   addinc_add_41_28
   module:add_unsigned_carry_7952
    slow                 +       unsigned   8x8x1   9          23.92                         
---------------------------------------------------------------------------------------------
    add_41_28            +       unsigned   9x1     9                  41  28 FME_PIPE_2.vhd 
    add_41_16            +       unsigned   8x8     9                  41  16 FME_PIPE_2.vhd 
=============================================================================================
FME_PIPE_2
 U_inter
  PUs[12].U_F2_U_0_U_S2_add_18_10
  module:add_signed_2442_3193
   very_fast             +       signed     12x16   16        317.72  119  61 FME_PIPE_2.vhd 
=============================================================================================
FME_PIPE_2
 U_inter
  PUs[12].U_F2_U_1
   U_S2_add_18_10
   module:add_signed_2442_3210
    very_fast            +       signed     12x16   16        325.52  176  61 FME_PIPE_2.vhd 
=============================================================================================
FME_PIPE_2
 U_inter
  PUs[12].U_F2_U_1
   addinc_U_S0_add_18_16
   module:add_signed_carry_4272_3177
    very_fast            +       signed     12x12x1 12        362.96                         
---------------------------------------------------------------------------------------------
    U_S0_add_18_16       +       signed     12x2    12                 18  16 FME_PIPE_2.vhd 
    U_S0_add_18_10       +       signed     12x12   12                 18  10 FME_PIPE_2.vhd 
=============================================================================================
FME_PIPE_2
 U_inter
  PUs[12].U_F2_U_1
   addinc_U_S1_add_18_16
   module:add_signed_carry_4269_3144
    very_fast            +       signed     14x14x1 14        353.60                         
---------------------------------------------------------------------------------------------
    U_S1_add_18_16       +       signed     14x2    14                 18  16 FME_PIPE_2.vhd 
    U_S1_add_18_10       +       signed     14x14   14                 18  10 FME_PIPE_2.vhd 
=============================================================================================
FME_PIPE_2
 U_inter
  PUs[12].U_F2_U_S10
   addinc_add_41_28
   module:add_unsigned_carry_7953
    slow                 +       unsigned   8x8x1   9          23.92                         
---------------------------------------------------------------------------------------------
    add_41_28            +       unsigned   9x1     9                  41  28 FME_PIPE_2.vhd 
    add_41_16            +       unsigned   8x8     9                  41  16 FME_PIPE_2.vhd 
=============================================================================================
FME_PIPE_2
 U_inter
  PUs[13].U_F2_U_0_U_S2_add_18_10
  module:add_signed_2442_3194
   very_fast             +       signed     12x16   16        318.24  119  61 FME_PIPE_2.vhd 
=============================================================================================
FME_PIPE_2
 U_inter
  PUs[13].U_F2_U_1
   U_S2_add_18_10
   module:add_signed_2442_3211
    very_fast            +       signed     12x16   16        327.60  176  61 FME_PIPE_2.vhd 
=============================================================================================
FME_PIPE_2
 U_inter
  PUs[13].U_F2_U_1
   addinc_U_S0_add_18_16
   module:add_signed_carry_4272_3178
    very_fast            +       signed     12x12x1 12        358.80                         
---------------------------------------------------------------------------------------------
    U_S0_add_18_16       +       signed     12x2    12                 18  16 FME_PIPE_2.vhd 
    U_S0_add_18_10       +       signed     12x12   12                 18  10 FME_PIPE_2.vhd 
=============================================================================================
FME_PIPE_2
 U_inter
  PUs[13].U_F2_U_1
   addinc_U_S1_add_18_16
   module:add_signed_carry_4269_3145
    very_fast            +       signed     14x14x1 14        356.20                         
---------------------------------------------------------------------------------------------
    U_S1_add_18_16       +       signed     14x2    14                 18  16 FME_PIPE_2.vhd 
    U_S1_add_18_10       +       signed     14x14   14                 18  10 FME_PIPE_2.vhd 
=============================================================================================
FME_PIPE_2
 U_inter
  PUs[13].U_F2_U_S10
   addinc_add_41_28
   module:add_unsigned_carry_7954
    slow                 +       unsigned   8x8x1   9          23.92                         
---------------------------------------------------------------------------------------------
    add_41_28            +       unsigned   9x1     9                  41  28 FME_PIPE_2.vhd 
    add_41_16            +       unsigned   8x8     9                  41  16 FME_PIPE_2.vhd 
=============================================================================================
FME_PIPE_2
 U_inter
  PUs[14].U_F2_U_0_U_S2_add_18_10
  module:add_signed_2442_3195
   very_fast             +       signed     12x16   16        328.64  119  61 FME_PIPE_2.vhd 
=============================================================================================
FME_PIPE_2
 U_inter
  PUs[14].U_F2_U_1
   U_S2_add_18_10
   module:add_signed_2442_3212
    very_fast            +       signed     12x16   16        317.72  176  61 FME_PIPE_2.vhd 
=============================================================================================
FME_PIPE_2
 U_inter
  PUs[14].U_F2_U_1
   addinc_U_S0_add_18_16
   module:add_signed_carry_4272_3179
    very_fast            +       signed     12x12x1 12        365.56                         
---------------------------------------------------------------------------------------------
    U_S0_add_18_16       +       signed     12x2    12                 18  16 FME_PIPE_2.vhd 
    U_S0_add_18_10       +       signed     12x12   12                 18  10 FME_PIPE_2.vhd 
=============================================================================================
FME_PIPE_2
 U_inter
  PUs[14].U_F2_U_1
   addinc_U_S1_add_18_16
   module:add_signed_carry_4269_3146
    very_fast            +       signed     14x14x1 14        361.92                         
---------------------------------------------------------------------------------------------
    U_S1_add_18_16       +       signed     14x2    14                 18  16 FME_PIPE_2.vhd 
    U_S1_add_18_10       +       signed     14x14   14                 18  10 FME_PIPE_2.vhd 
=============================================================================================
FME_PIPE_2
 U_inter
  PUs[14].U_F2_U_S10
   addinc_add_41_28
   module:add_unsigned_carry_7955
    slow                 +       unsigned   8x8x1   9          23.92                         
---------------------------------------------------------------------------------------------
    add_41_28            +       unsigned   9x1     9                  41  28 FME_PIPE_2.vhd 
    add_41_16            +       unsigned   8x8     9                  41  16 FME_PIPE_2.vhd 
=============================================================================================
FME_PIPE_2
 U_inter
  PUs[15].U_F2_U_0_U_S2_add_18_10
  module:add_signed_2442_3196
   very_fast             +       signed     12x16   16        321.88  119  61 FME_PIPE_2.vhd 
=============================================================================================
FME_PIPE_2
 U_inter
  PUs[15].U_F2_U_1
   U_S2_add_18_10
   module:add_signed_2442_3213
    very_fast            +       signed     12x16   16        320.32  176  61 FME_PIPE_2.vhd 
=============================================================================================
FME_PIPE_2
 U_inter
  PUs[15].U_F2_U_1
   addinc_U_S0_add_18_16
   module:add_signed_carry_4272_3180
    very_fast            +       signed     12x12x1 12        356.72                         
---------------------------------------------------------------------------------------------
    U_S0_add_18_16       +       signed     12x2    12                 18  16 FME_PIPE_2.vhd 
    U_S0_add_18_10       +       signed     12x12   12                 18  10 FME_PIPE_2.vhd 
=============================================================================================
FME_PIPE_2
 U_inter
  PUs[15].U_F2_U_1
   addinc_U_S1_add_18_16
   module:add_signed_carry_4269_3147
    very_fast            +       signed     14x14x1 14        347.36                         
---------------------------------------------------------------------------------------------
    U_S1_add_18_16       +       signed     14x2    14                 18  16 FME_PIPE_2.vhd 
    U_S1_add_18_10       +       signed     14x14   14                 18  10 FME_PIPE_2.vhd 
=============================================================================================
FME_PIPE_2
 U_inter
  PUs[15].U_F2_U_S10
   addinc_add_41_28
   module:add_unsigned_carry_7956
    slow                 +       unsigned   8x8x1   9          23.92                         
---------------------------------------------------------------------------------------------
    add_41_28            +       unsigned   9x1     9                  41  28 FME_PIPE_2.vhd 
    add_41_16            +       unsigned   8x8     9                  41  16 FME_PIPE_2.vhd 
=============================================================================================
FME_PIPE_2
 U_inter
  PUs[16].U_F2_U_0_U_S2_add_18_10
  module:add_signed_2442_3197
   very_fast             +       signed     12x16   16        319.80  119  61 FME_PIPE_2.vhd 
=============================================================================================
FME_PIPE_2
 U_inter
  PUs[16].U_F2_U_1_U_S2_add_18_10
  module:add_signed_2442_3198
   very_fast             +       signed     12x16   16        319.80  176  61 FME_PIPE_2.vhd 
=============================================================================================
FME_PIPE_2
 U_inter
  PUs[16].U_F2_U_S10
   addinc_add_41_28
   module:add_unsigned_carry_7957
    slow                 +       unsigned   8x8x1   9          23.92                         
---------------------------------------------------------------------------------------------
    add_41_28            +       unsigned   9x1     9                  41  28 FME_PIPE_2.vhd 
    add_41_16            +       unsigned   8x8     9                  41  16 FME_PIPE_2.vhd 
=============================================================================================
FME_PIPE_2
 U_inter
  PUs[1].U_F2_U_0_U_S2_add_18_10
  module:add_signed_2442_3182
   very_fast             +       signed     12x16   16        318.76  119  61 FME_PIPE_2.vhd 
=============================================================================================
FME_PIPE_2
 U_inter
  PUs[1].U_F2_U_1
   U_S2_add_18_10
   module:add_signed_2442_3199
    very_fast            +       signed     12x16   16        328.64  176  61 FME_PIPE_2.vhd 
=============================================================================================
FME_PIPE_2
 U_inter
  PUs[1].U_F2_U_1
   addinc_U_S0_add_18_16
   module:add_signed_carry_4272_3166
    very_fast            +       signed     12x12x1 12        377.52                         
---------------------------------------------------------------------------------------------
    U_S0_add_18_16       +       signed     12x2    12                 18  16 FME_PIPE_2.vhd 
    U_S0_add_18_10       +       signed     12x12   12                 18  10 FME_PIPE_2.vhd 
=============================================================================================
FME_PIPE_2
 U_inter
  PUs[1].U_F2_U_1
   addinc_U_S1_add_18_16
   module:add_signed_carry_4269_3133
    very_fast            +       signed     14x14x1 14        347.88                         
---------------------------------------------------------------------------------------------
    U_S1_add_18_16       +       signed     14x2    14                 18  16 FME_PIPE_2.vhd 
    U_S1_add_18_10       +       signed     14x14   14                 18  10 FME_PIPE_2.vhd 
=============================================================================================
FME_PIPE_2
 U_inter
  PUs[1].U_F2_U_S10
   addinc_add_41_28
   module:add_unsigned_carry_7942
    slow                 +       unsigned   8x8x1   9          23.92                         
---------------------------------------------------------------------------------------------
    add_41_28            +       unsigned   9x1     9                  41  28 FME_PIPE_2.vhd 
    add_41_16            +       unsigned   8x8     9                  41  16 FME_PIPE_2.vhd 
=============================================================================================
FME_PIPE_2
 U_inter
  PUs[2].U_F2_U_0_U_S2_add_18_10
  module:add_signed_2442_3183
   very_fast             +       signed     12x16   16        316.68  119  61 FME_PIPE_2.vhd 
=============================================================================================
FME_PIPE_2
 U_inter
  PUs[2].U_F2_U_1
   U_S2_add_18_10
   module:add_signed_2442_3200
    very_fast            +       signed     12x16   16        316.16  176  61 FME_PIPE_2.vhd 
=============================================================================================
FME_PIPE_2
 U_inter
  PUs[2].U_F2_U_1
   addinc_U_S0_add_18_16
   module:add_signed_carry_4272_3167
    very_fast            +       signed     12x12x1 12        358.80                         
---------------------------------------------------------------------------------------------
    U_S0_add_18_16       +       signed     12x2    12                 18  16 FME_PIPE_2.vhd 
    U_S0_add_18_10       +       signed     12x12   12                 18  10 FME_PIPE_2.vhd 
=============================================================================================
FME_PIPE_2
 U_inter
  PUs[2].U_F2_U_1
   addinc_U_S1_add_18_16
   module:add_signed_carry_4269_3134
    very_fast            +       signed     14x14x1 14        335.92                         
---------------------------------------------------------------------------------------------
    U_S1_add_18_16       +       signed     14x2    14                 18  16 FME_PIPE_2.vhd 
    U_S1_add_18_10       +       signed     14x14   14                 18  10 FME_PIPE_2.vhd 
=============================================================================================
FME_PIPE_2
 U_inter
  PUs[2].U_F2_U_S10
   addinc_add_41_28
   module:add_unsigned_carry_7943
    slow                 +       unsigned   8x8x1   9          23.92                         
---------------------------------------------------------------------------------------------
    add_41_28            +       unsigned   9x1     9                  41  28 FME_PIPE_2.vhd 
    add_41_16            +       unsigned   8x8     9                  41  16 FME_PIPE_2.vhd 
=============================================================================================
FME_PIPE_2
 U_inter
  PUs[3].U_F2_U_0_U_S2_add_18_10
  module:add_signed_2442_3184
   very_fast             +       signed     12x16   16        308.36  119  61 FME_PIPE_2.vhd 
=============================================================================================
FME_PIPE_2
 U_inter
  PUs[3].U_F2_U_1
   U_S2_add_18_10
   module:add_signed_2442_3201
    very_fast            +       signed     12x16   16        321.36  176  61 FME_PIPE_2.vhd 
=============================================================================================
FME_PIPE_2
 U_inter
  PUs[3].U_F2_U_1
   addinc_U_S0_add_18_16
   module:add_signed_carry_4272_3168
    very_fast            +       signed     12x12x1 12        360.36                         
---------------------------------------------------------------------------------------------
    U_S0_add_18_16       +       signed     12x2    12                 18  16 FME_PIPE_2.vhd 
    U_S0_add_18_10       +       signed     12x12   12                 18  10 FME_PIPE_2.vhd 
=============================================================================================
FME_PIPE_2
 U_inter
  PUs[3].U_F2_U_1
   addinc_U_S1_add_18_16
   module:add_signed_carry_4269_3135
    very_fast            +       signed     14x14x1 14        338.00                         
---------------------------------------------------------------------------------------------
    U_S1_add_18_16       +       signed     14x2    14                 18  16 FME_PIPE_2.vhd 
    U_S1_add_18_10       +       signed     14x14   14                 18  10 FME_PIPE_2.vhd 
=============================================================================================
FME_PIPE_2
 U_inter
  PUs[3].U_F2_U_S10
   addinc_add_41_28
   module:add_unsigned_carry_7944
    slow                 +       unsigned   8x8x1   9          23.92                         
---------------------------------------------------------------------------------------------
    add_41_28            +       unsigned   9x1     9                  41  28 FME_PIPE_2.vhd 
    add_41_16            +       unsigned   8x8     9                  41  16 FME_PIPE_2.vhd 
=============================================================================================
FME_PIPE_2
 U_inter
  PUs[4].U_F2_U_0_U_S2_add_18_10
  module:add_signed_2442_3185
   very_fast             +       signed     12x16   16        319.28  119  61 FME_PIPE_2.vhd 
=============================================================================================
FME_PIPE_2
 U_inter
  PUs[4].U_F2_U_1
   U_S2_add_18_10
   module:add_signed_2442_3202
    very_fast            +       signed     12x16   16        324.48  176  61 FME_PIPE_2.vhd 
=============================================================================================
FME_PIPE_2
 U_inter
  PUs[4].U_F2_U_1
   addinc_U_S0_add_18_16
   module:add_signed_carry_4272_3169
    very_fast            +       signed     12x12x1 12        359.32                         
---------------------------------------------------------------------------------------------
    U_S0_add_18_16       +       signed     12x2    12                 18  16 FME_PIPE_2.vhd 
    U_S0_add_18_10       +       signed     12x12   12                 18  10 FME_PIPE_2.vhd 
=============================================================================================
FME_PIPE_2
 U_inter
  PUs[4].U_F2_U_1
   addinc_U_S1_add_18_16
   module:add_signed_carry_4269_3136
    very_fast            +       signed     14x14x1 14        347.88                         
---------------------------------------------------------------------------------------------
    U_S1_add_18_16       +       signed     14x2    14                 18  16 FME_PIPE_2.vhd 
    U_S1_add_18_10       +       signed     14x14   14                 18  10 FME_PIPE_2.vhd 
=============================================================================================
FME_PIPE_2
 U_inter
  PUs[4].U_F2_U_S10
   addinc_add_41_28
   module:add_unsigned_carry_7945
    slow                 +       unsigned   8x8x1   9          23.92                         
---------------------------------------------------------------------------------------------
    add_41_28            +       unsigned   9x1     9                  41  28 FME_PIPE_2.vhd 
    add_41_16            +       unsigned   8x8     9                  41  16 FME_PIPE_2.vhd 
=============================================================================================
FME_PIPE_2
 U_inter
  PUs[5].U_F2_U_0_U_S2_add_18_10
  module:add_signed_2442_3186
   very_fast             +       signed     12x16   16        316.68  119  61 FME_PIPE_2.vhd 
=============================================================================================
FME_PIPE_2
 U_inter
  PUs[5].U_F2_U_1
   U_S2_add_18_10
   module:add_signed_2442_3203
    very_fast            +       signed     12x16   16        326.56  176  61 FME_PIPE_2.vhd 
=============================================================================================
FME_PIPE_2
 U_inter
  PUs[5].U_F2_U_1
   addinc_U_S0_add_18_16
   module:add_signed_carry_4272_3170
    very_fast            +       signed     12x12x1 12        376.48                         
---------------------------------------------------------------------------------------------
    U_S0_add_18_16       +       signed     12x2    12                 18  16 FME_PIPE_2.vhd 
    U_S0_add_18_10       +       signed     12x12   12                 18  10 FME_PIPE_2.vhd 
=============================================================================================
FME_PIPE_2
 U_inter
  PUs[5].U_F2_U_1
   addinc_U_S1_add_18_16
   module:add_signed_carry_4269_3137
    very_fast            +       signed     14x14x1 14        354.64                         
---------------------------------------------------------------------------------------------
    U_S1_add_18_16       +       signed     14x2    14                 18  16 FME_PIPE_2.vhd 
    U_S1_add_18_10       +       signed     14x14   14                 18  10 FME_PIPE_2.vhd 
=============================================================================================
FME_PIPE_2
 U_inter
  PUs[5].U_F2_U_S10
   addinc_add_41_28
   module:add_unsigned_carry_7946
    slow                 +       unsigned   8x8x1   9          23.92                         
---------------------------------------------------------------------------------------------
    add_41_28            +       unsigned   9x1     9                  41  28 FME_PIPE_2.vhd 
    add_41_16            +       unsigned   8x8     9                  41  16 FME_PIPE_2.vhd 
=============================================================================================
FME_PIPE_2
 U_inter
  PUs[6].U_F2_U_0_U_S2_add_18_10
  module:add_signed_2442_3187
   very_fast             +       signed     12x16   16        321.88  119  61 FME_PIPE_2.vhd 
=============================================================================================
FME_PIPE_2
 U_inter
  PUs[6].U_F2_U_1
   U_S2_add_18_10
   module:add_signed_2442_3204
    very_fast            +       signed     12x16   16        333.84  176  61 FME_PIPE_2.vhd 
=============================================================================================
FME_PIPE_2
 U_inter
  PUs[6].U_F2_U_1
   addinc_U_S0_add_18_16
   module:add_signed_carry_4272_3171
    very_fast            +       signed     12x12x1 12        360.36                         
---------------------------------------------------------------------------------------------
    U_S0_add_18_16       +       signed     12x2    12                 18  16 FME_PIPE_2.vhd 
    U_S0_add_18_10       +       signed     12x12   12                 18  10 FME_PIPE_2.vhd 
=============================================================================================
FME_PIPE_2
 U_inter
  PUs[6].U_F2_U_1
   addinc_U_S1_add_18_16
   module:add_signed_carry_4269_3138
    very_fast            +       signed     14x14x1 14        359.32                         
---------------------------------------------------------------------------------------------
    U_S1_add_18_16       +       signed     14x2    14                 18  16 FME_PIPE_2.vhd 
    U_S1_add_18_10       +       signed     14x14   14                 18  10 FME_PIPE_2.vhd 
=============================================================================================
FME_PIPE_2
 U_inter
  PUs[6].U_F2_U_S10
   addinc_add_41_28
   module:add_unsigned_carry_7947
    slow                 +       unsigned   8x8x1   9          23.92                         
---------------------------------------------------------------------------------------------
    add_41_28            +       unsigned   9x1     9                  41  28 FME_PIPE_2.vhd 
    add_41_16            +       unsigned   8x8     9                  41  16 FME_PIPE_2.vhd 
=============================================================================================
FME_PIPE_2
 U_inter
  PUs[7].U_F2_U_0_U_S2_add_18_10
  module:add_signed_2442_3188
   very_fast             +       signed     12x16   16        321.88  119  61 FME_PIPE_2.vhd 
=============================================================================================
FME_PIPE_2
 U_inter
  PUs[7].U_F2_U_1
   U_S2_add_18_10
   module:add_signed_2442_3205
    very_fast            +       signed     12x16   16        321.36  176  61 FME_PIPE_2.vhd 
=============================================================================================
FME_PIPE_2
 U_inter
  PUs[7].U_F2_U_1
   addinc_U_S0_add_18_16
   module:add_signed_carry_4272_3172
    very_fast            +       signed     12x12x1 12        374.40                         
---------------------------------------------------------------------------------------------
    U_S0_add_18_16       +       signed     12x2    12                 18  16 FME_PIPE_2.vhd 
    U_S0_add_18_10       +       signed     12x12   12                 18  10 FME_PIPE_2.vhd 
=============================================================================================
FME_PIPE_2
 U_inter
  PUs[7].U_F2_U_1
   addinc_U_S1_add_18_16
   module:add_signed_carry_4269_3139
    very_fast            +       signed     14x14x1 14        357.24                         
---------------------------------------------------------------------------------------------
    U_S1_add_18_16       +       signed     14x2    14                 18  16 FME_PIPE_2.vhd 
    U_S1_add_18_10       +       signed     14x14   14                 18  10 FME_PIPE_2.vhd 
=============================================================================================
FME_PIPE_2
 U_inter
  PUs[7].U_F2_U_S10
   addinc_add_41_28
   module:add_unsigned_carry_7948
    slow                 +       unsigned   8x8x1   9          23.92                         
---------------------------------------------------------------------------------------------
    add_41_28            +       unsigned   9x1     9                  41  28 FME_PIPE_2.vhd 
    add_41_16            +       unsigned   8x8     9                  41  16 FME_PIPE_2.vhd 
=============================================================================================
FME_PIPE_2
 U_inter
  PUs[8].U_F2_U_0_U_S2_add_18_10
  module:add_signed_2442_3189
   very_fast             +       signed     12x16   16        321.36  119  61 FME_PIPE_2.vhd 
=============================================================================================
FME_PIPE_2
 U_inter
  PUs[8].U_F2_U_1
   U_S2_add_18_10
   module:add_signed_2442_3206
    very_fast            +       signed     12x16   16        326.56  176  61 FME_PIPE_2.vhd 
=============================================================================================
FME_PIPE_2
 U_inter
  PUs[8].U_F2_U_1
   addinc_U_S0_add_18_16
   module:add_signed_carry_4272_3173
    very_fast            +       signed     12x12x1 12        382.20                         
---------------------------------------------------------------------------------------------
    U_S0_add_18_16       +       signed     12x2    12                 18  16 FME_PIPE_2.vhd 
    U_S0_add_18_10       +       signed     12x12   12                 18  10 FME_PIPE_2.vhd 
=============================================================================================
FME_PIPE_2
 U_inter
  PUs[8].U_F2_U_1
   addinc_U_S1_add_18_16
   module:add_signed_carry_4269_3140
    very_fast            +       signed     14x14x1 14        360.36                         
---------------------------------------------------------------------------------------------
    U_S1_add_18_16       +       signed     14x2    14                 18  16 FME_PIPE_2.vhd 
    U_S1_add_18_10       +       signed     14x14   14                 18  10 FME_PIPE_2.vhd 
=============================================================================================
FME_PIPE_2
 U_inter
  PUs[8].U_F2_U_S10
   addinc_add_41_28
   module:add_unsigned_carry_7949
    slow                 +       unsigned   8x8x1   9          23.92                         
---------------------------------------------------------------------------------------------
    add_41_28            +       unsigned   9x1     9                  41  28 FME_PIPE_2.vhd 
    add_41_16            +       unsigned   8x8     9                  41  16 FME_PIPE_2.vhd 
=============================================================================================
FME_PIPE_2
 U_inter
  PUs[9].U_F2_U_0_U_S2_add_18_10
  module:add_signed_2442_3190
   very_fast             +       signed     12x16   16        321.88  119  61 FME_PIPE_2.vhd 
=============================================================================================
FME_PIPE_2
 U_inter
  PUs[9].U_F2_U_1
   U_S2_add_18_10
   module:add_signed_2442_3207
    very_fast            +       signed     12x16   16        323.44  176  61 FME_PIPE_2.vhd 
=============================================================================================
FME_PIPE_2
 U_inter
  PUs[9].U_F2_U_1
   addinc_U_S0_add_18_16
   module:add_signed_carry_4272_3174
    very_fast            +       signed     12x12x1 12        364.52                         
---------------------------------------------------------------------------------------------
    U_S0_add_18_16       +       signed     12x2    12                 18  16 FME_PIPE_2.vhd 
    U_S0_add_18_10       +       signed     12x12   12                 18  10 FME_PIPE_2.vhd 
=============================================================================================
FME_PIPE_2
 U_inter
  PUs[9].U_F2_U_1
   addinc_U_S1_add_18_16
   module:add_signed_carry_4269_3141
    very_fast            +       signed     14x14x1 14        357.24                         
---------------------------------------------------------------------------------------------
    U_S1_add_18_16       +       signed     14x2    14                 18  16 FME_PIPE_2.vhd 
    U_S1_add_18_10       +       signed     14x14   14                 18  10 FME_PIPE_2.vhd 
=============================================================================================
FME_PIPE_2
 U_inter
  PUs[9].U_F2_U_S10
   addinc_add_41_28
   module:add_unsigned_carry_7950
    slow                 +       unsigned   8x8x1   9          23.92                         
---------------------------------------------------------------------------------------------
    add_41_28            +       unsigned   9x1     9                  41  28 FME_PIPE_2.vhd 
    add_41_16            +       unsigned   8x8     9                  41  16 FME_PIPE_2.vhd 
=============================================================================================
FME_PIPE_2
 U_inter
  addinc_PUs[0].U_F2_U_0_U_S0_add_18_16
  module:add_signed_carry_4272_3148
   very_fast             +       signed     12x12x1 12        362.44                         
---------------------------------------------------------------------------------------------
   PUs[0].U_F2_U_0_U_S0_add_18_16
                         +       signed     12x2    12                 18  16 FME_PIPE_2.vhd 
   PUs[0].U_F2_U_0_U_S0_add_18_10
                         +       signed     12x12   12                 18  10 FME_PIPE_2.vhd 
=============================================================================================
FME_PIPE_2
 U_inter
  addinc_PUs[0].U_F2_U_0_U_S1_add_18_16
  module:add_signed_carry_4269_3115
   very_fast             +       signed     14x14x1 14        342.16                         
---------------------------------------------------------------------------------------------
   PUs[0].U_F2_U_0_U_S1_add_18_16
                         +       signed     14x2    14                 18  16 FME_PIPE_2.vhd 
   PUs[0].U_F2_U_0_U_S1_add_18_10
                         +       signed     14x14   14                 18  10 FME_PIPE_2.vhd 
=============================================================================================
FME_PIPE_2
 U_inter
  addinc_PUs[10].U_F2_U_0_U_S0_add_18_16
  module:add_signed_carry_4272_3158
   very_fast             +       signed     12x12x1 12        370.76                         
---------------------------------------------------------------------------------------------
   PUs[10].U_F2_U_0_U_S0_add_18_16
                         +       signed     12x2    12                 18  16 FME_PIPE_2.vhd 
   PUs[10].U_F2_U_0_U_S0_add_18_10
                         +       signed     12x12   12                 18  10 FME_PIPE_2.vhd 
=============================================================================================
FME_PIPE_2
 U_inter
  addinc_PUs[10].U_F2_U_0_U_S1_add_18_16
  module:add_signed_carry_4269_3125
   very_fast             +       signed     14x14x1 14        350.48                         
---------------------------------------------------------------------------------------------
   PUs[10].U_F2_U_0_U_S1_add_18_16
                         +       signed     14x2    14                 18  16 FME_PIPE_2.vhd 
   PUs[10].U_F2_U_0_U_S1_add_18_10
                         +       signed     14x14   14                 18  10 FME_PIPE_2.vhd 
=============================================================================================
FME_PIPE_2
 U_inter
  addinc_PUs[11].U_F2_U_0_U_S0_add_18_16
  module:add_signed_carry_4272_3159
   very_fast             +       signed     12x12x1 12        368.16                         
---------------------------------------------------------------------------------------------
   PUs[11].U_F2_U_0_U_S0_add_18_16
                         +       signed     12x2    12                 18  16 FME_PIPE_2.vhd 
   PUs[11].U_F2_U_0_U_S0_add_18_10
                         +       signed     12x12   12                 18  10 FME_PIPE_2.vhd 
=============================================================================================
FME_PIPE_2
 U_inter
  addinc_PUs[11].U_F2_U_0_U_S1_add_18_16
  module:add_signed_carry_4269_3126
   very_fast             +       signed     14x14x1 14        357.76                         
---------------------------------------------------------------------------------------------
   PUs[11].U_F2_U_0_U_S1_add_18_16
                         +       signed     14x2    14                 18  16 FME_PIPE_2.vhd 
   PUs[11].U_F2_U_0_U_S1_add_18_10
                         +       signed     14x14   14                 18  10 FME_PIPE_2.vhd 
=============================================================================================
FME_PIPE_2
 U_inter
  addinc_PUs[12].U_F2_U_0_U_S0_add_18_16
  module:add_signed_carry_4272_3160
   very_fast             +       signed     12x12x1 12        367.64                         
---------------------------------------------------------------------------------------------
   PUs[12].U_F2_U_0_U_S0_add_18_16
                         +       signed     12x2    12                 18  16 FME_PIPE_2.vhd 
   PUs[12].U_F2_U_0_U_S0_add_18_10
                         +       signed     12x12   12                 18  10 FME_PIPE_2.vhd 
=============================================================================================
FME_PIPE_2
 U_inter
  addinc_PUs[12].U_F2_U_0_U_S1_add_18_16
  module:add_signed_carry_4269_3127
   very_fast             +       signed     14x14x1 14        359.84                         
---------------------------------------------------------------------------------------------
   PUs[12].U_F2_U_0_U_S1_add_18_16
                         +       signed     14x2    14                 18  16 FME_PIPE_2.vhd 
   PUs[12].U_F2_U_0_U_S1_add_18_10
                         +       signed     14x14   14                 18  10 FME_PIPE_2.vhd 
=============================================================================================
FME_PIPE_2
 U_inter
  addinc_PUs[13].U_F2_U_0_U_S0_add_18_16
  module:add_signed_carry_4272_3161
   very_fast             +       signed     12x12x1 12        362.96                         
---------------------------------------------------------------------------------------------
   PUs[13].U_F2_U_0_U_S0_add_18_16
                         +       signed     12x2    12                 18  16 FME_PIPE_2.vhd 
   PUs[13].U_F2_U_0_U_S0_add_18_10
                         +       signed     12x12   12                 18  10 FME_PIPE_2.vhd 
=============================================================================================
FME_PIPE_2
 U_inter
  addinc_PUs[13].U_F2_U_0_U_S1_add_18_16
  module:add_signed_carry_4269_3128
   very_fast             +       signed     14x14x1 14        346.84                         
---------------------------------------------------------------------------------------------
   PUs[13].U_F2_U_0_U_S1_add_18_16
                         +       signed     14x2    14                 18  16 FME_PIPE_2.vhd 
   PUs[13].U_F2_U_0_U_S1_add_18_10
                         +       signed     14x14   14                 18  10 FME_PIPE_2.vhd 
=============================================================================================
FME_PIPE_2
 U_inter
  addinc_PUs[14].U_F2_U_0_U_S0_add_18_16
  module:add_signed_carry_4272_3162
   very_fast             +       signed     12x12x1 12        362.44                         
---------------------------------------------------------------------------------------------
   PUs[14].U_F2_U_0_U_S0_add_18_16
                         +       signed     12x2    12                 18  16 FME_PIPE_2.vhd 
   PUs[14].U_F2_U_0_U_S0_add_18_10
                         +       signed     12x12   12                 18  10 FME_PIPE_2.vhd 
=============================================================================================
FME_PIPE_2
 U_inter
  addinc_PUs[14].U_F2_U_0_U_S1_add_18_16
  module:add_signed_carry_4269_3129
   very_fast             +       signed     14x14x1 14        350.48                         
---------------------------------------------------------------------------------------------
   PUs[14].U_F2_U_0_U_S1_add_18_16
                         +       signed     14x2    14                 18  16 FME_PIPE_2.vhd 
   PUs[14].U_F2_U_0_U_S1_add_18_10
                         +       signed     14x14   14                 18  10 FME_PIPE_2.vhd 
=============================================================================================
FME_PIPE_2
 U_inter
  addinc_PUs[15].U_F2_U_0_U_S0_add_18_16
  module:add_signed_carry_4272_3163
   very_fast             +       signed     12x12x1 12        377.52                         
---------------------------------------------------------------------------------------------
   PUs[15].U_F2_U_0_U_S0_add_18_16
                         +       signed     12x2    12                 18  16 FME_PIPE_2.vhd 
   PUs[15].U_F2_U_0_U_S0_add_18_10
                         +       signed     12x12   12                 18  10 FME_PIPE_2.vhd 
=============================================================================================
FME_PIPE_2
 U_inter
  addinc_PUs[15].U_F2_U_0_U_S1_add_18_16
  module:add_signed_carry_4269_3130
   very_fast             +       signed     14x14x1 14        345.28                         
---------------------------------------------------------------------------------------------
   PUs[15].U_F2_U_0_U_S1_add_18_16
                         +       signed     14x2    14                 18  16 FME_PIPE_2.vhd 
   PUs[15].U_F2_U_0_U_S1_add_18_10
                         +       signed     14x14   14                 18  10 FME_PIPE_2.vhd 
=============================================================================================
FME_PIPE_2
 U_inter
  addinc_PUs[16].U_F2_U_0_U_S0_add_18_16
  module:add_signed_carry_4272_3164
   very_fast             +       signed     12x12x1 12        355.68                         
---------------------------------------------------------------------------------------------
   PUs[16].U_F2_U_0_U_S0_add_18_16
                         +       signed     12x2    12                 18  16 FME_PIPE_2.vhd 
   PUs[16].U_F2_U_0_U_S0_add_18_10
                         +       signed     12x12   12                 18  10 FME_PIPE_2.vhd 
=============================================================================================
FME_PIPE_2
 U_inter
  addinc_PUs[16].U_F2_U_0_U_S1_add_18_16
  module:add_signed_carry_4269_3131
   very_fast             +       signed     14x14x1 14        343.72                         
---------------------------------------------------------------------------------------------
   PUs[16].U_F2_U_0_U_S1_add_18_16
                         +       signed     14x2    14                 18  16 FME_PIPE_2.vhd 
   PUs[16].U_F2_U_0_U_S1_add_18_10
                         +       signed     14x14   14                 18  10 FME_PIPE_2.vhd 
=============================================================================================
FME_PIPE_2
 U_inter
  addinc_PUs[16].U_F2_U_1_U_S0_add_18_16
  module:add_signed_carry_4272_3165
   very_fast             +       signed     12x12x1 12        361.40                         
---------------------------------------------------------------------------------------------
   PUs[16].U_F2_U_1_U_S0_add_18_16
                         +       signed     12x2    12                 18  16 FME_PIPE_2.vhd 
   PUs[16].U_F2_U_1_U_S0_add_18_10
                         +       signed     12x12   12                 18  10 FME_PIPE_2.vhd 
=============================================================================================
FME_PIPE_2
 U_inter
  addinc_PUs[16].U_F2_U_1_U_S1_add_18_16
  module:add_signed_carry_4269_3132
   very_fast             +       signed     14x14x1 14        353.60                         
---------------------------------------------------------------------------------------------
   PUs[16].U_F2_U_1_U_S1_add_18_16
                         +       signed     14x2    14                 18  16 FME_PIPE_2.vhd 
   PUs[16].U_F2_U_1_U_S1_add_18_10
                         +       signed     14x14   14                 18  10 FME_PIPE_2.vhd 
=============================================================================================
FME_PIPE_2
 U_inter
  addinc_PUs[1].U_F2_U_0_U_S0_add_18_16
  module:add_signed_carry_4272_3149
   very_fast             +       signed     12x12x1 12        361.40                         
---------------------------------------------------------------------------------------------
   PUs[1].U_F2_U_0_U_S0_add_18_16
                         +       signed     12x2    12                 18  16 FME_PIPE_2.vhd 
   PUs[1].U_F2_U_0_U_S0_add_18_10
                         +       signed     12x12   12                 18  10 FME_PIPE_2.vhd 
=============================================================================================
FME_PIPE_2
 U_inter
  addinc_PUs[1].U_F2_U_0_U_S1_add_18_16
  module:add_signed_carry_4269_3116
   very_fast             +       signed     14x14x1 14        366.60                         
---------------------------------------------------------------------------------------------
   PUs[1].U_F2_U_0_U_S1_add_18_16
                         +       signed     14x2    14                 18  16 FME_PIPE_2.vhd 
   PUs[1].U_F2_U_0_U_S1_add_18_10
                         +       signed     14x14   14                 18  10 FME_PIPE_2.vhd 
=============================================================================================
FME_PIPE_2
 U_inter
  addinc_PUs[2].U_F2_U_0_U_S0_add_18_16
  module:add_signed_carry_4272_3150
   very_fast             +       signed     12x12x1 12        372.84                         
---------------------------------------------------------------------------------------------
   PUs[2].U_F2_U_0_U_S0_add_18_16
                         +       signed     12x2    12                 18  16 FME_PIPE_2.vhd 
   PUs[2].U_F2_U_0_U_S0_add_18_10
                         +       signed     12x12   12                 18  10 FME_PIPE_2.vhd 
=============================================================================================
FME_PIPE_2
 U_inter
  addinc_PUs[2].U_F2_U_0_U_S1_add_18_16
  module:add_signed_carry_4269_3117
   very_fast             +       signed     14x14x1 14        358.80                         
---------------------------------------------------------------------------------------------
   PUs[2].U_F2_U_0_U_S1_add_18_16
                         +       signed     14x2    14                 18  16 FME_PIPE_2.vhd 
   PUs[2].U_F2_U_0_U_S1_add_18_10
                         +       signed     14x14   14                 18  10 FME_PIPE_2.vhd 
=============================================================================================
FME_PIPE_2
 U_inter
  addinc_PUs[3].U_F2_U_0_U_S0_add_18_16
  module:add_signed_carry_4272_3151
   very_fast             +       signed     12x12x1 12        357.24                         
---------------------------------------------------------------------------------------------
   PUs[3].U_F2_U_0_U_S0_add_18_16
                         +       signed     12x2    12                 18  16 FME_PIPE_2.vhd 
   PUs[3].U_F2_U_0_U_S0_add_18_10
                         +       signed     12x12   12                 18  10 FME_PIPE_2.vhd 
=============================================================================================
FME_PIPE_2
 U_inter
  addinc_PUs[3].U_F2_U_0_U_S1_add_18_16
  module:add_signed_carry_4269_3118
   very_fast             +       signed     14x14x1 14        336.96                         
---------------------------------------------------------------------------------------------
   PUs[3].U_F2_U_0_U_S1_add_18_16
                         +       signed     14x2    14                 18  16 FME_PIPE_2.vhd 
   PUs[3].U_F2_U_0_U_S1_add_18_10
                         +       signed     14x14   14                 18  10 FME_PIPE_2.vhd 
=============================================================================================
FME_PIPE_2
 U_inter
  addinc_PUs[4].U_F2_U_0_U_S0_add_18_16
  module:add_signed_carry_4272_3152
   very_fast             +       signed     12x12x1 12        360.88                         
---------------------------------------------------------------------------------------------
   PUs[4].U_F2_U_0_U_S0_add_18_16
                         +       signed     12x2    12                 18  16 FME_PIPE_2.vhd 
   PUs[4].U_F2_U_0_U_S0_add_18_10
                         +       signed     12x12   12                 18  10 FME_PIPE_2.vhd 
=============================================================================================
FME_PIPE_2
 U_inter
  addinc_PUs[4].U_F2_U_0_U_S1_add_18_16
  module:add_signed_carry_4269_3119
   very_fast             +       signed     14x14x1 14        336.44                         
---------------------------------------------------------------------------------------------
   PUs[4].U_F2_U_0_U_S1_add_18_16
                         +       signed     14x2    14                 18  16 FME_PIPE_2.vhd 
   PUs[4].U_F2_U_0_U_S1_add_18_10
                         +       signed     14x14   14                 18  10 FME_PIPE_2.vhd 
=============================================================================================
FME_PIPE_2
 U_inter
  addinc_PUs[5].U_F2_U_0_U_S0_add_18_16
  module:add_signed_carry_4272_3153
   very_fast             +       signed     12x12x1 12        366.08                         
---------------------------------------------------------------------------------------------
   PUs[5].U_F2_U_0_U_S0_add_18_16
                         +       signed     12x2    12                 18  16 FME_PIPE_2.vhd 
   PUs[5].U_F2_U_0_U_S0_add_18_10
                         +       signed     12x12   12                 18  10 FME_PIPE_2.vhd 
=============================================================================================
FME_PIPE_2
 U_inter
  addinc_PUs[5].U_F2_U_0_U_S1_add_18_16
  module:add_signed_carry_4269_3120
   very_fast             +       signed     14x14x1 14        344.76                         
---------------------------------------------------------------------------------------------
   PUs[5].U_F2_U_0_U_S1_add_18_16
                         +       signed     14x2    14                 18  16 FME_PIPE_2.vhd 
   PUs[5].U_F2_U_0_U_S1_add_18_10
                         +       signed     14x14   14                 18  10 FME_PIPE_2.vhd 
=============================================================================================
FME_PIPE_2
 U_inter
  addinc_PUs[6].U_F2_U_0_U_S0_add_18_16
  module:add_signed_carry_4272_3154
   very_fast             +       signed     12x12x1 12        369.20                         
---------------------------------------------------------------------------------------------
   PUs[6].U_F2_U_0_U_S0_add_18_16
                         +       signed     12x2    12                 18  16 FME_PIPE_2.vhd 
   PUs[6].U_F2_U_0_U_S0_add_18_10
                         +       signed     12x12   12                 18  10 FME_PIPE_2.vhd 
=============================================================================================
FME_PIPE_2
 U_inter
  addinc_PUs[6].U_F2_U_0_U_S1_add_18_16
  module:add_signed_carry_4269_3121
   very_fast             +       signed     14x14x1 14        354.12                         
---------------------------------------------------------------------------------------------
   PUs[6].U_F2_U_0_U_S1_add_18_16
                         +       signed     14x2    14                 18  16 FME_PIPE_2.vhd 
   PUs[6].U_F2_U_0_U_S1_add_18_10
                         +       signed     14x14   14                 18  10 FME_PIPE_2.vhd 
=============================================================================================
FME_PIPE_2
 U_inter
  addinc_PUs[7].U_F2_U_0_U_S0_add_18_16
  module:add_signed_carry_4272_3155
   very_fast             +       signed     12x12x1 12        369.72                         
---------------------------------------------------------------------------------------------
   PUs[7].U_F2_U_0_U_S0_add_18_16
                         +       signed     12x2    12                 18  16 FME_PIPE_2.vhd 
   PUs[7].U_F2_U_0_U_S0_add_18_10
                         +       signed     12x12   12                 18  10 FME_PIPE_2.vhd 
=============================================================================================
FME_PIPE_2
 U_inter
  addinc_PUs[7].U_F2_U_0_U_S1_add_18_16
  module:add_signed_carry_4269_3122
   very_fast             +       signed     14x14x1 14        351.00                         
---------------------------------------------------------------------------------------------
   PUs[7].U_F2_U_0_U_S1_add_18_16
                         +       signed     14x2    14                 18  16 FME_PIPE_2.vhd 
   PUs[7].U_F2_U_0_U_S1_add_18_10
                         +       signed     14x14   14                 18  10 FME_PIPE_2.vhd 
=============================================================================================
FME_PIPE_2
 U_inter
  addinc_PUs[8].U_F2_U_0_U_S0_add_18_16
  module:add_signed_carry_4272_3156
   very_fast             +       signed     12x12x1 12        369.72                         
---------------------------------------------------------------------------------------------
   PUs[8].U_F2_U_0_U_S0_add_18_16
                         +       signed     12x2    12                 18  16 FME_PIPE_2.vhd 
   PUs[8].U_F2_U_0_U_S0_add_18_10
                         +       signed     12x12   12                 18  10 FME_PIPE_2.vhd 
=============================================================================================
FME_PIPE_2
 U_inter
  addinc_PUs[8].U_F2_U_0_U_S1_add_18_16
  module:add_signed_carry_4269_3123
   very_fast             +       signed     14x14x1 14        353.08                         
---------------------------------------------------------------------------------------------
   PUs[8].U_F2_U_0_U_S1_add_18_16
                         +       signed     14x2    14                 18  16 FME_PIPE_2.vhd 
   PUs[8].U_F2_U_0_U_S1_add_18_10
                         +       signed     14x14   14                 18  10 FME_PIPE_2.vhd 
=============================================================================================
FME_PIPE_2
 U_inter
  addinc_PUs[9].U_F2_U_0_U_S0_add_18_16
  module:add_signed_carry_4272_3157
   very_fast             +       signed     12x12x1 12        373.88                         
---------------------------------------------------------------------------------------------
   PUs[9].U_F2_U_0_U_S0_add_18_16
                         +       signed     12x2    12                 18  16 FME_PIPE_2.vhd 
   PUs[9].U_F2_U_0_U_S0_add_18_10
                         +       signed     12x12   12                 18  10 FME_PIPE_2.vhd 
=============================================================================================
FME_PIPE_2
 U_inter
  addinc_PUs[9].U_F2_U_0_U_S1_add_18_16
  module:add_signed_carry_4269_3124
   very_fast             +       signed     14x14x1 14        352.04                         
---------------------------------------------------------------------------------------------
   PUs[9].U_F2_U_0_U_S1_add_18_16
                         +       signed     14x2    14                 18  16 FME_PIPE_2.vhd 
   PUs[9].U_F2_U_0_U_S1_add_18_10
                         +       signed     14x14   14                 18  10 FME_PIPE_2.vhd 
=============================================================================================
FME_PIPE_2
 U_inter
  csa_tree_PUs_0__U_F2_U_S1_add_18_10_groupi
  module:csa_tree_PUs_0__U_F2_U_S1_add_18_10_group_2
   very_fast       csa_and_adder            16x16   16        340.60                         
---------------------------------------------------------------------------------------------
   PUs[0].U_F2_U_S1_add_18_10
                         +       signed     16x7    16                 18  10 FME_PIPE_2.vhd 
   PUs[0].U_F2_U_S0_add_18_10
                         +       signed     16x16   16                 18  10 FME_PIPE_2.vhd 
=============================================================================================
FME_PIPE_2
 U_inter
  csa_tree_PUs_0__U_F2_U_S21_add_18_10_groupi
  module:csa_tree_PUs_0__U_F2_U_S21_add_18_10_group_2
   very_fast       csa_and_adder            16x16   16        353.60                         
---------------------------------------------------------------------------------------------
   PUs[0].U_F2_U_S21_add_18_10
                         +       signed     16x7    16                 18  10 FME_PIPE_2.vhd 
   PUs[0].U_F2_U_S20_add_18_10
                         +       signed     16x16   16                 18  10 FME_PIPE_2.vhd 
=============================================================================================
FME_PIPE_2
 U_inter
  csa_tree_PUs_10__U_F2_U_S1_add_18_10_groupi
  module:csa_tree_PUs_10__U_F2_U_S1_add_18_10_group_2
   very_fast       csa_and_adder            16x16   16        317.20                         
---------------------------------------------------------------------------------------------
   PUs[10].U_F2_U_S1_add_18_10
                         +       signed     16x7    16                 18  10 FME_PIPE_2.vhd 
   PUs[10].U_F2_U_S0_add_18_10
                         +       signed     16x16   16                 18  10 FME_PIPE_2.vhd 
=============================================================================================
FME_PIPE_2
 U_inter
  csa_tree_PUs_10__U_F2_U_S21_add_18_10_groupi
  module:csa_tree_PUs_10__U_F2_U_S21_add_18_10_group_2
   very_fast       csa_and_adder            16x16   16        316.68                         
---------------------------------------------------------------------------------------------
   PUs[10].U_F2_U_S21_add_18_10
                         +       signed     16x7    16                 18  10 FME_PIPE_2.vhd 
   PUs[10].U_F2_U_S20_add_18_10
                         +       signed     16x16   16                 18  10 FME_PIPE_2.vhd 
=============================================================================================
FME_PIPE_2
 U_inter
  csa_tree_PUs_11__U_F2_U_S1_add_18_10_groupi
  module:csa_tree_PUs_11__U_F2_U_S1_add_18_10_group_2
   very_fast       csa_and_adder            16x16   16        317.20                         
---------------------------------------------------------------------------------------------
   PUs[11].U_F2_U_S1_add_18_10
                         +       signed     16x7    16                 18  10 FME_PIPE_2.vhd 
   PUs[11].U_F2_U_S0_add_18_10
                         +       signed     16x16   16                 18  10 FME_PIPE_2.vhd 
=============================================================================================
FME_PIPE_2
 U_inter
  csa_tree_PUs_11__U_F2_U_S21_add_18_10_groupi
  module:csa_tree_PUs_11__U_F2_U_S21_add_18_10_group_2
   very_fast       csa_and_adder            16x16   16        316.68                         
---------------------------------------------------------------------------------------------
   PUs[11].U_F2_U_S21_add_18_10
                         +       signed     16x7    16                 18  10 FME_PIPE_2.vhd 
   PUs[11].U_F2_U_S20_add_18_10
                         +       signed     16x16   16                 18  10 FME_PIPE_2.vhd 
=============================================================================================
FME_PIPE_2
 U_inter
  csa_tree_PUs_12__U_F2_U_S1_add_18_10_groupi
  module:csa_tree_PUs_12__U_F2_U_S1_add_18_10_group_2
   very_fast       csa_and_adder            16x16   16        317.20                         
---------------------------------------------------------------------------------------------
   PUs[12].U_F2_U_S1_add_18_10
                         +       signed     16x7    16                 18  10 FME_PIPE_2.vhd 
   PUs[12].U_F2_U_S0_add_18_10
                         +       signed     16x16   16                 18  10 FME_PIPE_2.vhd 
=============================================================================================
FME_PIPE_2
 U_inter
  csa_tree_PUs_12__U_F2_U_S21_add_18_10_groupi
  module:csa_tree_PUs_12__U_F2_U_S21_add_18_10_group_2
   very_fast       csa_and_adder            16x16   16        316.68                         
---------------------------------------------------------------------------------------------
   PUs[12].U_F2_U_S21_add_18_10
                         +       signed     16x7    16                 18  10 FME_PIPE_2.vhd 
   PUs[12].U_F2_U_S20_add_18_10
                         +       signed     16x16   16                 18  10 FME_PIPE_2.vhd 
=============================================================================================
FME_PIPE_2
 U_inter
  csa_tree_PUs_13__U_F2_U_S1_add_18_10_groupi
  module:csa_tree_PUs_13__U_F2_U_S1_add_18_10_group_2
   very_fast       csa_and_adder            16x16   16        317.20                         
---------------------------------------------------------------------------------------------
   PUs[13].U_F2_U_S1_add_18_10
                         +       signed     16x7    16                 18  10 FME_PIPE_2.vhd 
   PUs[13].U_F2_U_S0_add_18_10
                         +       signed     16x16   16                 18  10 FME_PIPE_2.vhd 
=============================================================================================
FME_PIPE_2
 U_inter
  csa_tree_PUs_13__U_F2_U_S21_add_18_10_groupi
  module:csa_tree_PUs_13__U_F2_U_S21_add_18_10_group_2
   very_fast       csa_and_adder            16x16   16        316.68                         
---------------------------------------------------------------------------------------------
   PUs[13].U_F2_U_S21_add_18_10
                         +       signed     16x7    16                 18  10 FME_PIPE_2.vhd 
   PUs[13].U_F2_U_S20_add_18_10
                         +       signed     16x16   16                 18  10 FME_PIPE_2.vhd 
=============================================================================================
FME_PIPE_2
 U_inter
  csa_tree_PUs_14__U_F2_U_S1_add_18_10_groupi
  module:csa_tree_PUs_14__U_F2_U_S1_add_18_10_group_2
   very_fast       csa_and_adder            16x16   16        317.20                         
---------------------------------------------------------------------------------------------
   PUs[14].U_F2_U_S1_add_18_10
                         +       signed     16x7    16                 18  10 FME_PIPE_2.vhd 
   PUs[14].U_F2_U_S0_add_18_10
                         +       signed     16x16   16                 18  10 FME_PIPE_2.vhd 
=============================================================================================
FME_PIPE_2
 U_inter
  csa_tree_PUs_14__U_F2_U_S21_add_18_10_groupi
  module:csa_tree_PUs_14__U_F2_U_S21_add_18_10_group_2
   very_fast       csa_and_adder            16x16   16        316.68                         
---------------------------------------------------------------------------------------------
   PUs[14].U_F2_U_S21_add_18_10
                         +       signed     16x7    16                 18  10 FME_PIPE_2.vhd 
   PUs[14].U_F2_U_S20_add_18_10
                         +       signed     16x16   16                 18  10 FME_PIPE_2.vhd 
=============================================================================================
FME_PIPE_2
 U_inter
  csa_tree_PUs_15__U_F2_U_S1_add_18_10_groupi
  module:csa_tree_PUs_15__U_F2_U_S1_add_18_10_group_2
   very_fast       csa_and_adder            16x16   16        317.20                         
---------------------------------------------------------------------------------------------
   PUs[15].U_F2_U_S1_add_18_10
                         +       signed     16x7    16                 18  10 FME_PIPE_2.vhd 
   PUs[15].U_F2_U_S0_add_18_10
                         +       signed     16x16   16                 18  10 FME_PIPE_2.vhd 
=============================================================================================
FME_PIPE_2
 U_inter
  csa_tree_PUs_15__U_F2_U_S21_add_18_10_groupi
  module:csa_tree_PUs_15__U_F2_U_S21_add_18_10_group_2
   very_fast       csa_and_adder            16x16   16        316.68                         
---------------------------------------------------------------------------------------------
   PUs[15].U_F2_U_S21_add_18_10
                         +       signed     16x7    16                 18  10 FME_PIPE_2.vhd 
   PUs[15].U_F2_U_S20_add_18_10
                         +       signed     16x16   16                 18  10 FME_PIPE_2.vhd 
=============================================================================================
FME_PIPE_2
 U_inter
  csa_tree_PUs_16__U_F2_U_S1_add_18_10_groupi
  module:csa_tree_PUs_16__U_F2_U_S1_add_18_10_group_2
   very_fast       csa_and_adder            16x16   16        317.20                         
---------------------------------------------------------------------------------------------
   PUs[16].U_F2_U_S1_add_18_10
                         +       signed     16x7    16                 18  10 FME_PIPE_2.vhd 
   PUs[16].U_F2_U_S0_add_18_10
                         +       signed     16x16   16                 18  10 FME_PIPE_2.vhd 
=============================================================================================
FME_PIPE_2
 U_inter
  csa_tree_PUs_16__U_F2_U_S21_add_18_10_groupi
  module:csa_tree_PUs_16__U_F2_U_S21_add_18_10_group_2
   very_fast       csa_and_adder            16x16   16        316.68                         
---------------------------------------------------------------------------------------------
   PUs[16].U_F2_U_S21_add_18_10
                         +       signed     16x7    16                 18  10 FME_PIPE_2.vhd 
   PUs[16].U_F2_U_S20_add_18_10
                         +       signed     16x16   16                 18  10 FME_PIPE_2.vhd 
=============================================================================================
FME_PIPE_2
 U_inter
  csa_tree_PUs_1__U_F2_U_S1_add_18_10_groupi
  module:csa_tree_PUs_1__U_F2_U_S1_add_18_10_group_2
   very_fast       csa_and_adder            16x16   16        369.72                         
---------------------------------------------------------------------------------------------
   PUs[1].U_F2_U_S1_add_18_10
                         +       signed     16x7    16                 18  10 FME_PIPE_2.vhd 
   PUs[1].U_F2_U_S0_add_18_10
                         +       signed     16x16   16                 18  10 FME_PIPE_2.vhd 
=============================================================================================
FME_PIPE_2
 U_inter
  csa_tree_PUs_1__U_F2_U_S21_add_18_10_groupi
  module:csa_tree_PUs_1__U_F2_U_S21_add_18_10_group_2
   very_fast       csa_and_adder            16x16   16        353.60                         
---------------------------------------------------------------------------------------------
   PUs[1].U_F2_U_S21_add_18_10
                         +       signed     16x7    16                 18  10 FME_PIPE_2.vhd 
   PUs[1].U_F2_U_S20_add_18_10
                         +       signed     16x16   16                 18  10 FME_PIPE_2.vhd 
=============================================================================================
FME_PIPE_2
 U_inter
  csa_tree_PUs_2__U_F2_U_S1_add_18_10_groupi
  module:csa_tree_PUs_2__U_F2_U_S1_add_18_10_group_2
   very_fast       csa_and_adder            16x16   16        369.72                         
---------------------------------------------------------------------------------------------
   PUs[2].U_F2_U_S1_add_18_10
                         +       signed     16x7    16                 18  10 FME_PIPE_2.vhd 
   PUs[2].U_F2_U_S0_add_18_10
                         +       signed     16x16   16                 18  10 FME_PIPE_2.vhd 
=============================================================================================
FME_PIPE_2
 U_inter
  csa_tree_PUs_2__U_F2_U_S21_add_18_10_groupi
  module:csa_tree_PUs_2__U_F2_U_S21_add_18_10_group_2
   very_fast       csa_and_adder            16x16   16        353.60                         
---------------------------------------------------------------------------------------------
   PUs[2].U_F2_U_S21_add_18_10
                         +       signed     16x7    16                 18  10 FME_PIPE_2.vhd 
   PUs[2].U_F2_U_S20_add_18_10
                         +       signed     16x16   16                 18  10 FME_PIPE_2.vhd 
=============================================================================================
FME_PIPE_2
 U_inter
  csa_tree_PUs_3__U_F2_U_S1_add_18_10_groupi
  module:csa_tree_PUs_3__U_F2_U_S1_add_18_10_group_2
   very_fast       csa_and_adder            16x16   16        369.72                         
---------------------------------------------------------------------------------------------
   PUs[3].U_F2_U_S1_add_18_10
                         +       signed     16x7    16                 18  10 FME_PIPE_2.vhd 
   PUs[3].U_F2_U_S0_add_18_10
                         +       signed     16x16   16                 18  10 FME_PIPE_2.vhd 
=============================================================================================
FME_PIPE_2
 U_inter
  csa_tree_PUs_3__U_F2_U_S21_add_18_10_groupi
  module:csa_tree_PUs_3__U_F2_U_S21_add_18_10_group_2
   very_fast       csa_and_adder            16x16   16        353.60                         
---------------------------------------------------------------------------------------------
   PUs[3].U_F2_U_S21_add_18_10
                         +       signed     16x7    16                 18  10 FME_PIPE_2.vhd 
   PUs[3].U_F2_U_S20_add_18_10
                         +       signed     16x16   16                 18  10 FME_PIPE_2.vhd 
=============================================================================================
FME_PIPE_2
 U_inter
  csa_tree_PUs_4__U_F2_U_S1_add_18_10_groupi
  module:csa_tree_PUs_4__U_F2_U_S1_add_18_10_group_2
   very_fast       csa_and_adder            16x16   16        369.72                         
---------------------------------------------------------------------------------------------
   PUs[4].U_F2_U_S1_add_18_10
                         +       signed     16x7    16                 18  10 FME_PIPE_2.vhd 
   PUs[4].U_F2_U_S0_add_18_10
                         +       signed     16x16   16                 18  10 FME_PIPE_2.vhd 
=============================================================================================
FME_PIPE_2
 U_inter
  csa_tree_PUs_4__U_F2_U_S21_add_18_10_groupi
  module:csa_tree_PUs_4__U_F2_U_S21_add_18_10_group_2
   very_fast       csa_and_adder            16x16   16        353.60                         
---------------------------------------------------------------------------------------------
   PUs[4].U_F2_U_S21_add_18_10
                         +       signed     16x7    16                 18  10 FME_PIPE_2.vhd 
   PUs[4].U_F2_U_S20_add_18_10
                         +       signed     16x16   16                 18  10 FME_PIPE_2.vhd 
=============================================================================================
FME_PIPE_2
 U_inter
  csa_tree_PUs_5__U_F2_U_S1_add_18_10_groupi
  module:csa_tree_PUs_5__U_F2_U_S1_add_18_10_group_2
   very_fast       csa_and_adder            16x16   16        369.72                         
---------------------------------------------------------------------------------------------
   PUs[5].U_F2_U_S1_add_18_10
                         +       signed     16x7    16                 18  10 FME_PIPE_2.vhd 
   PUs[5].U_F2_U_S0_add_18_10
                         +       signed     16x16   16                 18  10 FME_PIPE_2.vhd 
=============================================================================================
FME_PIPE_2
 U_inter
  csa_tree_PUs_5__U_F2_U_S21_add_18_10_groupi
  module:csa_tree_PUs_5__U_F2_U_S21_add_18_10_group_2
   very_fast       csa_and_adder            16x16   16        316.68                         
---------------------------------------------------------------------------------------------
   PUs[5].U_F2_U_S21_add_18_10
                         +       signed     16x7    16                 18  10 FME_PIPE_2.vhd 
   PUs[5].U_F2_U_S20_add_18_10
                         +       signed     16x16   16                 18  10 FME_PIPE_2.vhd 
=============================================================================================
FME_PIPE_2
 U_inter
  csa_tree_PUs_6__U_F2_U_S1_add_18_10_groupi
  module:csa_tree_PUs_6__U_F2_U_S1_add_18_10_group_2
   very_fast       csa_and_adder            16x16   16        317.20                         
---------------------------------------------------------------------------------------------
   PUs[6].U_F2_U_S1_add_18_10
                         +       signed     16x7    16                 18  10 FME_PIPE_2.vhd 
   PUs[6].U_F2_U_S0_add_18_10
                         +       signed     16x16   16                 18  10 FME_PIPE_2.vhd 
=============================================================================================
FME_PIPE_2
 U_inter
  csa_tree_PUs_6__U_F2_U_S21_add_18_10_groupi
  module:csa_tree_PUs_6__U_F2_U_S21_add_18_10_group_2
   very_fast       csa_and_adder            16x16   16        316.68                         
---------------------------------------------------------------------------------------------
   PUs[6].U_F2_U_S21_add_18_10
                         +       signed     16x7    16                 18  10 FME_PIPE_2.vhd 
   PUs[6].U_F2_U_S20_add_18_10
                         +       signed     16x16   16                 18  10 FME_PIPE_2.vhd 
=============================================================================================
FME_PIPE_2
 U_inter
  csa_tree_PUs_7__U_F2_U_S1_add_18_10_groupi
  module:csa_tree_PUs_7__U_F2_U_S1_add_18_10_group_2
   very_fast       csa_and_adder            16x16   16        317.20                         
---------------------------------------------------------------------------------------------
   PUs[7].U_F2_U_S1_add_18_10
                         +       signed     16x7    16                 18  10 FME_PIPE_2.vhd 
   PUs[7].U_F2_U_S0_add_18_10
                         +       signed     16x16   16                 18  10 FME_PIPE_2.vhd 
=============================================================================================
FME_PIPE_2
 U_inter
  csa_tree_PUs_7__U_F2_U_S21_add_18_10_groupi
  module:csa_tree_PUs_7__U_F2_U_S21_add_18_10_group_2
   very_fast       csa_and_adder            16x16   16        316.68                         
---------------------------------------------------------------------------------------------
   PUs[7].U_F2_U_S21_add_18_10
                         +       signed     16x7    16                 18  10 FME_PIPE_2.vhd 
   PUs[7].U_F2_U_S20_add_18_10
                         +       signed     16x16   16                 18  10 FME_PIPE_2.vhd 
=============================================================================================
FME_PIPE_2
 U_inter
  csa_tree_PUs_8__U_F2_U_S1_add_18_10_groupi
  module:csa_tree_PUs_8__U_F2_U_S1_add_18_10_group_2
   very_fast       csa_and_adder            16x16   16        317.20                         
---------------------------------------------------------------------------------------------
   PUs[8].U_F2_U_S1_add_18_10
                         +       signed     16x7    16                 18  10 FME_PIPE_2.vhd 
   PUs[8].U_F2_U_S0_add_18_10
                         +       signed     16x16   16                 18  10 FME_PIPE_2.vhd 
=============================================================================================
FME_PIPE_2
 U_inter
  csa_tree_PUs_8__U_F2_U_S21_add_18_10_groupi
  module:csa_tree_PUs_8__U_F2_U_S21_add_18_10_group_2
   very_fast       csa_and_adder            16x16   16        316.68                         
---------------------------------------------------------------------------------------------
   PUs[8].U_F2_U_S21_add_18_10
                         +       signed     16x7    16                 18  10 FME_PIPE_2.vhd 
   PUs[8].U_F2_U_S20_add_18_10
                         +       signed     16x16   16                 18  10 FME_PIPE_2.vhd 
=============================================================================================
FME_PIPE_2
 U_inter
  csa_tree_PUs_9__U_F2_U_S1_add_18_10_groupi
  module:csa_tree_PUs_9__U_F2_U_S1_add_18_10_group_2
   very_fast       csa_and_adder            16x16   16        317.20                         
---------------------------------------------------------------------------------------------
   PUs[9].U_F2_U_S1_add_18_10
                         +       signed     16x7    16                 18  10 FME_PIPE_2.vhd 
   PUs[9].U_F2_U_S0_add_18_10
                         +       signed     16x16   16                 18  10 FME_PIPE_2.vhd 
=============================================================================================
FME_PIPE_2
 U_inter
  csa_tree_PUs_9__U_F2_U_S21_add_18_10_groupi
  module:csa_tree_PUs_9__U_F2_U_S21_add_18_10_group_2
   very_fast       csa_and_adder            16x16   16        316.68                         
---------------------------------------------------------------------------------------------
   PUs[9].U_F2_U_S21_add_18_10
                         +       signed     16x7    16                 18  10 FME_PIPE_2.vhd 
   PUs[9].U_F2_U_S20_add_18_10
                         +       signed     16x16   16                 18  10 FME_PIPE_2.vhd 
=============================================================================================
FME_PIPE_2
 clipping[0].U_clip
  gte_489_34
  module:geq_signed_2224_7968
   slow                  >=      signed     11x9    1          22.88  489  34 FME_PIPE_2.vhd 
=============================================================================================
FME_PIPE_2
 clipping[11].U_clip
  gte_489_34
  module:geq_signed_2224_7964
   slow                  >=      signed     11x9    1          22.88  489  34 FME_PIPE_2.vhd 
=============================================================================================
FME_PIPE_2
 clipping[12].U_clip
  gte_489_34
  module:geq_signed_2224_7965
   slow                  >=      signed     11x9    1          22.88  489  34 FME_PIPE_2.vhd 
=============================================================================================
FME_PIPE_2
 clipping[14].U_clip
  gte_489_34
  module:geq_signed_2224_7966
   slow                  >=      signed     11x9    1          22.88  489  34 FME_PIPE_2.vhd 
=============================================================================================
FME_PIPE_2
 clipping[15].U_clip
  gte_489_34
  module:geq_signed_2224_7967
   slow                  >=      signed     11x9    1          22.88  489  34 FME_PIPE_2.vhd 
=============================================================================================
FME_PIPE_2
 clipping[17].U_clip_gte_489_34
 module:geq_signed_2224_7969
  slow                   >=      signed     11x9    1          22.88  848  11 FME_PIPE_2.vhd 
=============================================================================================
FME_PIPE_2
 clipping[18].U_clip_gte_489_34
 module:geq_signed_2224_7970
  slow                   >=      signed     11x9    1          22.88  848  11 FME_PIPE_2.vhd 
=============================================================================================
FME_PIPE_2
 clipping[20].U_clip_gte_489_34
 module:geq_signed_2224_7971
  slow                   >=      signed     11x9    1          22.88  848  11 FME_PIPE_2.vhd 
=============================================================================================
FME_PIPE_2
 clipping[21].U_clip_gte_489_34
 module:geq_signed_2224_7972
  slow                   >=      signed     11x9    1          22.88  848  11 FME_PIPE_2.vhd 
=============================================================================================
FME_PIPE_2
 clipping[23].U_clip_gte_489_34
 module:geq_signed_2224_7973
  slow                   >=      signed     11x9    1          22.88  848  11 FME_PIPE_2.vhd 
=============================================================================================
FME_PIPE_2
 clipping[24].U_clip_gte_489_34
 module:geq_signed_2224_7974
  slow                   >=      signed     11x9    1          22.88  848  11 FME_PIPE_2.vhd 
=============================================================================================
FME_PIPE_2
 clipping[26].U_clip_gte_489_34
 module:geq_signed_2224_7975
  slow                   >=      signed     11x9    1          22.88  848  11 FME_PIPE_2.vhd 
=============================================================================================
FME_PIPE_2
 clipping[27].U_clip_gte_489_34
 module:geq_signed_2224_7976
  slow                   >=      signed     11x9    1          22.88  848  11 FME_PIPE_2.vhd 
=============================================================================================
FME_PIPE_2
 clipping[29].U_clip_gte_489_34
 module:geq_signed_2224_7977
  slow                   >=      signed     11x9    1          22.88  848  11 FME_PIPE_2.vhd 
=============================================================================================
FME_PIPE_2
 clipping[2].U_clip
  gte_489_34
  module:geq_signed_2224_7958
   slow                  >=      signed     11x9    1          22.88  489  34 FME_PIPE_2.vhd 
=============================================================================================
FME_PIPE_2
 clipping[30].U_clip_gte_489_34
 module:geq_signed_2224_7978
  slow                   >=      signed     11x9    1          22.88  848  11 FME_PIPE_2.vhd 
=============================================================================================
FME_PIPE_2
 clipping[32].U_clip_gte_489_34
 module:geq_signed_2224_7979
  slow                   >=      signed     11x9    1          22.88  848  11 FME_PIPE_2.vhd 
=============================================================================================
FME_PIPE_2
 clipping[33].U_clip_gte_489_34
 module:geq_signed_2224_7980
  slow                   >=      signed     11x9    1          22.88  848  11 FME_PIPE_2.vhd 
=============================================================================================
FME_PIPE_2
 clipping[35].U_clip_gte_489_34
 module:geq_signed_2224_7981
  slow                   >=      signed     11x9    1          22.88  848  11 FME_PIPE_2.vhd 
=============================================================================================
FME_PIPE_2
 clipping[36].U_clip_gte_489_34
 module:geq_signed_2224_7982
  slow                   >=      signed     11x9    1          22.88  848  11 FME_PIPE_2.vhd 
=============================================================================================
FME_PIPE_2
 clipping[38].U_clip_gte_489_34
 module:geq_signed_2224_7983
  slow                   >=      signed     11x9    1          22.88  848  11 FME_PIPE_2.vhd 
=============================================================================================
FME_PIPE_2
 clipping[39].U_clip_gte_489_34
 module:geq_signed_2224_7984
  slow                   >=      signed     11x9    1          22.88  848  11 FME_PIPE_2.vhd 
=============================================================================================
FME_PIPE_2
 clipping[3].U_clip
  gte_489_34
  module:geq_signed_2224_7959
   slow                  >=      signed     11x9    1          22.88  489  34 FME_PIPE_2.vhd 
=============================================================================================
FME_PIPE_2
 clipping[41].U_clip_gte_489_34
 module:geq_signed_2224_7985
  slow                   >=      signed     11x9    1          22.88  848  11 FME_PIPE_2.vhd 
=============================================================================================
FME_PIPE_2
 clipping[42].U_clip_gte_489_34
 module:geq_signed_2224_7986
  slow                   >=      signed     11x9    1          22.88  848  11 FME_PIPE_2.vhd 
=============================================================================================
FME_PIPE_2
 clipping[44].U_clip_gte_489_34
 module:geq_signed_2224_7987
  slow                   >=      signed     11x9    1          22.88  848  11 FME_PIPE_2.vhd 
=============================================================================================
FME_PIPE_2
 clipping[45].U_clip_gte_489_34
 module:geq_signed_2224_7988
  slow                   >=      signed     11x9    1          22.88  848  11 FME_PIPE_2.vhd 
=============================================================================================
FME_PIPE_2
 clipping[47].U_clip_gte_489_34
 module:geq_signed_2224_7989
  slow                   >=      signed     11x9    1          22.88  848  11 FME_PIPE_2.vhd 
=============================================================================================
FME_PIPE_2
 clipping[48].U_clip_gte_489_34
 module:geq_signed_2224_7990
  slow                   >=      signed     11x9    1          22.88  848  11 FME_PIPE_2.vhd 
=============================================================================================
FME_PIPE_2
 clipping[50].U_clip_gte_489_34
 module:geq_signed_2224
  slow                   >=      signed     11x9    1          22.88  848  11 FME_PIPE_2.vhd 
=============================================================================================
FME_PIPE_2
 clipping[5].U_clip
  gte_489_34
  module:geq_signed_2224_7960
   slow                  >=      signed     11x9    1          22.88  489  34 FME_PIPE_2.vhd 
=============================================================================================
FME_PIPE_2
 clipping[6].U_clip
  gte_489_34
  module:geq_signed_2224_7961
   slow                  >=      signed     11x9    1          22.88  489  34 FME_PIPE_2.vhd 
=============================================================================================
FME_PIPE_2
 clipping[8].U_clip
  gte_489_34
  module:geq_signed_2224_7962
   slow                  >=      signed     11x9    1          22.88  489  34 FME_PIPE_2.vhd 
=============================================================================================
FME_PIPE_2
 clipping[9].U_clip
  gte_489_34
  module:geq_signed_2224_7963
   slow                  >=      signed     11x9    1          22.88  489  34 FME_PIPE_2.vhd 
=============================================================================================

      Type        CellArea Percentage 
--------------------------------------
datapath modules  47951.80      35.35 
external muxes        0.00       0.00 
others            87690.20      64.65 
--------------------------------------
total            135642.00     100.00 

