============================================================
  Generated by:           Genus(TM) Synthesis Solution 17.10-p007_1
  Generated on:           Nov 21 2019  04:33:35 pm
  Module:                 FME_PIPE_2
  Technology libraries:   CORE65LPSVT 
                          CLOCK65LPSVT 
                          physical_cells 
  Operating conditions:   _nominal_ 
  Interconnect mode:      global
  Area mode:              physical library
============================================================

            Instance                       Module           Cells  Cell Area  Net Area   Total Area 
----------------------------------------------------------------------------------------------------
FME_PIPE_2                                                  26976     135642     61217       196859 
  U_buffer                       buffer_shift               12282      67790     29670        97460 
  U_inter                        interpolation_bit_width10  12909      57289     24664        81954 
  U_crtl                         CRTL_bit_width10             100        532       191          723 
  clipping[15].U_clip            clip8_bit_width10_904         15         48        14           62 
  clipping[14].U_clip            clip8_bit_width10_905         15         48        14           62 
  clipping[12].U_clip            clip8_bit_width10_906         15         48        14           62 
  clipping[11].U_clip            clip8_bit_width10_907         15         48        14           62 
  clipping[9].U_clip             clip8_bit_width10_908         15         48        14           62 
  clipping[8].U_clip             clip8_bit_width10_909         15         48        14           62 
  clipping[6].U_clip             clip8_bit_width10_910         15         48        14           62 
  clipping[5].U_clip             clip8_bit_width10_911         15         48        14           62 
  clipping[3].U_clip             clip8_bit_width10_912         15         48        14           62 
  clipping[2].U_clip             clip8_bit_width10_913         15         48        14           62 
  clipping[0].U_clip             clip8_bit_width10             15         48        14           62 
  clipping[50].U_clip_gte_489_34 geq_signed_2224                7         23         8           31 
  clipping[48].U_clip_gte_489_34 geq_signed_2224_7990           7         23         8           31 
  clipping[47].U_clip_gte_489_34 geq_signed_2224_7989           7         23         8           31 
  clipping[45].U_clip_gte_489_34 geq_signed_2224_7988           7         23         8           31 
  clipping[44].U_clip_gte_489_34 geq_signed_2224_7987           7         23         8           31 
  clipping[42].U_clip_gte_489_34 geq_signed_2224_7986           7         23         8           31 
  clipping[41].U_clip_gte_489_34 geq_signed_2224_7985           7         23         8           31 
  clipping[39].U_clip_gte_489_34 geq_signed_2224_7984           7         23         8           31 
  clipping[38].U_clip_gte_489_34 geq_signed_2224_7983           7         23         8           31 
  clipping[36].U_clip_gte_489_34 geq_signed_2224_7982           7         23         8           31 
  clipping[35].U_clip_gte_489_34 geq_signed_2224_7981           7         23         8           31 
  clipping[33].U_clip_gte_489_34 geq_signed_2224_7980           7         23         8           31 
  clipping[32].U_clip_gte_489_34 geq_signed_2224_7979           7         23         8           31 
  clipping[30].U_clip_gte_489_34 geq_signed_2224_7978           7         23         8           31 
  clipping[29].U_clip_gte_489_34 geq_signed_2224_7977           7         23         8           31 
  clipping[27].U_clip_gte_489_34 geq_signed_2224_7976           7         23         8           31 
  clipping[26].U_clip_gte_489_34 geq_signed_2224_7975           7         23         8           31 
  clipping[24].U_clip_gte_489_34 geq_signed_2224_7974           7         23         8           31 
  clipping[23].U_clip_gte_489_34 geq_signed_2224_7973           7         23         8           31 
  clipping[21].U_clip_gte_489_34 geq_signed_2224_7972           7         23         8           31 
  clipping[20].U_clip_gte_489_34 geq_signed_2224_7971           7         23         8           31 
  clipping[18].U_clip_gte_489_34 geq_signed_2224_7970           7         23         8           31 
  clipping[17].U_clip_gte_489_34 geq_signed_2224_7969           7         23         8           31 
  clipping[49].U_clip            clip8_bit_width10_1_914        3          9         0            9 
  clipping[46].U_clip            clip8_bit_width10_1_915        3          9         0            9 
  clipping[43].U_clip            clip8_bit_width10_1_916        3          9         0            9 
  clipping[40].U_clip            clip8_bit_width10_1_917        3          9         0            9 
  clipping[37].U_clip            clip8_bit_width10_1_918        3          9         0            9 
  clipping[34].U_clip            clip8_bit_width10_1_919        3          9         0            9 
  clipping[31].U_clip            clip8_bit_width10_1_920        3          9         0            9 
  clipping[28].U_clip            clip8_bit_width10_1_921        3          9         0            9 
  clipping[25].U_clip            clip8_bit_width10_1_922        3          9         0            9 
  clipping[22].U_clip            clip8_bit_width10_1_923        3          9         0            9 
  clipping[19].U_clip            clip8_bit_width10_1_924        3          9         0            9 
  clipping[16].U_clip            clip8_bit_width10_1_925        3          9         0            9 
  clipping[13].U_clip            clip8_bit_width10_1_926        3          9         0            9 
  clipping[10].U_clip            clip8_bit_width10_1_927        3          9         0            9 
  clipping[7].U_clip             clip8_bit_width10_1_928        3          9         0            9 
  clipping[4].U_clip             clip8_bit_width10_1_929        3          9         0            9 
  clipping[1].U_clip             clip8_bit_width10_1            3          9         0            9 
