============================================================
  Generated by:           Genus(TM) Synthesis Solution 17.10-p007_1
  Generated on:           Nov 21 2019  04:33:41 pm
  Module:                 FME_PIPE_2
  Technology libraries:   CORE65LPSVT 
                          CLOCK65LPSVT 
                          physical_cells 
  Operating conditions:   _nominal_ 
  Interconnect mode:      global
  Area mode:              physical library
============================================================

                                     Leakage   Internal    Net        Dynamic          Total       
                                                                  (Internal+Net) (Leakage+Dynamic) 
           Instance           Cells Power(uW) Power(uW) Power(uW)    Power(uW)       Power(uW)     
---------------------------------------------------------------------------------------------------
FME_PIPE_2                    26976   188.071 66432.505 38286.637     104719.142        104907.213 
  U_inter                     12909   107.729 19123.594 13542.141      32665.735         32773.464 
    PUs[8].U_F2_U_1             255     2.417   165.670   220.461        386.131           388.548 
      addinc_U_S0_add_18_16      82     0.983    63.410    84.251        147.661           148.645 
      addinc_U_S1_add_18_16      81     0.794    50.704    60.887        111.591           112.385 
      U_S2_add_18_10             79     0.548    45.671    59.511        105.182           105.730 
    PUs[10].U_F2_U_1            256     2.343   152.930   208.029        360.959           363.302 
      addinc_U_S0_add_18_16      80     0.902    52.575    74.854        127.429           128.331 
      addinc_U_S1_add_18_16      84     0.803    51.509    63.525        115.034           115.837 
      U_S2_add_18_10             80     0.557    44.446    57.483        101.929           102.487 
    PUs[5].U_F2_U_1             253     2.338   164.956   226.711        391.667           394.005 
      addinc_U_S0_add_18_16      80     0.941    62.248    86.086        148.335           149.276 
      addinc_U_S1_add_18_16      81     0.762    50.792    63.586        114.378           115.140 
      U_S2_add_18_10             80     0.558    46.999    63.061        110.061           110.618 
    PUs[14].U_F2_U_1            250     2.333   159.908   220.764        380.673           383.005 
      addinc_U_S0_add_18_16      80     0.931    58.612    81.846        140.457           141.388 
      addinc_U_S1_add_18_16      81     0.791    52.243    65.962        118.205           118.995 
      U_S2_add_18_10             78     0.535    44.802    60.541        105.343           105.877 
    PUs[7].U_F2_U_1             253     2.328   157.159   217.679        374.838           377.166 
      addinc_U_S0_add_18_16      80     0.931    58.101    83.579        141.680           142.610 
      addinc_U_S1_add_18_16      81     0.765    50.261    60.950        111.211           111.975 
      U_S2_add_18_10             79     0.546    43.479    57.489        100.968           101.514 
    PUs[9].U_F2_U_1             249     2.325   157.188   215.352        372.540           374.865 
      addinc_U_S0_add_18_16      78     0.915    57.482    80.934        138.416           139.331 
      addinc_U_S1_add_18_16      80     0.773    47.884    59.225        107.110           107.883 
      U_S2_add_18_10             79     0.555    47.007    61.877        108.885           109.440 
    PUs[1].U_F2_U_1             257     2.312   150.207   205.571        355.778           358.090 
      addinc_U_S0_add_18_16      83     0.928    56.652    81.390        138.042           138.970 
      addinc_U_S1_add_18_16      82     0.747    46.226    57.279        103.505           104.252 
      U_S2_add_18_10             80     0.556    43.051    55.667         98.718            99.275 
    PUs[0].U_F2_U_1             251     2.307   153.292   208.845        362.137           364.444 
      addinc_U_S0_add_18_16      79     0.911    54.509    76.758        131.267           132.179 
      addinc_U_S1_add_18_16      82     0.771    49.311    60.632        109.943           110.713 
      U_S2_add_18_10             79     0.551    45.538    60.066        105.604           106.156 
    PUs[11].U_F2_U_1            252     2.306   162.395   222.963        385.358           387.664 
      addinc_U_S0_add_18_16      79     0.888    56.795    83.928        140.723           141.611 
      addinc_U_S1_add_18_16      82     0.784    53.334    63.500        116.834           117.618 
      U_S2_add_18_10             79     0.552    47.213    61.273        108.486           109.038 
    PUs[12].U_F2_U_1            249     2.292   158.369   219.255        377.624           379.916 
      addinc_U_S0_add_18_16      79     0.902    55.487    80.794        136.281           137.183 
      addinc_U_S1_add_18_16      79     0.757    50.440    62.405        112.846           113.603 
      U_S2_add_18_10             79     0.551    47.838    62.771        110.610           111.161 
    PUs[13].U_F2_U_1            250     2.292   165.261   224.404        389.665           391.957 
      addinc_U_S0_add_18_16      79     0.878    56.491    80.148        136.639           137.516 
      addinc_U_S1_add_18_16      79     0.771    51.890    62.719        114.609           115.381 
      U_S2_add_18_10             80     0.561    51.496    67.113        118.609           119.170 
    PUs[6].U_F2_U_1             251     2.277   160.181   222.563        382.745           385.022 
      addinc_U_S0_add_18_16      80     0.875    58.552    86.514        145.066           145.941 
      addinc_U_S1_add_18_16      79     0.756    50.636    61.557        112.193           112.950 
      U_S2_add_18_10             80     0.571    46.137    60.206        106.343           106.914 
    PUs[15].U_F2_U_1            245     2.245   147.147   205.312        352.460           354.705 
      addinc_U_S0_add_18_16      77     0.893    56.625    81.137        137.762           138.655 
      addinc_U_S1_add_18_16      79     0.746    47.284    59.768        107.052           107.798 
      U_S2_add_18_10             78     0.537    39.396    52.667         92.063            92.600 
    PUs[4].U_F2_U_1             247     2.244   154.764   216.246        371.010           373.254 
      addinc_U_S0_add_18_16      78     0.887    55.350    80.470        135.820           136.706 
      addinc_U_S1_add_18_16      80     0.738    50.521    64.386        114.907           115.645 
      U_S2_add_18_10             78     0.546    44.871    59.744        104.615           105.161 
    PUs[3].U_F2_U_1             245     2.219   159.520   221.493        381.013           383.232 
      addinc_U_S0_add_18_16      78     0.883    58.900    86.630        145.530           146.413 
      addinc_U_S1_add_18_16      77     0.713    45.637    55.565        101.202           101.915 
      U_S2_add_18_10             78     0.544    50.213    64.162        114.375           114.919 
    PUs[2].U_F2_U_1             244     2.206   155.299   216.519        371.818           374.025 
      addinc_U_S0_add_18_16      77     0.888    57.558    83.780        141.338           142.225 
      addinc_U_S1_add_18_16      77     0.707    46.184    58.342        104.527           105.233 
      U_S2_add_18_10             78     0.534    47.089    60.887        107.976           108.510 
    addinc_PUs.._S0_add_18_16    82     0.967    59.971    83.365        143.336           144.303 
    addinc_PUs.._S0_add_18_16    82     0.952    61.661    82.753        144.413           145.365 
    addinc_PUs.._S0_add_18_16    78     0.944    58.212    81.808        140.021           140.965 
    addinc_PUs.._S0_add_18_16    80     0.916    60.886    84.924        145.810           146.726 
    addinc_PUs.._S0_add_18_16    80     0.910    60.765    86.200        146.965           147.875 
    addinc_PUs.._S0_add_18_16    81     0.908    58.167    85.719        143.886           144.794 
    addinc_PUs.._S0_add_18_16    80     0.906    56.212    81.667        137.879           138.785 
    addinc_PUs.._S0_add_18_16    83     0.905    55.147    79.949        135.096           136.002 
    addinc_PUs.._S0_add_18_16    78     0.901    55.671    80.954        136.625           137.526 
    addinc_PUs.._S0_add_18_16    79     0.898    56.281    80.632        136.912           137.810 
    addinc_PUs.._S0_add_18_16    77     0.893    56.763    81.264        138.027           138.920 
    addinc_PUs.._S0_add_18_16    80     0.893    57.607    80.619        138.226           139.119 
    addinc_PUs.._S0_add_18_16    80     0.890    51.727    72.210        123.937           124.827 
    addinc_PUs.._S0_add_18_16    80     0.888    53.247    75.791        129.038           129.927 
    addinc_PUs.._S0_add_18_16    81     0.887    51.005    74.110        125.116           126.002 
    addinc_PUs.._S0_add_18_16    78     0.884    54.921    77.659        132.580           133.464 
    addinc_PUs.._S0_add_18_16    78     0.869    56.208    84.572        140.780           141.649 
    addinc_PUs.._S0_add_18_16    80     0.868    59.270    85.510        144.780           145.647 
    addinc_PUs.._S1_add_18_16    82     0.811    52.203    62.565        114.768           115.579 
    addinc_PUs.._S1_add_18_16    81     0.777    48.244    58.208        106.452           107.230 
    addinc_PUs.._S1_add_18_16    82     0.772    51.835    63.297        115.132           115.904 
    addinc_PUs.._S1_add_18_16    80     0.762    49.113    59.484        108.597           109.358 
    addinc_PUs.._S1_add_18_16    81     0.760    48.114    60.500        108.614           109.374 
    addinc_PUs.._S1_add_18_16    80     0.759    50.165    62.046        112.211           112.970 
    addinc_PUs.._S1_add_18_16    80     0.758    49.140    59.988        109.128           109.885 
    addinc_PUs.._S1_add_18_16    82     0.755    45.202    55.070        100.272           101.027 
    addinc_PUs.._S1_add_18_16    78     0.754    50.575    61.871        112.446           113.199 
    addinc_PUs.._S1_add_18_16    79     0.744    49.886    61.123        111.009           111.753 
    addinc_PUs.._S1_add_18_16    79     0.741    45.870    56.859        102.728           103.469 
    addinc_PUs.._S1_add_18_16    79     0.741    50.064    62.450        112.514           113.255 
    addinc_PUs.._S1_add_18_16    79     0.735    48.369    61.521        109.890           110.625 
    addinc_PUs.._S1_add_18_16    78     0.731    46.584    58.294        104.878           105.609 
    addinc_PUs.._S1_add_18_16    78     0.728    48.589    60.669        109.258           109.987 
    csa_tree_P.._18_10_groupi    95     0.721   111.555   237.137        348.691           349.412 
    csa_tree_P.._18_10_groupi    95     0.719   107.536   230.579        338.115           338.834 
    csa_tree_P.._18_10_groupi    95     0.719   105.478   226.658        332.135           332.854 
    addinc_PUs.._S1_add_18_16    77     0.718    46.819    58.514        105.333           106.051 
    addinc_PUs.._S1_add_18_16    78     0.718    45.914    55.882        101.796           102.514 
    csa_tree_P.._18_10_groupi    95     0.718   106.824   229.416        336.240           336.958 
    addinc_PUs.._S1_add_18_16    79     0.715    48.134    59.164        107.298           108.012 
    csa_tree_P.._18_10_groupi    95     0.714   111.138   238.269        349.407           350.121 
    csa_tree_P.._18_10_groupi    95     0.666   100.945   226.892        327.836           328.502 
    csa_tree_P.._18_10_groupi    95     0.666   102.902   225.998        328.899           329.565 
    csa_tree_P.._18_10_groupi    95     0.665    99.833   220.424        320.256           320.922 
    csa_tree_P.._18_10_groupi    95     0.664    99.856   220.169        320.025           320.689 
    csa_tree_P.._18_10_groupi    95     0.662    99.888   225.185        325.073           325.735 
    csa_tree_P.._18_10_groupi    92     0.634    97.044   189.575        286.619           287.253 
    PUs[0].U_F.._S2_add_18_10    80     0.572    49.522    64.422        113.944           114.516 
    PUs[11].U_.._S2_add_18_10    81     0.561    44.566    58.034        102.601           103.162 
    PUs[14].U_.._S2_add_18_10    79     0.560    51.139    67.128        118.267           118.827 
    PUs[6].U_F.._S2_add_18_10    79     0.549    45.936    62.076        108.012           108.561 
    PUs[8].U_F.._S2_add_18_10    79     0.546    43.678    57.767        101.444           101.990 
    PUs[16].U_.._S2_add_18_10    79     0.545    35.673    46.593         82.266            82.811 
    PUs[7].U_F.._S2_add_18_10    78     0.543    43.488    57.548        101.036           101.579 
    PUs[12].U_.._S2_add_18_10    78     0.543    46.076    60.002        106.078           106.621 
    PUs[10].U_.._S2_add_18_10    78     0.541    45.910    60.822        106.732           107.274 
    PUs[15].U_.._S2_add_18_10    78     0.540    44.830    61.180        106.011           106.551 
    PUs[9].U_F.._S2_add_18_10    78     0.537    44.484    58.372        102.856           103.393 
    PUs[13].U_.._S2_add_18_10    78     0.537    46.391    61.458        107.849           108.385 
    PUs[16].U_.._S2_add_18_10    78     0.536    39.331    52.579         91.910            92.446 
    PUs[4].U_F.._S2_add_18_10    78     0.527    48.902    63.639        112.541           113.068 
    PUs[5].U_F.._S2_add_18_10    78     0.518    43.379    57.834        101.213           101.731 
    PUs[1].U_F.._S2_add_18_10    77     0.516    43.489    58.147        101.636           102.152 
    PUs[2].U_F.._S2_add_18_10    77     0.513    40.940    53.100         94.040            94.553 
    PUs[3].U_F.._S2_add_18_10    76     0.494    44.508    58.951        103.459           103.953 
    csa_tree_P.._18_10_groupi    93     0.473    78.729   106.741        185.470           185.943 
    csa_tree_P.._18_10_groupi    93     0.473    78.350   104.583        182.934           183.407 
    csa_tree_P.._18_10_groupi    93     0.472    78.055   103.749        181.804           182.277 
    csa_tree_P.._18_10_groupi    93     0.472    81.914   110.919        192.833           193.305 
    csa_tree_P.._18_10_groupi    93     0.471    84.871   114.469        199.340           199.811 
    csa_tree_P.._18_10_groupi    93     0.471    76.982   103.872        180.853           181.324 
    csa_tree_P.._18_10_groupi    93     0.471    82.623   110.433        193.055           193.526 
    csa_tree_P.._18_10_groupi    93     0.471    79.313   106.023        185.336           185.806 
    csa_tree_P.._18_10_groupi    93     0.470    79.202   106.401        185.604           186.074 
    csa_tree_P.._18_10_groupi    93     0.470    77.269   102.746        180.015           180.486 
    csa_tree_P.._18_10_groupi    93     0.470    80.311   108.679        188.990           189.460 
    csa_tree_P.._18_10_groupi    93     0.467    81.642   110.465        192.107           192.575 
    csa_tree_P.._18_10_groupi    93     0.467    75.972   103.309        179.281           179.748 
    csa_tree_P.._18_10_groupi    93     0.467    77.465   105.412        182.876           183.344 
    csa_tree_P.._18_10_groupi    93     0.467    78.556   107.332        185.888           186.355 
    csa_tree_P.._18_10_groupi    93     0.467    82.292   112.192        194.484           194.951 
    csa_tree_P.._18_10_groupi    93     0.466    78.401   106.585        184.987           185.453 
    csa_tree_P.._18_10_groupi    93     0.466    78.962   106.710        185.673           186.138 
    csa_tree_P.._18_10_groupi    93     0.466    79.198   107.463        186.661           187.127 
    csa_tree_P.._18_10_groupi    93     0.466    82.068   110.487        192.555           193.021 
    csa_tree_P.._18_10_groupi    93     0.466    78.833   106.587        185.420           185.886 
    csa_tree_P.._18_10_groupi    93     0.465    79.950   109.194        189.143           189.609 
    csa_tree_P.._18_10_groupi    93     0.464    80.366   109.172        189.538           190.002 
    PUs[10].U_F2_U_p4            17     0.159   157.648    13.689        171.336           171.495 
    PUs[11].U_F2_U_p1            17     0.159   157.649    14.639        172.288           172.446 
    PUs[5].U_F2_U_p4             17     0.159   161.344    15.224        176.568           176.727 
    PUs[6].U_F2_U_p1             17     0.159   161.345    16.280        177.625           177.784 
    PUs[13].U_F2_U_p4            17     0.159   160.502    14.731        175.233           175.392 
    PUs[14].U_F2_U_p1            17     0.159   160.504    15.675        176.178           176.337 
    PUs[3].U_F2_U_p4             17     0.159   159.577    15.451        175.028           175.187 
    PUs[4].U_F2_U_p1             17     0.159   159.577    15.929        175.506           175.665 
    PUs[14].U_F2_U_p4            17     0.159   157.494    13.760        171.254           171.413 
    PUs[15].U_F2_U_p1            17     0.159   157.495    14.671        172.166           172.325 
    PUs[15].U_F2_U_p4            17     0.159   157.987    13.973        171.960           172.118 
    PUs[16].U_F2_U_p1            17     0.159   157.988    14.994        172.982           173.141 
    PUs[16].U_F2_U_p4            17     0.159   156.310    13.287        169.597           169.755 
    PUs[4].U_F2_U_p4             17     0.159   160.586    16.104        176.690           176.849 
    PUs[5].U_F2_U_p1             17     0.159   160.586    16.561        177.148           177.306 
    PUs[6].U_F2_U_p4             17     0.159   158.327    13.848        172.174           172.333 
    PUs[7].U_F2_U_p1             17     0.159   158.328    14.746        173.074           173.233 
    PUs[12].U_F2_U_p4            17     0.159   157.011    13.715        170.726           170.884 
    PUs[13].U_F2_U_p1            17     0.159   157.012    14.639        171.651           171.810 
    PUs[0].U_F2_U_p4             17     0.159   159.645    15.729        175.374           175.533 
    PUs[1].U_F2_U_p1             17     0.159   159.646    16.182        175.828           175.987 
    PUs[0].U_F2_U_p1             17     0.159   161.644    19.701        181.345           181.504 
    PUs[8].U_F2_U_p4             17     0.159   159.444    14.281        173.724           173.883 
    PUs[9].U_F2_U_p1             17     0.159   159.445    15.327        174.772           174.931 
    PUs[7].U_F2_U_p4             17     0.159   158.948    14.483        173.431           173.589 
    PUs[8].U_F2_U_p1             17     0.159   158.950    15.579        174.529           174.687 
    PUs[9].U_F2_U_p4             17     0.158   159.639    14.552        174.191           174.349 
    PUs[10].U_F2_U_p1            17     0.158   159.640    15.665        175.305           175.464 
    PUs[1].U_F2_U_p4             17     0.158   159.560    15.733        175.294           175.452 
    PUs[2].U_F2_U_p1             17     0.158   159.561    16.195        175.756           175.914 
    PUs[11].U_F2_U_p4            17     0.158   158.469    13.914        172.384           172.542 
    PUs[12].U_F2_U_p1            17     0.158   158.471    14.935        173.406           173.564 
    PUs[2].U_F2_U_p4             17     0.158   160.253    15.922        176.174           176.333 
    PUs[3].U_F2_U_p1             17     0.158   160.253    16.410        176.663           176.821 
    PUs[3].U_F2_U_p2             14     0.139   138.237    11.579        149.816           149.955 
    PUs[4].U_F2_U_p3             14     0.139   138.238    12.182        150.420           150.559 
    PUs[12].U_F2_U_p2            14     0.139   136.261    10.782        147.043           147.182 
    PUs[13].U_F2_U_p3            14     0.139   136.262    11.334        147.596           147.736 
    PUs[11].U_F2_U_p2            14     0.139   137.841    11.389        149.230           149.369 
    PUs[12].U_F2_U_p3            14     0.139   137.842    11.928        149.770           149.909 
    PUs[2].U_F2_U_p2             14     0.139   138.916    12.063        150.979           151.118 
    PUs[3].U_F2_U_p3             14     0.139   138.917    12.673        151.590           151.729 
    PUs[15].U_F2_U_p2            14     0.139   136.186    10.935        147.121           147.260 
    PUs[16].U_F2_U_p3            14     0.139   136.187    11.598        147.785           147.924 
    PUs[6].U_F2_U_p2             14     0.139   138.174    11.279        149.453           149.592 
    PUs[7].U_F2_U_p3             14     0.139   138.175    11.890        150.065           150.204 
    PUs[13].U_F2_U_p2            14     0.139   138.592    11.643        150.235           150.374 
    PUs[14].U_F2_U_p3            14     0.139   138.593    12.218        150.811           150.950 
    PUs[9].U_F2_U_p2             14     0.139   137.557    11.480        149.038           149.177 
    PUs[10].U_F2_U_p3            14     0.139   137.558    12.100        149.659           149.798 
    PUs[0].U_F2_U_p2             14     0.139   138.469    12.394        150.862           151.001 
    PUs[1].U_F2_U_p3             14     0.139   138.469    12.719        151.188           151.327 
    PUs[8].U_F2_U_p2             14     0.139   137.951    11.520        149.471           149.610 
    PUs[9].U_F2_U_p3             14     0.139   137.952    12.112        150.064           150.203 
    PUs[4].U_F2_U_p2             14     0.139   139.713    12.133        151.846           151.985 
    PUs[5].U_F2_U_p3             14     0.139   139.714    12.580        152.294           152.433 
    PUs[16].U_F2_U_p2            14     0.139   136.072    10.980        147.051           147.190 
    PUs[10].U_F2_U_p2            14     0.139   135.619    10.768        146.387           146.526 
    PUs[11].U_F2_U_p3            14     0.139   135.619    11.267        146.887           147.025 
    PUs[7].U_F2_U_p2             14     0.139   137.876    11.783        149.659           149.798 
    PUs[8].U_F2_U_p3             14     0.139   137.877    12.355        150.231           150.370 
    PUs[0].U_F2_U_p3             14     0.139   139.848    13.126        152.973           153.112 
    PUs[1].U_F2_U_p2             14     0.139   137.771    11.855        149.626           149.765 
    PUs[2].U_F2_U_p3             14     0.139   137.771    12.445        150.217           150.355 
    PUs[14].U_F2_U_p2            14     0.139   136.242    11.034        147.276           147.415 
    PUs[15].U_F2_U_p3            14     0.139   136.243    11.606        147.849           147.988 
    PUs[5].U_F2_U_p2             14     0.139   139.534    12.222        151.757           151.896 
    PUs[6].U_F2_U_p3             14     0.139   139.535    12.647        152.182           152.321 
    PUs[6].U_F2_U_S10             3     0.018     2.827     2.399          5.226             5.243 
      addinc_add_41_28            3     0.018     2.827     2.399          5.226             5.243 
    PUs[5].U_F2_U_S10             3     0.018     3.134     2.669          5.803             5.820 
      addinc_add_41_28            3     0.018     3.134     2.669          5.803             5.820 
    PUs[3].U_F2_U_S10             3     0.017     2.998     2.617          5.615             5.633 
      addinc_add_41_28            3     0.017     2.998     2.617          5.615             5.633 
    PUs[1].U_F2_U_S10             3     0.017     2.680     2.312          4.992             5.010 
      addinc_add_41_28            3     0.017     2.680     2.312          4.992             5.010 
    PUs[2].U_F2_U_S10             3     0.017     2.936     2.478          5.414             5.431 
      addinc_add_41_28            3     0.017     2.936     2.478          5.414             5.431 
    PUs[10].U_F2_U_S10            3     0.017     2.241     1.917          4.158             4.175 
      addinc_add_41_28            3     0.017     2.241     1.917          4.158             4.175 
    PUs[12].U_F2_U_S10            3     0.017     2.236     1.772          4.008             4.025 
      addinc_add_41_28            3     0.017     2.236     1.772          4.008             4.025 
    PUs[11].U_F2_U_S10            3     0.017     2.531     2.171          4.702             4.719 
      addinc_add_41_28            3     0.017     2.531     2.171          4.702             4.719 
    PUs[14].U_F2_U_S10            3     0.017     2.948     2.501          5.449             5.467 
      addinc_add_41_28            3     0.017     2.948     2.501          5.449             5.467 
    PUs[13].U_F2_U_S10            3     0.017     2.561     2.124          4.685             4.702 
      addinc_add_41_28            3     0.017     2.561     2.124          4.685             4.702 
    PUs[16].U_F2_U_S10            3     0.017     2.793     2.301          5.094             5.112 
      addinc_add_41_28            3     0.017     2.793     2.301          5.094             5.112 
    PUs[4].U_F2_U_S10             3     0.017     2.611     2.255          4.866             4.884 
      addinc_add_41_28            3     0.017     2.611     2.255          4.866             4.884 
    PUs[7].U_F2_U_S10             3     0.017     2.269     1.908          4.177             4.195 
      addinc_add_41_28            3     0.017     2.269     1.908          4.177             4.195 
    PUs[0].U_F2_U_S10             3     0.017     2.311     1.950          4.261             4.278 
      addinc_add_41_28            3     0.017     2.311     1.950          4.261             4.278 
    PUs[15].U_F2_U_S10            3     0.017     2.650     2.172          4.823             4.840 
      addinc_add_41_28            3     0.017     2.650     2.172          4.823             4.840 
    PUs[9].U_F2_U_S10             3     0.017     2.431     1.986          4.418             4.435 
      addinc_add_41_28            3     0.017     2.431     1.986          4.418             4.435 
    PUs[8].U_F2_U_S10             3     0.017     2.490     2.059          4.548             4.565 
      addinc_add_41_28            3     0.017     2.490     2.059          4.548             4.565 
  U_buffer                    12282    63.406 41584.737 15183.844      56768.581         56831.987 
  U_crtl                        100     0.676   235.018    63.315        298.333           299.009 
    inc_add_722_29                9     0.039     1.014     0.707          1.722             1.760 
    inc_add_692_29                9     0.037     0.948     0.732          1.680             1.717 
    inc_add_707_29                9     0.037     0.727     0.543          1.270             1.307 
    lt_620_18                     2     0.010     0.797     0.801          1.598             1.609 
    lt_627_18                     2     0.008     0.000     0.000          0.000             0.008 
    lt_634_18                     2     0.008     0.045     0.040          0.085             0.093 
  clipping[6].U_clip             15     0.070     9.725    10.711         20.436            20.506 
    gte_489_34                    7     0.031     3.105     6.784          9.889             9.919 
  clipping[8].U_clip             15     0.069     9.431    10.630         20.061            20.131 
    gte_489_34                    7     0.030     2.857     6.734          9.591             9.621 
  clipping[9].U_clip             15     0.069     9.717    11.078         20.795            20.864 
    gte_489_34                    7     0.030     2.952     7.058         10.010            10.041 
  clipping[11].U_clip            15     0.069     9.872    10.923         20.795            20.865 
    gte_489_34                    7     0.030     2.959     6.825          9.784             9.814 
  clipping[5].U_clip             15     0.069     9.324    10.404         19.727            19.797 
    gte_489_34                    7     0.030     2.838     6.554          9.392             9.422 
  clipping[12].U_clip            15     0.069     8.770    10.186         18.957            19.026 
    gte_489_34                    7     0.031     2.858     6.676          9.534             9.565 
  clipping[3].U_clip             15     0.069     9.026    10.398         19.424            19.493 
    gte_489_34                    7     0.030     2.884     6.749          9.633             9.663 
  clipping[14].U_clip            15     0.069     9.655    10.887         20.541            20.611 
    gte_489_34                    7     0.030     3.088     6.990         10.079            10.109 
  clipping[15].U_clip            15     0.069    10.003    11.182         21.184            21.253 
    gte_489_34                    7     0.030     2.905     6.960          9.865             9.895 
  clipping[2].U_clip             15     0.069     9.148    10.511         19.659            19.728 
    gte_489_34                    7     0.030     2.836     6.770          9.606             9.636 
  clipping[0].U_clip             15     0.069     9.574    11.070         20.644            20.713 
    gte_489_34                    7     0.030     2.927     7.111         10.038            10.068 
  clipping[3..ip_gte_489_34       7     0.031     2.829     7.352         10.181            10.212 
  clipping[3..ip_gte_489_34       7     0.031     2.709     7.203          9.912             9.943 
  clipping[4..ip_gte_489_34       7     0.031     2.527     6.440          8.967             8.998 
  clipping[2..ip_gte_489_34       7     0.031     3.048     7.449         10.497            10.527 
  clipping[4..ip_gte_489_34       7     0.031     2.862     7.136          9.998            10.029 
  clipping[4..ip_gte_489_34       7     0.031     2.630     7.023          9.653             9.684 
  clipping[3..ip_gte_489_34       7     0.031     2.400     6.439          8.839             8.869 
  clipping[3..ip_gte_489_34       7     0.031     2.269     5.973          8.242             8.272 
  clipping[2..ip_gte_489_34       7     0.031     2.862     7.574         10.436            10.467 
  clipping[2..ip_gte_489_34       7     0.031     2.601     6.920          9.521             9.551 
  clipping[2..ip_gte_489_34       7     0.030     3.010     7.838         10.849            10.879 
  clipping[4..ip_gte_489_34       7     0.030     2.493     6.550          9.044             9.074 
  clipping[4..ip_gte_489_34       7     0.030     2.832     7.587         10.419            10.450 
  clipping[3..ip_gte_489_34       7     0.030     2.623     6.883          9.506             9.536 
  clipping[3..ip_gte_489_34       7     0.030     2.361     6.444          8.805             8.835 
  clipping[4..ip_gte_489_34       7     0.030     2.825     7.396         10.222            10.252 
  clipping[2..ip_gte_489_34       7     0.030     3.051     7.933         10.984            11.014 
  clipping[5..ip_gte_489_34       7     0.030     2.179     6.047          8.226             8.257 
  clipping[2..ip_gte_489_34       7     0.030     2.684     6.891          9.576             9.606 
  clipping[3..ip_gte_489_34       7     0.030     2.491     6.819          9.311             9.341 
  clipping[2..ip_gte_489_34       7     0.030     2.577     6.891          9.468             9.498 
  clipping[1..ip_gte_489_34       7     0.030     2.827     7.227         10.054            10.083 
  clipping[1..ip_gte_489_34       7     0.030     2.897     7.327         10.224            10.254 
  clipping[40].U_clip             3     0.015     1.884     1.160          3.044             3.058 
  clipping[43].U_clip             3     0.014     1.755     1.082          2.837             2.852 
  clipping[25].U_clip             3     0.014     1.522     0.943          2.465             2.479 
  clipping[46].U_clip             3     0.014     1.728     1.067          2.795             2.809 
  clipping[37].U_clip             3     0.014     1.825     1.129          2.954             2.968 
  clipping[28].U_clip             3     0.014     1.546     0.959          2.504             2.519 
  clipping[13].U_clip             3     0.014     1.909     1.160          3.068             3.082 
  clipping[22].U_clip             3     0.014     1.751     1.082          2.833             2.847 
  clipping[34].U_clip             3     0.014     1.614     0.990          2.604             2.618 
  clipping[10].U_clip             3     0.014     1.543     0.928          2.471             2.485 
  clipping[7].U_clip              3     0.014     1.645     0.990          2.634             2.649 
  clipping[1].U_clip              3     0.014     1.695     1.021          2.716             2.730 
  clipping[31].U_clip             3     0.014     1.209     0.742          1.951             1.965 
  clipping[16].U_clip             3     0.014     1.901     1.144          3.046             3.060 
  clipping[49].U_clip             3     0.014     1.520     0.928          2.448             2.462 
  clipping[4].U_clip              3     0.014     1.849     1.113          2.962             2.976 
  clipping[19].U_clip             3     0.014     1.785     1.098          2.883             2.896 

