============================================================
  Generated by:           Genus(TM) Synthesis Solution 17.10-p007_1
  Generated on:           Nov 21 2019  04:33:41 pm
  Module:                 FME_PIPE_2
  Technology libraries:   CORE65LPSVT 
                          CLOCK65LPSVT 
                          physical_cells 
  Operating conditions:   _nominal_ 
  Interconnect mode:      global
  Area mode:              physical library
============================================================

                                   Leakage    Dynamic     Total   
          Instance          Cells Power(uW)  Power(uW)  Power(uW) 
------------------------------------------------------------------
FME_PIPE_2                  26976   188.071 104719.142 104907.213 
  U_inter                   12909   107.729  32665.735  32773.464 
  U_buffer                  12282    63.406  56768.581  56831.987 
  U_crtl                      100     0.676    298.333    299.009 
  clipping[6].U_clip           15     0.070     20.436     20.506 
  clipping[8].U_clip           15     0.069     20.061     20.131 
  clipping[9].U_clip           15     0.069     20.795     20.864 
  clipping[11].U_clip          15     0.069     20.795     20.865 
  clipping[5].U_clip           15     0.069     19.727     19.797 
  clipping[12].U_clip          15     0.069     18.957     19.026 
  clipping[3].U_clip           15     0.069     19.424     19.493 
  clipping[14].U_clip          15     0.069     20.541     20.611 
  clipping[15].U_clip          15     0.069     21.184     21.253 
  clipping[2].U_clip           15     0.069     19.659     19.728 
  clipping[0].U_clip           15     0.069     20.644     20.713 
  clipping[3..ip_gte_489_34     7     0.031     10.181     10.212 
  clipping[3..ip_gte_489_34     7     0.031      9.912      9.943 
  clipping[4..ip_gte_489_34     7     0.031      8.967      8.998 
  clipping[2..ip_gte_489_34     7     0.031     10.497     10.527 
  clipping[4..ip_gte_489_34     7     0.031      9.998     10.029 
  clipping[4..ip_gte_489_34     7     0.031      9.653      9.684 
  clipping[3..ip_gte_489_34     7     0.031      8.839      8.869 
  clipping[3..ip_gte_489_34     7     0.031      8.242      8.272 
  clipping[2..ip_gte_489_34     7     0.031     10.436     10.467 
  clipping[2..ip_gte_489_34     7     0.031      9.521      9.551 
  clipping[2..ip_gte_489_34     7     0.030     10.849     10.879 
  clipping[4..ip_gte_489_34     7     0.030      9.044      9.074 
  clipping[4..ip_gte_489_34     7     0.030     10.419     10.450 
  clipping[3..ip_gte_489_34     7     0.030      9.506      9.536 
  clipping[3..ip_gte_489_34     7     0.030      8.805      8.835 
  clipping[4..ip_gte_489_34     7     0.030     10.222     10.252 
  clipping[2..ip_gte_489_34     7     0.030     10.984     11.014 
  clipping[5..ip_gte_489_34     7     0.030      8.226      8.257 
  clipping[2..ip_gte_489_34     7     0.030      9.576      9.606 
  clipping[3..ip_gte_489_34     7     0.030      9.311      9.341 
  clipping[2..ip_gte_489_34     7     0.030      9.468      9.498 
  clipping[1..ip_gte_489_34     7     0.030     10.054     10.083 
  clipping[1..ip_gte_489_34     7     0.030     10.224     10.254 
  clipping[40].U_clip           3     0.015      3.044      3.058 
  clipping[43].U_clip           3     0.014      2.837      2.852 
  clipping[25].U_clip           3     0.014      2.465      2.479 
  clipping[46].U_clip           3     0.014      2.795      2.809 
  clipping[37].U_clip           3     0.014      2.954      2.968 
  clipping[28].U_clip           3     0.014      2.504      2.519 
  clipping[13].U_clip           3     0.014      3.068      3.082 
  clipping[22].U_clip           3     0.014      2.833      2.847 
  clipping[34].U_clip           3     0.014      2.604      2.618 
  clipping[10].U_clip           3     0.014      2.471      2.485 
  clipping[7].U_clip            3     0.014      2.634      2.649 
  clipping[1].U_clip            3     0.014      2.716      2.730 
  clipping[31].U_clip           3     0.014      1.951      1.965 
  clipping[16].U_clip           3     0.014      3.046      3.060 
  clipping[49].U_clip           3     0.014      2.448      2.462 
  clipping[4].U_clip            3     0.014      2.962      2.976 
  clipping[19].U_clip           3     0.014      2.883      2.896 

