============================================================
  Generated by:           Genus(TM) Synthesis Solution 17.10-p007_1
  Generated on:           Feb 21 2020  10:53:53 pm
  Module:                 filter_regular
  Technology libraries:   CORE65LPSVT 
                          CLOCK65LPSVT 
                          physical_cells 
  Operating conditions:   _nominal_ 
  Interconnect mode:      global
  Area mode:              physical library
============================================================

                                            Leakage   Internal  
       Gate        Instances     Area     Power (uW) Power (uW)     Library    
-------------------------------------------------------------------------------
HS65_LSS_XNOR2X6        5848    24327.680     39.164    431.797    CORE65LPSVT 
HS65_LSS_XNOR3X2         400     3328.000      1.809     17.265    CORE65LPSVT 
HS65_LSS_XOR2X6         6983    29049.280     40.602    584.564    CORE65LPSVT 
HS65_LSS_XOR3X2         3373    26309.400     18.390    213.805    CORE65LPSVT 
HS65_LS_AND2ABX27        129      737.880      1.710      0.000    CORE65LPSVT 
HS65_LS_AND2X4          1678     4362.800      3.986     39.534    CORE65LPSVT 
HS65_LS_AO112X9          490     2038.400      2.285     41.027    CORE65LPSVT 
HS65_LS_AO12X9          2696     9813.440     12.947    150.165    CORE65LPSVT 
HS65_LS_AO32X4          1548     7244.640      3.309     86.391    CORE65LPSVT 
HS65_LS_AOI12X2         2257     5868.200      3.760     54.027    CORE65LPSVT 
HS65_LS_AOI12X6           10       31.200      0.033      0.727    CORE65LPSVT 
HS65_LS_AOI212X4         258     1073.280      0.942     19.523    CORE65LPSVT 
HS65_LS_AOI21X2          927     2410.200      1.181      7.961    CORE65LPSVT 
HS65_LS_AOI21X6          377     1176.240      1.452     20.233    CORE65LPSVT 
HS65_LS_AOI22X6          129      469.560      0.289      1.063    CORE65LPSVT 
HS65_LS_AOI312X4          71      369.200      0.486      3.306    CORE65LPSVT 
HS65_LS_BFX142            20      312.000      1.567     29.551    CORE65LPSVT 
HS65_LS_BFX18           1221     3809.520      9.840    155.633    CORE65LPSVT 
HS65_LS_BFX27            510     1856.400      6.454     99.554    CORE65LPSVT 
HS65_LS_BFX9               1        2.080      0.004      0.069    CORE65LPSVT 
HS65_LS_CB4I1X9          129      536.640      0.486      0.000    CORE65LPSVT 
HS65_LS_CB4I6X9          974     4051.840      4.193     81.036    CORE65LPSVT 
HS65_LS_CBI4I1X5         460     1674.400      1.680     20.350    CORE65LPSVT 
HS65_LS_CNIVX7            82      127.920      0.153      2.628    CORE65LPSVT 
HS65_LS_DFPHQX9        20382   211972.800    205.575   7032.989    CORE65LPSVT 
HS65_LS_DFPRQNX9         455     4732.000      4.478    190.436    CORE65LPSVT 
HS65_LS_DFPRQX18          21      229.320      0.277      9.675    CORE65LPSVT 
HS65_LS_DFPRQX27         256     3061.760      4.260    134.815    CORE65LPSVT 
HS65_LS_DFPRQX35         584     7288.320     11.761    355.002    CORE65LPSVT 
HS65_LS_DFPRQX9           24      249.600      0.240      9.738    CORE65LPSVT 
HS65_LS_FA1X4          93273   873035.280    581.370   9098.075    CORE65LPSVT 
HS65_LS_HA1X4          10621    55229.200     55.467    502.999    CORE65LPSVT 
HS65_LS_IVX18           3667     7627.360     19.503    223.904    CORE65LPSVT 
HS65_LS_IVX27           1012     3157.440      9.290    103.792    CORE65LPSVT 
HS65_LS_IVX35           1362     4957.680     17.099    169.710    CORE65LPSVT 
HS65_LS_IVX44             59      245.440      0.949     13.838    CORE65LPSVT 
HS65_LS_IVX9           47454    74028.240    116.336   1301.410    CORE65LPSVT 
HS65_LS_MUX21I1X6        258     1073.280      1.588     14.326    CORE65LPSVT 
HS65_LS_MUXI21X2         258      939.120      0.756      0.000    CORE65LPSVT 
HS65_LS_NAND2AX7        1354     4224.480      6.142     64.500    CORE65LPSVT 
HS65_LS_NAND2X7         6810    14164.800     17.814    184.283    CORE65LPSVT 
HS65_LS_NAND3AX6         142      516.880      0.774      8.604    CORE65LPSVT 
HS65_LS_NAND3X5          187      486.200      0.309      2.002    CORE65LPSVT 
HS65_LS_NAND4ABX3         71      258.440      0.188      3.485    CORE65LPSVT 
HS65_LS_NOR2AX3         3904    10150.400     10.092     43.747    CORE65LPSVT 
HS65_LS_NOR2X6          8615    17919.200     24.527    191.085    CORE65LPSVT 
HS65_LS_NOR3AX2           58      180.960      0.215      0.000    CORE65LPSVT 
HS65_LS_NOR3X4           129      335.400      0.524      1.799    CORE65LPSVT 
HS65_LS_OA12X9           714     2598.960      3.487     34.492    CORE65LPSVT 
HS65_LS_OA212X4          129      670.800      0.357      8.610    CORE65LPSVT 
HS65_LS_OAI112X5          58      211.120      0.262      4.753    CORE65LPSVT 
HS65_LS_OAI12X3         3238     8418.800      6.484     69.596    CORE65LPSVT 
HS65_LS_OAI211X5          71      258.440      0.204      4.467    CORE65LPSVT 
HS65_LS_OAI21X3          901     2342.600      2.069     16.482    CORE65LPSVT 
HS65_LS_OAI22X6          258      939.120      1.088     18.206    CORE65LPSVT 
HS65_LS_OAI32X5          129      536.640      0.305     10.062    CORE65LPSVT 
HS65_LS_OR2X9           2845     8876.400     14.016    137.345    CORE65LPSVT 
HS65_LS_OR4X4             71      369.200      0.319      4.606    CORE65LPSVT 
HS65_LS_PAO2X9          6577    30780.360     30.357    473.808    CORE65LPSVT 
HS65_LS_PAOI2X1         2402     8743.280      2.812     39.809    CORE65LPSVT 
HS65_LS_PAOI3X1           71      258.440      0.095      2.115    CORE65LPSVT 
HS65_LS_XOR2X9           187      972.400      1.854     26.783    CORE65LPSVT 
HS65_LS_XOR3X9           394     3687.840      2.875     31.814    CORE65LPSVT 
-------------------------------------------------------------------------------
total                 249572  1496708.200   1312.838  22603.370                


                                              Leakage  Leakage  Internal  Internal 
     Type      Instances     Area    Area % Power (uW) Power % Power (uW)  Power % 
-----------------------------------------------------------------------------------
sequential         21722  227533.800   15.2    226.593    17.3   7732.655     34.2 
inverter           53636   90144.080    6.0    163.328    12.4   1815.281      8.0 
buffer              1752    5980.000    0.4     17.865     1.4    284.806      1.3 
logic             172462 1173050.320   78.4    905.052    68.9  12770.628     56.5 
physical_cells         0       0.000    0.0      0.000     0.0      0.000      0.0 
-----------------------------------------------------------------------------------
total             249572 1496708.200  100.0   1312.838   100.0  22603.370    100.0 

