============================================================
  Generated by:           Genus(TM) Synthesis Solution 17.10-p007_1
  Generated on:           Feb 21 2020  10:54:00 pm
  Module:                 filter_regular
  Technology libraries:   CORE65LPSVT 
                          CLOCK65LPSVT 
                          physical_cells 
  Operating conditions:   _nominal_ 
  Interconnect mode:      global
  Area mode:              physical library
============================================================

                       Leakage   Dynamic    Total   
   Instance     Cells Power(uW) Power(uW) Power(uW) 
----------------------------------------------------
filter_regular 249572  1312.838 48697.115 50009.953 
  S0[95].U0      1743     8.249   271.901   280.150 
  S0[85].U0      1743     8.249   271.798   280.046 
  S0[90].U0      1743     8.249   271.792   280.041 
  S0[104].U0     1743     8.249   271.792   280.041 
  S0[128].U0     1742     8.248   271.673   279.921 
  S0[60].U0      1744     8.248   272.049   280.297 
  S0[78].U0      1745     8.247   274.276   282.522 
  S0[81].U0      1742     8.247   271.889   280.135 
  S0[102].U0     1742     8.247   271.857   280.104 
  S0[79].U0      1745     8.247   274.464   282.711 
  S0[82].U0      1745     8.247   274.478   282.725 
  S0[87].U0      1745     8.247   274.483   282.730 
  S0[98].U0      1745     8.247   274.226   282.473 
  S0[101].U0     1745     8.247   274.467   282.714 
  S0[97].U0      1744     8.246   274.238   282.484 
  S0[125].U0     1742     8.246   271.913   280.158 
  S0[83].U0      1744     8.241   273.398   281.639 
  S0[2].U0       1742     8.241   271.680   279.921 
  S0[44].U0      1744     8.239   271.971   280.210 
  S0[74].U0      1744     8.239   271.971   280.210 
  S0[86].U0      1746     8.238   272.392   280.630 
  S0[64].U0      1744     8.238   271.983   280.221 
  S0[16].U0      1743     8.238   271.824   280.062 
  S0[24].U0      1743     8.238   271.824   280.062 
  S0[29].U0      1743     8.238   271.824   280.062 
  S0[40].U0      1743     8.238   271.824   280.062 
  S0[49].U0      1743     8.238   271.824   280.062 
  S0[100].U0     1743     8.237   272.880   281.117 
  S0[5].U0       1742     8.236   271.795   280.031 
  S0[8].U0       1742     8.236   271.813   280.048 
  S0[11].U0      1742     8.236   271.814   280.049 
  S0[14].U0      1742     8.236   271.799   280.035 
  S0[19].U0      1742     8.236   271.814   280.049 
  S0[22].U0      1742     8.236   271.799   280.035 
  S0[27].U0      1742     8.236   271.800   280.035 
  S0[32].U0      1742     8.236   271.813   280.049 
  S0[35].U0      1742     8.236   271.814   280.049 
  S0[38].U0      1742     8.236   271.799   280.035 
  S0[43].U0      1742     8.236   271.799   280.035 
  S0[47].U0      1742     8.236   271.800   280.035 
  S0[52].U0      1742     8.236   271.813   280.049 
  S0[55].U0      1742     8.236   271.814   280.049 
  S0[58].U0      1742     8.236   271.807   280.043 
  S0[63].U0      1742     8.236   271.797   280.032 
  S0[67].U0      1742     8.236   271.814   280.049 
  S0[70].U0      1742     8.236   271.813   280.048 
  S0[73].U0      1742     8.236   271.799   280.034 
  S0[77].U0      1742     8.236   271.784   280.019 
  S0[80].U0      1742     8.236   271.781   280.016 
  S0[88].U0      1742     8.236   271.823   280.059 
  S0[93].U0      1742     8.236   271.813   280.049 
  S0[99].U0      1742     8.236   271.794   280.029 
  S0[107].U0     1742     8.236   271.813   280.048 
  S0[110].U0     1742     8.236   271.813   280.048 
  S0[113].U0     1742     8.236   271.813   280.048 
  S0[116].U0     1742     8.236   271.813   280.048 
  S0[119].U0     1742     8.236   271.813   280.048 
  S0[122].U0     1742     8.236   271.804   280.039 
  S0[84].U0      1741     8.223   272.375   280.598 
  S0[89].U0      1741     8.223   272.373   280.596 
  S0[103].U0     1741     8.223   272.367   280.590 
  S0[96].U0      1740     8.220   273.354   281.574 
  S0[6].U0       1740     8.220   274.052   282.272 
  S0[9].U0       1740     8.220   274.052   282.272 
  S0[12].U0      1740     8.220   274.054   282.273 
  S0[17].U0      1740     8.220   274.050   282.269 
  S0[20].U0      1740     8.220   274.054   282.273 
  S0[25].U0      1740     8.220   274.051   282.271 
  S0[30].U0      1740     8.220   274.050   282.269 
  S0[33].U0      1740     8.220   274.052   282.272 
  S0[36].U0      1740     8.220   274.054   282.273 
  S0[41].U0      1740     8.220   274.050   282.270 
  S0[45].U0      1740     8.220   274.053   282.272 
  S0[50].U0      1740     8.220   274.050   282.270 
  S0[53].U0      1740     8.220   274.052   282.272 
  S0[56].U0      1740     8.220   274.054   282.274 
  S0[61].U0      1740     8.220   274.017   282.237 
  S0[65].U0      1740     8.220   274.043   282.262 
  S0[68].U0      1740     8.220   274.052   282.272 
  S0[71].U0      1740     8.220   274.052   282.272 
  S0[75].U0      1740     8.220   274.055   282.274 
  S0[91].U0      1740     8.220   274.047   282.266 
  S0[105].U0     1740     8.220   274.044   282.263 
  S0[108].U0     1740     8.220   274.052   282.272 
  S0[111].U0     1740     8.220   274.052   282.272 
  S0[114].U0     1740     8.220   274.052   282.272 
  S0[117].U0     1740     8.220   274.052   282.272 
  S0[120].U0     1740     8.220   274.052   282.272 
  S0[123].U0     1740     8.220   274.030   282.250 
  S0[126].U0     1740     8.219   274.120   282.339 
  S0[48].U0      1740     8.219   272.379   280.598 
  S0[59].U0      1740     8.218   273.712   281.930 
  S0[15].U0      1740     8.218   273.726   281.944 
  S0[23].U0      1740     8.218   273.726   281.944 
  S0[28].U0      1740     8.218   273.726   281.944 
  S0[39].U0      1740     8.218   273.726   281.944 
  S0[94].U0      1740     8.218   273.739   281.957 
  S0[1].U0       1738     8.217   271.744   279.961 
  S0[0].U0       1740     8.214   273.611   281.826 
  S0[4].U0       1738     8.214   272.132   280.346 
  S0[7].U0       1738     8.214   272.186   280.399 
  S0[10].U0      1738     8.214   272.186   280.399 
  S0[13].U0      1738     8.214   272.195   280.408 
  S0[18].U0      1738     8.214   272.189   280.402 
  S0[21].U0      1738     8.214   272.195   280.408 
  S0[26].U0      1738     8.214   272.198   280.411 
  S0[31].U0      1738     8.214   272.189   280.402 
  S0[34].U0      1738     8.214   272.186   280.399 
  S0[37].U0      1738     8.214   272.195   280.408 
  S0[42].U0      1738     8.214   272.185   280.399 
  S0[46].U0      1738     8.214   272.197   280.410 
  S0[51].U0      1738     8.214   272.189   280.402 
  S0[54].U0      1738     8.214   272.186   280.399 
  S0[57].U0      1738     8.214   272.198   280.412 
  S0[62].U0      1738     8.214   271.975   280.189 
  S0[66].U0      1738     8.214   272.187   280.401 
  S0[69].U0      1738     8.214   272.186   280.399 
  S0[72].U0      1738     8.214   272.182   280.396 
  S0[76].U0      1738     8.214   272.191   280.404 
  S0[92].U0      1738     8.214   272.207   280.420 
  S0[106].U0     1738     8.214   272.193   280.407 
  S0[109].U0     1738     8.214   272.186   280.399 
  S0[112].U0     1738     8.214   272.186   280.399 
  S0[115].U0     1738     8.214   272.186   280.399 
  S0[118].U0     1738     8.214   272.186   280.399 
  S0[121].U0     1738     8.214   272.186   280.399 
  S0[124].U0     1738     8.213   271.957   280.170 
  S0[3].U0       1740     8.211   273.775   281.986 
  S0[127].U0     1738     8.209   272.147   280.356 

