============================================================
  Generated by:           Genus(TM) Synthesis Solution 17.10-p007_1
  Generated on:           Nov 23 2019  01:11:35 pm
  Module:                 FME_PIPE_4
  Technology libraries:   CORE65LPSVT 
                          CLOCK65LPSVT 
                          physical_cells 
  Operating conditions:   _nominal_ 
  Interconnect mode:      global
  Area mode:              physical library
============================================================

                                            Leakage    Internal  
       Gate         Instances     Area    Power (uW)  Power (uW)     Library    
--------------------------------------------------------------------------------
HS65_LSS_XNOR2X12          58     392.080      0.836      88.275    CORE65LPSVT 
HS65_LSS_XNOR2X18          66     686.400      1.577      54.280    CORE65LPSVT 
HS65_LSS_XNOR2X6         1189    4946.240      8.216     928.956    CORE65LPSVT 
HS65_LSS_XOR2X6           566    2354.560      3.166     456.305    CORE65LPSVT 
HS65_LS_AND2ABX18           5      20.800      0.044       1.284    CORE65LPSVT 
HS65_LS_AND2ABX27          24     137.280      0.331      37.294    CORE65LPSVT 
HS65_LS_AND2ABX35          17     106.080      0.326      38.301    CORE65LPSVT 
HS65_LS_AND2ABX9            1       3.640      0.005       0.154    CORE65LPSVT 
HS65_LS_AND2X18           276    1004.640      2.828     411.422    CORE65LPSVT 
HS65_LS_AND2X27           156     892.320      2.604     247.843    CORE65LPSVT 
HS65_LS_AND2X35            68     424.320      1.136     148.838    CORE65LPSVT 
HS65_LS_AND2X4           3624    9422.400      9.401    2312.497    CORE65LPSVT 
HS65_LS_AND2X9            280     873.600      1.158     204.187    CORE65LPSVT 
HS65_LS_AND3X18             3      14.040      0.042       4.373    CORE65LPSVT 
HS65_LS_AND3X27             2      13.520      0.043       3.859    CORE65LPSVT 
HS65_LS_AND3X35            28     218.400      0.852      74.801    CORE65LPSVT 
HS65_LS_AND3X9             38     138.320      0.124      11.374    CORE65LPSVT 
HS65_LS_AO112X18           34     159.120      0.360      33.310    CORE65LPSVT 
HS65_LS_AO12X18           156     648.960      1.594     161.942    CORE65LPSVT 
HS65_LS_AO12X27            13      87.880      0.215      23.555    CORE65LPSVT 
HS65_LS_AO12X9             37     134.680      0.195      15.116    CORE65LPSVT 
HS65_LS_AO212X4            36     168.480      0.162      16.347    CORE65LPSVT 
HS65_LS_AO311X9            33     154.440      0.157      27.913    CORE65LPSVT 
HS65_LS_AO312X9            34     194.480      0.152      19.647    CORE65LPSVT 
HS65_LS_AOI12X12          145     754.000      1.110     193.528    CORE65LPSVT 
HS65_LS_AOI12X17          239    1615.640      3.298     361.420    CORE65LPSVT 
HS65_LS_AOI12X2            55     143.000      0.079      13.751    CORE65LPSVT 
HS65_LS_AOI12X23           73     645.320      1.439     117.405    CORE65LPSVT 
HS65_LS_AOI12X35           92    1196.000      3.064     248.541    CORE65LPSVT 
HS65_LS_AOI12X6           302     942.240      1.213     157.264    CORE65LPSVT 
HS65_LS_AOI12X9             2      10.400      0.011       1.394    CORE65LPSVT 
HS65_LS_AOI13X5            36     131.040      0.221      15.237    CORE65LPSVT 
HS65_LS_AOI21X12           79     410.800      0.740      63.254    CORE65LPSVT 
HS65_LS_AOI21X17           90     608.400      1.198     102.136    CORE65LPSVT 
HS65_LS_AOI21X23           34     300.560      0.564      40.578    CORE65LPSVT 
HS65_LS_AOI21X35           16     208.000      0.419      32.772    CORE65LPSVT 
HS65_LS_AOI21X46           38     652.080      1.315      93.441    CORE65LPSVT 
HS65_LS_AOI21X9            35     182.000      0.190      18.964    CORE65LPSVT 
HS65_LS_AOI311X4            1       4.160      0.004       0.000    CORE65LPSVT 
HS65_LS_AOI312X13           1      13.000      0.011       1.461    CORE65LPSVT 
HS65_LS_AOI312X4          211    1097.200      1.103     157.485    CORE65LPSVT 
HS65_LS_AOI312X8           27     238.680      0.223      26.949    CORE65LPSVT 
HS65_LS_AOI31X5            45     163.800      0.211      28.477    CORE65LPSVT 
HS65_LS_BFX106            174    2081.040      9.926    1165.107    CORE65LPSVT 
HS65_LS_BFX142             17     265.200      1.308     154.277    CORE65LPSVT 
HS65_LS_BFX18              80     249.600      0.646      90.033    CORE65LPSVT 
HS65_LS_BFX213             10     223.600      1.171     128.183    CORE65LPSVT 
HS65_LS_BFX27              42     152.880      0.531      58.773    CORE65LPSVT 
HS65_LS_BFX284              3      90.480      0.485      52.434    CORE65LPSVT 
HS65_LS_BFX44              43     245.960      0.965     118.490    CORE65LPSVT 
HS65_LS_BFX53              31     193.440      0.840     130.584    CORE65LPSVT 
HS65_LS_BFX62              18     140.400      0.585      67.981    CORE65LPSVT 
HS65_LS_BFX71              23     191.360      0.851      97.773    CORE65LPSVT 
HS65_LS_BFX9              117     243.360      0.425     111.184    CORE65LPSVT 
HS65_LS_CB4I6X9             1       4.160      0.004       0.832    CORE65LPSVT 
HS65_LS_CBI4I6X5            1       3.640      0.003       0.528    CORE65LPSVT 
HS65_LS_CNIVX124            1      14.040      0.057       2.947    CORE65LPSVT 
HS65_LS_CNIVX14            69     179.400      0.267      29.995    CORE65LPSVT 
HS65_LS_CNIVX17             4      12.480      0.025       1.103    CORE65LPSVT 
HS65_LS_CNIVX21           248     773.760      1.704     107.436    CORE65LPSVT 
HS65_LS_CNIVX27           100     364.000      0.965      54.323    CORE65LPSVT 
HS65_LS_CNIVX34            12      56.160      0.143       8.930    CORE65LPSVT 
HS65_LS_CNIVX41             9      46.800      0.145       8.309    CORE65LPSVT 
HS65_LS_CNIVX55             1       6.760      0.024       1.313    CORE65LPSVT 
HS65_LS_CNIVX62             9      65.520      0.254       8.314    CORE65LPSVT 
HS65_LS_CNIVX7            625     975.000      1.080     153.701    CORE65LPSVT 
HS65_LS_CNIVX82             3      29.640      0.098       3.788    CORE65LPSVT 
HS65_LS_DFPHQX9           360    3744.000      3.542    3544.844    CORE65LPSVT 
HS65_LS_DFPQX4             33     257.400      0.272     281.764    CORE65LPSVT 
HS65_LS_DFPQX9           4257   33204.600     39.765   39300.153    CORE65LPSVT 
HS65_LS_DFPRQNX9         2916   30326.400     28.559   28197.488    CORE65LPSVT 
HS65_LS_DFPRQX18            2      21.840      0.027      19.306    CORE65LPSVT 
HS65_LS_DFPRQX4          1548   16099.200     13.570   14299.671    CORE65LPSVT 
HS65_LS_DFPRQX9          7762   80724.800     76.828   72955.372    CORE65LPSVT 
HS65_LS_FA1X18            494    6935.760     11.553    2434.880    CORE65LPSVT 
HS65_LS_FA1X27            375    7995.000     13.563    2710.692    CORE65LPSVT 
HS65_LS_FA1X4              34     318.240      0.213      30.745    CORE65LPSVT 
HS65_LS_FA1X9              23     251.160      0.245      49.891    CORE65LPSVT 
HS65_LS_HA1X18            337    2453.360      6.992     859.668    CORE65LPSVT 
HS65_LS_HA1X35              9     121.680      0.385      23.653    CORE65LPSVT 
HS65_LS_HA1X4             197    1024.400      1.014     150.861    CORE65LPSVT 
HS65_LS_HA1X9             274    1709.760      2.622     468.125    CORE65LPSVT 
HS65_LS_IVX106             33     291.720      1.398      62.612    CORE65LPSVT 
HS65_LS_IVX13               2       4.160      0.008       0.570    CORE65LPSVT 
HS65_LS_IVX142             26     310.960      1.528     100.843    CORE65LPSVT 
HS65_LS_IVX18            3797    7897.760     20.495    1361.607    CORE65LPSVT 
HS65_LS_IVX2                1       1.560      0.001       0.019    CORE65LPSVT 
HS65_LS_IVX213              9     154.440      0.815      50.808    CORE65LPSVT 
HS65_LS_IVX27             746    2327.520      6.931     408.956    CORE65LPSVT 
HS65_LS_IVX284              4      89.440      0.493      13.423    CORE65LPSVT 
HS65_LS_IVX31              37     134.680      0.409      24.933    CORE65LPSVT 
HS65_LS_IVX35             307    1117.480      3.816     213.453    CORE65LPSVT 
HS65_LS_IVX40              58     241.280      0.835      48.324    CORE65LPSVT 
HS65_LS_IVX44             136     565.760      2.219     109.309    CORE65LPSVT 
HS65_LS_IVX49              10      52.000      0.185      10.902    CORE65LPSVT 
HS65_LS_IVX53             113     587.600      2.266     129.823    CORE65LPSVT 
HS65_LS_IVX62              18     102.960      0.424      18.190    CORE65LPSVT 
HS65_LS_IVX7              110     171.600      0.217      14.889    CORE65LPSVT 
HS65_LS_IVX71              55     343.200      1.501      54.509    CORE65LPSVT 
HS65_LS_IVX9             4473    6977.880     11.751    1152.861    CORE65LPSVT 
HS65_LS_MUX21I1X12        100     676.000      1.357     166.617    CORE65LPSVT 
HS65_LS_MUX21I1X18         92     956.800      1.994     252.861    CORE65LPSVT 
HS65_LS_MUX21I1X24         42     524.160      1.228     107.568    CORE65LPSVT 
HS65_LS_MUX21I1X6        3027   12592.320     19.732    3189.547    CORE65LPSVT 
HS65_LS_MUX21X4          3348   13927.680     15.514    4450.353    CORE65LPSVT 
HS65_LS_MUXI21X2         5256   19131.840     13.537    2781.416    CORE65LPSVT 
HS65_LS_MUXI21X5           44     205.920      0.247      59.729    CORE65LPSVT 
HS65_LS_NAND2AX14         242    1006.720      1.638     192.671    CORE65LPSVT 
HS65_LS_NAND2AX21         451    2579.720      5.563     498.977    CORE65LPSVT 
HS65_LS_NAND2AX29         264    1784.640      4.919     418.856    CORE65LPSVT 
HS65_LS_NAND2AX7         1204    3756.480      5.538     689.594    CORE65LPSVT 
HS65_LS_NAND2X11           93     338.520      0.407      42.307    CORE65LPSVT 
HS65_LS_NAND2X14         1364    4964.960      8.716     892.462    CORE65LPSVT 
HS65_LS_NAND2X2             1       2.080      0.001       0.026    CORE65LPSVT 
HS65_LS_NAND2X21         1055    5486.000     10.935     972.633    CORE65LPSVT 
HS65_LS_NAND2X29          718    4480.320     11.719     855.734    CORE65LPSVT 
HS65_LS_NAND2X4             1       2.080      0.001       0.021    CORE65LPSVT 
HS65_LS_NAND2X43          132    1166.880      4.013     330.264    CORE65LPSVT 
HS65_LS_NAND2X57          273    3265.080      9.566     724.314    CORE65LPSVT 
HS65_LS_NAND2X7          5611   11670.880     14.404    2321.131    CORE65LPSVT 
HS65_LS_NAND3AX13         131     749.320      2.090     149.264    CORE65LPSVT 
HS65_LS_NAND3AX19          79     616.200      0.543      99.204    CORE65LPSVT 
HS65_LS_NAND3AX6           72     262.080      0.137      21.787    CORE65LPSVT 
HS65_LS_NAND3X13          353    1835.600      1.679     210.275    CORE65LPSVT 
HS65_LS_NAND3X19           64     432.640      0.148      27.648    CORE65LPSVT 
HS65_LS_NAND3X25            3      26.520      0.009       1.297    CORE65LPSVT 
HS65_LS_NAND3X38           88    1144.000      3.250     251.387    CORE65LPSVT 
HS65_LS_NAND3X5             2       5.200      0.000       0.000    CORE65LPSVT 
HS65_LS_NAND3X9             9      46.800      0.011       3.318    CORE65LPSVT 
HS65_LS_NAND4ABX3          36     131.040      0.025       0.455    CORE65LPSVT 
HS65_LS_NAND4ABX6           1       4.160      0.002       0.000    CORE65LPSVT 
HS65_LS_NAND4X18            6      40.560      0.059       0.612    CORE65LPSVT 
HS65_LS_NAND4X27           22     183.040      0.316       1.645    CORE65LPSVT 
HS65_LS_NAND4X9             3      17.160      0.012       0.169    CORE65LPSVT 
HS65_LS_NOR2AX13          177     736.320      1.670     136.722    CORE65LPSVT 
HS65_LS_NOR2AX19           96     549.120      0.949      90.196    CORE65LPSVT 
HS65_LS_NOR2AX25           35     236.600      0.816      61.948    CORE65LPSVT 
HS65_LS_NOR2AX3          1736    4513.600      4.347     628.088    CORE65LPSVT 
HS65_LS_NOR2AX6           221     689.520      0.942      89.564    CORE65LPSVT 
HS65_LS_NOR2X13          1310    4768.400      9.343     861.360    CORE65LPSVT 
HS65_LS_NOR2X19           738    3837.600      6.784     679.263    CORE65LPSVT 
HS65_LS_NOR2X25           222    1385.280      2.619     298.332    CORE65LPSVT 
HS65_LS_NOR2X38           141    1246.440      3.506     302.891    CORE65LPSVT 
HS65_LS_NOR2X50             1      11.960      0.038       2.558    CORE65LPSVT 
HS65_LS_NOR2X6           3680    7654.400     12.585    1867.987    CORE65LPSVT 
HS65_LS_NOR2X9             87     316.680      0.360      39.209    CORE65LPSVT 
HS65_LS_NOR3X9             22     102.960      0.100       6.429    CORE65LPSVT 
HS65_LS_NOR4ABX2           33     120.120      0.021       1.479    CORE65LPSVT 
HS65_LS_NOR4X27             4      33.280      0.060       0.296    CORE65LPSVT 
HS65_LS_OA112X18           11      51.480      0.130      19.616    CORE65LPSVT 
HS65_LS_OA12X18           282    1173.120      3.178     426.888    CORE65LPSVT 
HS65_LS_OA12X27            79     575.120      1.240     187.471    CORE65LPSVT 
HS65_LS_OA12X35           170    1326.000      4.168     471.710    CORE65LPSVT 
HS65_LS_OA12X9            122     444.080      0.619     105.132    CORE65LPSVT 
HS65_LS_OA212X18           11      68.640      0.135      21.070    CORE65LPSVT 
HS65_LS_OA212X4            22     114.400      0.069      16.188    CORE65LPSVT 
HS65_LS_OA31X18            11      57.200      0.123      19.156    CORE65LPSVT 
HS65_LS_OA31X9              1       4.160      0.003       0.000    CORE65LPSVT 
HS65_LS_OAI12X12          558    2901.600      5.013     721.437    CORE65LPSVT 
HS65_LS_OAI12X18          194    1311.440      2.812     284.709    CORE65LPSVT 
HS65_LS_OAI12X24          295    2607.800      6.186     594.112    CORE65LPSVT 
HS65_LS_OAI12X3           298     774.800      0.468     117.889    CORE65LPSVT 
HS65_LS_OAI12X37           16     208.000      0.564      37.141    CORE65LPSVT 
HS65_LS_OAI12X49            5      85.800      0.240      15.805    CORE65LPSVT 
HS65_LS_OAI12X6          6006   18738.720     21.994    4529.373    CORE65LPSVT 
HS65_LS_OAI12X9             1       5.200      0.008       0.620    CORE65LPSVT 
HS65_LS_OAI211X16          33     291.720      0.697      46.051    CORE65LPSVT 
HS65_LS_OAI212X10          21     174.720      0.223      29.322    CORE65LPSVT 
HS65_LS_OAI212X15          78     851.760      0.698     143.336    CORE65LPSVT 
HS65_LS_OAI212X5         6327   26320.320     13.296    5437.732    CORE65LPSVT 
HS65_LS_OAI21X12           51     265.200      0.464      43.368    CORE65LPSVT 
HS65_LS_OAI21X18           73     493.480      0.823      81.349    CORE65LPSVT 
HS65_LS_OAI21X24          122    1078.480      2.373     193.920    CORE65LPSVT 
HS65_LS_OAI21X3          8549   22227.400     19.200    3509.308    CORE65LPSVT 
HS65_LS_OAI21X37           20     260.000      0.665      38.050    CORE65LPSVT 
HS65_LS_OAI21X49           45     772.200      2.028     121.103    CORE65LPSVT 
HS65_LS_OAI21X6           207     645.840      1.054     152.754    CORE65LPSVT 
HS65_LS_OAI21X9            20     104.000      0.142       8.551    CORE65LPSVT 
HS65_LS_OAI22X17            2      17.680      0.024       3.121    CORE65LPSVT 
HS65_LS_OAI22X6          2313    8419.320     10.123    1866.500    CORE65LPSVT 
HS65_LS_OAI22X8            21     131.040      0.118      30.567    CORE65LPSVT 
HS65_LS_OAI31X10           34     212.160      0.373      38.893    CORE65LPSVT 
HS65_LS_OAI32X9            34     265.200      0.372      33.394    CORE65LPSVT 
HS65_LS_OR2ABX27            1       5.720      0.012       1.605    CORE65LPSVT 
HS65_LS_OR2X18            266     968.240      2.271     206.556    CORE65LPSVT 
HS65_LS_OR2X27             66     377.520      0.927     101.050    CORE65LPSVT 
HS65_LS_OR2X35            277    1728.480      5.517     492.988    CORE65LPSVT 
HS65_LS_OR2X9             489    1525.680      2.344     299.481    CORE65LPSVT 
HS65_LS_OR3ABCX35           1       6.240      0.020       2.978    CORE65LPSVT 
HS65_LS_OR4X4               1       5.200      0.007       0.318    CORE65LPSVT 
HS65_LS_PAO2X9             33     154.440      0.125      19.091    CORE65LPSVT 
HS65_LS_PAOI2X1             1       3.640      0.001       0.266    CORE65LPSVT 
HS65_LS_PAOI2X11           66     514.800      0.677     111.012    CORE65LPSVT 
HS65_LS_PAOI2X6           131     544.960      0.413      78.003    CORE65LPSVT 
HS65_LS_SDFPRQNX4         756    9434.880      7.626    7346.155    CORE65LPSVT 
HS65_LS_SDFPRQX4           36     449.280      0.342     453.069    CORE65LPSVT 
HS65_LS_SDFPRQX9          324    4043.520      3.435    4148.104    CORE65LPSVT 
HS65_LS_XNOR2X18          100     676.000      2.185     269.059    CORE65LPSVT 
HS65_LS_XNOR2X9            80     416.000      0.787     132.882    CORE65LPSVT 
HS65_LS_XOR2X18           443    2994.680      9.736    1037.236    CORE65LPSVT 
HS65_LS_XOR2X27           168    1747.200      5.364     657.358    CORE65LPSVT 
HS65_LS_XOR2X35           526    6017.440     23.054    2529.547    CORE65LPSVT 
HS65_LS_XOR2X9            168     873.600      1.666     280.342    CORE65LPSVT 
--------------------------------------------------------------------------------
total                  101117  491362.560    678.468  240948.612                


                                             Leakage  Leakage  Internal  Internal 
     Type      Instances    Area    Area % Power (uW) Power % Power (uW)  Power % 
----------------------------------------------------------------------------------
sequential         17994 178305.920   36.3    173.964    25.6 170545.925     70.8 
inverter           11016  23895.560    4.9     60.054     8.9   4156.188      1.7 
buffer               558   4077.320    0.8     17.733     2.6   2174.819      0.9 
logic              71549 285083.760   58.0    426.716    62.9  64071.679     26.6 
physical_cells         0      0.000    0.0      0.000     0.0      0.000      0.0 
----------------------------------------------------------------------------------
total             101117 491362.560  100.0    678.468   100.0 240948.612    100.0 

