============================================================
  Generated by:           Genus(TM) Synthesis Solution 17.10-p007_1
  Generated on:           Nov 27 2019  03:04:58 am
  Module:                 FME_PIPE_8
  Technology libraries:   CORE65LPSVT 
                          CLOCK65LPSVT 
                          physical_cells 
  Operating conditions:   _nominal_ 
  Interconnect mode:      global
  Area mode:              physical library
============================================================

                                             Leakage    Internal  
       Gate         Instances     Area     Power (uW)  Power (uW)     Library     
----------------------------------------------------------------------------------
HS65_LSS_XNOR2X12          81      547.560      1.140     111.607    CORE65LPSVT  
HS65_LSS_XNOR2X18          54      561.600      1.193     167.106    CORE65LPSVT  
HS65_LSS_XNOR2X24           1       12.480      0.031       4.295    CORE65LPSVT  
HS65_LSS_XNOR2X3           34      141.440      0.124      19.857    CORE65LPSVT  
HS65_LSS_XNOR2X6         2769    11519.040     19.003    2150.040    CORE65LPSVT  
HS65_LSS_XOR2X12            8       49.920      0.105      13.347    CORE65LPSVT  
HS65_LSS_XOR2X17           11      108.680      0.230      49.976    CORE65LPSVT  
HS65_LSS_XOR2X3             7       29.120      0.024       6.358    CORE65LPSVT  
HS65_LSS_XOR2X6          3187    13257.920     18.700    3536.808    CORE65LPSVT  
HS65_LSS_XOR3X2             1        7.800      0.005       0.846    CORE65LPSVT  
HS65_LSS_XOR3X4           130     1352.000      1.315     135.436    CORE65LPSVT  
HS65_LS_AND2ABX18           7       29.120      0.055       0.219    CORE65LPSVT  
HS65_LS_AND2ABX27           2       11.440      0.025       0.678    CORE65LPSVT  
HS65_LS_AND2ABX35           4       24.960      0.064       0.000    CORE65LPSVT  
HS65_LS_AND2ABX9           10       36.400      0.042       2.883    CORE65LPSVT  
HS65_LS_AND2X18           765     2784.600      6.906     804.450    CORE65LPSVT  
HS65_LS_AND2X27           187     1069.640      2.678     272.980    CORE65LPSVT  
HS65_LS_AND2X35            71      443.040      1.470     163.498    CORE65LPSVT  
HS65_LS_AND2X4           1328     3452.800      2.702     614.784    CORE65LPSVT  
HS65_LS_AND2X9            466     1453.920      2.017     337.677    CORE65LPSVT  
HS65_LS_AO112X18            1        4.680      0.010       1.133    CORE65LPSVT  
HS65_LS_AO112X9             2        8.320      0.009       1.533    CORE65LPSVT  
HS65_LS_AO12X18            83      345.280      0.881     143.814    CORE65LPSVT  
HS65_LS_AO12X27             2       13.520      0.035       4.818    CORE65LPSVT  
HS65_LS_AO12X35             1        7.800      0.022       4.759    CORE65LPSVT  
HS65_LS_AO12X9            347     1263.080      1.580     274.623    CORE65LPSVT  
HS65_LS_AO212X4           278     1301.040      0.992     315.188    CORE65LPSVT  
HS65_LS_AO222X18           49      331.240      0.524     111.081    CORE65LPSVT  
HS65_LS_AO222X4         36005   205948.600    103.735   35471.248    CORE65LPSVT  
HS65_LS_AO222X9           145      904.800      0.711     202.757    CORE65LPSVT  
HS65_LS_AO22X18             1        5.720      0.011       0.980    CORE65LPSVT  
HS65_LS_AO22X9            127      528.320      0.596     128.759    CORE65LPSVT  
HS65_LS_AOI112X13           1        8.840      0.008       2.045    CORE65LPSVT  
HS65_LS_AOI12X12          486     2527.200      4.313     633.166    CORE65LPSVT  
HS65_LS_AOI12X17          326     2203.760      4.300     606.945    CORE65LPSVT  
HS65_LS_AOI12X2           184      478.400      0.205      34.713    CORE65LPSVT  
HS65_LS_AOI12X23          213     1882.920      3.959     534.793    CORE65LPSVT  
HS65_LS_AOI12X35           87     1131.000      2.444     288.363    CORE65LPSVT  
HS65_LS_AOI12X46           24      411.840      0.886      81.368    CORE65LPSVT  
HS65_LS_AOI12X6            44      137.280      0.157      21.676    CORE65LPSVT  
HS65_LS_AOI13X10           78      486.720      0.823     102.117    CORE65LPSVT  
HS65_LS_AOI13X15           40      353.600      0.788      70.218    CORE65LPSVT  
HS65_LS_AOI13X20            3       35.880      0.092       6.179    CORE65LPSVT  
HS65_LS_AOI13X5            38      138.320      0.113      26.472    CORE65LPSVT  
HS65_LS_AOI21X12           56      291.200      0.517      88.030    CORE65LPSVT  
HS65_LS_AOI21X17            2       13.520      0.024       1.964    CORE65LPSVT  
HS65_LS_AOI21X2             2        5.200      0.002       0.381    CORE65LPSVT  
HS65_LS_AOI21X23           15      132.600      0.268      27.211    CORE65LPSVT  
HS65_LS_AOI21X35           75      975.000      2.037     171.824    CORE65LPSVT  
HS65_LS_AOI21X6            13       40.560      0.026       5.102    CORE65LPSVT  
HS65_LS_AOI22X4            12       43.680      0.033      10.054    CORE65LPSVT  
HS65_LS_AOI22X6          1273     4633.720      4.398    1224.736    CORE65LPSVT  
HS65_LS_AOI31X10            7       43.680      0.049       5.390    CORE65LPSVT  
HS65_LS_AOI31X15            3       26.520      0.058       4.251    CORE65LPSVT  
HS65_LS_AOI31X20            1       11.960      0.026       1.802    CORE65LPSVT  
HS65_LS_AOI31X31            1       17.160      0.039       3.499    CORE65LPSVT  
HS65_LS_AOI31X5            29      105.560      0.090       9.159    CORE65LPSVT  
HS65_LS_AOI32X5            44      183.040      0.106      29.266    CORE65LPSVT  
HS65_LS_BFX106             29      346.840      1.658     156.147    CORE65LPSVT  
HS65_LS_BFX142            145     2262.000     11.263    1007.492    CORE65LPSVT  
HS65_LS_BFX18              38      118.560      0.307      48.431    CORE65LPSVT  
HS65_LS_BFX213             25      559.000      2.965     294.090    CORE65LPSVT  
HS65_LS_BFX27             119      433.160      1.506     156.462    CORE65LPSVT  
HS65_LS_BFX284              2       60.320      0.334      35.906    CORE65LPSVT  
HS65_LS_BFX35               1        5.200      0.017       2.228    CORE65LPSVT  
HS65_LS_BFX44              11       62.920      0.245      30.151    CORE65LPSVT  
HS65_LS_BFX53              68      424.320      1.838     153.435    CORE65LPSVT  
HS65_LS_BFX62              47      366.600      1.520     148.274    CORE65LPSVT  
HS65_LS_BFX71              88      732.160      3.274     332.056    CORE65LPSVT  
HS65_LS_BFX9              218      453.440      0.760     123.305    CORE65LPSVT  
HS65_LS_CB4I6X18           74      384.800      0.693     108.278    CORE65LPSVT  
HS65_LS_CB4I6X9           117      486.720      0.569     121.106    CORE65LPSVT  
HS65_LS_CBI4I1X11          47      293.280      0.185      59.918    CORE65LPSVT  
HS65_LS_CBI4I1X16          35      309.400      0.300      60.950    CORE65LPSVT  
HS65_LS_CBI4I1X21          12      143.520      0.143      29.374    CORE65LPSVT  
HS65_LS_CBI4I1X3            1        3.640      0.001       0.473    CORE65LPSVT  
HS65_LS_CBI4I1X5           77      280.280      0.129      42.902    CORE65LPSVT  
HS65_LS_CBI4I6X14          43      380.120      0.513      91.272    CORE65LPSVT  
HS65_LS_CBI4I6X5            1        3.640      0.003       0.510    CORE65LPSVT  
HS65_LS_CNBFX21             8       29.120      0.084      15.826    CORE65LPSVT  
HS65_LS_CNIVX10             2        5.200      0.005       0.564    CORE65LPSVT  
HS65_LS_CNIVX14            25       65.000      0.102       9.843    CORE65LPSVT  
HS65_LS_CNIVX17             7       21.840      0.035       4.593    CORE65LPSVT  
HS65_LS_CNIVX21           171      533.520      1.193      96.521    CORE65LPSVT  
HS65_LS_CNIVX27           436     1587.040      4.573     302.359    CORE65LPSVT  
HS65_LS_CNIVX34            14       65.520      0.159      10.901    CORE65LPSVT  
HS65_LS_CNIVX38             1        5.200      0.012       0.734    CORE65LPSVT  
HS65_LS_CNIVX41             5       26.000      0.069       4.696    CORE65LPSVT  
HS65_LS_CNIVX48             8       49.920      0.133       7.664    CORE65LPSVT  
HS65_LS_CNIVX52             1        6.760      0.018       0.961    CORE65LPSVT  
HS65_LS_CNIVX55             4       27.040      0.078       4.704    CORE65LPSVT  
HS65_LS_CNIVX58             4       29.120      0.084       5.094    CORE65LPSVT  
HS65_LS_CNIVX62             5       36.400      0.117       6.985    CORE65LPSVT  
HS65_LS_CNIVX7           1041     1623.960      1.861     256.454    CORE65LPSVT  
HS65_LS_CNIVX82             3       29.640      0.093       4.842    CORE65LPSVT  
HS65_LS_CNXOR2X38          92     1004.640      2.594     627.940    CLOCK65LPSVT 
HS65_LS_DFPHQX9           720     7488.000      7.086    5646.060    CORE65LPSVT  
HS65_LS_DFPQNX4             1        8.320      0.008       7.485    CORE65LPSVT  
HS65_LS_DFPQX18            54      449.280      0.677     455.862    CORE65LPSVT  
HS65_LS_DFPQX27            65      608.400      1.049     543.656    CORE65LPSVT  
HS65_LS_DFPQX4            299     2332.200      2.474    2232.661    CORE65LPSVT  
HS65_LS_DFPQX9           7376    57532.800     68.901   57970.816    CORE65LPSVT  
HS65_LS_DFPRQNX4           27      280.800      0.238     198.091    CORE65LPSVT  
HS65_LS_DFPRQNX9           37      384.800      0.362     281.298    CORE65LPSVT  
HS65_LS_DFPRQX18            2       21.840      0.027      15.453    CORE65LPSVT  
HS65_LS_DFPRQX4          4517    46976.800     39.544   32772.072    CORE65LPSVT  
HS65_LS_DFPRQX9         44887   466824.800    444.030  334509.810    CORE65LPSVT  
HS65_LS_FA1X18           1332    18701.280     32.318    5945.151    CORE65LPSVT  
HS65_LS_FA1X27           3826    81570.320    143.199   23260.750    CORE65LPSVT  
HS65_LS_FA1X35              1       26.520      0.049       8.726    CORE65LPSVT  
HS65_LS_FA1X4             888     8311.680      5.675    1057.426    CORE65LPSVT  
HS65_LS_FA1X9            1565    17089.800     17.156    3451.002    CORE65LPSVT  
HS65_LS_HA1X18            296     2154.880      6.080     845.969    CORE65LPSVT  
HS65_LS_HA1X27              4       47.840      0.138      26.483    CORE65LPSVT  
HS65_LS_HA1X4            1030     5356.000      5.316    1162.284    CORE65LPSVT  
HS65_LS_HA1X9             491     3063.840      4.654     764.505    CORE65LPSVT  
HS65_LS_IVX106             66      583.440      2.824     142.985    CORE65LPSVT  
HS65_LS_IVX13              15       31.200      0.061       6.126    CORE65LPSVT  
HS65_LS_IVX142             99     1184.040      5.739     339.441    CORE65LPSVT  
HS65_LS_IVX18            3899     8109.920     20.962    1590.629    CORE65LPSVT  
HS65_LS_IVX213              4       68.640      0.363      25.269    CORE65LPSVT  
HS65_LS_IVX27            1481     4620.720     13.646     981.801    CORE65LPSVT  
HS65_LS_IVX31              72      262.080      0.794      52.806    CORE65LPSVT  
HS65_LS_IVX35             983     3578.120     12.281     788.913    CORE65LPSVT  
HS65_LS_IVX40               3       12.480      0.043       2.419    CORE65LPSVT  
HS65_LS_IVX44             634     2637.440     10.188     674.992    CORE65LPSVT  
HS65_LS_IVX49               9       46.800      0.166       5.161    CORE65LPSVT  
HS65_LS_IVX53             453     2355.600      9.093     511.690    CORE65LPSVT  
HS65_LS_IVX62              83      474.760      1.963     104.227    CORE65LPSVT  
HS65_LS_IVX7               75      117.000      0.146      19.612    CORE65LPSVT  
HS65_LS_IVX71             524     3269.760     14.367     898.730    CORE65LPSVT  
HS65_LS_IVX9            14181    22122.360     36.144    3524.978    CORE65LPSVT  
HS65_LS_MUX21I1X12       1259     8510.840     15.737    2333.042    CORE65LPSVT  
HS65_LS_MUX21I1X18        372     3868.800      7.757    1021.715    CORE65LPSVT  
HS65_LS_MUX21I1X24         79      985.920      2.295     230.947    CORE65LPSVT  
HS65_LS_MUX21I1X6         822     3419.520      5.157     807.111    CORE65LPSVT  
HS65_LS_MUX21X18           84      524.160      1.502     170.820    CORE65LPSVT  
HS65_LS_MUX21X4           285     1185.600      1.317     217.598    CORE65LPSVT  
HS65_LS_MUX21X9            38      177.840      0.305      43.075    CORE65LPSVT  
HS65_LS_MUXI21X10          32      266.240      0.389      59.911    CORE65LPSVT  
HS65_LS_MUXI21X15          32      332.800      0.605      61.708    CORE65LPSVT  
HS65_LS_MUXI21X5            4       18.720      0.024       2.608    CORE65LPSVT  
HS65_LS_NAND2AX14         939     3906.240      9.552    1061.696    CORE65LPSVT  
HS65_LS_NAND2AX21         454     2596.880      5.714     649.517    CORE65LPSVT  
HS65_LS_NAND2AX29         217     1466.920      3.420     453.074    CORE65LPSVT  
HS65_LS_NAND2AX4            1        3.120      0.002       0.058    CORE65LPSVT  
HS65_LS_NAND2AX7         3450    10764.000     15.295    2232.488    CORE65LPSVT  
HS65_LS_NAND2X11           77      280.280      0.247      39.768    CORE65LPSVT  
HS65_LS_NAND2X14         2686     9777.040     17.165    1666.266    CORE65LPSVT  
HS65_LS_NAND2X2             2        4.160      0.002       0.039    CORE65LPSVT  
HS65_LS_NAND2X21          882     4586.400     11.156     802.522    CORE65LPSVT  
HS65_LS_NAND2X29          985     6146.400     21.015    1404.819    CORE65LPSVT  
HS65_LS_NAND2X4           776     1614.080      1.040     215.631    CORE65LPSVT  
HS65_LS_NAND2X43          297     2625.480      9.323     587.787    CORE65LPSVT  
HS65_LS_NAND2X5           851     1770.080      1.686     305.046    CORE65LPSVT  
HS65_LS_NAND2X57           55      657.800      2.245     119.342    CORE65LPSVT  
HS65_LS_NAND2X7         21202    44100.160     43.619    8274.681    CORE65LPSVT  
HS65_LS_NAND3AX13           1        5.720      0.012       1.590    CORE65LPSVT  
HS65_LS_NAND3AX6            1        3.640      0.002       0.032    CORE65LPSVT  
HS65_LS_NAND3X13            2       10.400      0.019       2.117    CORE65LPSVT  
HS65_LS_NAND3X5           140      364.000      0.814      45.212    CORE65LPSVT  
HS65_LS_NOR2AX13          258     1073.280      2.121     219.900    CORE65LPSVT  
HS65_LS_NOR2AX19           50      286.000      0.541      64.013    CORE65LPSVT  
HS65_LS_NOR2AX25           58      392.080      0.917      63.542    CORE65LPSVT  
HS65_LS_NOR2AX3          1888     4908.800      4.633     815.093    CORE65LPSVT  
HS65_LS_NOR2AX6           245      764.400      1.005     159.188    CORE65LPSVT  
HS65_LS_NOR2X13           848     3086.720      5.979     575.869    CORE65LPSVT  
HS65_LS_NOR2X19           269     1398.800      2.388     259.468    CORE65LPSVT  
HS65_LS_NOR2X25           154      960.960      1.476     197.880    CORE65LPSVT  
HS65_LS_NOR2X3              3        6.240      0.005       0.505    CORE65LPSVT  
HS65_LS_NOR2X38            14      123.760      0.208      21.577    CORE65LPSVT  
HS65_LS_NOR2X6           3968     8253.440     12.118    1472.914    CORE65LPSVT  
HS65_LS_NOR2X9             13       47.320      0.073       8.243    CORE65LPSVT  
HS65_LS_OA112X18          101      472.680      1.134     126.375    CORE65LPSVT  
HS65_LS_OA112X9             6       24.960      0.036       3.885    CORE65LPSVT  
HS65_LS_OA12X18           165      686.400      1.942     240.750    CORE65LPSVT  
HS65_LS_OA12X27           107      778.960      1.972     319.063    CORE65LPSVT  
HS65_LS_OA12X35            51      397.800      1.191     177.915    CORE65LPSVT  
HS65_LS_OA12X9            195      709.800      0.959     154.552    CORE65LPSVT  
HS65_LS_OA311X9             1        4.680      0.003       0.034    CORE65LPSVT  
HS65_LS_OAI112X11         152      948.480      1.822     163.746    CORE65LPSVT  
HS65_LS_OAI112X16          18      159.120      0.090      48.958    CORE65LPSVT  
HS65_LS_OAI112X22           4       49.920      0.023      14.872    CORE65LPSVT  
HS65_LS_OAI112X33          20      353.600      0.196     108.410    CORE65LPSVT  
HS65_LS_OAI112X5         8094    29462.160     49.298    7470.560    CORE65LPSVT  
HS65_LS_OAI12X12         1032     5366.400      9.685    1321.503    CORE65LPSVT  
HS65_LS_OAI12X18         1319     8916.440     21.669    2070.366    CORE65LPSVT  
HS65_LS_OAI12X24          853     7540.520     18.662    1769.532    CORE65LPSVT  
HS65_LS_OAI12X3           374      972.400      0.715     150.099    CORE65LPSVT  
HS65_LS_OAI12X37          114     1482.000      3.420     327.052    CORE65LPSVT  
HS65_LS_OAI12X49            6      102.960      0.232      17.782    CORE65LPSVT  
HS65_LS_OAI12X6           336     1048.320      1.192     171.564    CORE65LPSVT  
HS65_LS_OAI13X10            2       12.480      0.025       3.036    CORE65LPSVT  
HS65_LS_OAI13X15            1        8.840      0.017       1.788    CORE65LPSVT  
HS65_LS_OAI13X5             1        3.640      0.000       0.000    CORE65LPSVT  
HS65_LS_OAI211X5           12       43.680      0.069       6.912    CORE65LPSVT  
HS65_LS_OAI212X10           1        8.320      0.010       2.604    CORE65LPSVT  
HS65_LS_OAI212X5          149      619.840      0.873     164.830    CORE65LPSVT  
HS65_LS_OAI21X12           71      369.200      0.690      79.726    CORE65LPSVT  
HS65_LS_OAI21X18           93      628.680      1.393     150.679    CORE65LPSVT  
HS65_LS_OAI21X24           22      194.480      0.428      34.788    CORE65LPSVT  
HS65_LS_OAI21X3           941     2446.600      1.729     250.240    CORE65LPSVT  
HS65_LS_OAI21X37           16      208.000      0.430      32.656    CORE65LPSVT  
HS65_LS_OAI21X49            6      102.960      0.224      13.560    CORE65LPSVT  
HS65_LS_OAI21X6            10       31.200      0.029       6.842    CORE65LPSVT  
HS65_LS_OAI22X11            9       56.160      0.075       8.798    CORE65LPSVT  
HS65_LS_OAI22X17            6       53.040      0.080       8.562    CORE65LPSVT  
HS65_LS_OAI22X6            87      316.680      0.409      56.740    CORE65LPSVT  
HS65_LS_OR2ABX18           20       83.200      0.213      32.225    CORE65LPSVT  
HS65_LS_OR2ABX27            2       11.440      0.025       2.277    CORE65LPSVT  
HS65_LS_OR2ABX35           33      188.760      0.724      89.075    CORE65LPSVT  
HS65_LS_OR2ABX9             1        3.640      0.003       0.032    CORE65LPSVT  
HS65_LS_OR2X18            573     2085.720      5.187     604.114    CORE65LPSVT  
HS65_LS_OR2X27             37      211.640      0.500      67.501    CORE65LPSVT  
HS65_LS_OR2X35             14       87.360      0.276      29.406    CORE65LPSVT  
HS65_LS_OR2X9            1528     4767.360      6.662    1067.107    CORE65LPSVT  
HS65_LS_OR3ABCX35           1        6.240      0.019       0.624    CORE65LPSVT  
HS65_LS_OR3X4               1        3.640      0.004       0.355    CORE65LPSVT  
HS65_LS_OR3X9               1        3.640      0.003       0.084    CORE65LPSVT  
HS65_LS_PAO2X18            15       85.800      0.175      30.143    CORE65LPSVT  
HS65_LS_PAO2X9            132      617.760      0.648     149.808    CORE65LPSVT  
HS65_LS_PAOI2X11          332     2589.600      3.295     642.716    CORE65LPSVT  
HS65_LS_PAOI2X17           68      742.560      1.079     217.785    CORE65LPSVT  
HS65_LS_PAOI2X22           32      482.560      0.600     115.832    CORE65LPSVT  
HS65_LS_PAOI2X4             1        4.160      0.004       0.589    CORE65LPSVT  
HS65_LS_PAOI2X6           202      840.320      0.942     125.777    CORE65LPSVT  
HS65_LS_PAOI2X8             5       39.000      0.030       4.572    CORE65LPSVT  
HS65_LS_SDFPQX4            44      434.720      0.420     368.925    CORE65LPSVT  
HS65_LS_SDFPQX9            21      207.480      0.226     181.518    CORE65LPSVT  
HS65_LS_SDFPRQX18          11      143.000      0.170      93.171    CORE65LPSVT  
HS65_LS_SDFPRQX4           40      499.200      0.373     304.205    CORE65LPSVT  
HS65_LS_SDFPRQX9          170     2121.600      1.801    1895.510    CORE65LPSVT  
HS65_LS_XNOR2X18          487     3292.120     10.716    1225.925    CORE65LPSVT  
HS65_LS_XNOR2X27           87      904.800      2.752     505.557    CORE65LPSVT  
HS65_LS_XNOR2X35            6       68.640      0.260      25.584    CORE65LPSVT  
HS65_LS_XNOR2X4             5       23.400      0.029       5.261    CORE65LPSVT  
HS65_LS_XNOR2X9           353     1835.600      3.453     553.673    CORE65LPSVT  
HS65_LS_XOR2X18          1050     7098.000     23.042    2857.383    CORE65LPSVT  
HS65_LS_XOR2X27           163     1695.200      5.202     703.540    CORE65LPSVT  
HS65_LS_XOR2X35           193     2207.920      8.459     873.180    CORE65LPSVT  
HS65_LS_XOR2X4             25      117.000      0.148      29.729    CORE65LPSVT  
HS65_LS_XOR2X9            311     1617.200      3.014     450.031    CORE65LPSVT  
----------------------------------------------------------------------------------
total                  206377  1276812.160   1549.952  589633.443                 


                                                 Leakage  Leakage  Internal  Internal 
   Library   Instances Instances %     Area    Power (uW) Power % Power (uW)  Power % 
--------------------------------------------------------------------------------------
CLOCK65LPSVT        92         0.0    1004.640      2.594     0.2    627.940      0.1 
CORE65LPSVT     206285       100.0 1275807.520   1547.357    99.8 589005.502     99.9 

                                              Leakage  Leakage  Internal  Internal 
     Type      Instances     Area    Area % Power (uW) Power % Power (uW)  Power % 
-----------------------------------------------------------------------------------
sequential         58271  586314.040   45.9    567.385    36.6 437476.591     74.2 
inverter           24308   53586.520    4.2    137.310     8.9  10386.692      1.8 
buffer               799    5853.640    0.5     25.773     1.7   2503.804      0.4 
logic             122999  631057.960   49.4    819.484    52.9 139266.356     23.6 
physical_cells         0       0.000    0.0      0.000     0.0      0.000      0.0 
-----------------------------------------------------------------------------------
total             206377 1276812.160  100.0   1549.952   100.0 589633.443    100.0 

