============================================================
  Generated by:           Genus(TM) Synthesis Solution 17.10-p007_1
  Generated on:           Mar 03 2020  07:06:45 pm
  Module:                 INTER_2
  Technology libraries:   CORE65LPSVT 
                          CLOCK65LPSVT 
                          physical_cells 
  Operating conditions:   _nominal_ 
  Interconnect mode:      global
  Area mode:              physical library
============================================================

                             Leakage   Dynamic    Total   
       Instance       Cells Power(uW) Power(uW) Power(uW) 
----------------------------------------------------------
INTER_2                3598    19.479  3548.202  3567.682 
  gen_filter[1].U_S0    177     0.829   119.442   120.271 
  gen_filter[15].U_S0   177     0.828   107.551   108.379 
  gen_filter[10].U_S0   177     0.828    96.047    96.875 
  gen_filter[2].U_S0    177     0.828   103.033   103.861 
  gen_filter[9].U_S0    177     0.827    87.550    88.378 
  gen_filter[16].U_S0   177     0.827   107.700   108.527 
  gen_filter[0].U_S0    177     0.827   115.669   116.496 
  gen_filter[4].U_S0    177     0.827   106.668   107.495 
  gen_filter[5].U_S0    177     0.827    99.438   100.265 
  gen_filter[13].U_S0   177     0.827    95.699    96.525 
  gen_filter[3].U_S0    177     0.827   103.823   104.649 
  gen_filter[14].U_S0   177     0.827    97.822    98.649 
  gen_filter[8].U_S0    177     0.826    93.906    94.732 
  gen_filter[12].U_S0   177     0.826    95.210    96.036 
  gen_filter[11].U_S0   177     0.826    99.013    99.839 
  gen_filter[7].U_S0    177     0.826   108.734   109.560 
  gen_filter[6].U_S0    177     0.826   105.705   106.531 

