============================================================
  Generated by:           Genus(TM) Synthesis Solution 17.10-p007_1
  Generated on:           Feb 20 2020  11:37:52 pm
  Module:                 filter_regular
  Technology libraries:   CORE65LPSVT 
                          CLOCK65LPSVT 
                          physical_cells 
  Operating conditions:   _nominal_ 
  Interconnect mode:      global
  Area mode:              physical library
============================================================

                                           Leakage   Internal  
       Gate        Instances     Area    Power (uW) Power (uW)     Library    
------------------------------------------------------------------------------
HS65_LSS_XNOR2X6         694    2887.040      4.656    139.786    CORE65LPSVT 
HS65_LSS_XNOR3X2          34     282.880      0.155      6.704    CORE65LPSVT 
HS65_LSS_XOR2X6          714    2970.240      4.143    212.539    CORE65LPSVT 
HS65_LSS_XOR3X2          269    2098.200      1.463     50.352    CORE65LPSVT 
HS65_LS_AND2ABX27         13      74.360      0.176     10.214    CORE65LPSVT 
HS65_LS_AND2ABX35          4      24.960      0.076      4.488    CORE65LPSVT 
HS65_LS_AND2ABX9          34     123.760      0.160      6.604    CORE65LPSVT 
HS65_LS_AND2X18            6      21.840      0.048      1.377    CORE65LPSVT 
HS65_LS_AND2X4           230     598.000      0.547     20.231    CORE65LPSVT 
HS65_LS_AO112X9           34     141.440      0.145      5.400    CORE65LPSVT 
HS65_LS_AO12X18           17      70.720      0.187      9.130    CORE65LPSVT 
HS65_LS_AO12X9           344    1252.160      1.605     67.707    CORE65LPSVT 
HS65_LS_AO312X9            1       5.720      0.005      0.758    CORE65LPSVT 
HS65_LS_AO31X9             3      12.480      0.012      0.374    CORE65LPSVT 
HS65_LS_AO32X4           198     926.640      0.451     42.409    CORE65LPSVT 
HS65_LS_AOI112X4           3      10.920      0.012      0.467    CORE65LPSVT 
HS65_LS_AOI12X2          283     735.800      0.427     15.207    CORE65LPSVT 
HS65_LS_AOI211X4          21      76.440      0.082      2.068    CORE65LPSVT 
HS65_LS_AOI212X4          13      54.080      0.052      5.342    CORE65LPSVT 
HS65_LS_AOI21X2            9      23.400      0.010      0.505    CORE65LPSVT 
HS65_LS_AOI21X6           17      53.040      0.074      2.259    CORE65LPSVT 
HS65_LS_AOI22X6           46     167.440      0.137     10.228    CORE65LPSVT 
HS65_LS_AOI312X4          14      72.800      0.073      1.518    CORE65LPSVT 
HS65_LS_BFX142            10     156.000      0.784     15.216    CORE65LPSVT 
HS65_LS_BFX18            116     361.920      0.939     20.661    CORE65LPSVT 
HS65_LS_BFX27             60     218.400      0.759     16.248    CORE65LPSVT 
HS65_LS_BFX44              8      45.760      0.178      3.419    CORE65LPSVT 
HS65_LS_BFX53             44     274.560      1.185     21.155    CORE65LPSVT 
HS65_LS_BFX71              1       8.320      0.037      0.752    CORE65LPSVT 
HS65_LS_CB4I1X9           52     216.320      0.251      7.893    CORE65LPSVT 
HS65_LS_CB4I6X9          125     520.000      0.566     17.522    CORE65LPSVT 
HS65_LS_CBI4I1X5          50     182.000      0.231      8.478    CORE65LPSVT 
HS65_LS_CBI4I6X5          16      58.240      0.037      4.570    CORE65LPSVT 
HS65_LS_CNIVX7            10      15.600      0.021      0.328    CORE65LPSVT 
HS65_LS_DFPHQX9         2686   27934.400     27.004   8388.902    CORE65LPSVT 
HS65_LS_DFPRQNX9          48     499.200      0.472     80.591    CORE65LPSVT 
HS65_LS_DFPRQX18          20     218.400      0.264     35.818    CORE65LPSVT 
HS65_LS_DFPRQX27          18     215.280      0.300     34.292    CORE65LPSVT 
HS65_LS_DFPRQX35         110    1372.800      2.215    223.403    CORE65LPSVT 
HS65_LS_DFPRQX9           24     249.600      0.240     40.274    CORE65LPSVT 
HS65_LS_FA1X4          12059  112872.240     75.198   8261.541    CORE65LPSVT 
HS65_LS_FA1X9            238    2598.960      2.596    110.167    CORE65LPSVT 
HS65_LS_HA1X4           1309    6806.800      6.835    361.244    CORE65LPSVT 
HS65_LS_HA1X9            119     742.560      1.139     45.557    CORE65LPSVT 
HS65_LS_IVX18            524    1089.920      2.773     51.284    CORE65LPSVT 
HS65_LS_IVX27             80     249.600      0.730     13.208    CORE65LPSVT 
HS65_LS_IVX35            220     800.800      2.745     40.003    CORE65LPSVT 
HS65_LS_IVX44              2       8.320      0.032      0.389    CORE65LPSVT 
HS65_LS_IVX53             13      67.600      0.261      2.599    CORE65LPSVT 
HS65_LS_IVX9            6220    9703.200     15.136    421.492    CORE65LPSVT 
HS65_LS_MUX21I1X6         31     128.960      0.197      5.255    CORE65LPSVT 
HS65_LS_MUX21X4            4      16.640      0.020      0.725    CORE65LPSVT 
HS65_LS_NAND2AX7         141     439.920      0.646     18.662    CORE65LPSVT 
HS65_LS_NAND2X7          956    1988.480      2.440     59.861    CORE65LPSVT 
HS65_LS_NAND3AX6          19      69.160      0.104      1.800    CORE65LPSVT 
HS65_LS_NAND3X5           17      44.200      0.024      0.420    CORE65LPSVT 
HS65_LS_NAND4ABX3          5      18.200      0.021      0.349    CORE65LPSVT 
HS65_LS_NOR2AX3          515    1339.000      1.273     42.955    CORE65LPSVT 
HS65_LS_NOR2X6           917    1907.360      2.579     60.521    CORE65LPSVT 
HS65_LS_NOR3X4            17      44.200      0.064      1.137    CORE65LPSVT 
HS65_LS_NOR4ABX2           3      10.920      0.008      0.202    CORE65LPSVT 
HS65_LS_OA112X9           31     128.960      0.171      5.385    CORE65LPSVT 
HS65_LS_OA12X9           105     382.200      0.528     19.305    CORE65LPSVT 
HS65_LS_OA212X4            1       5.200      0.002      0.457    CORE65LPSVT 
HS65_LS_OAI112X5           6      21.840      0.040      0.741    CORE65LPSVT 
HS65_LS_OAI12X3          453    1177.800      0.957     27.342    CORE65LPSVT 
HS65_LS_OAI21X3          160     416.000      0.331     10.729    CORE65LPSVT 
HS65_LS_OAI22X6           33     120.120      0.127     12.840    CORE65LPSVT 
HS65_LS_OR2X9            410    1279.200      1.936     94.600    CORE65LPSVT 
HS65_LS_PAO2X9           890    4165.200      4.101    443.127    CORE65LPSVT 
HS65_LS_PAOI2X1          288    1048.320      0.358     19.586    CORE65LPSVT 
HS65_LS_PAOI2X6           27     112.320      0.140      4.181    CORE65LPSVT 
HS65_LS_XNOR2X18          14      94.640      0.307      7.181    CORE65LPSVT 
HS65_LS_XNOR2X4           83     388.440      0.472     18.276    CORE65LPSVT 
HS65_LS_XNOR2X9           45     234.000      0.441     16.430    CORE65LPSVT 
HS65_LS_XOR2X18           18     121.680      0.396      7.253    CORE65LPSVT 
HS65_LS_XOR2X4           175     819.000      1.042     41.712    CORE65LPSVT 
HS65_LS_XOR2X9            72     374.400      0.710     23.261    CORE65LPSVT 
HS65_LS_XOR3X9           210    1965.600      1.530     73.469    CORE65LPSVT 
------------------------------------------------------------------------------
total                  32829  199033.120    178.588  19860.433                


                                             Leakage  Leakage  Internal  Internal 
     Type      Instances    Area    Area % Power (uW) Power % Power (uW)  Power % 
----------------------------------------------------------------------------------
sequential          2906  30489.680   15.3     30.496    17.1   8803.280     44.3 
inverter            7069  11935.040    6.0     21.697    12.1    529.304      2.7 
buffer               239   1064.960    0.5      3.883     2.2     77.450      0.4 
logic              22615 155543.440   78.1    122.513    68.6  10450.399     52.6 
physical_cells         0      0.000    0.0      0.000     0.0      0.000      0.0 
----------------------------------------------------------------------------------
total              32829 199033.120  100.0    178.588   100.0  19860.433    100.0 

