============================================================
  Generated by:           Genus(TM) Synthesis Solution 17.10-p007_1
  Generated on:           Feb 20 2020  11:37:53 pm
  Module:                 filter_regular
  Technology libraries:   CORE65LPSVT 
                          CLOCK65LPSVT 
                          physical_cells 
  Operating conditions:   _nominal_ 
  Interconnect mode:      global
  Area mode:              physical library
============================================================

                                     Leakage   Internal    Net        Dynamic          Total       
                                                                  (Internal+Net) (Leakage+Dynamic) 
           Instance           Cells Power(uW) Power(uW) Power(uW)    Power(uW)       Power(uW)     
---------------------------------------------------------------------------------------------------
filter_regular                32829   178.588 19860.433 15619.166      35479.599         35658.187 
  S0[0].U0                     1727     8.474   672.541   816.644       1489.186          1497.659 
    csa_tree_U..d_90_9_groupi    55     0.270    37.721    38.361         76.082            76.351 
    csa_tree_U..d_90_9_groupi    49     0.262    35.455    35.430         70.884            71.146 
    csa_tree_U..d_90_9_groupi    49     0.258    38.276    37.609         75.885            76.143 
    csa_tree_U..d_90_9_groupi    47     0.250    37.171    36.666         73.837            74.087 
    csa_tree_U..d_90_9_groupi    43     0.228    20.106    22.219         42.325            42.553 
    csa_tree_U..d_90_9_groupi    37     0.215    18.667    20.784         39.451            39.666 
    csa_tree_U..d_90_9_groupi    44     0.212    16.843    19.566         36.409            36.621 
    csa_tree_U..d_90_9_groupi    39     0.207    17.125    19.015         36.140            36.347 
    csa_tree_U..d_90_9_groupi    37     0.204    11.837    12.863         24.700            24.904 
    csa_tree_U..d_90_9_groupi    38     0.201    17.974    19.845         37.819            38.020 
    csa_tree_U..d_90_9_groupi    33     0.180    16.866    18.717         35.583            35.763 
    csa_tree_U..d_90_9_groupi    32     0.174    16.395    21.117         37.512            37.687 
    csa_tree_U..d_90_9_groupi    33     0.171    20.817    19.625         40.442            40.613 
    csa_tree_U..d_90_9_groupi    32     0.170    15.586    17.474         33.060            33.230 
    csa_tree_U..d_90_9_groupi    27     0.155    13.491    14.884         28.375            28.530 
    csa_tree_U..d_90_9_groupi    27     0.154    14.169    15.178         29.347            29.500 
    csa_tree_U..d_90_9_groupi    27     0.154    12.635    13.885         26.521            26.674 
    csa_tree_U..d_90_9_groupi    26     0.136     8.360     9.186         17.546            17.682 
    U_S_44_add_63_8              19     0.101    12.025    10.097         22.123            22.224 
    U_S95_add_63_8               19     0.096    13.312    11.354         24.666            24.763 
    U_S4_add_90_9                19     0.096     9.201     7.651         16.852            16.948 
    U_S_15_add_63_8              19     0.096    12.399    10.235         22.634            22.730 
    U_S85_add_63_8               19     0.096    13.064    11.005         24.069            24.165 
    U_S_25_add_63_8              19     0.096    13.041    10.929         23.969            24.065 
    U_S14_add_90_9               19     0.095    11.213     9.412         20.625            20.720 
    U_S_35_add_63_8              18     0.091    12.508    10.525         23.033            23.124 
  S0[9].U0                     1742     8.473   635.173   783.309       1418.482          1426.955 
    csa_tree_U..d_90_9_groupi    55     0.270    35.108    35.795         70.903            71.172 
    csa_tree_U..d_90_9_groupi    49     0.262    35.258    35.305         70.562            70.824 
    csa_tree_U..d_90_9_groupi    49     0.258    33.561    33.304         66.865            67.123 
    csa_tree_U..d_90_9_groupi    47     0.251    32.070    31.636         63.706            63.957 
    csa_tree_U..d_90_9_groupi    43     0.229    19.102    21.195         40.297            40.526 
    csa_tree_U..d_90_9_groupi    37     0.216    16.816    19.206         36.022            36.238 
    csa_tree_U..d_90_9_groupi    44     0.212    16.627    19.326         35.953            36.165 
    csa_tree_U..d_90_9_groupi    39     0.207    16.872    18.563         35.435            35.643 
    csa_tree_U..d_90_9_groupi    37     0.204    11.670    12.840         24.510            24.714 
    csa_tree_U..d_90_9_groupi    38     0.202    16.917    18.925         35.842            36.043 
    csa_tree_U..d_90_9_groupi    33     0.183    16.404    21.047         37.451            37.634 
    csa_tree_U..d_90_9_groupi    33     0.180    15.448    17.222         32.670            32.850 
    csa_tree_U..d_90_9_groupi    33     0.171    18.026    17.002         35.029            35.199 
    csa_tree_U..d_90_9_groupi    32     0.170    15.970    18.071         34.041            34.212 
    csa_tree_U..d_90_9_groupi    27     0.155    12.178    13.901         26.079            26.234 
    csa_tree_U..d_90_9_groupi    27     0.154    12.651    13.894         26.544            26.698 
    csa_tree_U..d_90_9_groupi    27     0.153    13.871    14.796         28.668            28.821 
    csa_tree_U..d_90_9_groupi    25     0.136     7.052     7.507         14.559            14.695 
    U_S_44_add_63_8              19     0.101    10.649     8.875         19.524            19.625 
    U_S_25_add_63_8              19     0.096    13.426    11.351         24.778            24.874 
    U_S95_add_63_8               19     0.096    12.603    10.707         23.311            23.406 
    U_S_15_add_63_8              19     0.096    11.340     9.373         20.712            20.808 
    U_S14_add_90_9               19     0.095    11.350     9.847         21.197            21.292 
    U_S85_add_63_8               19     0.095    12.157    10.044         22.201            22.296 
    U_S4_add_90_9                19     0.095     9.149     7.956         17.105            17.199 
    U_S_35_add_63_8              18     0.091    10.540     8.896         19.435            19.526 
  S0[8].U0                     1742     8.467   647.153   794.242       1441.396          1449.863 
    csa_tree_U..d_90_9_groupi    55     0.269    36.011    36.833         72.844            73.113 
    csa_tree_U..d_90_9_groupi    49     0.262    34.633    34.491         69.124            69.386 
    csa_tree_U..d_90_9_groupi    49     0.258    33.442    33.291         66.733            66.990 
    csa_tree_U..d_90_9_groupi    47     0.250    31.530    30.890         62.420            62.670 
    csa_tree_U..d_90_9_groupi    43     0.228    21.824    24.231         46.055            46.284 
    csa_tree_U..d_90_9_groupi    37     0.215    17.889    20.227         38.115            38.331 
    csa_tree_U..d_90_9_groupi    44     0.212    15.322    17.986         33.309            33.521 
    csa_tree_U..d_90_9_groupi    39     0.207    16.453    18.352         34.805            35.012 
    csa_tree_U..d_90_9_groupi    37     0.204    11.126    12.201         23.327            23.531 
    csa_tree_U..d_90_9_groupi    38     0.202    16.611    18.359         34.970            35.171 
    csa_tree_U..d_90_9_groupi    33     0.183    16.796    21.522         38.317            38.500 
    csa_tree_U..d_90_9_groupi    33     0.179    17.991    19.823         37.814            37.993 
    csa_tree_U..d_90_9_groupi    33     0.171    19.257    18.386         37.643            37.814 
    csa_tree_U..d_90_9_groupi    32     0.170    16.178    18.097         34.274            34.444 
    csa_tree_U..d_90_9_groupi    27     0.155    13.320    15.007         28.328            28.483 
    csa_tree_U..d_90_9_groupi    27     0.154    12.315    13.545         25.859            26.013 
    csa_tree_U..d_90_9_groupi    27     0.153    13.669    14.609         28.278            28.431 
    csa_tree_U..d_90_9_groupi    25     0.136     6.843     7.225         14.068            14.204 
    U_S_44_add_63_8              19     0.101    10.154     8.482         18.637            18.738 
    U_S_25_add_63_8              19     0.096    13.592    11.759         25.351            25.447 
    U_S85_add_63_8               19     0.096    12.552    10.632         23.184            23.280 
    U_S_15_add_63_8              19     0.096    12.543    10.592         23.135            23.231 
    U_S95_add_63_8               19     0.096    13.016    11.120         24.137            24.232 
    U_S4_add_90_9                19     0.095     9.515     7.920         17.435            17.530 
    U_S14_add_90_9               19     0.095    11.049     9.315         20.364            20.459 
    U_S_35_add_63_8              18     0.091    12.137    10.475         22.612            22.704 
  S0[10].U0                    1742     8.462   633.494   775.013       1408.507          1416.969 
    csa_tree_U..d_90_9_groupi    55     0.269    37.515    38.058         75.573            75.842 
    csa_tree_U..d_90_9_groupi    49     0.262    35.010    35.499         70.509            70.771 
    csa_tree_U..d_90_9_groupi    49     0.258    34.843    34.723         69.566            69.824 
    csa_tree_U..d_90_9_groupi    47     0.250    33.163    32.905         66.068            66.318 
    csa_tree_U..d_90_9_groupi    43     0.228    20.912    23.109         44.021            44.250 
    csa_tree_U..d_90_9_groupi    37     0.216    17.822    20.010         37.832            38.047 
    csa_tree_U..d_90_9_groupi    44     0.212    15.530    18.242         33.772            33.984 
    csa_tree_U..d_90_9_groupi    39     0.207    14.555    16.113         30.668            30.875 
    csa_tree_U..d_90_9_groupi    37     0.204     9.884    10.892         20.776            20.980 
    csa_tree_U..d_90_9_groupi    38     0.202    15.383    17.144         32.527            32.729 
    csa_tree_U..d_90_9_groupi    33     0.183    17.118    22.728         39.846            40.029 
    csa_tree_U..d_90_9_groupi    33     0.180    16.276    18.100         34.375            34.556 
    csa_tree_U..d_90_9_groupi    33     0.171    18.931    18.018         36.950            37.120 
    csa_tree_U..d_90_9_groupi    32     0.170    16.541    18.757         35.297            35.467 
    csa_tree_U..d_90_9_groupi    27     0.155    12.883    14.480         27.362            27.517 
    csa_tree_U..d_90_9_groupi    27     0.154    11.631    12.822         24.453            24.607 
    csa_tree_U..d_90_9_groupi    27     0.153    12.457    13.318         25.775            25.928 
    csa_tree_U..d_90_9_groupi    25     0.136     6.886     7.437         14.323            14.460 
    U_S_44_add_63_8              19     0.100    10.491     8.736         19.227            19.327 
    U_S85_add_63_8               19     0.096    12.959    10.998         23.957            24.053 
    U_S95_add_63_8               19     0.096    12.352    10.507         22.859            22.954 
    U_S_25_add_63_8              19     0.096    13.657    11.340         24.997            25.093 
    U_S_15_add_63_8              19     0.095    12.289    10.271         22.559            22.655 
    U_S14_add_90_9               19     0.095    10.886     9.155         20.042            20.137 
    U_S4_add_90_9                19     0.095     9.527     8.074         17.601            17.696 
    U_S_35_add_63_8              18     0.091    11.205     9.373         20.579            20.670 
  S0[3].U0                     1735     8.457   659.855   806.838       1466.693          1475.150 
    csa_tree_U..d_90_9_groupi    55     0.270    36.836    37.570         74.406            74.676 
    csa_tree_U..d_90_9_groupi    49     0.262    35.926    35.800         71.726            71.988 
    csa_tree_U..d_90_9_groupi    49     0.257    37.489    36.964         74.453            74.710 
    csa_tree_U..d_90_9_groupi    47     0.251    33.300    32.698         65.998            66.248 
    csa_tree_U..d_90_9_groupi    43     0.228    20.265    22.358         42.623            42.851 
    csa_tree_U..d_90_9_groupi    37     0.215    18.600    20.830         39.430            39.645 
    csa_tree_U..d_90_9_groupi    44     0.212    16.340    19.030         35.369            35.582 
    csa_tree_U..d_90_9_groupi    39     0.207    16.921    18.704         35.625            35.832 
    csa_tree_U..d_90_9_groupi    37     0.204    11.718    12.903         24.622            24.826 
    csa_tree_U..d_90_9_groupi    38     0.201    16.808    18.477         35.285            35.487 
    csa_tree_U..d_90_9_groupi    33     0.180    16.635    18.385         35.020            35.200 
    csa_tree_U..d_90_9_groupi    32     0.174    15.557    20.173         35.730            35.904 
    csa_tree_U..d_90_9_groupi    33     0.171    18.942    17.877         36.819            36.990 
    csa_tree_U..d_90_9_groupi    32     0.170    16.241    18.199         34.440            34.610 
    csa_tree_U..d_90_9_groupi    27     0.155    12.734    14.284         27.018            27.173 
    csa_tree_U..d_90_9_groupi    27     0.153    12.482    13.667         26.149            26.302 
    csa_tree_U..d_90_9_groupi    27     0.153    13.828    15.242         29.070            29.223 
    csa_tree_U..d_90_9_groupi    26     0.135     7.922     8.778         16.700            16.835 
    U_S95_add_63_8               19     0.096    13.376    11.620         24.996            25.092 
    U_S85_add_63_8               19     0.096    13.754    11.779         25.534            25.630 
    U_S_15_add_63_8              19     0.096    13.361    11.362         24.723            24.819 
    U_S_25_add_63_8              19     0.096    13.837    11.866         25.704            25.800 
    U_S14_add_90_9               19     0.096    11.884    10.200         22.083            22.179 
    U_S4_add_90_9                19     0.096    10.466     9.088         19.555            19.650 
    U_S_44_add_63_8              19     0.095    10.424     8.738         19.162            19.257 
    U_S_35_add_63_8              18     0.091    12.116    10.376         22.492            22.583 
  S0[14].U0                    1735     8.445   636.713   778.939       1415.652          1424.097 
    csa_tree_U..d_90_9_groupi    55     0.270    36.532    37.201         73.733            74.003 
    csa_tree_U..d_90_9_groupi    49     0.262    34.789    34.790         69.579            69.840 
    csa_tree_U..d_90_9_groupi    49     0.258    34.975    34.598         69.572            69.830 
    csa_tree_U..d_90_9_groupi    47     0.250    33.769    33.365         67.135            67.385 
    csa_tree_U..d_90_9_groupi    43     0.228    20.039    22.108         42.146            42.375 
    csa_tree_U..d_90_9_groupi    37     0.215    17.660    19.629         37.289            37.504 
    csa_tree_U..d_90_9_groupi    44     0.212    16.110    18.607         34.717            34.930 
    csa_tree_U..d_90_9_groupi    39     0.207    16.048    17.827         33.875            34.083 
    csa_tree_U..d_90_9_groupi    37     0.205    11.772    12.883         24.655            24.860 
    csa_tree_U..d_90_9_groupi    38     0.202    16.576    18.385         34.961            35.163 
    csa_tree_U..d_90_9_groupi    33     0.180    15.529    17.249         32.778            32.958 
    csa_tree_U..d_90_9_groupi    32     0.174    14.430    19.042         33.473            33.646 
    csa_tree_U..d_90_9_groupi    33     0.171    18.769    17.772         36.542            36.713 
    csa_tree_U..d_90_9_groupi    32     0.170    15.747    17.499         33.246            33.416 
    csa_tree_U..d_90_9_groupi    27     0.155    12.359    13.687         26.046            26.201 
    csa_tree_U..d_90_9_groupi    27     0.154    12.065    13.267         25.332            25.487 
    csa_tree_U..d_90_9_groupi    27     0.154    12.807    14.303         27.110            27.264 
    csa_tree_U..d_90_9_groupi    26     0.135     7.433     8.195         15.628            15.764 
    U_S4_add_90_9                19     0.096     8.825     7.535         16.360            16.456 
    U_S14_add_90_9               19     0.096    10.111     8.638         18.748            18.844 
    U_S_25_add_63_8              19     0.096    13.790    11.600         25.390            25.486 
    U_S95_add_63_8               19     0.096    12.715    10.845         23.559            23.655 
    U_S_15_add_63_8              19     0.096    12.007     9.959         21.966            22.061 
    U_S_44_add_63_8              19     0.095    12.058    10.221         22.280            22.375 
    U_S85_add_63_8               19     0.095    12.970    10.976         23.945            24.041 
    U_S_35_add_63_8              18     0.091    11.825     9.920         21.745            21.836 
  S0[16].U0                    1737     8.444   643.974   790.970       1434.944          1443.388 
    csa_tree_U..d_90_9_groupi    55     0.270    37.276    38.189         75.465            75.734 
    csa_tree_U..d_90_9_groupi    49     0.262    34.635    34.778         69.413            69.675 
    csa_tree_U..d_90_9_groupi    49     0.258    35.441    34.926         70.367            70.625 
    csa_tree_U..d_90_9_groupi    47     0.251    35.511    34.694         70.205            70.456 
    csa_tree_U..d_90_9_groupi    43     0.228    20.612    22.815         43.426            43.654 
    csa_tree_U..d_90_9_groupi    37     0.215    17.384    19.720         37.103            37.319 
    csa_tree_U..d_90_9_groupi    44     0.212    14.706    17.161         31.868            32.080 
    csa_tree_U..d_90_9_groupi    39     0.207    14.550    16.246         30.797            31.004 
    csa_tree_U..d_90_9_groupi    37     0.204    11.649    12.851         24.501            24.704 
    csa_tree_U..d_90_9_groupi    38     0.202    16.407    18.309         34.716            34.918 
    csa_tree_U..d_90_9_groupi    33     0.180    16.202    17.893         34.095            34.275 
    csa_tree_U..d_90_9_groupi    33     0.171    19.325    18.323         37.648            37.819 
    csa_tree_U..d_90_9_groupi    32     0.170    15.323    20.365         35.688            35.859 
    csa_tree_U..d_90_9_groupi    32     0.170    14.470    16.235         30.705            30.875 
    csa_tree_U..d_90_9_groupi    27     0.157    13.738    15.154         28.892            29.049 
    csa_tree_U..d_90_9_groupi    27     0.155    12.389    13.668         26.057            26.212 
    csa_tree_U..d_90_9_groupi    27     0.154    13.376    14.835         28.211            28.366 
    csa_tree_U..d_90_9_groupi    26     0.135     7.960     8.784         16.745            16.880 
    U_S_44_add_63_8              19     0.101    10.806     8.952         19.758            19.859 
    U_S95_add_63_8               19     0.096    12.011     9.953         21.964            22.060 
    U_S_15_add_63_8              19     0.096    11.600     9.723         21.323            21.419 
    U_S_25_add_63_8              19     0.096    13.716    11.604         25.320            25.416 
    U_S85_add_63_8               19     0.096    11.982    10.012         21.994            22.090 
    U_S14_add_90_9               19     0.095    10.249     8.756         19.005            19.100 
    U_S4_add_90_9                19     0.095    10.311     8.726         19.036            19.131 
    U_S_35_add_63_8              18     0.091    11.706     9.984         21.690            21.782 
  S0[13].U0                    1737     8.444   626.874   768.286       1395.159          1403.603 
    csa_tree_U..d_90_9_groupi    55     0.269    34.117    34.848         68.966            69.235 
    csa_tree_U..d_90_9_groupi    49     0.262    32.885    33.000         65.885            66.148 
    csa_tree_U..d_90_9_groupi    49     0.257    33.165    32.901         66.067            66.324 
    csa_tree_U..d_90_9_groupi    47     0.251    31.632    31.112         62.744            62.995 
    csa_tree_U..d_90_9_groupi    43     0.228    20.033    22.325         42.358            42.586 
    csa_tree_U..d_90_9_groupi    37     0.215    18.462    20.651         39.113            39.328 
    csa_tree_U..d_90_9_groupi    44     0.212    15.070    17.579         32.649            32.861 
    csa_tree_U..d_90_9_groupi    39     0.207    15.625    17.317         32.942            33.149 
    csa_tree_U..d_90_9_groupi    37     0.204    10.690    11.751         22.441            22.645 
    csa_tree_U..d_90_9_groupi    38     0.202    16.088    17.697         33.785            33.986 
    csa_tree_U..d_90_9_groupi    33     0.180    15.814    17.647         33.461            33.641 
    csa_tree_U..d_90_9_groupi    33     0.171    18.333    17.408         35.742            35.913 
    csa_tree_U..d_90_9_groupi    32     0.170    15.553    20.870         36.423            36.593 
    csa_tree_U..d_90_9_groupi    32     0.170    15.153    17.169         32.322            32.492 
    csa_tree_U..d_90_9_groupi    27     0.155    13.224    14.846         28.070            28.224 
    csa_tree_U..d_90_9_groupi    27     0.154    13.064    14.446         27.510            27.664 
    csa_tree_U..d_90_9_groupi    27     0.153    12.661    14.094         26.755            26.908 
    csa_tree_U..d_90_9_groupi    26     0.135     7.315     8.071         15.386            15.521 
    U_S4_add_90_9                19     0.096    10.096     8.493         18.589            18.685 
    U_S14_add_90_9               19     0.096    11.014     9.291         20.305            20.400 
    U_S_25_add_63_8              19     0.095    12.895    10.940         23.836            23.931 
    U_S_15_add_63_8              19     0.095    12.532    10.562         23.094            23.189 
    U_S95_add_63_8               19     0.095    12.495    10.468         22.964            23.059 
    U_S_44_add_63_8              19     0.095    10.593     9.062         19.654            19.750 
    U_S85_add_63_8               19     0.095    12.935    10.956         23.890            23.985 
    U_S_35_add_63_8              18     0.091    11.024     9.283         20.307            20.398 
  S0[11].U0                    1735     8.438   636.592   782.194       1418.786          1427.223 
    csa_tree_U..d_90_9_groupi    55     0.269    36.056    36.461         72.517            72.786 
    csa_tree_U..d_90_9_groupi    49     0.262    32.697    32.640         65.338            65.599 
    csa_tree_U..d_90_9_groupi    49     0.258    35.247    34.924         70.171            70.429 
    csa_tree_U..d_90_9_groupi    47     0.250    33.659    33.159         66.818            67.068 
    csa_tree_U..d_90_9_groupi    43     0.228    20.717    23.062         43.779            44.007 
    csa_tree_U..d_90_9_groupi    37     0.215    17.826    20.072         37.898            38.114 
    csa_tree_U..d_90_9_groupi    44     0.212    14.291    16.645         30.935            31.148 
    csa_tree_U..d_90_9_groupi    39     0.207    14.042    15.632         29.674            29.881 
    csa_tree_U..d_90_9_groupi    37     0.204    11.188    12.203         23.391            23.595 
    csa_tree_U..d_90_9_groupi    38     0.201    14.273    15.944         30.218            30.419 
    csa_tree_U..d_90_9_groupi    33     0.180    17.049    18.988         36.037            36.217 
    csa_tree_U..d_90_9_groupi    32     0.174    15.003    19.763         34.766            34.940 
    csa_tree_U..d_90_9_groupi    33     0.171    18.813    17.789         36.601            36.772 
    csa_tree_U..d_90_9_groupi    32     0.170    14.499    16.413         30.912            31.083 
    csa_tree_U..d_90_9_groupi    27     0.154    12.793    14.410         27.203            27.358 
    csa_tree_U..d_90_9_groupi    27     0.154    11.470    12.720         24.189            24.344 
    csa_tree_U..d_90_9_groupi    27     0.154    11.846    13.062         24.907            25.061 
    csa_tree_U..d_90_9_groupi    26     0.135     7.023     7.794         14.817            14.952 
    U_S14_add_90_9               19     0.096    10.767     8.913         19.680            19.776 
    U_S95_add_63_8               19     0.096    12.721    10.855         23.577            23.672 
    U_S85_add_63_8               19     0.096    13.375    11.298         24.673            24.769 
    U_S_15_add_63_8              19     0.096    12.927    11.277         24.204            24.300 
    U_S4_add_90_9                19     0.096     9.219     7.796         17.015            17.111 
    U_S_44_add_63_8              19     0.095    11.194     9.512         20.706            20.801 
    U_S_25_add_63_8              19     0.095    12.343    10.334         22.677            22.772 
    U_S_35_add_63_8              18     0.091    10.765     9.166         19.931            20.022 
  S0[2].U0                     1737     8.436   668.265   815.984       1484.249          1492.685 
    csa_tree_U..d_90_9_groupi    55     0.270    38.892    39.486         78.378            78.648 
    csa_tree_U..d_90_9_groupi    49     0.262    37.179    37.015         74.193            74.455 
    csa_tree_U..d_90_9_groupi    49     0.257    37.042    36.527         73.570            73.827 
    csa_tree_U..d_90_9_groupi    47     0.251    35.861    35.286         71.147            71.398 
    csa_tree_U..d_90_9_groupi    43     0.229    22.171    24.424         46.594            46.823 
    csa_tree_U..d_90_9_groupi    37     0.215    17.658    19.557         37.214            37.430 
    csa_tree_U..d_90_9_groupi    44     0.212    14.949    17.230         32.179            32.392 
    csa_tree_U..d_90_9_groupi    39     0.207    16.103    17.809         33.912            34.119 
    csa_tree_U..d_90_9_groupi    37     0.204    11.007    12.010         23.017            23.222 
    csa_tree_U..d_90_9_groupi    38     0.202    15.945    17.424         33.370            33.571 
    csa_tree_U..d_90_9_groupi    33     0.180    18.247    20.113         38.360            38.540 
    csa_tree_U..d_90_9_groupi    32     0.171    16.404    21.635         38.039            38.210 
    csa_tree_U..d_90_9_groupi    33     0.171    20.371    19.367         39.738            39.909 
    csa_tree_U..d_90_9_groupi    32     0.170    16.259    18.344         34.603            34.773 
    csa_tree_U..d_90_9_groupi    27     0.155    13.949    15.648         29.597            29.752 
    csa_tree_U..d_90_9_groupi    27     0.154    12.560    13.724         26.284            26.438 
    csa_tree_U..d_90_9_groupi    27     0.154    13.214    14.449         27.664            27.817 
    csa_tree_U..d_90_9_groupi    26     0.135     7.360     8.066         15.426            15.561 
    U_S14_add_90_9               19     0.096    10.790     9.141         19.931            20.027 
    U_S85_add_63_8               19     0.095    12.691    10.603         23.294            23.389 
    U_S_15_add_63_8              19     0.095    12.884    10.896         23.780            23.875 
    U_S_25_add_63_8              19     0.095    13.181    11.049         24.230            24.325 
    U_S4_add_90_9                19     0.095    10.215     8.995         19.209            19.305 
    U_S95_add_63_8               19     0.095    13.021    11.178         24.199            24.294 
    U_S_44_add_63_8              19     0.095    11.236     9.562         20.798            20.892 
    U_S_35_add_63_8              18     0.091    11.449     9.882         21.331            21.422 
  S0[12].U0                    1735     8.434   624.493   765.821       1390.314          1398.747 
    csa_tree_U..d_90_9_groupi    55     0.270    36.126    36.952         73.078            73.348 
    csa_tree_U..d_90_9_groupi    49     0.262    32.760    32.886         65.646            65.908 
    csa_tree_U..d_90_9_groupi    49     0.257    33.251    33.198         66.449            66.706 
    csa_tree_U..d_90_9_groupi    47     0.251    32.408    32.075         64.483            64.733 
    csa_tree_U..d_90_9_groupi    43     0.228    20.957    23.236         44.193            44.422 
    csa_tree_U..d_90_9_groupi    37     0.215    15.973    18.068         34.041            34.256 
    csa_tree_U..d_90_9_groupi    44     0.212    14.652    17.065         31.717            31.929 
    csa_tree_U..d_90_9_groupi    39     0.207    16.234    18.036         34.269            34.476 
    csa_tree_U..d_90_9_groupi    37     0.204    11.192    12.353         23.545            23.749 
    csa_tree_U..d_90_9_groupi    38     0.202    15.972    17.699         33.672            33.873 
    csa_tree_U..d_90_9_groupi    33     0.180    16.126    17.815         33.941            34.121 
    csa_tree_U..d_90_9_groupi    33     0.171    18.675    17.720         36.395            36.566 
    csa_tree_U..d_90_9_groupi    32     0.171    16.507    21.928         38.435            38.606 
    csa_tree_U..d_90_9_groupi    32     0.170    15.645    17.571         33.216            33.386 
    csa_tree_U..d_90_9_groupi    27     0.155    13.151    15.187         28.338            28.493 
    csa_tree_U..d_90_9_groupi    27     0.155    11.817    12.994         24.811            24.965 
    csa_tree_U..d_90_9_groupi    27     0.154    13.000    14.392         27.392            27.546 
    csa_tree_U..d_90_9_groupi    26     0.135     7.330     8.154         15.484            15.619 
    U_S85_add_63_8               19     0.096    12.144    10.437         22.582            22.678 
    U_S_15_add_63_8              19     0.096    12.183    10.406         22.589            22.685 
    U_S_44_add_63_8              19     0.096    11.436     9.770         21.206            21.302 
    U_S14_add_90_9               19     0.096    10.734     9.083         19.817            19.913 
    U_S_25_add_63_8              19     0.096    13.427    11.158         24.584            24.680 
    U_S95_add_63_8               19     0.096    11.869    10.192         22.061            22.157 
    U_S4_add_90_9                19     0.095    10.129     8.767         18.896            18.991 
    U_S_35_add_63_8              18     0.091    10.851     9.135         19.985            20.076 
  S0[15].U0                    1735     8.433   655.752   806.744       1462.497          1470.930 
    csa_tree_U..d_90_9_groupi    55     0.269    35.358    35.720         71.078            71.347 
    csa_tree_U..d_90_9_groupi    49     0.262    34.584    34.628         69.212            69.474 
    csa_tree_U..d_90_9_groupi    49     0.258    34.858    34.622         69.480            69.738 
    csa_tree_U..d_90_9_groupi    47     0.251    33.478    33.007         66.485            66.736 
    csa_tree_U..d_90_9_groupi    43     0.228    23.270    25.786         49.056            49.285 
    csa_tree_U..d_90_9_groupi    37     0.215    19.059    21.569         40.628            40.843 
    csa_tree_U..d_90_9_groupi    44     0.213    15.159    17.705         32.864            33.077 
    csa_tree_U..d_90_9_groupi    39     0.207    14.642    16.324         30.966            31.172 
    csa_tree_U..d_90_9_groupi    37     0.204    10.785    11.723         22.508            22.712 
    csa_tree_U..d_90_9_groupi    38     0.202    15.686    17.447         33.133            33.334 
    csa_tree_U..d_90_9_groupi    33     0.180    18.498    20.493         38.990            39.170 
    csa_tree_U..d_90_9_groupi    33     0.171    18.515    17.555         36.070            36.241 
    csa_tree_U..d_90_9_groupi    32     0.170    18.118    23.884         42.003            42.173 
    csa_tree_U..d_90_9_groupi    32     0.170    17.168    19.323         36.490            36.660 
    csa_tree_U..d_90_9_groupi    27     0.157    13.952    15.584         29.536            29.693 
    csa_tree_U..d_90_9_groupi    27     0.155    12.525    13.793         26.318            26.473 
    csa_tree_U..d_90_9_groupi    27     0.154    12.303    13.534         25.836            25.990 
    csa_tree_U..d_90_9_groupi    26     0.136     7.058     7.885         14.943            15.079 
    U_S_15_add_63_8              19     0.096    12.634    10.616         23.249            23.345 
    U_S85_add_63_8               19     0.096    12.235    10.090         22.326            22.422 
    U_S95_add_63_8               19     0.096    12.928    10.994         23.922            24.017 
    U_S_44_add_63_8              19     0.096    10.866     9.343         20.209            20.305 
    U_S_25_add_63_8              19     0.096    13.978    11.774         25.752            25.848 
    U_S14_add_90_9               19     0.096    11.499     9.910         21.409            21.505 
    U_S4_add_90_9                19     0.095     9.465     8.198         17.663            17.758 
    U_S_35_add_63_8              18     0.092    11.357     9.593         20.950            21.041 
  S0[1].U0                     1735     8.431   688.561   839.326       1527.887          1536.318 
    csa_tree_U..d_90_9_groupi    55     0.269    39.086    39.694         78.780            79.049 
    csa_tree_U..d_90_9_groupi    49     0.262    37.715    37.830         75.545            75.806 
    csa_tree_U..d_90_9_groupi    49     0.258    36.461    35.935         72.395            72.653 
    csa_tree_U..d_90_9_groupi    47     0.250    35.496    34.916         70.413            70.663 
    csa_tree_U..d_90_9_groupi    43     0.228    23.915    26.464         50.379            50.607 
    csa_tree_U..d_90_9_groupi    37     0.215    19.267    21.590         40.857            41.073 
    csa_tree_U..d_90_9_groupi    44     0.213    16.821    19.636         36.458            36.670 
    csa_tree_U..d_90_9_groupi    39     0.207    16.941    18.717         35.659            35.865 
    csa_tree_U..d_90_9_groupi    37     0.204    10.349    11.369         21.717            21.921 
    csa_tree_U..d_90_9_groupi    38     0.202    18.235    20.179         38.414            38.616 
    csa_tree_U..d_90_9_groupi    33     0.180    18.919    20.992         39.911            40.091 
    csa_tree_U..d_90_9_groupi    32     0.171    18.510    24.384         42.895            43.065 
    csa_tree_U..d_90_9_groupi    33     0.170    19.692    18.726         38.418            38.588 
    csa_tree_U..d_90_9_groupi    32     0.170    17.886    20.250         38.136            38.306 
    csa_tree_U..d_90_9_groupi    27     0.155    15.026    16.918         31.943            32.098 
    csa_tree_U..d_90_9_groupi    27     0.155    13.394    14.698         28.092            28.246 
    csa_tree_U..d_90_9_groupi    27     0.154    14.242    15.551         29.792            29.946 
    csa_tree_U..d_90_9_groupi    26     0.136     7.646     8.331         15.977            16.113 
    U_S_44_add_63_8              19     0.101    11.568     9.766         21.334            21.435 
    U_S_25_add_63_8              19     0.096    14.690    12.422         27.111            27.208 
    U_S95_add_63_8               19     0.096    13.330    11.265         24.595            24.691 
    U_S_15_add_63_8              19     0.096    13.882    11.631         25.513            25.609 
    U_S85_add_63_8               19     0.096    14.044    11.694         25.738            25.834 
    U_S14_add_90_9               19     0.096    11.969    10.310         22.279            22.375 
    U_S4_add_90_9                19     0.095     9.896     8.562         18.458            18.553 
    U_S_35_add_63_8              18     0.091    13.099    11.205         24.304            24.395 
  S0[5].U0                     1737     8.430   629.326   771.639       1400.965          1409.395 
    csa_tree_U..d_90_9_groupi    55     0.269    34.758    35.167         69.925            70.194 
    csa_tree_U..d_90_9_groupi    49     0.262    35.364    35.672         71.036            71.298 
    csa_tree_U..d_90_9_groupi    49     0.258    33.817    33.123         66.940            67.197 
    csa_tree_U..d_90_9_groupi    47     0.251    32.940    31.999         64.939            65.190 
    csa_tree_U..d_90_9_groupi    43     0.229    19.886    21.953         41.839            42.068 
    csa_tree_U..d_90_9_groupi    37     0.216    17.368    19.576         36.944            37.160 
    csa_tree_U..d_90_9_groupi    44     0.212    14.766    17.239         32.005            32.218 
    csa_tree_U..d_90_9_groupi    39     0.207    15.761    17.403         33.164            33.371 
    csa_tree_U..d_90_9_groupi    37     0.204    11.209    12.348         23.557            23.761 
    csa_tree_U..d_90_9_groupi    38     0.202    15.779    17.414         33.192            33.394 
    csa_tree_U..d_90_9_groupi    33     0.180    16.571    18.250         34.821            35.001 
    csa_tree_U..d_90_9_groupi    33     0.171    16.435    15.391         31.826            31.997 
    csa_tree_U..d_90_9_groupi    32     0.171    15.558    20.365         35.924            36.094 
    csa_tree_U..d_90_9_groupi    32     0.170    16.430    18.488         34.918            35.088 
    csa_tree_U..d_90_9_groupi    27     0.155    13.227    14.570         27.797            27.952 
    csa_tree_U..d_90_9_groupi    27     0.154    11.381    12.516         23.897            24.050 
    csa_tree_U..d_90_9_groupi    27     0.153    12.181    13.395         25.577            25.730 
    csa_tree_U..d_90_9_groupi    26     0.135     7.231     7.942         15.173            15.308 
    U_S_25_add_63_8              19     0.096    13.761    11.900         25.662            25.758 
    U_S85_add_63_8               19     0.096    11.705     9.916         21.621            21.717 
    U_S95_add_63_8               19     0.096    12.486    10.627         23.113            23.209 
    U_S4_add_90_9                19     0.095     8.531     7.072         15.603            15.699 
    U_S_15_add_63_8              19     0.095    12.592    10.812         23.404            23.499 
    U_S_44_add_63_8              19     0.095    10.170     8.579         18.749            18.845 
    U_S14_add_90_9               19     0.095    10.974     9.458         20.432            20.527 
    U_S_35_add_63_8              18     0.092    10.868     9.367         20.235            20.327 
  S0[7].U0                     1737     8.429   639.351   785.315       1424.666          1433.095 
    csa_tree_U..d_90_9_groupi    55     0.269    36.454    37.260         73.714            73.983 
    csa_tree_U..d_90_9_groupi    49     0.261    34.722    34.966         69.689            69.950 
    csa_tree_U..d_90_9_groupi    49     0.257    35.148    34.797         69.945            70.202 
    csa_tree_U..d_90_9_groupi    47     0.250    34.484    33.859         68.342            68.593 
    csa_tree_U..d_90_9_groupi    43     0.228    20.990    23.178         44.168            44.396 
    csa_tree_U..d_90_9_groupi    37     0.215    17.465    19.555         37.020            37.235 
    csa_tree_U..d_90_9_groupi    44     0.212    15.013    17.434         32.447            32.659 
    csa_tree_U..d_90_9_groupi    39     0.207    15.069    16.750         31.820            32.027 
    csa_tree_U..d_90_9_groupi    37     0.204    11.292    12.452         23.744            23.948 
    csa_tree_U..d_90_9_groupi    38     0.202    15.780    17.449         33.228            33.430 
    csa_tree_U..d_90_9_groupi    33     0.180    17.938    19.678         37.615            37.795 
    csa_tree_U..d_90_9_groupi    32     0.170    16.039    20.765         36.803            36.974 
    csa_tree_U..d_90_9_groupi    33     0.170    18.037    17.059         35.095            35.266 
    csa_tree_U..d_90_9_groupi    32     0.170    15.533    17.308         32.841            33.011 
    csa_tree_U..d_90_9_groupi    27     0.155    13.377    15.086         28.463            28.618 
    csa_tree_U..d_90_9_groupi    27     0.154    12.083    13.330         25.413            25.567 
    csa_tree_U..d_90_9_groupi    27     0.154    12.193    13.473         25.665            25.819 
    csa_tree_U..d_90_9_groupi    26     0.134     6.827     7.612         14.440            14.574 
    U_S4_add_90_9                19     0.096     9.706     8.547         18.254            18.350 
    U_S14_add_90_9               19     0.096    10.922     9.221         20.143            20.239 
    U_S95_add_63_8               19     0.096    12.586    10.795         23.381            23.476 
    U_S85_add_63_8               19     0.096    11.799    10.074         21.872            21.968 
    U_S_44_add_63_8              19     0.095    10.550     9.132         19.683            19.778 
    U_S_25_add_63_8              19     0.095    13.606    11.603         25.209            25.304 
    U_S_15_add_63_8              19     0.095    12.020    10.321         22.341            22.436 
    U_S_35_add_63_8              18     0.091    11.579     9.780         21.359            21.450 
  S0[4].U0                     1735     8.422   642.140   785.637       1427.777          1436.199 
    csa_tree_U..d_90_9_groupi    55     0.269    37.412    37.985         75.397            75.666 
    csa_tree_U..d_90_9_groupi    49     0.262    35.142    34.975         70.117            70.379 
    csa_tree_U..d_90_9_groupi    49     0.257    35.247    34.831         70.078            70.336 
    csa_tree_U..d_90_9_groupi    47     0.251    34.954    34.484         69.438            69.689 
    csa_tree_U..d_90_9_groupi    43     0.229    20.270    22.190         42.460            42.688 
    csa_tree_U..d_90_9_groupi    37     0.216    18.816    21.042         39.859            40.074 
    csa_tree_U..d_90_9_groupi    44     0.213    15.342    17.948         33.291            33.503 
    csa_tree_U..d_90_9_groupi    39     0.207    15.849    17.552         33.401            33.607 
    csa_tree_U..d_90_9_groupi    37     0.204    10.062    11.070         21.132            21.337 
    csa_tree_U..d_90_9_groupi    38     0.202    16.444    18.229         34.674            34.875 
    csa_tree_U..d_90_9_groupi    33     0.180    15.983    17.555         33.538            33.718 
    csa_tree_U..d_90_9_groupi    32     0.171    16.041    21.063         37.104            37.275 
    csa_tree_U..d_90_9_groupi    33     0.171    17.447    16.520         33.966            34.137 
    csa_tree_U..d_90_9_groupi    32     0.170    15.239    17.107         32.346            32.516 
    csa_tree_U..d_90_9_groupi    27     0.155    12.725    14.372         27.097            27.252 
    csa_tree_U..d_90_9_groupi    27     0.154    12.850    14.153         27.002            27.156 
    csa_tree_U..d_90_9_groupi    27     0.153    12.763    14.133         26.897            27.050 
    csa_tree_U..d_90_9_groupi    26     0.134     6.920     7.649         14.569            14.703 
    U_S_25_add_63_8              19     0.096    13.833    11.848         25.681            25.777 
    U_S95_add_63_8               19     0.096    12.042    10.224         22.266            22.362 
    U_S_44_add_63_8              19     0.095    10.552     8.877         19.429            19.524 
    U_S_15_add_63_8              19     0.095    12.822    10.802         23.624            23.719 
    U_S4_add_90_9                19     0.095     9.456     7.957         17.413            17.508 
    U_S85_add_63_8               19     0.095    12.162    10.240         22.402            22.497 
    U_S14_add_90_9               19     0.095    10.578     9.128         19.706            19.801 
    U_S_35_add_63_8              18     0.091    11.571     9.765         21.336            21.427 
  S0[6].U0                     1735     8.420   633.651   775.231       1408.882          1417.303 
    csa_tree_U..d_90_9_groupi    55     0.269    35.943    36.317         72.259            72.529 
    csa_tree_U..d_90_9_groupi    49     0.262    34.712    34.735         69.447            69.709 
    csa_tree_U..d_90_9_groupi    49     0.258    35.109    34.859         69.968            70.226 
    csa_tree_U..d_90_9_groupi    47     0.251    33.200    32.458         65.659            65.909 
    csa_tree_U..d_90_9_groupi    43     0.228    20.773    23.044         43.817            44.046 
    csa_tree_U..d_90_9_groupi    37     0.216    17.059    18.893         35.952            36.168 
    csa_tree_U..d_90_9_groupi    44     0.212    14.726    17.095         31.822            32.034 
    csa_tree_U..d_90_9_groupi    39     0.207    15.117    16.572         31.690            31.897 
    csa_tree_U..d_90_9_groupi    37     0.204    11.034    12.071         23.105            23.309 
    csa_tree_U..d_90_9_groupi    38     0.202    15.820    17.454         33.274            33.476 
    csa_tree_U..d_90_9_groupi    33     0.180    16.890    18.733         35.623            35.803 
    csa_tree_U..d_90_9_groupi    33     0.171    18.423    17.229         35.651            35.822 
    csa_tree_U..d_90_9_groupi    32     0.171    16.546    21.904         38.450            38.621 
    csa_tree_U..d_90_9_groupi    32     0.170    16.093    18.201         34.295            34.465 
    csa_tree_U..d_90_9_groupi    27     0.155    13.242    14.759         28.001            28.156 
    csa_tree_U..d_90_9_groupi    27     0.154    11.939    13.088         25.028            25.181 
    csa_tree_U..d_90_9_groupi    27     0.153    12.230    13.455         25.685            25.838 
    csa_tree_U..d_90_9_groupi    26     0.135     6.963     7.687         14.650            14.785 
    U_S14_add_90_9               19     0.096    10.934     9.176         20.109            20.205 
    U_S_25_add_63_8              19     0.095    13.127    11.230         24.358            24.453 
    U_S_44_add_63_8              19     0.095     9.943     8.247         18.190            18.285 
    U_S4_add_90_9                19     0.095     8.712     7.309         16.021            16.116 
    U_S_15_add_63_8              19     0.095    12.596    10.657         23.254            23.348 
    U_S85_add_63_8               19     0.095    12.765    10.693         23.457            23.552 
    U_S95_add_63_8               19     0.095    12.314    10.404         22.718            22.813 
    U_S_35_add_63_8              18     0.090    11.490     9.941         21.432            21.522 

