Command: report datapath > reports/clip8_datapath_map.log
============================================================
  Generated by:           Genus(TM) Synthesis Solution 17.10-p007_1
  Generated on:           Nov 20 2019  06:47:47 pm
  Module:                 clip8
  Technology libraries:   CORE65LPSVT 
                          CLOCK65LPSVT 
                          physical_cells 
  Operating conditions:   _nominal_ 
  Interconnect mode:      global
  Area mode:              physical library
============================================================


Inferred components

       Operator Signedness Inputs Outputs CellArea Line Col  Filename 
======================================================================
clip8
 gte_72_34
 module:geq_signed_23
  slow    >=    signed     11x9   1          13.52   72  34 clip8.vhd 
======================================================================

      Type       CellArea Percentage 
-------------------------------------
datapath modules    13.52      35.14 
external muxes       0.00       0.00 
others              24.96      64.86 
-------------------------------------
total               38.48     100.00 

