============================================================
  Generated by:           Genus(TM) Synthesis Solution 17.10-p007_1
  Generated on:           Feb 19 2020  09:12:09 pm
  Module:                 INTER_4
  Technology libraries:   CORE65LPSVT 
                          CLOCK65LPSVT 
                          physical_cells 
  Operating conditions:   _nominal_ 
  Interconnect mode:      global
  Area mode:              physical library
============================================================

                                           Leakage   Internal  
       Gate         Instances    Area    Power (uW) Power (uW)     Library    
------------------------------------------------------------------------------
HS65_LSS_XNOR2X12          80    540.800      1.053      0.000    CORE65LPSVT 
HS65_LSS_XNOR2X6          105    436.800      0.693      0.000    CORE65LPSVT 
HS65_LSS_XOR2X6            60    249.600      0.354      0.000    CORE65LPSVT 
HS65_LS_AND2X18            50    182.000      0.518      0.000    CORE65LPSVT 
HS65_LS_AND2X27            20    114.400      0.318      0.000    CORE65LPSVT 
HS65_LS_AND2X4             15     39.000      0.036      0.000    CORE65LPSVT 
HS65_LS_AND2X9             50    156.000      0.241      0.000    CORE65LPSVT 
HS65_LS_AOI112X4           10     36.400      0.036      0.000    CORE65LPSVT 
HS65_LS_AOI12X17            5     33.800      0.058      0.000    CORE65LPSVT 
HS65_LS_AOI12X6            25     78.000      0.098      0.000    CORE65LPSVT 
HS65_LS_AOI21X12            5     26.000      0.049      0.000    CORE65LPSVT 
HS65_LS_BFX106              8     95.680      0.467      0.000    CORE65LPSVT 
HS65_LS_BFX18              23     71.760      0.184      0.000    CORE65LPSVT 
HS65_LS_BFX27              33    120.120      0.418      0.000    CORE65LPSVT 
HS65_LS_BFX35              10     52.000      0.174      0.000    CORE65LPSVT 
HS65_LS_BFX44               5     28.600      0.113      0.000    CORE65LPSVT 
HS65_LS_BFX53               4     24.960      0.108      0.000    CORE65LPSVT 
HS65_LS_BFX71               7     58.240      0.265      0.000    CORE65LPSVT 
HS65_LS_BFX9                3      6.240      0.011      0.000    CORE65LPSVT 
HS65_LS_CB4I6X18           10     52.000      0.107      0.000    CORE65LPSVT 
HS65_LS_CBI4I1X11           5     31.200      0.048      0.000    CORE65LPSVT 
HS65_LS_CNIVX21             6     18.720      0.043      0.000    CORE65LPSVT 
HS65_LS_CNIVX27             5     18.200      0.044      0.000    CORE65LPSVT 
HS65_LS_CNIVX34            20     93.600      0.248      0.000    CORE65LPSVT 
HS65_LS_CNIVX7             20     31.200      0.040      0.000    CORE65LPSVT 
HS65_LS_DFPRQX18           24    262.080      0.350      0.000    CORE65LPSVT 
HS65_LS_DFPRQX27            2     23.920      0.036      0.000    CORE65LPSVT 
HS65_LS_DFPRQX4           150   1560.000      1.594      0.000    CORE65LPSVT 
HS65_LS_DFPRQX9            54    561.600      0.624      0.001    CORE65LPSVT 
HS65_LS_FA1X18             95   1333.800      2.298      0.000    CORE65LPSVT 
HS65_LS_FA1X27            180   3837.600      6.770      0.000    CORE65LPSVT 
HS65_LS_FA1X4             100    936.000      0.631      0.000    CORE65LPSVT 
HS65_LS_FA1X9             100   1092.000      1.088      0.000    CORE65LPSVT 
HS65_LS_HA1X18              5     36.400      0.105      0.000    CORE65LPSVT 
HS65_LS_HA1X4              65    338.000      0.341      0.000    CORE65LPSVT 
HS65_LS_HA1X9              35    218.400      0.341      0.000    CORE65LPSVT 
HS65_LS_IVX18             312    648.960      1.698      0.000    CORE65LPSVT 
HS65_LS_IVX2                1      1.560      0.001      0.000    CORE65LPSVT 
HS65_LS_IVX27              66    205.920      0.613      0.000    CORE65LPSVT 
HS65_LS_IVX35              27     98.280      0.341      0.000    CORE65LPSVT 
HS65_LS_IVX44               5     20.800      0.082      0.000    CORE65LPSVT 
HS65_LS_IVX53               5     26.000      0.100      0.000    CORE65LPSVT 
HS65_LS_IVX9              348    542.880      0.880      0.000    CORE65LPSVT 
HS65_LS_MUX21I1X18         10    104.000      0.212      0.000    CORE65LPSVT 
HS65_LS_MUX21X18           20    124.800      0.374      0.000    CORE65LPSVT 
HS65_LS_MUXI21X10           5     41.600      0.065      0.000    CORE65LPSVT 
HS65_LS_NAND2AX14          55    228.800      0.408      0.000    CORE65LPSVT 
HS65_LS_NAND2AX21          25    143.000      0.315      0.000    CORE65LPSVT 
HS65_LS_NAND2AX29          20    135.200      0.434      0.000    CORE65LPSVT 
HS65_LS_NAND2AX7           45    140.400      0.231      0.000    CORE65LPSVT 
HS65_LS_NAND2X14           75    273.000      0.546      0.000    CORE65LPSVT 
HS65_LS_NAND2X21           30    156.000      0.523      0.000    CORE65LPSVT 
HS65_LS_NAND2X29           10     62.400      0.225      0.000    CORE65LPSVT 
HS65_LS_NAND2X57           10    119.600      0.304      0.000    CORE65LPSVT 
HS65_LS_NAND2X7           260    540.800      0.717      0.000    CORE65LPSVT 
HS65_LS_NAND3AX13          10     57.200      0.059      0.000    CORE65LPSVT 
HS65_LS_NAND3X19            5     33.800      0.022      0.000    CORE65LPSVT 
HS65_LS_NOR2AX13           55    228.800      0.458      0.000    CORE65LPSVT 
HS65_LS_NOR2AX19           15     85.800      0.189      0.000    CORE65LPSVT 
HS65_LS_NOR2AX3           125    325.000      0.300      0.000    CORE65LPSVT 
HS65_LS_NOR2AX6             5     15.600      0.021      0.000    CORE65LPSVT 
HS65_LS_NOR2X13            70    254.800      0.469      0.000    CORE65LPSVT 
HS65_LS_NOR2X19            35    182.000      0.354      0.000    CORE65LPSVT 
HS65_LS_NOR2X25            20    124.800      0.234      0.000    CORE65LPSVT 
HS65_LS_NOR2X38            30    265.200      0.654      0.000    CORE65LPSVT 
HS65_LS_NOR2X6            235    488.800      0.603      0.000    CORE65LPSVT 
HS65_LS_NOR3X26             5     57.200      0.110      0.000    CORE65LPSVT 
HS65_LS_OA112X18            5     23.400      0.048      0.000    CORE65LPSVT 
HS65_LS_OA12X18            15     62.400      0.167      0.000    CORE65LPSVT 
HS65_LS_OA12X9             50    182.000      0.228      0.000    CORE65LPSVT 
HS65_LS_OA22X9              5     23.400      0.023      0.000    CORE65LPSVT 
HS65_LS_OAI112X5           10     36.400      0.042      0.000    CORE65LPSVT 
HS65_LS_OAI12X12           75    390.000      0.758      0.000    CORE65LPSVT 
HS65_LS_OAI12X18           35    236.600      0.551      0.000    CORE65LPSVT 
HS65_LS_OAI12X6            40    124.800      0.195      0.000    CORE65LPSVT 
HS65_LS_OAI13X30           10    171.600      0.260      0.000    CORE65LPSVT 
HS65_LS_OAI21X3            40    104.000      0.084      0.000    CORE65LPSVT 
HS65_LS_OAI22X6             5     18.200      0.029      0.000    CORE65LPSVT 
HS65_LS_OAI311X5           10     41.600      0.025      0.000    CORE65LPSVT 
HS65_LS_OAI32X5            10     41.600      0.039      0.000    CORE65LPSVT 
HS65_LS_OR2X18             15     54.600      0.142      0.000    CORE65LPSVT 
HS65_LS_OR2X9              80    249.600      0.360      0.000    CORE65LPSVT 
HS65_LS_OR3X9               5     18.200      0.022      0.000    CORE65LPSVT 
HS65_LS_PAO2X18            24    137.280      0.283      0.000    CORE65LPSVT 
HS65_LS_PAO2X9             26    121.680      0.128      0.000    CORE65LPSVT 
HS65_LS_PAOI2X11           22    171.600      0.246      0.000    CORE65LPSVT 
HS65_LS_PAOI2X6            18     74.880      0.090      0.000    CORE65LPSVT 
HS65_LS_XNOR2X18           25    169.000      0.549      0.000    CORE65LPSVT 
HS65_LS_XNOR2X9            40    208.000      0.389      0.000    CORE65LPSVT 
HS65_LS_XOR2X18            65    439.400      1.425      0.000    CORE65LPSVT 
HS65_LS_XOR2X27            10    104.000      0.320      0.000    CORE65LPSVT 
HS65_LS_XOR2X35             5     57.200      0.219      0.000    CORE65LPSVT 
HS65_LS_XOR2X4              5     23.400      0.030      0.000    CORE65LPSVT 
HS65_LS_XOR2X9             55    286.000      0.545      0.000    CORE65LPSVT 
HS65_LS_XOR3X9             20    187.200      0.146      0.000    CORE65LPSVT 
------------------------------------------------------------------------------
total                    4058  22286.160     38.786      0.001                


                                            Leakage  Leakage  Internal  Internal 
     Type      Instances    Area   Area % Power (uW) Power % Power (uW)  Power % 
---------------------------------------------------------------------------------
sequential           230  2407.600   10.8      2.604     6.7      0.001    100.0 
inverter             815  1706.120    7.7      4.090    10.5      0.000      0.0 
buffer                93   457.600    2.1      1.741     4.5      0.000      0.0 
logic               2920 17714.840   79.5     30.351    78.3      0.000      0.0 
physical_cells         0     0.000    0.0      0.000     0.0      0.000      0.0 
---------------------------------------------------------------------------------
total               4058 22286.160  100.0     38.786   100.0      0.001    100.0 

