============================================================
  Generated by:           Genus(TM) Synthesis Solution 17.10-p007_1
  Generated on:           Jan 27 2020  09:41:39 pm
  Module:                 INTER_8
  Technology libraries:   CORE65LPSVT 
                          CLOCK65LPSVT 
                          physical_cells 
  Operating conditions:   _nominal_ 
  Interconnect mode:      global
  Area mode:              physical library
============================================================

                             Leakage   Dynamic    Total   
       Instance       Cells Power(uW) Power(uW) Power(uW) 
----------------------------------------------------------
INTER_8               50253   582.009 71525.948 72107.957 
  gen_filter[19].U_S0  1457    16.532  1956.022  1972.554 
  gen_filter[22].U_S0  1455    16.512  1856.378  1872.890 
  gen_filter[16].U_S0  1453    16.502  1920.419  1936.921 
  gen_filter[24].U_S0  1458    16.499  1872.472  1888.971 
  gen_filter[5].U_S0   1463    16.480  1784.821  1801.301 
  gen_filter[25].U_S0  1457    16.475  1819.367  1835.841 
  gen_filter[18].U_S0  1449    16.463  1914.998  1931.461 
  gen_filter[21].U_S0  1451    16.458  1882.672  1899.131 
  gen_filter[20].U_S0  1454    16.454  1890.402  1906.855 
  gen_filter[17].U_S0  1453    16.453  1945.890  1962.343 
  gen_filter[8].U_S0   1454    16.452  1687.477  1703.929 
  gen_filter[6].U_S0   1458    16.452  1729.033  1745.485 
  gen_filter[14].U_S0  1449    16.443  1842.033  1858.476 
  gen_filter[26].U_S0  1455    16.437  1787.037  1803.473 
  gen_filter[7].U_S0   1456    16.432  1688.190  1704.622 
  gen_filter[10].U_S0  1444    16.431  1671.668  1688.099 
  gen_filter[9].U_S0   1446    16.429  1694.953  1711.381 
  gen_filter[15].U_S0  1445    16.426  1892.873  1909.299 
  gen_filter[13].U_S0  1445    16.396  1789.348  1805.744 
  gen_filter[23].U_S0  1456    16.384  1822.731  1839.115 
  gen_filter[12].U_S0  1442    16.377  1690.817  1707.194 
  gen_filter[28].U_S0  1453    16.368  1870.778  1887.146 
  gen_filter[3].U_S0   1456    16.361  1877.859  1894.220 
  gen_filter[11].U_S0  1441    16.356  1662.096  1678.452 
  gen_filter[27].U_S0  1455    16.346  1816.694  1833.040 
  gen_filter[4].U_S0   1462    16.336  1779.551  1795.887 
  gen_filter[2].U_S0   1445    16.291  1862.839  1879.130 
  gen_filter[1].U_S0   1449    16.252  1829.109  1845.361 
  gen_filter[29].U_S0  1450    16.220  1882.081  1898.301 
  gen_filter[30].U_S0  1448    16.208  1866.338  1882.546 
  gen_filter[31].U_S0  1448    16.170  1851.047  1867.217 
  gen_filter[32].U_S0  1437    16.007  1892.351  1908.358 
  gen_filter[0].U_S0   1446    15.938  1837.932  1853.871 

