============================================================
  Generated by:           Genus(TM) Synthesis Solution 17.10-p007_1
  Generated on:           Nov 21 2019  03:38:45 pm
  Module:                 FME_PIPE_2
  Technology libraries:   CORE65LPSVT 
                          CLOCK65LPSVT 
                          physical_cells 
  Operating conditions:   _nominal_ 
  Interconnect mode:      global
  Area mode:              physical library
============================================================

            Instance                       Module           Cells  Cell Area  Net Area   Total Area 
----------------------------------------------------------------------------------------------------
FME_PIPE_2                                                   5623      28542     11861        40403 
  U_inter                        interpolation_bit_width10   3876      17961      7428        25389 
  U_buffer                       buffer_shift                1167       7119      2677         9796 
  U_crtl                         CRTL_bit_width10              93        509       176          684 
  clipping[3].U_clip             clip8_bit_width10_204         12         38        10           48 
  clipping[2].U_clip             clip8_bit_width10_205         12         38        10           48 
  clipping[0].U_clip             clip8_bit_width10             12         38        10           48 
  clipping[14].U_clip_gte_489_34 geq_signed_484                 4         13         4           17 
  clipping[12].U_clip_gte_489_34 geq_signed_484_1336            4         13         4           17 
  clipping[11].U_clip_gte_489_34 geq_signed_484_1335            4         13         4           17 
  clipping[9].U_clip_gte_489_34  geq_signed_484_1334            4         13         4           17 
  clipping[8].U_clip_gte_489_34  geq_signed_484_1333            4         13         4           17 
  clipping[6].U_clip_gte_489_34  geq_signed_484_1332            4         13         4           17 
  clipping[5].U_clip_gte_489_34  geq_signed_484_1331            4         13         4           17 
  clipping[13].U_clip            clip8_bit_width10_1_206        3          9         0            9 
  clipping[10].U_clip            clip8_bit_width10_1_207        3          9         0            9 
  clipping[7].U_clip             clip8_bit_width10_1_208        3          9         0            9 
  clipping[4].U_clip             clip8_bit_width10_1_209        3          9         0            9 
  clipping[1].U_clip             clip8_bit_width10_1            3          9         0            9 
