============================================================
  Generated by:           Genus(TM) Synthesis Solution 17.10-p007_1
  Generated on:           Nov 21 2019  03:38:46 pm
  Module:                 FME_PIPE_2
  Technology libraries:   CORE65LPSVT 
                          CLOCK65LPSVT 
                          physical_cells 
  Operating conditions:   _nominal_ 
  Interconnect mode:      global
  Area mode:              physical library
============================================================

                                           Leakage   Internal  
       Gate         Instances    Area    Power (uW) Power (uW)     Library    
------------------------------------------------------------------------------
HS65_LSS_XNOR2X12          40    270.400      0.561     42.552    CORE65LPSVT 
HS65_LSS_XNOR2X6          190    790.400      1.308    141.232    CORE65LPSVT 
HS65_LSS_XOR2X6            28    116.480      0.156     24.680    CORE65LPSVT 
HS65_LS_AND2ABX35           1      6.240      0.019      5.540    CORE65LPSVT 
HS65_LS_AND2X18            15     54.600      0.124     17.087    CORE65LPSVT 
HS65_LS_AND2X27            26    148.720      0.352     32.032    CORE65LPSVT 
HS65_LS_AND2X35            12     74.880      0.199     16.130    CORE65LPSVT 
HS65_LS_AND2X4            109    283.400      0.252     41.291    CORE65LPSVT 
HS65_LS_AND2X9             23     71.760      0.108     12.745    CORE65LPSVT 
HS65_LS_AND3ABCX9           3     14.040      0.014      0.255    CORE65LPSVT 
HS65_LS_AND3X27            10     67.600      0.201     14.790    CORE65LPSVT 
HS65_LS_AND3X9              5     18.200      0.016      1.134    CORE65LPSVT 
HS65_LS_AO112X9             1      4.160      0.005      0.000    CORE65LPSVT 
HS65_LS_AO12X18            16     66.560      0.167     27.332    CORE65LPSVT 
HS65_LS_AO12X27             7     47.320      0.109     22.363    CORE65LPSVT 
HS65_LS_AO12X9             46    167.440      0.233     57.929    CORE65LPSVT 
HS65_LS_AO212X18            2     12.480      0.017      3.065    CORE65LPSVT 
HS65_LS_AO311X9            10     46.800      0.048      9.176    CORE65LPSVT 
HS65_LS_AO31X18             6     31.200      0.061     11.033    CORE65LPSVT 
HS65_LS_AO31X9              5     20.800      0.022      4.097    CORE65LPSVT 
HS65_LS_AO32X4             48    224.640      0.125     45.775    CORE65LPSVT 
HS65_LS_AOI12X17           18    121.680      0.274     14.648    CORE65LPSVT 
HS65_LS_AOI12X2             2      5.200      0.002      0.391    CORE65LPSVT 
HS65_LS_AOI12X23            9     79.560      0.186     11.187    CORE65LPSVT 
HS65_LS_AOI12X35            1     13.000      0.031      1.888    CORE65LPSVT 
HS65_LS_AOI12X4             7     21.840      0.018      3.790    CORE65LPSVT 
HS65_LS_AOI12X6            34    106.080      0.124     15.731    CORE65LPSVT 
HS65_LS_AOI12X9             1      5.200      0.009      0.486    CORE65LPSVT 
HS65_LS_AOI13X5             1      3.640      0.003      1.047    CORE65LPSVT 
HS65_LS_AOI21X12            1      5.200      0.007      0.843    CORE65LPSVT 
HS65_LS_AOI21X23           11     97.240      0.215     17.420    CORE65LPSVT 
HS65_LS_AOI21X35            1     13.000      0.029      2.504    CORE65LPSVT 
HS65_LS_AOI21X6            27     84.240      0.095     11.064    CORE65LPSVT 
HS65_LS_AOI21X9             7     36.400      0.057      4.087    CORE65LPSVT 
HS65_LS_AOI22X6             1      3.640      0.004      1.031    CORE65LPSVT 
HS65_LS_AOI31X5            16     58.240      0.044      4.355    CORE65LPSVT 
HS65_LS_BFX18             119    371.280      0.959     95.244    CORE65LPSVT 
HS65_LS_BFX213              1     22.360      0.117     16.564    CORE65LPSVT 
HS65_LS_BFX27              32    116.480      0.405     38.332    CORE65LPSVT 
HS65_LS_BFX284              1     30.160      0.167     22.325    CORE65LPSVT 
HS65_LS_BFX71               1      8.320      0.037      5.506    CORE65LPSVT 
HS65_LS_CB4I6X9             2      8.320      0.008      0.835    CORE65LPSVT 
HS65_LS_CBI4I1X5           30    109.200      0.149     15.536    CORE65LPSVT 
HS65_LS_CNIVX10             2      5.200      0.006      1.073    CORE65LPSVT 
HS65_LS_CNIVX14            24     62.400      0.094      6.442    CORE65LPSVT 
HS65_LS_CNIVX17             9     28.080      0.046      3.337    CORE65LPSVT 
HS65_LS_CNIVX21            19     59.280      0.117      7.068    CORE65LPSVT 
HS65_LS_CNIVX27            16     58.240      0.146      7.953    CORE65LPSVT 
HS65_LS_CNIVX31             2      9.360      0.019      0.990    CORE65LPSVT 
HS65_LS_CNIVX34            35    163.800      0.416     25.228    CORE65LPSVT 
HS65_LS_CNIVX41             9     46.800      0.115      4.868    CORE65LPSVT 
HS65_LS_CNIVX45             2     12.480      0.031      1.789    CORE65LPSVT 
HS65_LS_CNIVX52             1      6.760      0.017      0.997    CORE65LPSVT 
HS65_LS_CNIVX7             27     42.120      0.046      3.242    CORE65LPSVT 
HS65_LS_CNIVX82             4     39.520      0.127      6.546    CORE65LPSVT 
HS65_LS_DFPHQX9            60    624.000      0.590    655.491    CORE65LPSVT 
HS65_LS_DFPQX18            40    332.800      0.494    418.681    CORE65LPSVT 
HS65_LS_DFPQX9            250   1950.000      2.335   2571.496    CORE65LPSVT 
HS65_LS_DFPRQNX18           2     21.840      0.026     21.990    CORE65LPSVT 
HS65_LS_DFPRQNX9           10    104.000      0.116     98.263    CORE65LPSVT 
HS65_LS_DFPRQX4           100   1040.000      0.876   1081.701    CORE65LPSVT 
HS65_LS_DFPRQX9           354   3681.600      3.509   3414.565    CORE65LPSVT 
HS65_LS_FA1X27             10    213.200      0.358     42.404    CORE65LPSVT 
HS65_LS_FA1X4              10     93.600      0.061     10.412    CORE65LPSVT 
HS65_LS_HA1X18             83    604.240      1.738    237.945    CORE65LPSVT 
HS65_LS_HA1X4              15     78.000      0.076      6.094    CORE65LPSVT 
HS65_LS_HA1X9              41    255.840      0.386     79.250    CORE65LPSVT 
HS65_LS_IVX106              2     17.680      0.085      6.059    CORE65LPSVT 
HS65_LS_IVX13               3      6.240      0.013      0.697    CORE65LPSVT 
HS65_LS_IVX142              1     11.960      0.056      3.991    CORE65LPSVT 
HS65_LS_IVX18             106    220.480      0.566     35.188    CORE65LPSVT 
HS65_LS_IVX2                2      3.120      0.002      0.038    CORE65LPSVT 
HS65_LS_IVX27              77    240.240      0.709     41.020    CORE65LPSVT 
HS65_LS_IVX31              25     91.000      0.275     12.655    CORE65LPSVT 
HS65_LS_IVX35              28    101.920      0.346     15.613    CORE65LPSVT 
HS65_LS_IVX40               1      4.160      0.014      0.670    CORE65LPSVT 
HS65_LS_IVX44               4     16.640      0.065      5.531    CORE65LPSVT 
HS65_LS_IVX49               6     31.200      0.111      5.260    CORE65LPSVT 
HS65_LS_IVX53               3     15.600      0.060      4.506    CORE65LPSVT 
HS65_LS_IVX7                2      3.120      0.004      0.421    CORE65LPSVT 
HS65_LS_IVX71               2     12.480      0.055      2.554    CORE65LPSVT 
HS65_LS_IVX9              299    466.440      0.765     69.764    CORE65LPSVT 
HS65_LS_MUX21I1X12         10     67.600      0.133      9.474    CORE65LPSVT 
HS65_LS_MUX21X4            84    349.440      0.397    135.809    CORE65LPSVT 
HS65_LS_MUX21X9             2      9.360      0.017      3.580    CORE65LPSVT 
HS65_LS_MUXI21X10           9     74.880      0.120      9.240    CORE65LPSVT 
HS65_LS_MUXI21X15          11    114.400      0.214     17.781    CORE65LPSVT 
HS65_LS_MUXI21X2          156    567.840      0.400    100.135    CORE65LPSVT 
HS65_LS_NAND2AX14          55    228.800      0.440     26.508    CORE65LPSVT 
HS65_LS_NAND2AX21          47    268.840      0.661     54.129    CORE65LPSVT 
HS65_LS_NAND2AX29          27    182.520      0.479     24.700    CORE65LPSVT 
HS65_LS_NAND2AX7          134    418.080      0.552     65.520    CORE65LPSVT 
HS65_LS_NAND2X11           47    171.080      0.237     18.301    CORE65LPSVT 
HS65_LS_NAND2X14          151    549.640      0.868     70.200    CORE65LPSVT 
HS65_LS_NAND2X21           66    343.200      0.709     39.170    CORE65LPSVT 
HS65_LS_NAND2X29           47    293.280      0.954     51.001    CORE65LPSVT 
HS65_LS_NAND2X43           48    424.320      1.493     72.957    CORE65LPSVT 
HS65_LS_NAND2X57            3     35.880      0.148      4.778    CORE65LPSVT 
HS65_LS_NAND2X7           279    580.320      0.523     80.697    CORE65LPSVT 
HS65_LS_NAND3AX19          19    148.200      0.242     12.420    CORE65LPSVT 
HS65_LS_NAND3AX25           1      9.880      0.029      1.282    CORE65LPSVT 
HS65_LS_NAND3AX6           10     36.400      0.016      2.792    CORE65LPSVT 
HS65_LS_NAND3X13           10     52.000      0.007      1.660    CORE65LPSVT 
HS65_LS_NAND3X19           12     81.120      0.314      9.562    CORE65LPSVT 
HS65_LS_NAND3X25            8     70.720      0.178      3.037    CORE65LPSVT 
HS65_LS_NAND3X5             2      5.200      0.000      0.000    CORE65LPSVT 
HS65_LS_NAND3X6             2      6.240      0.005      0.098    CORE65LPSVT 
HS65_LS_NAND4ABX3           1      3.640      0.001      0.172    CORE65LPSVT 
HS65_LS_NOR2AX13           28    116.480      0.250     24.532    CORE65LPSVT 
HS65_LS_NOR2AX25           10     67.600      0.207     12.210    CORE65LPSVT 
HS65_LS_NOR2AX3           147    382.200      0.352     43.055    CORE65LPSVT 
HS65_LS_NOR2AX6            95    296.400      0.432     34.775    CORE65LPSVT 
HS65_LS_NOR2X13           134    487.760      0.912     84.121    CORE65LPSVT 
HS65_LS_NOR2X19            77    400.400      0.747     60.010    CORE65LPSVT 
HS65_LS_NOR2X25            67    418.080      1.012     51.370    CORE65LPSVT 
HS65_LS_NOR2X38            71    627.640      1.691     80.937    CORE65LPSVT 
HS65_LS_NOR2X6            103    214.240      0.304     44.421    CORE65LPSVT 
HS65_LS_NOR3AX9             1      5.720      0.005      0.197    CORE65LPSVT 
HS65_LS_NOR3X18             8     70.720      0.131      3.247    CORE65LPSVT 
HS65_LS_NOR3X26             2     22.880      0.050      0.854    CORE65LPSVT 
HS65_LS_NOR4ABX4           10     41.600      0.013      0.806    CORE65LPSVT 
HS65_LS_NOR4X4              3     15.600      0.022      0.107    CORE65LPSVT 
HS65_LS_OA12X18            32    133.120      0.335     29.937    CORE65LPSVT 
HS65_LS_OA12X27             7     50.960      0.132     11.261    CORE65LPSVT 
HS65_LS_OA12X35            21    163.800      0.524     38.406    CORE65LPSVT 
HS65_LS_OA12X9             10     36.400      0.046      5.225    CORE65LPSVT 
HS65_LS_OA212X18            1      6.240      0.009      1.535    CORE65LPSVT 
HS65_LS_OA212X9             7     40.040      0.031      6.690    CORE65LPSVT 
HS65_LS_OA22X9              7     32.760      0.035      8.951    CORE65LPSVT 
HS65_LS_OA311X9             2      9.360      0.012      1.033    CORE65LPSVT 
HS65_LS_OA31X9              2      8.320      0.008      1.009    CORE65LPSVT 
HS65_LS_OAI112X16           9     79.560      0.208     11.787    CORE65LPSVT 
HS65_LS_OAI112X22           1     12.480      0.031      1.437    CORE65LPSVT 
HS65_LS_OAI12X12           39    202.800      0.369     35.748    CORE65LPSVT 
HS65_LS_OAI12X18           39    263.640      0.654     41.048    CORE65LPSVT 
HS65_LS_OAI12X24           17    150.280      0.407     22.520    CORE65LPSVT 
HS65_LS_OAI12X37            2     26.000      0.080      3.014    CORE65LPSVT 
HS65_LS_OAI12X6            55    171.600      0.248     24.988    CORE65LPSVT 
HS65_LS_OAI12X9             2     10.400      0.017      1.275    CORE65LPSVT 
HS65_LS_OAI211X16          10     88.400      0.133      9.275    CORE65LPSVT 
HS65_LS_OAI212X5          156    648.960      0.325    165.230    CORE65LPSVT 
HS65_LS_OAI21X18            3     20.280      0.051      3.204    CORE65LPSVT 
HS65_LS_OAI21X24            8     70.720      0.172     12.048    CORE65LPSVT 
HS65_LS_OAI21X3           190    494.000      0.456     90.591    CORE65LPSVT 
HS65_LS_OAI21X37            1     13.000      0.032      2.823    CORE65LPSVT 
HS65_LS_OAI21X9             4     20.800      0.030      1.793    CORE65LPSVT 
HS65_LS_OAI22X11           10     62.400      0.094     11.281    CORE65LPSVT 
HS65_LS_OAI22X6            12     43.680      0.046     11.294    CORE65LPSVT 
HS65_LS_OR2ABX27           10     57.200      0.130     12.770    CORE65LPSVT 
HS65_LS_OR2X18             14     50.960      0.124     11.855    CORE65LPSVT 
HS65_LS_OR2X9             107    333.840      0.512     81.124    CORE65LPSVT 
HS65_LS_PAO2X9              8     37.440      0.035      7.765    CORE65LPSVT 
HS65_LS_PAOI2X6            12     49.920      0.041      8.124    CORE65LPSVT 
HS65_LS_SDFPRQX9           96   1198.080      1.046   1231.405    CORE65LPSVT 
HS65_LS_XNOR2X18           13     87.880      0.287     33.249    CORE65LPSVT 
HS65_LS_XNOR2X35           20    228.800      0.866     55.598    CORE65LPSVT 
HS65_LS_XNOR2X9             4     20.800      0.039      6.053    CORE65LPSVT 
HS65_LS_XOR2X18            31    209.560      0.683     52.742    CORE65LPSVT 
HS65_LS_XOR2X27            12    124.800      0.383     28.139    CORE65LPSVT 
HS65_LS_XOR2X35            29    331.760      1.271     93.401    CORE65LPSVT 
HS65_LS_XOR2X9             11     57.200      0.109     20.941    CORE65LPSVT 
------------------------------------------------------------------------------
total                    5623  28542.280     47.185  13179.059                


                                            Leakage  Leakage  Internal  Internal 
     Type      Instances    Area   Area % Power (uW) Power % Power (uW)  Power % 
---------------------------------------------------------------------------------
sequential           912  8952.320   31.4      8.992    19.1   9493.591     72.0 
inverter             711  1776.320    6.2      4.308     9.1    273.497      2.1 
buffer               154   548.600    1.9      1.685     3.6    177.972      1.4 
logic               3846 17265.040   60.5     32.200    68.2   3233.999     24.5 
physical_cells         0     0.000    0.0      0.000     0.0      0.000      0.0 
---------------------------------------------------------------------------------
total               5623 28542.280  100.0     47.185   100.0  13179.059    100.0 

