============================================================
  Generated by:           Genus(TM) Synthesis Solution 17.10-p007_1
  Generated on:           Nov 24 2020  03:31:13 am
  Module:                 top_level
  Technology libraries:   CORE65LPSVT 
                          CLOCK65LPSVT 
                          physical_cells 
  Operating conditions:   _nominal_ 
  Interconnect mode:      global
  Area mode:              physical library
============================================================

                                            Leakage    Internal  
       Gate         Instances     Area    Power (uW)  Power (uW)     Library    
--------------------------------------------------------------------------------
HS65_LSS_XNOR2X12           8      54.080      0.107      17.381    CORE65LPSVT 
HS65_LSS_XNOR2X18           8      83.200      0.177      29.438    CORE65LPSVT 
HS65_LSS_XNOR2X24           2      24.960      0.059      11.891    CORE65LPSVT 
HS65_LSS_XNOR2X3           27     112.320      0.094      12.817    CORE65LPSVT 
HS65_LSS_XNOR2X6         2426   10092.160     16.206    1868.815    CORE65LPSVT 
HS65_LSS_XNOR3X12           1      24.440      0.027       3.674    CORE65LPSVT 
HS65_LSS_XNOR3X2            1       8.320      0.004       0.453    CORE65LPSVT 
HS65_LSS_XOR2X12            5      31.200      0.066       9.434    CORE65LPSVT 
HS65_LSS_XOR2X17            5      49.400      0.102       9.187    CORE65LPSVT 
HS65_LSS_XOR2X3             3      12.480      0.010       1.093    CORE65LPSVT 
HS65_LSS_XOR2X6          3335   13873.600     19.090    3344.224    CORE65LPSVT 
HS65_LSS_XOR3X2           285    2223.000      1.567     228.730    CORE65LPSVT 
HS65_LS_AND2ABX18           1       4.160      0.009       0.920    CORE65LPSVT 
HS65_LS_AND2ABX9           14      50.960      0.066       8.258    CORE65LPSVT 
HS65_LS_AND2X18           148     538.720      1.511     176.106    CORE65LPSVT 
HS65_LS_AND2X27            32     183.040      0.469      45.922    CORE65LPSVT 
HS65_LS_AND2X35             7      43.680      0.136      14.345    CORE65LPSVT 
HS65_LS_AND2X4           2295    5967.000      5.114    1070.237    CORE65LPSVT 
HS65_LS_AND2X9            327    1020.240      1.513     193.038    CORE65LPSVT 
HS65_LS_AND3ABCX9           2       9.360      0.011       1.245    CORE65LPSVT 
HS65_LS_AND3X18             9      42.120      0.105       4.736    CORE65LPSVT 
HS65_LS_AND3X27             4      27.040      0.072       3.136    CORE65LPSVT 
HS65_LS_AND3X9             22      80.080      0.129       9.389    CORE65LPSVT 
HS65_LS_AND4X13             1       6.240      0.017       0.427    CORE65LPSVT 
HS65_LS_AND4X6              4      20.800      0.029       0.938    CORE65LPSVT 
HS65_LS_AO112X18            3      14.040      0.028       2.557    CORE65LPSVT 
HS65_LS_AO112X27            1       8.840      0.016       1.511    CORE65LPSVT 
HS65_LS_AO112X9           143     594.880      0.707      80.823    CORE65LPSVT 
HS65_LS_AO12X18           290    1206.400      3.192     252.965    CORE65LPSVT 
HS65_LS_AO12X27             9      60.840      0.146      11.424    CORE65LPSVT 
HS65_LS_AO12X35             3      23.400      0.062       4.536    CORE65LPSVT 
HS65_LS_AO12X9           2686    9777.040     13.014    2429.617    CORE65LPSVT 
HS65_LS_AO212X18            1       6.240      0.010       0.869    CORE65LPSVT 
HS65_LS_AO212X4            32     149.760      0.101      36.385    CORE65LPSVT 
HS65_LS_AO22X9             77     320.320      0.359      74.557    CORE65LPSVT 
HS65_LS_AO311X9             5      23.400      0.024       3.473    CORE65LPSVT 
HS65_LS_AO31X18            25     130.000      0.248      29.340    CORE65LPSVT 
HS65_LS_AO31X27             5      44.200      0.074       4.476    CORE65LPSVT 
HS65_LS_AO31X9             14      58.240      0.061       5.502    CORE65LPSVT 
HS65_LS_AO32X18             8      45.760      0.089      20.114    CORE65LPSVT 
HS65_LS_AO32X4            796    3725.280      1.820     605.367    CORE65LPSVT 
HS65_LS_AO32X9             55     286.000      0.292      56.671    CORE65LPSVT 
HS65_LS_AOI112X4           11      40.040      0.041       4.004    CORE65LPSVT 
HS65_LS_AOI112X9            1       6.240      0.008       0.871    CORE65LPSVT 
HS65_LS_AOI12X12           24     124.800      0.253      13.460    CORE65LPSVT 
HS65_LS_AOI12X17            4      27.040      0.067       2.521    CORE65LPSVT 
HS65_LS_AOI12X2           795    2067.000      1.078     118.595    CORE65LPSVT 
HS65_LS_AOI12X23            5      44.200      0.110       4.841    CORE65LPSVT 
HS65_LS_AOI12X35            2      26.000      0.071       2.203    CORE65LPSVT 
HS65_LS_AOI12X6           320     998.400      1.385     144.197    CORE65LPSVT 
HS65_LS_AOI13X10            1       6.240      0.008       0.637    CORE65LPSVT 
HS65_LS_AOI13X15            2      17.680      0.021       2.374    CORE65LPSVT 
HS65_LS_AOI13X4             1       3.640      0.002       0.316    CORE65LPSVT 
HS65_LS_AOI13X5            12      43.680      0.038       5.486    CORE65LPSVT 
HS65_LS_AOI211X13          10      88.400      0.119       7.895    CORE65LPSVT 
HS65_LS_AOI211X4           39     141.960      0.140       9.734    CORE65LPSVT 
HS65_LS_AOI211X9            1       6.240      0.008       0.430    CORE65LPSVT 
HS65_LS_AOI212X4            6      24.960      0.027       3.126    CORE65LPSVT 
HS65_LS_AOI21X12            7      36.400      0.062       4.821    CORE65LPSVT 
HS65_LS_AOI21X17            2      13.520      0.030       1.501    CORE65LPSVT 
HS65_LS_AOI21X2            39     101.400      0.055      10.765    CORE65LPSVT 
HS65_LS_AOI21X23            2      17.680      0.041       1.883    CORE65LPSVT 
HS65_LS_AOI21X6            84     262.080      0.335      34.533    CORE65LPSVT 
HS65_LS_AOI21X9             5      26.000      0.028       2.704    CORE65LPSVT 
HS65_LS_AOI222X4            1       5.720      0.004       0.501    CORE65LPSVT 
HS65_LS_AOI222X9            1       9.360      0.008       1.046    CORE65LPSVT 
HS65_LS_AOI22X6           131     476.840      0.480      85.991    CORE65LPSVT 
HS65_LS_AOI311X12           2      21.840      0.022       4.795    CORE65LPSVT 
HS65_LS_AOI311X4            4      16.640      0.014       0.914    CORE65LPSVT 
HS65_LS_AOI311X8            1       7.800      0.008       0.849    CORE65LPSVT 
HS65_LS_AOI312X8            4      35.360      0.033       3.648    CORE65LPSVT 
HS65_LS_AOI31X5             2       7.280      0.007       0.443    CORE65LPSVT 
HS65_LS_BFX106             46     550.160      2.631     134.260    CORE65LPSVT 
HS65_LS_BFX142             44     686.400      3.407     139.613    CORE65LPSVT 
HS65_LS_BFX18             309     964.080      2.496     174.917    CORE65LPSVT 
HS65_LS_BFX213             38     849.680      4.482     206.722    CORE65LPSVT 
HS65_LS_BFX27             474    1725.360      5.997     347.193    CORE65LPSVT 
HS65_LS_BFX284             10     301.600      1.628      29.473    CORE65LPSVT 
HS65_LS_BFX31               2      10.400      0.031       1.398    CORE65LPSVT 
HS65_LS_BFX35              67     348.400      1.166      60.835    CORE65LPSVT 
HS65_LS_BFX40               2      11.440      0.040       2.332    CORE65LPSVT 
HS65_LS_BFX44              70     400.400      1.560      80.902    CORE65LPSVT 
HS65_LS_BFX53             148     923.520      3.990     213.146    CORE65LPSVT 
HS65_LS_BFX62              32     249.600      1.029      47.611    CORE65LPSVT 
HS65_LS_BFX71              27     224.640      1.000      49.878    CORE65LPSVT 
HS65_LS_BFX9              152     316.160      0.530     101.277    CORE65LPSVT 
HS65_LS_CB4I1X18            8      41.600      0.096       6.921    CORE65LPSVT 
HS65_LS_CB4I1X9           115     478.400      0.539      61.402    CORE65LPSVT 
HS65_LS_CB4I6X18          101     525.200      1.048     288.143    CORE65LPSVT 
HS65_LS_CB4I6X27            7      58.240      0.111       9.389    CORE65LPSVT 
HS65_LS_CB4I6X9           597    2483.520      2.837     600.586    CORE65LPSVT 
HS65_LS_CBI4I1X11          46     287.040      0.402      27.995    CORE65LPSVT 
HS65_LS_CBI4I1X16          18     159.120      0.263      17.507    CORE65LPSVT 
HS65_LS_CBI4I1X21           1      11.960      0.028       2.120    CORE65LPSVT 
HS65_LS_CBI4I1X5          604    2198.560      2.756     432.619    CORE65LPSVT 
HS65_LS_CBI4I6X5           89     323.960      0.238      37.259    CORE65LPSVT 
HS65_LS_CBI4I6X9            2      12.480      0.013       1.275    CORE65LPSVT 
HS65_LS_CNBFX62             1       9.880      0.035       1.747    CORE65LPSVT 
HS65_LS_CNIVX103            3      35.880      0.132       3.470    CORE65LPSVT 
HS65_LS_CNIVX124            1      14.040      0.057       1.659    CORE65LPSVT 
HS65_LS_CNIVX14             1       2.600      0.003       0.135    CORE65LPSVT 
HS65_LS_CNIVX21            17      53.040      0.112       7.600    CORE65LPSVT 
HS65_LS_CNIVX27            20      72.800      0.193       8.217    CORE65LPSVT 
HS65_LS_CNIVX31             2       9.360      0.025       0.672    CORE65LPSVT 
HS65_LS_CNIVX34            12      56.160      0.155       6.326    CORE65LPSVT 
HS65_LS_CNIVX41             4      20.800      0.059       2.860    CORE65LPSVT 
HS65_LS_CNIVX55             1       6.760      0.019       0.623    CORE65LPSVT 
HS65_LS_CNIVX62             8      58.240      0.205       6.234    CORE65LPSVT 
HS65_LS_CNIVX7            146     227.760      0.290      14.369    CORE65LPSVT 
HS65_LS_CNIVX82             3      29.640      0.109       2.593    CORE65LPSVT 
HS65_LS_DFPRQX4          3061   31834.400     26.756   18834.082    CORE65LPSVT 
HS65_LS_FA1X18           1456   20442.240     35.464    8659.913    CORE65LPSVT 
HS65_LS_FA1X27            772   16459.040     29.072    6947.046    CORE65LPSVT 
HS65_LS_FA1X4           45272  423745.920    282.582   96368.429    CORE65LPSVT 
HS65_LS_FA1X9            6828   74561.760     74.800   24691.432    CORE65LPSVT 
HS65_LS_HA1X18            303    2205.840      6.390     940.638    CORE65LPSVT 
HS65_LS_HA1X27             49     586.040      1.654     174.738    CORE65LPSVT 
HS65_LS_HA1X35              7      94.640      0.323      26.635    CORE65LPSVT 
HS65_LS_HA1X4            4564   23732.800     23.828    4362.707    CORE65LPSVT 
HS65_LS_HA1X9             650    4056.000      6.301     986.762    CORE65LPSVT 
HS65_LS_IVX106             52     459.680      2.230      89.435    CORE65LPSVT 
HS65_LS_IVX13               5      10.400      0.021       1.322    CORE65LPSVT 
HS65_LS_IVX142             36     430.560      2.119      76.222    CORE65LPSVT 
HS65_LS_IVX18            4785    9952.800     25.452    1395.914    CORE65LPSVT 
HS65_LS_IVX2                1       1.560      0.001       0.016    CORE65LPSVT 
HS65_LS_IVX213              5      85.800      0.434      10.377    CORE65LPSVT 
HS65_LS_IVX27             650    2028.000      5.994     277.161    CORE65LPSVT 
HS65_LS_IVX31              15      54.600      0.165       8.149    CORE65LPSVT 
HS65_LS_IVX35            1122    4084.080     13.997     569.577    CORE65LPSVT 
HS65_LS_IVX40               6      24.960      0.086       3.884    CORE65LPSVT 
HS65_LS_IVX44             725    3016.000     11.732     426.444    CORE65LPSVT 
HS65_LS_IVX49              12      62.400      0.222      12.285    CORE65LPSVT 
HS65_LS_IVX53             291    1513.200      5.840     196.407    CORE65LPSVT 
HS65_LS_IVX62              57     326.040      1.346      47.792    CORE65LPSVT 
HS65_LS_IVX7               16      24.960      0.031       1.909    CORE65LPSVT 
HS65_LS_IVX71             129     804.960      3.554     114.608    CORE65LPSVT 
HS65_LS_IVX9            23933   37335.480     58.637    5210.984    CORE65LPSVT 
HS65_LS_MUX21I1X12        403    2724.280      5.202     587.269    CORE65LPSVT 
HS65_LS_MUX21I1X18        142    1476.800      3.001     280.872    CORE65LPSVT 
HS65_LS_MUX21I1X24         29     361.920      0.838      56.110    CORE65LPSVT 
HS65_LS_MUX21I1X6         139     578.240      0.877     100.812    CORE65LPSVT 
HS65_LS_MUX21X18           87     542.880      1.536     139.854    CORE65LPSVT 
HS65_LS_MUX21X27           11     102.960      0.283      29.124    CORE65LPSVT 
HS65_LS_MUX21X35            2      20.800      0.072       4.679    CORE65LPSVT 
HS65_LS_MUX21X4          1535    6385.600      7.204    2557.410    CORE65LPSVT 
HS65_LS_MUX21X9            46     215.280      0.364      45.741    CORE65LPSVT 
HS65_LS_MUXI21X10          34     282.880      0.409      46.589    CORE65LPSVT 
HS65_LS_MUXI21X15           7      72.800      0.131      10.979    CORE65LPSVT 
HS65_LS_MUXI21X2           38     138.320      0.110      11.687    CORE65LPSVT 
HS65_LS_MUXI21X20           1      14.040      0.023       2.318    CORE65LPSVT 
HS65_LS_MUXI21X5           57     266.760      0.327      40.804    CORE65LPSVT 
HS65_LS_MUXI31X4            1       7.800      0.008       0.729    CORE65LPSVT 
HS65_LS_MX41X7             25     195.000      0.216      38.607    CORE65LPSVT 
HS65_LS_NAND2AX14         355    1476.800      3.229     209.030    CORE65LPSVT 
HS65_LS_NAND2AX21         140     800.800      1.989     110.382    CORE65LPSVT 
HS65_LS_NAND2AX29          23     155.480      0.427      18.227    CORE65LPSVT 
HS65_LS_NAND2AX7         2035    6349.200      9.021     646.861    CORE65LPSVT 
HS65_LS_NAND2X11           28     101.920      0.140      19.818    CORE65LPSVT 
HS65_LS_NAND2X14          962    3501.680      7.306     443.690    CORE65LPSVT 
HS65_LS_NAND2X21          284    1476.800      3.552     175.063    CORE65LPSVT 
HS65_LS_NAND2X29          157     979.680      2.714     133.803    CORE65LPSVT 
HS65_LS_NAND2X4             1       2.080      0.001       0.103    CORE65LPSVT 
HS65_LS_NAND2X43           51     450.840      1.428      71.307    CORE65LPSVT 
HS65_LS_NAND2X5             5      10.400      0.007       0.457    CORE65LPSVT 
HS65_LS_NAND2X57            9     107.640      0.363      17.608    CORE65LPSVT 
HS65_LS_NAND2X7          9389   19529.120     27.067    2398.674    CORE65LPSVT 
HS65_LS_NAND3AX13           3      17.160      0.035       1.846    CORE65LPSVT 
HS65_LS_NAND3AX19           2      15.600      0.036       1.643    CORE65LPSVT 
HS65_LS_NAND3AX6           62     225.680      0.288      17.173    CORE65LPSVT 
HS65_LS_NAND3X13           12      62.400      0.128       5.993    CORE65LPSVT 
HS65_LS_NAND3X19            4      27.040      0.066       2.113    CORE65LPSVT 
HS65_LS_NAND3X25            4      35.360      0.090       2.421    CORE65LPSVT 
HS65_LS_NAND3X38            6      78.000      0.206       5.838    CORE65LPSVT 
HS65_LS_NAND3X5            73     189.800      0.142      18.659    CORE65LPSVT 
HS65_LS_NAND3X6            20      62.400      0.108       5.906    CORE65LPSVT 
HS65_LS_NAND4ABX13          1       6.760      0.012       0.392    CORE65LPSVT 
HS65_LS_NAND4ABX19          1       9.880      0.022       0.795    CORE65LPSVT 
HS65_LS_NAND4ABX3          19      69.160      0.060       3.561    CORE65LPSVT 
HS65_LS_NAND4ABX6           2       8.320      0.011       0.313    CORE65LPSVT 
HS65_LS_NAND4X18            4      27.040      0.056       2.431    CORE65LPSVT 
HS65_LS_NAND4X27            1       8.320      0.023       0.588    CORE65LPSVT 
HS65_LS_NAND4X35            2      18.720      0.061       1.345    CORE65LPSVT 
HS65_LS_NOR2AX13          150     624.000      1.489     172.556    CORE65LPSVT 
HS65_LS_NOR2AX19           11      62.920      0.150      10.559    CORE65LPSVT 
HS65_LS_NOR2AX25            2      13.520      0.038       2.944    CORE65LPSVT 
HS65_LS_NOR2AX3          2093    5441.800      5.095     627.515    CORE65LPSVT 
HS65_LS_NOR2AX6           226     705.120      1.010     132.234    CORE65LPSVT 
HS65_LS_NOR2X13           376    1368.640      2.144     223.174    CORE65LPSVT 
HS65_LS_NOR2X19            58     301.600      0.547      31.439    CORE65LPSVT 
HS65_LS_NOR2X25            24     149.760      0.278      14.816    CORE65LPSVT 
HS65_LS_NOR2X38            31     274.040      0.594      41.339    CORE65LPSVT 
HS65_LS_NOR2X5              1       2.080      0.002       0.113    CORE65LPSVT 
HS65_LS_NOR2X50             4      47.840      0.107      16.370    CORE65LPSVT 
HS65_LS_NOR2X6           4759    9898.720     13.359    1245.576    CORE65LPSVT 
HS65_LS_NOR2X9             21      76.440      0.109      17.762    CORE65LPSVT 
HS65_LS_NOR3AX2             4      12.480      0.009       0.696    CORE65LPSVT 
HS65_LS_NOR3AX4             1       3.640      0.004       0.319    CORE65LPSVT 
HS65_LS_NOR3AX9             4      22.880      0.035       1.618    CORE65LPSVT 
HS65_LS_NOR3X13             3      20.280      0.034       1.770    CORE65LPSVT 
HS65_LS_NOR3X18             1       8.840      0.015       0.636    CORE65LPSVT 
HS65_LS_NOR3X26             5      57.200      0.112       4.090    CORE65LPSVT 
HS65_LS_NOR3X35             1      15.080      0.028       1.065    CORE65LPSVT 
HS65_LS_NOR3X4             97     252.200      0.329      50.096    CORE65LPSVT 
HS65_LS_NOR3X9              3      14.040      0.020       0.672    CORE65LPSVT 
HS65_LS_NOR4ABX2           14      50.960      0.033       2.156    CORE65LPSVT 
HS65_LS_NOR4ABX4           17      70.720      0.086       2.399    CORE65LPSVT 
HS65_LS_NOR4ABX9            1       6.240      0.010       0.343    CORE65LPSVT 
HS65_LS_NOR4X18             1       6.760      0.013       0.712    CORE65LPSVT 
HS65_LS_NOR4X27             1       8.320      0.022       1.268    CORE65LPSVT 
HS65_LS_NOR4X4              1       5.200      0.005       0.221    CORE65LPSVT 
HS65_LS_OA112X18           78     365.040      0.849     181.319    CORE65LPSVT 
HS65_LS_OA112X9           124     515.840      0.704      78.169    CORE65LPSVT 
HS65_LS_OA12X18            47     195.520      0.528      41.148    CORE65LPSVT 
HS65_LS_OA12X27             6      43.680      0.112       7.739    CORE65LPSVT 
HS65_LS_OA12X9            525    1911.000      2.562     344.879    CORE65LPSVT 
HS65_LS_OA212X18            2      12.480      0.023       1.887    CORE65LPSVT 
HS65_LS_OA212X9             1       5.720      0.005       0.720    CORE65LPSVT 
HS65_LS_OA222X18            2      13.520      0.021       2.540    CORE65LPSVT 
HS65_LS_OA22X9             17      79.560      0.080       9.076    CORE65LPSVT 
HS65_LS_OA311X9             3      14.040      0.015       1.115    CORE65LPSVT 
HS65_LS_OA31X18             2      10.400      0.023       1.917    CORE65LPSVT 
HS65_LS_OA32X18             1       5.720      0.012       0.989    CORE65LPSVT 
HS65_LS_OA32X9              2      10.400      0.011       1.111    CORE65LPSVT 
HS65_LS_OA33X9              3      17.160      0.012       2.127    CORE65LPSVT 
HS65_LS_OAI112X11           4      24.960      0.032       2.916    CORE65LPSVT 
HS65_LS_OAI112X5          183     666.120      0.626     148.088    CORE65LPSVT 
HS65_LS_OAI12X12          227    1180.400      2.333     154.760    CORE65LPSVT 
HS65_LS_OAI12X18          143     966.680      2.303     134.523    CORE65LPSVT 
HS65_LS_OAI12X24           37     327.080      0.822      45.440    CORE65LPSVT 
HS65_LS_OAI12X3           956    2485.600      1.948     237.933    CORE65LPSVT 
HS65_LS_OAI12X37            4      52.000      0.137       6.856    CORE65LPSVT 
HS65_LS_OAI12X6           459    1432.080      2.212     228.685    CORE65LPSVT 
HS65_LS_OAI12X9             1       5.200      0.007       0.550    CORE65LPSVT 
HS65_LS_OAI13X10            6      37.440      0.051       4.906    CORE65LPSVT 
HS65_LS_OAI13X15           12     106.080      0.184      25.465    CORE65LPSVT 
HS65_LS_OAI13X20            2      23.920      0.045       3.987    CORE65LPSVT 
HS65_LS_OAI13X5            35     127.400      0.191      13.258    CORE65LPSVT 
HS65_LS_OAI211X11           3      18.720      0.031       1.385    CORE65LPSVT 
HS65_LS_OAI211X16           4      35.360      0.063       3.560    CORE65LPSVT 
HS65_LS_OAI211X5           25      91.000      0.097       6.847    CORE65LPSVT 
HS65_LS_OAI212X10           7      58.240      0.078       5.290    CORE65LPSVT 
HS65_LS_OAI212X15           1      10.920      0.015       0.899    CORE65LPSVT 
HS65_LS_OAI212X5           40     166.400      0.125      33.487    CORE65LPSVT 
HS65_LS_OAI21X12           27     140.400      0.244      24.043    CORE65LPSVT 
HS65_LS_OAI21X18           22     148.720      0.277      21.205    CORE65LPSVT 
HS65_LS_OAI21X24            1       8.840      0.020       1.234    CORE65LPSVT 
HS65_LS_OAI21X3          1342    3489.200      2.770     430.661    CORE65LPSVT 
HS65_LS_OAI21X6            25      78.000      0.094      13.188    CORE65LPSVT 
HS65_LS_OAI21X9             2      10.400      0.014       1.787    CORE65LPSVT 
HS65_LS_OAI22X11           22     137.280      0.212      27.736    CORE65LPSVT 
HS65_LS_OAI22X17            6      53.040      0.089      10.046    CORE65LPSVT 
HS65_LS_OAI22X22            6      71.760      0.122      13.022    CORE65LPSVT 
HS65_LS_OAI22X33            1      17.160      0.031       2.247    CORE65LPSVT 
HS65_LS_OAI22X6           154     560.560      0.689      95.860    CORE65LPSVT 
HS65_LS_OAI311X10           3      23.400      0.040       2.040    CORE65LPSVT 
HS65_LS_OAI311X5            6      24.960      0.044       4.051    CORE65LPSVT 
HS65_LS_OAI31X10            8      49.920      0.067       5.132    CORE65LPSVT 
HS65_LS_OAI31X15            1       8.840      0.017       1.415    CORE65LPSVT 
HS65_LS_OAI31X30            1      17.160      0.035       2.513    CORE65LPSVT 
HS65_LS_OAI31X5             1       3.640      0.004       0.217    CORE65LPSVT 
HS65_LS_OAI32X5            14      58.240      0.047      12.713    CORE65LPSVT 
HS65_LS_OR2ABX18           34     141.440      0.349      29.953    CORE65LPSVT 
HS65_LS_OR2ABX27            5      28.600      0.063       3.731    CORE65LPSVT 
HS65_LS_OR2ABX35            2      11.440      0.042       2.687    CORE65LPSVT 
HS65_LS_OR2ABX9            35     127.400      0.152      19.014    CORE65LPSVT 
HS65_LS_OR2X18            213     775.320      2.078     198.052    CORE65LPSVT 
HS65_LS_OR2X27             30     171.600      0.434      38.460    CORE65LPSVT 
HS65_LS_OR2X35              7      43.680      0.145      10.875    CORE65LPSVT 
HS65_LS_OR2X9            2334    7282.080     10.446    1487.609    CORE65LPSVT 
HS65_LS_OR3ABCX9            1       4.680      0.005       0.633    CORE65LPSVT 
HS65_LS_OR3X18              5      23.400      0.045       2.218    CORE65LPSVT 
HS65_LS_OR3X9               8      29.120      0.025       2.525    CORE65LPSVT 
HS65_LS_OR4X14              6      43.680      0.081       2.656    CORE65LPSVT 
HS65_LS_OR4X21              9     102.960      0.208       5.957    CORE65LPSVT 
HS65_LS_OR4X29              2      26.000      0.060       1.747    CORE65LPSVT 
HS65_LS_OR4X7               2      11.440      0.014       0.514    CORE65LPSVT 
HS65_LS_PAO2X18            31     177.320      0.339      29.610    CORE65LPSVT 
HS65_LS_PAO2X27             1       9.880      0.018       1.279    CORE65LPSVT 
HS65_LS_PAO2X9           3257   15242.760     14.998    4966.113    CORE65LPSVT 
HS65_LS_PAOI2X1           617    2245.880      0.736     183.148    CORE65LPSVT 
HS65_LS_PAOI2X11           15     117.000      0.134      12.790    CORE65LPSVT 
HS65_LS_PAOI2X17            5      54.600      0.078       6.151    CORE65LPSVT 
HS65_LS_PAOI2X3             1       4.160      0.002       0.420    CORE65LPSVT 
HS65_LS_PAOI2X6           990    4118.400      4.270     674.430    CORE65LPSVT 
HS65_LS_PAOI2X8             9      70.200      0.053       9.563    CORE65LPSVT 
HS65_LS_SDFPRQNX18          6      78.000      0.084      24.202    CORE65LPSVT 
HS65_LS_SDFPRQNX4         663    8274.240      6.593    2389.243    CORE65LPSVT 
HS65_LS_SDFPRQNX9          12     149.760      0.131      44.144    CORE65LPSVT 
HS65_LS_SDFPRQX18          15     195.000      0.212      57.906    CORE65LPSVT 
HS65_LS_SDFPRQX4           30     374.400      0.295     108.234    CORE65LPSVT 
HS65_LS_SDFPRQX9         2285   28516.800     24.872   17037.717    CORE65LPSVT 
HS65_LS_XNOR2X18          694    4691.440     15.242    1683.498    CORE65LPSVT 
HS65_LS_XNOR2X27           76     790.400      2.406     262.542    CORE65LPSVT 
HS65_LS_XNOR2X35           32     366.080      1.390     156.929    CORE65LPSVT 
HS65_LS_XNOR2X4           273    1277.640      1.547     213.615    CORE65LPSVT 
HS65_LS_XNOR2X9           985    5122.000      9.637    1221.689    CORE65LPSVT 
HS65_LS_XNOR3X18            1      11.960      0.017       2.736    CORE65LPSVT 
HS65_LS_XOR2X18           631    4265.560     13.868    1439.721    CORE65LPSVT 
HS65_LS_XOR2X27           107    1112.800      3.415     330.759    CORE65LPSVT 
HS65_LS_XOR2X35            87     995.280      3.814     334.680    CORE65LPSVT 
HS65_LS_XOR2X4            623    2915.640      3.715     479.462    CORE65LPSVT 
HS65_LS_XOR2X9           1327    6900.400     13.105    1718.171    CORE65LPSVT 
HS65_LS_XOR3X18             6      68.640      0.094      13.301    CORE65LPSVT 
HS65_LS_XOR3X27             4      62.400      0.095      16.427    CORE65LPSVT 
HS65_LS_XOR3X9           2483   23240.880     18.145    2936.177    CORE65LPSVT 
--------------------------------------------------------------------------------
total                  159359  933336.040   1009.566  236165.298                


                                             Leakage  Leakage  Internal  Internal 
     Type      Instances    Area    Area % Power (uW) Power % Power (uW)  Power % 
----------------------------------------------------------------------------------
sequential          6072  69422.600    7.4     58.943     5.8  38495.529     16.3 
inverter           32058  60802.560    6.5    133.219    13.2   8497.241      3.6 
buffer              1422   7571.720    0.8     30.023     3.0   1591.305      0.7 
logic             119807 795539.160   85.2    787.381    78.0 187581.223     79.4 
physical_cells         0      0.000    0.0      0.000     0.0      0.000      0.0 
----------------------------------------------------------------------------------
total             159359 933336.040  100.0   1009.566   100.0 236165.298    100.0 

