============================================================
  Generated by:           Genus(TM) Synthesis Solution 17.10-p007_1
  Generated on:           Mar 03 2020  10:44:21 pm
  Module:                 INTER_2
  Technology libraries:   CORE65LPSVT 
                          CLOCK65LPSVT 
                          physical_cells 
  Operating conditions:   _nominal_ 
  Interconnect mode:      global
  Area mode:              physical library
============================================================

                                         Leakage   Internal  
      Gate        Instances    Area    Power (uW) Power (uW)     Library    
----------------------------------------------------------------------------
HS65_LSS_XOR2X6          68    282.880      0.433     10.059    CORE65LPSVT 
HS65_LSS_XOR3X2          34    265.200      0.183      4.193    CORE65LPSVT 
HS65_LS_AND3X9           34    123.760      0.198      5.318    CORE65LPSVT 
HS65_LS_AO112X9          34    141.440      0.167      5.245    CORE65LPSVT 
HS65_LS_AO12X9           34    123.760      0.176      3.790    CORE65LPSVT 
HS65_LS_AO32X4           34    159.120      0.073      3.057    CORE65LPSVT 
HS65_LS_AOI12X2          34     88.400      0.055      1.442    CORE65LPSVT 
HS65_LS_BFX18            16     49.920      0.130      2.341    CORE65LPSVT 
HS65_LS_BFX35            16     83.200      0.278      4.542    CORE65LPSVT 
HS65_LS_BFX53            16     99.840      0.431      7.121    CORE65LPSVT 
HS65_LS_CNIVX7           34     53.040      0.061      1.372    CORE65LPSVT 
HS65_LS_DFPRQX4         408   4243.200      3.566   1463.124    CORE65LPSVT 
HS65_LS_DFPRQX9         180   1872.000      1.803    572.782    CORE65LPSVT 
HS65_LS_FA1X18           68    954.720      1.672     44.562    CORE65LPSVT 
HS65_LS_FA1X4           918   8592.480      5.694    463.490    CORE65LPSVT 
HS65_LS_FA1X9           136   1485.120      1.501     70.598    CORE65LPSVT 
HS65_LS_HA1X4           323   1679.600      1.673    101.713    CORE65LPSVT 
HS65_LS_HA1X9            34    212.160      0.337     10.695    CORE65LPSVT 
HS65_LS_IVX18           170    353.600      0.903     12.172    CORE65LPSVT 
HS65_LS_IVX2              1      1.560      0.001      0.034    CORE65LPSVT 
HS65_LS_IVX9            680   1060.800      1.612     34.021    CORE65LPSVT 
HS65_LS_NAND2AX7         34    106.080      0.126      1.736    CORE65LPSVT 
HS65_LS_NAND2X7         136    282.880      0.338      6.735    CORE65LPSVT 
HS65_LS_NOR2AX3         204    530.400      0.498     12.396    CORE65LPSVT 
HS65_LS_NOR2X6          170    353.600      0.512      9.837    CORE65LPSVT 
HS65_LS_OAI12X3          34     88.400      0.096      1.332    CORE65LPSVT 
HS65_LS_OAI21X3          68    176.800      0.146      6.038    CORE65LPSVT 
HS65_LS_OR2X9            34    106.080      0.159      4.742    CORE65LPSVT 
HS65_LS_PAO2X9          136    636.480      0.615     35.382    CORE65LPSVT 
HS65_LS_XNOR2X9          68    353.600      0.669     20.553    CORE65LPSVT 
HS65_LS_XOR3X9           34    318.240      0.249      5.420    CORE65LPSVT 
----------------------------------------------------------------------------
total                  4190  24878.360     24.356   2925.844                


                                            Leakage  Leakage  Internal  Internal 
     Type      Instances    Area   Area % Power (uW) Power % Power (uW)  Power % 
---------------------------------------------------------------------------------
sequential           588  6115.200   24.6      5.369    22.0   2035.906     69.6 
inverter             885  1469.000    5.9      2.576    10.6     47.599      1.6 
buffer                48   232.960    0.9      0.839     3.4     14.004      0.5 
logic               2669 17061.200   68.6     15.572    63.9    828.334     28.3 
physical_cells         0     0.000    0.0      0.000     0.0      0.000      0.0 
---------------------------------------------------------------------------------
total               4190 24878.360  100.0     24.356   100.0   2925.844    100.0 

