============================================================
  Generated by:           Genus(TM) Synthesis Solution 17.10-p007_1
  Generated on:           Mar 03 2020  10:44:22 pm
  Module:                 INTER_2
  Technology libraries:   CORE65LPSVT 
                          CLOCK65LPSVT 
                          physical_cells 
  Operating conditions:   _nominal_ 
  Interconnect mode:      global
  Area mode:              physical library
============================================================

                             Leakage   Dynamic    Total   
       Instance       Cells Power(uW) Power(uW) Power(uW) 
----------------------------------------------------------
INTER_2                4190    24.356  4475.280  4499.636 
  gen_filter[10].U_S0   209     1.070   104.651   105.720 
  gen_filter[14].U_S0   209     1.069   105.979   107.047 
  gen_filter[15].U_S0   209     1.068   116.348   117.416 
  gen_filter[1].U_S0    209     1.068   128.506   129.575 
  gen_filter[9].U_S0    209     1.068    96.696    97.764 
  gen_filter[0].U_S0    209     1.068   124.674   125.742 
  gen_filter[13].U_S0   209     1.068   105.413   106.480 
  gen_filter[7].U_S0    209     1.068   118.880   119.948 
  gen_filter[2].U_S0    209     1.068   113.376   114.444 
  gen_filter[4].U_S0    209     1.067   117.217   118.284 
  gen_filter[3].U_S0    209     1.067   115.019   116.086 
  gen_filter[8].U_S0    209     1.067   102.970   104.037 
  gen_filter[16].U_S0   209     1.067   116.865   117.932 
  gen_filter[11].U_S0   209     1.066   107.615   108.681 
  gen_filter[12].U_S0   209     1.066   105.251   106.317 
  gen_filter[6].U_S0    209     1.066   115.608   116.674 
  gen_filter[5].U_S0    209     1.066   108.823   109.889 

