============================================================
  Generated by:           Genus(TM) Synthesis Solution 17.10-p007_1
  Generated on:           Nov 24 2019  09:21:05 pm
  Module:                 FME_PIPE_6
  Technology libraries:   CORE65LPSVT 
                          CLOCK65LPSVT 
                          physical_cells 
  Operating conditions:   _nominal_ 
  Interconnect mode:      global
  Area mode:              physical library
============================================================

            Instance                       Module           Cells  Cell Area  Net Area   Total Area 
----------------------------------------------------------------------------------------------------
FME_PIPE_6                                                  21572     111410     46464       157874 
  U_inter                        interpolation_bit_width10  14573      74026     28900       102926 
  U_buffer                       buffer_shift                5749      29786     13093        42879 
  U_crtl                         CRTL_bit_width10              94        505       177          682 
  clipping[8].U_clip             clip8_bit_width10_827         15         47        14           61 
  clipping[7].U_clip             clip8_bit_width10_828         15         47        14           61 
  clipping[6].U_clip             clip8_bit_width10_829         15         47        14           61 
  clipping[5].U_clip             clip8_bit_width10_830         15         47        14           61 
  clipping[4].U_clip             clip8_bit_width10_831         15         47        14           61 
  clipping[3].U_clip             clip8_bit_width10_832         15         47        14           61 
  clipping[2].U_clip             clip8_bit_width10_833         15         47        14           61 
  clipping[1].U_clip             clip8_bit_width10_834         15         47        14           61 
  clipping[0].U_clip             clip8_bit_width10             15         47        14           61 
  clipping[26].U_clip_gte_769_34 geq_signed_1782                6         19         7           26 
  clipping[25].U_clip_gte_769_34 geq_signed_1782_3017           6         19         7           26 
  clipping[24].U_clip_gte_769_34 geq_signed_1782_3016           6         19         7           26 
  clipping[23].U_clip_gte_769_34 geq_signed_1782_3015           6         19         7           26 
  clipping[22].U_clip_gte_769_34 geq_signed_1782_3014           6         19         7           26 
  clipping[21].U_clip_gte_769_34 geq_signed_1782_3013           6         19         7           26 
  clipping[20].U_clip_gte_769_34 geq_signed_1782_3012           6         19         7           26 
  clipping[19].U_clip_gte_769_34 geq_signed_1782_3011           6         19         7           26 
  clipping[18].U_clip_gte_769_34 geq_signed_1782_3010           6         19         7           26 
  clipping[17].U_clip_gte_769_34 geq_signed_1782_3009           6         19         7           26 
  clipping[16].U_clip_gte_769_34 geq_signed_1782_3008           6         19         7           26 
  clipping[15].U_clip_gte_769_34 geq_signed_1782_3007           6         19         7           26 
  clipping[14].U_clip_gte_769_34 geq_signed_1782_3006           6         19         7           26 
  clipping[13].U_clip_gte_769_34 geq_signed_1782_3005           6         19         7           26 
  clipping[12].U_clip_gte_769_34 geq_signed_1782_3004           6         19         7           26 
  clipping[11].U_clip_gte_769_34 geq_signed_1782_3003           6         19         7           26 
  clipping[10].U_clip_gte_769_34 geq_signed_1782_3002           6         19         7           26 
  clipping[9].U_clip_gte_769_34  geq_signed_1782_3001           6         19         7           26 
