============================================================
  Generated by:           Genus(TM) Synthesis Solution 17.10-p007_1
  Generated on:           Nov 24 2019  09:21:08 pm
  Module:                 FME_PIPE_6
  Technology libraries:   CORE65LPSVT 
                          CLOCK65LPSVT 
                          physical_cells 
  Operating conditions:   _nominal_ 
  Interconnect mode:      global
  Area mode:              physical library
============================================================

                                     Leakage   Internal    Net        Dynamic          Total       
                                                                  (Internal+Net) (Leakage+Dynamic) 
           Instance           Cells Power(uW) Power(uW) Power(uW)    Power(uW)       Power(uW)     
---------------------------------------------------------------------------------------------------
FME_PIPE_6                    21572   185.318 43737.692 29060.673      72798.364         72983.682 
  U_inter                     14573   146.127 23870.622 17152.353      41022.975         41169.101 
    addinc_PUs.._S1_add_18_16    76     1.287    70.217    87.510        157.727           159.014 
    addinc_PUs.._S1_add_18_16    78     1.285    72.896    78.156        151.052           152.337 
    addinc_PUs.._S1_add_18_16    77     1.278    73.235    90.708        163.943           165.222 
    addinc_PUs.._S1_add_18_16    76     1.274    69.259    87.188        156.448           157.722 
    addinc_PUs.._S1_add_18_16    76     1.273    60.886    66.774        127.660           128.933 
    addinc_PUs.._S1_add_18_16    77     1.269    70.534    74.904        145.438           146.707 
    PUs[4].U_F..S23_add_18_10    91     1.267   138.341   140.002        278.343           279.610 
    PUs[6].U_F.._S3_add_18_10    91     1.266   132.636   136.945        269.582           270.848 
    addinc_PUs.._S1_add_18_16    77     1.266    67.015    72.113        139.128           140.394 
    PUs[7].U_F.._S3_add_18_10    91     1.266   138.979   140.475        279.454           280.720 
    PUs[8].U_F..S23_add_18_10    91     1.265   141.217   140.523        281.740           283.005 
    PUs[8].U_F.._S3_add_18_10    91     1.263   146.103   145.173        291.276           292.539 
    PUs[7].U_F..S23_add_18_10    91     1.263   140.711   144.096        284.808           286.071 
    addinc_PUs.._S1_add_18_16    76     1.262    68.297    85.411        153.707           154.969 
    PUs[2].U_F.._S3_add_18_10    91     1.261   134.560   133.745        268.305           269.566 
    PUs[5].U_F..S23_add_18_10    91     1.261   136.254   137.062        273.315           274.576 
    PUs[6].U_F..S23_add_18_10    91     1.260   134.514   137.004        271.518           272.779 
    PUs[1].U_F.._S3_add_18_10    91     1.260   144.823   146.653        291.476           292.736 
    PUs[2].U_F..S23_add_18_10    91     1.258   136.422   136.422        272.845           274.103 
    PUs[3].U_F.._S3_add_18_10    91     1.258   133.397   133.509        266.906           268.164 
    PUs[4].U_F.._S3_add_18_10    91     1.258   136.141   136.811        272.952           274.210 
    PUs[0].U_F.._S3_add_18_10    91     1.257   137.314   138.829        276.143           277.401 
    PUs[3].U_F..S23_add_18_10    91     1.257   131.743   133.582        265.325           266.582 
    addinc_PUs.._S1_add_18_16    77     1.257    73.734    93.714        167.448           168.705 
    PUs[0].U_F..S23_add_18_10    91     1.257   138.973   138.903        277.876           279.133 
    PUs[5].U_F.._S3_add_18_10    91     1.257   139.696   139.409        279.105           280.362 
    PUs[1].U_F..S23_add_18_10    91     1.257   133.710   135.339        269.049           270.305 
    addinc_PUs.._S1_add_18_16    76     1.256    70.341    87.312        157.654           158.910 
    addinc_PUs.._S1_add_18_16    76     1.244    70.614    74.595        145.209           146.453 
    addinc_PUs.._S1_add_18_16    76     1.240    71.227    76.591        147.818           149.058 
    csa_tree_P.._18_10_groupi   105     1.090   179.797   266.263        446.059           447.149 
    csa_tree_P.._18_10_groupi   105     1.088   176.062   263.324        439.387           440.474 
    csa_tree_P.._18_10_groupi   105     1.085   179.069   267.794        446.862           447.948 
    csa_tree_P.._18_10_groupi   105     1.085   175.329   263.001        438.330           439.415 
    csa_tree_P.._18_10_groupi   105     1.084   180.023   266.681        446.704           447.788 
    addinc_PUs.._S0_add_18_16    83     1.048    57.579    70.872        128.451           129.499 
    addinc_PUs.._S0_add_18_16    81     1.010    53.618    78.049        131.666           132.676 
    addinc_PUs.._S0_add_18_16    82     0.986    52.164    71.674        123.838           124.823 
    PUs[0].U_F..S14_add_18_10   107     0.985   142.258   179.500        321.757           322.742 
    addinc_PUs.._S0_add_18_16    80     0.984    53.791    78.024        131.816           132.800 
    PUs[1].U_F..S14_add_18_10   107     0.982   141.553   177.090        318.643           319.626 
    addinc_PUs.._S0_add_18_16    79     0.982    59.224    72.999        132.222           133.204 
    PUs[2].U_F..S14_add_18_10   107     0.981   135.896   168.601        304.497           305.478 
    addinc_PUs.._S0_add_18_16    79     0.976    46.899    56.255        103.154           104.130 
    PUs[8].U_F..S14_add_18_10   106     0.976   137.594   168.738        306.332           307.308 
    PUs[7].U_F..S14_add_18_10   106     0.976   134.842   167.435        302.277           303.252 
    PUs[3].U_F..S12_add_41_16    98     0.973    76.185    93.451        169.636           170.609 
    PUs[6].U_F..S14_add_18_10   106     0.973   133.258   168.023        301.282           302.255 
    PUs[3].U_F..S14_add_18_10   106     0.973   136.038   170.190        306.229           307.202 
    PUs[5].U_F..S14_add_18_10   106     0.972   137.502   169.142        306.644           307.617 
    PUs[4].U_F..S14_add_18_10   106     0.972   141.157   175.213        316.370           317.342 
    PUs[0].U_F..S12_add_41_16   100     0.971    78.640    94.072        172.712           173.683 
    csa_tree_P.._18_10_groupi   105     0.967   174.483   240.122        414.605           415.572 
    addinc_PUs.._S0_add_18_16    80     0.966    53.963    68.494        122.456           123.422 
    addinc_PUs.._S0_add_18_16    80     0.960    47.140    58.491        105.632           106.591 
    addinc_PUs.._S0_add_18_16    78     0.952    54.575    74.711        129.286           130.239 
    addinc_PUs.._S0_add_18_16    81     0.952    49.639    63.427        113.066           114.018 
    addinc_PUs.._S0_add_18_16    79     0.950    50.672    63.711        114.383           115.332 
    addinc_PUs.._S0_add_18_16    79     0.947    50.868    72.360        123.228           124.175 
    addinc_PUs.._S0_add_18_16    77     0.939    51.169    66.304        117.473           118.412 
    PUs[5].U_F..S12_add_41_16    97     0.936    75.512    95.281        170.793           171.728 
    PUs[6].U_F..S12_add_41_16    97     0.935    69.679    85.067        154.746           155.681 
    addinc_PUs.._S0_add_18_16    81     0.933    47.637    62.526        110.162           111.095 
    PUs[8].U_F..S12_add_41_16    97     0.932    74.371    91.494        165.865           166.797 
    PUs[7].U_F..S12_add_41_16    97     0.925    70.286    85.991        156.277           157.203 
    PUs[1].U_F..S12_add_41_16    97     0.923    67.539    81.513        149.052           149.976 
    PUs[4].U_F..S12_add_41_16    97     0.916    72.914    89.342        162.256           163.171 
    PUs[2].U_F..S12_add_41_16    97     0.913    74.971    91.516        166.486           167.400 
    PUs[5].U_F.._S0_add_18_10    62     0.890    53.192    79.685        132.877           133.767 
    PUs[3].U_F.._S0_add_18_10    62     0.862    51.093    77.085        128.178           129.040 
    PUs[2].U_F.._S0_add_18_10    62     0.860    50.226    75.198        125.424           126.284 
    PUs[0].U_F.._S0_add_18_10    62     0.856    52.576    84.021        136.597           137.453 
    PUs[4].U_F.._S0_add_18_10    61     0.845    51.410    71.285        122.696           123.540 
    PUs[1].U_F.._S0_add_18_10    61     0.824    46.675    74.896        121.571           122.396 
    PUs[6].U_F.._S0_add_18_10    61     0.800    43.102    63.630        106.732           107.532 
    csa_tree_P.._18_10_groupi   105     0.790   138.715   153.320        292.035           292.825 
    csa_tree_P.._18_10_groupi   105     0.789   142.285   156.582        298.867           299.656 
    csa_tree_P.._18_10_groupi   105     0.788   140.431   156.078        296.509           297.298 
    csa_tree_P.._18_10_groupi   105     0.788   144.917   160.603        305.520           306.307 
    csa_tree_P.._18_10_groupi   105     0.787   145.208   163.029        308.237           309.024 
    csa_tree_P.._18_10_groupi   105     0.787   140.276   155.795        296.071           296.858 
    csa_tree_P.._18_10_groupi   105     0.787   139.948   156.135        296.083           296.869 
    csa_tree_P.._18_10_groupi   105     0.786   144.367   159.743        304.110           304.896 
    csa_tree_P.._18_10_groupi   105     0.786   137.707   152.210        289.917           290.703 
    csa_tree_P.._18_10_groupi   105     0.785   143.176   157.471        300.648           301.433 
    csa_tree_P.._18_10_groupi   105     0.785   136.370   151.014        287.384           288.169 
    csa_tree_P.._18_10_groupi   105     0.785   142.388   159.729        302.118           302.903 
    PUs[0].U_F.._S0_add_18_10    59     0.769    43.219    67.889        111.107           111.876 
    PUs[7].U_F.._S0_add_18_10    61     0.667    40.297    59.280         99.577           100.243 
    PUs[0].U_F.._S0_add_18_10    59     0.660    41.131    63.313        104.444           105.104 
    PUs[0].U_F.._S0_add_18_10    61     0.651    42.495    62.953        105.449           106.099 
    PUs[8].U_F.._S0_add_18_10    61     0.635    40.390    57.381         97.772            98.407 
    addinc_PUs.._S2_add_18_16    45     0.542    37.205    31.258         68.463            69.005 
    addinc_PUs..S22_add_18_16    44     0.541    36.199    31.116         67.314            67.855 
    addinc_PUs..S22_add_18_16    45     0.541    38.162    30.812         68.974            69.515 
    addinc_PUs.._S2_add_18_16    44     0.534    37.135    30.608         67.743            68.277 
    addinc_PUs..S22_add_18_16    45     0.534    39.503    33.859         73.363            73.896 
    addinc_PUs..S22_add_18_16    45     0.530    35.123    30.659         65.783            66.313 
    addinc_PUs..S22_add_18_16    47     0.530    36.463    31.082         67.545            68.075 
    addinc_PUs..S22_add_18_16    45     0.528    36.662    30.624         67.287            67.815 
    addinc_PUs.._S2_add_18_16    45     0.527    35.171    29.102         64.273            64.800 
    addinc_PUs.._S2_add_18_16    45     0.527    40.284    32.780         73.064            73.591 
    addinc_PUs..S22_add_18_16    45     0.527    36.728    31.021         67.750            68.276 
    addinc_PUs.._S2_add_18_16    45     0.523    33.266    28.815         62.081            62.604 
    addinc_PUs.._S2_add_18_16    45     0.523    37.248    30.218         67.466            67.988 
    addinc_PUs..S22_add_18_16    44     0.522    38.328    32.465         70.793            71.314 
    addinc_PUs.._S2_add_18_16    44     0.518    35.503    29.799         65.303            65.821 
    addinc_PUs..S22_add_18_16    44     0.518    39.749    32.587         72.336            72.854 
    addinc_PUs.._S2_add_18_16    44     0.514    39.811    34.078         73.889            74.404 
    addinc_PUs.._S2_add_18_16    44     0.513    35.403    29.891         65.294            65.807 
    PUs[0].U_F..S15_add_41_16    76     0.485    78.014   187.675        265.688           266.173 
    PUs[1].U_F..S15_add_41_16    76     0.484    77.889   187.663        265.552           266.036 
    PUs[2].U_F..S15_add_41_16    76     0.483    75.724   181.903        257.627           258.110 
    addinc_PUs.._S2_add_18_16    76     0.417    26.656    39.043         65.699            66.117 
    csa_tree_P.._18_10_groupi    60     0.417    37.460    39.128         76.588            77.005 
    addinc_PUs.._S2_add_18_16    76     0.415    29.379    42.199         71.578            71.994 
    addinc_PUs.._S2_add_18_16    76     0.411    28.462    40.621         69.083            69.494 
    addinc_PUs.._S2_add_18_16    74     0.410    24.935    32.937         57.872            58.282 
    addinc_PUs.._S2_add_18_16    74     0.408    24.862    36.639         61.501            61.909 
    addinc_PUs.._S2_add_18_16    73     0.407    27.270    40.236         67.506            67.912 
    addinc_PUs.._S2_add_18_16    73     0.406    25.067    35.553         60.620            61.026 
    addinc_PUs.._S2_add_18_16    73     0.401    24.825    37.356         62.181            62.582 
    csa_tree_P.._18_10_groupi    60     0.398    31.867    34.028         65.896            66.294 
    csa_tree_P.._18_10_groupi    64     0.391    29.289    34.144         63.433            63.824 
    addinc_PUs.._S2_add_18_16    73     0.391    26.441    39.285         65.725            66.116 
    addinc_PUs.._S2_add_18_16    73     0.390    25.314    35.329         60.643            61.034 
    PUs[7].U_F.._S1_add_18_10    56     0.386    26.942    46.382         73.324            73.710 
    csa_tree_P.._18_10_groupi    64     0.385    29.444    36.511         65.956            66.341 
    csa_tree_P.._18_10_groupi    64     0.383    32.928    40.159         73.086            73.470 
    csa_tree_P.._18_10_groupi    63     0.383    30.272    38.160         68.432            68.816 
    csa_tree_P.._18_10_groupi    63     0.381    28.699    35.006         63.705            64.085 
    PUs[6].U_F.._S1_add_18_10    56     0.375    25.013    46.604         71.617            71.992 
    PUs[1].U_F..S10_add_41_16    40     0.375    33.404    26.274         59.678            60.052 
    csa_tree_P.._18_10_groupi    65     0.371    30.745    37.920         68.665            69.036 
    csa_tree_P.._18_10_groupi    63     0.370    27.241    32.362         59.603            59.973 
    PUs[4].U_F..S10_add_41_16    41     0.370    30.881    22.884         53.765            54.135 
    PUs[7].U_F..S10_add_41_16    40     0.369    34.630    27.001         61.631            62.000 
    PUs[6].U_F..S10_add_41_16    41     0.369    35.926    27.396         63.322            63.691 
    PUs[5].U_F..S10_add_41_16    41     0.367    31.877    23.623         55.500            55.867 
    PUs[8].U_F..S10_add_41_16    41     0.365    35.575    27.867         63.442            63.807 
    PUs[3].U_F.._S1_add_18_10    55     0.364    25.328    46.839         72.167            72.531 
    PUs[3].U_F..S10_add_41_16    41     0.364    32.039    25.230         57.269            57.633 
    PUs[2].U_F.._S1_add_18_10    55     0.364    24.627    46.750         71.377            71.741 
    PUs[2].U_F..S10_add_41_16    40     0.362    34.109    25.919         60.029            60.391 
    PUs[4].U_F.._S1_add_18_10    55     0.362    26.700    49.326         76.026            76.388 
    PUs[5].U_F.._S1_add_18_10    54     0.361    25.246    48.159         73.405            73.766 
    PUs[0].U_F..S10_add_41_16    41     0.359    31.191    24.205         55.396            55.755 
    PUs[0].U_F.._S1_add_18_10    54     0.359    23.567    43.739         67.306            67.665 
    addinc_PUs.._S1_add_18_16    45     0.350    32.860    28.528         61.388            61.739 
    PUs[8].U_F.._S1_add_18_10    56     0.346    25.533    40.728         66.260            66.606 
    PUs[1].U_F.._S1_add_18_10    53     0.346    27.078    51.878         78.956            79.302 
    addinc_PUs.._S1_add_18_16    47     0.342    30.446    27.259         57.704            58.047 
    addinc_PUs..S21_add_18_16    45     0.341    30.805    28.038         58.842            59.183 
    addinc_PUs..S21_add_18_16    45     0.340    30.216    25.595         55.810            56.150 
    addinc_PUs.._S1_add_18_16    45     0.337    28.890    26.491         55.381            55.718 
    addinc_PUs.._S1_add_18_16    45     0.336    28.693    24.889         53.582            53.919 
    addinc_PUs.._S1_add_18_16    46     0.336    30.207    27.505         57.712            58.048 
    addinc_PUs.._S1_add_18_16    45     0.333    29.362    25.752         55.114            55.447 
    addinc_PUs..S21_add_18_16    46     0.330    28.868    26.456         55.324            55.654 
    addinc_PUs..S21_add_18_16    46     0.330    29.052    25.675         54.727            55.057 
    PUs[0].U_F.._S1_add_18_10    55     0.328    22.431    38.870         61.301            61.629 
    addinc_PUs..S21_add_18_16    45     0.327    27.959    26.938         54.897            55.224 
    addinc_PUs..S21_add_18_16    46     0.327    30.073    27.841         57.914            58.241 
    addinc_PUs.._S1_add_18_16    45     0.325    28.612    25.570         54.183            54.508 
    addinc_PUs..S21_add_18_16    45     0.324    28.367    24.794         53.161            53.486 
    addinc_PUs..S21_add_18_16    45     0.324    25.394    23.429         48.823            49.147 
    addinc_PUs..S21_add_18_16    45     0.319    28.663    26.095         54.758            55.077 
    addinc_PUs.._S1_add_18_16    45     0.315    27.330    24.318         51.649            51.964 
    addinc_PUs.._S1_add_18_16    45     0.309    26.390    24.223         50.613            50.922 
    PUs[6].U_F..S15_add_41_16    70     0.291    50.000    82.089        132.088           132.380 
    PUs[4].U_F..S15_add_41_16    70     0.291    49.220    81.360        130.580           130.872 
    PUs[8].U_F..S15_add_41_16    70     0.291    46.862    78.130        124.993           125.284 
    PUs[3].U_F..S15_add_41_16    70     0.291    50.731    84.932        135.663           135.954 
    PUs[5].U_F..S15_add_41_16    70     0.290    48.420    78.615        127.035           127.326 
    PUs[7].U_F..S15_add_41_16    70     0.290    46.703    77.599        124.302           124.592 
    PUs[0].U_F6_U_p11            17     0.159   139.300    22.827        162.126           162.285 
    PUs[8].U_F6_U_p11            17     0.159   138.755    22.063        160.817           160.976 
    PUs[1].U_F6_U_p11            17     0.159   137.181    21.237        158.418           158.577 
    PUs[7].U_F6_U_p11            17     0.159   139.570    22.872        162.442           162.601 
    PUs[5].U_F6_U_p11            17     0.159   139.497    22.975        162.472           162.631 
    PUs[2].U_F6_U_p11            17     0.159   136.977    21.316        158.293           158.451 
    PUs[4].U_F6_U_p11            17     0.159   138.918    22.130        161.048           161.206 
    PUs[3].U_F6_U_p11            17     0.159   138.814    22.581        161.396           161.554 
    PUs[6].U_F6_U_p11            17     0.159   137.961    22.166        160.128           160.286 
    PUs[5].U_F6_U_p23            15     0.139   127.212    15.340        142.552           142.691 
    PUs[6].U_F6_U_p4             15     0.139   127.212    15.340        142.552           142.691 
    PUs[1].U_F6_U_p23            15     0.139   127.374    16.923        144.297           144.436 
    PUs[2].U_F6_U_p4             15     0.139   127.374    16.923        144.297           144.436 
    PUs[6].U_F6_U_p23            15     0.139   129.448    16.969        146.417           146.556 
    PUs[7].U_F6_U_p4             15     0.139   129.448    16.969        146.417           146.556 
    PUs[7].U_F6_U_p23            15     0.139   127.735    15.778        143.513           143.652 
    PUs[8].U_F6_U_p4             15     0.139   127.735    15.778        143.513           143.652 
    PUs[4].U_F6_U_p23            15     0.139   127.745    15.490        143.235           143.374 
    PUs[5].U_F6_U_p4             15     0.139   127.745    15.490        143.235           143.374 
    PUs[8].U_F6_U_p23            15     0.139   127.218    14.948        142.166           142.305 
    PUs[3].U_F6_U_p23            15     0.139   128.653    16.274        144.927           145.066 
    PUs[4].U_F6_U_p4             15     0.139   128.653    16.274        144.927           145.066 
    PUs[0].U_F6_U_p23            15     0.139   127.356    17.090        144.446           144.585 
    PUs[1].U_F6_U_p4             15     0.139   127.356    17.090        144.446           144.585 
    PUs[2].U_F6_U_p23            15     0.139   128.088    18.066        146.154           146.293 
    PUs[3].U_F6_U_p4             15     0.139   128.086    16.451        144.538           144.677 
    PUs[0].U_F6_U_p4             15     0.139   126.160    17.275        143.435           143.574 
    PUs[1].U_F6_U_p22            14     0.130   126.148    19.374        145.522           145.652 
    PUs[0].U_F6_U_p22            14     0.130   124.758    19.043        143.801           143.931 
    PUs[8].U_F6_U_p22            14     0.130   123.345    16.863        140.208           140.338 
    PUs[7].U_F6_U_p22            14     0.130   124.147    16.695        140.842           140.972 
    PUs[3].U_F6_U_p3             14     0.130   123.730    16.334        140.064           140.194 
    PUs[6].U_F6_U_p3             14     0.130   124.186    16.687        140.874           141.004 
    PUs[2].U_F6_U_p22            14     0.130   124.104    18.488        142.592           142.722 
    PUs[1].U_F6_U_p3             14     0.130   124.137    18.646        142.783           142.913 
    PUs[4].U_F6_U_p22            14     0.130   123.597    16.712        140.309           140.439 
    PUs[4].U_F6_U_p3             14     0.130   125.411    17.912        143.323           143.452 
    PUs[8].U_F6_U_p3             14     0.130   123.851    16.497        140.348           140.477 
    PUs[0].U_F6_U_p3             14     0.130   125.479    20.721        146.200           146.330 
    PUs[2].U_F6_U_p3             14     0.130   123.390    18.222        141.613           141.742 
    PUs[3].U_F6_U_p22            14     0.130   123.995    16.931        140.925           141.055 
    PUs[5].U_F6_U_p3             14     0.130   124.594    17.334        141.928           142.057 
    PUs[5].U_F6_U_p22            14     0.130   124.138    16.816        140.954           141.084 
    PUs[7].U_F6_U_p3             14     0.130   122.381    15.998        138.378           138.508 
    PUs[6].U_F6_U_p22            14     0.130   123.857    17.380        141.237           141.367 
    PUs[3].U_F6_U_p12            13     0.122   113.952    18.061        132.014           132.135 
    PUs[7].U_F6_U_p12            13     0.122   113.733    18.058        131.790           131.912 
    PUs[8].U_F6_U_p12            13     0.122   113.241    17.376        130.617           130.739 
    PUs[2].U_F6_U_p12            13     0.122   112.843    17.547        130.390           130.511 
    PUs[6].U_F6_U_p12            13     0.122   114.304    18.470        132.774           132.895 
    PUs[8].U_F6_U_p10            13     0.122   115.259    13.609        128.869           128.990 
    PUs[5].U_F6_U_p10            13     0.122   114.434    13.334        127.768           127.889 
    PUs[5].U_F6_U_p12            13     0.122   113.729    17.604        131.333           131.455 
    PUs[1].U_F6_U_p12            13     0.122   115.633    18.919        134.553           134.674 
    PUs[4].U_F6_U_p12            13     0.122   117.029    20.106        137.135           137.256 
    PUs[7].U_F6_U_p10            13     0.122   115.670    14.134        129.804           129.925 
    PUs[0].U_F6_U_p12            13     0.122   114.126    17.926        132.052           132.174 
    PUs[6].U_F6_U_p10            13     0.121   117.053    14.646        131.700           131.821 
    PUs[1].U_F6_U_p10            13     0.121   114.743    15.397        130.140           130.262 
    PUs[4].U_F6_U_p10            13     0.121   115.595    14.012        129.607           129.728 
    PUs[3].U_F6_U_p10            13     0.121   115.504    14.091        129.595           129.717 
    PUs[0].U_F6_U_p10            13     0.121   116.198    16.338        132.536           132.658 
    PUs[2].U_F6_U_p10            13     0.121   116.623    16.795        133.419           133.540 
    PUs[7].U_F6_U_p21            12     0.112   109.368    17.603        126.971           127.084 
    PUs[6].U_F6_U_p2             12     0.112   107.605    16.430        124.036           124.148 
    PUs[0].U_F6_U_p2             12     0.112   107.815    16.599        124.413           124.526 
    PUs[4].U_F6_U_p2             12     0.112   109.356    17.227        126.582           126.694 
    PUs[4].U_F6_U_p21            12     0.112   107.990    16.927        124.918           125.030 
    PUs[8].U_F6_U_p2             12     0.112   108.902    17.127        126.029           126.142 
    PUs[1].U_F6_U_p2             12     0.112   109.806    17.727        127.534           127.646 
    PUs[0].U_F6_U_p21            12     0.112   109.652    17.808        127.461           127.573 
    PUs[5].U_F6_U_p2             12     0.112   108.003    16.935        124.938           125.050 
    PUs[2].U_F6_U_p2             12     0.112   106.972    16.431        123.403           123.515 
    PUs[6].U_F6_U_p21            12     0.112   109.161    17.496        126.657           126.769 
    PUs[8].U_F6_U_p21            12     0.112   109.216    17.549        126.765           126.877 
    PUs[5].U_F6_U_p21            12     0.112   107.447    16.439        123.885           123.998 
    PUs[7].U_F6_U_p2             12     0.112   109.077    17.532        126.609           126.721 
    PUs[2].U_F6_U_p21            12     0.112   107.776    16.764        124.540           124.652 
    PUs[1].U_F6_U_p21            12     0.112   107.194    16.589        123.784           123.896 
    PUs[3].U_F6_U_p21            12     0.112   107.886    16.953        124.839           124.951 
    PUs[3].U_F6_U_p2             12     0.112   107.346    16.456        123.803           123.915 
    PUs[4].U_F6_U_p20            11     0.103    87.320     9.153         96.473            96.575 
    PUs[5].U_F6_U_p1             11     0.103    88.459     9.828         98.287            98.390 
    PUs[3].U_F6_U_p1             11     0.103    88.321     9.438         97.759            97.862 
    PUs[8].U_F6_U_p20            11     0.103    88.321     9.438         97.759            97.862 
    PUs[0].U_F6_U_p1             11     0.103    87.280     9.226         96.506            96.609 
    PUs[5].U_F6_U_p20            11     0.103    87.280     9.226         96.506            96.609 
    PUs[1].U_F6_U_p20            11     0.103    89.316    10.406         99.722            99.825 
    PUs[2].U_F6_U_p1             11     0.103    88.003     9.715         97.718            97.821 
    PUs[7].U_F6_U_p20            11     0.103    88.003     9.715         97.718            97.821 
    PUs[7].U_F6_U_p1             11     0.103    87.089     8.643         95.731            95.834 
    PUs[6].U_F6_U_p1             11     0.103    88.645     9.810         98.455            98.558 
    PUs[1].U_F6_U_p1             11     0.103    88.313     9.796         98.109            98.211 
    PUs[6].U_F6_U_p20            11     0.103    88.313     9.796         98.109            98.211 
    PUs[3].U_F6_U_p20            11     0.103    88.040     9.506         97.546            97.649 
    PUs[0].U_F6_U_p20            11     0.103    88.628     9.387         98.015            98.118 
    PUs[2].U_F6_U_p20            11     0.103    88.104     9.873         97.977            98.079 
    PUs[4].U_F6_U_p1             11     0.103    88.914    10.511         99.426            99.528 
    PUs[8].U_F6_U_p1             11     0.103    88.011     9.487         97.498            97.600 
    PUs[1].U_F6_U_S0              4     0.020     1.790     2.255          4.045             4.066 
      add_41_16                   4     0.020     1.790     2.255          4.045             4.066 
    PUs[7].U_F6_U_S0              4     0.020     2.091     1.770          3.861             3.881 
      add_41_16                   4     0.020     2.091     1.770          3.861             3.881 
    PUs[6].U_F6_U_S0              4     0.020     1.877     1.577          3.454             3.475 
      add_41_16                   4     0.020     1.877     1.577          3.454             3.475 
    PUs[0].U_F6_U_S20             4     0.020     2.092     1.778          3.870             3.890 
      add_41_16                   4     0.020     2.092     1.778          3.870             3.890 
    PUs[3].U_F6_U_S0              4     0.020     1.635     2.165          3.800             3.820 
      add_41_16                   4     0.020     1.635     2.165          3.800             3.820 
    PUs[4].U_F6_U_S0              4     0.020     1.807     1.528          3.335             3.355 
      add_41_16                   4     0.020     1.807     1.528          3.335             3.355 
    PUs[8].U_F6_U_S0              4     0.020     1.488     1.261          2.748             2.768 
      add_41_16                   4     0.020     1.488     1.261          2.748             2.768 
    PUs[2].U_F6_U_S0              4     0.020     1.537     1.967          3.503             3.523 
      add_41_16                   4     0.020     1.537     1.967          3.503             3.523 
    PUs[5].U_F6_U_S0              4     0.020     1.411     1.198          2.609             2.629 
      add_41_16                   4     0.020     1.411     1.198          2.609             2.629 
    PUs[0].U_F6_U_S0              4     0.020     1.579     1.894          3.473             3.493 
      add_41_16                   4     0.020     1.579     1.894          3.473             3.493 
    PUs[1].U_F6_U_S20             4     0.020     1.452     1.241          2.693             2.714 
      add_41_16                   4     0.020     1.452     1.241          2.693             2.714 
    PUs[3].U_F6_U_S20             4     0.020     1.407     1.195          2.602             2.622 
      add_41_16                   4     0.020     1.407     1.195          2.602             2.622 
    PUs[4].U_F6_U_S20             4     0.020     1.599     1.373          2.972             2.992 
      add_41_16                   4     0.020     1.599     1.373          2.972             2.992 
    PUs[2].U_F6_U_S20             4     0.020     1.418     1.218          2.636             2.657 
      add_41_16                   4     0.020     1.418     1.218          2.636             2.657 
  U_buffer                     5749    26.733 16333.903  6401.997      22735.899         22762.632 
  U_crtl                         94     0.545   192.823    47.386        240.209           240.754 
    inc_add_1001_29               9     0.041     0.532     0.425          0.957             0.997 
    inc_add_971_29                9     0.037     1.230     0.954          2.184             2.220 
    inc_add_986_29                9     0.037     0.534     0.447          0.981             1.017 
    lt_906_18                     2     0.011     0.000     0.000          0.000             0.011 
    lt_899_18                     2     0.010     0.189     0.134          0.323             0.333 
    lt_913_18                     2     0.010     0.000     0.000          0.000             0.010 
  clipping[0].U_clip             15     0.077    10.685    11.893         22.578            22.655 
    gte_769_34                    6     0.018     3.466     4.144          7.610             7.628 
  clipping[5].U_clip             15     0.077    10.079    12.074         22.153            22.230 
    gte_769_34                    6     0.018     3.277     3.936          7.212             7.230 
  clipping[2].U_clip             15     0.076    10.173    11.848         22.021            22.097 
    gte_769_34                    6     0.018     3.430     4.049          7.480             7.498 
  clipping[3].U_clip             15     0.076    10.124    11.849         21.974            22.050 
    gte_769_34                    6     0.018     3.544     4.159          7.703             7.721 
  clipping[6].U_clip             15     0.075     9.839    12.037         21.876            21.951 
    gte_769_34                    6     0.018     3.185     3.848          7.033             7.051 
  clipping[8].U_clip             15     0.075     9.264    11.576         20.840            20.915 
    gte_769_34                    6     0.018     3.315     3.994          7.309             7.326 
  clipping[4].U_clip             15     0.069     6.932     8.704         15.636            15.705 
    gte_769_34                    6     0.017     3.076     3.517          6.593             6.610 
  clipping[1].U_clip             15     0.067     6.238     7.557         13.795            13.861 
    gte_769_34                    6     0.016     2.909     3.188          6.097             6.114 
  clipping[7].U_clip             15     0.066     5.805     7.458         13.264            13.330 
    gte_769_34                    6     0.017     2.836     3.195          6.031             6.048 
  clipping[1..ip_gte_769_34       6     0.018     3.430     4.186          7.616             7.634 
  clipping[1..ip_gte_769_34       6     0.018     3.403     4.200          7.603             7.621 
  clipping[1..ip_gte_769_34       6     0.018     3.438     4.250          7.688             7.706 
  clipping[2..ip_gte_769_34       6     0.018     3.438     4.087          7.525             7.543 
  clipping[1..ip_gte_769_34       6     0.018     3.194     4.045          7.239             7.257 
  clipping[2..ip_gte_769_34       6     0.018     3.139     3.788          6.927             6.945 
  clipping[9..ip_gte_769_34       6     0.018     3.307     3.950          7.257             7.275 
  clipping[2..ip_gte_769_34       6     0.018     3.016     3.637          6.652             6.670 
  clipping[2..ip_gte_769_34       6     0.018     3.388     4.025          7.412             7.430 
  clipping[1..ip_gte_769_34       6     0.018     3.019     3.679          6.698             6.716 
  clipping[1..ip_gte_769_34       6     0.018     3.473     4.264          7.737             7.755 
  clipping[2..ip_gte_769_34       6     0.018     2.947     3.641          6.588             6.605 
  clipping[1..ip_gte_769_34       6     0.017     3.077     3.530          6.606             6.623 
  clipping[1..ip_gte_769_34       6     0.017     2.853     3.288          6.141             6.158 
  clipping[1..ip_gte_769_34       6     0.017     3.462     3.972          7.434             7.450 
  clipping[2..ip_gte_769_34       6     0.016     2.776     3.242          6.018             6.034 
  clipping[1..ip_gte_769_34       6     0.016     2.934     3.385          6.319             6.335 
  clipping[2..ip_gte_769_34       6     0.016     3.136     3.477          6.613             6.629 

