============================================================
  Generated by:           Genus(TM) Synthesis Solution 17.10-p007_1
  Generated on:           Nov 24 2019  09:21:08 pm
  Module:                 FME_PIPE_6
  Technology libraries:   CORE65LPSVT 
                          CLOCK65LPSVT 
                          physical_cells 
  Operating conditions:   _nominal_ 
  Interconnect mode:      global
  Area mode:              physical library
============================================================

                                   Leakage   Dynamic    Total   
          Instance          Cells Power(uW) Power(uW) Power(uW) 
----------------------------------------------------------------
FME_PIPE_6                  21572   185.318 72798.364 72983.682 
  U_inter                   14573   146.127 41022.975 41169.101 
  U_buffer                   5749    26.733 22735.899 22762.632 
  U_crtl                       94     0.545   240.209   240.754 
  clipping[0].U_clip           15     0.077    22.578    22.655 
  clipping[5].U_clip           15     0.077    22.153    22.230 
  clipping[2].U_clip           15     0.076    22.021    22.097 
  clipping[3].U_clip           15     0.076    21.974    22.050 
  clipping[6].U_clip           15     0.075    21.876    21.951 
  clipping[8].U_clip           15     0.075    20.840    20.915 
  clipping[4].U_clip           15     0.069    15.636    15.705 
  clipping[1].U_clip           15     0.067    13.795    13.861 
  clipping[7].U_clip           15     0.066    13.264    13.330 
  clipping[1..ip_gte_769_34     6     0.018     7.616     7.634 
  clipping[1..ip_gte_769_34     6     0.018     7.603     7.621 
  clipping[1..ip_gte_769_34     6     0.018     7.688     7.706 
  clipping[2..ip_gte_769_34     6     0.018     7.525     7.543 
  clipping[1..ip_gte_769_34     6     0.018     7.239     7.257 
  clipping[2..ip_gte_769_34     6     0.018     6.927     6.945 
  clipping[9..ip_gte_769_34     6     0.018     7.257     7.275 
  clipping[2..ip_gte_769_34     6     0.018     6.652     6.670 
  clipping[2..ip_gte_769_34     6     0.018     7.412     7.430 
  clipping[1..ip_gte_769_34     6     0.018     6.698     6.716 
  clipping[1..ip_gte_769_34     6     0.018     7.737     7.755 
  clipping[2..ip_gte_769_34     6     0.018     6.588     6.605 
  clipping[1..ip_gte_769_34     6     0.017     6.606     6.623 
  clipping[1..ip_gte_769_34     6     0.017     6.141     6.158 
  clipping[1..ip_gte_769_34     6     0.017     7.434     7.450 
  clipping[2..ip_gte_769_34     6     0.016     6.018     6.034 
  clipping[1..ip_gte_769_34     6     0.016     6.319     6.335 
  clipping[2..ip_gte_769_34     6     0.016     6.613     6.629 

