============================================================
  Generated by:           Genus(TM) Synthesis Solution 17.10-p007_1
  Generated on:           Feb 20 2020  08:33:10 pm
  Module:                 filter_regular
  Technology libraries:   CORE65LPSVT 
                          CLOCK65LPSVT 
                          physical_cells 
  Operating conditions:   _nominal_ 
  Interconnect mode:      global
  Area mode:              physical library
============================================================

                                           Leakage   Internal  
       Gate        Instances     Area    Power (uW) Power (uW)     Library    
------------------------------------------------------------------------------
HS65_LSS_XNOR2X6         353    1468.480      2.368     70.650    CORE65LPSVT 
HS65_LSS_XNOR3X2           6      49.920      0.027      0.960    CORE65LPSVT 
HS65_LSS_XOR2X12           1       6.240      0.012      0.522    CORE65LPSVT 
HS65_LSS_XOR2X6          434    1805.440      2.526    112.788    CORE65LPSVT 
HS65_LSS_XOR3X2          116     904.800      0.634     21.413    CORE65LPSVT 
HS65_LS_AND2ABX27          9      51.480      0.122      7.020    CORE65LPSVT 
HS65_LS_AND2ABX9          19      69.160      0.089      3.492    CORE65LPSVT 
HS65_LS_AND2X18            3      10.920      0.024      0.545    CORE65LPSVT 
HS65_LS_AND2X4           172     447.200      0.406     14.175    CORE65LPSVT 
HS65_LS_AO112X9           31     128.960      0.142      4.823    CORE65LPSVT 
HS65_LS_AO12X18            9      37.440      0.098      4.558    CORE65LPSVT 
HS65_LS_AO12X9           202     735.280      0.948     37.691    CORE65LPSVT 
HS65_LS_AO212X4            2       9.360      0.008      0.639    CORE65LPSVT 
HS65_LS_AO22X9             3      12.480      0.014      0.562    CORE65LPSVT 
HS65_LS_AO312X9            3      17.160      0.017      0.529    CORE65LPSVT 
HS65_LS_AO31X9             9      37.440      0.039      1.240    CORE65LPSVT 
HS65_LS_AO32X4           105     491.400      0.240     22.044    CORE65LPSVT 
HS65_LS_AOI112X4           3      10.920      0.011      0.338    CORE65LPSVT 
HS65_LS_AOI12X2          148     384.800      0.219      7.164    CORE65LPSVT 
HS65_LS_AOI211X4          11      40.040      0.041      1.075    CORE65LPSVT 
HS65_LS_AOI212X4           1       4.160      0.005      0.085    CORE65LPSVT 
HS65_LS_AOI21X2           11      28.600      0.015      0.547    CORE65LPSVT 
HS65_LS_AOI21X6           12      37.440      0.051      1.468    CORE65LPSVT 
HS65_LS_AOI22X6           29     105.560      0.092      6.725    CORE65LPSVT 
HS65_LS_AOI312X4           2      10.400      0.010      0.228    CORE65LPSVT 
HS65_LS_BFX18              1       3.120      0.008      0.163    CORE65LPSVT 
HS65_LS_BFX27             64     232.960      0.810     16.648    CORE65LPSVT 
HS65_LS_BFX44             34     194.480      0.758     13.953    CORE65LPSVT 
HS65_LS_BFX53             33     205.920      0.889     15.409    CORE65LPSVT 
HS65_LS_CB4I1X9           30     124.800      0.140      4.425    CORE65LPSVT 
HS65_LS_CB4I6X9           63     262.080      0.284      9.436    CORE65LPSVT 
HS65_LS_CBI4I1X5          22      80.080      0.105      3.724    CORE65LPSVT 
HS65_LS_CBI4I6X5           9      32.760      0.023      2.342    CORE65LPSVT 
HS65_LS_CNIVX7             5       7.800      0.010      0.166    CORE65LPSVT 
HS65_LS_DFPHQX9         1422   14788.800     14.302   4957.980    CORE65LPSVT 
HS65_LS_DFPRQNX9          46     478.400      0.453     93.115    CORE65LPSVT 
HS65_LS_DFPRQX18          21     229.320      0.277     44.367    CORE65LPSVT 
HS65_LS_DFPRQX27           8      95.680      0.133     18.131    CORE65LPSVT 
HS65_LS_DFPRQX35          40     499.200      0.806     96.951    CORE65LPSVT 
HS65_LS_DFPRQX9           25     260.000      0.250     49.868    CORE65LPSVT 
HS65_LS_FA1X4           6376   59679.360     39.756   4219.659    CORE65LPSVT 
HS65_LS_FA1X9            126    1375.920      1.372     57.945    CORE65LPSVT 
HS65_LS_HA1X4            691    3593.200      3.607    181.632    CORE65LPSVT 
HS65_LS_HA1X9             63     393.120      0.603     24.042    CORE65LPSVT 
HS65_LS_IVX18            437     908.960      2.309     42.859    CORE65LPSVT 
HS65_LS_IVX27             25      78.000      0.228      3.865    CORE65LPSVT 
HS65_LS_IVX35            145     527.800      1.814     22.767    CORE65LPSVT 
HS65_LS_IVX44              3      12.480      0.048      0.549    CORE65LPSVT 
HS65_LS_IVX53              5      26.000      0.100      1.011    CORE65LPSVT 
HS65_LS_IVX71              6      37.440      0.165      1.382    CORE65LPSVT 
HS65_LS_IVX9            3164    4935.840      7.708    203.724    CORE65LPSVT 
HS65_LS_MUX21I1X6         15      62.400      0.095      2.623    CORE65LPSVT 
HS65_LS_MUX21X4            3      12.480      0.014      0.426    CORE65LPSVT 
HS65_LS_NAND2AX7          75     234.000      0.329      8.867    CORE65LPSVT 
HS65_LS_NAND2X7          489    1017.120      1.265     29.046    CORE65LPSVT 
HS65_LS_NAND3AX6           3      10.920      0.015      0.318    CORE65LPSVT 
HS65_LS_NAND3X5           10      26.000      0.031      0.649    CORE65LPSVT 
HS65_LS_NOR2AX3          276     717.600      0.697     22.295    CORE65LPSVT 
HS65_LS_NOR2X5             1       2.080      0.002      0.043    CORE65LPSVT 
HS65_LS_NOR2X6           479     996.320      1.335     29.437    CORE65LPSVT 
HS65_LS_NOR3X4             8      20.800      0.024      0.443    CORE65LPSVT 
HS65_LS_NOR4ABX2           3      10.920      0.008      0.164    CORE65LPSVT 
HS65_LS_OA112X9           18      74.880      0.097      3.296    CORE65LPSVT 
HS65_LS_OA12X9            50     182.000      0.252     11.336    CORE65LPSVT 
HS65_LS_OAI112X5          12      43.680      0.073      1.446    CORE65LPSVT 
HS65_LS_OAI12X3          141     366.600      0.300      8.128    CORE65LPSVT 
HS65_LS_OAI12X6            3       9.360      0.013      0.248    CORE65LPSVT 
HS65_LS_OAI21X3          144     374.400      0.281     10.826    CORE65LPSVT 
HS65_LS_OAI22X6           15      54.600      0.058      5.517    CORE65LPSVT 
HS65_LS_OR2ABX18           1       4.160      0.010      0.271    CORE65LPSVT 
HS65_LS_OR2X9            214     667.680      1.009     47.293    CORE65LPSVT 
HS65_LS_PAO2X9           504    2358.720      2.323    247.690    CORE65LPSVT 
HS65_LS_PAOI2X1          120     436.800      0.145      8.294    CORE65LPSVT 
HS65_LS_PAOI2X6           15      62.400      0.078      1.728    CORE65LPSVT 
HS65_LS_XNOR2X18           4      27.040      0.088      2.171    CORE65LPSVT 
HS65_LS_XNOR2X4           48     224.640      0.273      9.593    CORE65LPSVT 
HS65_LS_XNOR2X9           18      93.600      0.177      5.441    CORE65LPSVT 
HS65_LS_XOR2X18           10      67.600      0.220      4.386    CORE65LPSVT 
HS65_LS_XOR2X4            86     402.480      0.512     19.170    CORE65LPSVT 
HS65_LS_XOR2X9            44     228.800      0.434     13.602    CORE65LPSVT 
HS65_LS_XOR3X9           135    1263.600      0.983     42.946    CORE65LPSVT 
------------------------------------------------------------------------------
total                  17502  106022.280     96.257  10945.082                


                                             Leakage  Leakage  Internal  Internal 
     Type      Instances    Area    Area % Power (uW) Power % Power (uW)  Power % 
----------------------------------------------------------------------------------
sequential          1562  16351.400   15.4     16.221    16.9   5260.411     48.1 
inverter            3790   6534.320    6.2     12.383    12.9    276.324      2.5 
buffer               132    636.480    0.6      2.464     2.6     46.172      0.4 
logic              12018  82500.080   77.8     65.188    67.7   5362.174     49.0 
physical_cells         0      0.000    0.0      0.000     0.0      0.000      0.0 
----------------------------------------------------------------------------------
total              17502 106022.280  100.0     96.257   100.0  10945.082    100.0 

