============================================================
  Generated by:           Genus(TM) Synthesis Solution 17.10-p007_1
  Generated on:           Nov 20 2019  12:15:20 pm
  Module:                 FME_INTER_6
  Technology libraries:   CORE65LPSVT 
                          CLOCK65LPSVT 
                          physical_cells 
  Operating conditions:   _nominal_ 
  Interconnect mode:      global
  Area mode:              physical library
============================================================

                                   Leakage   Dynamic    Total   
          Instance          Cells Power(uW) Power(uW) Power(uW) 
----------------------------------------------------------------
FME_INTER_6                 28239   192.481 53670.014 53862.495 
  U_inter                    9631    98.322 14464.175 14562.497 
  U_buffer                  16489    75.065 32409.665 32484.731 
  U_crtl                       93     0.580   122.349   122.930 
  clipping[6].U_clip           11     0.056     9.005     9.061 
  clipping[3].U_clip           11     0.056     9.230     9.286 
  clipping[5].U_clip           11     0.056     8.082     8.137 
  clipping[8].U_clip           11     0.056     8.333     8.388 
  clipping[2].U_clip           11     0.056     9.732     9.787 
  clipping[9].U_clip           11     0.056     9.749     9.805 
  clipping[11].U_clip          11     0.055     8.033     8.088 
  clipping[15].U_clip          11     0.055     9.060     9.115 
  clipping[12].U_clip          11     0.055     8.153     8.208 
  clipping[14].U_clip          11     0.055     8.718     8.773 
  clipping[0].U_clip           11     0.055     9.120     9.174 
  clipping[1].U_clip           11     0.052     6.926     6.978 
  clipping[13].U_clip          11     0.051     5.307     5.358 
  clipping[4].U_clip           11     0.051     3.830     3.881 
  clipping[16].U_clip          11     0.050     4.472     4.523 
  clipping[7].U_clip           11     0.050     3.650     3.700 
  clipping[10].U_clip          11     0.050     4.058     4.108 
  clipping[2..ip_gte_734_34     3     0.016     1.984     2.000 
  clipping[1..ip_gte_734_34     3     0.016     2.485     2.500 
  clipping[3..ip_gte_734_34     3     0.016     1.455     1.471 
  clipping[3..ip_gte_734_34     3     0.016     1.356     1.372 
  clipping[3..ip_gte_734_34     3     0.016     0.863     0.879 
  clipping[2..ip_gte_734_34     3     0.016     0.958     0.973 
  clipping[2..ip_gte_734_34     3     0.016     2.170     2.186 
  clipping[4..ip_gte_734_34     3     0.015     2.229     2.244 
  clipping[4..ip_gte_734_34     3     0.015     1.924     1.939 
  clipping[3..ip_gte_734_34     3     0.015     1.016     1.032 
  clipping[3..ip_gte_734_34     3     0.015     1.694     1.710 
  clipping[2..ip_gte_734_34     3     0.015     0.960     0.975 
  clipping[4..ip_gte_734_34     3     0.015     2.020     2.036 
  clipping[4..ip_gte_734_34     3     0.015     1.651     1.666 
  clipping[2..ip_gte_734_34     3     0.015     2.260     2.275 
  clipping[2..ip_gte_734_34     3     0.015     1.554     1.570 
  clipping[3..ip_gte_734_34     3     0.015     1.970     1.985 
  clipping[4..ip_gte_734_34     3     0.015     2.242     2.258 
  clipping[5..ip_gte_734_34     3     0.015     1.153     1.168 
  clipping[4..ip_gte_734_34     3     0.015     1.548     1.563 
  clipping[1..ip_gte_734_34     3     0.015     1.934     1.949 
  clipping[3..ip_gte_734_34     3     0.015     1.647     1.662 
  clipping[2..ip_gte_734_34     3     0.015     1.990     2.006 
  clipping[2..ip_gte_734_34     3     0.015     1.602     1.617 
  clipping[3..ip_gte_734_34     3     0.015     1.934     1.949 
  clipping[2..ip_gte_734_34     3     0.015     2.246     2.261 
  clipping[2..ip_gte_734_34     3     0.015     1.319     1.334 
  clipping[4..ip_gte_734_34     3     0.015     1.511     1.526 
  clipping[3..ip_gte_734_34     3     0.015     1.308     1.323 
  clipping[3..ip_gte_734_34     3     0.015     1.600     1.615 
  clipping[4..ip_gte_734_34     3     0.015     2.053     2.068 
  clipping[4..ip_gte_734_34     3     0.015     1.711     1.726 
  clipping[4..ip_gte_734_34     3     0.015     1.599     1.614 
  clipping[1..ip_gte_734_34     3     0.015     1.461     1.475 

