============================================================
  Generated by:           Genus(TM) Synthesis Solution 17.10-p007_1
  Generated on:           Feb 20 2020  10:59:01 pm
  Module:                 filter_regular
  Technology libraries:   CORE65LPSVT 
                          CLOCK65LPSVT 
                          physical_cells 
  Operating conditions:   _nominal_ 
  Interconnect mode:      global
  Area mode:              physical library
============================================================

                                           Leakage   Internal  
       Gate        Instances     Area    Power (uW) Power (uW)     Library    
------------------------------------------------------------------------------
HS65_LSS_XNOR2X12         24     162.240      0.312      8.550    CORE65LPSVT 
HS65_LSS_XNOR2X6         780    3244.800      5.220    161.870    CORE65LPSVT 
HS65_LSS_XNOR3X2          55     457.600      0.246     10.528    CORE65LPSVT 
HS65_LSS_XOR2X6          933    3881.280      5.463    260.231    CORE65LPSVT 
HS65_LSS_XOR3X2          443    3455.400      2.421     86.037    CORE65LPSVT 
HS65_LS_AND2ABX27         17      97.240      0.230     13.912    CORE65LPSVT 
HS65_LS_AND2X18           13      47.320      0.103      3.055    CORE65LPSVT 
HS65_LS_AND2X4           201     522.600      0.469     17.587    CORE65LPSVT 
HS65_LS_AO112X9           60     249.600      0.272      9.339    CORE65LPSVT 
HS65_LS_AO12X9           319    1161.160      1.522     67.346    CORE65LPSVT 
HS65_LS_AO31X9             3      12.480      0.012      0.373    CORE65LPSVT 
HS65_LS_AO32X4           191     893.880      0.436     41.459    CORE65LPSVT 
HS65_LS_AOI12X2          290     754.000      0.441     14.165    CORE65LPSVT 
HS65_LS_AOI12X6            4      12.480      0.016      0.445    CORE65LPSVT 
HS65_LS_AOI211X4           6      21.840      0.022      0.544    CORE65LPSVT 
HS65_LS_AOI212X4          28     116.480      0.104      7.569    CORE65LPSVT 
HS65_LS_AOI21X2          108     280.800      0.137      5.584    CORE65LPSVT 
HS65_LS_AOI21X6           47     146.640      0.191      5.799    CORE65LPSVT 
HS65_LS_AOI22X6           20      72.800      0.060      7.669    CORE65LPSVT 
HS65_LS_AOI312X4           9      46.800      0.047      1.051    CORE65LPSVT 
HS65_LS_BFX142            10     156.000      0.784     15.216    CORE65LPSVT 
HS65_LS_BFX18            166     517.920      1.343     29.220    CORE65LPSVT 
HS65_LS_BFX27             71     258.440      0.898     18.839    CORE65LPSVT 
HS65_LS_BFX71              1       8.320      0.037      0.752    CORE65LPSVT 
HS65_LS_CB4I1X9           17      70.720      0.075      2.158    CORE65LPSVT 
HS65_LS_CB4I6X9          134     557.440      0.612     19.259    CORE65LPSVT 
HS65_LS_CBI4I1X5          60     218.400      0.245      9.899    CORE65LPSVT 
HS65_LS_CBI4I6X5          17      61.880      0.040      4.959    CORE65LPSVT 
HS65_LS_CNIVX7            14      21.840      0.028      0.531    CORE65LPSVT 
HS65_LS_DFPHQX9         2686   27934.400     27.004   5201.417    CORE65LPSVT 
HS65_LS_DFPRQNX9          75     780.000      0.738     79.390    CORE65LPSVT 
HS65_LS_DFPRQX18          21     229.320      0.277     24.585    CORE65LPSVT 
HS65_LS_DFPRQX27          29     346.840      0.483     36.546    CORE65LPSVT 
HS65_LS_DFPRQX35          71     886.080      1.430     99.470    CORE65LPSVT 
HS65_LS_DFPRQX9           24     249.600      0.240     25.103    CORE65LPSVT 
HS65_LS_FA1X4          12288  115015.680     76.612   8255.105    CORE65LPSVT 
HS65_LS_HA1X4           1395    7254.000      7.282    384.789    CORE65LPSVT 
HS65_LS_IVX18            508    1056.640      2.669     57.315    CORE65LPSVT 
HS65_LS_IVX27            132     411.840      1.205     22.850    CORE65LPSVT 
HS65_LS_IVX35            185     673.400      2.322     34.307    CORE65LPSVT 
HS65_LS_IVX44              9      37.440      0.145      1.886    CORE65LPSVT 
HS65_LS_IVX9            6215    9695.400     15.146    458.102    CORE65LPSVT 
HS65_LS_MUX21I1X6         34     141.440      0.214      6.073    CORE65LPSVT 
HS65_LS_MUXI21X2          31     112.840      0.091      2.848    CORE65LPSVT 
HS65_LS_NAND2AX7         175     546.000      0.786     22.294    CORE65LPSVT 
HS65_LS_NAND2X7          907    1886.560      2.314     58.347    CORE65LPSVT 
HS65_LS_NAND3AX6          18      65.520      0.109      1.720    CORE65LPSVT 
HS65_LS_NAND3X5           19      49.400      0.030      0.484    CORE65LPSVT 
HS65_LS_NAND4ABX3          9      32.760      0.037      0.663    CORE65LPSVT 
HS65_LS_NOR2AX3          510    1326.000      1.304     44.552    CORE65LPSVT 
HS65_LS_NOR2X6          1036    2154.880      2.898     69.098    CORE65LPSVT 
HS65_LS_NOR3AX2            5      15.600      0.016      0.285    CORE65LPSVT 
HS65_LS_NOR3X4            17      44.200      0.061      1.101    CORE65LPSVT 
HS65_LS_NOR4ABX2           3      10.920      0.008      0.202    CORE65LPSVT 
HS65_LS_OA112X9            3      12.480      0.017      0.533    CORE65LPSVT 
HS65_LS_OA12X9            97     353.080      0.479     17.987    CORE65LPSVT 
HS65_LS_OA212X4           14      72.800      0.039      1.535    CORE65LPSVT 
HS65_LS_OAI112X5           8      29.120      0.053      0.856    CORE65LPSVT 
HS65_LS_OAI12X3          434    1128.400      0.882     25.144    CORE65LPSVT 
HS65_LS_OAI211X5           9      32.760      0.029      1.798    CORE65LPSVT 
HS65_LS_OAI21X3          114     296.400      0.262     10.187    CORE65LPSVT 
HS65_LS_OAI22X6           34     123.760      0.133     13.877    CORE65LPSVT 
HS65_LS_OR2X9            368    1148.160      1.716     87.703    CORE65LPSVT 
HS65_LS_OR4X4              9      46.800      0.039      0.827    CORE65LPSVT 
HS65_LS_PAO2X9           889    4160.520      4.106    443.777    CORE65LPSVT 
HS65_LS_PAOI2X1          322    1172.080      0.400     21.080    CORE65LPSVT 
HS65_LS_PAOI3X1            9      32.760      0.011      0.519    CORE65LPSVT 
HS65_LS_XNOR2X9            3      15.600      0.029      2.745    CORE65LPSVT 
HS65_LS_XOR2X18           17     114.920      0.373      7.226    CORE65LPSVT 
HS65_LS_XOR2X9            22     114.400      0.218      6.274    CORE65LPSVT 
HS65_LS_XOR3X9            55     514.800      0.403     23.721    CORE65LPSVT 
------------------------------------------------------------------------------
total                  32850  197834.000    174.395  16378.267                


                                             Leakage  Leakage  Internal  Internal 
     Type      Instances    Area    Area % Power (uW) Power % Power (uW)  Power % 
----------------------------------------------------------------------------------
sequential          2906  30426.240   15.4     30.172    17.3   5466.511     33.4 
inverter            7063  11896.560    6.0     21.515    12.3    574.991      3.5 
buffer               248    940.680    0.5      3.063     1.8     64.026      0.4 
logic              22633 154570.520   78.1    119.645    68.6  10272.738     62.7 
physical_cells         0      0.000    0.0      0.000     0.0      0.000      0.0 
----------------------------------------------------------------------------------
total              32850 197834.000  100.0    174.395   100.0  16378.267    100.0 

