============================================================
  Generated by:           Genus(TM) Synthesis Solution 17.10-p007_1
  Generated on:           Feb 20 2020  10:59:01 pm
  Module:                 filter_regular
  Technology libraries:   CORE65LPSVT 
                          CLOCK65LPSVT 
                          physical_cells 
  Operating conditions:   _nominal_ 
  Interconnect mode:      global
  Area mode:              physical library
============================================================

                                     Leakage   Internal    Net        Dynamic          Total       
                                                                  (Internal+Net) (Leakage+Dynamic) 
           Instance           Cells Power(uW) Power(uW) Power(uW)    Power(uW)       Power(uW)     
---------------------------------------------------------------------------------------------------
filter_regular                32850   174.395 16378.267 14942.528      31320.795         31495.190 
  S0[9].U0                     1732     8.254   631.099   781.918       1413.017          1421.271 
    csa_tree_U..d_90_9_groupi    55     0.270    35.452    35.795         71.247            71.516 
    csa_tree_U..d_90_9_groupi    49     0.262    35.325    35.305         70.629            70.891 
    csa_tree_U..d_90_9_groupi    49     0.258    33.605    33.304         66.909            67.167 
    csa_tree_U..d_90_9_groupi    47     0.251    32.180    31.636         63.816            64.067 
    csa_tree_U..d_90_9_groupi    43     0.229    19.189    21.195         40.384            40.613 
    csa_tree_U..d_90_9_groupi    37     0.216    16.819    19.206         36.025            36.241 
    csa_tree_U..d_90_9_groupi    44     0.210    16.810    19.243         36.053            36.264 
    csa_tree_U..d_90_9_groupi    39     0.205    16.802    18.539         35.340            35.546 
    csa_tree_U..d_90_9_groupi    38     0.200    16.881    18.965         35.846            36.045 
    csa_tree_U..d_90_9_groupi    37     0.189    11.399    12.815         24.214            24.403 
    csa_tree_U..d_90_9_groupi    33     0.180    15.583    17.222         32.805            32.985 
    csa_tree_U..d_90_9_groupi    33     0.180    16.284    20.889         37.173            37.352 
    csa_tree_U..d_90_9_groupi    33     0.171    18.051    17.002         35.053            35.224 
    csa_tree_U..d_90_9_groupi    32     0.170    16.042    18.071         34.113            34.284 
    csa_tree_U..d_90_9_groupi    27     0.155    12.193    13.909         26.102            26.257 
    csa_tree_U..d_90_9_groupi    27     0.152    12.700    13.778         26.478            26.630 
    csa_tree_U..d_90_9_groupi    27     0.151    13.731    14.671         28.402            28.553 
    csa_tree_U..d_90_9_groupi    25     0.132     7.024     7.455         14.479            14.611 
    U_S_44_add_63_8              19     0.101    10.653     8.875         19.528            19.629 
    U_S_25_add_63_8              19     0.096    13.433    11.351         24.785            24.880 
    U_S95_add_63_8               19     0.096    12.604    10.707         23.312            23.407 
    U_S_15_add_63_8              19     0.096    11.348     9.373         20.720            20.816 
    U_S14_add_90_9               19     0.095    11.350     9.847         21.197            21.292 
    U_S85_add_63_8               19     0.095    12.157    10.044         22.200            22.295 
    U_S4_add_90_9                19     0.095     9.163     7.956         17.119            17.214 
    U_S_35_add_63_8              18     0.091    10.536     8.896         19.432            19.523 
  S0[16].U0                    1738     8.253   634.446   782.633       1417.079          1425.332 
    csa_tree_U..d_90_9_groupi    55     0.270    37.667    37.769         75.437            75.706 
    csa_tree_U..d_90_9_groupi    49     0.262    34.680    34.778         69.458            69.720 
    csa_tree_U..d_90_9_groupi    49     0.258    35.465    34.919         70.384            70.642 
    csa_tree_U..d_90_9_groupi    47     0.251    35.595    34.648         70.243            70.494 
    csa_tree_U..d_90_9_groupi    43     0.228    20.684    22.815         43.498            43.727 
    csa_tree_U..d_90_9_groupi    37     0.215    17.412    19.583         36.995            37.210 
    csa_tree_U..d_90_9_groupi    44     0.210    14.885    17.083         31.968            32.178 
    csa_tree_U..d_90_9_groupi    39     0.205    14.487    16.176         30.663            30.868 
    csa_tree_U..d_90_9_groupi    38     0.200    16.340    18.353         34.693            34.893 
    csa_tree_U..d_90_9_groupi    37     0.198    11.545    12.822         24.366            24.565 
    csa_tree_U..d_90_9_groupi    33     0.180    16.324    17.975         34.299            34.479 
    csa_tree_U..d_90_9_groupi    31     0.177    14.694    19.932         34.626            34.803 
    csa_tree_U..d_90_9_groupi    33     0.170    16.453    15.177         31.630            31.800 
    csa_tree_U..d_90_9_groupi    32     0.170    14.551    16.235         30.787            30.956 
    csa_tree_U..d_90_9_groupi    28     0.155    10.425    11.717         22.142            22.297 
    csa_tree_U..d_90_9_groupi    27     0.152    13.265    14.681         27.945            28.098 
    csa_tree_U..d_90_9_groupi    26     0.152    12.357    13.894         26.251            26.403 
    csa_tree_U..d_90_9_groupi    23     0.128     7.675     8.349         16.024            16.152 
    U_S95_add_63_8               19     0.096    12.010     9.953         21.963            22.059 
    U_S_15_add_63_8              19     0.096    11.608     9.723         21.331            21.427 
    U_S_25_add_63_8              19     0.096    13.722    11.604         25.326            25.422 
    U_S85_add_63_8               19     0.096    11.982    10.012         21.994            22.090 
    U_S_44_add_63_8              19     0.096    10.726     8.993         19.719            19.815 
    U_S14_add_90_9               19     0.095    10.249     8.756         19.005            19.100 
    U_S4_add_90_9                19     0.095    10.335     8.726         19.061            19.156 
    U_S_35_add_63_8              18     0.091    11.705     9.984         21.689            21.781 
  S0[13].U0                    1738     8.252   619.155   762.485       1381.641          1389.893 
    csa_tree_U..d_90_9_groupi    55     0.269    34.439    34.405         68.844            69.113 
    csa_tree_U..d_90_9_groupi    49     0.262    32.972    33.000         65.972            66.234 
    csa_tree_U..d_90_9_groupi    49     0.257    33.242    32.949         66.192            66.449 
    csa_tree_U..d_90_9_groupi    47     0.251    31.746    31.041         62.787            63.038 
    csa_tree_U..d_90_9_groupi    43     0.228    20.116    22.325         42.441            42.670 
    csa_tree_U..d_90_9_groupi    37     0.215    18.491    20.568         39.059            39.274 
    csa_tree_U..d_90_9_groupi    44     0.210    15.268    17.518         32.786            32.997 
    csa_tree_U..d_90_9_groupi    39     0.205    15.576    17.304         32.880            33.085 
    csa_tree_U..d_90_9_groupi    38     0.200    16.011    17.722         33.733            33.933 
    csa_tree_U..d_90_9_groupi    37     0.198    10.566    11.739         22.304            22.503 
    csa_tree_U..d_90_9_groupi    33     0.180    15.938    17.715         33.653            33.833 
    csa_tree_U..d_90_9_groupi    31     0.177    15.573    20.604         36.178            36.355 
    csa_tree_U..d_90_9_groupi    33     0.170    15.282    14.034         29.316            29.486 
    csa_tree_U..d_90_9_groupi    32     0.170    15.254    17.169         32.423            32.593 
    csa_tree_U..d_90_9_groupi    28     0.155    11.438    12.858         24.297            24.452 
    csa_tree_U..d_90_9_groupi    26     0.152    12.581    14.213         26.794            26.946 
    csa_tree_U..d_90_9_groupi    27     0.152    12.600    13.976         26.576            26.728 
    csa_tree_U..d_90_9_groupi    23     0.128     7.358     8.028         15.386            15.514 
    U_S_44_add_63_8              19     0.100    10.737     9.080         19.817            19.917 
    U_S4_add_90_9                19     0.096    10.116     8.493         18.609            18.705 
    U_S14_add_90_9               19     0.096    11.013     9.291         20.304            20.399 
    U_S_25_add_63_8              19     0.095    12.900    10.940         23.841            23.936 
    U_S_15_add_63_8              19     0.095    12.541    10.562         23.103            23.198 
    U_S95_add_63_8               19     0.095    12.495    10.468         22.963            23.058 
    U_S85_add_63_8               19     0.095    12.934    10.956         23.890            23.984 
    U_S_35_add_63_8              18     0.091    11.022     9.283         20.304            20.395 
  S0[7].U0                     1739     8.246   630.446   777.699       1408.146          1416.392 
    csa_tree_U..d_90_9_groupi    55     0.270    36.833    36.848         73.681            73.950 
    csa_tree_U..d_90_9_groupi    49     0.261    34.771    34.966         69.737            69.999 
    csa_tree_U..d_90_9_groupi    49     0.257    35.191    34.868         70.059            70.316 
    csa_tree_U..d_90_9_groupi    47     0.250    34.573    33.828         68.400            68.650 
    csa_tree_U..d_90_9_groupi    43     0.228    21.084    23.178         44.262            44.490 
    csa_tree_U..d_90_9_groupi    37     0.215    17.489    19.469         36.958            37.173 
    csa_tree_U..d_90_9_groupi    44     0.210    15.211    17.365         32.576            32.786 
    csa_tree_U..d_90_9_groupi    39     0.205    15.076    16.726         31.802            32.007 
    csa_tree_U..d_90_9_groupi    38     0.200    15.742    17.465         33.207            33.407 
    csa_tree_U..d_90_9_groupi    37     0.198    11.177    12.384         23.562            23.760 
    csa_tree_U..d_90_9_groupi    33     0.180    18.077    19.786         37.863            38.042 
    csa_tree_U..d_90_9_groupi    31     0.177    15.351    20.010         35.362            35.539 
    csa_tree_U..d_90_9_groupi    32     0.170    15.631    17.308         32.939            33.109 
    csa_tree_U..d_90_9_groupi    33     0.169    15.223    13.920         29.143            29.312 
    csa_tree_U..d_90_9_groupi    28     0.155    10.861    12.069         22.931            23.086 
    csa_tree_U..d_90_9_groupi    26     0.152    11.717    13.281         24.998            25.150 
    csa_tree_U..d_90_9_groupi    27     0.152    12.134    13.348         25.481            25.633 
    csa_tree_U..d_90_9_groupi    24     0.130     6.943     7.550         14.494            14.623 
    U_S_44_add_63_8              19     0.101    10.802     9.165         19.967            20.068 
    U_S4_add_90_9                19     0.096     9.725     8.547         18.272            18.369 
    U_S14_add_90_9               19     0.096    10.916     9.221         20.137            20.233 
    U_S95_add_63_8               19     0.096    12.586    10.795         23.381            23.476 
    U_S85_add_63_8               19     0.096    11.799    10.074         21.872            21.968 
    U_S_25_add_63_8              19     0.095    13.610    11.603         25.213            25.308 
    U_S_15_add_63_8              19     0.095    12.036    10.321         22.358            22.453 
    U_S_35_add_63_8              18     0.090    11.579     9.780         21.359            21.449 
  S0[8].U0                     1732     8.246   643.180   792.827       1436.007          1444.252 
    csa_tree_U..d_90_9_groupi    55     0.269    36.347    36.833         73.180            73.449 
    csa_tree_U..d_90_9_groupi    49     0.262    34.703    34.491         69.194            69.456 
    csa_tree_U..d_90_9_groupi    49     0.258    33.486    33.291         66.777            67.035 
    csa_tree_U..d_90_9_groupi    47     0.250    31.637    30.890         62.526            62.777 
    csa_tree_U..d_90_9_groupi    43     0.228    21.905    24.231         46.136            46.365 
    csa_tree_U..d_90_9_groupi    37     0.215    17.894    20.227         38.121            38.336 
    csa_tree_U..d_90_9_groupi    44     0.210    15.590    17.886         33.477            33.687 
    csa_tree_U..d_90_9_groupi    39     0.205    16.440    18.254         34.694            34.899 
    csa_tree_U..d_90_9_groupi    38     0.200    16.525    18.378         34.903            35.103 
    csa_tree_U..d_90_9_groupi    37     0.190    10.797    12.127         22.924            23.114 
    csa_tree_U..d_90_9_groupi    33     0.179    18.124    19.823         37.947            38.126 
    csa_tree_U..d_90_9_groupi    33     0.179    16.698    21.371         38.069            38.248 
    csa_tree_U..d_90_9_groupi    33     0.171    19.284    18.386         37.670            37.841 
    csa_tree_U..d_90_9_groupi    32     0.170    16.258    18.097         34.355            34.524 
    csa_tree_U..d_90_9_groupi    27     0.155    13.340    15.007         28.347            28.502 
    csa_tree_U..d_90_9_groupi    27     0.152    12.339    13.460         25.799            25.951 
    csa_tree_U..d_90_9_groupi    27     0.151    13.592    14.488         28.081            28.232 
    csa_tree_U..d_90_9_groupi    25     0.132     6.803     7.173         13.976            14.108 
    U_S_44_add_63_8              19     0.101    10.159     8.482         18.642            18.743 
    U_S_25_add_63_8              19     0.096    13.597    11.759         25.356            25.452 
    U_S85_add_63_8               19     0.096    12.552    10.632         23.184            23.280 
    U_S_15_add_63_8              19     0.096    12.556    10.592         23.148            23.244 
    U_S95_add_63_8               19     0.096    13.015    11.120         24.135            24.231 
    U_S4_add_90_9                19     0.095     9.530     7.920         17.450            17.545 
    U_S14_add_90_9               19     0.095    11.049     9.315         20.364            20.459 
    U_S_35_add_63_8              18     0.091    12.130    10.475         22.605            22.697 
  S0[10].U0                    1732     8.245   629.889   774.016       1403.905          1412.150 
    csa_tree_U..d_90_9_groupi    55     0.269    37.796    38.058         75.853            76.123 
    csa_tree_U..d_90_9_groupi    49     0.262    35.072    35.499         70.571            70.833 
    csa_tree_U..d_90_9_groupi    49     0.258    34.890    34.723         69.612            69.870 
    csa_tree_U..d_90_9_groupi    47     0.250    33.259    32.905         66.165            66.415 
    csa_tree_U..d_90_9_groupi    43     0.228    20.992    23.109         44.101            44.330 
    csa_tree_U..d_90_9_groupi    37     0.216    17.828    20.010         37.838            38.053 
    csa_tree_U..d_90_9_groupi    44     0.210    15.731    18.133         33.864            34.075 
    csa_tree_U..d_90_9_groupi    39     0.205    14.494    16.057         30.551            30.756 
    csa_tree_U..d_90_9_groupi    38     0.200    15.270    17.200         32.470            32.670 
    csa_tree_U..d_90_9_groupi    37     0.190     9.593    10.788         20.382            20.571 
    csa_tree_U..d_90_9_groupi    33     0.180    16.413    18.100         34.512            34.693 
    csa_tree_U..d_90_9_groupi    33     0.180    17.031    22.574         39.605            39.785 
    csa_tree_U..d_90_9_groupi    33     0.171    18.957    18.018         36.976            37.146 
    csa_tree_U..d_90_9_groupi    32     0.170    16.620    18.757         35.376            35.546 
    csa_tree_U..d_90_9_groupi    27     0.155    12.905    14.483         27.388            27.543 
    csa_tree_U..d_90_9_groupi    27     0.152    11.639    12.749         24.388            24.541 
    csa_tree_U..d_90_9_groupi    27     0.151    12.321    13.195         25.516            25.668 
    csa_tree_U..d_90_9_groupi    25     0.133     6.839     7.372         14.211            14.343 
    U_S_44_add_63_8              19     0.100    10.496     8.736         19.232            19.332 
    U_S85_add_63_8               19     0.096    12.959    10.998         23.957            24.053 
    U_S95_add_63_8               19     0.096    12.352    10.507         22.858            22.954 
    U_S_25_add_63_8              19     0.096    13.666    11.340         25.006            25.102 
    U_S_15_add_63_8              19     0.095    12.298    10.271         22.568            22.664 
    U_S14_add_90_9               19     0.095    10.886     9.155         20.041            20.137 
    U_S4_add_90_9                19     0.095     9.543     8.074         17.617            17.712 
    U_S_35_add_63_8              18     0.091    11.203     9.373         20.577            20.668 
  S0[5].U0                     1738     8.244   621.717   766.042       1387.758          1396.002 
    csa_tree_U..d_90_9_groupi    55     0.269    35.063    34.756         69.819            70.089 
    csa_tree_U..d_90_9_groupi    49     0.262    35.404    35.672         71.077            71.338 
    csa_tree_U..d_90_9_groupi    49     0.258    33.843    33.163         67.006            67.264 
    csa_tree_U..d_90_9_groupi    47     0.251    33.020    31.974         64.995            65.246 
    csa_tree_U..d_90_9_groupi    43     0.229    19.965    21.953         41.918            42.147 
    csa_tree_U..d_90_9_groupi    37     0.216    17.400    19.507         36.907            37.123 
    csa_tree_U..d_90_9_groupi    44     0.210    14.966    17.102         32.068            32.278 
    csa_tree_U..d_90_9_groupi    39     0.205    15.742    17.307         33.050            33.255 
    csa_tree_U..d_90_9_groupi    38     0.200    15.695    17.451         33.146            33.345 
    csa_tree_U..d_90_9_groupi    37     0.198    11.114    12.260         23.374            23.572 
    csa_tree_U..d_90_9_groupi    33     0.180    16.704    18.328         35.032            35.212 
    csa_tree_U..d_90_9_groupi    31     0.178    15.012    19.852         34.864            35.042 
    csa_tree_U..d_90_9_groupi    33     0.171    15.049    13.789         28.838            29.008 
    csa_tree_U..d_90_9_groupi    32     0.170    16.535    18.488         35.023            35.193 
    csa_tree_U..d_90_9_groupi    28     0.155     9.983    11.050         21.034            21.188 
    csa_tree_U..d_90_9_groupi    26     0.152    11.657    12.797         24.454            24.606 
    csa_tree_U..d_90_9_groupi    27     0.151    12.084    13.227         25.310            25.461 
    csa_tree_U..d_90_9_groupi    23     0.128     7.020     7.555         14.575            14.703 
    U_S_44_add_63_8              19     0.101    10.280     8.547         18.826            18.927 
    U_S_25_add_63_8              19     0.096    13.766    11.900         25.667            25.763 
    U_S85_add_63_8               19     0.096    11.705     9.916         21.621            21.717 
    U_S95_add_63_8               19     0.096    12.486    10.627         23.112            23.208 
    U_S4_add_90_9                19     0.095     8.544     7.072         15.616            15.711 
    U_S_15_add_63_8              19     0.095    12.601    10.812         23.413            23.508 
    U_S14_add_90_9               19     0.095    10.971     9.458         20.429            20.524 
    U_S_35_add_63_8              18     0.092    10.871     9.367         20.238            20.330 
  S0[2].U0                     1738     8.243   659.719   811.298       1471.017          1479.260 
    csa_tree_U..d_90_9_groupi    55     0.270    39.204    38.989         78.193            78.463 
    csa_tree_U..d_90_9_groupi    49     0.262    37.222    37.015         74.236            74.498 
    csa_tree_U..d_90_9_groupi    49     0.257    37.078    36.580         73.658            73.915 
    csa_tree_U..d_90_9_groupi    47     0.251    35.941    35.240         71.182            71.432 
    csa_tree_U..d_90_9_groupi    43     0.229    22.268    24.424         46.692            46.920 
    csa_tree_U..d_90_9_groupi    37     0.215    17.680    19.500         37.180            37.396 
    csa_tree_U..d_90_9_groupi    44     0.210    15.115    17.124         32.239            32.449 
    csa_tree_U..d_90_9_groupi    39     0.205    16.019    17.820         33.838            34.043 
    csa_tree_U..d_90_9_groupi    38     0.200    15.861    17.472         33.332            33.532 
    csa_tree_U..d_90_9_groupi    37     0.198    10.898    11.951         22.850            23.048 
    csa_tree_U..d_90_9_groupi    33     0.180    18.383    20.235         38.618            38.798 
    csa_tree_U..d_90_9_groupi    31     0.178    15.658    20.845         36.503            36.681 
    csa_tree_U..d_90_9_groupi    32     0.170    16.351    18.344         34.695            34.865 
    csa_tree_U..d_90_9_groupi    33     0.170    17.719    16.366         34.085            34.255 
    csa_tree_U..d_90_9_groupi    28     0.155    11.423    12.717         24.140            24.295 
    csa_tree_U..d_90_9_groupi    26     0.152    12.507    14.030         26.537            26.690 
    csa_tree_U..d_90_9_groupi    27     0.152    13.118    14.340         27.459            27.610 
    csa_tree_U..d_90_9_groupi    23     0.128     7.579     8.212         15.790            15.918 
    U_S14_add_90_9               19     0.096    10.787     9.141         19.928            20.024 
    U_S_15_add_63_8              19     0.095    12.893    10.896         23.789            23.884 
    U_S85_add_63_8               19     0.095    12.693    10.603         23.295            23.391 
    U_S_25_add_63_8              19     0.095    13.186    11.049         24.235            24.331 
    U_S4_add_90_9                19     0.095    10.229     8.995         19.223            19.318 
    U_S95_add_63_8               19     0.095    13.019    11.178         24.198            24.293 
    U_S_44_add_63_8              19     0.095    11.250     9.562         20.812            20.907 
    U_S_35_add_63_8              18     0.091    11.450     9.882         21.332            21.424 
  S0[14].U0                    1735     8.240   627.293   771.180       1398.473          1406.713 
    csa_tree_U..d_90_9_groupi    55     0.270    36.910    37.201         74.111            74.381 
    csa_tree_U..d_90_9_groupi    49     0.262    34.877    34.790         69.668            69.929 
    csa_tree_U..d_90_9_groupi    49     0.258    35.090    34.687         69.777            70.035 
    csa_tree_U..d_90_9_groupi    47     0.250    33.903    33.365         67.268            67.518 
    csa_tree_U..d_90_9_groupi    43     0.228    20.112    22.108         42.219            42.448 
    csa_tree_U..d_90_9_groupi    37     0.216    17.682    19.563         37.245            37.460 
    csa_tree_U..d_90_9_groupi    44     0.210    16.285    18.538         34.823            35.034 
    csa_tree_U..d_90_9_groupi    39     0.205    15.998    17.711         33.709            33.914 
    csa_tree_U..d_90_9_groupi    38     0.200    16.443    18.462         34.904            35.104 
    csa_tree_U..d_90_9_groupi    37     0.199    11.640    12.854         24.494            24.693 
    csa_tree_U..d_90_9_groupi    33     0.180    15.675    17.249         32.925            33.105 
    csa_tree_U..d_90_9_groupi    35     0.175    15.610    14.476         30.086            30.261 
    csa_tree_U..d_90_9_groupi    32     0.170    13.348    18.400         31.748            31.918 
    csa_tree_U..d_90_9_groupi    32     0.170    15.826    17.466         33.293            33.463 
    csa_tree_U..d_90_9_groupi    28     0.155    11.404    12.831         24.235            24.390 
    csa_tree_U..d_90_9_groupi    27     0.152    12.740    14.154         26.893            27.045 
    csa_tree_U..d_90_9_groupi    26     0.151    10.590    11.725         22.315            22.467 
    csa_tree_U..d_90_9_groupi    24     0.130     7.441     7.841         15.282            15.412 
    U_S_44_add_63_8              19     0.101    12.311    10.282         22.593            22.694 
    U_S4_add_90_9                19     0.096     8.842     7.535         16.377            16.473 
    U_S14_add_90_9               19     0.096    10.110     8.638         18.748            18.844 
    U_S_25_add_63_8              19     0.096    13.793    11.600         25.393            25.489 
    U_S95_add_63_8               19     0.096    12.714    10.845         23.559            23.655 
    U_S_15_add_63_8              19     0.096    12.020     9.959         21.979            22.074 
    U_S85_add_63_8               19     0.095    12.969    10.976         23.944            24.040 
    U_S_35_add_63_8              18     0.091    11.831     9.920         21.751            21.842 
  S0[11].U0                    1734     8.237   626.401   774.705       1401.106          1409.342 
    csa_tree_U..d_90_9_groupi    55     0.269    36.381    36.461         72.842            73.111 
    csa_tree_U..d_90_9_groupi    49     0.262    32.773    32.640         65.413            65.675 
    csa_tree_U..d_90_9_groupi    49     0.258    35.319    34.914         70.233            70.491 
    csa_tree_U..d_90_9_groupi    47     0.250    33.775    33.159         66.934            67.184 
    csa_tree_U..d_90_9_groupi    43     0.228    20.809    23.062         43.871            44.099 
    csa_tree_U..d_90_9_groupi    37     0.215    17.832    19.847         37.679            37.895 
    csa_tree_U..d_90_9_groupi    44     0.210    14.430    16.545         30.975            31.185 
    csa_tree_U..d_90_9_groupi    39     0.205    13.989    15.611         29.600            29.805 
    csa_tree_U..d_90_9_groupi    38     0.199    14.213    16.020         30.233            30.433 
    csa_tree_U..d_90_9_groupi    37     0.199    11.110    12.216         23.326            23.525 
    csa_tree_U..d_90_9_groupi    33     0.180    17.197    18.988         36.184            36.364 
    csa_tree_U..d_90_9_groupi    35     0.175    16.408    15.306         31.714            31.889 
    csa_tree_U..d_90_9_groupi    32     0.170    14.581    16.380         30.961            31.132 
    csa_tree_U..d_90_9_groupi    32     0.169    13.141    18.538         31.679            31.849 
    csa_tree_U..d_90_9_groupi    27     0.154    11.000    12.339         23.340            23.493 
    csa_tree_U..d_90_9_groupi    27     0.152    11.725    12.933         24.658            24.810 
    csa_tree_U..d_90_9_groupi    26     0.152    11.393    12.849         24.241            24.393 
    csa_tree_U..d_90_9_groupi    24     0.131     6.888     7.353         14.241            14.371 
    U_S_44_add_63_8              19     0.101    11.192     9.436         20.628            20.729 
    U_S14_add_90_9               19     0.096    10.765     8.913         19.678            19.774 
    U_S95_add_63_8               19     0.096    12.717    10.855         23.573            23.668 
    U_S85_add_63_8               19     0.096    13.374    11.298         24.672            24.768 
    U_S_15_add_63_8              19     0.096    12.937    11.277         24.214            24.310 
    U_S4_add_90_9                19     0.096     9.235     7.796         17.031            17.126 
    U_S_25_add_63_8              19     0.095    12.347    10.334         22.680            22.776 
    U_S_35_add_63_8              18     0.091    10.764     9.166         19.931            20.022 
  S0[0].U0                     1735     8.235   662.750   813.789       1476.539          1484.774 
    csa_tree_U..d_90_9_groupi    55     0.270    38.117    38.361         76.477            76.747 
    csa_tree_U..d_90_9_groupi    49     0.262    35.499    35.430         70.929            71.191 
    csa_tree_U..d_90_9_groupi    49     0.258    38.302    37.691         75.993            76.250 
    csa_tree_U..d_90_9_groupi    47     0.250    37.266    36.666         73.932            74.182 
    csa_tree_U..d_90_9_groupi    43     0.228    20.194    22.219         42.413            42.641 
    csa_tree_U..d_90_9_groupi    37     0.215    18.678    20.623         39.301            39.516 
    csa_tree_U..d_90_9_groupi    44     0.210    17.127    19.454         36.580            36.791 
    csa_tree_U..d_90_9_groupi    39     0.205    17.118    18.936         36.053            36.258 
    csa_tree_U..d_90_9_groupi    38     0.199    17.949    19.991         37.940            38.140 
    csa_tree_U..d_90_9_groupi    37     0.199    11.710    12.893         24.602            24.801 
    csa_tree_U..d_90_9_groupi    33     0.180    17.011    18.717         35.729            35.909 
    csa_tree_U..d_90_9_groupi    35     0.175    19.108    17.928         37.036            37.211 
    csa_tree_U..d_90_9_groupi    32     0.170    15.669    17.478         33.147            33.317 
    csa_tree_U..d_90_9_groupi    32     0.169    13.784    19.126         32.910            33.079 
    csa_tree_U..d_90_9_groupi    28     0.155    13.670    15.199         28.869            29.024 
    csa_tree_U..d_90_9_groupi    27     0.152    14.125    15.485         29.610            29.762 
    csa_tree_U..d_90_9_groupi    26     0.151    11.390    12.523         23.913            24.065 
    csa_tree_U..d_90_9_groupi    24     0.131     8.239     8.857         17.096            17.226 
    U_S_44_add_63_8              19     0.101    12.037    10.097         22.134            22.235 
    U_S95_add_63_8               19     0.096    13.311    11.354         24.665            24.762 
    U_S4_add_90_9                19     0.096     9.215     7.651         16.866            16.962 
    U_S_15_add_63_8              19     0.096    12.414    10.235         22.648            22.744 
    U_S85_add_63_8               19     0.096    13.064    11.005         24.069            24.164 
    U_S_25_add_63_8              19     0.096    13.046    10.929         23.975            24.070 
    U_S14_add_90_9               19     0.095    11.213     9.412         20.625            20.720 
    U_S_35_add_63_8              18     0.091    12.512    10.525         23.037            23.129 
  S0[15].U0                    1733     8.234   644.273   797.665       1441.938          1450.171 
    csa_tree_U..d_90_9_groupi    55     0.269    35.666    35.720         71.386            71.656 
    csa_tree_U..d_90_9_groupi    49     0.262    34.641    34.628         69.269            69.531 
    csa_tree_U..d_90_9_groupi    49     0.258    34.901    34.650         69.551            69.809 
    csa_tree_U..d_90_9_groupi    47     0.251    33.575    33.007         66.583            66.833 
    csa_tree_U..d_90_9_groupi    43     0.228    23.379    25.786         49.165            49.393 
    csa_tree_U..d_90_9_groupi    37     0.215    19.096    21.425         40.521            40.737 
    csa_tree_U..d_90_9_groupi    44     0.211    15.383    17.625         33.008            33.219 
    csa_tree_U..d_90_9_groupi    39     0.205    14.586    16.274         30.860            31.065 
    csa_tree_U..d_90_9_groupi    38     0.200    15.651    17.528         33.178            33.378 
    csa_tree_U..d_90_9_groupi    37     0.199    10.622    11.759         22.381            22.580 
    csa_tree_U..d_90_9_groupi    33     0.180    18.668    20.493         39.160            39.340 
    csa_tree_U..d_90_9_groupi    32     0.173    15.813    22.125         37.938            38.112 
    csa_tree_U..d_90_9_groupi    32     0.170    17.259    19.286         36.545            36.715 
    csa_tree_U..d_90_9_groupi    33     0.170    15.905    14.613         30.518            30.688 
    csa_tree_U..d_90_9_groupi    28     0.156    11.904    13.436         25.341            25.496 
    csa_tree_U..d_90_9_groupi    26     0.152    12.104    13.527         25.631            25.784 
    csa_tree_U..d_90_9_groupi    27     0.152    12.226    13.392         25.617            25.769 
    csa_tree_U..d_90_9_groupi    24     0.131     6.758     7.282         14.040            14.171 
    U_S_15_add_63_8              19     0.096    12.642    10.616         23.258            23.354 
    U_S85_add_63_8               19     0.096    12.235    10.090         22.325            22.421 
    U_S_44_add_63_8              19     0.096    10.847     9.343         20.190            20.286 
    U_S95_add_63_8               19     0.096    12.927    10.994         23.921            24.017 
    U_S14_add_90_9               19     0.096    11.495     9.910         21.405            21.501 
    U_S_25_add_63_8              19     0.096    13.985    11.774         25.760            25.855 
    U_S4_add_90_9                19     0.095     9.461     8.198         17.660            17.755 
    U_S_35_add_63_8              18     0.092    11.361     9.593         20.954            21.046 
  S0[12].U0                    1732     8.230   616.360   760.240       1376.601          1384.830 
    csa_tree_U..d_90_9_groupi    55     0.270    36.493    36.952         73.445            73.715 
    csa_tree_U..d_90_9_groupi    49     0.262    32.807    32.886         65.693            65.955 
    csa_tree_U..d_90_9_groupi    49     0.257    33.280    33.194         66.474            66.731 
    csa_tree_U..d_90_9_groupi    47     0.251    32.492    32.075         64.567            64.818 
    csa_tree_U..d_90_9_groupi    43     0.228    21.027    23.236         44.263            44.492 
    csa_tree_U..d_90_9_groupi    37     0.215    15.991    17.933         33.924            34.140 
    csa_tree_U..d_90_9_groupi    44     0.211    14.871    16.977         31.848            32.058 
    csa_tree_U..d_90_9_groupi    39     0.205    16.172    18.028         34.200            34.405 
    csa_tree_U..d_90_9_groupi    38     0.200    15.916    17.765         33.681            33.881 
    csa_tree_U..d_90_9_groupi    37     0.198    11.077    12.337         23.415            23.613 
    csa_tree_U..d_90_9_groupi    33     0.180    16.268    17.815         34.082            34.262 
    csa_tree_U..d_90_9_groupi    32     0.173    14.855    20.760         35.615            35.788 
    csa_tree_U..d_90_9_groupi    32     0.170    15.729    17.547         33.276            33.446 
    csa_tree_U..d_90_9_groupi    33     0.170    16.440    15.203         31.644            31.814 
    csa_tree_U..d_90_9_groupi    27     0.153    11.813    13.363         25.176            25.330 
    csa_tree_U..d_90_9_groupi    26     0.152    12.050    13.862         25.912            26.064 
    csa_tree_U..d_90_9_groupi    27     0.152    12.907    14.228         27.134            27.286 
    csa_tree_U..d_90_9_groupi    24     0.130     7.122     7.686         14.808            14.938 
    U_S_44_add_63_8              19     0.102    11.646     9.788         21.434            21.535 
    U_S85_add_63_8               19     0.096    12.144    10.437         22.581            22.678 
    U_S_15_add_63_8              19     0.096    12.194    10.406         22.600            22.696 
    U_S14_add_90_9               19     0.096    10.730     9.083         19.813            19.909 
    U_S_25_add_63_8              19     0.096    13.429    11.158         24.587            24.683 
    U_S95_add_63_8               19     0.096    11.868    10.192         22.060            22.156 
    U_S4_add_90_9                19     0.095    10.138     8.767         18.905            19.000 
    U_S_35_add_63_8              18     0.091    10.852     9.135         19.987            20.078 
  S0[3].U0                     1734     8.230   651.684   802.047       1453.732          1461.961 
    csa_tree_U..d_90_9_groupi    55     0.270    37.209    37.570         74.778            75.048 
    csa_tree_U..d_90_9_groupi    49     0.262    36.000    35.800         71.800            72.062 
    csa_tree_U..d_90_9_groupi    49     0.257    37.553    36.975         74.527            74.785 
    csa_tree_U..d_90_9_groupi    47     0.251    33.420    32.698         66.117            66.368 
    csa_tree_U..d_90_9_groupi    43     0.228    20.359    22.358         42.717            42.945 
    csa_tree_U..d_90_9_groupi    37     0.215    18.607    20.612         39.219            39.434 
    csa_tree_U..d_90_9_groupi    44     0.210    16.588    18.957         35.545            35.755 
    csa_tree_U..d_90_9_groupi    39     0.205    16.917    18.697         35.614            35.819 
    csa_tree_U..d_90_9_groupi    38     0.199    16.794    18.588         35.382            35.581 
    csa_tree_U..d_90_9_groupi    37     0.198    11.627    12.929         24.557            24.755 
    csa_tree_U..d_90_9_groupi    33     0.180    16.797    18.385         35.182            35.362 
    csa_tree_U..d_90_9_groupi    35     0.175    16.986    15.908         32.894            33.069 
    csa_tree_U..d_90_9_groupi    32     0.170    16.317    18.142         34.459            34.629 
    csa_tree_U..d_90_9_groupi    32     0.169    14.143    19.434         33.576            33.746 
    csa_tree_U..d_90_9_groupi    27     0.153    12.316    13.708         26.024            26.177 
    csa_tree_U..d_90_9_groupi    26     0.152    11.406    12.803         24.208            24.360 
    csa_tree_U..d_90_9_groupi    27     0.151    13.751    15.071         28.822            28.973 
    csa_tree_U..d_90_9_groupi    24     0.130     7.685     8.257         15.942            16.072 
    U_S_44_add_63_8              19     0.100    10.449     8.669         19.118            19.218 
    U_S95_add_63_8               19     0.096    13.375    11.620         24.995            25.091 
    U_S85_add_63_8               19     0.096    13.754    11.779         25.533            25.630 
    U_S_15_add_63_8              19     0.096    13.371    11.362         24.733            24.829 
    U_S_25_add_63_8              19     0.096    13.842    11.866         25.709            25.805 
    U_S14_add_90_9               19     0.096    11.883    10.200         22.083            22.179 
    U_S4_add_90_9                19     0.096    10.484     9.088         19.572            19.668 
    U_S_35_add_63_8              18     0.091    12.123    10.376         22.499            22.590 
  S0[6].U0                     1734     8.228   624.838   768.443       1393.282          1401.509 
    csa_tree_U..d_90_9_groupi    55     0.269    36.268    36.317         72.584            72.854 
    csa_tree_U..d_90_9_groupi    49     0.262    34.787    34.735         69.522            69.785 
    csa_tree_U..d_90_9_groupi    49     0.258    35.167    34.753         69.920            70.177 
    csa_tree_U..d_90_9_groupi    47     0.251    33.306    32.458         65.764            66.015 
    csa_tree_U..d_90_9_groupi    43     0.228    20.856    23.044         43.900            44.128 
    csa_tree_U..d_90_9_groupi    37     0.216    17.079    18.725         35.804            36.020 
    csa_tree_U..d_90_9_groupi    44     0.210    14.966    17.005         31.971            32.181 
    csa_tree_U..d_90_9_groupi    39     0.205    15.104    16.582         31.687            31.892 
    csa_tree_U..d_90_9_groupi    38     0.200    15.812    17.510         33.322            33.522 
    csa_tree_U..d_90_9_groupi    37     0.199    10.933    12.041         22.974            23.173 
    csa_tree_U..d_90_9_groupi    33     0.180    17.033    18.733         35.765            35.945 
    csa_tree_U..d_90_9_groupi    35     0.175    16.010    14.721         30.731            30.906 
    csa_tree_U..d_90_9_groupi    32     0.172    15.027    20.642         35.670            35.842 
    csa_tree_U..d_90_9_groupi    32     0.170    16.165    18.152         34.317            34.487 
    csa_tree_U..d_90_9_groupi    27     0.153    11.481    12.831         24.312            24.465 
    csa_tree_U..d_90_9_groupi    26     0.152    11.818    13.093         24.912            25.063 
    csa_tree_U..d_90_9_groupi    27     0.152    12.172    13.332         25.504            25.655 
    csa_tree_U..d_90_9_groupi    24     0.130     6.839     7.307         14.146            14.276 
    U_S_44_add_63_8              19     0.101     9.931     8.177         18.108            18.209 
    U_S14_add_90_9               19     0.096    10.930     9.176         20.105            20.201 
    U_S_25_add_63_8              19     0.095    13.132    11.230         24.363            24.458 
    U_S4_add_90_9                19     0.095     8.728     7.309         16.036            16.131 
    U_S_15_add_63_8              19     0.095    12.605    10.657         23.262            23.357 
    U_S85_add_63_8               19     0.095    12.764    10.693         23.457            23.551 
    U_S95_add_63_8               19     0.095    12.312    10.404         22.715            22.810 
    U_S_35_add_63_8              18     0.090    11.495     9.941         21.437            21.527 
  S0[1].U0                     1733     8.225   678.996   833.500       1512.496          1520.721 
    csa_tree_U..d_90_9_groupi    55     0.269    39.457    39.694         79.151            79.421 
    csa_tree_U..d_90_9_groupi    49     0.262    37.760    37.830         75.590            75.852 
    csa_tree_U..d_90_9_groupi    49     0.257    36.488    36.024         72.512            72.770 
    csa_tree_U..d_90_9_groupi    47     0.250    35.583    34.916         70.499            70.749 
    csa_tree_U..d_90_9_groupi    43     0.228    24.008    26.464         50.472            50.700 
    csa_tree_U..d_90_9_groupi    37     0.215    19.289    21.410         40.699            40.914 
    csa_tree_U..d_90_9_groupi    44     0.211    17.148    19.543         36.691            36.902 
    csa_tree_U..d_90_9_groupi    39     0.205    16.927    18.617         35.544            35.749 
    csa_tree_U..d_90_9_groupi    38     0.200    18.191    20.275         38.467            38.666 
    csa_tree_U..d_90_9_groupi    37     0.198    10.285    11.386         21.671            21.869 
    csa_tree_U..d_90_9_groupi    33     0.180    19.087    20.992         40.079            40.259 
    csa_tree_U..d_90_9_groupi    32     0.173    15.957    22.359         38.316            38.489 
    csa_tree_U..d_90_9_groupi    32     0.170    17.961    20.172         38.133            38.303 
    csa_tree_U..d_90_9_groupi    33     0.170    17.462    16.123         33.585            33.755 
    csa_tree_U..d_90_9_groupi    28     0.156    12.969    14.498         27.466            27.622 
    csa_tree_U..d_90_9_groupi    26     0.152    13.765    15.477         29.242            29.394 
    csa_tree_U..d_90_9_groupi    27     0.152    14.148    15.378         29.527            29.679 
    csa_tree_U..d_90_9_groupi    24     0.130     7.830     8.431         16.262            16.392 
    U_S_44_add_63_8              19     0.096    11.521     9.834         21.355            21.451 
    U_S_25_add_63_8              19     0.096    14.700    12.422         27.122            27.218 
    U_S95_add_63_8               19     0.096    13.331    11.265         24.596            24.692 
    U_S_15_add_63_8              19     0.096    13.893    11.631         25.524            25.620 
    U_S85_add_63_8               19     0.096    14.044    11.694         25.738            25.834 
    U_S14_add_90_9               19     0.096    11.964    10.310         22.274            22.370 
    U_S4_add_90_9                19     0.095     9.907     8.562         18.469            18.564 
    U_S_35_add_63_8              18     0.091    13.105    11.205         24.310            24.401 
  S0[4].U0                     1732     8.223   633.992   779.962       1413.954          1422.177 
    csa_tree_U..d_90_9_groupi    55     0.269    37.742    37.985         75.727            75.996 
    csa_tree_U..d_90_9_groupi    49     0.262    35.204    34.975         70.179            70.441 
    csa_tree_U..d_90_9_groupi    49     0.257    35.296    34.880         70.176            70.433 
    csa_tree_U..d_90_9_groupi    47     0.251    35.058    34.484         69.542            69.793 
    csa_tree_U..d_90_9_groupi    43     0.229    20.339    22.190         42.529            42.757 
    csa_tree_U..d_90_9_groupi    37     0.216    18.832    20.890         39.722            39.938 
    csa_tree_U..d_90_9_groupi    44     0.210    15.628    17.880         33.508            33.718 
    csa_tree_U..d_90_9_groupi    39     0.205    15.814    17.569         33.383            33.588 
    csa_tree_U..d_90_9_groupi    38     0.200    16.446    18.306         34.752            34.951 
    csa_tree_U..d_90_9_groupi    37     0.198    10.036    11.128         21.164            21.363 
    csa_tree_U..d_90_9_groupi    33     0.180    16.104    17.555         33.659            33.839 
    csa_tree_U..d_90_9_groupi    32     0.173    14.578    20.142         34.720            34.893 
    csa_tree_U..d_90_9_groupi    32     0.170    15.320    17.066         32.387            32.557 
    csa_tree_U..d_90_9_groupi    33     0.170    15.286    13.948         29.235            29.405 
    csa_tree_U..d_90_9_groupi    27     0.153    12.118    13.685         25.802            25.955 
    csa_tree_U..d_90_9_groupi    26     0.152    11.987    13.483         25.470            25.622 
    csa_tree_U..d_90_9_groupi    27     0.151    12.690    13.992         26.682            26.834 
    csa_tree_U..d_90_9_groupi    24     0.130     6.493     6.952         13.445            13.575 
    U_S_44_add_63_8              19     0.101    10.590     8.822         19.412            19.513 
    U_S_25_add_63_8              19     0.096    13.836    11.848         25.684            25.780 
    U_S95_add_63_8               19     0.096    12.040    10.224         22.264            22.359 
    U_S_15_add_63_8              19     0.095    12.837    10.802         23.640            23.735 
    U_S4_add_90_9                19     0.095     9.473     7.957         17.430            17.525 
    U_S85_add_63_8               19     0.095    12.162    10.240         22.401            22.496 
    U_S14_add_90_9               19     0.095    10.578     9.128         19.706            19.801 
    U_S_35_add_63_8              18     0.091    11.576     9.765         21.340            21.432 

