============================================================
  Generated by:           Genus(TM) Synthesis Solution 17.10-p007_1
  Generated on:           Jan 27 2020  10:04:17 pm
  Module:                 INTER_8
  Technology libraries:   CORE65LPSVT 
                          CLOCK65LPSVT 
                          physical_cells 
  Operating conditions:   _nominal_ 
  Interconnect mode:      global
  Area mode:              physical library
============================================================

                                           Leakage   Internal  
       Gate         Instances    Area    Power (uW) Power (uW)     Library    
------------------------------------------------------------------------------
HS65_LSS_XNOR2X12         142    959.920      1.907     96.153    CORE65LPSVT 
HS65_LSS_XNOR2X18          12    124.800      0.265     18.563    CORE65LPSVT 
HS65_LSS_XNOR2X24           1     12.480      0.030      1.658    CORE65LPSVT 
HS65_LSS_XNOR2X3           10     41.600      0.034      1.216    CORE65LPSVT 
HS65_LSS_XNOR2X6          178    740.480      1.230     88.624    CORE65LPSVT 
HS65_LSS_XOR2X12            3     18.720      0.040      0.935    CORE65LPSVT 
HS65_LSS_XOR2X6           135    561.600      0.777     54.226    CORE65LPSVT 
HS65_LS_AND2ABX18           2      8.320      0.018      1.224    CORE65LPSVT 
HS65_LS_AND2X18            60    218.400      0.591     39.760    CORE65LPSVT 
HS65_LS_AND2X27            25    143.000      0.403     33.003    CORE65LPSVT 
HS65_LS_AND2X35             5     31.200      0.086      4.687    CORE65LPSVT 
HS65_LS_AND2X4             89    231.400      0.202     19.387    CORE65LPSVT 
HS65_LS_AND2X9             40    124.800      0.186     12.674    CORE65LPSVT 
HS65_LS_AND3X35            10     78.000      0.211     11.808    CORE65LPSVT 
HS65_LS_AND3X9              5     18.200      0.029      3.039    CORE65LPSVT 
HS65_LS_AO12X18             4     16.640      0.040      4.740    CORE65LPSVT 
HS65_LS_AO12X9             10     36.400      0.049      5.832    CORE65LPSVT 
HS65_LS_AO311X9            10     46.800      0.045      1.037    CORE65LPSVT 
HS65_LS_AOI12X12           50    260.000      0.471     18.965    CORE65LPSVT 
HS65_LS_AOI12X17           10     67.600      0.171      3.035    CORE65LPSVT 
HS65_LS_AOI12X2            16     41.600      0.022      0.672    CORE65LPSVT 
HS65_LS_AOI12X23           10     88.400      0.189     18.202    CORE65LPSVT 
HS65_LS_AOI12X3             4     12.480      0.008      0.331    CORE65LPSVT 
HS65_LS_AOI12X35           10    130.000      0.304     18.594    CORE65LPSVT 
HS65_LS_AOI12X46            5     85.800      0.173     16.493    CORE65LPSVT 
HS65_LS_AOI12X6            34    106.080      0.149      4.083    CORE65LPSVT 
HS65_LS_AOI12X9             5     26.000      0.029      3.786    CORE65LPSVT 
HS65_LS_AOI13X20            5     59.800      0.070      5.846    CORE65LPSVT 
HS65_LS_AOI21X12           25    130.000      0.209     10.520    CORE65LPSVT 
HS65_LS_AOI21X17            6     40.560      0.071      2.822    CORE65LPSVT 
HS65_LS_AOI21X23           10     88.400      0.181      6.849    CORE65LPSVT 
HS65_LS_AOI21X35            5     65.000      0.130      2.166    CORE65LPSVT 
HS65_LS_AOI21X9             1      5.200      0.007      0.183    CORE65LPSVT 
HS65_LS_AOI22X6             5     18.200      0.021      0.599    CORE65LPSVT 
HS65_LS_AOI31X10            5     31.200      0.036      2.541    CORE65LPSVT 
HS65_LS_BFX106              8     95.680      0.457      7.781    CORE65LPSVT 
HS65_LS_BFX18              14     43.680      0.113      7.242    CORE65LPSVT 
HS65_LS_BFX27              45    163.800      0.569     18.334    CORE65LPSVT 
HS65_LS_BFX35              15     78.000      0.261      5.120    CORE65LPSVT 
HS65_LS_BFX44               9     51.480      0.200      2.919    CORE65LPSVT 
HS65_LS_BFX53               9     56.160      0.242      4.344    CORE65LPSVT 
HS65_LS_BFX62               4     31.200      0.129      2.049    CORE65LPSVT 
HS65_LS_BFX71              13    108.160      0.481      7.718    CORE65LPSVT 
HS65_LS_BFX9                5     10.400      0.016      3.269    CORE65LPSVT 
HS65_LS_CB4I1X18           24    124.800      0.288     25.681    CORE65LPSVT 
HS65_LS_CB4I1X27            1      8.840      0.018      0.506    CORE65LPSVT 
HS65_LS_CB4I1X35            3     28.080      0.074      3.661    CORE65LPSVT 
HS65_LS_CB4I6X18            4     20.800      0.042      3.421    CORE65LPSVT 
HS65_LS_CB4I6X9             5     20.800      0.024      3.808    CORE65LPSVT 
HS65_LS_CBI4I1X11           7     43.680      0.064      3.535    CORE65LPSVT 
HS65_LS_CBI4I1X16           4     35.360      0.069      5.422    CORE65LPSVT 
HS65_LS_CBI4I1X21           1     11.960      0.023      1.552    CORE65LPSVT 
HS65_LS_CBI4I1X5           53    192.920      0.223     13.943    CORE65LPSVT 
HS65_LS_CNIVX21            22     68.640      0.165      3.963    CORE65LPSVT 
HS65_LS_CNIVX27            48    174.720      0.443      9.724    CORE65LPSVT 
HS65_LS_CNIVX34            10     46.800      0.133      2.998    CORE65LPSVT 
HS65_LS_DFPRQNX9            2     20.800      0.020      9.377    CORE65LPSVT 
HS65_LS_DFPRQX18           92   1004.640      1.212    462.930    CORE65LPSVT 
HS65_LS_DFPRQX27            1     11.960      0.017      5.189    CORE65LPSVT 
HS65_LS_DFPRQX4           110   1144.000      0.961    696.908    CORE65LPSVT 
HS65_LS_DFPRQX9            65    676.000      0.648    332.765    CORE65LPSVT 
HS65_LS_FA1X18            206   2892.240      5.002    457.148    CORE65LPSVT 
HS65_LS_FA1X27            270   5756.400     10.056    785.751    CORE65LPSVT 
HS65_LS_FA1X4              20    187.200      0.125      6.442    CORE65LPSVT 
HS65_LS_FA1X9             134   1463.280      1.453    121.897    CORE65LPSVT 
HS65_LS_HA1X18             10     72.800      0.202      7.483    CORE65LPSVT 
HS65_LS_HA1X35             10    135.200      0.434     25.840    CORE65LPSVT 
HS65_LS_HA1X4              30    156.000      0.154      8.498    CORE65LPSVT 
HS65_LS_HA1X9              36    224.640      0.348     27.829    CORE65LPSVT 
HS65_LS_IVX13              10     20.800      0.042      1.997    CORE65LPSVT 
HS65_LS_IVX18             471    979.680      2.513     50.692    CORE65LPSVT 
HS65_LS_IVX2                1      1.560      0.001      0.027    CORE65LPSVT 
HS65_LS_IVX22               5     15.600      0.040      0.634    CORE65LPSVT 
HS65_LS_IVX27             147    458.640      1.352     36.531    CORE65LPSVT 
HS65_LS_IVX31              36    131.040      0.395     10.439    CORE65LPSVT 
HS65_LS_IVX35              47    171.080      0.586     10.625    CORE65LPSVT 
HS65_LS_IVX44              44    183.040      0.709      9.235    CORE65LPSVT 
HS65_LS_IVX53              10     52.000      0.201      4.251    CORE65LPSVT 
HS65_LS_IVX7               10     15.600      0.019      1.798    CORE65LPSVT 
HS65_LS_IVX9              517    806.520      1.258     28.243    CORE65LPSVT 
HS65_LS_MUX21I1X12          2     13.520      0.027      0.892    CORE65LPSVT 
HS65_LS_MUX21I1X6           9     37.440      0.063      1.533    CORE65LPSVT 
HS65_LS_MUX21X18           25    156.000      0.454     13.637    CORE65LPSVT 
HS65_LS_NAND2AX14         131    544.960      1.307     53.379    CORE65LPSVT 
HS65_LS_NAND2AX21          95    543.400      1.363     66.884    CORE65LPSVT 
HS65_LS_NAND2AX29          25    169.000      0.410     23.967    CORE65LPSVT 
HS65_LS_NAND2AX7          174    542.880      0.873     38.967    CORE65LPSVT 
HS65_LS_NAND2X11            5     18.200      0.028      2.563    CORE65LPSVT 
HS65_LS_NAND2X14          331   1204.840      2.217     98.523    CORE65LPSVT 
HS65_LS_NAND2X21          123    639.600      1.330     59.839    CORE65LPSVT 
HS65_LS_NAND2X29           70    436.800      0.883     45.181    CORE65LPSVT 
HS65_LS_NAND2X43           16    141.440      0.394     14.885    CORE65LPSVT 
HS65_LS_NAND2X7           573   1191.840      1.400     67.584    CORE65LPSVT 
HS65_LS_NAND3AX13           3     17.160      0.032      1.980    CORE65LPSVT 
HS65_LS_NAND3AX19          24    187.200      0.421     19.283    CORE65LPSVT 
HS65_LS_NAND3AX25          25    247.000      0.439     11.071    CORE65LPSVT 
HS65_LS_NAND3AX6           14     50.960      0.029      0.717    CORE65LPSVT 
HS65_LS_NAND3X13           40    208.000      0.277     14.071    CORE65LPSVT 
HS65_LS_NAND3X19           30    202.800      0.304     16.939    CORE65LPSVT 
HS65_LS_NAND3X25           20    176.800      0.448     13.340    CORE65LPSVT 
HS65_LS_NAND4ABX25         10    119.600      0.063      9.207    CORE65LPSVT 
HS65_LS_NAND4ABX6          10     41.600      0.069      2.471    CORE65LPSVT 
HS65_LS_NOR2AX13           90    374.400      0.770     32.665    CORE65LPSVT 
HS65_LS_NOR2AX19           51    291.720      0.724     30.141    CORE65LPSVT 
HS65_LS_NOR2AX25           20    135.200      0.211     22.577    CORE65LPSVT 
HS65_LS_NOR2AX3           315    819.000      0.808     48.888    CORE65LPSVT 
HS65_LS_NOR2AX6            60    187.200      0.219      9.429    CORE65LPSVT 
HS65_LS_NOR2X13           235    855.400      1.527     61.747    CORE65LPSVT 
HS65_LS_NOR2X19           106    551.200      1.042     52.487    CORE65LPSVT 
HS65_LS_NOR2X25            99    617.760      1.172     60.509    CORE65LPSVT 
HS65_LS_NOR2X38           130   1149.200      3.166    129.027    CORE65LPSVT 
HS65_LS_NOR2X50            27    322.920      0.981     32.977    CORE65LPSVT 
HS65_LS_NOR2X6            332    690.560      0.987     39.592    CORE65LPSVT 
HS65_LS_NOR2X9              1      3.640      0.006      0.115    CORE65LPSVT 
HS65_LS_NOR3X18             5     44.200      0.021      7.824    CORE65LPSVT 
HS65_LS_NOR3X4             10     26.000      0.035      1.191    CORE65LPSVT 
HS65_LS_OA12X18            50    208.000      0.567     47.166    CORE65LPSVT 
HS65_LS_OA12X27            15    109.200      0.252     18.572    CORE65LPSVT 
HS65_LS_OA12X35            16    124.800      0.397     16.276    CORE65LPSVT 
HS65_LS_OA12X9             55    200.200      0.284     15.970    CORE65LPSVT 
HS65_LS_OAI112X16           5     44.200      0.115      6.056    CORE65LPSVT 
HS65_LS_OAI112X5           14     50.960      0.079      3.465    CORE65LPSVT 
HS65_LS_OAI12X12          150    780.000      1.484     50.829    CORE65LPSVT 
HS65_LS_OAI12X18           66    446.160      1.024     48.928    CORE65LPSVT 
HS65_LS_OAI12X24           40    353.600      0.818     35.832    CORE65LPSVT 
HS65_LS_OAI12X3             5     13.000      0.012      0.546    CORE65LPSVT 
HS65_LS_OAI12X6            65    202.800      0.298     12.886    CORE65LPSVT 
HS65_LS_OAI13X5             5     18.200      0.019      2.181    CORE65LPSVT 
HS65_LS_OAI211X11          10     62.400      0.081      7.102    CORE65LPSVT 
HS65_LS_OAI211X5            5     18.200      0.026      0.984    CORE65LPSVT 
HS65_LS_OAI211X8            1      6.240      0.009      0.575    CORE65LPSVT 
HS65_LS_OAI212X5            5     20.800      0.027      1.033    CORE65LPSVT 
HS65_LS_OAI21X12            5     26.000      0.045      1.082    CORE65LPSVT 
HS65_LS_OAI21X3            50    130.000      0.108      6.698    CORE65LPSVT 
HS65_LS_OAI22X6            10     36.400      0.030      0.962    CORE65LPSVT 
HS65_LS_OR2X18             15     54.600      0.136      7.591    CORE65LPSVT 
HS65_LS_OR2X27             10     57.200      0.138     10.773    CORE65LPSVT 
HS65_LS_OR2X35             25    156.000      0.484     34.099    CORE65LPSVT 
HS65_LS_OR2X9              95    296.400      0.383     21.598    CORE65LPSVT 
HS65_LS_PAO2X9             25    117.000      0.126      6.957    CORE65LPSVT 
HS65_LS_PAOI2X1            20     72.800      0.025      2.519    CORE65LPSVT 
HS65_LS_PAOI2X33            5    109.200      0.155      8.068    CORE65LPSVT 
HS65_LS_PAOI2X6            30    124.800      0.145     10.462    CORE65LPSVT 
HS65_LS_XNOR2X18          101    682.760      2.216    128.062    CORE65LPSVT 
HS65_LS_XNOR2X4            10     46.800      0.056      2.354    CORE65LPSVT 
HS65_LS_XNOR2X9            40    208.000      0.394     19.599    CORE65LPSVT 
HS65_LS_XOR2X18           126    851.760      2.767    127.320    CORE65LPSVT 
HS65_LS_XOR2X27            11    114.400      0.351     15.212    CORE65LPSVT 
HS65_LS_XOR2X35           110   1258.400      4.823    237.578    CORE65LPSVT 
HS65_LS_XOR2X4             15     70.200      0.091      7.235    CORE65LPSVT 
HS65_LS_XOR2X9             75    390.000      0.746     28.210    CORE65LPSVT 
------------------------------------------------------------------------------
total                    8056  43086.680     83.385   5804.633                


                                            Leakage  Leakage  Internal  Internal 
     Type      Instances    Area   Area % Power (uW) Power % Power (uW)  Power % 
---------------------------------------------------------------------------------
sequential           270  2857.400    6.6      2.858     3.4   1507.169     26.0 
inverter            1378  3125.720    7.3      7.858     9.4    171.157      2.9 
buffer               122   638.560    1.5      2.469     3.0     58.776      1.0 
logic               6286 36465.000   84.6     70.200    84.2   4067.531     70.1 
physical_cells         0     0.000    0.0      0.000     0.0      0.000      0.0 
---------------------------------------------------------------------------------
total               8056 43086.680  100.0     83.385   100.0   5804.633    100.0 

