============================================================
  Generated by:           Genus(TM) Synthesis Solution 17.10-p007_1
  Generated on:           Jan 27 2020  11:27:40 pm
  Module:                 INTER_6
  Technology libraries:   CORE65LPSVT 
                          CLOCK65LPSVT 
                          physical_cells 
  Operating conditions:   _nominal_ 
  Interconnect mode:      global
  Area mode:              physical library
============================================================

                             Leakage   Dynamic    Total   
       Instance       Cells Power(uW) Power(uW) Power(uW) 
----------------------------------------------------------
INTER_6               79929   836.345 96447.514 97283.859 
  gen_filter[58].U_S0  1182    12.543  1107.805  1120.348 
  gen_filter[3].U_S0   1210    12.440  1316.871  1329.311 
  gen_filter[10].U_S0  1208    12.432  1287.797  1300.229 
  gen_filter[59].U_S0  1181    12.414  1162.586  1175.000 
  gen_filter[57].U_S0  1184    12.397  1098.178  1110.575 
  gen_filter[9].U_S0   1207    12.394  1307.522  1319.916 
  gen_filter[6].U_S0   1210    12.377  1292.050  1304.427 
  gen_filter[56].U_S0  1181    12.367  1202.550  1214.917 
  gen_filter[8].U_S0   1210    12.334  1332.048  1344.381 
  gen_filter[7].U_S0   1211    12.331  1315.109  1327.440 
  gen_filter[54].U_S0  1184    12.329  1243.540  1255.869 
  gen_filter[22].U_S0  1159    12.321  1104.645  1116.967 
  gen_filter[55].U_S0  1182    12.311  1176.439  1188.750 
  gen_filter[24].U_S0  1159    12.289  1118.941  1131.230 
  gen_filter[27].U_S0  1159    12.286  1181.169  1193.455 
  gen_filter[26].U_S0  1159    12.280  1173.628  1185.908 
  gen_filter[25].U_S0  1159    12.273  1125.779  1138.053 
  gen_filter[5].U_S0   1209    12.270  1259.594  1271.865 
  gen_filter[28].U_S0  1163    12.266  1179.303  1191.569 
  gen_filter[23].U_S0  1159    12.256  1150.859  1163.115 
  gen_filter[46].U_S0  1164    12.247  1185.997  1198.244 
  gen_filter[2].U_S0   1207    12.241  1297.518  1309.760 
  gen_filter[0].U_S0   1227    12.211  1224.221  1236.433 
  gen_filter[11].U_S0  1157    12.201  1191.099  1203.300 
  gen_filter[30].U_S0  1158    12.198  1215.582  1227.780 
  gen_filter[4].U_S0   1205    12.177  1299.479  1311.656 
  gen_filter[1].U_S0   1217    12.177  1282.902  1295.079 
  gen_filter[53].U_S0  1162    12.161  1272.215  1284.375 
  gen_filter[47].U_S0  1159    12.137  1220.823  1232.959 
  gen_filter[16].U_S0  1157    12.132  1117.239  1129.371 
  gen_filter[29].U_S0  1155    12.128  1202.808  1214.936 
  gen_filter[20].U_S0  1158    12.123  1089.300  1101.422 
  gen_filter[48].U_S0  1159    12.120  1217.045  1229.165 
  gen_filter[21].U_S0  1158    12.118  1093.685  1105.803 
  gen_filter[17].U_S0  1157    12.118  1143.501  1155.619 
  gen_filter[19].U_S0  1157    12.109  1116.785  1128.894 
  gen_filter[44].U_S0  1158    12.106  1200.508  1212.614 
  gen_filter[14].U_S0  1156    12.101  1160.064  1172.165 
  gen_filter[32].U_S0  1156    12.093  1208.241  1220.334 
  gen_filter[51].U_S0  1156    12.091  1230.443  1242.534 
  gen_filter[18].U_S0  1157    12.083  1118.468  1130.551 
  gen_filter[50].U_S0  1157    12.072  1247.139  1259.211 
  gen_filter[15].U_S0  1157    12.063  1102.624  1114.687 
  gen_filter[49].U_S0  1159    12.059  1258.944  1271.003 
  gen_filter[41].U_S0  1180    12.057  1074.756  1086.813 
  gen_filter[12].U_S0  1156    12.052  1122.200  1134.252 
  gen_filter[45].U_S0  1159    12.047  1145.134  1157.181 
  gen_filter[60].U_S0  1180    12.024  1125.025  1137.049 
  gen_filter[52].U_S0  1158    12.004  1251.824  1263.828 
  gen_filter[43].U_S0  1174    11.967  1071.395  1083.362 
  gen_filter[13].U_S0  1151    11.947  1132.313  1144.260 
  gen_filter[31].U_S0  1156    11.899  1210.815  1222.715 
  gen_filter[42].U_S0  1180    11.891  1065.085  1076.976 
  gen_filter[33].U_S0  1177    11.882  1176.537  1188.418 
  gen_filter[40].U_S0  1172    11.845  1031.263  1043.108 
  gen_filter[39].U_S0  1175    11.820  1025.536  1037.356 
  gen_filter[34].U_S0  1173    11.780  1205.892  1217.672 
  gen_filter[62].U_S0  1172    11.760  1118.168  1129.927 
  gen_filter[35].U_S0  1171    11.729  1107.031  1118.760 
  gen_filter[61].U_S0  1179    11.725  1101.766  1113.491 
  gen_filter[38].U_S0  1171    11.723  1036.248  1047.970 
  gen_filter[37].U_S0  1172    11.673  1088.709  1100.382 
  gen_filter[36].U_S0  1169    11.636  1067.329  1078.965 
  gen_filter[63].U_S0  1169    11.555  1132.165  1143.720 
  gen_filter[64].U_S0  1181    11.353  1092.345  1103.698 

