============================================================
  Generated by:           Genus(TM) Synthesis Solution 17.10-p007_1
  Generated on:           Nov 24 2019  03:39:52 am
  Module:                 FME_PIPE_8
  Technology libraries:   CORE65LPSVT 
                          CLOCK65LPSVT 
                          physical_cells 
  Operating conditions:   _nominal_ 
  Interconnect mode:      global
  Area mode:              physical library
============================================================

                                            Leakage    Internal  
       Gate         Instances     Area    Power (uW)  Power (uW)     Library    
--------------------------------------------------------------------------------
HS65_LSS_XNOR2X12         496    3352.960      6.652     947.300    CORE65LPSVT 
HS65_LSS_XNOR2X18          66     686.400      1.466     125.151    CORE65LPSVT 
HS65_LSS_XNOR2X24           8      99.840      0.240      19.519    CORE65LPSVT 
HS65_LSS_XNOR2X3            2       8.320      0.007       0.760    CORE65LPSVT 
HS65_LSS_XNOR2X6         2073    8623.680     14.095    1420.117    CORE65LPSVT 
HS65_LSS_XNOR3X2            2      16.640      0.009       1.137    CORE65LPSVT 
HS65_LSS_XOR2X12           41     255.840      0.514      95.730    CORE65LPSVT 
HS65_LSS_XOR2X17            2      19.760      0.043       2.847    CORE65LPSVT 
HS65_LSS_XOR2X6          1556    6472.960      9.288    1392.577    CORE65LPSVT 
HS65_LSS_XOR3X4            66     686.400      0.667      47.181    CORE65LPSVT 
HS65_LS_AND2ABX18           6      24.960      0.050       4.691    CORE65LPSVT 
HS65_LS_AND2ABX27           3      17.160      0.038       2.401    CORE65LPSVT 
HS65_LS_AND2ABX35           2      12.480      0.037       5.834    CORE65LPSVT 
HS65_LS_AND2ABX9            2       7.280      0.009       0.953    CORE65LPSVT 
HS65_LS_AND2X18           460    1674.400      4.107     411.140    CORE65LPSVT 
HS65_LS_AND2X27           124     709.280      1.793     134.838    CORE65LPSVT 
HS65_LS_AND2X35            45     280.800      0.875      63.260    CORE65LPSVT 
HS65_LS_AND2X4            494    1284.400      1.096     213.399    CORE65LPSVT 
HS65_LS_AND2X9            456    1422.720      2.001     271.920    CORE65LPSVT 
HS65_LS_AND3ABCX9           1       4.680      0.004       0.000    CORE65LPSVT 
HS65_LS_AND3X18             1       4.680      0.016       0.733    CORE65LPSVT 
HS65_LS_AND3X9              2       7.280      0.007       0.092    CORE65LPSVT 
HS65_LS_AO12X18            35     145.600      0.367      64.880    CORE65LPSVT 
HS65_LS_AO12X27             1       6.760      0.015       1.529    CORE65LPSVT 
HS65_LS_AO12X35            25     195.000      0.558      61.590    CORE65LPSVT 
HS65_LS_AO12X9            142     516.880      0.671      79.305    CORE65LPSVT 
HS65_LS_AO222X18         3018   20401.680     31.869    7595.867    CORE65LPSVT 
HS65_LS_AO222X4          6474   37031.280     18.618    6485.078    CORE65LPSVT 
HS65_LS_AO222X9           326    2034.240      1.593     466.646    CORE65LPSVT 
HS65_LS_AO22X9             19      79.040      0.092      10.466    CORE65LPSVT 
HS65_LS_AO32X18             9      51.480      0.090      22.884    CORE65LPSVT 
HS65_LS_AOI112X9            2      12.480      0.020       1.053    CORE65LPSVT 
HS65_LS_AOI12X12           95     494.000      0.747      93.880    CORE65LPSVT 
HS65_LS_AOI12X17          375    2535.000      5.411     595.522    CORE65LPSVT 
HS65_LS_AOI12X2            96     249.600      0.101      12.407    CORE65LPSVT 
HS65_LS_AOI12X23          203    1794.520      3.962     405.315    CORE65LPSVT 
HS65_LS_AOI12X35           67     871.000      2.042     156.442    CORE65LPSVT 
HS65_LS_AOI12X46            9     154.440      0.317      27.747    CORE65LPSVT 
HS65_LS_AOI12X6            45     140.400      0.156      24.598    CORE65LPSVT 
HS65_LS_AOI13X10            9      56.160      0.135       6.543    CORE65LPSVT 
HS65_LS_AOI13X15            6      53.040      0.143       6.483    CORE65LPSVT 
HS65_LS_AOI13X31            1      17.160      0.021       2.237    CORE65LPSVT 
HS65_LS_AOI13X41            2      44.720      0.063       6.583    CORE65LPSVT 
HS65_LS_AOI21X17           19     128.440      0.243      20.210    CORE65LPSVT 
HS65_LS_AOI21X2            33      85.800      0.046       7.413    CORE65LPSVT 
HS65_LS_AOI21X23           36     318.240      0.668      50.450    CORE65LPSVT 
HS65_LS_AOI21X35           40     520.000      1.127     109.697    CORE65LPSVT 
HS65_LS_AOI21X6             4      12.480      0.011       1.403    CORE65LPSVT 
HS65_LS_AOI21X9             4      20.800      0.016       2.203    CORE65LPSVT 
HS65_LS_AOI32X5            11      45.760      0.059      13.989    CORE65LPSVT 
HS65_LS_BFX106             54     645.840      3.087     241.231    CORE65LPSVT 
HS65_LS_BFX142             37     577.200      2.862     223.584    CORE65LPSVT 
HS65_LS_BFX18              91     283.920      0.731      65.694    CORE65LPSVT 
HS65_LS_BFX213              6     134.160      0.721      66.352    CORE65LPSVT 
HS65_LS_BFX27              91     331.240      1.151     101.556    CORE65LPSVT 
HS65_LS_BFX284              2      60.320      0.318      27.770    CORE65LPSVT 
HS65_LS_BFX31               8      41.600      0.124       9.158    CORE65LPSVT 
HS65_LS_BFX35               7      36.400      0.122       9.574    CORE65LPSVT 
HS65_LS_BFX40               7      40.040      0.141      10.663    CORE65LPSVT 
HS65_LS_BFX44              14      80.080      0.312      26.094    CORE65LPSVT 
HS65_LS_BFX49               1       6.240      0.025       1.914    CORE65LPSVT 
HS65_LS_BFX53              43     268.320      1.163      92.395    CORE65LPSVT 
HS65_LS_BFX62               8      62.400      0.256      17.425    CORE65LPSVT 
HS65_LS_BFX71              35     291.200      1.302     104.045    CORE65LPSVT 
HS65_LS_BFX9              283     588.640      0.978     146.809    CORE65LPSVT 
HS65_LS_CB4I1X18            3      15.600      0.032       7.607    CORE65LPSVT 
HS65_LS_CB4I1X27            8      70.720      0.133      21.493    CORE65LPSVT 
HS65_LS_CB4I1X35            4      37.440      0.093      10.685    CORE65LPSVT 
HS65_LS_CB4I6X18            9      46.800      0.089      13.015    CORE65LPSVT 
HS65_LS_CB4I6X27            2      16.640      0.029       4.066    CORE65LPSVT 
HS65_LS_CB4I6X9            43     178.880      0.210      48.419    CORE65LPSVT 
HS65_LS_CBI4I1X11           4      24.960      0.028       2.444    CORE65LPSVT 
HS65_LS_CBI4I1X16          19     167.960      0.259      18.552    CORE65LPSVT 
HS65_LS_CBI4I1X5           55     200.200      0.276      23.756    CORE65LPSVT 
HS65_LS_CBI4I6X14          23     203.320      0.305      52.049    CORE65LPSVT 
HS65_LS_CBI4I6X5           33     120.120      0.115      14.099    CORE65LPSVT 
HS65_LS_CBI4I6X9           10      62.400      0.075       9.153    CORE65LPSVT 
HS65_LS_CNBFX31             1       6.240      0.016       1.430    CORE65LPSVT 
HS65_LS_CNBFX82             1      12.480      0.046       2.826    CORE65LPSVT 
HS65_LS_CNIVX10             2       5.200      0.008       0.669    CORE65LPSVT 
HS65_LS_CNIVX103            2      23.920      0.088       3.390    CORE65LPSVT 
HS65_LS_CNIVX124            1      14.040      0.054       1.659    CORE65LPSVT 
HS65_LS_CNIVX14            13      33.800      0.057       3.027    CORE65LPSVT 
HS65_LS_CNIVX17            15      46.800      0.081       4.209    CORE65LPSVT 
HS65_LS_CNIVX21           123     383.760      0.868      50.673    CORE65LPSVT 
HS65_LS_CNIVX27           265     964.600      2.607     145.600    CORE65LPSVT 
HS65_LS_CNIVX31             2       9.360      0.021       0.938    CORE65LPSVT 
HS65_LS_CNIVX34            15      70.200      0.181       7.770    CORE65LPSVT 
HS65_LS_CNIVX41            17      88.400      0.263      12.432    CORE65LPSVT 
HS65_LS_CNIVX45             2      12.480      0.031       2.067    CORE65LPSVT 
HS65_LS_CNIVX48             1       6.240      0.020       0.800    CORE65LPSVT 
HS65_LS_CNIVX52             3      20.280      0.067       2.474    CORE65LPSVT 
HS65_LS_CNIVX55            18     121.680      0.350      29.160    CORE65LPSVT 
HS65_LS_CNIVX58             5      36.400      0.110       5.411    CORE65LPSVT 
HS65_LS_CNIVX62             5      36.400      0.119       5.428    CORE65LPSVT 
HS65_LS_CNIVX7            293     457.080      0.502      42.713    CORE65LPSVT 
HS65_LS_CNIVX82             3      29.640      0.088       2.867    CORE65LPSVT 
HS65_LS_DFPHQX9           400    4160.000      3.930    3173.515    CORE65LPSVT 
HS65_LS_DFPQNX4            22     183.040      0.185     161.716    CORE65LPSVT 
HS65_LS_DFPQX18           131    1089.920      1.627    1055.254    CORE65LPSVT 
HS65_LS_DFPQX27            33     308.880      0.532     279.507    CORE65LPSVT 
HS65_LS_DFPQX35            10      98.800      0.199      97.924    CORE65LPSVT 
HS65_LS_DFPQX4            123     959.400      1.017     957.365    CORE65LPSVT 
HS65_LS_DFPQX9           3692   28797.600     34.490   29550.118    CORE65LPSVT 
HS65_LS_DFPRQNX4          763    7935.200      6.724    5835.341    CORE65LPSVT 
HS65_LS_DFPRQNX9          145    1508.000      1.420    1140.328    CORE65LPSVT 
HS65_LS_DFPRQX4          1101   11450.400      9.646    7768.097    CORE65LPSVT 
HS65_LS_DFPRQX9         12327  128200.800    121.991   95963.429    CORE65LPSVT 
HS65_LS_FA1X18            646    9069.840     15.797    2571.388    CORE65LPSVT 
HS65_LS_FA1X27           1608   34282.560     60.441    7587.368    CORE65LPSVT 
HS65_LS_FA1X35              2      53.040      0.104      11.007    CORE65LPSVT 
HS65_LS_FA1X4             358    3350.880      2.281     326.864    CORE65LPSVT 
HS65_LS_FA1X9             506    5525.520      5.541     882.285    CORE65LPSVT 
HS65_LS_HA1X18             92     669.760      1.907     236.786    CORE65LPSVT 
HS65_LS_HA1X27              4      47.840      0.132      14.643    CORE65LPSVT 
HS65_LS_HA1X4             598    3109.600      3.092     663.378    CORE65LPSVT 
HS65_LS_HA1X9             459    2864.160      4.370     695.653    CORE65LPSVT 
HS65_LS_IVX106             25     221.000      1.063      60.561    CORE65LPSVT 
HS65_LS_IVX13              12      24.960      0.048       1.849    CORE65LPSVT 
HS65_LS_IVX142              8      95.680      0.458      25.211    CORE65LPSVT 
HS65_LS_IVX18            1952    4060.160     10.521     587.217    CORE65LPSVT 
HS65_LS_IVX2                1       1.560      0.001       0.391    CORE65LPSVT 
HS65_LS_IVX213             10     171.600      0.878      46.627    CORE65LPSVT 
HS65_LS_IVX22               1       3.120      0.008       0.397    CORE65LPSVT 
HS65_LS_IVX27             879    2742.480      8.121     433.178    CORE65LPSVT 
HS65_LS_IVX284              3      67.080      0.374      17.189    CORE65LPSVT 
HS65_LS_IVX31              32     116.480      0.354      14.666    CORE65LPSVT 
HS65_LS_IVX35             462    1681.680      5.772     274.135    CORE65LPSVT 
HS65_LS_IVX40               9      37.440      0.131       5.785    CORE65LPSVT 
HS65_LS_IVX44             247    1027.520      3.961     201.046    CORE65LPSVT 
HS65_LS_IVX49              14      72.800      0.259      10.464    CORE65LPSVT 
HS65_LS_IVX53             189     982.800      3.794     160.553    CORE65LPSVT 
HS65_LS_IVX62              31     177.320      0.733      31.108    CORE65LPSVT 
HS65_LS_IVX7               35      54.600      0.070       4.970    CORE65LPSVT 
HS65_LS_IVX71             102     636.480      2.795     119.098    CORE65LPSVT 
HS65_LS_IVX9             5334    8321.040     13.612    1256.173    CORE65LPSVT 
HS65_LS_MUX21I1X12         59     398.840      0.762      56.821    CORE65LPSVT 
HS65_LS_MUX21I1X18         71     738.400      1.454     128.112    CORE65LPSVT 
HS65_LS_MUX21I1X24         17     212.160      0.475      44.773    CORE65LPSVT 
HS65_LS_MUX21I1X6          47     195.520      0.300      14.105    CORE65LPSVT 
HS65_LS_MUX21X18           14      87.360      0.246      20.436    CORE65LPSVT 
HS65_LS_MUX21X27            2      18.720      0.048       3.482    CORE65LPSVT 
HS65_LS_MUX21X35            4      41.600      0.130      10.967    CORE65LPSVT 
HS65_LS_MUX21X9            38     177.840      0.305      30.009    CORE65LPSVT 
HS65_LS_MUXI21X10          17     141.440      0.205      23.195    CORE65LPSVT 
HS65_LS_MUXI21X15          26     270.400      0.507      44.756    CORE65LPSVT 
HS65_LS_MUXI21X5            8      37.440      0.045       5.494    CORE65LPSVT 
HS65_LS_NAND2AX14         713    2966.080      5.885     621.972    CORE65LPSVT 
HS65_LS_NAND2AX21         409    2339.480      5.976     580.078    CORE65LPSVT 
HS65_LS_NAND2AX29         108     730.080      2.042     153.749    CORE65LPSVT 
HS65_LS_NAND2AX4            1       3.120      0.002       0.073    CORE65LPSVT 
HS65_LS_NAND2AX7         1293    4034.160      6.041     756.651    CORE65LPSVT 
HS65_LS_NAND2X11           87     316.680      0.591      27.271    CORE65LPSVT 
HS65_LS_NAND2X14         1339    4873.960      7.975     721.327    CORE65LPSVT 
HS65_LS_NAND2X2             3       6.240      0.002       0.061    CORE65LPSVT 
HS65_LS_NAND2X21          438    2277.600      4.629     312.937    CORE65LPSVT 
HS65_LS_NAND2X29          180    1123.200      3.107     155.637    CORE65LPSVT 
HS65_LS_NAND2X43          124    1096.160      3.781     174.860    CORE65LPSVT 
HS65_LS_NAND2X5           106     220.480      0.214      38.474    CORE65LPSVT 
HS65_LS_NAND2X57           31     370.760      1.362      56.629    CORE65LPSVT 
HS65_LS_NAND2X7          7458   15512.640     16.093    2576.186    CORE65LPSVT 
HS65_LS_NAND3AX13          20     114.400      0.254      23.007    CORE65LPSVT 
HS65_LS_NAND3AX25           1       9.880      0.006       0.941    CORE65LPSVT 
HS65_LS_NAND3AX6            9      32.760      0.020       3.694    CORE65LPSVT 
HS65_LS_NAND3X13           73     379.600      0.528      43.250    CORE65LPSVT 
HS65_LS_NAND3X19            4      27.040      0.050       3.648    CORE65LPSVT 
HS65_LS_NAND3X5            76     197.600      0.406      16.195    CORE65LPSVT 
HS65_LS_NAND3X50            1      17.160      0.014       1.100    CORE65LPSVT 
HS65_LS_NAND4ABX3           1       3.640      0.001       0.040    CORE65LPSVT 
HS65_LS_NAND4ABX6           2       8.320      0.002       0.637    CORE65LPSVT 
HS65_LS_NOR2AX13          199     827.840      1.515     130.191    CORE65LPSVT 
HS65_LS_NOR2AX19          106     606.320      1.265     100.476    CORE65LPSVT 
HS65_LS_NOR2AX25           56     378.560      0.959      60.698    CORE65LPSVT 
HS65_LS_NOR2AX3          1508    3920.800      3.708     504.745    CORE65LPSVT 
HS65_LS_NOR2AX6           220     686.400      0.788      98.813    CORE65LPSVT 
HS65_LS_NOR2X13           743    2704.520      5.344     427.563    CORE65LPSVT 
HS65_LS_NOR2X19           277    1440.400      2.647     197.859    CORE65LPSVT 
HS65_LS_NOR2X2              1       2.080      0.001       0.028    CORE65LPSVT 
HS65_LS_NOR2X25            96     599.040      1.264      93.899    CORE65LPSVT 
HS65_LS_NOR2X38            47     415.480      1.088      72.377    CORE65LPSVT 
HS65_LS_NOR2X5              1       2.080      0.003       0.401    CORE65LPSVT 
HS65_LS_NOR2X50            21     251.160      0.597      29.841    CORE65LPSVT 
HS65_LS_NOR2X6           1836    3818.880      5.652     584.395    CORE65LPSVT 
HS65_LS_NOR2X9             55     200.200      0.304      24.962    CORE65LPSVT 
HS65_LS_NOR3X18             1       8.840      0.017       1.941    CORE65LPSVT 
HS65_LS_NOR3X4              1       2.600      0.003       0.433    CORE65LPSVT 
HS65_LS_NOR4X4              2      10.400      0.011       0.217    CORE65LPSVT 
HS65_LS_OA112X18           38     177.840      0.487      37.790    CORE65LPSVT 
HS65_LS_OA112X9            11      45.760      0.042       4.321    CORE65LPSVT 
HS65_LS_OA12X18           129     536.640      1.483     153.178    CORE65LPSVT 
HS65_LS_OA12X27            29     211.120      0.541      51.358    CORE65LPSVT 
HS65_LS_OA12X35            11      85.800      0.278      25.386    CORE65LPSVT 
HS65_LS_OA12X9             86     313.040      0.445      50.670    CORE65LPSVT 
HS65_LS_OA31X18             2      10.400      0.019       1.365    CORE65LPSVT 
HS65_LS_OA31X9              1       4.160      0.003       0.000    CORE65LPSVT 
HS65_LS_OA32X4              1       4.680      0.003       0.706    CORE65LPSVT 
HS65_LS_OAI112X11           1       6.240      0.013       0.500    CORE65LPSVT 
HS65_LS_OAI112X16           4      35.360      0.071       2.612    CORE65LPSVT 
HS65_LS_OAI112X5         1811    6592.040     10.718    1638.069    CORE65LPSVT 
HS65_LS_OAI112X8            2      12.480      0.019       0.648    CORE65LPSVT 
HS65_LS_OAI12X12          372    1934.400      3.675     332.382    CORE65LPSVT 
HS65_LS_OAI12X18          961    6496.360     15.637    1259.744    CORE65LPSVT 
HS65_LS_OAI12X24          491    4340.440     10.758     865.052    CORE65LPSVT 
HS65_LS_OAI12X3            66     171.600      0.106      11.870    CORE65LPSVT 
HS65_LS_OAI12X37          185    2405.000      5.338     483.198    CORE65LPSVT 
HS65_LS_OAI12X49           12     205.920      0.456      34.959    CORE65LPSVT 
HS65_LS_OAI12X5             2       6.240      0.006       0.541    CORE65LPSVT 
HS65_LS_OAI12X6           234     730.080      0.854      90.081    CORE65LPSVT 
HS65_LS_OAI13X5             1       3.640      0.005       0.000    CORE65LPSVT 
HS65_LS_OAI211X11          46     287.040      0.407      29.925    CORE65LPSVT 
HS65_LS_OAI211X5            2       7.280      0.005       0.613    CORE65LPSVT 
HS65_LS_OAI211X8            6      37.440      0.037       3.308    CORE65LPSVT 
HS65_LS_OAI212X10           2      16.640      0.021       2.255    CORE65LPSVT 
HS65_LS_OAI212X15          14     152.880      0.225      19.061    CORE65LPSVT 
HS65_LS_OAI212X5          826    3436.160      4.621     807.129    CORE65LPSVT 
HS65_LS_OAI21X12           25     130.000      0.167      28.525    CORE65LPSVT 
HS65_LS_OAI21X18           72     486.720      1.015     104.682    CORE65LPSVT 
HS65_LS_OAI21X24           56     495.040      1.155      80.350    CORE65LPSVT 
HS65_LS_OAI21X3            83     215.800      0.157      18.278    CORE65LPSVT 
HS65_LS_OAI21X37           34     442.000      1.077      58.702    CORE65LPSVT 
HS65_LS_OAI21X49           14     240.240      0.595      34.440    CORE65LPSVT 
HS65_LS_OAI21X6             1       3.120      0.004       0.537    CORE65LPSVT 
HS65_LS_OAI21X9            12      62.400      0.079      12.972    CORE65LPSVT 
HS65_LS_OAI222X2          282    1466.400      0.692     215.564    CORE65LPSVT 
HS65_LS_OAI222X5           78     446.160      0.356      98.690    CORE65LPSVT 
HS65_LS_OAI22X11            2      12.480      0.019       1.286    CORE65LPSVT 
HS65_LS_OAI22X6            11      40.040      0.048       6.212    CORE65LPSVT 
HS65_LS_OAI311X5            1       4.160      0.004       0.612    CORE65LPSVT 
HS65_LS_OR2ABX18           11      45.760      0.090       3.675    CORE65LPSVT 
HS65_LS_OR2ABX27            4      22.880      0.049       4.112    CORE65LPSVT 
HS65_LS_OR2ABX35            3      17.160      0.057       4.641    CORE65LPSVT 
HS65_LS_OR2X18            278    1011.920      2.571     305.865    CORE65LPSVT 
HS65_LS_OR2X27             54     308.880      0.779      81.796    CORE65LPSVT 
HS65_LS_OR2X35             43     268.320      0.886      73.450    CORE65LPSVT 
HS65_LS_OR2X9             886    2764.320      3.788     518.878    CORE65LPSVT 
HS65_LS_OR3X4               1       3.640      0.002       0.021    CORE65LPSVT 
HS65_LS_PAO2X18           147     840.840      1.676     283.423    CORE65LPSVT 
HS65_LS_PAO2X27             8      79.040      0.146      27.854    CORE65LPSVT 
HS65_LS_PAO2X9            199     931.320      0.933     214.430    CORE65LPSVT 
HS65_LS_PAO3X18            53     358.280      0.612     113.851    CORE65LPSVT 
HS65_LS_PAOI2X11          162    1263.600      1.706     273.698    CORE65LPSVT 
HS65_LS_PAOI2X17           28     305.760      0.453      77.911    CORE65LPSVT 
HS65_LS_PAOI2X22           18     271.440      0.359      37.594    CORE65LPSVT 
HS65_LS_PAOI2X33           56    1223.040      1.792     181.382    CORE65LPSVT 
HS65_LS_PAOI2X6            78     324.480      0.356      27.256    CORE65LPSVT 
HS65_LS_PAOI3X4             1       5.200      0.005       0.958    CORE65LPSVT 
HS65_LS_SDFPQX4            11     108.680      0.105      94.139    CORE65LPSVT 
HS65_LS_SDFPQX9            21     207.480      0.226     182.790    CORE65LPSVT 
HS65_LS_SDFPRQNX4          40     499.200      0.381     368.986    CORE65LPSVT 
HS65_LS_SDFPRQX4           40     499.200      0.373     339.663    CORE65LPSVT 
HS65_LS_SDFPRQX9          320    3993.600      3.444    3783.091    CORE65LPSVT 
HS65_LS_XNOR2X18          567    3832.920     12.456    1113.840    CORE65LPSVT 
HS65_LS_XNOR2X27           35     364.000      1.101      76.102    CORE65LPSVT 
HS65_LS_XNOR2X35           45     514.800      1.957     140.066    CORE65LPSVT 
HS65_LS_XNOR2X4            23     107.640      0.132      22.244    CORE65LPSVT 
HS65_LS_XNOR2X9           158     821.600      1.550     236.295    CORE65LPSVT 
HS65_LS_XOR2X18           674    4556.240     14.784    1652.660    CORE65LPSVT 
HS65_LS_XOR2X27            67     696.800      2.137     168.192    CORE65LPSVT 
HS65_LS_XOR2X35           107    1224.080      4.690     327.776    CORE65LPSVT 
HS65_LS_XOR2X4              1       4.680      0.006       0.947    CORE65LPSVT 
HS65_LS_XOR2X9            272    1414.400      2.656     409.226    CORE65LPSVT 
HS65_LS_XOR3X9              4      37.440      0.029       3.568    CORE65LPSVT 
--------------------------------------------------------------------------------
total                   79449  480917.840    673.626  212109.084                


                                             Leakage  Leakage  Internal  Internal 
     Type      Instances    Area    Area % Power (uW) Power % Power (uW)  Power % 
----------------------------------------------------------------------------------
sequential         19179 190000.200   39.5    186.293    27.7 150751.265     71.1 
inverter           10131  22856.080    4.8     58.468     8.7   3571.904      1.7 
buffer               689   3466.320    0.7     13.355     2.0   1148.518      0.5 
logic              49450 264595.240   55.0    415.510    61.7  56637.397     26.7 
physical_cells         0      0.000    0.0      0.000     0.0      0.000      0.0 
----------------------------------------------------------------------------------
total              79449 480917.840  100.0    673.626   100.0 212109.084    100.0 

