============================================================
  Generated by:           Genus(TM) Synthesis Solution 17.10-p007_1
  Generated on:           Nov 24 2019  03:39:53 am
  Module:                 FME_PIPE_8
  Technology libraries:   CORE65LPSVT 
                          CLOCK65LPSVT 
                          physical_cells 
  Operating conditions:   _nominal_ 
  Interconnect mode:      global
  Area mode:              physical library
============================================================

                                     Leakage   Internal      Net        Dynamic          Total       
                                                                    (Internal+Net) (Leakage+Dynamic) 
           Instance           Cells Power(uW)  Power(uW)  Power(uW)    Power(uW)       Power(uW)     
-----------------------------------------------------------------------------------------------------
FME_PIPE_8                    79449   673.626 212109.084 114717.994     326827.078        327500.704 
  U_inter                     40707   408.788  71644.784  49995.113     121639.897        122048.685 
    PUs[10].U_.._18_10_groupi   104     1.078    167.016    167.347        334.363           335.442 
    PUs[10].U_.._18_10_groupi    99     1.018    162.092    173.363        335.455           336.472 
    PUs[5].U_F.._18_10_groupi    95     1.009    161.497    152.990        314.486           315.495 
    PUs[8].U_F.._18_10_groupi    95     1.009    159.618    153.002        312.620           313.629 
    PUs[3].U_F.._18_10_groupi    95     1.007    157.196    150.706        307.902           308.909 
    PUs[6].U_F.._18_10_groupi    95     1.007    158.995    152.829        311.824           312.830 
    PUs[7].U_F.._18_10_groupi    95     1.005    161.838    155.683        317.521           318.526 
    PUs[9].U_F.._18_10_groupi    95     1.005    165.542    159.445        324.987           325.992 
    PUs[4].U_F.._18_10_groupi    95     1.004    160.794    155.677        316.472           317.476 
    PUs[2].U_F.._18_10_groupi    95     1.003    160.800    154.144        314.944           315.947 
    PUs[1].U_F.._18_10_groupi    95     1.003    156.169    149.176        305.345           306.348 
    PUs[0].U_F.._18_10_groupi    71     0.918    145.430    154.194        299.624           300.543 
    PUs[0].U_F.._18_10_groupi    76     0.837    137.249    134.581        271.830           272.667 
    PUs[2].U_F.._18_10_groupi    73     0.830    133.356    130.670        264.026           264.856 
    PUs[7].U_F.._18_10_groupi    73     0.829    135.110    130.864        265.974           266.803 
    PUs[9].U_F.._18_10_groupi    71     0.813    135.795    129.193        264.988           265.801 
    PUs[5].U_F.._18_10_groupi    71     0.812    131.658    125.406        257.064           257.876 
    PUs[8].U_F.._18_10_groupi    71     0.812    131.837    126.214        258.051           258.862 
    PUs[3].U_F.._18_10_groupi    71     0.811    129.794    122.812        252.606           253.417 
    PUs[4].U_F.._18_10_groupi    71     0.811    131.447    124.703        256.150           256.962 
    PUs[6].U_F.._18_10_groupi    71     0.809    137.542    132.040        269.582           270.392 
    PUs[1].U_F.._18_10_groupi    71     0.804    133.434    127.321        260.755           261.559 
    PUs[25].U_.._18_10_groupi    52     0.794     85.268     72.422        157.690           158.484 
    PUs[14].U_.._18_10_groupi    73     0.784    137.327    126.266        263.593           264.377 
    PUs[15].U_.._18_10_groupi    73     0.783    136.028    128.222        264.250           265.033 
    PUs[20].U_.._18_10_groupi    73     0.783    126.308    117.708        244.016           244.799 
    PUs[12].U_.._18_10_groupi    73     0.782    135.167    125.062        260.228           261.010 
    PUs[19].U_.._18_10_groupi    73     0.782    129.866    119.582        249.448           250.230 
    PUs[18].U_.._18_10_groupi    73     0.781    136.674    128.133        264.807           265.588 
    PUs[16].U_.._18_10_groupi    73     0.781    131.891    123.625        255.516           256.297 
    PUs[17].U_.._18_10_groupi    73     0.781    137.902    126.513        264.415           265.196 
    PUs[13].U_.._18_10_groupi    73     0.781    132.933    125.589        258.521           259.302 
    PUs[21].U_.._18_10_groupi    73     0.780    126.668    117.111        243.779           244.559 
    PUs[11].U_.._18_10_groupi    73     0.779    128.819    119.025        247.844           248.623 
    PUs[28].U_.._18_10_groupi    52     0.778     84.272     75.855        160.127           160.905 
    PUs[21].U_.._18_10_groupi    52     0.777     80.704     71.661        152.365           153.142 
    PUs[17].U_.._18_10_groupi    54     0.773     81.334     74.312        155.646           156.419 
    PUs[30].U_.._18_10_groupi    52     0.772     75.964     70.557        146.521           147.293 
    PUs[32].U_.._18_10_groupi    52     0.772     85.574     75.668        161.242           162.014 
    PUs[19].U_.._18_10_groupi    53     0.771     83.235     74.163        157.398           158.169 
    PUs[31].U_.._18_10_groupi    54     0.768     80.939     73.221        154.161           154.929 
    PUs[29].U_.._18_10_groupi    52     0.767     78.475     71.973        150.448           151.215 
    PUs[16].U_.._18_10_groupi    53     0.762     77.545     71.148        148.693           149.455 
    PUs[13].U_.._18_10_groupi    53     0.762     80.372     71.017        151.388           152.150 
    PUs[18].U_.._18_10_groupi    52     0.761     88.606     79.956        168.562           169.323 
    PUs[2].U_F.._18_10_groupi    53     0.759     78.343     69.190        147.533           148.292 
    PUs[14].U_.._18_10_groupi    52     0.757     82.411     73.796        156.206           156.963 
    PUs[26].U_.._18_10_groupi    52     0.756     74.078     68.688        142.766           143.523 
    PUs[23].U_.._18_10_groupi    53     0.754     77.096     71.818        148.914           149.667 
    PUs[24].U_.._18_10_groupi    52     0.753     76.976     69.622        146.598           147.351 
    PUs[10].U_.._18_10_groupi    52     0.753     75.006     69.879        144.885           145.638 
    PUs[12].U_.._18_10_groupi    53     0.753     79.192     71.688        150.879           151.632 
    PUs[15].U_.._18_10_groupi    53     0.752     80.198     73.674        153.872           154.624 
    PUs[4].U_F.._18_10_groupi    50     0.752     73.578     62.837        136.415           137.167 
    PUs[5].U_F.._18_10_groupi    50     0.751     74.707     64.988        139.695           140.446 
    PUs[22].U_.._18_10_groupi    53     0.749     80.932     74.352        155.284           156.034 
    PUs[11].U_.._18_10_groupi    52     0.749     74.416     67.076        141.492           142.240 
    PUs[27].U_.._18_10_groupi    52     0.747     78.165     70.636        148.802           149.549 
    PUs[20].U_.._18_10_groupi    52     0.744     74.347     67.811        142.158           142.902 
    PUs[9].U_F.._18_10_groupi    51     0.740     75.215     65.481        140.696           141.436 
    PUs[1].U_F.._18_10_groupi    52     0.738     78.276     71.151        149.427           150.165 
    PUs[8].U_F.._18_10_groupi    52     0.737     72.592     63.681        136.273           137.010 
    PUs[7].U_F.._18_10_groupi    51     0.735     77.650     67.980        145.630           146.365 
    PUs[6].U_F.._18_10_groupi    51     0.734     76.312     69.331        145.643           146.376 
    PUs[3].U_F.._18_10_groupi    51     0.733     80.729     69.576        150.306           151.039 
    PUs[15].U_.._18_10_groupi    64     0.724    133.006    123.497        256.504           257.227 
    PUs[16].U_.._18_10_groupi    64     0.724    132.705    122.966        255.671           256.395 
    PUs[21].U_.._18_10_groupi    64     0.722    118.305    110.974        229.279           230.001 
    PUs[17].U_.._18_10_groupi    64     0.722    123.856    114.075        237.931           238.653 
    PUs[11].U_.._18_10_groupi    64     0.722    122.900    113.062        235.963           236.685 
    PUs[18].U_.._18_10_groupi    64     0.722    123.681    114.691        238.372           239.093 
    PUs[19].U_.._18_10_groupi    64     0.721    125.029    116.627        241.656           242.377 
    PUs[14].U_.._18_10_groupi    64     0.721    133.702    123.680        257.382           258.103 
    PUs[20].U_.._18_10_groupi    64     0.721    128.594    118.478        247.072           247.793 
    PUs[13].U_.._18_10_groupi    64     0.720    130.089    119.055        249.144           249.864 
    PUs[12].U_.._18_10_groupi    64     0.720    127.653    118.870        246.523           247.242 
    PUs[0].U_F.._18_10_groupi    50     0.719     74.244     66.225        140.469           141.188 
    PUs[24].U_.._18_10_groupi    70     0.698    117.046    120.523        237.568           238.266 
    PUs[27].U_.._18_10_groupi    70     0.698    120.073    121.244        241.317           242.015 
    PUs[23].U_.._18_10_groupi    70     0.697    117.998    119.375        237.374           238.071 
    PUs[32].U_.._18_10_groupi    70     0.697    116.311    120.150        236.461           237.158 
    PUs[30].U_.._18_10_groupi    70     0.697    114.340    117.961        232.301           232.998 
    PUs[26].U_.._18_10_groupi    70     0.696    119.473    121.819        241.292           241.988 
    PUs[22].U_.._18_10_groupi    70     0.696    114.259    116.163        230.423           231.119 
    PUs[28].U_.._18_10_groupi    70     0.696    119.151    120.716        239.867           240.562 
    PUs[31].U_.._18_10_groupi    70     0.695    113.496    114.524        228.020           228.715 
    PUs[29].U_.._18_10_groupi    70     0.694    116.880    120.417        237.297           237.992 
    PUs[25].U_.._18_10_groupi    70     0.692    120.693    123.371        244.065           244.757 
    PUs[28].U_.._18_10_groupi    62     0.674    116.915    115.637        232.552           233.226 
    PUs[27].U_.._18_10_groupi    62     0.673    116.949    114.113        231.062           231.735 
    PUs[32].U_.._18_10_groupi    62     0.671    121.044    117.928        238.971           239.643 
    PUs[24].U_.._18_10_groupi    62     0.671    118.063    115.908        233.971           234.642 
    PUs[22].U_.._18_10_groupi    62     0.671    115.398    113.866        229.265           229.936 
    PUs[25].U_.._18_10_groupi    62     0.671    120.539    117.391        237.930           238.601 
    PUs[29].U_.._18_10_groupi    62     0.671    120.109    117.428        237.537           238.208 
    PUs[23].U_.._18_10_groupi    62     0.671    117.150    114.118        231.268           231.939 
    PUs[31].U_.._18_10_groupi    62     0.670    119.777    117.689        237.465           238.135 
    PUs[30].U_.._18_10_groupi    62     0.669    120.198    117.636        237.834           238.503 
    PUs[26].U_.._18_10_groupi    62     0.667    123.510    121.019        244.529           245.196 
    PUs[3].U_F..S15_add_41_16    87     0.599     54.516     68.953        123.470           124.069 
    PUs[4].U_F..S15_add_41_16    87     0.597     57.612     70.828        128.441           129.037 
    PUs[20].U_..S15_add_41_16    88     0.593     48.946     61.658        110.603           111.197 
    PUs[8].U_F..S15_add_41_16    87     0.587     51.353     63.570        114.923           115.510 
    PUs[2].U_F..S15_add_41_16    87     0.586     53.944     66.971        120.915           121.501 
    PUs[7].U_F..S15_add_41_16    87     0.586     49.231     61.958        111.189           111.775 
    PUs[9].U_F..S15_add_41_16    87     0.582     53.437     67.032        120.469           121.050 
    PUs[21].U_..S15_add_41_16    87     0.581     55.649     70.027        125.676           126.257 
    PUs[12].U_..S15_add_41_16    87     0.579     53.235     65.507        118.743           119.322 
    PUs[15].U_..S15_add_41_16    87     0.579     50.556     63.684        114.240           114.819 
    PUs[19].U_..S15_add_41_16    87     0.579     55.230     69.551        124.781           125.360 
    PUs[1].U_F..S15_add_41_16    87     0.579     53.872     67.607        121.479           122.058 
    PUs[13].U_..S15_add_41_16    87     0.579     52.344     63.445        115.789           116.368 
    PUs[5].U_F..S15_add_41_16    87     0.578     55.490     69.704        125.195           125.773 
    PUs[6].U_F..S15_add_41_16    87     0.577     55.272     69.117        124.389           124.966 
    PUs[16].U_..S15_add_41_16    87     0.577     54.332     68.147        122.479           123.056 
    PUs[10].U_..S15_add_41_16    87     0.573     48.412     61.265        109.677           110.250 
    PUs[17].U_..S15_add_41_16    86     0.571     54.694     67.156        121.850           122.421 
    PUs[18].U_..S15_add_41_16    86     0.570     51.896     63.879        115.775           116.345 
    PUs[14].U_..S15_add_41_16    86     0.569     56.767     70.945        127.713           128.282 
    PUs[11].U_..S15_add_41_16    86     0.558     52.843     65.932        118.775           119.334 
    PUs[0].U_F..S15_add_41_16    89     0.549     54.617     66.602        121.219           121.768 
    PUs[31].U_..S15_add_41_16    88     0.538     49.885     65.415        115.300           115.838 
    PUs[32].U_..S15_add_41_16    88     0.535     50.075     65.418        115.493           116.028 
    PUs[0].U_F..S17_add_41_16    51     0.531     85.970     63.510        149.480           150.011 
    PUs[27].U_.._18_10_groupi    48     0.529     48.784     40.789         89.574            90.102 
    PUs[10].U_..S17_add_41_16    52     0.528     88.015     66.272        154.287           154.815 
    PUs[19].U_.._18_10_groupi    48     0.527     55.041     43.905         98.946            99.473 
    PUs[32].U_.._18_10_groupi    48     0.527     53.962     42.864         96.826            97.353 
    PUs[30].U_.._18_10_groupi    46     0.526     57.491     45.044        102.535           103.061 
    PUs[16].U_.._18_10_groupi    46     0.525     48.156     39.144         87.300            87.825 
    PUs[23].U_.._18_10_groupi    46     0.525     50.666     41.626         92.292            92.817 
    PUs[10].U_.._18_10_groupi    46     0.525     51.235     40.433         91.668            92.193 
    PUs[29].U_.._18_10_groupi    46     0.525     51.370     41.855         93.224            93.749 
    PUs[11].U_.._18_10_groupi    46     0.525     54.161     42.508         96.668            97.193 
    PUs[24].U_.._18_10_groupi    46     0.524     53.989     43.070         97.059            97.584 
    PUs[26].U_.._18_10_groupi    46     0.524     50.297     41.076         91.373            91.898 
    PUs[22].U_.._18_10_groupi    46     0.524     53.847     42.910         96.756            97.280 
    PUs[13].U_.._18_10_groupi    46     0.524     57.340     46.308        103.648           104.172 
    PUs[18].U_.._18_10_groupi    46     0.524     59.685     46.738        106.422           106.946 
    PUs[28].U_.._18_10_groupi    46     0.524     53.968     44.481         98.449            98.973 
    PUs[25].U_.._18_10_groupi    46     0.523     55.219     44.826        100.045           100.568 
    PUs[31].U_.._18_10_groupi    46     0.523     52.697     42.681         95.379            95.902 
    PUs[15].U_.._18_10_groupi    46     0.523     47.780     38.533         86.312            86.836 
    PUs[17].U_.._18_10_groupi    46     0.523     55.207     43.807         99.014            99.537 
    PUs[20].U_.._18_10_groupi    46     0.523     56.840     45.627        102.468           102.991 
    PUs[14].U_.._18_10_groupi    46     0.523     55.709     45.156        100.865           101.388 
    PUs[12].U_.._18_10_groupi    46     0.523     54.930     44.581         99.512           100.035 
    PUs[21].U_.._18_10_groupi    46     0.522     47.770     38.543         86.313            86.835 
    PUs[2].U_F..S17_add_41_16    50     0.520     85.008     67.718        152.726           153.246 
    PUs[9].U_F..S17_add_41_16    50     0.520     85.755     66.488        152.244           152.763 
    PUs[8].U_F..S17_add_41_16    50     0.520     90.927     72.092        163.019           163.539 
    PUs[3].U_F..S17_add_41_16    50     0.519     84.206     64.822        149.028           149.547 
    PUs[5].U_F..S17_add_41_16    50     0.519     87.510     68.445        155.955           156.473 
    PUs[7].U_F..S17_add_41_16    50     0.518     85.771     67.415        153.187           153.705 
    PUs[6].U_F..S17_add_41_16    50     0.517     85.247     66.370        151.617           152.134 
    PUs[4].U_F..S17_add_41_16    50     0.516     87.767     68.008        155.775           156.291 
    PUs[23].U_.._18_10_groupi    44     0.514     54.666     43.630         98.295            98.810 
    PUs[29].U_.._18_10_groupi    45     0.512     52.727     42.900         95.627            96.139 
    PUs[26].U_.._18_10_groupi    45     0.512     51.643     42.183         93.827            94.338 
    PUs[22].U_.._18_10_groupi    44     0.506     53.616     41.453         95.069            95.575 
    PUs[1].U_F..S17_add_41_16    50     0.506     84.872     68.292        153.164           153.670 
    PUs[25].U_.._18_10_groupi    44     0.505     53.791     41.690         95.481            95.986 
    PUs[28].U_.._18_10_groupi    46     0.504     53.666     42.771         96.437            96.941 
    PUs[30].U_.._18_10_groupi    44     0.503     50.033     38.849         88.882            89.386 
    PUs[31].U_.._18_10_groupi    45     0.503     52.714     40.798         93.512            94.015 
    PUs[24].U_.._18_10_groupi    45     0.502     53.914     43.010         96.925            97.427 
    PUs[7].U_F.._18_10_groupi    38     0.502     51.221     40.998         92.219            92.721 
    PUs[27].U_.._18_10_groupi    45     0.502     51.720     42.830         94.550            95.052 
    PUs[32].U_.._18_10_groupi    45     0.500     58.105     43.963        102.068           102.568 
    PUs[4].U_F.._18_10_groupi    38     0.494     46.213     37.561         83.774            84.269 
    PUs[26].U_..S15_add_41_16    84     0.488     47.244     60.304        107.548           108.036 
    PUs[8].U_F.._18_10_groupi    38     0.487     48.762     39.845         88.608            89.094 
    PUs[0].U_F.._18_10_groupi    38     0.483     46.261     36.784         83.045            83.528 
    PUs[1].U_F.._18_10_groupi    38     0.483     50.243     40.181         90.424            90.907 
    PUs[30].U_..S15_add_41_16    84     0.483     48.285     60.567        108.852           109.334 
    PUs[27].U_..S15_add_41_16    84     0.482     49.299     61.996        111.295           111.777 
    PUs[3].U_F.._18_10_groupi    38     0.481     46.531     36.685         83.216            83.698 
    PUs[23].U_..S15_add_41_16    84     0.480     45.155     57.404        102.559           103.039 
    PUs[5].U_F.._18_10_groupi    38     0.479     45.313     36.904         82.217            82.696 
    PUs[2].U_F.._18_10_groupi    38     0.479     48.354     36.694         85.049            85.528 
    PUs[6].U_F.._18_10_groupi    38     0.479     45.727     35.903         81.630            82.109 
    PUs[24].U_..S15_add_41_16    84     0.478     46.655     59.578        106.233           106.712 
    PUs[22].U_..S15_add_41_16    85     0.478     45.555     58.762        104.317           104.795 
    PUs[29].U_..S15_add_41_16    84     0.477     48.841     62.022        110.863           111.341 
    PUs[28].U_..S15_add_41_16    84     0.477     44.573     56.102        100.675           101.152 
    PUs[25].U_..S15_add_41_16    84     0.476     45.052     57.133        102.186           102.662 
    PUs[9].U_F.._18_10_groupi    38     0.475     44.689     36.837         81.526            82.001 
    PUs[5].U_F.._18_10_groupi    40     0.473     48.025     38.373         86.398            86.871 
    PUs[11].U_.._18_10_groupi    41     0.470     45.609     37.013         82.622            83.092 
    PUs[17].U_.._18_10_groupi    41     0.464     45.662     38.478         84.140            84.604 
    PUs[13].U_.._18_10_groupi    42     0.464     51.405     40.261         91.666            92.130 
    PUs[3].U_F.._18_10_groupi    40     0.461     47.031     38.536         85.567            86.028 
    PUs[4].U_F.._18_10_groupi    40     0.459     47.352     38.184         85.535            85.994 
    PUs[6].U_F.._18_10_groupi    40     0.457     46.599     37.325         83.924            84.382 
    PUs[7].U_F.._18_10_groupi    40     0.457     43.316     34.371         77.687            78.144 
    PUs[0].U_F.._18_10_groupi    40     0.456     42.252     34.672         76.924            77.380 
    PUs[8].U_F.._18_10_groupi    40     0.456     47.623     38.574         86.197            86.653 
    PUs[2].U_F.._18_10_groupi    40     0.456     48.879     39.446         88.326            88.782 
    PUs[9].U_F.._18_10_groupi    40     0.456     46.511     38.511         85.022            85.478 
    PUs[16].U_.._18_10_groupi    41     0.455     44.377     35.090         79.468            79.923 
    PUs[1].U_F.._18_10_groupi    40     0.455     46.962     37.109         84.071            84.525 
    PUs[18].U_.._18_10_groupi    41     0.454     50.258     40.278         90.537            90.991 
    PUs[15].U_.._18_10_groupi    41     0.453     47.036     37.782         84.818            85.271 
    PUs[21].U_.._18_10_groupi    41     0.453     42.466     34.512         76.978            77.430 
    PUs[20].U_.._18_10_groupi    41     0.452     45.146     36.189         81.335            81.787 
    PUs[10].U_.._18_10_groupi    41     0.450     45.640     37.505         83.145            83.596 
    PUs[12].U_.._18_10_groupi    41     0.450     47.401     37.132         84.533            84.983 
    PUs[19].U_.._18_10_groupi    41     0.450     48.654     38.389         87.043            87.492 
    PUs[14].U_.._18_10_groupi    41     0.449     47.860     38.210         86.070            86.519 
    PUs[20].U_..S17_add_41_16    48     0.336     62.199     55.826        118.025           118.361 
    PUs[13].U_..S17_add_41_16    48     0.336     65.718     60.579        126.296           126.632 
    PUs[19].U_..S17_add_41_16    48     0.335     65.122     59.701        124.822           125.158 
    PUs[21].U_..S17_add_41_16    48     0.335     63.873     58.054        121.927           122.262 
    PUs[17].U_..S17_add_41_16    48     0.335     67.200     60.956        128.155           128.491 
    PUs[15].U_..S17_add_41_16    48     0.335     64.813     58.619        123.431           123.767 
    PUs[18].U_..S17_add_41_16    48     0.335     65.304     58.417        123.721           124.056 
    PUs[14].U_..S17_add_41_16    48     0.335     67.119     61.310        128.429           128.764 
    PUs[12].U_..S17_add_41_16    48     0.334     65.233     59.039        124.272           124.607 
    PUs[11].U_..S17_add_41_16    48     0.334     64.779     58.130        122.909           123.243 
    PUs[16].U_..S17_add_41_16    48     0.334     66.235     60.047        126.282           126.616 
    PUs[29].U_..S17_add_41_16    49     0.331     62.652     58.221        120.873           121.203 
    PUs[26].U_..S17_add_41_16    49     0.330     62.327     58.492        120.819           121.149 
    PUs[27].U_..S17_add_41_16    49     0.330     62.138     58.573        120.712           121.042 
    PUs[32].U_..S17_add_41_16    49     0.330     62.641     58.032        120.674           121.004 
    PUs[24].U_..S17_add_41_16    49     0.329     61.131     55.732        116.863           117.193 
    PUs[23].U_..S17_add_41_16    49     0.329     60.714     55.397        116.112           116.441 
    PUs[22].U_..S17_add_41_16    49     0.329     61.373     56.610        117.982           118.312 
    PUs[30].U_..S17_add_41_16    49     0.329     62.979     58.716        121.695           122.024 
    PUs[31].U_..S17_add_41_16    49     0.329     64.651     60.559        125.210           125.539 
    PUs[28].U_..S17_add_41_16    49     0.328     63.401     58.587        121.988           122.316 
    PUs[25].U_..S17_add_41_16    49     0.328     62.102     57.649        119.751           120.078 

