============================================================
  Generated by:           Genus(TM) Synthesis Solution 17.10-p007_1
  Generated on:           Feb 26 2020  09:35:10 pm
  Module:                 INTER_8
  Technology libraries:   CORE65LPSVT 
                          CLOCK65LPSVT 
                          physical_cells 
  Operating conditions:   _nominal_ 
  Interconnect mode:      global
  Area mode:              physical library
============================================================

       Instance                Module          Cells  Cell Area  Net Area   Total Area 
---------------------------------------------------------------------------------------
INTER_8                                        50253     286924    106750       393674 
  gen_filter[5].U_S0  filter_8_bit_width10_5    1463       8097      2883        10981 
  gen_filter[22].U_S0 filter_8_bit_width10_22   1455       8098      2881        10979 
  gen_filter[24].U_S0 filter_8_bit_width10_24   1458       8095      2882        10977 
  gen_filter[6].U_S0  filter_8_bit_width10_6    1458       8091      2880        10972 
  gen_filter[19].U_S0 filter_8_bit_width10_19   1457       8092      2878        10970 
  gen_filter[25].U_S0 filter_8_bit_width10_25   1457       8083      2875        10959 
  gen_filter[7].U_S0  filter_8_bit_width10_7    1456       8081      2876        10957 
  gen_filter[16].U_S0 filter_8_bit_width10_16   1453       8081      2876        10957 
  gen_filter[23].U_S0 filter_8_bit_width10_23   1456       8071      2877        10949 
  gen_filter[20].U_S0 filter_8_bit_width10_20   1454       8076      2871        10947 
  gen_filter[4].U_S0  filter_8_bit_width10_4    1462       8063      2882        10945 
  gen_filter[21].U_S0 filter_8_bit_width10_21   1451       8074      2871        10944 
  gen_filter[17].U_S0 filter_8_bit_width10_17   1453       8068      2874        10943 
  gen_filter[26].U_S0 filter_8_bit_width10_26   1455       8066      2874        10941 
  gen_filter[14].U_S0 filter_8_bit_width10_14   1449       8069      2867        10936 
  gen_filter[8].U_S0  filter_8_bit_width10_8    1454       8067      2869        10936 
  gen_filter[18].U_S0 filter_8_bit_width10_18   1449       8069      2866        10935 
  gen_filter[9].U_S0  filter_8_bit_width10_9    1446       8070      2857        10927 
  gen_filter[3].U_S0  filter_8_bit_width10_3    1456       8052      2874        10925 
  gen_filter[10].U_S0 filter_8_bit_width10_10   1444       8065      2854        10919 
  gen_filter[13].U_S0 filter_8_bit_width10_13   1445       8057      2859        10916 
  gen_filter[28].U_S0 filter_8_bit_width10_28   1453       8040      2874        10913 
  gen_filter[15].U_S0 filter_8_bit_width10_15   1445       8054      2859        10913 
  gen_filter[27].U_S0 filter_8_bit_width10_27   1455       8031      2873        10904 
  gen_filter[12].U_S0 filter_8_bit_width10_12   1442       8048      2850        10898 
  gen_filter[11].U_S0 filter_8_bit_width10_11   1441       8042      2849        10891 
  gen_filter[1].U_S0  filter_8_bit_width10_1    1449       8017      2865        10882 
  gen_filter[2].U_S0  filter_8_bit_width10_2    1445       8026      2852        10878 
  gen_filter[29].U_S0 filter_8_bit_width10_29   1450       7988      2872        10860 
  gen_filter[30].U_S0 filter_8_bit_width10_30   1448       7983      2868        10850 
  gen_filter[31].U_S0 filter_8_bit_width10_31   1448       7967      2866        10834 
  gen_filter[0].U_S0  filter_8_bit_width10      1446       7921      2863        10783 
  gen_filter[32].U_S0 filter_8_bit_width10_32   1437       7918      2849        10767 
