============================================================
  Generated by:           Genus(TM) Synthesis Solution 17.10-p007_1
  Generated on:           Feb 26 2020  09:35:15 pm
  Module:                 INTER_8
  Technology libraries:   CORE65LPSVT 
                          CLOCK65LPSVT 
                          physical_cells 
  Operating conditions:   _nominal_ 
  Interconnect mode:      global
  Area mode:              physical library
============================================================

                                     Leakage   Internal    Net        Dynamic          Total       
                                                                  (Internal+Net) (Leakage+Dynamic) 
           Instance           Cells Power(uW) Power(uW) Power(uW)    Power(uW)       Power(uW)     
---------------------------------------------------------------------------------------------------
INTER_8                       50253   577.710     0.000     0.001          0.001           577.711 
  gen_filter[26].U_S0          1455    16.606     0.000     0.000          0.000            16.606 
    csa_tree_U.._18_16_groupi   104     1.800     0.000     0.000          0.000             1.800 
    csa_tree_U.._18_10_groupi   120     1.755     0.000     0.000          0.000             1.755 
    csa_tree_U.._18_10_groupi   108     1.461     0.000     0.000          0.000             1.461 
    csa_tree_U.._18_10_groupi   108     1.426     0.000     0.000          0.000             1.426 
    csa_tree_U.._18_10_groupi    87     1.207     0.000     0.000          0.000             1.207 
    csa_tree_U.._18_10_groupi    85     1.182     0.000     0.000          0.000             1.182 
    csa_tree_U.._18_10_groupi    90     1.154     0.000     0.000          0.000             1.154 
    csa_tree_U.._18_10_groupi    89     1.130     0.000     0.000          0.000             1.130 
    U_S17_add_41_16              89     0.892     0.000     0.000          0.000             0.892 
    U_S11_add_41_16              80     0.682     0.000     0.000          0.000             0.682 
    U_S14_add_41_16              19     0.504     0.000     0.000          0.000             0.504 
    U_2_U_S0_add_18_10           50     0.400     0.000     0.000          0.000             0.400 
    U_5_U_S0_add_18_10           49     0.377     0.000     0.000          0.000             0.377 
    U_S15_add_41_16              26     0.332     0.000     0.000          0.000             0.332 
    addinc_U_5_U_S1_add_18_16    59     0.331     0.000     0.000          0.000             0.331 
    addinc_U_2_U_S1_add_18_16    59     0.291     0.000     0.000          0.000             0.291 
    U_3_U_S1_add_18_10           30     0.254     0.000     0.000          0.000             0.254 
    U_4_U_S1_add_18_10           30     0.244     0.000     0.000          0.000             0.244 
    U_3_U_S0_add_18_10           20     0.173     0.000     0.000          0.000             0.173 
    U_4_U_S0_add_18_10           20     0.172     0.000     0.000          0.000             0.172 
    U_S1_add_41_16               13     0.133     0.000     0.000          0.000             0.133 
    U_S21_add_41_16              11     0.130     0.000     0.000          0.000             0.130 
  gen_filter[19].U_S0          1457    16.592     0.000     0.000          0.000            16.592 
    csa_tree_U.._18_10_groupi   120     1.836     0.000     0.000          0.000             1.836 
    csa_tree_U.._18_16_groupi   105     1.734     0.000     0.000          0.000             1.734 
    csa_tree_U.._18_10_groupi   108     1.471     0.000     0.000          0.000             1.471 
    csa_tree_U.._18_10_groupi   108     1.436     0.000     0.000          0.000             1.436 
    csa_tree_U.._18_10_groupi    85     1.204     0.000     0.000          0.000             1.204 
    csa_tree_U.._18_10_groupi    90     1.203     0.000     0.000          0.000             1.203 
    csa_tree_U.._18_10_groupi    87     1.169     0.000     0.000          0.000             1.169 
    csa_tree_U.._18_10_groupi    90     1.150     0.000     0.000          0.000             1.150 
    U_S17_add_41_16              89     0.923     0.000     0.000          0.000             0.923 
    U_S11_add_41_16              80     0.632     0.000     0.000          0.000             0.632 
    U_S14_add_41_16              19     0.402     0.000     0.000          0.000             0.402 
    U_2_U_S0_add_18_10           48     0.382     0.000     0.000          0.000             0.382 
    U_5_U_S0_add_18_10           48     0.381     0.000     0.000          0.000             0.381 
    U_S15_add_41_16              27     0.359     0.000     0.000          0.000             0.359 
    addinc_U_5_U_S1_add_18_16    59     0.329     0.000     0.000          0.000             0.329 
    addinc_U_2_U_S1_add_18_16    59     0.307     0.000     0.000          0.000             0.307 
    U_4_U_S1_add_18_10           32     0.272     0.000     0.000          0.000             0.272 
    U_3_U_S1_add_18_10           30     0.259     0.000     0.000          0.000             0.259 
    U_4_U_S0_add_18_10           22     0.181     0.000     0.000          0.000             0.181 
    U_3_U_S0_add_18_10           20     0.180     0.000     0.000          0.000             0.180 
    U_S1_add_41_16               13     0.126     0.000     0.000          0.000             0.126 
    U_S21_add_41_16              11     0.118     0.000     0.000          0.000             0.118 
  gen_filter[8].U_S0           1454    16.517     0.000     0.000          0.000            16.517 
    csa_tree_U.._18_10_groupi   120     1.744     0.000     0.000          0.000             1.744 
    csa_tree_U.._18_16_groupi   102     1.661     0.000     0.000          0.000             1.661 
    csa_tree_U.._18_10_groupi   107     1.480     0.000     0.000          0.000             1.480 
    csa_tree_U.._18_10_groupi   108     1.456     0.000     0.000          0.000             1.456 
    csa_tree_U.._18_10_groupi    87     1.258     0.000     0.000          0.000             1.258 
    csa_tree_U.._18_10_groupi    85     1.227     0.000     0.000          0.000             1.227 
    csa_tree_U.._18_10_groupi    90     1.157     0.000     0.000          0.000             1.157 
    csa_tree_U.._18_10_groupi    89     1.088     0.000     0.000          0.000             1.088 
    U_S17_add_41_16              89     0.892     0.000     0.000          0.000             0.892 
    U_S11_add_41_16              81     0.609     0.000     0.000          0.000             0.609 
    U_S14_add_41_16              19     0.438     0.000     0.000          0.000             0.438 
    U_5_U_S0_add_18_10           49     0.418     0.000     0.000          0.000             0.418 
    U_2_U_S0_add_18_10           49     0.403     0.000     0.000          0.000             0.403 
    U_S15_add_41_16              26     0.351     0.000     0.000          0.000             0.351 
    addinc_U_5_U_S1_add_18_16    59     0.318     0.000     0.000          0.000             0.318 
    addinc_U_2_U_S1_add_18_16    59     0.317     0.000     0.000          0.000             0.317 
    U_4_U_S1_add_18_10           30     0.273     0.000     0.000          0.000             0.273 
    U_3_U_S1_add_18_10           33     0.271     0.000     0.000          0.000             0.271 
    U_3_U_S0_add_18_10           22     0.188     0.000     0.000          0.000             0.188 
    U_4_U_S0_add_18_10           20     0.178     0.000     0.000          0.000             0.178 
    U_S1_add_41_16               13     0.129     0.000     0.000          0.000             0.129 
    U_S21_add_41_16              11     0.122     0.000     0.000          0.000             0.122 
  gen_filter[23].U_S0          1456    16.505     0.000     0.000          0.000            16.505 
    csa_tree_U.._18_10_groupi   121     1.809     0.000     0.000          0.000             1.809 
    csa_tree_U.._18_16_groupi   102     1.696     0.000     0.000          0.000             1.696 
    csa_tree_U.._18_10_groupi   108     1.451     0.000     0.000          0.000             1.451 
    csa_tree_U.._18_10_groupi   108     1.449     0.000     0.000          0.000             1.449 
    csa_tree_U.._18_10_groupi    87     1.266     0.000     0.000          0.000             1.266 
    csa_tree_U.._18_10_groupi    90     1.190     0.000     0.000          0.000             1.190 
    csa_tree_U.._18_10_groupi    85     1.184     0.000     0.000          0.000             1.184 
    csa_tree_U.._18_10_groupi    89     1.121     0.000     0.000          0.000             1.121 
    U_S17_add_41_16              89     0.943     0.000     0.000          0.000             0.943 
    U_S11_add_41_16              81     0.610     0.000     0.000          0.000             0.610 
    U_S14_add_41_16              19     0.418     0.000     0.000          0.000             0.418 
    U_5_U_S0_add_18_10           49     0.417     0.000     0.000          0.000             0.417 
    U_2_U_S0_add_18_10           49     0.384     0.000     0.000          0.000             0.384 
    U_S15_add_41_16              26     0.329     0.000     0.000          0.000             0.329 
    addinc_U_2_U_S1_add_18_16    59     0.310     0.000     0.000          0.000             0.310 
    addinc_U_5_U_S1_add_18_16    59     0.300     0.000     0.000          0.000             0.300 
    U_4_U_S1_add_18_10           31     0.246     0.000     0.000          0.000             0.246 
    U_3_U_S1_add_18_10           29     0.234     0.000     0.000          0.000             0.234 
    U_4_U_S0_add_18_10           20     0.171     0.000     0.000          0.000             0.171 
    U_3_U_S0_add_18_10           19     0.155     0.000     0.000          0.000             0.155 
    U_S1_add_41_16               13     0.125     0.000     0.000          0.000             0.125 
    U_S21_add_41_16              11     0.125     0.000     0.000          0.000             0.125 
  gen_filter[18].U_S0          1449    16.466     0.000     0.000          0.000            16.466 
    csa_tree_U.._18_10_groupi   120     1.814     0.000     0.000          0.000             1.814 
    csa_tree_U.._18_16_groupi   102     1.537     0.000     0.000          0.000             1.537 
    csa_tree_U.._18_10_groupi   108     1.516     0.000     0.000          0.000             1.516 
    csa_tree_U.._18_10_groupi   108     1.412     0.000     0.000          0.000             1.412 
    csa_tree_U.._18_10_groupi    87     1.252     0.000     0.000          0.000             1.252 
    csa_tree_U.._18_10_groupi    86     1.219     0.000     0.000          0.000             1.219 
    csa_tree_U.._18_10_groupi    89     1.197     0.000     0.000          0.000             1.197 
    csa_tree_U.._18_10_groupi    90     1.151     0.000     0.000          0.000             1.151 
    U_S17_add_41_16              89     0.935     0.000     0.000          0.000             0.935 
    U_S11_add_41_16              80     0.630     0.000     0.000          0.000             0.630 
    U_2_U_S0_add_18_10           49     0.406     0.000     0.000          0.000             0.406 
    U_5_U_S0_add_18_10           48     0.397     0.000     0.000          0.000             0.397 
    U_S14_add_41_16              19     0.388     0.000     0.000          0.000             0.388 
    U_S15_add_41_16              26     0.355     0.000     0.000          0.000             0.355 
    addinc_U_5_U_S1_add_18_16    59     0.324     0.000     0.000          0.000             0.324 
    addinc_U_2_U_S1_add_18_16    59     0.274     0.000     0.000          0.000             0.274 
    U_4_U_S1_add_18_10           30     0.260     0.000     0.000          0.000             0.260 
    U_3_U_S1_add_18_10           29     0.240     0.000     0.000          0.000             0.240 
    U_4_U_S0_add_18_10           20     0.180     0.000     0.000          0.000             0.180 
    U_3_U_S0_add_18_10           19     0.166     0.000     0.000          0.000             0.166 
    U_S1_add_41_16               13     0.134     0.000     0.000          0.000             0.134 
    U_S21_add_41_16              11     0.115     0.000     0.000          0.000             0.115 
  gen_filter[25].U_S0          1457    16.464     0.000     0.000          0.000            16.464 
    csa_tree_U.._18_10_groupi   121     1.787     0.000     0.000          0.000             1.787 
    csa_tree_U.._18_16_groupi   102     1.621     0.000     0.000          0.000             1.621 
    csa_tree_U.._18_10_groupi   108     1.474     0.000     0.000          0.000             1.474 
    csa_tree_U.._18_10_groupi   108     1.409     0.000     0.000          0.000             1.409 
    csa_tree_U.._18_10_groupi    85     1.222     0.000     0.000          0.000             1.222 
    csa_tree_U.._18_10_groupi    87     1.172     0.000     0.000          0.000             1.172 
    csa_tree_U.._18_10_groupi    91     1.171     0.000     0.000          0.000             1.171 
    csa_tree_U.._18_10_groupi    90     1.167     0.000     0.000          0.000             1.167 
    U_S17_add_41_16              89     0.858     0.000     0.000          0.000             0.858 
    U_S11_add_41_16              81     0.596     0.000     0.000          0.000             0.596 
    U_S14_add_41_16              19     0.519     0.000     0.000          0.000             0.519 
    U_5_U_S0_add_18_10           49     0.411     0.000     0.000          0.000             0.411 
    U_2_U_S0_add_18_10           49     0.377     0.000     0.000          0.000             0.377 
    addinc_U_5_U_S1_add_18_16    59     0.348     0.000     0.000          0.000             0.348 
    addinc_U_2_U_S1_add_18_16    59     0.329     0.000     0.000          0.000             0.329 
    U_S15_add_41_16              26     0.327     0.000     0.000          0.000             0.327 
    U_4_U_S1_add_18_10           30     0.259     0.000     0.000          0.000             0.259 
    U_3_U_S1_add_18_10           31     0.239     0.000     0.000          0.000             0.239 
    U_3_U_S0_add_18_10           20     0.175     0.000     0.000          0.000             0.175 
    U_4_U_S0_add_18_10           20     0.174     0.000     0.000          0.000             0.174 
    U_S1_add_41_16               13     0.145     0.000     0.000          0.000             0.145 
    U_S21_add_41_16              11     0.110     0.000     0.000          0.000             0.110 
  gen_filter[6].U_S0           1458    16.457     0.000     0.000          0.000            16.457 
    csa_tree_U.._18_10_groupi   120     1.775     0.000     0.000          0.000             1.775 
    csa_tree_U.._18_16_groupi   103     1.680     0.000     0.000          0.000             1.680 
    csa_tree_U.._18_10_groupi   108     1.443     0.000     0.000          0.000             1.443 
    csa_tree_U.._18_10_groupi   107     1.414     0.000     0.000          0.000             1.414 
    csa_tree_U.._18_10_groupi    90     1.254     0.000     0.000          0.000             1.254 
    csa_tree_U.._18_10_groupi    86     1.182     0.000     0.000          0.000             1.182 
    csa_tree_U.._18_10_groupi    89     1.170     0.000     0.000          0.000             1.170 
    csa_tree_U.._18_10_groupi    89     1.106     0.000     0.000          0.000             1.106 
    U_S17_add_41_16              89     0.951     0.000     0.000          0.000             0.951 
    U_S11_add_41_16              81     0.617     0.000     0.000          0.000             0.617 
    U_5_U_S0_add_18_10           49     0.414     0.000     0.000          0.000             0.414 
    U_S14_add_41_16              19     0.403     0.000     0.000          0.000             0.403 
    U_2_U_S0_add_18_10           49     0.388     0.000     0.000          0.000             0.388 
    U_S15_add_41_16              26     0.365     0.000     0.000          0.000             0.365 
    addinc_U_5_U_S1_add_18_16    59     0.312     0.000     0.000          0.000             0.312 
    addinc_U_2_U_S1_add_18_16    59     0.305     0.000     0.000          0.000             0.305 
    U_4_U_S1_add_18_10           30     0.273     0.000     0.000          0.000             0.273 
    U_3_U_S1_add_18_10           30     0.233     0.000     0.000          0.000             0.233 
    U_4_U_S0_add_18_10           20     0.178     0.000     0.000          0.000             0.178 
    U_3_U_S0_add_18_10           20     0.161     0.000     0.000          0.000             0.161 
    U_S21_add_41_16              12     0.154     0.000     0.000          0.000             0.154 
    U_S1_add_41_16               13     0.126     0.000     0.000          0.000             0.126 
  gen_filter[5].U_S0           1463    16.407     0.000     0.000          0.000            16.407 
    csa_tree_U.._18_16_groupi   107     1.756     0.000     0.000          0.000             1.756 
    csa_tree_U.._18_10_groupi   119     1.685     0.000     0.000          0.000             1.685 
    csa_tree_U.._18_10_groupi   108     1.432     0.000     0.000          0.000             1.432 
    csa_tree_U.._18_10_groupi   107     1.396     0.000     0.000          0.000             1.396 
    csa_tree_U.._18_10_groupi    90     1.274     0.000     0.000          0.000             1.274 
    csa_tree_U.._18_10_groupi    85     1.188     0.000     0.000          0.000             1.188 
    csa_tree_U.._18_10_groupi    89     1.158     0.000     0.000          0.000             1.158 
    csa_tree_U.._18_10_groupi    89     1.069     0.000     0.000          0.000             1.069 
    U_S17_add_41_16              89     0.913     0.000     0.000          0.000             0.913 
    U_S11_add_41_16              81     0.687     0.000     0.000          0.000             0.687 
    U_S14_add_41_16              19     0.466     0.000     0.000          0.000             0.466 
    U_5_U_S0_add_18_10           49     0.416     0.000     0.000          0.000             0.416 
    U_2_U_S0_add_18_10           49     0.400     0.000     0.000          0.000             0.400 
    U_S15_add_41_16              26     0.324     0.000     0.000          0.000             0.324 
    addinc_U_5_U_S1_add_18_16    59     0.322     0.000     0.000          0.000             0.322 
    addinc_U_2_U_S1_add_18_16    59     0.290     0.000     0.000          0.000             0.290 
    U_3_U_S1_add_18_10           33     0.252     0.000     0.000          0.000             0.252 
    U_4_U_S1_add_18_10           30     0.233     0.000     0.000          0.000             0.233 
    U_3_U_S0_add_18_10           22     0.184     0.000     0.000          0.000             0.184 
    U_4_U_S0_add_18_10           20     0.161     0.000     0.000          0.000             0.161 
    U_S21_add_41_16              11     0.124     0.000     0.000          0.000             0.124 
    U_S1_add_41_16               13     0.117     0.000     0.000          0.000             0.117 
  gen_filter[10].U_S0          1444    16.400     0.000     0.000          0.000            16.400 
    csa_tree_U.._18_10_groupi   119     1.757     0.000     0.000          0.000             1.757 
    csa_tree_U.._18_16_groupi   104     1.734     0.000     0.000          0.000             1.734 
    csa_tree_U.._18_10_groupi   108     1.478     0.000     0.000          0.000             1.478 
    csa_tree_U.._18_10_groupi   107     1.416     0.000     0.000          0.000             1.416 
    csa_tree_U.._18_10_groupi    87     1.211     0.000     0.000          0.000             1.211 
    csa_tree_U.._18_10_groupi    85     1.154     0.000     0.000          0.000             1.154 
    csa_tree_U.._18_10_groupi    89     1.126     0.000     0.000          0.000             1.126 
    csa_tree_U.._18_10_groupi    90     1.118     0.000     0.000          0.000             1.118 
    U_S17_add_41_16              89     0.937     0.000     0.000          0.000             0.937 
    U_S11_add_41_16              79     0.582     0.000     0.000          0.000             0.582 
    U_S14_add_41_16              19     0.484     0.000     0.000          0.000             0.484 
    U_5_U_S0_add_18_10           49     0.408     0.000     0.000          0.000             0.408 
    U_2_U_S0_add_18_10           49     0.403     0.000     0.000          0.000             0.403 
    U_S15_add_41_16              26     0.333     0.000     0.000          0.000             0.333 
    addinc_U_2_U_S1_add_18_16    59     0.317     0.000     0.000          0.000             0.317 
    addinc_U_5_U_S1_add_18_16    59     0.296     0.000     0.000          0.000             0.296 
    U_4_U_S1_add_18_10           30     0.258     0.000     0.000          0.000             0.258 
    U_3_U_S1_add_18_10           30     0.255     0.000     0.000          0.000             0.255 
    U_3_U_S0_add_18_10           20     0.182     0.000     0.000          0.000             0.182 
    U_4_U_S0_add_18_10           20     0.169     0.000     0.000          0.000             0.169 
    U_S21_add_41_16              11     0.131     0.000     0.000          0.000             0.131 
    U_S1_add_41_16               13     0.130     0.000     0.000          0.000             0.130 
  gen_filter[7].U_S0           1456    16.393     0.000     0.000          0.000            16.393 
    csa_tree_U.._18_16_groupi   103     1.706     0.000     0.000          0.000             1.706 
    csa_tree_U.._18_10_groupi   121     1.692     0.000     0.000          0.000             1.692 
    csa_tree_U.._18_10_groupi   107     1.463     0.000     0.000          0.000             1.463 
    csa_tree_U.._18_10_groupi   108     1.384     0.000     0.000          0.000             1.384 
    csa_tree_U.._18_10_groupi    87     1.271     0.000     0.000          0.000             1.271 
    csa_tree_U.._18_10_groupi    86     1.161     0.000     0.000          0.000             1.161 
    csa_tree_U.._18_10_groupi    90     1.159     0.000     0.000          0.000             1.159 
    csa_tree_U.._18_10_groupi    89     1.127     0.000     0.000          0.000             1.127 
    U_S17_add_41_16              89     0.960     0.000     0.000          0.000             0.960 
    U_S11_add_41_16              80     0.643     0.000     0.000          0.000             0.643 
    U_5_U_S0_add_18_10           49     0.420     0.000     0.000          0.000             0.420 
    U_S14_add_41_16              19     0.415     0.000     0.000          0.000             0.415 
    U_2_U_S0_add_18_10           49     0.369     0.000     0.000          0.000             0.369 
    addinc_U_5_U_S1_add_18_16    59     0.323     0.000     0.000          0.000             0.323 
    U_S15_add_41_16              26     0.320     0.000     0.000          0.000             0.320 
    addinc_U_2_U_S1_add_18_16    59     0.320     0.000     0.000          0.000             0.320 
    U_4_U_S1_add_18_10           33     0.269     0.000     0.000          0.000             0.269 
    U_3_U_S1_add_18_10           30     0.259     0.000     0.000          0.000             0.259 
    U_4_U_S0_add_18_10           22     0.188     0.000     0.000          0.000             0.188 
    U_3_U_S0_add_18_10           20     0.178     0.000     0.000          0.000             0.178 
    U_S21_add_41_16              11     0.124     0.000     0.000          0.000             0.124 
    U_S1_add_41_16               13     0.121     0.000     0.000          0.000             0.121 
  gen_filter[12].U_S0          1442    16.358     0.000     0.000          0.000            16.358 
    csa_tree_U.._18_10_groupi   119     1.821     0.000     0.000          0.000             1.821 
    csa_tree_U.._18_16_groupi   102     1.661     0.000     0.000          0.000             1.661 
    csa_tree_U.._18_10_groupi   108     1.470     0.000     0.000          0.000             1.470 
    csa_tree_U.._18_10_groupi   107     1.397     0.000     0.000          0.000             1.397 
    csa_tree_U.._18_10_groupi    87     1.242     0.000     0.000          0.000             1.242 
    csa_tree_U.._18_10_groupi    89     1.171     0.000     0.000          0.000             1.171 
    csa_tree_U.._18_10_groupi    85     1.162     0.000     0.000          0.000             1.162 
    csa_tree_U.._18_10_groupi    90     1.141     0.000     0.000          0.000             1.141 
    U_S17_add_41_16              89     0.943     0.000     0.000          0.000             0.943 
    U_S11_add_41_16              79     0.625     0.000     0.000          0.000             0.625 
    U_S14_add_41_16              19     0.415     0.000     0.000          0.000             0.415 
    U_5_U_S0_add_18_10           49     0.388     0.000     0.000          0.000             0.388 
    U_2_U_S0_add_18_10           49     0.383     0.000     0.000          0.000             0.383 
    U_S15_add_41_16              26     0.346     0.000     0.000          0.000             0.346 
    addinc_U_5_U_S1_add_18_16    59     0.312     0.000     0.000          0.000             0.312 
    addinc_U_2_U_S1_add_18_16    59     0.308     0.000     0.000          0.000             0.308 
    U_4_U_S1_add_18_10           30     0.259     0.000     0.000          0.000             0.259 
    U_3_U_S1_add_18_10           30     0.242     0.000     0.000          0.000             0.242 
    U_3_U_S0_add_18_10           20     0.173     0.000     0.000          0.000             0.173 
    U_4_U_S0_add_18_10           20     0.172     0.000     0.000          0.000             0.172 
    U_S1_add_41_16               13     0.119     0.000     0.000          0.000             0.119 
    U_S21_add_41_16              11     0.118     0.000     0.000          0.000             0.118 
  gen_filter[22].U_S0          1455    16.355     0.000     0.000          0.000            16.355 
    csa_tree_U.._18_10_groupi   121     1.743     0.000     0.000          0.000             1.743 
    csa_tree_U.._18_16_groupi   104     1.639     0.000     0.000          0.000             1.639 
    csa_tree_U.._18_10_groupi   108     1.500     0.000     0.000          0.000             1.500 
    csa_tree_U.._18_10_groupi   108     1.449     0.000     0.000          0.000             1.449 
    csa_tree_U.._18_10_groupi    87     1.230     0.000     0.000          0.000             1.230 
    csa_tree_U.._18_10_groupi    84     1.203     0.000     0.000          0.000             1.203 
    csa_tree_U.._18_10_groupi    90     1.158     0.000     0.000          0.000             1.158 
    csa_tree_U.._18_10_groupi    89     1.061     0.000     0.000          0.000             1.061 
    U_S17_add_41_16              89     0.923     0.000     0.000          0.000             0.923 
    U_S11_add_41_16              79     0.613     0.000     0.000          0.000             0.613 
    U_S14_add_41_16              19     0.397     0.000     0.000          0.000             0.397 
    U_5_U_S0_add_18_10           49     0.396     0.000     0.000          0.000             0.396 
    U_2_U_S0_add_18_10           48     0.383     0.000     0.000          0.000             0.383 
    U_S15_add_41_16              26     0.340     0.000     0.000          0.000             0.340 
    addinc_U_5_U_S1_add_18_16    59     0.337     0.000     0.000          0.000             0.337 
    addinc_U_2_U_S1_add_18_16    59     0.327     0.000     0.000          0.000             0.327 
    U_4_U_S1_add_18_10           29     0.239     0.000     0.000          0.000             0.239 
    U_3_U_S1_add_18_10           30     0.236     0.000     0.000          0.000             0.236 
    U_3_U_S0_add_18_10           20     0.174     0.000     0.000          0.000             0.174 
    U_4_U_S0_add_18_10           19     0.157     0.000     0.000          0.000             0.157 
    U_S1_add_41_16               13     0.130     0.000     0.000          0.000             0.130 
    U_S21_add_41_16              12     0.120     0.000     0.000          0.000             0.120 
  gen_filter[11].U_S0          1441    16.350     0.000     0.000          0.000            16.350 
    csa_tree_U.._18_10_groupi   119     1.731     0.000     0.000          0.000             1.731 
    csa_tree_U.._18_16_groupi   103     1.629     0.000     0.000          0.000             1.629 
    csa_tree_U.._18_10_groupi   107     1.490     0.000     0.000          0.000             1.490 
    csa_tree_U.._18_10_groupi   108     1.434     0.000     0.000          0.000             1.434 
    csa_tree_U.._18_10_groupi    85     1.259     0.000     0.000          0.000             1.259 
    csa_tree_U.._18_10_groupi    87     1.226     0.000     0.000          0.000             1.226 
    csa_tree_U.._18_10_groupi    89     1.175     0.000     0.000          0.000             1.175 
    csa_tree_U.._18_10_groupi    89     1.069     0.000     0.000          0.000             1.069 
    U_S17_add_41_16              89     0.903     0.000     0.000          0.000             0.903 
    U_S11_add_41_16              79     0.632     0.000     0.000          0.000             0.632 
    U_5_U_S0_add_18_10           49     0.407     0.000     0.000          0.000             0.407 
    U_S14_add_41_16              19     0.406     0.000     0.000          0.000             0.406 
    U_2_U_S0_add_18_10           49     0.399     0.000     0.000          0.000             0.399 
    U_S15_add_41_16              26     0.344     0.000     0.000          0.000             0.344 
    addinc_U_5_U_S1_add_18_16    59     0.341     0.000     0.000          0.000             0.341 
    addinc_U_2_U_S1_add_18_16    59     0.309     0.000     0.000          0.000             0.309 
    U_3_U_S1_add_18_10           30     0.254     0.000     0.000          0.000             0.254 
    U_4_U_S1_add_18_10           30     0.247     0.000     0.000          0.000             0.247 
    U_4_U_S0_add_18_10           20     0.173     0.000     0.000          0.000             0.173 
    U_3_U_S0_add_18_10           20     0.170     0.000     0.000          0.000             0.170 
    U_S1_add_41_16               13     0.130     0.000     0.000          0.000             0.130 
    U_S21_add_41_16              11     0.126     0.000     0.000          0.000             0.126 
  gen_filter[24].U_S0          1458    16.328     0.000     0.000          0.000            16.328 
    csa_tree_U.._18_10_groupi   122     1.719     0.000     0.000          0.000             1.719 
    csa_tree_U.._18_16_groupi   104     1.699     0.000     0.000          0.000             1.699 
    csa_tree_U.._18_10_groupi   108     1.454     0.000     0.000          0.000             1.454 
    csa_tree_U.._18_10_groupi   108     1.417     0.000     0.000          0.000             1.417 
    csa_tree_U.._18_10_groupi    87     1.188     0.000     0.000          0.000             1.188 
    csa_tree_U.._18_10_groupi    86     1.182     0.000     0.000          0.000             1.182 
    csa_tree_U.._18_10_groupi    90     1.178     0.000     0.000          0.000             1.178 
    csa_tree_U.._18_10_groupi    89     1.151     0.000     0.000          0.000             1.151 
    U_S17_add_41_16              89     0.895     0.000     0.000          0.000             0.895 
    U_S11_add_41_16              80     0.639     0.000     0.000          0.000             0.639 
    U_S14_add_41_16              19     0.411     0.000     0.000          0.000             0.411 
    U_5_U_S0_add_18_10           49     0.396     0.000     0.000          0.000             0.396 
    U_2_U_S0_add_18_10           48     0.387     0.000     0.000          0.000             0.387 
    U_S15_add_41_16              26     0.337     0.000     0.000          0.000             0.337 
    addinc_U_2_U_S1_add_18_16    59     0.327     0.000     0.000          0.000             0.327 
    addinc_U_5_U_S1_add_18_16    59     0.317     0.000     0.000          0.000             0.317 
    U_4_U_S1_add_18_10           31     0.242     0.000     0.000          0.000             0.242 
    U_3_U_S1_add_18_10           30     0.234     0.000     0.000          0.000             0.234 
    U_4_U_S0_add_18_10           20     0.175     0.000     0.000          0.000             0.175 
    U_3_U_S0_add_18_10           20     0.171     0.000     0.000          0.000             0.171 
    U_S1_add_41_16               13     0.120     0.000     0.000          0.000             0.120 
    U_S21_add_41_16              11     0.116     0.000     0.000          0.000             0.116 
  gen_filter[27].U_S0          1455    16.320     0.000     0.000          0.000            16.320 
    csa_tree_U.._18_10_groupi   120     1.812     0.000     0.000          0.000             1.812 
    csa_tree_U.._18_16_groupi   105     1.776     0.000     0.000          0.000             1.776 
    csa_tree_U.._18_10_groupi   107     1.395     0.000     0.000          0.000             1.395 
    csa_tree_U.._18_10_groupi   108     1.374     0.000     0.000          0.000             1.374 
    csa_tree_U.._18_10_groupi    85     1.200     0.000     0.000          0.000             1.200 
    csa_tree_U.._18_10_groupi    90     1.174     0.000     0.000          0.000             1.174 
    csa_tree_U.._18_10_groupi    89     1.114     0.000     0.000          0.000             1.114 
    csa_tree_U.._18_10_groupi    89     1.048     0.000     0.000          0.000             1.048 
    U_S17_add_41_16              89     0.933     0.000     0.000          0.000             0.933 
    U_S11_add_41_16              81     0.611     0.000     0.000          0.000             0.611 
    U_S14_add_41_16              19     0.462     0.000     0.000          0.000             0.462 
    U_5_U_S0_add_18_10           49     0.413     0.000     0.000          0.000             0.413 
    U_2_U_S0_add_18_10           49     0.395     0.000     0.000          0.000             0.395 
    U_S15_add_41_16              26     0.357     0.000     0.000          0.000             0.357 
    addinc_U_2_U_S1_add_18_16    59     0.315     0.000     0.000          0.000             0.315 
    addinc_U_5_U_S1_add_18_16    59     0.309     0.000     0.000          0.000             0.309 
    U_4_U_S1_add_18_10           30     0.243     0.000     0.000          0.000             0.243 
    U_3_U_S1_add_18_10           30     0.238     0.000     0.000          0.000             0.238 
    U_3_U_S0_add_18_10           20     0.172     0.000     0.000          0.000             0.172 
    U_4_U_S0_add_18_10           20     0.168     0.000     0.000          0.000             0.168 
    U_S1_add_41_16               11     0.117     0.000     0.000          0.000             0.117 
    U_S21_add_41_16              11     0.113     0.000     0.000          0.000             0.113 
  gen_filter[1].U_S0           1449    16.317     0.000     0.000          0.000            16.317 
    csa_tree_U.._18_10_groupi   119     1.843     0.000     0.000          0.000             1.843 
    csa_tree_U.._18_16_groupi   103     1.613     0.000     0.000          0.000             1.613 
    csa_tree_U.._18_10_groupi   108     1.433     0.000     0.000          0.000             1.433 
    csa_tree_U.._18_10_groupi   107     1.426     0.000     0.000          0.000             1.426 
    csa_tree_U.._18_10_groupi    90     1.295     0.000     0.000          0.000             1.295 
    csa_tree_U.._18_10_groupi    84     1.157     0.000     0.000          0.000             1.157 
    csa_tree_U.._18_10_groupi    89     1.106     0.000     0.000          0.000             1.106 
    csa_tree_U.._18_10_groupi    89     1.069     0.000     0.000          0.000             1.069 
    U_S17_add_41_16              89     0.910     0.000     0.000          0.000             0.910 
    U_S11_add_41_16              81     0.735     0.000     0.000          0.000             0.735 
    U_5_U_S0_add_18_10           51     0.426     0.000     0.000          0.000             0.426 
    U_2_U_S0_add_18_10           48     0.391     0.000     0.000          0.000             0.391 
    U_S14_add_41_16              19     0.385     0.000     0.000          0.000             0.385 
    addinc_U_5_U_S1_add_18_16    59     0.339     0.000     0.000          0.000             0.339 
    addinc_U_2_U_S1_add_18_16    59     0.326     0.000     0.000          0.000             0.326 
    U_S15_add_41_16              26     0.312     0.000     0.000          0.000             0.312 
    U_3_U_S1_add_18_10           32     0.250     0.000     0.000          0.000             0.250 
    U_4_U_S1_add_18_10           29     0.249     0.000     0.000          0.000             0.249 
    U_3_U_S0_add_18_10           20     0.157     0.000     0.000          0.000             0.157 
    U_4_U_S0_add_18_10           18     0.147     0.000     0.000          0.000             0.147 
    U_S1_add_41_16               12     0.145     0.000     0.000          0.000             0.145 
    U_S21_add_41_16              11     0.114     0.000     0.000          0.000             0.114 
  gen_filter[20].U_S0          1454    16.312     0.000     0.000          0.000            16.312 
    csa_tree_U.._18_10_groupi   120     1.741     0.000     0.000          0.000             1.741 
    csa_tree_U.._18_16_groupi   101     1.638     0.000     0.000          0.000             1.638 
    csa_tree_U.._18_10_groupi   108     1.404     0.000     0.000          0.000             1.404 
    csa_tree_U.._18_10_groupi   108     1.348     0.000     0.000          0.000             1.348 
    csa_tree_U.._18_10_groupi    87     1.239     0.000     0.000          0.000             1.239 
    csa_tree_U.._18_10_groupi    84     1.203     0.000     0.000          0.000             1.203 
    csa_tree_U.._18_10_groupi    89     1.155     0.000     0.000          0.000             1.155 
    csa_tree_U.._18_10_groupi    90     1.111     0.000     0.000          0.000             1.111 
    U_S17_add_41_16              89     0.977     0.000     0.000          0.000             0.977 
    U_S11_add_41_16              81     0.646     0.000     0.000          0.000             0.646 
    U_S14_add_41_16              19     0.432     0.000     0.000          0.000             0.432 
    U_5_U_S0_add_18_10           49     0.405     0.000     0.000          0.000             0.405 
    U_2_U_S0_add_18_10           49     0.401     0.000     0.000          0.000             0.401 
    U_S15_add_41_16              27     0.325     0.000     0.000          0.000             0.325 
    addinc_U_5_U_S1_add_18_16    59     0.318     0.000     0.000          0.000             0.318 
    addinc_U_2_U_S1_add_18_16    59     0.308     0.000     0.000          0.000             0.308 
    U_3_U_S1_add_18_10           31     0.267     0.000     0.000          0.000             0.267 
    U_4_U_S1_add_18_10           30     0.252     0.000     0.000          0.000             0.252 
    U_3_U_S0_add_18_10           22     0.182     0.000     0.000          0.000             0.182 
    U_4_U_S0_add_18_10           19     0.168     0.000     0.000          0.000             0.168 
    U_S1_add_41_16               13     0.133     0.000     0.000          0.000             0.133 
    U_S21_add_41_16              11     0.113     0.000     0.000          0.000             0.113 
  gen_filter[14].U_S0          1449    16.307     0.000     0.000          0.000            16.307 
    csa_tree_U.._18_10_groupi   120     1.768     0.000     0.000          0.000             1.768 
    csa_tree_U.._18_16_groupi   104     1.686     0.000     0.000          0.000             1.686 
    csa_tree_U.._18_10_groupi   108     1.484     0.000     0.000          0.000             1.484 
    csa_tree_U.._18_10_groupi   107     1.476     0.000     0.000          0.000             1.476 
    csa_tree_U.._18_10_groupi    87     1.207     0.000     0.000          0.000             1.207 
    csa_tree_U.._18_10_groupi    85     1.179     0.000     0.000          0.000             1.179 
    csa_tree_U.._18_10_groupi    89     1.166     0.000     0.000          0.000             1.166 
    csa_tree_U.._18_10_groupi    89     1.111     0.000     0.000          0.000             1.111 
    U_S17_add_41_16              89     0.842     0.000     0.000          0.000             0.842 
    U_S11_add_41_16              79     0.567     0.000     0.000          0.000             0.567 
    U_S14_add_41_16              19     0.415     0.000     0.000          0.000             0.415 
    U_5_U_S0_add_18_10           48     0.389     0.000     0.000          0.000             0.389 
    U_2_U_S0_add_18_10           49     0.388     0.000     0.000          0.000             0.388 
    U_S15_add_41_16              27     0.338     0.000     0.000          0.000             0.338 
    addinc_U_2_U_S1_add_18_16    59     0.334     0.000     0.000          0.000             0.334 
    addinc_U_5_U_S1_add_18_16    59     0.318     0.000     0.000          0.000             0.318 
    U_4_U_S1_add_18_10           30     0.269     0.000     0.000          0.000             0.269 
    U_3_U_S1_add_18_10           30     0.253     0.000     0.000          0.000             0.253 
    U_4_U_S0_add_18_10           20     0.185     0.000     0.000          0.000             0.185 
    U_3_U_S0_add_18_10           20     0.172     0.000     0.000          0.000             0.172 
    U_S1_add_41_16               13     0.125     0.000     0.000          0.000             0.125 
    U_S21_add_41_16              11     0.107     0.000     0.000          0.000             0.107 
  gen_filter[21].U_S0          1451    16.300     0.000     0.000          0.000            16.300 
    csa_tree_U.._18_10_groupi   121     1.730     0.000     0.000          0.000             1.730 
    csa_tree_U.._18_16_groupi   104     1.724     0.000     0.000          0.000             1.724 
    csa_tree_U.._18_10_groupi   108     1.462     0.000     0.000          0.000             1.462 
    csa_tree_U.._18_10_groupi   108     1.406     0.000     0.000          0.000             1.406 
    csa_tree_U.._18_10_groupi    87     1.211     0.000     0.000          0.000             1.211 
    csa_tree_U.._18_10_groupi    85     1.183     0.000     0.000          0.000             1.183 
    csa_tree_U.._18_10_groupi    88     1.135     0.000     0.000          0.000             1.135 
    csa_tree_U.._18_10_groupi    90     1.092     0.000     0.000          0.000             1.092 
    U_S17_add_41_16              89     0.864     0.000     0.000          0.000             0.864 
    U_S11_add_41_16              80     0.583     0.000     0.000          0.000             0.583 
    U_S14_add_41_16              19     0.514     0.000     0.000          0.000             0.514 
    U_5_U_S0_add_18_10           48     0.404     0.000     0.000          0.000             0.404 
    U_2_U_S0_add_18_10           49     0.386     0.000     0.000          0.000             0.386 
    U_S15_add_41_16              26     0.338     0.000     0.000          0.000             0.338 
    addinc_U_5_U_S1_add_18_16    59     0.333     0.000     0.000          0.000             0.333 
    addinc_U_2_U_S1_add_18_16    59     0.316     0.000     0.000          0.000             0.316 
    U_3_U_S1_add_18_10           29     0.244     0.000     0.000          0.000             0.244 
    U_4_U_S1_add_18_10           30     0.239     0.000     0.000          0.000             0.239 
    U_4_U_S0_add_18_10           20     0.174     0.000     0.000          0.000             0.174 
    U_3_U_S0_add_18_10           19     0.168     0.000     0.000          0.000             0.168 
    U_S1_add_41_16               13     0.138     0.000     0.000          0.000             0.138 
    U_S21_add_41_16              11     0.110     0.000     0.000          0.000             0.110 
  gen_filter[16].U_S0          1453    16.266     0.000     0.000          0.000            16.266 
    csa_tree_U.._18_10_groupi   122     1.718     0.000     0.000          0.000             1.718 
    csa_tree_U.._18_16_groupi   104     1.635     0.000     0.000          0.000             1.635 
    csa_tree_U.._18_10_groupi   108     1.434     0.000     0.000          0.000             1.434 
    csa_tree_U.._18_10_groupi   108     1.413     0.000     0.000          0.000             1.413 
    csa_tree_U.._18_10_groupi    87     1.217     0.000     0.000          0.000             1.217 
    csa_tree_U.._18_10_groupi    86     1.194     0.000     0.000          0.000             1.194 
    csa_tree_U.._18_10_groupi    88     1.183     0.000     0.000          0.000             1.183 
    csa_tree_U.._18_10_groupi    89     1.122     0.000     0.000          0.000             1.122 
    U_S17_add_41_16              89     0.907     0.000     0.000          0.000             0.907 
    U_S11_add_41_16              79     0.592     0.000     0.000          0.000             0.592 
    U_S14_add_41_16              19     0.418     0.000     0.000          0.000             0.418 
    U_5_U_S0_add_18_10           48     0.401     0.000     0.000          0.000             0.401 
    U_2_U_S0_add_18_10           49     0.388     0.000     0.000          0.000             0.388 
    U_S15_add_41_16              27     0.369     0.000     0.000          0.000             0.369 
    addinc_U_5_U_S1_add_18_16    59     0.319     0.000     0.000          0.000             0.319 
    addinc_U_2_U_S1_add_18_16    59     0.306     0.000     0.000          0.000             0.306 
    U_3_U_S1_add_18_10           29     0.241     0.000     0.000          0.000             0.241 
    U_4_U_S1_add_18_10           30     0.234     0.000     0.000          0.000             0.234 
    U_4_U_S0_add_18_10           20     0.178     0.000     0.000          0.000             0.178 
    U_3_U_S0_add_18_10           19     0.168     0.000     0.000          0.000             0.168 
    U_S1_add_41_16               13     0.128     0.000     0.000          0.000             0.128 
    U_S21_add_41_16              11     0.122     0.000     0.000          0.000             0.122 
  gen_filter[28].U_S0          1453    16.264     0.000     0.000          0.000            16.264 
    csa_tree_U.._18_10_groupi   120     1.737     0.000     0.000          0.000             1.737 
    csa_tree_U.._18_16_groupi   103     1.674     0.000     0.000          0.000             1.674 
    csa_tree_U.._18_10_groupi   108     1.434     0.000     0.000          0.000             1.434 
    csa_tree_U.._18_10_groupi   108     1.434     0.000     0.000          0.000             1.434 
    csa_tree_U.._18_10_groupi    85     1.188     0.000     0.000          0.000             1.188 
    csa_tree_U.._18_10_groupi    87     1.161     0.000     0.000          0.000             1.161 
    csa_tree_U.._18_10_groupi    89     1.084     0.000     0.000          0.000             1.084 
    csa_tree_U.._18_10_groupi    89     1.066     0.000     0.000          0.000             1.066 
    U_S17_add_41_16              89     0.927     0.000     0.000          0.000             0.927 
    U_S11_add_41_16              80     0.633     0.000     0.000          0.000             0.633 
    U_S14_add_41_16              19     0.484     0.000     0.000          0.000             0.484 
    U_5_U_S0_add_18_10           48     0.417     0.000     0.000          0.000             0.417 
    U_2_U_S0_add_18_10           49     0.386     0.000     0.000          0.000             0.386 
    addinc_U_2_U_S1_add_18_16    59     0.355     0.000     0.000          0.000             0.355 
    U_S15_add_41_16              26     0.324     0.000     0.000          0.000             0.324 
    addinc_U_5_U_S1_add_18_16    59     0.312     0.000     0.000          0.000             0.312 
    U_4_U_S1_add_18_10           31     0.269     0.000     0.000          0.000             0.269 
    U_3_U_S1_add_18_10           30     0.235     0.000     0.000          0.000             0.235 
    U_4_U_S0_add_18_10           20     0.178     0.000     0.000          0.000             0.178 
    U_3_U_S0_add_18_10           20     0.164     0.000     0.000          0.000             0.164 
    U_S21_add_41_16              11     0.113     0.000     0.000          0.000             0.113 
    U_S1_add_41_16               11     0.113     0.000     0.000          0.000             0.113 
  gen_filter[13].U_S0          1445    16.259     0.000     0.000          0.000            16.259 
    csa_tree_U.._18_10_groupi   120     1.822     0.000     0.000          0.000             1.822 
    csa_tree_U.._18_16_groupi   102     1.669     0.000     0.000          0.000             1.669 
    csa_tree_U.._18_10_groupi   108     1.410     0.000     0.000          0.000             1.410 
    csa_tree_U.._18_10_groupi   107     1.382     0.000     0.000          0.000             1.382 
    csa_tree_U.._18_10_groupi    85     1.207     0.000     0.000          0.000             1.207 
    csa_tree_U.._18_10_groupi    87     1.200     0.000     0.000          0.000             1.200 
    csa_tree_U.._18_10_groupi    89     1.144     0.000     0.000          0.000             1.144 
    csa_tree_U.._18_10_groupi    90     1.133     0.000     0.000          0.000             1.133 
    U_S17_add_41_16              89     0.906     0.000     0.000          0.000             0.906 
    U_S11_add_41_16              80     0.588     0.000     0.000          0.000             0.588 
    U_S14_add_41_16              19     0.452     0.000     0.000          0.000             0.452 
    U_5_U_S0_add_18_10           48     0.401     0.000     0.000          0.000             0.401 
    U_2_U_S0_add_18_10           49     0.389     0.000     0.000          0.000             0.389 
    U_S15_add_41_16              26     0.335     0.000     0.000          0.000             0.335 
    addinc_U_5_U_S1_add_18_16    59     0.308     0.000     0.000          0.000             0.308 
    addinc_U_2_U_S1_add_18_16    59     0.287     0.000     0.000          0.000             0.287 
    U_4_U_S1_add_18_10           30     0.259     0.000     0.000          0.000             0.259 
    U_3_U_S1_add_18_10           30     0.254     0.000     0.000          0.000             0.254 
    U_3_U_S0_add_18_10           20     0.174     0.000     0.000          0.000             0.174 
    U_4_U_S0_add_18_10           20     0.172     0.000     0.000          0.000             0.172 
    U_S1_add_41_16               13     0.121     0.000     0.000          0.000             0.121 
    U_S21_add_41_16              11     0.116     0.000     0.000          0.000             0.116 
  gen_filter[17].U_S0          1453    16.244     0.000     0.000          0.000            16.244 
    csa_tree_U.._18_10_groupi   121     1.763     0.000     0.000          0.000             1.763 
    csa_tree_U.._18_16_groupi   103     1.661     0.000     0.000          0.000             1.661 
    csa_tree_U.._18_10_groupi   108     1.457     0.000     0.000          0.000             1.457 
    csa_tree_U.._18_10_groupi   108     1.456     0.000     0.000          0.000             1.456 
    csa_tree_U.._18_10_groupi    84     1.204     0.000     0.000          0.000             1.204 
    csa_tree_U.._18_10_groupi    87     1.176     0.000     0.000          0.000             1.176 
    csa_tree_U.._18_10_groupi    91     1.165     0.000     0.000          0.000             1.165 
    csa_tree_U.._18_10_groupi    90     1.131     0.000     0.000          0.000             1.131 
    U_S17_add_41_16              89     0.875     0.000     0.000          0.000             0.875 
    U_S11_add_41_16              80     0.594     0.000     0.000          0.000             0.594 
    U_S14_add_41_16              19     0.422     0.000     0.000          0.000             0.422 
    U_5_U_S0_add_18_10           48     0.414     0.000     0.000          0.000             0.414 
    U_2_U_S0_add_18_10           48     0.370     0.000     0.000          0.000             0.370 
    addinc_U_5_U_S1_add_18_16    59     0.314     0.000     0.000          0.000             0.314 
    addinc_U_2_U_S1_add_18_16    59     0.311     0.000     0.000          0.000             0.311 
    U_S15_add_41_16              26     0.310     0.000     0.000          0.000             0.310 
    U_4_U_S1_add_18_10           29     0.245     0.000     0.000          0.000             0.245 
    U_3_U_S1_add_18_10           30     0.231     0.000     0.000          0.000             0.231 
    U_3_U_S0_add_18_10           20     0.178     0.000     0.000          0.000             0.178 
    U_4_U_S0_add_18_10           19     0.166     0.000     0.000          0.000             0.166 
    U_S1_add_41_16               15     0.123     0.000     0.000          0.000             0.123 
    U_S21_add_41_16              11     0.113     0.000     0.000          0.000             0.113 
  gen_filter[15].U_S0          1445    16.231     0.000     0.000          0.000            16.231 
    csa_tree_U.._18_10_groupi   120     1.743     0.000     0.000          0.000             1.743 
    csa_tree_U.._18_16_groupi   101     1.695     0.000     0.000          0.000             1.695 
    csa_tree_U.._18_10_groupi   108     1.497     0.000     0.000          0.000             1.497 
    csa_tree_U.._18_10_groupi   108     1.386     0.000     0.000          0.000             1.386 
    csa_tree_U.._18_10_groupi    87     1.252     0.000     0.000          0.000             1.252 
    csa_tree_U.._18_10_groupi    84     1.215     0.000     0.000          0.000             1.215 
    csa_tree_U.._18_10_groupi    90     1.147     0.000     0.000          0.000             1.147 
    csa_tree_U.._18_10_groupi    89     1.099     0.000     0.000          0.000             1.099 
    U_S17_add_41_16              89     0.876     0.000     0.000          0.000             0.876 
    U_S11_add_41_16              79     0.593     0.000     0.000          0.000             0.593 
    U_5_U_S0_add_18_10           49     0.429     0.000     0.000          0.000             0.429 
    U_S14_add_41_16              19     0.401     0.000     0.000          0.000             0.401 
    U_2_U_S0_add_18_10           49     0.371     0.000     0.000          0.000             0.371 
    U_S15_add_41_16              26     0.333     0.000     0.000          0.000             0.333 
    addinc_U_2_U_S1_add_18_16    59     0.303     0.000     0.000          0.000             0.303 
    addinc_U_5_U_S1_add_18_16    59     0.280     0.000     0.000          0.000             0.280 
    U_3_U_S1_add_18_10           30     0.265     0.000     0.000          0.000             0.265 
    U_4_U_S1_add_18_10           29     0.247     0.000     0.000          0.000             0.247 
    U_3_U_S0_add_18_10           20     0.181     0.000     0.000          0.000             0.181 
    U_4_U_S0_add_18_10           19     0.168     0.000     0.000          0.000             0.168 
    U_S1_add_41_16               13     0.130     0.000     0.000          0.000             0.130 
    U_S21_add_41_16              11     0.113     0.000     0.000          0.000             0.113 
  gen_filter[9].U_S0           1446    16.182     0.000     0.000          0.000            16.182 
    csa_tree_U.._18_10_groupi   119     1.698     0.000     0.000          0.000             1.698 
    csa_tree_U.._18_16_groupi   103     1.661     0.000     0.000          0.000             1.661 
    csa_tree_U.._18_10_groupi   108     1.468     0.000     0.000          0.000             1.468 
    csa_tree_U.._18_10_groupi   107     1.419     0.000     0.000          0.000             1.419 
    csa_tree_U.._18_10_groupi    85     1.198     0.000     0.000          0.000             1.198 
    csa_tree_U.._18_10_groupi    87     1.185     0.000     0.000          0.000             1.185 
    csa_tree_U.._18_10_groupi    89     1.129     0.000     0.000          0.000             1.129 
    csa_tree_U.._18_10_groupi    89     1.126     0.000     0.000          0.000             1.126 
    U_S17_add_41_16              89     0.865     0.000     0.000          0.000             0.865 
    U_S11_add_41_16              79     0.576     0.000     0.000          0.000             0.576 
    U_2_U_S0_add_18_10           50     0.401     0.000     0.000          0.000             0.401 
    U_5_U_S0_add_18_10           49     0.400     0.000     0.000          0.000             0.400 
    U_S14_add_41_16              19     0.398     0.000     0.000          0.000             0.398 
    U_S15_add_41_16              26     0.364     0.000     0.000          0.000             0.364 
    addinc_U_5_U_S1_add_18_16    59     0.321     0.000     0.000          0.000             0.321 
    addinc_U_2_U_S1_add_18_16    59     0.312     0.000     0.000          0.000             0.312 
    U_3_U_S1_add_18_10           30     0.259     0.000     0.000          0.000             0.259 
    U_4_U_S1_add_18_10           30     0.257     0.000     0.000          0.000             0.257 
    U_4_U_S0_add_18_10           20     0.182     0.000     0.000          0.000             0.182 
    U_3_U_S0_add_18_10           20     0.178     0.000     0.000          0.000             0.178 
    U_S21_add_41_16              11     0.126     0.000     0.000          0.000             0.126 
    U_S1_add_41_16               13     0.124     0.000     0.000          0.000             0.124 
  gen_filter[4].U_S0           1462    16.158     0.000     0.000          0.000            16.158 
    csa_tree_U.._18_10_groupi   119     1.677     0.000     0.000          0.000             1.677 
    csa_tree_U.._18_16_groupi   102     1.668     0.000     0.000          0.000             1.668 
    csa_tree_U.._18_10_groupi   108     1.458     0.000     0.000          0.000             1.458 
    csa_tree_U.._18_10_groupi   107     1.359     0.000     0.000          0.000             1.359 
    csa_tree_U.._18_10_groupi    85     1.209     0.000     0.000          0.000             1.209 
    csa_tree_U.._18_10_groupi    90     1.206     0.000     0.000          0.000             1.206 
    csa_tree_U.._18_10_groupi    89     1.066     0.000     0.000          0.000             1.066 
    csa_tree_U.._18_10_groupi    89     1.059     0.000     0.000          0.000             1.059 
    U_S17_add_41_16              89     0.889     0.000     0.000          0.000             0.889 
    U_S11_add_41_16              82     0.657     0.000     0.000          0.000             0.657 
    U_S14_add_41_16              19     0.487     0.000     0.000          0.000             0.487 
    U_2_U_S0_add_18_10           51     0.401     0.000     0.000          0.000             0.401 
    U_5_U_S0_add_18_10           49     0.386     0.000     0.000          0.000             0.386 
    addinc_U_2_U_S1_add_18_16    59     0.333     0.000     0.000          0.000             0.333 
    addinc_U_5_U_S1_add_18_16    59     0.320     0.000     0.000          0.000             0.320 
    U_S15_add_41_16              27     0.311     0.000     0.000          0.000             0.311 
    U_3_U_S1_add_18_10           33     0.277     0.000     0.000          0.000             0.277 
    U_4_U_S1_add_18_10           33     0.269     0.000     0.000          0.000             0.269 
    U_3_U_S0_add_18_10           22     0.192     0.000     0.000          0.000             0.192 
    U_4_U_S0_add_18_10           22     0.184     0.000     0.000          0.000             0.184 
    U_S1_add_41_16               13     0.126     0.000     0.000          0.000             0.126 
    U_S21_add_41_16              11     0.116     0.000     0.000          0.000             0.116 
  gen_filter[29].U_S0          1450    16.142     0.000     0.000          0.000            16.142 
    csa_tree_U.._18_10_groupi   122     1.820     0.000     0.000          0.000             1.820 
    csa_tree_U.._18_16_groupi   101     1.678     0.000     0.000          0.000             1.678 
    csa_tree_U.._18_10_groupi   107     1.402     0.000     0.000          0.000             1.402 
    csa_tree_U.._18_10_groupi   108     1.385     0.000     0.000          0.000             1.385 
    csa_tree_U.._18_10_groupi    85     1.201     0.000     0.000          0.000             1.201 
    csa_tree_U.._18_10_groupi    87     1.178     0.000     0.000          0.000             1.178 
    csa_tree_U.._18_10_groupi    89     1.077     0.000     0.000          0.000             1.077 
    csa_tree_U.._18_10_groupi    89     1.060     0.000     0.000          0.000             1.060 
    U_S17_add_41_16              89     0.940     0.000     0.000          0.000             0.940 
    U_S11_add_41_16              79     0.602     0.000     0.000          0.000             0.602 
    U_S14_add_41_16              19     0.407     0.000     0.000          0.000             0.407 
    U_5_U_S0_add_18_10           49     0.388     0.000     0.000          0.000             0.388 
    U_2_U_S0_add_18_10           49     0.361     0.000     0.000          0.000             0.361 
    U_S15_add_41_16              26     0.346     0.000     0.000          0.000             0.346 
    addinc_U_5_U_S1_add_18_16    59     0.330     0.000     0.000          0.000             0.330 
    addinc_U_2_U_S1_add_18_16    59     0.323     0.000     0.000          0.000             0.323 
    U_4_U_S1_add_18_10           31     0.263     0.000     0.000          0.000             0.263 
    U_3_U_S1_add_18_10           30     0.244     0.000     0.000          0.000             0.244 
    U_3_U_S0_add_18_10           20     0.178     0.000     0.000          0.000             0.178 
    U_4_U_S0_add_18_10           18     0.154     0.000     0.000          0.000             0.154 
    U_S21_add_41_16              11     0.116     0.000     0.000          0.000             0.116 
    U_S1_add_41_16               11     0.112     0.000     0.000          0.000             0.112 
  gen_filter[3].U_S0           1456    16.141     0.000     0.000          0.000            16.141 
    csa_tree_U.._18_10_groupi   120     1.755     0.000     0.000          0.000             1.755 
    csa_tree_U.._18_16_groupi   102     1.674     0.000     0.000          0.000             1.674 
    csa_tree_U.._18_10_groupi   107     1.424     0.000     0.000          0.000             1.424 
    csa_tree_U.._18_10_groupi   108     1.380     0.000     0.000          0.000             1.380 
    csa_tree_U.._18_10_groupi    85     1.185     0.000     0.000          0.000             1.185 
    csa_tree_U.._18_10_groupi    90     1.178     0.000     0.000          0.000             1.178 
    csa_tree_U.._18_10_groupi    89     1.135     0.000     0.000          0.000             1.135 
    csa_tree_U.._18_10_groupi    90     1.092     0.000     0.000          0.000             1.092 
    U_S17_add_41_16              89     0.865     0.000     0.000          0.000             0.865 
    U_S11_add_41_16              81     0.672     0.000     0.000          0.000             0.672 
    U_S14_add_41_16              19     0.424     0.000     0.000          0.000             0.424 
    U_5_U_S0_add_18_10           50     0.405     0.000     0.000          0.000             0.405 
    U_2_U_S0_add_18_10           48     0.369     0.000     0.000          0.000             0.369 
    U_S15_add_41_16              26     0.323     0.000     0.000          0.000             0.323 
    addinc_U_5_U_S1_add_18_16    59     0.314     0.000     0.000          0.000             0.314 
    addinc_U_2_U_S1_add_18_16    59     0.293     0.000     0.000          0.000             0.293 
    U_4_U_S1_add_18_10           33     0.289     0.000     0.000          0.000             0.289 
    U_3_U_S1_add_18_10           32     0.262     0.000     0.000          0.000             0.262 
    U_4_U_S0_add_18_10           22     0.192     0.000     0.000          0.000             0.192 
    U_3_U_S0_add_18_10           21     0.184     0.000     0.000          0.000             0.184 
    U_S1_add_41_16               13     0.122     0.000     0.000          0.000             0.122 
    U_S21_add_41_16              11     0.111     0.000     0.000          0.000             0.111 
  gen_filter[2].U_S0           1445    16.125     0.000     0.000          0.000            16.125 
    csa_tree_U.._18_10_groupi   120     1.680     0.000     0.000          0.000             1.680 
    csa_tree_U.._18_16_groupi   101     1.615     0.000     0.000          0.000             1.615 
    csa_tree_U.._18_10_groupi   107     1.480     0.000     0.000          0.000             1.480 
    csa_tree_U.._18_10_groupi   108     1.422     0.000     0.000          0.000             1.422 
    csa_tree_U.._18_10_groupi    90     1.197     0.000     0.000          0.000             1.197 
    csa_tree_U.._18_10_groupi    89     1.191     0.000     0.000          0.000             1.191 
    csa_tree_U.._18_10_groupi    86     1.188     0.000     0.000          0.000             1.188 
    csa_tree_U.._18_10_groupi    88     1.085     0.000     0.000          0.000             1.085 
    U_S17_add_41_16              89     0.887     0.000     0.000          0.000             0.887 
    U_S11_add_41_16              81     0.731     0.000     0.000          0.000             0.731 
    U_5_U_S0_add_18_10           49     0.413     0.000     0.000          0.000             0.413 
    U_S14_add_41_16              19     0.387     0.000     0.000          0.000             0.387 
    U_2_U_S0_add_18_10           49     0.385     0.000     0.000          0.000             0.385 
    U_S15_add_41_16              26     0.315     0.000     0.000          0.000             0.315 
    addinc_U_5_U_S1_add_18_16    59     0.295     0.000     0.000          0.000             0.295 
    addinc_U_2_U_S1_add_18_16    59     0.279     0.000     0.000          0.000             0.279 
    U_4_U_S1_add_18_10           32     0.267     0.000     0.000          0.000             0.267 
    U_3_U_S1_add_18_10           29     0.236     0.000     0.000          0.000             0.236 
    U_4_U_S0_add_18_10           21     0.184     0.000     0.000          0.000             0.184 
    U_3_U_S0_add_18_10           18     0.147     0.000     0.000          0.000             0.147 
    U_S1_add_41_16               13     0.130     0.000     0.000          0.000             0.130 
    U_S21_add_41_16              11     0.117     0.000     0.000          0.000             0.117 
  gen_filter[30].U_S0          1448    16.007     0.000     0.000          0.000            16.007 
    csa_tree_U.._18_10_groupi   122     1.725     0.000     0.000          0.000             1.725 
    csa_tree_U.._18_16_groupi   101     1.651     0.000     0.000          0.000             1.651 
    csa_tree_U.._18_10_groupi   108     1.406     0.000     0.000          0.000             1.406 
    csa_tree_U.._18_10_groupi   108     1.403     0.000     0.000          0.000             1.403 
    csa_tree_U.._18_10_groupi    85     1.188     0.000     0.000          0.000             1.188 
    csa_tree_U.._18_10_groupi    87     1.158     0.000     0.000          0.000             1.158 
    csa_tree_U.._18_10_groupi    90     1.138     0.000     0.000          0.000             1.138 
    csa_tree_U.._18_10_groupi    90     1.070     0.000     0.000          0.000             1.070 
    U_S17_add_41_16              89     0.922     0.000     0.000          0.000             0.922 
    U_S11_add_41_16              79     0.579     0.000     0.000          0.000             0.579 
    U_2_U_S0_add_18_10           49     0.397     0.000     0.000          0.000             0.397 
    U_S14_add_41_16              19     0.388     0.000     0.000          0.000             0.388 
    U_5_U_S0_add_18_10           48     0.380     0.000     0.000          0.000             0.380 
    U_S15_add_41_16              26     0.351     0.000     0.000          0.000             0.351 
    addinc_U_2_U_S1_add_18_16    59     0.302     0.000     0.000          0.000             0.302 
    addinc_U_5_U_S1_add_18_16    59     0.289     0.000     0.000          0.000             0.289 
    U_4_U_S1_add_18_10           33     0.286     0.000     0.000          0.000             0.286 
    U_3_U_S1_add_18_10           30     0.250     0.000     0.000          0.000             0.250 
    U_4_U_S0_add_18_10           19     0.160     0.000     0.000          0.000             0.160 
    U_3_U_S0_add_18_10           18     0.154     0.000     0.000          0.000             0.154 
    U_S21_add_41_16              11     0.133     0.000     0.000          0.000             0.133 
    U_S1_add_41_16               11     0.120     0.000     0.000          0.000             0.120 
  gen_filter[0].U_S0           1446    15.956     0.000     0.000          0.000            15.956 
    csa_tree_U.._18_10_groupi   119     1.769     0.000     0.000          0.000             1.769 
    csa_tree_U.._18_16_groupi   103     1.725     0.000     0.000          0.000             1.725 
    csa_tree_U.._18_10_groupi   108     1.431     0.000     0.000          0.000             1.431 
    csa_tree_U.._18_10_groupi   107     1.402     0.000     0.000          0.000             1.402 
    csa_tree_U.._18_10_groupi    84     1.158     0.000     0.000          0.000             1.158 
    csa_tree_U.._18_10_groupi    88     1.102     0.000     0.000          0.000             1.102 
    csa_tree_U.._18_10_groupi    89     1.082     0.000     0.000          0.000             1.082 
    csa_tree_U.._18_10_groupi    88     1.054     0.000     0.000          0.000             1.054 
    U_S17_add_41_16              89     0.845     0.000     0.000          0.000             0.845 
    U_S11_add_41_16              81     0.655     0.000     0.000          0.000             0.655 
    U_S14_add_41_16              19     0.492     0.000     0.000          0.000             0.492 
    U_2_U_S0_add_18_10           48     0.394     0.000     0.000          0.000             0.394 
    U_5_U_S0_add_18_10           48     0.371     0.000     0.000          0.000             0.371 
    addinc_U_2_U_S1_add_18_16    59     0.327     0.000     0.000          0.000             0.327 
    U_S15_add_41_16              26     0.306     0.000     0.000          0.000             0.306 
    addinc_U_5_U_S1_add_18_16    59     0.293     0.000     0.000          0.000             0.293 
    U_4_U_S1_add_18_10           32     0.242     0.000     0.000          0.000             0.242 
    U_3_U_S1_add_18_10           29     0.241     0.000     0.000          0.000             0.241 
    U_4_U_S0_add_18_10           20     0.157     0.000     0.000          0.000             0.157 
    U_S21_add_41_16              11     0.146     0.000     0.000          0.000             0.146 
    U_3_U_S0_add_18_10           18     0.131     0.000     0.000          0.000             0.131 
    U_S1_add_41_16               11     0.124     0.000     0.000          0.000             0.124 
  gen_filter[31].U_S0          1448    15.911     0.000     0.000          0.000            15.911 
    csa_tree_U.._18_10_groupi   120     1.722     0.000     0.000          0.000             1.722 
    csa_tree_U.._18_16_groupi   102     1.665     0.000     0.000          0.000             1.665 
    csa_tree_U.._18_10_groupi   107     1.435     0.000     0.000          0.000             1.435 
    csa_tree_U.._18_10_groupi   108     1.421     0.000     0.000          0.000             1.421 
    csa_tree_U.._18_10_groupi    87     1.159     0.000     0.000          0.000             1.159 
    csa_tree_U.._18_10_groupi    85     1.139     0.000     0.000          0.000             1.139 
    csa_tree_U.._18_10_groupi    89     1.101     0.000     0.000          0.000             1.101 
    csa_tree_U.._18_10_groupi    89     1.084     0.000     0.000          0.000             1.084 
    U_S17_add_41_16              89     0.846     0.000     0.000          0.000             0.846 
    U_S11_add_41_16              82     0.579     0.000     0.000          0.000             0.579 
    U_S14_add_41_16              19     0.431     0.000     0.000          0.000             0.431 
    U_2_U_S0_add_18_10           49     0.391     0.000     0.000          0.000             0.391 
    U_5_U_S0_add_18_10           49     0.382     0.000     0.000          0.000             0.382 
    U_S15_add_41_16              26     0.340     0.000     0.000          0.000             0.340 
    addinc_U_2_U_S1_add_18_16    59     0.325     0.000     0.000          0.000             0.325 
    addinc_U_5_U_S1_add_18_16    59     0.310     0.000     0.000          0.000             0.310 
    U_3_U_S1_add_18_10           33     0.272     0.000     0.000          0.000             0.272 
    U_4_U_S1_add_18_10           29     0.242     0.000     0.000          0.000             0.242 
    U_3_U_S0_add_18_10           19     0.160     0.000     0.000          0.000             0.160 
    U_4_U_S0_add_18_10           18     0.133     0.000     0.000          0.000             0.133 
    U_S1_add_41_16               11     0.118     0.000     0.000          0.000             0.118 
    U_S21_add_41_16              11     0.110     0.000     0.000          0.000             0.110 
  gen_filter[32].U_S0          1437    15.745     0.000     0.000          0.000            15.745 
    csa_tree_U.._18_16_groupi   100     1.743     0.000     0.000          0.000             1.743 
    csa_tree_U.._18_10_groupi   119     1.734     0.000     0.000          0.000             1.734 
    csa_tree_U.._18_10_groupi   107     1.436     0.000     0.000          0.000             1.436 
    csa_tree_U.._18_10_groupi   108     1.395     0.000     0.000          0.000             1.395 
    csa_tree_U.._18_10_groupi    84     1.128     0.000     0.000          0.000             1.128 
    csa_tree_U.._18_10_groupi    90     1.095     0.000     0.000          0.000             1.095 
    csa_tree_U.._18_10_groupi    87     1.077     0.000     0.000          0.000             1.077 
    csa_tree_U.._18_10_groupi    88     1.022     0.000     0.000          0.000             1.022 
    U_S17_add_41_16              89     0.929     0.000     0.000          0.000             0.929 
    U_S11_add_41_16              79     0.567     0.000     0.000          0.000             0.567 
    U_S14_add_41_16              19     0.398     0.000     0.000          0.000             0.398 
    U_2_U_S0_add_18_10           49     0.389     0.000     0.000          0.000             0.389 
    U_5_U_S0_add_18_10           48     0.377     0.000     0.000          0.000             0.377 
    addinc_U_2_U_S1_add_18_16    59     0.330     0.000     0.000          0.000             0.330 
    U_S15_add_41_16              26     0.318     0.000     0.000          0.000             0.318 
    addinc_U_5_U_S1_add_18_16    59     0.293     0.000     0.000          0.000             0.293 
    U_3_U_S1_add_18_10           29     0.242     0.000     0.000          0.000             0.242 
    U_4_U_S1_add_18_10           30     0.237     0.000     0.000          0.000             0.237 
    U_4_U_S0_add_18_10           20     0.148     0.000     0.000          0.000             0.148 
    U_3_U_S0_add_18_10           18     0.133     0.000     0.000          0.000             0.133 
    U_S21_add_41_16              11     0.117     0.000     0.000          0.000             0.117 
    U_S1_add_41_16               11     0.116     0.000     0.000          0.000             0.116 

