============================================================
  Generated by:           Genus(TM) Synthesis Solution 17.10-p007_1
  Generated on:           Feb 21 2020  05:05:35 pm
  Module:                 filter_regular
  Technology libraries:   CORE65LPSVT 
                          CLOCK65LPSVT 
                          physical_cells 
  Operating conditions:   _nominal_ 
  Interconnect mode:      global
  Area mode:              physical library
============================================================

                       Leakage    Dynamic     Total   
   Instance     Cells Power(uW)  Power(uW)  Power(uW) 
------------------------------------------------------
filter_regular 125741   659.832 100256.416 100916.248 
  S0[64].U0      1742     8.236   1294.019   1302.255 
  S0[19].U0      1742     8.228   1398.239   1406.467 
  S0[61].U0      1742     8.228   1280.661   1288.889 
  S0[43].U0      1742     8.228   1403.314   1411.542 
  S0[31].U0      1742     8.227   1363.021   1371.248 
  S0[52].U0      1742     8.227   1318.059   1326.285 
  S0[8].U0       1742     8.226   1345.967   1354.193 
  S0[2].U0       1742     8.224   1360.712   1368.936 
  S0[28].U0      1742     8.224   1389.595   1397.819 
  S0[37].U0      1742     8.223   1215.335   1223.558 
  S0[10].U0      1743     8.223   1304.287   1312.510 
  S0[22].U0      1742     8.223   1388.048   1396.271 
  S0[34].U0      1742     8.223   1358.187   1366.410 
  S0[16].U0      1742     8.222   1251.686   1259.907 
  S0[40].U0      1742     8.220   1352.849   1361.069 
  S0[58].U0      1742     8.220   1279.105   1287.325 
  S0[55].U0      1742     8.220   1374.212   1382.433 
  S0[29].U0      1740     8.220   1384.198   1392.418 
  S0[5].U0       1742     8.220   1357.445   1365.665 
  S0[46].U0      1742     8.217   1382.759   1390.976 
  S0[49].U0      1734     8.215   1371.622   1379.837 
  S0[32].U0      1740     8.215   1371.136   1379.351 
  S0[6].U0       1740     8.215   1356.869   1365.083 
  S0[50].U0      1740     8.214   1370.988   1379.203 
  S0[41].U0      1740     8.214   1385.016   1393.230 
  S0[13].U0      1742     8.214   1256.529   1264.743 
  S0[44].U0      1740     8.214   1370.343   1378.557 
  S0[48].U0      1734     8.213   1375.400   1383.613 
  S0[35].U0      1740     8.213   1290.147   1298.360 
  S0[25].U0      1742     8.212   1386.797   1395.010 
  S0[62].U0      1740     8.212   1307.252   1315.464 
  S0[59].U0      1740     8.211   1255.493   1263.705 
  S0[47].U0      1734     8.211   1388.655   1396.867 
  S0[20].U0      1740     8.211   1430.896   1439.107 
  S0[53].U0      1740     8.210   1348.279   1356.489 
  S0[38].U0      1740     8.209   1251.462   1259.672 
  S0[17].U0      1740     8.208   1276.957   1285.166 
  S0[42].U0      1738     8.208   1400.686   1408.894 
  S0[33].U0      1738     8.208   1355.612   1363.819 
  S0[14].U0      1740     8.206   1246.891   1255.097 
  S0[60].U0      1738     8.203   1282.557   1290.760 
  S0[21].U0      1738     8.203   1408.614   1416.818 
  S0[27].U0      1738     8.203   1387.473   1395.677 
  S0[30].U0      1738     8.203   1347.603   1355.806 
  S0[11].U0      1740     8.203   1307.638   1315.841 
  S0[23].U0      1740     8.202   1374.241   1382.444 
  S0[56].U0      1740     8.202   1376.120   1384.322 
  S0[9].U0       1740     8.202   1311.940   1320.142 
  S0[3].U0       1740     8.201   1369.345   1377.546 
  S0[18].U0      1738     8.201   1375.506   1383.707 
  S0[51].U0      1738     8.200   1339.667   1347.868 
  S0[54].U0      1738     8.200   1352.969   1361.169 
  S0[26].U0      1740     8.200   1377.166   1385.366 
  S0[7].U0       1738     8.199   1364.091   1372.291 
  S0[36].U0      1738     8.199   1237.828   1246.026 
  S0[4].U0       1738     8.197   1351.393   1359.589 
  S0[24].U0      1738     8.197   1361.192   1369.389 
  S0[39].U0      1738     8.196   1287.891   1296.087 
  S0[0].U0       1740     8.196   1413.599   1421.796 
  S0[63].U0      1738     8.196   1332.492   1340.688 
  S0[45].U0      1738     8.196   1373.665   1381.861 
  S0[1].U0       1738     8.196   1379.384   1387.580 
  S0[12].U0      1738     8.195   1302.262   1310.458 
  S0[15].U0      1738     8.194   1237.731   1245.925 
  S0[57].U0      1738     8.193   1312.719   1320.912 

