============================================================
  Generated by:           Genus(TM) Synthesis Solution 17.10-p007_1
  Generated on:           Feb 20 2020  11:18:04 pm
  Module:                 filter_regular
  Technology libraries:   CORE65LPSVT 
                          CLOCK65LPSVT 
                          physical_cells 
  Operating conditions:   _nominal_ 
  Interconnect mode:      global
  Area mode:              physical library
============================================================

                      Leakage   Dynamic    Total   
   Instance    Cells Power(uW) Power(uW) Power(uW) 
---------------------------------------------------
filter_regular 32790   174.051 32360.984 32535.035 
  S0[16].U0     1738     8.265  1417.798  1426.063 
  S0[13].U0     1738     8.263  1382.286  1390.549 
  S0[9].U0      1732     8.254  1413.008  1421.262 
  S0[7].U0      1739     8.253  1408.171  1416.424 
  S0[5].U0      1738     8.251  1387.896  1396.147 
  S0[8].U0      1732     8.246  1435.998  1444.244 
  S0[10].U0     1732     8.245  1403.951  1412.196 
  S0[2].U0      1738     8.243  1471.199  1479.442 
  S0[11].U0     1727     8.197  1400.629  1408.826 
  S0[14].U0     1727     8.197  1398.161  1406.358 
  S0[12].U0     1725     8.191  1375.545  1383.737 
  S0[0].U0      1727     8.189  1472.579  1480.768 
  S0[6].U0      1727     8.187  1393.720  1401.908 
  S0[3].U0      1727     8.187  1451.659  1459.846 
  S0[4].U0      1725     8.185  1413.270  1421.455 
  S0[15].U0     1725     8.184  1441.122  1449.307 
  S0[1].U0      1725     8.179  1511.432  1519.611 

