============================================================
  Generated by:           Genus(TM) Synthesis Solution 17.10-p007_1
  Generated on:           Jan 28 2020  11:12:31 am
  Module:                 INTER_2
  Technology libraries:   CORE65LPSVT 
                          CLOCK65LPSVT 
                          physical_cells 
  Operating conditions:   _nominal_ 
  Interconnect mode:      global
  Area mode:              physical library
============================================================

                                          Leakage   Internal  
       Gate        Instances    Area    Power (uW) Power (uW)     Library    
-----------------------------------------------------------------------------
HS65_LSS_XNOR2X12        136    919.360      1.854     53.828    CORE65LPSVT 
HS65_LSS_XNOR2X6         340   1414.400      2.321     72.508    CORE65LPSVT 
HS65_LSS_XOR2X6          102    424.320      0.552     59.254    CORE65LPSVT 
HS65_LS_AND2X18           34    123.760      0.316      5.117    CORE65LPSVT 
HS65_LS_AND2X27           68    388.960      1.116     21.169    CORE65LPSVT 
HS65_LS_AND2X35           34    212.160      0.804     14.861    CORE65LPSVT 
HS65_LS_AND2X9           102    318.240      0.478     13.887    CORE65LPSVT 
HS65_LS_AOI13X15          34    300.560      0.688     10.461    CORE65LPSVT 
HS65_LS_BFX18             16     49.920      0.130      2.381    CORE65LPSVT 
HS65_LS_BFX27             68    247.520      0.860     15.918    CORE65LPSVT 
HS65_LS_BFX53             32    199.680      0.861     13.448    CORE65LPSVT 
HS65_LS_BFX9              34     70.720      0.123      2.891    CORE65LPSVT 
HS65_LS_CB4I6X9           34    141.440      0.170      9.639    CORE65LPSVT 
HS65_LS_CBI4I1X16         34    300.560      0.560     11.737    CORE65LPSVT 
HS65_LS_CBI4I1X21         68    813.280      1.660     28.687    CORE65LPSVT 
HS65_LS_CBI4I1X5          34    123.760      0.174      3.820    CORE65LPSVT 
HS65_LS_CNIVX21           40    124.800      0.247      4.944    CORE65LPSVT 
HS65_LS_CNIVX27           34    123.760      0.289      5.334    CORE65LPSVT 
HS65_LS_CNIVX34           34    159.120      0.379      5.243    CORE65LPSVT 
HS65_LS_DFPRQX18          16    174.720      0.211     77.929    CORE65LPSVT 
HS65_LS_DFPRQX4          408   4243.200      3.566   2104.814    CORE65LPSVT 
HS65_LS_DFPRQX9          164   1705.600      1.643    791.329    CORE65LPSVT 
HS65_LS_FA1X18           136   1909.440      3.112    236.327    CORE65LPSVT 
HS65_LS_FA1X27           272   5799.040      9.876    671.626    CORE65LPSVT 
HS65_LS_FA1X4            102    954.720      0.636     39.369    CORE65LPSVT 
HS65_LS_FA1X9             34    371.280      0.375     10.634    CORE65LPSVT 
HS65_LS_HA1X18            68    495.040      1.389     87.575    CORE65LPSVT 
HS65_LS_HA1X27            68    813.280      2.260    119.451    CORE65LPSVT 
HS65_LS_HA1X4             85    442.000      0.437     23.214    CORE65LPSVT 
HS65_LS_HA1X9            102    636.480      0.976     55.493    CORE65LPSVT 
HS65_LS_IVX18            580   1206.400      3.155     42.720    CORE65LPSVT 
HS65_LS_IVX2               1      1.560      0.001      0.034    CORE65LPSVT 
HS65_LS_IVX22             34    106.080      0.260      4.735    CORE65LPSVT 
HS65_LS_IVX27            196    611.520      1.813     22.969    CORE65LPSVT 
HS65_LS_IVX31             34    123.760      0.372      6.481    CORE65LPSVT 
HS65_LS_IVX35             68    247.520      0.844      7.660    CORE65LPSVT 
HS65_LS_IVX44             34    141.440      0.546      9.033    CORE65LPSVT 
HS65_LS_IVX62             34    194.480      0.805     13.410    CORE65LPSVT 
HS65_LS_IVX9             340    530.400      0.860     13.091    CORE65LPSVT 
HS65_LS_MUXI21X10         34    282.880      0.415     24.250    CORE65LPSVT 
HS65_LS_MUXI21X5          34    159.120      0.197      4.027    CORE65LPSVT 
HS65_LS_NAND2AX14        238    990.080      2.544     35.208    CORE65LPSVT 
HS65_LS_NAND2AX21         68    388.960      1.193     24.638    CORE65LPSVT 
HS65_LS_NAND2AX7         238    742.560      1.050     17.685    CORE65LPSVT 
HS65_LS_NAND2X14         306   1113.840      2.237     33.022    CORE65LPSVT 
HS65_LS_NAND2X21         102    530.400      1.375     19.622    CORE65LPSVT 
HS65_LS_NAND2X29          34    212.160      0.687      8.037    CORE65LPSVT 
HS65_LS_NAND2X57          34    406.640      1.238     13.112    CORE65LPSVT 
HS65_LS_NAND2X7          340    707.200      0.887     25.458    CORE65LPSVT 
HS65_LS_NOR2AX19         102    583.440      1.387     23.896    CORE65LPSVT 
HS65_LS_NOR2AX3          272    707.200      0.687     19.171    CORE65LPSVT 
HS65_LS_NOR2AX6           68    212.160      0.336      9.902    CORE65LPSVT 
HS65_LS_NOR2X13           68    247.520      0.406     22.070    CORE65LPSVT 
HS65_LS_NOR2X19           68    353.600      0.731     19.673    CORE65LPSVT 
HS65_LS_NOR2X25           68    424.320      1.098     29.687    CORE65LPSVT 
HS65_LS_NOR2X38           68    601.120      1.466     22.870    CORE65LPSVT 
HS65_LS_NOR2X6           204    424.320      0.594     10.901    CORE65LPSVT 
HS65_LS_OA12X18          170    707.200      2.022     47.238    CORE65LPSVT 
HS65_LS_OA12X27           34    247.520      0.637      9.824    CORE65LPSVT 
HS65_LS_OA12X9            34    123.760      0.174      6.031    CORE65LPSVT 
HS65_LS_OA22X9            34    159.120      0.176      5.228    CORE65LPSVT 
HS65_LS_OAI112X11         34    212.160      0.438      7.344    CORE65LPSVT 
HS65_LS_OAI112X5          34    123.760      0.038      2.827    CORE65LPSVT 
HS65_LS_OAI12X12          34    176.800      0.330     19.283    CORE65LPSVT 
HS65_LS_OAI12X18          34    229.840      0.624      9.359    CORE65LPSVT 
HS65_LS_OAI13X15          34    300.560      0.630     15.264    CORE65LPSVT 
HS65_LS_OAI211X11         34    212.160      0.400      7.448    CORE65LPSVT 
HS65_LS_OAI21X18          34    229.840      0.450      6.174    CORE65LPSVT 
HS65_LS_OAI21X3           34     88.400      0.070      2.586    CORE65LPSVT 
HS65_LS_OR2X18            34    123.760      0.364      7.701    CORE65LPSVT 
HS65_LS_OR2X35            34    212.160      0.665     13.272    CORE65LPSVT 
HS65_LS_OR2X9            340   1060.800      1.496     42.397    CORE65LPSVT 
HS65_LS_PAO2X18           34    194.480      0.386     22.319    CORE65LPSVT 
HS65_LS_PAO2X9            68    318.240      0.302     16.878    CORE65LPSVT 
HS65_LS_PAOI2X11          34    265.200      0.262     19.450    CORE65LPSVT 
HS65_LS_PAOI2X17          34    371.280      0.532     12.324    CORE65LPSVT 
HS65_LS_XNOR2X18         170   1149.200      3.726     95.978    CORE65LPSVT 
HS65_LS_XNOR2X9           68    353.600      0.668     16.737    CORE65LPSVT 
HS65_LS_XOR2X18           68    459.680      1.499     42.409    CORE65LPSVT 
HS65_LS_XOR2X27           68    707.200      2.170     55.300    CORE65LPSVT 
HS65_LS_XOR2X35           34    388.960      1.490     37.755    CORE65LPSVT 
-----------------------------------------------------------------------------
total                   7930  44667.480     84.796   5577.374                


                                            Leakage  Leakage  Internal  Internal 
     Type      Instances    Area   Area % Power (uW) Power % Power (uW)  Power % 
---------------------------------------------------------------------------------
sequential           588  6123.520   13.7      5.420     6.4   2974.071     53.3 
inverter            1429  3570.840    8.0      9.570    11.3    135.653      2.4 
buffer               150   567.840    1.3      1.974     2.3     34.637      0.6 
logic               5763 34405.280   77.0     67.832    80.0   2433.013     43.6 
physical_cells         0     0.000    0.0      0.000     0.0      0.000      0.0 
---------------------------------------------------------------------------------
total               7930 44667.480  100.0     84.796   100.0   5577.374    100.0 

