============================================================
  Generated by:           Genus(TM) Synthesis Solution 17.10-p007_1
  Generated on:           Feb 21 2020  02:12:44 pm
  Module:                 filter_regular
  Technology libraries:   CORE65LPSVT 
                          CLOCK65LPSVT 
                          physical_cells 
  Operating conditions:   _nominal_ 
  Interconnect mode:      global
  Area mode:              physical library
============================================================

                                            Leakage   Internal  
       Gate         Instances     Area    Power (uW) Power (uW)     Library    
-------------------------------------------------------------------------------
HS65_LSS_XNOR2X12         187    1264.120      2.481    122.174    CORE65LPSVT 
HS65_LSS_XNOR2X18          20     208.000      0.443     21.327    CORE65LPSVT 
HS65_LSS_XNOR2X3           13      54.080      0.046      2.202    CORE65LPSVT 
HS65_LSS_XNOR2X6         1523    6335.680     10.288    370.336    CORE65LPSVT 
HS65_LSS_XNOR3X2           31     257.920      0.142      5.535    CORE65LPSVT 
HS65_LSS_XNOR3X4           22     217.360      0.194      5.141    CORE65LPSVT 
HS65_LSS_XOR2X12            4      24.960      0.054      3.919    CORE65LPSVT 
HS65_LSS_XOR2X3             3      12.480      0.010      0.896    CORE65LPSVT 
HS65_LSS_XOR2X6          1529    6360.640      8.911    471.159    CORE65LPSVT 
HS65_LSS_XOR3X12           11     280.280      0.344      9.950    CORE65LPSVT 
HS65_LSS_XOR3X2           192    1497.600      1.053     35.504    CORE65LPSVT 
HS65_LSS_XOR3X4            19     197.600      0.198      6.581    CORE65LPSVT 
HS65_LS_AND2ABX18           7      29.120      0.065      2.023    CORE65LPSVT 
HS65_LS_AND2ABX9           28     101.920      0.132      5.111    CORE65LPSVT 
HS65_LS_AND2X18           410    1492.400      3.627    131.987    CORE65LPSVT 
HS65_LS_AND2X27           103     589.160      1.541     36.225    CORE65LPSVT 
HS65_LS_AND2X35            12      74.880      0.243      4.199    CORE65LPSVT 
HS65_LS_AND2X4           1031    2680.600      2.345    150.685    CORE65LPSVT 
HS65_LS_AND2X9            283     882.960      1.265     58.871    CORE65LPSVT 
HS65_LS_AND3X18            23     107.640      0.278      8.353    CORE65LPSVT 
HS65_LS_AND3X27            18     121.680      0.326      6.528    CORE65LPSVT 
HS65_LS_AND3X35             1       7.800      0.024      0.297    CORE65LPSVT 
HS65_LS_AND3X9             29     105.560      0.171     12.616    CORE65LPSVT 
HS65_LS_AO112X18            9      42.120      0.099      7.624    CORE65LPSVT 
HS65_LS_AO112X9            74     307.840      0.347     27.990    CORE65LPSVT 
HS65_LS_AO12X18           491    2042.560      5.510    136.301    CORE65LPSVT 
HS65_LS_AO12X27            49     331.240      0.858     18.716    CORE65LPSVT 
HS65_LS_AO12X35             6      46.800      0.146      4.170    CORE65LPSVT 
HS65_LS_AO12X9           1191    4335.240      5.862    236.093    CORE65LPSVT 
HS65_LS_AO212X4            61     285.480      0.203     13.022    CORE65LPSVT 
HS65_LS_AO212X9             2      11.440      0.009      0.576    CORE65LPSVT 
HS65_LS_AO22X9             21      87.360      0.092      3.910    CORE65LPSVT 
HS65_LS_AO31X18             1       5.200      0.012      0.589    CORE65LPSVT 
HS65_LS_AO31X9             33     137.280      0.150      4.592    CORE65LPSVT 
HS65_LS_AO32X18             1       5.720      0.012      0.493    CORE65LPSVT 
HS65_LS_AO32X4            116     542.880      0.277     24.279    CORE65LPSVT 
HS65_LS_AO32X9             11      57.200      0.047      3.641    CORE65LPSVT 
HS65_LS_AOI12X12           89     462.800      0.864     17.793    CORE65LPSVT 
HS65_LS_AOI12X17           23     155.480      0.357      6.458    CORE65LPSVT 
HS65_LS_AOI12X2           294     764.400      0.401     16.964    CORE65LPSVT 
HS65_LS_AOI12X23            2      17.680      0.042      0.543    CORE65LPSVT 
HS65_LS_AOI12X3             3       9.360      0.007      0.207    CORE65LPSVT 
HS65_LS_AOI12X6           150     468.000      0.665     29.254    CORE65LPSVT 
HS65_LS_AOI13X15            2      17.680      0.025      0.475    CORE65LPSVT 
HS65_LS_AOI13X31            8     137.280      0.190      4.902    CORE65LPSVT 
HS65_LS_AOI211X13          16     141.440      0.195      3.455    CORE65LPSVT 
HS65_LS_AOI211X18           2      24.960      0.033      0.450    CORE65LPSVT 
HS65_LS_AOI211X4           15      54.600      0.061      1.494    CORE65LPSVT 
HS65_LS_AOI212X4           73     303.680      0.285     18.050    CORE65LPSVT 
HS65_LS_AOI21X12            9      46.800      0.080      2.398    CORE65LPSVT 
HS65_LS_AOI21X17            4      27.040      0.058      1.447    CORE65LPSVT 
HS65_LS_AOI21X2             1       2.600      0.001      0.053    CORE65LPSVT 
HS65_LS_AOI21X4             1       3.120      0.003      0.083    CORE65LPSVT 
HS65_LS_AOI21X6            83     258.960      0.337     13.364    CORE65LPSVT 
HS65_LS_AOI21X9             4      20.800      0.026      1.112    CORE65LPSVT 
HS65_LS_AOI22X6            99     360.360      0.292     22.423    CORE65LPSVT 
HS65_LS_BFX106            100    1196.000      5.710     96.219    CORE65LPSVT 
HS65_LS_BFX142             67    1045.200      5.165     88.507    CORE65LPSVT 
HS65_LS_BFX18              23      71.760      0.185      4.617    CORE65LPSVT 
HS65_LS_BFX213             22     491.920      2.587     45.410    CORE65LPSVT 
HS65_LS_BFX27             194     706.160      2.455     48.539    CORE65LPSVT 
HS65_LS_BFX31               1       5.200      0.016      0.419    CORE65LPSVT 
HS65_LS_BFX35              28     145.600      0.487      8.894    CORE65LPSVT 
HS65_LS_BFX44              35     200.200      0.780     15.634    CORE65LPSVT 
HS65_LS_BFX53              67     418.080      1.805     42.133    CORE65LPSVT 
HS65_LS_BFX62              18     140.400      0.579     10.457    CORE65LPSVT 
HS65_LS_BFX71              33     274.560      1.221     20.500    CORE65LPSVT 
HS65_LS_BFX9              132     274.560      0.454     20.899    CORE65LPSVT 
HS65_LS_CB4I1X18            4      20.800      0.048      1.010    CORE65LPSVT 
HS65_LS_CB4I1X9            22      91.520      0.094      3.936    CORE65LPSVT 
HS65_LS_CB4I6X18          152     790.400      1.500    143.026    CORE65LPSVT 
HS65_LS_CB4I6X27            4      33.280      0.069      1.783    CORE65LPSVT 
HS65_LS_CB4I6X9           532    2213.120      2.452    173.083    CORE65LPSVT 
HS65_LS_CBI4I1X11          44     274.560      0.231     22.670    CORE65LPSVT 
HS65_LS_CBI4I1X16           4      35.360      0.031      1.099    CORE65LPSVT 
HS65_LS_CBI4I1X21           5      59.800      0.050      1.926    CORE65LPSVT 
HS65_LS_CBI4I1X5          173     629.720      0.780     39.179    CORE65LPSVT 
HS65_LS_CBI4I6X5           24      87.360      0.093      3.414    CORE65LPSVT 
HS65_LS_CNBFX21             8      29.120      0.084      2.305    CORE65LPSVT 
HS65_LS_CNBFX27             2      10.400      0.027      0.756    CORE65LPSVT 
HS65_LS_CNBFX62             3      29.640      0.103      1.468    CORE65LPSVT 
HS65_LS_CNIVX10             1       2.600      0.003      0.067    CORE65LPSVT 
HS65_LS_CNIVX103           17     203.320      0.763      6.209    CORE65LPSVT 
HS65_LS_CNIVX124            8     112.320      0.448      3.886    CORE65LPSVT 
HS65_LS_CNIVX14             2       5.200      0.008      0.213    CORE65LPSVT 
HS65_LS_CNIVX21             8      24.960      0.056      0.940    CORE65LPSVT 
HS65_LS_CNIVX27            11      40.040      0.100      1.986    CORE65LPSVT 
HS65_LS_CNIVX34             6      28.080      0.070      1.490    CORE65LPSVT 
HS65_LS_CNIVX41             6      31.200      0.102      1.430    CORE65LPSVT 
HS65_LS_CNIVX45             3      18.720      0.056      0.568    CORE65LPSVT 
HS65_LS_CNIVX48             2      12.480      0.039      0.412    CORE65LPSVT 
HS65_LS_CNIVX55             6      40.560      0.137      1.788    CORE65LPSVT 
HS65_LS_CNIVX62             7      50.960      0.188      1.895    CORE65LPSVT 
HS65_LS_CNIVX7              8      12.480      0.017      0.293    CORE65LPSVT 
HS65_LS_CNIVX82             1       9.880      0.037      0.292    CORE65LPSVT 
HS65_LS_DFPHQX9          5214   54225.600     52.423  25623.460    CORE65LPSVT 
HS65_LS_DFPRQNX9          149    1549.600      1.467    501.521    CORE65LPSVT 
HS65_LS_DFPRQX18           10     109.200      0.132     34.308    CORE65LPSVT 
HS65_LS_DFPRQX27           36     430.560      0.599    128.428    CORE65LPSVT 
HS65_LS_DFPRQX35          150    1872.000      3.021    555.840    CORE65LPSVT 
HS65_LS_DFPRQX9            35     364.000      0.351    117.032    CORE65LPSVT 
HS65_LS_FA1X18           1253   17592.120     30.669   2387.091    CORE65LPSVT 
HS65_LS_FA1X27            583   12429.560     21.996   1694.893    CORE65LPSVT 
HS65_LS_FA1X4           11876  111159.360     74.039   7392.580    CORE65LPSVT 
HS65_LS_FA1X9            7827   85470.840     85.498   8671.810    CORE65LPSVT 
HS65_LS_HA1X18            298    2169.440      6.340    262.475    CORE65LPSVT 
HS65_LS_HA1X27             55     657.800      1.868     55.851    CORE65LPSVT 
HS65_LS_HA1X35             20     270.400      0.913     29.599    CORE65LPSVT 
HS65_LS_HA1X4            1543    8023.600      8.059    462.839    CORE65LPSVT 
HS65_LS_HA1X9             434    2708.160      4.226    196.550    CORE65LPSVT 
HS65_LS_IVX106             56     495.040      2.397     27.811    CORE65LPSVT 
HS65_LS_IVX142              4      47.840      0.234      4.555    CORE65LPSVT 
HS65_LS_IVX18            2171    4515.680     11.549    210.999    CORE65LPSVT 
HS65_LS_IVX213              2      34.320      0.183      1.354    CORE65LPSVT 
HS65_LS_IVX27             452    1410.240      4.163     60.071    CORE65LPSVT 
HS65_LS_IVX31              19      69.160      0.208      3.123    CORE65LPSVT 
HS65_LS_IVX35             567    2063.880      7.136     99.632    CORE65LPSVT 
HS65_LS_IVX40               3      12.480      0.043      0.666    CORE65LPSVT 
HS65_LS_IVX44             202     840.320      3.256     45.200    CORE65LPSVT 
HS65_LS_IVX49               1       5.200      0.018      0.609    CORE65LPSVT 
HS65_LS_IVX53             191     993.200      3.836     53.670    CORE65LPSVT 
HS65_LS_IVX62              29     165.880      0.686      7.654    CORE65LPSVT 
HS65_LS_IVX7               24      37.440      0.044      0.863    CORE65LPSVT 
HS65_LS_IVX71             102     636.480      2.816     29.468    CORE65LPSVT 
HS65_LS_IVX9            10928   17047.680     26.786    702.101    CORE65LPSVT 
HS65_LS_MUX21I1X12          1       6.760      0.012      0.359    CORE65LPSVT 
HS65_LS_MUX21I1X18          1      10.400      0.022      0.297    CORE65LPSVT 
HS65_LS_MUX21I1X6           3      12.480      0.020      0.644    CORE65LPSVT 
HS65_LS_MUX21X18           45     280.800      0.793     21.855    CORE65LPSVT 
HS65_LS_MUX21X27           17     159.120      0.433     10.941    CORE65LPSVT 
HS65_LS_MUX21X35            2      20.800      0.072      1.763    CORE65LPSVT 
HS65_LS_MUX21X9            17      79.560      0.131      4.769    CORE65LPSVT 
HS65_LS_MUXI21X10           9      74.880      0.108      3.669    CORE65LPSVT 
HS65_LS_MUXI21X15          16     166.400      0.297      8.749    CORE65LPSVT 
HS65_LS_MUXI21X5           20      93.600      0.114      3.870    CORE65LPSVT 
HS65_LS_MUXI31X4            2      15.600      0.015      0.362    CORE65LPSVT 
HS65_LS_MUXI31X7            1      14.040      0.014      0.342    CORE65LPSVT 
HS65_LS_MX41X14             1      10.400      0.020      0.531    CORE65LPSVT 
HS65_LS_NAND2AX14         347    1443.520      3.098    101.702    CORE65LPSVT 
HS65_LS_NAND2AX21         162     926.640      2.235     59.091    CORE65LPSVT 
HS65_LS_NAND2AX29          26     175.760      0.457     10.020    CORE65LPSVT 
HS65_LS_NAND2AX7         1051    3279.120      4.961    139.763    CORE65LPSVT 
HS65_LS_NAND2X11           18      65.520      0.077      4.016    CORE65LPSVT 
HS65_LS_NAND2X14          729    2653.560      5.210    109.752    CORE65LPSVT 
HS65_LS_NAND2X21          254    1320.800      2.948     56.812    CORE65LPSVT 
HS65_LS_NAND2X29          149     929.760      2.736     44.825    CORE65LPSVT 
HS65_LS_NAND2X43           93     822.120      2.947     39.135    CORE65LPSVT 
HS65_LS_NAND2X5             3       6.240      0.005      0.199    CORE65LPSVT 
HS65_LS_NAND2X57           14     167.440      0.500      8.035    CORE65LPSVT 
HS65_LS_NAND2X7          4138    8607.040     10.745    323.423    CORE65LPSVT 
HS65_LS_NAND3AX6           48     174.720      0.187      3.882    CORE65LPSVT 
HS65_LS_NAND3X13            9      46.800      0.093      1.452    CORE65LPSVT 
HS65_LS_NAND3X19            1       6.760      0.019      0.246    CORE65LPSVT 
HS65_LS_NAND3X38            3      39.000      0.095      1.063    CORE65LPSVT 
HS65_LS_NAND3X5             9      23.400      0.030      0.569    CORE65LPSVT 
HS65_LS_NAND3X50            2      34.320      0.089      1.139    CORE65LPSVT 
HS65_LS_NAND3X6            24      74.880      0.148      3.028    CORE65LPSVT 
HS65_LS_NAND4X27           10      83.200      0.226      4.817    CORE65LPSVT 
HS65_LS_NAND4X35            5      46.800      0.159      2.811    CORE65LPSVT 
HS65_LS_NOR2AX13          241    1002.560      2.176    100.661    CORE65LPSVT 
HS65_LS_NOR2AX19           34     194.480      0.364      7.028    CORE65LPSVT 
HS65_LS_NOR2AX25            3      20.280      0.046      0.643    CORE65LPSVT 
HS65_LS_NOR2AX3          1698    4414.800      4.358    161.644    CORE65LPSVT 
HS65_LS_NOR2AX6           262     817.440      1.129     58.957    CORE65LPSVT 
HS65_LS_NOR2X13           477    1736.280      3.162     94.079    CORE65LPSVT 
HS65_LS_NOR2X19           167     868.400      1.700     36.796    CORE65LPSVT 
HS65_LS_NOR2X25            68     424.320      1.012     18.257    CORE65LPSVT 
HS65_LS_NOR2X38            45     397.800      0.975     16.340    CORE65LPSVT 
HS65_LS_NOR2X50             3      35.880      0.107      1.753    CORE65LPSVT 
HS65_LS_NOR2X6           3564    7413.120      9.996    316.469    CORE65LPSVT 
HS65_LS_NOR2X9              7      25.480      0.035      1.043    CORE65LPSVT 
HS65_LS_NOR3X13             1       6.760      0.011      0.383    CORE65LPSVT 
HS65_LS_NOR3X4             71     184.600      0.164     10.153    CORE65LPSVT 
HS65_LS_NOR3X9              5      23.400      0.034      2.344    CORE65LPSVT 
HS65_LS_OA112X9           106     440.960      0.602     22.515    CORE65LPSVT 
HS65_LS_OA12X18            38     158.080      0.438     13.368    CORE65LPSVT 
HS65_LS_OA12X27            37     269.360      0.672     17.317    CORE65LPSVT 
HS65_LS_OA12X35             4      31.200      0.100      2.676    CORE65LPSVT 
HS65_LS_OA12X9            125     455.000      0.633     34.963    CORE65LPSVT 
HS65_LS_OA212X4            15      78.000      0.045      1.463    CORE65LPSVT 
HS65_LS_OA22X9              2       9.360      0.010      0.401    CORE65LPSVT 
HS65_LS_OA31X18             1       5.200      0.012      0.531    CORE65LPSVT 
HS65_LS_OA32X18             1       5.720      0.010      1.102    CORE65LPSVT 
HS65_LS_OAI112X11          10      62.400      0.034      3.080    CORE65LPSVT 
HS65_LS_OAI112X16           1       8.840      0.007      0.250    CORE65LPSVT 
HS65_LS_OAI112X5           55     200.200      0.060      9.801    CORE65LPSVT 
HS65_LS_OAI12X12          147     764.400      1.421     30.445    CORE65LPSVT 
HS65_LS_OAI12X18           69     466.440      1.183     18.611    CORE65LPSVT 
HS65_LS_OAI12X24           30     265.200      0.639     10.781    CORE65LPSVT 
HS65_LS_OAI12X3           288     748.800      0.638     18.812    CORE65LPSVT 
HS65_LS_OAI12X37           11     143.000      0.366      6.490    CORE65LPSVT 
HS65_LS_OAI12X5             3       9.360      0.009      0.297    CORE65LPSVT 
HS65_LS_OAI12X6           408    1272.960      1.886     68.732    CORE65LPSVT 
HS65_LS_OAI12X9             4      20.800      0.033      1.613    CORE65LPSVT 
HS65_LS_OAI13X10            1       6.240      0.013      0.361    CORE65LPSVT 
HS65_LS_OAI13X15            5      44.200      0.101      2.435    CORE65LPSVT 
HS65_LS_OAI13X20            1      11.960      0.028      0.590    CORE65LPSVT 
HS65_LS_OAI13X5             3      10.920      0.009      0.275    CORE65LPSVT 
HS65_LS_OAI211X4            1       3.640      0.001      0.163    CORE65LPSVT 
HS65_LS_OAI21X12           37     192.400      0.357     16.909    CORE65LPSVT 
HS65_LS_OAI21X18           35     236.600      0.506      8.454    CORE65LPSVT 
HS65_LS_OAI21X24           10      88.400      0.207      4.204    CORE65LPSVT 
HS65_LS_OAI21X3           916    2381.600      1.814     82.095    CORE65LPSVT 
HS65_LS_OAI21X37            1      13.000      0.032      0.755    CORE65LPSVT 
HS65_LS_OAI21X6            47     146.640      0.204     10.727    CORE65LPSVT 
HS65_LS_OAI21X9             7      36.400      0.047      2.744    CORE65LPSVT 
HS65_LS_OAI22X6            87     316.680      0.367     23.076    CORE65LPSVT 
HS65_LS_OAI311X10           8      62.400      0.119      6.520    CORE65LPSVT 
HS65_LS_OAI311X5            2       8.320      0.014      0.697    CORE65LPSVT 
HS65_LS_OAI32X14           26     283.920      0.396     34.544    CORE65LPSVT 
HS65_LS_OAI32X5             3      12.480      0.013      1.366    CORE65LPSVT 
HS65_LS_OAI32X9            31     241.800      0.299     29.079    CORE65LPSVT 
HS65_LS_OR2ABX18            5      20.800      0.041      0.785    CORE65LPSVT 
HS65_LS_OR2ABX27            2      11.440      0.024      0.542    CORE65LPSVT 
HS65_LS_OR2X18            137     498.680      1.253     52.995    CORE65LPSVT 
HS65_LS_OR2X27             14      80.080      0.204      7.278    CORE65LPSVT 
HS65_LS_OR2X35              2      12.480      0.044      0.991    CORE65LPSVT 
HS65_LS_OR2X9             867    2705.040      3.861    164.608    CORE65LPSVT 
HS65_LS_OR3X9              17      61.880      0.062      1.718    CORE65LPSVT 
HS65_LS_OR4X14              5      36.400      0.069      1.234    CORE65LPSVT 
HS65_LS_OR4X21              3      34.320      0.069      1.102    CORE65LPSVT 
HS65_LS_PAO2X18            70     400.400      0.803     49.209    CORE65LPSVT 
HS65_LS_PAO2X27             3      29.640      0.050      1.765    CORE65LPSVT 
HS65_LS_PAO2X9           1372    6420.960      6.278    596.463    CORE65LPSVT 
HS65_LS_PAOI2X1           201     731.640      0.250     21.126    CORE65LPSVT 
HS65_LS_PAOI2X11           29     226.200      0.278     13.772    CORE65LPSVT 
HS65_LS_PAOI2X6           424    1763.840      1.719    103.342    CORE65LPSVT 
HS65_LS_PAOI2X8            17     132.600      0.105      7.237    CORE65LPSVT 
HS65_LS_XNOR2X18          685    4630.600     15.041    459.594    CORE65LPSVT 
HS65_LS_XNOR2X27           24     249.600      0.759     32.166    CORE65LPSVT 
HS65_LS_XNOR2X35            5      57.200      0.217      6.361    CORE65LPSVT 
HS65_LS_XNOR2X4            79     369.720      0.449     17.400    CORE65LPSVT 
HS65_LS_XNOR2X9           277    1440.400      2.709     93.106    CORE65LPSVT 
HS65_LS_XOR2X18           533    3603.080     11.707    400.572    CORE65LPSVT 
HS65_LS_XOR2X27           258    2683.200      8.237    236.436    CORE65LPSVT 
HS65_LS_XOR2X35           194    2219.360      8.507    236.451    CORE65LPSVT 
HS65_LS_XOR2X4            205     959.400      1.221     63.196    CORE65LPSVT 
HS65_LS_XOR2X9            642    3338.400      6.365    278.248    CORE65LPSVT 
HS65_LS_XOR3X18            30     343.200      0.470     21.357    CORE65LPSVT 
HS65_LS_XOR3X9            563    5269.680      4.109    174.744    CORE65LPSVT 
-------------------------------------------------------------------------------
total                   77575  458975.400    588.222  57608.463                


                                             Leakage  Leakage  Internal  Internal 
     Type      Instances    Area    Area % Power (uW) Power % Power (uW)  Power % 
----------------------------------------------------------------------------------
sequential          5594  58550.960   12.8     57.993     9.9  26960.591     46.8 
inverter           14837  28967.640    6.3     65.380    11.1   1269.245      2.2 
buffer               733   5038.800    1.1     21.658     3.7    406.756      0.7 
logic              56411 366418.000   79.8    443.191    75.3  28971.870     50.3 
physical_cells         0      0.000    0.0      0.000     0.0      0.000      0.0 
----------------------------------------------------------------------------------
total              77575 458975.400  100.0    588.222   100.0  57608.463    100.0 

