============================================================
  Generated by:           Genus(TM) Synthesis Solution 17.10-p007_1
  Generated on:           Feb 21 2020  02:12:46 pm
  Module:                 filter_regular
  Technology libraries:   CORE65LPSVT 
                          CLOCK65LPSVT 
                          physical_cells 
  Operating conditions:   _nominal_ 
  Interconnect mode:      global
  Area mode:              physical library
============================================================

                      Leakage   Dynamic    Total   
   Instance    Cells Power(uW) Power(uW) Power(uW) 
---------------------------------------------------
filter_regular 77575   588.222 96356.048 96944.270 
  S0[10].U0     2183    16.308  2164.684  2180.992 
  S0[9].U0      2176    16.052  2080.120  2096.173 
  S0[26].U0     2166    15.742  2045.885  2061.627 
  S0[0].U0      2175    15.616  1884.537  1900.153 
  S0[30].U0     2135    15.531  1840.252  1855.784 
  S0[29].U0     2148    15.502  1786.495  1801.998 
  S0[16].U0     2158    15.493  1865.746  1881.239 
  S0[2].U0      2169    15.453  1819.323  1834.776 
  S0[1].U0      2107    15.439  1866.406  1881.845 
  S0[8].U0      2161    15.390  1985.526  2000.916 
  S0[15].U0     2167    15.345  1861.497  1876.841 
  S0[18].U0     2164    15.333  1881.779  1897.112 
  S0[23].U0     2166    15.321  2001.183  2016.503 
  S0[24].U0     2158    15.298  1963.153  1978.451 
  S0[32].U0     2156    15.276  1748.322  1763.598 
  S0[11].U0     2158    15.275  2133.391  2148.666 
  S0[13].U0     2160    15.262  2031.573  2046.834 
  S0[5].U0      2166    15.250  1705.472  1720.722 
  S0[14].U0     2166    15.240  1944.184  1959.424 
  S0[20].U0     2168    15.157  1890.832  1905.989 
  S0[4].U0      2083    15.156  1716.704  1731.860 
  S0[6].U0      2151    15.143  1756.860  1772.004 
  S0[25].U0     2091    15.126  1997.927  2013.053 
  S0[21].U0     2174    15.121  1842.305  1857.426 
  S0[19].U0     2174    15.114  1824.563  1839.677 
  S0[7].U0      2079    15.113  1813.958  1829.071 
  S0[3].U0      2151    15.001  1754.728  1769.729 
  S0[12].U0     2108    14.996  2069.947  2084.943 
  S0[31].U0     2091    14.965  1732.016  1746.981 
  S0[27].U0     2153    14.887  1980.999  1995.886 
  S0[28].U0     2074    14.860  1868.373  1883.234 
  S0[22].U0     2084    14.772  1867.411  1882.183 
  S0[17].U0     2170    14.766  1775.864  1790.630 

