============================================================
  Generated by:           Genus(TM) Synthesis Solution 17.10-p007_1
  Generated on:           Feb 21 2020  02:12:44 pm
  Module:                 filter_regular
  Technology libraries:   CORE65LPSVT 
                          CLOCK65LPSVT 
                          physical_cells 
  Operating conditions:   _nominal_ 
  Interconnect mode:      global
  Area mode:              physical library
============================================================

                                     Leakage   Internal    Net        Dynamic          Total       
                                                                  (Internal+Net) (Leakage+Dynamic) 
           Instance           Cells Power(uW) Power(uW) Power(uW)    Power(uW)       Power(uW)     
---------------------------------------------------------------------------------------------------
filter_regular                77575   588.222 57608.463 38747.585      96356.048         96944.270 
  S0[10].U0                    2183    16.308  1054.835  1109.849       2164.684          2180.992 
    csa_tree_U..d_90_9_groupi    90     0.689    51.260    58.398        109.658           110.347 
    csa_tree_U..d_90_9_groupi    98     0.622    44.880    52.450         97.330            97.952 
    csa_tree_U..d_90_9_groupi    58     0.571    46.903    38.756         85.659            86.231 
    csa_tree_U..d_90_9_groupi    48     0.487    26.606    23.252         49.857            50.345 
    csa_tree_U..d_90_9_groupi    53     0.436    55.480    45.421        100.901           101.337 
    csa_tree_U..d_90_9_groupi    33     0.419    38.325    30.290         68.615            69.033 
    csa_tree_U..d_90_9_groupi    50     0.412    52.594    42.944         95.538            95.950 
    csa_tree_U..d_90_9_groupi    38     0.405    31.846    26.025         57.871            58.277 
    csa_tree_U..d_90_9_groupi    58     0.403    54.784    49.008        103.792           104.195 
    csa_tree_U..d_90_9_groupi    48     0.349    47.359    39.329         86.687            87.036 
    csa_tree_U..d_90_9_groupi    37     0.329    17.421    15.959         33.380            33.709 
    csa_tree_U..d_90_9_groupi    40     0.317    25.857    23.158         49.015            49.332 
    csa_tree_U..d_90_9_groupi    40     0.282    23.930    23.304         47.234            47.516 
    csa_tree_U..d_90_9_groupi    27     0.267    20.864    19.598         40.462            40.729 
    csa_tree_U..d_90_9_groupi    68     0.260    12.640    19.287         31.928            32.187 
    csa_tree_U..d_90_9_groupi    35     0.182    22.495    21.256         43.751            43.933 
    csa_tree_U..d_90_9_groupi    27     0.163    15.142    16.713         31.855            32.018 
    csa_tree_U..d_90_9_groupi    27     0.155    14.417    16.323         30.740            30.894 
    U_S4_add_90_9                23     0.124    13.881    10.337         24.217            24.342 
    U_S_44_add_63_8              23     0.117    11.934    10.866         22.800            22.917 
    U_S_15_add_63_8              21     0.117    16.032    12.535         28.567            28.683 
    U_S14_add_90_9               20     0.115    12.759     9.810         22.568            22.683 
    U_S_25_add_63_8              19     0.114    17.220    12.932         30.152            30.266 
    U_S95_add_63_8               19     0.114    16.607    12.210         28.817            28.931 
    U_S85_add_63_8               21     0.112    14.726    11.864         26.590            26.702 
    U_S_35_add_63_8              19     0.110    15.373    11.965         27.339            27.449 
  S0[9].U0                     2176    16.052  1009.191  1070.929       2080.120          2096.173 
    csa_tree_U..d_90_9_groupi    90     0.633    47.204    55.495        102.699           103.332 
    csa_tree_U..d_90_9_groupi    58     0.628    52.010    42.367         94.377            95.005 
    csa_tree_U..d_90_9_groupi    98     0.625    44.051    51.440         95.491            96.115 
    csa_tree_U..d_90_9_groupi    58     0.431    55.770    48.196        103.966           104.397 
    csa_tree_U..d_90_9_groupi    40     0.412    21.560    17.893         39.454            39.866 
    csa_tree_U..d_90_9_groupi    40     0.392    28.729    23.168         51.897            52.289 
    csa_tree_U..d_90_9_groupi    53     0.381    48.551    42.137         90.689            91.069 
    csa_tree_U..d_90_9_groupi    49     0.364    49.240    42.106         91.346            91.711 
    csa_tree_U..d_90_9_groupi    41     0.357    25.879    22.123         48.002            48.358 
    csa_tree_U..d_90_9_groupi    31     0.356    30.114    25.638         55.752            56.108 
    csa_tree_U..d_90_9_groupi    48     0.345    47.531    40.194         87.725            88.070 
    csa_tree_U..d_90_9_groupi    37     0.321    25.571    23.766         49.337            49.658 
    csa_tree_U..d_90_9_groupi    27     0.292    24.124    22.661         46.785            47.077 
    csa_tree_U..d_90_9_groupi    67     0.252    11.257    17.052         28.309            28.561 
    csa_tree_U..d_90_9_groupi    44     0.251    17.570    20.018         37.588            37.839 
    csa_tree_U..d_90_9_groupi    35     0.181    20.794    19.474         40.268            40.449 
    csa_tree_U..d_90_9_groupi    27     0.166    14.679    15.979         30.658            30.824 
    csa_tree_U..d_90_9_groupi    27     0.154    12.904    14.576         27.480            27.634 
    U_S_44_add_63_8              23     0.125    12.137    10.841         22.978            23.103 
    U_S4_add_90_9                22     0.124    12.535     9.799         22.335            22.459 
    U_S14_add_90_9               20     0.120    14.474    10.854         25.328            25.448 
    U_S85_add_63_8               21     0.116    14.860    11.433         26.293            26.409 
    U_S_15_add_63_8              21     0.116    14.403    11.064         25.467            25.583 
    U_S95_add_63_8               19     0.114    15.905    11.959         27.864            27.978 
    U_S_35_add_63_8              19     0.111    14.143    11.020         25.163            25.274 
    U_S_25_add_63_8              19     0.110    15.389    12.135         27.524            27.633 
  S0[26].U0                    2166    15.742   997.109  1048.776       2045.885          2061.627 
    csa_tree_U..d_90_9_groupi    90     0.695    51.438    58.542        109.980           110.676 
    csa_tree_U..d_90_9_groupi    58     0.658    51.138    41.112         92.250            92.908 
    csa_tree_U..d_90_9_groupi    98     0.621    40.807    47.682         88.489            89.109 
    csa_tree_U..d_90_9_groupi    60     0.518    65.200    52.600        117.800           118.318 
    csa_tree_U..d_90_9_groupi    48     0.434    57.487    45.076        102.562           102.996 
    csa_tree_U..d_90_9_groupi    31     0.397    34.088    26.456         60.544            60.942 
    csa_tree_U..d_90_9_groupi    27     0.383    26.043    21.533         47.575            47.958 
    csa_tree_U..d_90_9_groupi    53     0.376    48.046    42.629         90.674            91.050 
    csa_tree_U..d_90_9_groupi    38     0.374    28.270    25.687         53.957            54.331 
    csa_tree_U..d_90_9_groupi    49     0.329    41.671    37.428         79.100            79.428 
    csa_tree_U..d_90_9_groupi    40     0.272    21.604    20.970         42.573            42.845 
    csa_tree_U..d_90_9_groupi    37     0.271    13.172    12.632         25.804            26.076 
    csa_tree_U..d_90_9_groupi    68     0.260     9.583    14.748         24.331            24.591 
    csa_tree_U..d_90_9_groupi    38     0.245    21.601    22.334         43.934            44.179 
    csa_tree_U..d_90_9_groupi    44     0.226    18.181    21.102         39.283            39.510 
    csa_tree_U..d_90_9_groupi    35     0.186    21.554    20.182         41.736            41.922 
    csa_tree_U..d_90_9_groupi    27     0.158    14.304    15.986         30.290            30.448 
    csa_tree_U..d_90_9_groupi    27     0.154    13.433    15.276         28.708            28.862 
    U_S14_add_90_9               22     0.144    15.720    11.226         26.946            27.090 
    U_S4_add_90_9                21     0.141    13.572     9.535         23.107            23.248 
    U_S85_add_63_8               20     0.124    15.628    11.579         27.206            27.331 
    U_S_15_add_63_8              20     0.124    15.263    11.291         26.554            26.679 
    U_S_25_add_63_8              19     0.123    16.629    11.838         28.468            28.591 
    U_S_44_add_63_8              23     0.121    11.371    10.744         22.114            22.235 
    U_S_35_add_63_8              18     0.113    14.878    11.295         26.173            26.286 
    U_S95_add_63_8               19     0.103    12.857    10.640         23.498            23.600 
  S0[0].U0                     2175    15.616   910.739   973.798       1884.537          1900.153 
    csa_tree_U..d_90_9_groupi    55     0.639    45.987    37.198         83.185            83.824 
    csa_tree_U..d_90_9_groupi    90     0.623    38.249    46.370         84.619            85.242 
    csa_tree_U..d_90_9_groupi    98     0.596    38.270    43.468         81.738            82.334 
    csa_tree_U..d_90_9_groupi    59     0.454    53.318    46.294         99.612           100.067 
    csa_tree_U..d_90_9_groupi    48     0.418    52.449    41.476         93.925            94.343 
    csa_tree_U..d_90_9_groupi    53     0.388    44.772    38.971         83.743            84.131 
    csa_tree_U..d_90_9_groupi    31     0.383    29.402    23.410         52.812            53.196 
    csa_tree_U..d_90_9_groupi    49     0.350    39.735    33.775         73.510            73.860 
    csa_tree_U..d_90_9_groupi    27     0.328    24.818    19.739         44.556            44.884 
    csa_tree_U..d_90_9_groupi    40     0.321    20.777    18.226         39.003            39.324 
    csa_tree_U..d_90_9_groupi    37     0.312    22.699    21.741         44.440            44.752 
    csa_tree_U..d_90_9_groupi    37     0.291    14.035    13.176         27.211            27.502 
    csa_tree_U..d_90_9_groupi    40     0.285    19.562    18.111         37.673            37.958 
    csa_tree_U..d_90_9_groupi    68     0.271    11.151    16.466         27.617            27.888 
    csa_tree_U..d_90_9_groupi    44     0.236    15.106    17.426         32.532            32.768 
    csa_tree_U..d_90_9_groupi    35     0.182    18.093    16.976         35.070            35.251 
    csa_tree_U..d_90_9_groupi    27     0.168    12.231    13.183         25.414            25.582 
    csa_tree_U..d_90_9_groupi    27     0.159    12.197    13.776         25.973            26.132 
    U_S85_add_63_8               23     0.121    14.954    11.705         26.659            26.780 
    U_S14_add_90_9               20     0.120    12.376     9.334         21.710            21.830 
    U_S_44_add_63_8              23     0.119    10.082     9.406         19.488            19.607 
    U_S_15_add_63_8              23     0.115    14.201    11.253         25.454            25.569 
    U_S95_add_63_8               19     0.114    13.492     9.950         23.442            23.556 
    U_S_25_add_63_8              19     0.114    13.317     9.820         23.137            23.251 
    U_S4_add_90_9                21     0.111    10.422     8.125         18.547            18.658 
    U_S_35_add_63_8              19     0.108    11.402     8.607         20.009            20.117 
  S0[30].U0                    2135    15.531   896.267   943.986       1840.252          1855.784 
    csa_tree_U..d_90_9_groupi    55     0.749    53.043    40.749         93.792            94.540 
    csa_tree_U..d_90_9_groupi    97     0.625    40.156    45.461         85.617            86.242 
    csa_tree_U..d_90_9_groupi    91     0.612    40.044    47.789         87.833            88.445 
    csa_tree_U..d_90_9_groupi    60     0.518    57.249    44.437        101.686           102.205 
    csa_tree_U..d_90_9_groupi    48     0.443    50.047    37.599         87.647            88.090 
    csa_tree_U..d_90_9_groupi    31     0.393    31.786    26.143         57.929            58.322 
    csa_tree_U..d_90_9_groupi    54     0.388    44.134    39.093         83.227            83.615 
    csa_tree_U..d_90_9_groupi    49     0.370    41.048    34.059         75.108            75.477 
    csa_tree_U..d_90_9_groupi    37     0.321    23.630    22.209         45.840            46.160 
    csa_tree_U..d_90_9_groupi    27     0.316    20.591    17.430         38.020            38.336 
    csa_tree_U..d_90_9_groupi    40     0.290    19.300    18.093         37.393            37.683 
    csa_tree_U..d_90_9_groupi    37     0.288    12.146    12.046         24.192            24.480 
    csa_tree_U..d_90_9_groupi    68     0.261    10.454    15.803         26.257            26.518 
    csa_tree_U..d_90_9_groupi    44     0.258    16.614    18.399         35.013            35.271 
    csa_tree_U..d_90_9_groupi    38     0.254    19.401    19.415         38.816            39.070 
    csa_tree_U..d_90_9_groupi    35     0.197    19.040    17.174         36.214            36.411 
    csa_tree_U..d_90_9_groupi    27     0.158    11.773    13.301         25.075            25.233 
    csa_tree_U..d_90_9_groupi    27     0.154    11.695    13.277         24.971            25.126 
    U_S14_add_90_9               20     0.119    12.218     9.033         21.251            21.370 
    U_S85_add_63_8               21     0.117    13.837    10.848         24.685            24.802 
    U_S_15_add_63_8              21     0.116    12.900    10.341         23.240            23.356 
    U_S_44_add_63_8              23     0.116    10.057     9.304         19.361            19.477 
    U_S95_add_63_8               19     0.114    12.769     9.476         22.244            22.358 
    U_S4_add_90_9                20     0.113    10.067     7.645         17.712            17.825 
    U_S_25_add_63_8              19     0.113    14.106    10.970         25.077            25.189 
    U_S_35_add_63_8              19     0.111    12.202     9.554         21.756            21.867 
  S0[29].U0                    2148    15.502   864.626   921.870       1786.495          1801.998 
    csa_tree_U..d_90_9_groupi    55     0.685    44.461    33.919         78.379            79.065 
    csa_tree_U..d_90_9_groupi    89     0.637    38.370    44.680         83.050            83.687 
    csa_tree_U..d_90_9_groupi    96     0.587    33.443    37.950         71.394            71.981 
    csa_tree_U..d_90_9_groupi    58     0.414    47.721    42.280         90.002            90.415 
    csa_tree_U..d_90_9_groupi    31     0.395    27.818    21.809         49.627            50.023 
    csa_tree_U..d_90_9_groupi    53     0.385    44.654    38.948         83.602            83.988 
    csa_tree_U..d_90_9_groupi    48     0.367    42.973    35.368         78.341            78.708 
    csa_tree_U..d_90_9_groupi    37     0.340    21.767    20.441         42.209            42.548 
    csa_tree_U..d_90_9_groupi    49     0.328    36.159    32.899         69.058            69.387 
    csa_tree_U..d_90_9_groupi    27     0.328    22.848    19.450         42.297            42.626 
    csa_tree_U..d_90_9_groupi    37     0.290    16.252    15.253         31.505            31.796 
    csa_tree_U..d_90_9_groupi    68     0.275    12.344    17.917         30.261            30.536 
    csa_tree_U..d_90_9_groupi    38     0.254    18.673    18.976         37.649            37.903 
    csa_tree_U..d_90_9_groupi    39     0.250    17.294    18.093         35.388            35.638 
    csa_tree_U..d_90_9_groupi    44     0.236    15.195    17.271         32.467            32.703 
    csa_tree_U..d_90_9_groupi    35     0.177    17.900    17.458         35.358            35.535 
    csa_tree_U..d_90_9_groupi    27     0.158    12.564    14.202         26.766            26.924 
    csa_tree_U..d_90_9_groupi    27     0.154    11.186    12.622         23.809            23.963 
    U_S14_add_90_9               20     0.126    12.054     8.869         20.923            21.049 
    U_S_15_add_63_8              20     0.123    12.572     9.159         21.731            21.854 
    U_S85_add_63_8               20     0.122    13.157     9.906         23.064            23.186 
    U_S_44_add_63_8              23     0.117    11.306    10.236         21.542            21.659 
    U_S4_add_90_9                21     0.116    11.435     8.823         20.259            20.375 
    U_S95_add_63_8               19     0.114    13.109     9.707         22.817            22.931 
    U_S_25_add_63_8              19     0.114    13.970    10.599         24.569            24.683 
    U_S_35_add_63_8              19     0.112    11.511     8.744         20.255            20.367 
  S0[16].U0                    2158    15.493   897.229   968.517       1865.746          1881.239 
    csa_tree_U..d_90_9_groupi    98     0.676    41.751    45.653         87.404            88.080 
    csa_tree_U..d_90_9_groupi    90     0.652    46.718    54.457        101.174           101.826 
    csa_tree_U..d_90_9_groupi    58     0.618    45.531    37.409         82.940            83.558 
    csa_tree_U..d_90_9_groupi    58     0.409    49.491    44.415         93.907            94.315 
    csa_tree_U..d_90_9_groupi    31     0.370    29.682    24.772         54.454            54.824 
    csa_tree_U..d_90_9_groupi    53     0.368    42.653    38.604         81.257            81.625 
    csa_tree_U..d_90_9_groupi    37     0.339    24.400    22.265         46.665            47.005 
    csa_tree_U..d_90_9_groupi    49     0.333    40.599    36.356         76.956            77.289 
    csa_tree_U..d_90_9_groupi    27     0.317    23.071    19.186         42.257            42.574 
    csa_tree_U..d_90_9_groupi    37     0.316    13.975    12.557         26.532            26.848 
    csa_tree_U..d_90_9_groupi    48     0.315    38.488    34.343         72.831            73.146 
    csa_tree_U..d_90_9_groupi    68     0.280    10.454    15.198         25.652            25.932 
    csa_tree_U..d_90_9_groupi    38     0.259    18.428    18.735         37.163            37.422 
    csa_tree_U..d_90_9_groupi    39     0.254    17.661    18.209         35.870            36.124 
    csa_tree_U..d_90_9_groupi    44     0.251    15.951    17.924         33.875            34.126 
    csa_tree_U..d_90_9_groupi    35     0.177    18.245    17.588         35.833            36.010 
    csa_tree_U..d_90_9_groupi    27     0.159    11.786    12.972         24.758            24.917 
    csa_tree_U..d_90_9_groupi    27     0.158    11.471    12.941         24.412            24.570 
    U_S14_add_90_9               20     0.120    12.710     9.335         22.045            22.164 
    U_S_15_add_63_8              20     0.118    12.653     9.607         22.260            22.378 
    U_S_25_add_63_8              19     0.118    15.619    11.300         26.919            27.037 
    U_S_44_add_63_8              23     0.118    10.539     9.876         20.414            20.532 
    U_S4_add_90_9                23     0.115    10.545     8.395         18.940            19.055 
    U_S95_add_63_8               19     0.114    13.844    10.703         24.547            24.661 
    U_S85_add_63_8               21     0.112    13.818    11.014         24.832            24.945 
    U_S_35_add_63_8              18     0.106    11.806     9.040         20.847            20.953 
  S0[2].U0                     2169    15.453   875.926   943.397       1819.323          1834.776 
    csa_tree_U..d_90_9_groupi    90     0.706    43.054    47.830         90.885            91.591 
    csa_tree_U..d_90_9_groupi    98     0.611    37.969    42.793         80.762            81.373 
    csa_tree_U..d_90_9_groupi    58     0.578    40.091    34.640         74.731            75.309 
    csa_tree_U..d_90_9_groupi    58     0.404    51.490    46.364         97.854            98.257 
    csa_tree_U..d_90_9_groupi    53     0.390    43.686    37.255         80.942            81.332 
    csa_tree_U..d_90_9_groupi    31     0.379    27.753    23.554         51.308            51.686 
    csa_tree_U..d_90_9_groupi    49     0.361    40.466    34.801         75.267            75.629 
    csa_tree_U..d_90_9_groupi    37     0.339    23.690    20.906         44.596            44.935 
    csa_tree_U..d_90_9_groupi    48     0.329    39.399    34.368         73.767            74.097 
    csa_tree_U..d_90_9_groupi    27     0.323    23.207    19.458         42.666            42.988 
    csa_tree_U..d_90_9_groupi    37     0.290    13.129    12.710         25.839            26.129 
    csa_tree_U..d_90_9_groupi    68     0.270    10.886    16.564         27.450            27.720 
    csa_tree_U..d_90_9_groupi    38     0.269    20.943    20.339         41.283            41.551 
    csa_tree_U..d_90_9_groupi    44     0.258    16.806    18.700         35.506            35.764 
    csa_tree_U..d_90_9_groupi    39     0.255    17.389    17.670         35.059            35.314 
    csa_tree_U..d_90_9_groupi    35     0.182    17.745    16.868         34.613            34.794 
    csa_tree_U..d_90_9_groupi    27     0.167    12.283    13.311         25.594            25.762 
    csa_tree_U..d_90_9_groupi    27     0.163    13.240    14.718         27.957            28.120 
    U_S_44_add_63_8              23     0.120    10.346     9.443         19.789            19.909 
    U_S85_add_63_8               23     0.120    13.645    10.635         24.280            24.400 
    U_S14_add_90_9               20     0.120    11.909     9.060         20.970            21.090 
    U_S_15_add_63_8              23     0.116    13.219    10.271         23.490            23.606 
    U_S95_add_63_8               19     0.114    13.434     9.976         23.409            23.524 
    U_S_25_add_63_8              19     0.113    13.486     9.736         23.222            23.336 
    U_S4_add_90_9                21     0.110     9.981     7.970         17.951            18.061 
    U_S_35_add_63_8              19     0.108    11.915     9.235         21.150            21.258 
  S0[1].U0                     2107    15.439   908.798   957.608       1866.406          1881.845 
    csa_tree_U..d_90_9_groupi    54     0.644    47.202    37.755         84.957            85.601 
    csa_tree_U..d_90_9_groupi    90     0.625    41.319    49.461         90.781            91.405 
    csa_tree_U..d_90_9_groupi    48     0.492    35.068    31.154         66.222            66.713 
    csa_tree_U..d_90_9_groupi    55     0.427    51.189    43.394         94.583            95.010 
    csa_tree_U..d_90_9_groupi    53     0.387    46.543    40.597         87.140            87.527 
    csa_tree_U..d_90_9_groupi    39     0.370    16.740    14.995         31.735            32.105 
    csa_tree_U..d_90_9_groupi    41     0.351    22.660    19.202         41.862            42.213 
    csa_tree_U..d_90_9_groupi    40     0.348    23.788    19.983         43.771            44.119 
    csa_tree_U..d_90_9_groupi    51     0.344    43.071    37.626         80.697            81.041 
    csa_tree_U..d_90_9_groupi    31     0.344    27.282    23.400         50.682            51.026 
    csa_tree_U..d_90_9_groupi    49     0.338    40.157    36.015         76.172            76.510 
    csa_tree_U..d_90_9_groupi    27     0.328    23.722    19.643         43.365            43.693 
    csa_tree_U..d_90_9_groupi    37     0.323    25.523    22.767         48.290            48.613 
    csa_tree_U..d_90_9_groupi    68     0.270    10.973    15.964         26.937            27.208 
    csa_tree_U..d_90_9_groupi    44     0.236    15.771    18.375         34.147            34.383 
    csa_tree_U..d_90_9_groupi    35     0.182    18.500    17.400         35.901            36.082 
    csa_tree_U..d_90_9_groupi    27     0.168    13.490    14.701         28.191            28.359 
    csa_tree_U..d_90_9_groupi    27     0.163    12.069    13.330         25.398            25.562 
    U_S85_add_63_8               23     0.122    15.303    11.730         27.033            27.154 
    U_S_44_add_63_8              23     0.120     9.931     9.389         19.320            19.440 
    U_S14_add_90_9               20     0.118    11.494     8.268         19.761            19.880 
    U_S_15_add_63_8              23     0.116    13.847    10.781         24.629            24.745 
    U_S_25_add_63_8              19     0.114    14.868    10.954         25.822            25.936 
    U_S95_add_63_8               19     0.114    14.025    10.485         24.510            24.623 
    U_S4_add_90_9                21     0.112    10.550     8.349         18.899            19.011 
    U_S_35_add_63_8              19     0.107    11.739     8.861         20.600            20.708 
  S0[8].U0                     2161    15.390   960.904  1024.622       1985.526          2000.916 
    csa_tree_U..d_90_9_groupi    90     0.671    44.023    50.188         94.211            94.881 
    csa_tree_U..d_90_9_groupi    58     0.629    48.871    39.718         88.589            89.218 
    csa_tree_U..d_90_9_groupi    98     0.589    37.634    46.821         84.455            85.044 
    csa_tree_U..d_90_9_groupi    58     0.462    58.698    48.725        107.422           107.884 
    csa_tree_U..d_90_9_groupi    48     0.418    55.524    45.042        100.565           100.983 
    csa_tree_U..d_90_9_groupi    31     0.397    32.232    24.903         57.136            57.532 
    csa_tree_U..d_90_9_groupi    53     0.367    45.557    40.978         86.535            86.902 
    csa_tree_U..d_90_9_groupi    37     0.334    24.752    22.844         47.596            47.931 
    csa_tree_U..d_90_9_groupi    49     0.329    43.059    38.764         81.823            82.152 
    csa_tree_U..d_90_9_groupi    27     0.315    25.065    21.042         46.107            46.422 
    csa_tree_U..d_90_9_groupi    37     0.305    17.090    16.032         33.122            33.427 
    csa_tree_U..d_90_9_groupi    68     0.273    10.457    15.843         26.300            26.573 
    csa_tree_U..d_90_9_groupi    38     0.259    20.107    19.897         40.004            40.263 
    csa_tree_U..d_90_9_groupi    39     0.255    19.261    19.702         38.963            39.218 
    csa_tree_U..d_90_9_groupi    44     0.251    16.724    18.915         35.639            35.890 
    csa_tree_U..d_90_9_groupi    35     0.186    19.782    18.612         38.394            38.580 
    csa_tree_U..d_90_9_groupi    27     0.158    13.786    15.354         29.140            29.298 
    csa_tree_U..d_90_9_groupi    27     0.153    12.932    14.623         27.555            27.708 
    U_S_44_add_63_8              23     0.122    11.696    10.651         22.347            22.469 
    U_S14_add_90_9               20     0.120    13.067     9.723         22.790            22.911 
    U_S_15_add_63_8              21     0.117    15.803    12.389         28.192            28.309 
    U_S85_add_63_8               21     0.117    15.820    12.235         28.055            28.172 
    U_S4_add_90_9                21     0.115    11.427     8.837         20.264            20.379 
    U_S95_add_63_8               19     0.114    15.607    11.676         27.284            27.397 
    U_S_35_add_63_8              18     0.108    13.144    10.360         23.504            23.612 
    U_S_25_add_63_8              19     0.107    15.549    12.437         27.986            28.093 
  S0[15].U0                    2167    15.345   892.853   968.643       1861.497          1876.841 
    csa_tree_U..d_90_9_groupi    90     0.653    41.789    49.719         91.508            92.161 
    csa_tree_U..d_90_9_groupi    98     0.608    37.523    42.784         80.307            80.914 
    csa_tree_U..d_90_9_groupi    58     0.572    37.651    32.308         69.959            70.531 
    csa_tree_U..d_90_9_groupi    58     0.417    51.661    45.003         96.664            97.081 
    csa_tree_U..d_90_9_groupi    49     0.369    43.842    36.714         80.556            80.925 
    csa_tree_U..d_90_9_groupi    53     0.368    45.103    41.458         86.561            86.929 
    csa_tree_U..d_90_9_groupi    31     0.357    30.150    25.310         55.460            55.817 
    csa_tree_U..d_90_9_groupi    48     0.327    40.551    35.614         76.165            76.492 
    csa_tree_U..d_90_9_groupi    27     0.317    20.476    17.563         38.039            38.356 
    csa_tree_U..d_90_9_groupi    37     0.316    20.511    19.384         39.895            40.211 
    csa_tree_U..d_90_9_groupi    40     0.311    23.803    21.209         45.012            45.323 
    csa_tree_U..d_90_9_groupi    37     0.290    13.701    13.242         26.943            27.233 
    csa_tree_U..d_90_9_groupi    40     0.290    20.187    19.662         39.849            40.139 
    csa_tree_U..d_90_9_groupi    68     0.280    13.058    19.075         32.132            32.412 
    csa_tree_U..d_90_9_groupi    44     0.253    16.258    18.392         34.650            34.903 
    csa_tree_U..d_90_9_groupi    35     0.177    19.874    19.241         39.114            39.291 
    csa_tree_U..d_90_9_groupi    27     0.159    12.762    14.311         27.072            27.231 
    csa_tree_U..d_90_9_groupi    27     0.158    13.047    14.612         27.659            27.817 
    U_S14_add_90_9               20     0.119    12.277     9.265         21.542            21.661 
    U_S85_add_63_8               21     0.118    13.577    10.402         23.979            24.097 
    U_S_44_add_63_8              23     0.118    11.356    10.426         21.782            21.900 
    U_S_15_add_63_8              21     0.118    13.163     9.993         23.156            23.273 
    U_S4_add_90_9                23     0.115     9.631     7.541         17.173            17.288 
    U_S95_add_63_8               19     0.114    13.676    10.226         23.902            24.017 
    U_S_35_add_63_8              19     0.111    13.044    10.273         23.317            23.428 
    U_S_25_add_63_8              19     0.108    14.233    11.549         25.782            25.890 
  S0[18].U0                    2164    15.333   903.272   978.507       1881.779          1897.112 
    csa_tree_U..d_90_9_groupi    90     0.655    46.340    53.300         99.640           100.296 
    csa_tree_U..d_90_9_groupi    58     0.609    47.768    41.020         88.788            89.397 
    csa_tree_U..d_90_9_groupi    98     0.606    41.808    47.787         89.595            90.201 
    csa_tree_U..d_90_9_groupi    32     0.437    35.452    26.006         61.458            61.895 
    csa_tree_U..d_90_9_groupi    58     0.373    46.059    41.650         87.709            88.082 
    csa_tree_U..d_90_9_groupi    53     0.367    45.737    41.074         86.812            87.179 
    csa_tree_U..d_90_9_groupi    48     0.327    39.655    34.071         73.726            74.053 
    csa_tree_U..d_90_9_groupi    49     0.323    38.806    35.813         74.619            74.942 
    csa_tree_U..d_90_9_groupi    27     0.317    23.172    18.952         42.124            42.441 
    csa_tree_U..d_90_9_groupi    37     0.315    22.253    20.596         42.849            43.165 
    csa_tree_U..d_90_9_groupi    37     0.288    13.203    12.745         25.948            26.236 
    csa_tree_U..d_90_9_groupi    68     0.270    11.019    16.910         27.929            28.199 
    csa_tree_U..d_90_9_groupi    39     0.259    19.125    19.198         38.322            38.581 
    csa_tree_U..d_90_9_groupi    38     0.259    20.747    20.531         41.278            41.537 
    csa_tree_U..d_90_9_groupi    44     0.251    16.864    19.103         35.968            36.218 
    csa_tree_U..d_90_9_groupi    35     0.176    19.716    19.013         38.728            38.905 
    csa_tree_U..d_90_9_groupi    27     0.159    13.283    15.097         28.380            28.539 
    csa_tree_U..d_90_9_groupi    27     0.158    13.332    14.861         28.192            28.351 
    U_S14_add_90_9               20     0.119    11.996     8.934         20.930            21.049 
    U_S_44_add_63_8              23     0.119     9.936     9.331         19.267            19.385 
    U_S_15_add_63_8              21     0.118    14.023    10.807         24.830            24.947 
    U_S85_add_63_8               21     0.116    13.603    10.358         23.961            24.077 
    U_S4_add_90_9                23     0.114    10.480     8.635         19.116            19.229 
    U_S95_add_63_8               19     0.114    13.827    10.226         24.054            24.167 
    U_S_35_add_63_8              19     0.110    11.306     8.879         20.185            20.296 
    U_S_25_add_63_8              19     0.108    14.528    11.622         26.150            26.258 
  S0[23].U0                    2166    15.321   975.285  1025.898       2001.183          2016.503 
    csa_tree_U..d_90_9_groupi    90     0.720    54.455    59.294        113.749           114.469 
    csa_tree_U..d_90_9_groupi    58     0.650    53.478    42.640         96.118            96.768 
    csa_tree_U..d_90_9_groupi    98     0.625    45.173    52.658         97.831            98.455 
    csa_tree_U..d_90_9_groupi    50     0.500    60.028    45.340        105.368           105.868 
    csa_tree_U..d_90_9_groupi    60     0.489    58.930    47.963        106.893           107.382 
    csa_tree_U..d_90_9_groupi    31     0.426    34.284    26.554         60.838            61.264 
    csa_tree_U..d_90_9_groupi    54     0.389    47.241    41.042         88.283            88.672 
    csa_tree_U..d_90_9_groupi    37     0.380    27.716    23.680         51.396            51.776 
    csa_tree_U..d_90_9_groupi    49     0.362    42.571    36.384         78.954            79.316 
    csa_tree_U..d_90_9_groupi    27     0.348    28.865    23.931         52.795            53.144 
    csa_tree_U..d_90_9_groupi    37     0.283    14.075    13.617         27.691            27.975 
    csa_tree_U..d_90_9_groupi    68     0.267    11.173    16.493         27.666            27.933 
    csa_tree_U..d_90_9_groupi    44     0.246    16.551    18.613         35.164            35.410 
    csa_tree_U..d_90_9_groupi    39     0.245    17.507    18.293         35.800            36.046 
    csa_tree_U..d_90_9_groupi    38     0.240    17.124    17.927         35.050            35.290 
    csa_tree_U..d_90_9_groupi    35     0.200    23.054    19.924         42.978            43.178 
    csa_tree_U..d_90_9_groupi    27     0.158    11.868    13.395         25.263            25.421 
    csa_tree_U..d_90_9_groupi    27     0.158    11.962    13.510         25.473            25.631 
    U_S14_add_90_9               20     0.136    13.123     9.296         22.419            22.555 
    U_S85_add_63_8               21     0.132    15.333    11.082         26.415            26.547 
    U_S_15_add_63_8              21     0.132    14.618    10.664         25.281            25.413 
    U_S4_add_90_9                21     0.130    11.997     8.748         20.745            20.875 
    U_S_25_add_63_8              19     0.126    13.444     9.703         23.147            23.273 
    U_S_44_add_63_8              23     0.122    10.891    10.226         21.116            21.238 
    U_S95_add_63_8               19     0.112    13.782    10.779         24.561            24.673 
    U_S_35_add_63_8              18     0.109    11.989     8.964         20.954            21.063 
  S0[24].U0                    2158    15.298   951.256  1011.897       1963.153          1978.451 
    csa_tree_U..d_90_9_groupi    58     0.637    49.906    40.474         90.380            91.017 
    csa_tree_U..d_90_9_groupi    98     0.607    41.224    47.210         88.434            89.041 
    csa_tree_U..d_90_9_groupi    90     0.568    39.500    50.532         90.031            90.600 
    csa_tree_U..d_90_9_groupi    59     0.438    53.061    46.565         99.626           100.064 
    csa_tree_U..d_90_9_groupi    56     0.430    51.205    43.898         95.103            95.533 
    csa_tree_U..d_90_9_groupi    49     0.409    53.494    42.932         96.426            96.834 
    csa_tree_U..d_90_9_groupi    50     0.374    44.302    38.176         82.477            82.851 
    csa_tree_U..d_90_9_groupi    31     0.365    27.802    23.014         50.816            51.181 
    csa_tree_U..d_90_9_groupi    38     0.349    17.902    15.413         33.316            33.664 
    csa_tree_U..d_90_9_groupi    27     0.280    22.764    20.739         43.503            43.782 
    csa_tree_U..d_90_9_groupi    41     0.279    19.804    20.138         39.941            40.220 
    csa_tree_U..d_90_9_groupi    39     0.276    20.555    19.665         40.221            40.496 
    csa_tree_U..d_90_9_groupi    68     0.259    12.157    18.532         30.689            30.948 
    csa_tree_U..d_90_9_groupi    37     0.258    20.933    21.764         42.697            42.956 
    csa_tree_U..d_90_9_groupi    44     0.246    17.082    19.096         36.178            36.423 
    csa_tree_U..d_90_9_groupi    37     0.231    21.721    19.580         41.301            41.532 
    csa_tree_U..d_90_9_groupi    27     0.172    13.703    14.692         28.395            28.567 
    csa_tree_U..d_90_9_groupi    27     0.168    13.259    14.203         27.462            27.630 
    U_S14_add_90_9               20     0.134    13.443     9.472         22.915            23.049 
    U_S95_add_63_8               19     0.124    15.115    10.935         26.050            26.174 
    U_S_15_add_63_8              20     0.123    14.701    10.992         25.693            25.817 
    U_S85_add_63_8               20     0.123    15.401    11.600         27.001            27.124 
    U_S_44_add_63_8              23     0.123    11.545    10.625         22.170            22.292 
    U_S4_add_90_9                21     0.122    12.763     9.894         22.657            22.779 
    U_S_25_add_63_8              19     0.121    16.297    11.656         27.953            28.074 
    U_S_35_add_63_8              18     0.109    11.537     8.959         20.496            20.605 
  S0[32].U0                    2156    15.276   839.837   908.486       1748.322          1763.598 
    csa_tree_U..d_90_9_groupi    56     0.651    45.081    34.604         79.685            80.336 
    csa_tree_U..d_90_9_groupi    89     0.615    38.824    46.492         85.316            85.931 
    csa_tree_U..d_90_9_groupi    96     0.613    34.499    38.105         72.604            73.217 
    csa_tree_U..d_90_9_groupi    58     0.454    53.867    45.327         99.195            99.648 
    csa_tree_U..d_90_9_groupi    53     0.361    40.370    36.350         76.719            77.081 
    csa_tree_U..d_90_9_groupi    31     0.352    27.032    22.584         49.616            49.968 
    csa_tree_U..d_90_9_groupi    49     0.328    38.860    35.077         73.937            74.266 
    csa_tree_U..d_90_9_groupi    27     0.328    20.979    18.075         39.053            39.381 
    csa_tree_U..d_90_9_groupi    48     0.324    37.496    33.135         70.630            70.954 
    csa_tree_U..d_90_9_groupi    37     0.317    13.043    12.442         25.485            25.803 
    csa_tree_U..d_90_9_groupi    37     0.315    21.536    19.933         41.469            41.784 
    csa_tree_U..d_90_9_groupi    68     0.266     9.999    15.262         25.261            25.527 
    csa_tree_U..d_90_9_groupi    38     0.264    17.587    17.571         35.158            35.421 
    csa_tree_U..d_90_9_groupi    39     0.255    16.610    17.164         33.775            34.029 
    csa_tree_U..d_90_9_groupi    44     0.251    16.023    18.102         34.125            34.376 
    csa_tree_U..d_90_9_groupi    35     0.191    18.969    17.312         36.281            36.472 
    csa_tree_U..d_90_9_groupi    27     0.159    10.918    12.152         23.071            23.229 
    csa_tree_U..d_90_9_groupi    27     0.154    11.382    12.977         24.359            24.513 
    U_S_15_add_63_8              21     0.117    12.925     9.736         22.660            22.778 
    U_S85_add_63_8               21     0.117    13.929    10.772         24.701            24.819 
    U_S_44_add_63_8              23     0.117    10.480     9.857         20.337            20.454 
    U_S4_add_90_9                20     0.115     9.612     7.756         17.368            17.483 
    U_S14_add_90_9               20     0.114    11.866     9.216         21.082            21.196 
    U_S95_add_63_8               19     0.113    13.179     9.808         22.987            23.100 
    U_S_25_add_63_8              19     0.106    12.558     9.866         22.424            22.530 
    U_S_35_add_63_8              19     0.105    10.647     8.304         18.951            19.056 
  S0[11].U0                    2158    15.275  1031.879  1101.512       2133.391          2148.666 
    csa_tree_U..d_90_9_groupi    90     0.688    51.288    59.805        111.093           111.781 
    csa_tree_U..d_90_9_groupi    98     0.595    41.892    50.511         92.404            92.998 
    csa_tree_U..d_90_9_groupi    58     0.595    49.411    41.495         90.906            91.501 
    csa_tree_U..d_90_9_groupi    53     0.438    56.129    45.077        101.206           101.644 
    csa_tree_U..d_90_9_groupi    58     0.427    58.011    49.907        107.917           108.345 
    csa_tree_U..d_90_9_groupi    31     0.375    34.346    27.662         62.009            62.384 
    csa_tree_U..d_90_9_groupi    48     0.345    46.569    38.479         85.048            85.392 
    csa_tree_U..d_90_9_groupi    49     0.337    46.060    41.468         87.527            87.865 
    csa_tree_U..d_90_9_groupi    37     0.330    28.988    27.267         56.255            56.585 
    csa_tree_U..d_90_9_groupi    37     0.304    15.132    14.438         29.570            29.874 
    csa_tree_U..d_90_9_groupi    27     0.266    23.444    22.146         45.590            45.856 
    csa_tree_U..d_90_9_groupi    68     0.259    11.320    17.174         28.495            28.753 
    csa_tree_U..d_90_9_groupi    44     0.255    19.798    22.128         41.926            42.182 
    csa_tree_U..d_90_9_groupi    39     0.250    21.118    21.988         43.107            43.356 
    csa_tree_U..d_90_9_groupi    38     0.249    21.028    21.847         42.875            43.124 
    csa_tree_U..d_90_9_groupi    35     0.181    22.169    20.896         43.066            43.247 
    csa_tree_U..d_90_9_groupi    27     0.159    13.662    15.242         28.904            29.062 
    csa_tree_U..d_90_9_groupi    27     0.154    14.333    16.085         30.418            30.572 
    U_S14_add_90_9               20     0.127    15.240    11.011         26.252            26.379 
    U_S4_add_90_9                23     0.124    13.263     9.945         23.208            23.332 
    U_S_15_add_63_8              20     0.121    16.853    12.753         29.606            29.728 
    U_S85_add_63_8               20     0.121    16.858    12.723         29.581            29.702 
    U_S_44_add_63_8              23     0.118    11.874    10.791         22.665            22.783 
    U_S95_add_63_8               19     0.113    16.022    11.912         27.935            28.048 
    U_S_25_add_63_8              19     0.113    16.961    13.070         30.030            30.144 
    U_S_35_add_63_8              18     0.107    14.018    10.813         24.831            24.938 
  S0[13].U0                    2160    15.262   980.104  1051.469       2031.573          2046.834 
    csa_tree_U..d_90_9_groupi    90     0.692    52.777    59.851        112.628           113.320 
    csa_tree_U..d_90_9_groupi    98     0.626    42.387    49.668         92.055            92.681 
    csa_tree_U..d_90_9_groupi    58     0.546    43.388    36.846         80.234            80.780 
    csa_tree_U..d_90_9_groupi    53     0.436    55.029    45.221        100.250           100.686 
    csa_tree_U..d_90_9_groupi    31     0.395    34.021    26.792         60.813            61.207 
    csa_tree_U..d_90_9_groupi    58     0.374    50.815    45.865         96.681            97.055 
    csa_tree_U..d_90_9_groupi    37     0.356    26.498    23.846         50.344            50.699 
    csa_tree_U..d_90_9_groupi    48     0.345    46.631    39.005         85.636            85.981 
    csa_tree_U..d_90_9_groupi    37     0.330    16.801    15.123         31.923            32.253 
    csa_tree_U..d_90_9_groupi    49     0.328    43.348    39.308         82.656            82.984 
    csa_tree_U..d_90_9_groupi    39     0.295    22.902    21.360         44.262            44.557 
    csa_tree_U..d_90_9_groupi    68     0.285    12.682    18.091         30.773            31.058 
    csa_tree_U..d_90_9_groupi    27     0.266    21.964    21.002         42.966            43.232 
    csa_tree_U..d_90_9_groupi    39     0.254    19.812    20.092         39.904            40.158 
    csa_tree_U..d_90_9_groupi    44     0.246    17.302    19.435         36.738            36.984 
    csa_tree_U..d_90_9_groupi    35     0.182    23.267    22.120         45.387            45.569 
    csa_tree_U..d_90_9_groupi    27     0.159    13.941    15.570         29.511            29.669 
    csa_tree_U..d_90_9_groupi    27     0.154    13.813    15.591         29.405            29.559 
    U_S4_add_90_9                23     0.125    12.045     8.973         21.018            21.144 
    U_S_15_add_63_8              21     0.116    15.805    12.087         27.893            28.009 
    U_S_44_add_63_8              23     0.116    12.824    11.208         24.032            24.148 
    U_S14_add_90_9               20     0.115    12.938    10.107         23.045            23.160 
    U_S95_add_63_8               19     0.113    16.231    12.047         28.278            28.391 
    U_S_25_add_63_8              19     0.113    15.897    11.747         27.645            27.757 
    U_S85_add_63_8               21     0.112    15.497    12.145         27.642            27.754 
    U_S_35_add_63_8              19     0.110    13.319    10.195         23.514            23.624 
  S0[5].U0                     2166    15.250   817.744   887.727       1705.472          1720.722 
    csa_tree_U..d_90_9_groupi    90     0.670    45.767    51.273         97.040            97.710 
    csa_tree_U..d_90_9_groupi    98     0.576    35.492    42.686         78.178            78.753 
    csa_tree_U..d_90_9_groupi    58     0.572    37.872    31.960         69.832            70.404 
    csa_tree_U..d_90_9_groupi    58     0.423    45.159    39.199         84.358            84.781 
    csa_tree_U..d_90_9_groupi    31     0.362    27.978    22.931         50.908            51.271 
    csa_tree_U..d_90_9_groupi    37     0.347    22.493    20.250         42.743            43.091 
    csa_tree_U..d_90_9_groupi    48     0.345    37.413    31.414         68.827            69.172 
    csa_tree_U..d_90_9_groupi    49     0.343    38.004    33.902         71.905            72.248 
    csa_tree_U..d_90_9_groupi    53     0.329    37.745    35.796         73.541            73.870 
    csa_tree_U..d_90_9_groupi    27     0.328    21.594    18.778         40.372            40.701 
    csa_tree_U..d_90_9_groupi    37     0.304    11.407    10.826         22.234            22.538 
    csa_tree_U..d_90_9_groupi    39     0.286    18.703    17.791         36.493            36.779 
    csa_tree_U..d_90_9_groupi    68     0.282    10.685    15.142         25.827            26.109 
    csa_tree_U..d_90_9_groupi    39     0.255    15.597    15.887         31.484            31.739 
    csa_tree_U..d_90_9_groupi    44     0.251    14.502    16.468         30.970            31.221 
    csa_tree_U..d_90_9_groupi    35     0.186    17.732    16.538         34.270            34.457 
    csa_tree_U..d_90_9_groupi    27     0.158    10.950    12.100         23.050            23.207 
    csa_tree_U..d_90_9_groupi    27     0.154     9.955    11.273         21.228            21.382 
    U_S_44_add_63_8              23     0.121     9.732     9.161         18.893            19.014 
    U_S14_add_90_9               20     0.119    11.061     8.278         19.339            19.458 
    U_S85_add_63_8               21     0.115    12.456     9.170         21.626            21.741 
    U_S_15_add_63_8              21     0.115    12.483     9.603         22.086            22.201 
    U_S95_add_63_8               19     0.113    13.772    10.115         23.887            24.000 
    U_S4_add_90_9                21     0.111     9.058     7.415         16.473            16.584 
    U_S_35_add_63_8              18     0.109    11.371     8.439         19.810            19.918 
    U_S_25_add_63_8              19     0.107    12.741    10.160         22.902            23.008 
  S0[14].U0                    2166    15.240   935.999  1008.185       1944.184          1959.424 
    csa_tree_U..d_90_9_groupi    90     0.633    44.557    52.326         96.883            97.516 
    csa_tree_U..d_90_9_groupi    98     0.615    40.693    47.944         88.637            89.253 
    csa_tree_U..d_90_9_groupi    58     0.584    44.518    37.573         82.092            82.676 
    csa_tree_U..d_90_9_groupi    32     0.383    32.453    25.673         58.125            58.508 
    csa_tree_U..d_90_9_groupi    53     0.379    48.480    41.786         90.266            90.645 
    csa_tree_U..d_90_9_groupi    58     0.373    47.666    43.371         91.036            91.409 
    csa_tree_U..d_90_9_groupi    49     0.364    47.431    40.127         87.557            87.922 
    csa_tree_U..d_90_9_groupi    48     0.349    44.065    36.439         80.504            80.853 
    csa_tree_U..d_90_9_groupi    37     0.335    25.791    23.418         49.209            49.543 
    csa_tree_U..d_90_9_groupi    37     0.311    14.423    13.303         27.726            28.037 
    csa_tree_U..d_90_9_groupi    27     0.291    21.474    19.616         41.090            41.382 
    csa_tree_U..d_90_9_groupi    38     0.264    17.722    17.292         35.014            35.277 
    csa_tree_U..d_90_9_groupi    67     0.252     9.886    14.938         24.823            25.075 
    csa_tree_U..d_90_9_groupi    44     0.251    17.142    19.274         36.416            36.667 
    csa_tree_U..d_90_9_groupi    39     0.250    19.061    19.533         38.594            38.844 
    csa_tree_U..d_90_9_groupi    35     0.181    20.125    19.030         39.155            39.336 
    csa_tree_U..d_90_9_groupi    27     0.158    11.910    13.318         25.229            25.387 
    csa_tree_U..d_90_9_groupi    27     0.154    12.847    14.543         27.390            27.544 
    U_S_44_add_63_8              23     0.126    12.711    11.392         24.103            24.229 
    U_S4_add_90_9                22     0.123    10.626     7.824         18.450            18.573 
    U_S14_add_90_9               20     0.118    12.495     9.177         21.672            21.790 
    U_S_15_add_63_8              21     0.117    14.654    11.501         26.155            26.272 
    U_S85_add_63_8               21     0.116    15.052    11.757         26.809            26.926 
    U_S95_add_63_8               19     0.114    15.181    11.481         26.662            26.776 
    U_S_35_add_63_8              19     0.110    12.675     9.774         22.449            22.559 
    U_S_25_add_63_8              19     0.108    13.942    10.989         24.931            25.039 
  S0[20].U0                    2168    15.157   917.649   973.183       1890.832          1905.989 
    csa_tree_U..d_90_9_groupi    58     0.729    49.226    40.239         89.465            90.194 
    csa_tree_U..d_90_9_groupi    98     0.681    42.716    48.130         90.846            91.527 
    csa_tree_U..d_90_9_groupi    90     0.573    37.026    49.107         86.133            86.705 
    csa_tree_U..d_90_9_groupi    60     0.557    62.049    47.045        109.094           109.651 
    csa_tree_U..d_90_9_groupi    48     0.482    56.072    40.593         96.665            97.147 
    csa_tree_U..d_90_9_groupi    56     0.456    53.111    45.187         98.298            98.754 
    csa_tree_U..d_90_9_groupi    49     0.347    45.396    40.069         85.465            85.812 
    csa_tree_U..d_90_9_groupi    31     0.342    28.939    24.003         52.942            53.284 
    csa_tree_U..d_90_9_groupi    28     0.319    24.784    21.160         45.945            46.264 
    csa_tree_U..d_90_9_groupi    37     0.299    13.121    12.236         25.358            25.657 
    csa_tree_U..d_90_9_groupi    68     0.268    10.512    16.065         26.577            26.845 
    csa_tree_U..d_90_9_groupi    37     0.254    21.245    22.182         43.427            43.681 
    csa_tree_U..d_90_9_groupi    37     0.252    21.234    17.710         38.944            39.195 
    csa_tree_U..d_90_9_groupi    39     0.240    17.175    17.924         35.099            35.339 
    csa_tree_U..d_90_9_groupi    38     0.240    18.047    18.913         36.960            37.200 
    csa_tree_U..d_90_9_groupi    44     0.239    15.614    17.733         33.346            33.585 
    csa_tree_U..d_90_9_groupi    27     0.159    12.253    13.742         25.995            26.154 
    csa_tree_U..d_90_9_groupi    27     0.159    12.842    14.377         27.219            27.377 
    U_S14_add_90_9               20     0.135    12.028     8.341         20.370            20.505 
    U_S85_add_63_8               21     0.131    15.758    11.300         27.058            27.190 
    U_S4_add_90_9                21     0.130    10.816     7.766         18.582            18.712 
    U_S_15_add_63_8              21     0.130    14.614    10.317         24.931            25.061 
    U_S_25_add_63_8              19     0.125    14.987    10.930         25.917            26.041 
    U_S_44_add_63_8              23     0.116     9.864     9.830         19.695            19.811 
    U_S95_add_63_8               19     0.110    12.799     9.811         22.610            22.720 
    U_S_35_add_63_8              18     0.108    11.993     9.368         21.361            21.469 
  S0[4].U0                     2083    15.156   838.332   878.373       1716.704          1731.860 
    csa_tree_U..d_90_9_groupi    58     0.695    41.114    33.668         74.782            75.477 
    csa_tree_U..d_90_9_groupi    90     0.517    30.534    42.091         72.625            73.142 
    csa_tree_U..d_90_9_groupi    48     0.500    30.462    27.366         57.828            58.328 
    csa_tree_U..d_90_9_groupi    55     0.496    53.880    41.667         95.547            96.043 
    csa_tree_U..d_90_9_groupi    55     0.423    44.967    38.600         83.567            83.990 
    csa_tree_U..d_90_9_groupi    31     0.389    29.368    24.018         53.386            53.774 
    csa_tree_U..d_90_9_groupi    28     0.384    24.424    18.034         42.457            42.841 
    csa_tree_U..d_90_9_groupi    49     0.376    43.879    36.467         80.346            80.722 
    csa_tree_U..d_90_9_groupi    51     0.349    41.388    35.418         76.806            77.155 
    csa_tree_U..d_90_9_groupi    37     0.307    19.057    18.144         37.201            37.508 
    csa_tree_U..d_90_9_groupi    40     0.306    19.822    17.939         37.761            38.067 
    csa_tree_U..d_90_9_groupi    40     0.289    18.493    17.351         35.844            36.133 
    csa_tree_U..d_90_9_groupi    37     0.289    13.235    12.530         25.765            26.054 
    csa_tree_U..d_90_9_groupi    44     0.260    14.922    16.523         31.445            31.705 
    csa_tree_U..d_90_9_groupi    68     0.259     9.877    15.269         25.146            25.405 
    csa_tree_U..d_90_9_groupi    35     0.186    18.896    17.584         36.479            36.666 
    csa_tree_U..d_90_9_groupi    27     0.158    11.761    13.271         25.031            25.190 
    csa_tree_U..d_90_9_groupi    27     0.154    10.583    11.967         22.551            22.705 
    U_S_44_add_63_8              23     0.122    10.282     9.566         19.848            19.969 
    U_S14_add_90_9               20     0.118    10.723     7.974         18.697            18.815 
    U_S_15_add_63_8              21     0.118    12.828     9.955         22.783            22.900 
    U_S85_add_63_8               21     0.117    13.215    10.244         23.459            23.576 
    U_S95_add_63_8               19     0.114    12.733     9.460         22.193            22.306 
    U_S4_add_90_9                21     0.112     9.418     7.330         16.749            16.860 
    U_S_35_add_63_8              18     0.109    11.251     8.749         20.000            20.108 
    U_S_25_add_63_8              19     0.108    13.117    10.497         23.614            23.722 
  S0[6].U0                     2151    15.143   842.681   914.180       1756.860          1772.004 
    csa_tree_U..d_90_9_groupi    58     0.615    41.536    34.475         76.011            76.626 
    csa_tree_U..d_90_9_groupi    98     0.615    37.471    43.510         80.980            81.595 
    csa_tree_U..d_90_9_groupi    90     0.513    33.619    46.436         80.055            80.567 
    csa_tree_U..d_90_9_groupi    55     0.405    46.371    40.861         87.232            87.636 
    csa_tree_U..d_90_9_groupi    58     0.399    47.068    41.772         88.840            89.239 
    csa_tree_U..d_90_9_groupi    49     0.376    43.589    36.590         80.179            80.555 
    csa_tree_U..d_90_9_groupi    31     0.375    27.212    23.493         50.705            51.079 
    csa_tree_U..d_90_9_groupi    41     0.351    18.588    16.247         34.834            35.185 
    csa_tree_U..d_90_9_groupi    48     0.333    38.688    32.777         71.464            71.797 
    csa_tree_U..d_90_9_groupi    37     0.322    14.823    13.698         28.520            28.843 
    csa_tree_U..d_90_9_groupi    37     0.303    20.165    19.266         39.431            39.734 
    csa_tree_U..d_90_9_groupi    68     0.269     9.956    14.733         24.690            24.959 
    csa_tree_U..d_90_9_groupi    27     0.260    19.723    18.999         38.722            38.982 
    csa_tree_U..d_90_9_groupi    38     0.259    16.057    16.108         32.166            32.425 
    csa_tree_U..d_90_9_groupi    44     0.255    13.428    15.145         28.572            28.827 
    csa_tree_U..d_90_9_groupi    35     0.186    17.898    16.576         34.474            34.659 
    csa_tree_U..d_90_9_groupi    27     0.158    10.923    12.257         23.179            23.337 
    csa_tree_U..d_90_9_groupi    27     0.154     9.852    11.216         21.067            21.221 
    U_S_44_add_63_8              23     0.120     9.509     8.829         18.338            18.457 
    U_S14_add_90_9               20     0.119    11.801     8.946         20.747            20.866 
    U_S85_add_63_8               21     0.117    14.042    10.858         24.899            25.016 
    U_S_15_add_63_8              21     0.117    13.078    10.298         23.376            23.493 
    U_S4_add_90_9                21     0.116    10.761     8.316         19.077            19.193 
    U_S95_add_63_8               19     0.113    13.597    10.200         23.797            23.910 
    U_S_25_add_63_8              19     0.111    13.805    10.652         24.457            24.568 
    U_S_35_add_63_8              19     0.105    10.610     8.409         19.019            19.124 
  S0[25].U0                    2091    15.126   979.165  1018.762       1997.927          2013.053 
    csa_tree_U..d_90_9_groupi    59     0.695    49.934    41.258         91.192            91.887 
    csa_tree_U..d_90_9_groupi    90     0.684    46.910    51.473         98.383            99.067 
    csa_tree_U..d_90_9_groupi    49     0.528    38.071    34.224         72.294            72.822 
    csa_tree_U..d_90_9_groupi    55     0.502    66.378    50.699        117.076           117.579 
    csa_tree_U..d_90_9_groupi    50     0.425    51.436    40.872         92.308            92.733 
    csa_tree_U..d_90_9_groupi    55     0.414    52.020    45.205         97.225            97.639 
    csa_tree_U..d_90_9_groupi    31     0.375    31.709    26.766         58.475            58.851 
    csa_tree_U..d_90_9_groupi    53     0.375    46.292    38.669         84.960            85.335 
    csa_tree_U..d_90_9_groupi    42     0.338    26.551    23.372         49.923            50.261 
    csa_tree_U..d_90_9_groupi    39     0.292    22.392    22.912         45.304            45.595 
    csa_tree_U..d_90_9_groupi    27     0.281    22.395    20.046         42.441            42.721 
    csa_tree_U..d_90_9_groupi    45     0.271    20.081    21.819         41.900            42.172 
    csa_tree_U..d_90_9_groupi    37     0.259    14.270    14.218         28.489            28.747 
    csa_tree_U..d_90_9_groupi    38     0.257    22.675    22.626         45.301            45.558 
    csa_tree_U..d_90_9_groupi    68     0.257    11.758    17.848         29.606            29.863 
    csa_tree_U..d_90_9_groupi    37     0.237    23.958    20.450         44.409            44.645 
    csa_tree_U..d_90_9_groupi    27     0.176    15.336    16.184         31.519            31.696 
    csa_tree_U..d_90_9_groupi    27     0.176    16.167    17.200         33.367            33.543 
    U_S14_add_90_9               22     0.146    14.815    10.639         25.454            25.600 
    U_S4_add_90_9                21     0.137    13.041     9.421         22.462            22.598 
    U_S_44_add_63_8              23     0.133    12.669    11.093         23.761            23.894 
    U_S85_add_63_8               21     0.130    14.789    10.894         25.683            25.813 
    U_S_15_add_63_8              21     0.120    14.256    10.809         25.065            25.185 
    U_S_25_add_63_8              19     0.111    14.988    11.603         26.591            26.702 
    U_S_35_add_63_8              18     0.108    12.187     9.470         21.656            21.764 
    U_S95_add_63_8               19     0.102    12.402    10.038         22.440            22.542 
  S0[21].U0                    2174    15.121   887.408   954.897       1842.305          1857.426 
    csa_tree_U..d_90_9_groupi   108     0.750    44.542    49.344         93.886            94.636 
    csa_tree_U..d_90_9_groupi    89     0.545    36.195    46.478         82.673            83.218 
    csa_tree_U..d_90_9_groupi    48     0.466    31.933    29.340         61.273            61.738 
    csa_tree_U..d_90_9_groupi    56     0.446    54.733    46.404        101.137           101.583 
    csa_tree_U..d_90_9_groupi    37     0.435    28.270    21.580         49.850            50.286 
    csa_tree_U..d_90_9_groupi    49     0.410    48.255    38.992         87.247            87.657 
    csa_tree_U..d_90_9_groupi    36     0.383    31.624    26.339         57.963            58.346 
    csa_tree_U..d_90_9_groupi    50     0.367    42.412    35.430         77.842            78.208 
    csa_tree_U..d_90_9_groupi    53     0.350    42.715    40.761         83.476            83.826 
    csa_tree_U..d_90_9_groupi    27     0.280    22.147    20.431         42.577            42.857 
    csa_tree_U..d_90_9_groupi    37     0.277    13.682    13.204         26.886            27.163 
    csa_tree_U..d_90_9_groupi    67     0.267    11.492    17.632         29.124            29.391 
    csa_tree_U..d_90_9_groupi    38     0.259    20.005    19.817         39.822            40.081 
    csa_tree_U..d_90_9_groupi    44     0.255    16.267    18.109         34.375            34.630 
    csa_tree_U..d_90_9_groupi    39     0.250    16.952    16.984         33.937            34.187 
    csa_tree_U..d_90_9_groupi    35     0.187    17.467    16.282         33.748            33.936 
    csa_tree_U..d_90_9_groupi    27     0.158    13.381    14.521         27.902            28.061 
    csa_tree_U..d_90_9_groupi    27     0.154    11.636    13.270         24.906            25.060 
    U_S14_add_90_9               20     0.125    12.527     9.019         21.547            21.671 
    U_S4_add_90_9                21     0.124    10.838     7.715         18.553            18.677 
    U_S85_add_63_8               21     0.122    14.765    10.904         25.669            25.792 
    U_S_15_add_63_8              21     0.122    14.805    11.112         25.918            26.040 
    U_S_44_add_63_8              20     0.115    11.048     8.767         19.815            19.930 
    U_S_25_add_63_8              19     0.108    14.393    11.859         26.252            26.360 
    U_S95_add_63_8               19     0.103    12.533    10.304         22.836            22.939 
    U_S_35_add_63_8              18     0.102    11.385     8.929         20.314            20.416 
  S0[19].U0                    2174    15.114   873.754   950.809       1824.563          1839.677 
    csa_tree_U..d_90_9_groupi   109     0.800    47.819    49.370         97.189            97.989 
    csa_tree_U..d_90_9_groupi    89     0.543    37.264    47.712         84.977            85.520 
    csa_tree_U..d_90_9_groupi    48     0.479    32.158    28.389         60.547            61.026 
    csa_tree_U..d_90_9_groupi    36     0.414    31.227    24.158         55.385            55.799 
    csa_tree_U..d_90_9_groupi    56     0.398    46.804    39.925         86.729            87.127 
    csa_tree_U..d_90_9_groupi    49     0.356    42.106    35.739         77.846            78.202 
    csa_tree_U..d_90_9_groupi    53     0.349    40.329    38.157         78.486            78.835 
    csa_tree_U..d_90_9_groupi    50     0.330    39.749    35.309         75.059            75.388 
    csa_tree_U..d_90_9_groupi    37     0.322    23.548    21.696         45.245            45.566 
    csa_tree_U..d_90_9_groupi    40     0.310    20.832    18.429         39.261            39.571 
    csa_tree_U..d_90_9_groupi    39     0.294    21.945    20.377         42.322            42.617 
    csa_tree_U..d_90_9_groupi    27     0.280    20.505    19.014         39.518            39.799 
    csa_tree_U..d_90_9_groupi    37     0.275    14.241    13.439         27.680            27.955 
    csa_tree_U..d_90_9_groupi    67     0.268    10.541    15.886         26.427            26.695 
    csa_tree_U..d_90_9_groupi    44     0.239    16.219    18.462         34.681            34.920 
    csa_tree_U..d_90_9_groupi    35     0.186    17.797    17.275         35.072            35.258 
    csa_tree_U..d_90_9_groupi    27     0.158    12.696    13.981         26.677            26.834 
    csa_tree_U..d_90_9_groupi    27     0.154    12.502    14.224         26.726            26.880 
    U_S4_add_90_9                21     0.125    11.648     8.452         20.100            20.225 
    U_S14_add_90_9               20     0.124    13.008     9.189         22.196            22.320 
    U_S85_add_63_8               21     0.122    14.273    10.500         24.774            24.895 
    U_S_15_add_63_8              21     0.121    15.406    11.404         26.810            26.931 
    U_S_44_add_63_8              21     0.109    10.732     8.680         19.411            19.521 
    U_S_25_add_63_8              19     0.107    14.843    11.899         26.742            26.849 
    U_S95_add_63_8               19     0.103    11.236     9.285         20.521            20.624 
    U_S_35_add_63_8              18     0.102    11.535     9.073         20.608            20.710 
  S0[7].U0                     2079    15.113   886.577   927.381       1813.958          1829.071 
    csa_tree_U..d_90_9_groupi    58     0.667    47.653    39.034         86.688            87.355 
    csa_tree_U..d_90_9_groupi    90     0.514    36.142    49.386         85.527            86.041 
    csa_tree_U..d_90_9_groupi    48     0.496    35.045    33.319         68.365            68.860 
    csa_tree_U..d_90_9_groupi    55     0.494    58.258    44.726        102.983           103.477 
    csa_tree_U..d_90_9_groupi    55     0.404    47.838    42.640         90.477            90.882 
    csa_tree_U..d_90_9_groupi    53     0.398    44.994    37.764         82.758            83.156 
    csa_tree_U..d_90_9_groupi    49     0.396    47.867    39.287         87.154            87.549 
    csa_tree_U..d_90_9_groupi    31     0.374    32.526    26.827         59.353            59.727 
    csa_tree_U..d_90_9_groupi    37     0.358    23.351    21.247         44.598            44.956 
    csa_tree_U..d_90_9_groupi    37     0.304    16.105    15.211         31.316            31.620 
    csa_tree_U..d_90_9_groupi    39     0.272    18.572    17.749         36.321            36.593 
    csa_tree_U..d_90_9_groupi    68     0.270     9.875    14.601         24.477            24.747 
    csa_tree_U..d_90_9_groupi    27     0.260    20.372    18.341         38.713            38.973 
    csa_tree_U..d_90_9_groupi    39     0.259    16.519    16.774         33.293            33.552 
    csa_tree_U..d_90_9_groupi    44     0.253    15.209    16.769         31.979            32.232 
    csa_tree_U..d_90_9_groupi    35     0.186    19.903    18.382         38.285            38.470 
    csa_tree_U..d_90_9_groupi    27     0.158    11.926    13.343         25.268            25.427 
    csa_tree_U..d_90_9_groupi    27     0.154    10.690    12.107         22.797            22.951 
    U_S_44_add_63_8              23     0.120    10.428     9.731         20.159            20.279 
    U_S14_add_90_9               20     0.119    13.358    10.221         23.580            23.699 
    U_S85_add_63_8               21     0.117    13.553    10.336         23.889            24.005 
    U_S_15_add_63_8              21     0.116    13.958    10.780         24.738            24.854 
    U_S4_add_90_9                21     0.114    11.745     8.899         20.643            20.757 
    U_S95_add_63_8               19     0.113    15.181    11.360         26.541            26.654 
    U_S_35_add_63_8              18     0.108    11.723     8.961         20.684            20.791 
    U_S_25_add_63_8              19     0.107    13.071    10.369         23.440            23.546 
  S0[3].U0                     2151    15.001   844.780   909.948       1754.728          1769.729 
    csa_tree_U..d_90_9_groupi    98     0.596    34.881    41.306         76.186            76.783 
    csa_tree_U..d_90_9_groupi    58     0.577    38.526    33.259         71.786            72.363 
    csa_tree_U..d_90_9_groupi    90     0.517    31.921    43.293         75.214            75.730 
    csa_tree_U..d_90_9_groupi    55     0.424    47.494    40.289         87.783            88.207 
    csa_tree_U..d_90_9_groupi    58     0.403    47.426    42.698         90.124            90.527 
    csa_tree_U..d_90_9_groupi    31     0.394    27.707    21.856         49.563            49.957 
    csa_tree_U..d_90_9_groupi    28     0.384    26.460    19.193         45.653            46.037 
    csa_tree_U..d_90_9_groupi    49     0.362    40.523    34.832         75.355            75.717 
    csa_tree_U..d_90_9_groupi    48     0.327    38.519    33.614         72.132            72.459 
    csa_tree_U..d_90_9_groupi    37     0.298    20.654    20.049         40.703            41.001 
    csa_tree_U..d_90_9_groupi    40     0.285    18.790    17.792         36.582            36.867 
    csa_tree_U..d_90_9_groupi    37     0.268    12.193    11.923         24.115            24.383 
    csa_tree_U..d_90_9_groupi    68     0.259    10.037    15.155         25.192            25.451 
    csa_tree_U..d_90_9_groupi    38     0.254    18.081    18.206         36.287            36.542 
    csa_tree_U..d_90_9_groupi    44     0.241    15.530    18.025         33.555            33.796 
    csa_tree_U..d_90_9_groupi    35     0.186    18.417    17.209         35.625            35.811 
    csa_tree_U..d_90_9_groupi    27     0.159    12.036    13.682         25.718            25.877 
    csa_tree_U..d_90_9_groupi    27     0.154    11.533    13.140         24.674            24.828 
    U_S14_add_90_9               20     0.126    12.759     9.246         22.005            22.131 
    U_S_44_add_63_8              23     0.121    10.180     9.326         19.506            19.627 
    U_S_15_add_63_8              23     0.120    14.656    11.196         25.852            25.972 
    U_S85_add_63_8               23     0.120    13.661    10.478         24.139            24.259 
    U_S95_add_63_8               19     0.114    13.154     9.867         23.022            23.136 
    U_S_25_add_63_8              19     0.113    14.160    10.999         25.158            25.271 
    U_S4_add_90_9                21     0.112    10.201     7.940         18.141            18.253 
    U_S_35_add_63_8              18     0.108    11.607     8.862         20.469            20.577 
  S0[12].U0                    2108    14.996  1008.716  1061.231       2069.947          2084.943 
    csa_tree_U..d_90_9_groupi    58     0.665    52.175    42.712         94.888            95.553 
    csa_tree_U..d_90_9_groupi    90     0.618    44.508    53.053         97.560            98.178 
    csa_tree_U..d_90_9_groupi    48     0.515    36.740    33.363         70.103            70.618 
    csa_tree_U..d_90_9_groupi    55     0.512    71.107    54.433        125.540           126.052 
    csa_tree_U..d_90_9_groupi    55     0.454    57.813    46.628        104.441           104.895 
    csa_tree_U..d_90_9_groupi    53     0.395    51.215    42.974         94.189            94.584 
    csa_tree_U..d_90_9_groupi    31     0.369    31.297    26.860         58.157            58.526 
    csa_tree_U..d_90_9_groupi    49     0.352    47.563    40.926         88.488            88.840 
    csa_tree_U..d_90_9_groupi    37     0.339    27.616    24.881         52.497            52.836 
    csa_tree_U..d_90_9_groupi    27     0.323    23.351    20.386         43.737            44.060 
    csa_tree_U..d_90_9_groupi    37     0.288    15.069    14.088         29.157            29.445 
    csa_tree_U..d_90_9_groupi    39     0.255    19.951    20.494         40.445            40.700 
    csa_tree_U..d_90_9_groupi    38     0.254    20.375    20.415         40.790            41.044 
    csa_tree_U..d_90_9_groupi    67     0.251    12.960    19.698         32.658            32.910 
    csa_tree_U..d_90_9_groupi    44     0.250    18.232    20.553         38.785            39.036 
    csa_tree_U..d_90_9_groupi    35     0.192    22.675    20.459         43.135            43.327 
    csa_tree_U..d_90_9_groupi    27     0.159    13.710    15.432         29.142            29.301 
    csa_tree_U..d_90_9_groupi    27     0.155    13.987    15.743         29.731            29.885 
    U_S_44_add_63_8              23     0.125    13.435    12.109         25.543            25.669 
    U_S14_add_90_9               20     0.119    13.869    10.570         24.439            24.558 
    U_S85_add_63_8               21     0.118    15.543    12.068         27.611            27.729 
    U_S_15_add_63_8              21     0.118    15.564    12.279         27.843            27.961 
    U_S4_add_90_9                23     0.115    11.110     8.664         19.774            19.889 
    U_S95_add_63_8               19     0.114    15.372    11.447         26.819            26.933 
    U_S_35_add_63_8              19     0.110    13.872    10.745         24.618            24.728 
    U_S_25_add_63_8              19     0.109    16.106    12.856         28.961            29.070 
  S0[31].U0                    2091    14.965   835.047   896.969       1732.016          1746.981 
    csa_tree_U..d_90_9_groupi    91     0.614    34.552    40.862         75.414            76.028 
    csa_tree_U..d_90_9_groupi    55     0.587    38.543    32.985         71.528            72.115 
    csa_tree_U..d_90_9_groupi    47     0.482    29.630    25.558         55.188            55.671 
    csa_tree_U..d_90_9_groupi    55     0.409    48.023    41.314         89.338            89.747 
    csa_tree_U..d_90_9_groupi    38     0.405    23.309    19.815         43.125            43.530 
    csa_tree_U..d_90_9_groupi    54     0.388    44.013    38.960         82.973            83.361 
    csa_tree_U..d_90_9_groupi    34     0.356    25.433    21.156         46.590            46.946 
    csa_tree_U..d_90_9_groupi    49     0.333    38.664    34.966         73.631            73.964 
    csa_tree_U..d_90_9_groupi    51     0.324    36.922    33.785         70.707            71.031 
    csa_tree_U..d_90_9_groupi    27     0.315    20.987    17.161         38.147            38.463 
    csa_tree_U..d_90_9_groupi    37     0.304    14.265    13.280         27.544            27.848 
    csa_tree_U..d_90_9_groupi    68     0.260    10.539    16.046         26.585            26.845 
    csa_tree_U..d_90_9_groupi    38     0.254    17.855    17.983         35.839            36.093 
    csa_tree_U..d_90_9_groupi    44     0.251    15.082    16.939         32.021            32.271 
    csa_tree_U..d_90_9_groupi    39     0.250    16.516    17.267         33.783            34.033 
    csa_tree_U..d_90_9_groupi    35     0.191    19.843    18.172         38.014            38.205 
    csa_tree_U..d_90_9_groupi    27     0.159    11.768    13.256         25.024            25.183 
    csa_tree_U..d_90_9_groupi    27     0.155    11.680    13.240         24.920            25.074 
    U_S_44_add_63_8              23     0.117    10.534     9.500         20.034            20.151 
    U_S85_add_63_8               21     0.117    13.843    10.681         24.524            24.641 
    U_S_15_add_63_8              21     0.116    13.236    10.372         23.608            23.724 
    U_S4_add_90_9                20     0.115     9.675     7.360         17.035            17.150 
    U_S14_add_90_9               20     0.114    11.755     9.270         21.025            21.140 
    U_S95_add_63_8               19     0.114    14.436    10.805         25.241            25.355 
    U_S_25_add_63_8              19     0.107    13.339    10.579         23.919            24.026 
    U_S_35_add_63_8              19     0.106    11.165     8.988         20.153            20.259 
  S0[27].U0                    2153    14.887   960.937  1020.062       1980.999          1995.886 
    csa_tree_U..d_90_9_groupi    98     0.707    47.970    50.803         98.773            99.480 
    csa_tree_U..d_90_9_groupi    58     0.650    49.051    42.458         91.509            92.159 
    csa_tree_U..d_90_9_groupi    91     0.619    42.600    50.553         93.153            93.772 
    csa_tree_U..d_90_9_groupi    60     0.488    58.363    48.024        106.387           106.876 
    csa_tree_U..d_90_9_groupi    49     0.464    58.573    43.958        102.531           102.995 
    csa_tree_U..d_90_9_groupi    50     0.449    59.017    45.578        104.595           105.044 
    csa_tree_U..d_90_9_groupi    54     0.408    52.131    45.808         97.938            98.347 
    csa_tree_U..d_90_9_groupi    31     0.375    33.549    28.416         61.964            62.339 
    csa_tree_U..d_90_9_groupi    37     0.319    15.902    14.136         30.039            30.357 
    csa_tree_U..d_90_9_groupi    37     0.289    22.636    22.317         44.953            45.241 
    csa_tree_U..d_90_9_groupi    68     0.272    11.026    15.879         26.905            27.177 
    csa_tree_U..d_90_9_groupi    27     0.269    20.200    18.084         38.283            38.552 
    csa_tree_U..d_90_9_groupi    39     0.250    15.982    16.588         32.569            32.819 
    csa_tree_U..d_90_9_groupi    37     0.243    24.494    20.017         44.511            44.754 
    csa_tree_U..d_90_9_groupi    44     0.241    15.736    17.743         33.478            33.719 
    csa_tree_U..d_90_9_groupi    38     0.240    16.886    17.643         34.530            34.769 
    csa_tree_U..d_90_9_groupi    27     0.159    11.934    13.445         25.379            25.538 
    csa_tree_U..d_90_9_groupi    27     0.154    11.282    12.758         24.040            24.195 
    U_S14_add_90_9               20     0.125    13.975    10.047         24.022            24.147 
    U_S85_add_63_8               20     0.123    15.018    10.823         25.841            25.964 
    U_S_15_add_63_8              20     0.122    15.391    11.302         26.692            26.814 
    U_S4_add_90_9                21     0.121    10.924     8.291         19.214            19.336 
    U_S_35_add_63_8              19     0.117    13.981    10.463         24.443            24.561 
    U_S_25_add_63_8              19     0.117    15.524    11.437         26.961            27.078 
    U_S_44_add_63_8              23     0.117    12.016    10.515         22.531            22.648 
    U_S95_add_63_8               19     0.113    14.557    11.129         25.686            25.799 
  S0[28].U0                    2074    14.860   908.612   959.761       1868.373          1883.234 
    csa_tree_U..d_90_9_groupi    58     0.644    46.578    38.040         84.618            85.262 
    csa_tree_U..d_90_9_groupi    91     0.622    41.930    48.994         90.924            91.546 
    csa_tree_U..d_90_9_groupi    48     0.468    33.634    31.416         65.050            65.518 
    csa_tree_U..d_90_9_groupi    49     0.408    50.064    41.470         91.534            91.942 
    csa_tree_U..d_90_9_groupi    53     0.398    47.502    41.207         88.709            89.107 
    csa_tree_U..d_90_9_groupi    31     0.371    31.149    25.772         56.921            57.291 
    csa_tree_U..d_90_9_groupi    55     0.364    47.268    41.017         88.285            88.649 
    csa_tree_U..d_90_9_groupi    37     0.357    24.926    21.424         46.351            46.708 
    csa_tree_U..d_90_9_groupi    51     0.330    39.895    35.497         75.391            75.721 
    csa_tree_U..d_90_9_groupi    37     0.288    12.995    12.193         25.188            25.476 
    csa_tree_U..d_90_9_groupi    68     0.271    11.884    17.254         29.138            29.409 
    csa_tree_U..d_90_9_groupi    27     0.270    20.877    18.529         39.406            39.676 
    csa_tree_U..d_90_9_groupi    44     0.260    16.540    18.139         34.678            34.939 
    csa_tree_U..d_90_9_groupi    39     0.254    17.747    18.199         35.946            36.201 
    csa_tree_U..d_90_9_groupi    38     0.254    17.591    17.822         35.412            35.667 
    csa_tree_U..d_90_9_groupi    35     0.176    19.572    19.198         38.770            38.946 
    csa_tree_U..d_90_9_groupi    27     0.158    12.307    13.806         26.113            26.271 
    csa_tree_U..d_90_9_groupi    27     0.154    10.943    12.338         23.281            23.436 
    U_S14_add_90_9               20     0.125    11.912     8.710         20.622            20.747 
    U_S_15_add_63_8              20     0.123    15.089    11.446         26.535            26.658 
    U_S85_add_63_8               20     0.123    15.082    11.244         26.326            26.449 
    U_S_44_add_63_8              23     0.119    10.997     9.858         20.854            20.973 
    U_S4_add_90_9                21     0.116     9.750     7.268         17.018            17.134 
    U_S_25_add_63_8              19     0.114    14.736    11.131         25.867            25.981 
    U_S95_add_63_8               19     0.114    14.335    10.704         25.039            25.153 
    U_S_35_add_63_8              19     0.110    12.331     9.603         21.935            22.045 
  S0[22].U0                    2084    14.772   910.958   956.453       1867.411          1882.183 
    csa_tree_U..d_90_9_groupi    58     0.662    48.873    41.020         89.893            90.555 
    csa_tree_U..d_90_9_groupi    90     0.573    38.673    53.265         91.937            92.510 
    csa_tree_U..d_90_9_groupi    57     0.519    60.092    45.938        106.030           106.549 
    csa_tree_U..d_90_9_groupi    48     0.498    36.454    32.592         69.046            69.544 
    csa_tree_U..d_90_9_groupi    50     0.436    50.049    39.630         89.678            90.114 
    csa_tree_U..d_90_9_groupi    55     0.424    50.223    41.634         91.857            92.281 
    csa_tree_U..d_90_9_groupi    52     0.370    43.757    37.606         81.364            81.734 
    csa_tree_U..d_90_9_groupi    31     0.364    31.238    27.544         58.782            59.146 
    csa_tree_U..d_90_9_groupi    37     0.340    16.667    14.784         31.451            31.791 
    csa_tree_U..d_90_9_groupi    28     0.319    22.948    20.453         43.401            43.720 
    csa_tree_U..d_90_9_groupi    37     0.268    20.094    20.461         40.555            40.823 
    csa_tree_U..d_90_9_groupi    67     0.267     9.213    13.692         22.905            23.172 
    csa_tree_U..d_90_9_groupi    38     0.264    18.745    18.861         37.606            37.870 
    csa_tree_U..d_90_9_groupi    37     0.251    21.874    18.243         40.117            40.368 
    csa_tree_U..d_90_9_groupi    39     0.245    17.043    17.806         34.849            35.094 
    csa_tree_U..d_90_9_groupi    44     0.238    16.268    18.669         34.936            35.175 
    csa_tree_U..d_90_9_groupi    27     0.158    12.131    13.681         25.812            25.970 
    csa_tree_U..d_90_9_groupi    27     0.158    11.504    12.824         24.328            24.486 
    U_S14_add_90_9               20     0.132    12.707     8.966         21.673            21.805 
    U_S4_add_90_9                21     0.131    11.256     8.306         19.562            19.693 
    U_S_15_add_63_8              20     0.127    14.355    10.114         24.469            24.596 
    U_S85_add_63_8               20     0.125    14.347    10.381         24.727            24.852 
    U_S_25_add_63_8              19     0.124    14.680    10.769         25.449            25.573 
    U_S_44_add_63_8              23     0.121    10.367     9.512         19.879            20.000 
    U_S95_add_63_8               19     0.114    12.773     9.681         22.454            22.568 
    U_S_35_add_63_8              18     0.108    12.537     9.389         21.926            22.033 
  S0[17].U0                    2170    14.766   844.019   931.845       1775.864          1790.630 
    csa_tree_U..d_90_9_groupi   108     0.772    45.821    48.751         94.572            95.344 
    csa_tree_U..d_90_9_groupi    89     0.547    34.623    45.101         79.724            80.271 
    csa_tree_U..d_90_9_groupi    48     0.534    33.555    28.779         62.334            62.869 
    csa_tree_U..d_90_9_groupi    56     0.367    44.347    39.104         83.451            83.818 
    csa_tree_U..d_90_9_groupi    53     0.349    42.424    39.958         82.382            82.732 
    csa_tree_U..d_90_9_groupi    34     0.339    24.368    21.123         45.491            45.829 
    csa_tree_U..d_90_9_groupi    49     0.339    39.615    35.362         74.978            75.316 
    csa_tree_U..d_90_9_groupi    50     0.329    39.163    34.990         74.152            74.482 
    csa_tree_U..d_90_9_groupi    37     0.317    23.007    21.206         44.214            44.530 
    csa_tree_U..d_90_9_groupi    27     0.280    21.154    19.151         40.305            40.585 
    csa_tree_U..d_90_9_groupi    67     0.267    10.493    16.219         26.713            26.980 
    csa_tree_U..d_90_9_groupi    37     0.263    12.711    12.446         25.157            25.420 
    csa_tree_U..d_90_9_groupi    38     0.254    17.373    17.260         34.633            34.887 
    csa_tree_U..d_90_9_groupi    39     0.250    17.331    17.661         34.991            35.241 
    csa_tree_U..d_90_9_groupi    44     0.236    14.775    17.041         31.816            32.052 
    csa_tree_U..d_90_9_groupi    35     0.187    17.482    16.641         34.122            34.310 
    csa_tree_U..d_90_9_groupi    27     0.159    11.346    12.419         23.765            23.924 
    csa_tree_U..d_90_9_groupi    27     0.155    11.494    13.169         24.663            24.818 
    U_S4_add_90_9                21     0.126    10.975     8.165         19.141            19.267 
    U_S14_add_90_9               20     0.125    13.326    10.027         23.353            23.478 
    U_S_15_add_63_8              21     0.121    14.648    10.714         25.361            25.482 
    U_S85_add_63_8               21     0.121    13.718    10.483         24.201            24.322 
    U_S_44_add_63_8              21     0.110    12.107     9.818         21.926            22.036 
    U_S_25_add_63_8              19     0.107    13.493    10.968         24.461            24.568 
    U_S95_add_63_8               19     0.102    12.992    10.573         23.565            23.667 
    U_S_35_add_63_8              18     0.102    11.797     9.249         21.046            21.147 

