============================================================
  Generated by:           Genus(TM) Synthesis Solution 17.10-p007_1
  Generated on:           Feb 21 2020  02:12:25 pm
  Module:                 filter_regular
  Technology libraries:   CORE65LPSVT 
                          CLOCK65LPSVT 
                          physical_cells 
  Operating conditions:   _nominal_ 
  Interconnect mode:      global
  Area mode:              physical library
============================================================

        Pin                    Type          Fanout Load Slew Delay Arrival   
                                                    (fF) (ps)  (ps)   (ps)    
------------------------------------------------------------------------------
(clock clock_name)        launch                                          0 R 
in_reg_reg[14][0]/CP                                        0             0 R 
in_reg_reg[14][0]/Q       HS65_LS_DFPRQX27        9 90.0  127  +246     246 F 
g6661/A                                                          +0     246   
g6661/Z                   HS65_LS_IVX62           2 72.4   62   +77     323 R 
g6660/A                                                          +0     323   
g6660/Z                   HS65_LS_CNIVX103       15 92.7   36   +49     372 F 
S0[22].U0/e4[0] 
  g18855/A                                                       +0     373   
  g18855/Z                HS65_LS_IVX71           8 50.7   30   +34     407 R 
  g18777/B                                                       +0     407   
  g18777/Z                HS65_LS_AND2X27         4 25.4   38   +69     476 R 
  g18662/B                                                       +0     476   
  g18662/Z                HS65_LS_NAND2X21        2 11.6   30   +36     513 F 
  g18914/A                                                       +0     513   
  g18914/Z                HS65_LSS_XNOR2X12       2 12.4   69   +75     587 R 
  g18589/B                                                       +0     587   
  g18589/Z                HS65_LSS_XOR2X6         3 18.3   98  +132     719 F 
  g18493/CI                                                      +0     719   
  g18493/CO               HS65_LS_FA1X4           1  7.8   71  +185     904 F 
  g18441/A0                                                      +0     904   
  g18441/CO               HS65_LS_FA1X9           1  7.8   44  +137    1040 F 
  g18393/A0                                                      +0    1040   
  g18393/CO               HS65_LS_FA1X9           1  6.6   40  +121    1162 F 
  g18349/A0                                                      +0    1162   
  g18349/CO               HS65_LS_FA1X4           1  6.6   64  +156    1318 F 
  g18318/A0                                                      +0    1318   
  g18318/CO               HS65_LS_FA1X4           1  7.8   70  +173    1491 F 
  g18288/A0                                                      +0    1491   
  g18288/S0               HS65_LS_FA1X9           1  5.0   40  +193    1684 R 
  g18283/A                                                       +0    1684   
  g18283/Z                HS65_LS_IVX9            1  7.7   29   +38    1723 F 
  g18251/B0                                                      +0    1723   
  g18251/CO               HS65_LS_FA1X9           1  6.6   41  +115    1838 F 
  g18233/A0                                                      +0    1838   
  g18233/CO               HS65_LS_FA1X4           1  6.6   63  +156    1994 F 
  g18216/A0                                                      +0    1995   
  g18216/CO               HS65_LS_FA1X4           1  6.6   65  +167    2162 F 
  g18201/A0                                                      +0    2162   
  g18201/S0               HS65_LS_FA1X4           1  6.4   63  +209    2371 F 
  g18179/B0                                                      +0    2371   
  g18179/CO               HS65_LS_FA1X4           1  6.6   64  +168    2539 F 
  g18178/A0                                                      +0    2539   
  g18178/CO               HS65_LS_FA1X4           1  6.6   64  +167    2706 F 
  g18177/A0                                                      +0    2706   
  g18177/CO               HS65_LS_FA1X4           1  5.0   55  +159    2865 F 
  g18176/A                                                       +0    2865   
  g18176/Z                HS65_LS_IVX9            1  6.6   38   +44    2909 R 
  g18175/A0                                                      +0    2909   
  g18175/S0               HS65_LS_FA1X4           1  5.0   54  +214    3123 R 
  g18174/A                                                       +0    3123   
  g18174/Z                HS65_LS_IVX9            1  3.6   23   +35    3158 F 
S0[22].U0/f8[8] 
reg_f8_reg[22][8]/D  <<<  HS65_LS_DFPHQX9                        +0    3158   
reg_f8_reg[22][8]/CP      setup                             0  +160    3318 R 
- - - - - - - - - - - - - - - - - - - - - - - - - - - - - - - - - - - - - - - 
(clock clock_name)        capture                                      3418 R 
                          adjustments                          -100    3318   
------------------------------------------------------------------------------
Exception    : 'path_adjusts/folga' path adjust    -100ps
Timing slack :       0ps 
Start-point  : in_reg_reg[14][0]/CP
End-point    : reg_f8_reg[22][8]/D
