============================================================
  Generated by:           Genus(TM) Synthesis Solution 17.10-p007_1
  Generated on:           Feb 20 2020  09:13:04 pm
  Module:                 filter_regular
  Technology libraries:   CORE65LPSVT 
                          CLOCK65LPSVT 
                          physical_cells 
  Operating conditions:   _nominal_ 
  Interconnect mode:      global
  Area mode:              physical library
============================================================

   Instance              Module            Cells  Cell Area  Net Area   Total Area 
-----------------------------------------------------------------------------------
filter_regular                             24766     144751     58261       203012 
  S0[8].U0     filter_6taps_bit_width10_8   2658      14317      5761        20077 
  S0[3].U0     filter_6taps_bit_width10_3   2588      14412      5622        20034 
  S0[4].U0     filter_6taps_bit_width10_4   2576      14324      5569        19893 
  S0[7].U0     filter_6taps_bit_width10_7   2626      14153      5666        19818 
  S0[6].U0     filter_6taps_bit_width10_6   2542      13973      5491        19464 
  S0[1].U0     filter_6taps_bit_width10_1   2490      14022      5383        19404 
  S0[0].U0     filter_6taps_bit_width10     2451      14034      5328        19362 
  S0[5].U0     filter_6taps_bit_width10_5   2511      13866      5425        19290 
  S0[2].U0     filter_6taps_bit_width10_2   2451      13880      5325        19205 
