============================================================
  Generated by:           Genus(TM) Synthesis Solution 17.10-p007_1
  Generated on:           Feb 20 2020  09:13:10 pm
  Module:                 filter_regular
  Technology libraries:   CORE65LPSVT 
                          CLOCK65LPSVT 
                          physical_cells 
  Operating conditions:   _nominal_ 
  Interconnect mode:      global
  Area mode:              physical library
============================================================

                                            Leakage   Internal  
       Gate         Instances     Area    Power (uW) Power (uW)     Library    
-------------------------------------------------------------------------------
HS65_LSS_XNOR2X12         107     723.320      1.419     79.347    CORE65LPSVT 
HS65_LSS_XNOR2X18           7      72.800      0.156      5.041    CORE65LPSVT 
HS65_LSS_XNOR2X24           2      24.960      0.060      3.190    CORE65LPSVT 
HS65_LSS_XNOR2X3            6      24.960      0.021      0.823    CORE65LPSVT 
HS65_LSS_XNOR2X6          734    3053.440      4.953    231.333    CORE65LPSVT 
HS65_LSS_XNOR3X2            9      74.880      0.041      1.526    CORE65LPSVT 
HS65_LSS_XOR2X12            4      24.960      0.056      2.936    CORE65LPSVT 
HS65_LSS_XOR2X3             1       4.160      0.004      0.128    CORE65LPSVT 
HS65_LSS_XOR2X6           507    2109.120      2.936    217.125    CORE65LPSVT 
HS65_LSS_XOR3X12            6     152.880      0.187      7.630    CORE65LPSVT 
HS65_LSS_XOR3X2             1       7.800      0.005      0.133    CORE65LPSVT 
HS65_LSS_XOR3X4             3      31.200      0.031      1.097    CORE65LPSVT 
HS65_LS_AND2ABX18           1       4.160      0.009      0.226    CORE65LPSVT 
HS65_LS_AND2X18           112     407.680      1.028     40.159    CORE65LPSVT 
HS65_LS_AND2X27            19     108.680      0.273     10.639    CORE65LPSVT 
HS65_LS_AND2X35             4      24.960      0.082      3.059    CORE65LPSVT 
HS65_LS_AND2X4            284     738.400      0.666     32.010    CORE65LPSVT 
HS65_LS_AND2X9             91     283.920      0.406     20.302    CORE65LPSVT 
HS65_LS_AND3X18             3      14.040      0.035      0.583    CORE65LPSVT 
HS65_LS_AND3X27             5      33.800      0.093      2.053    CORE65LPSVT 
HS65_LS_AND3X35             8      62.400      0.202      3.901    CORE65LPSVT 
HS65_LS_AND3X9              1       3.640      0.005      0.184    CORE65LPSVT 
HS65_LS_AO112X9            22      91.520      0.100      4.327    CORE65LPSVT 
HS65_LS_AO12X18           100     416.000      1.129     32.683    CORE65LPSVT 
HS65_LS_AO12X27             6      40.560      0.105      2.288    CORE65LPSVT 
HS65_LS_AO12X35             5      39.000      0.116      2.640    CORE65LPSVT 
HS65_LS_AO12X9            397    1445.080      1.963     72.690    CORE65LPSVT 
HS65_LS_AO212X4            12      56.160      0.047      2.212    CORE65LPSVT 
HS65_LS_AO22X9             19      79.040      0.082      3.248    CORE65LPSVT 
HS65_LS_AO31X18             1       5.200      0.012      0.474    CORE65LPSVT 
HS65_LS_AO31X9              2       8.320      0.011      0.559    CORE65LPSVT 
HS65_LS_AO32X18             1       5.720      0.010      0.908    CORE65LPSVT 
HS65_LS_AO32X4             15      70.200      0.037      3.524    CORE65LPSVT 
HS65_LS_AO32X9              8      41.600      0.035      2.737    CORE65LPSVT 
HS65_LS_AOI12X12           30     156.000      0.273      5.377    CORE65LPSVT 
HS65_LS_AOI12X17            3      20.280      0.050      0.783    CORE65LPSVT 
HS65_LS_AOI12X2           110     286.000      0.158      7.686    CORE65LPSVT 
HS65_LS_AOI12X23            1       8.840      0.022      0.378    CORE65LPSVT 
HS65_LS_AOI12X3             2       6.240      0.005      0.202    CORE65LPSVT 
HS65_LS_AOI12X6            57     177.840      0.270      8.699    CORE65LPSVT 
HS65_LS_AOI12X9             2      10.400      0.014      0.307    CORE65LPSVT 
HS65_LS_AOI13X31            1      17.160      0.024      1.135    CORE65LPSVT 
HS65_LS_AOI13X41            1      22.360      0.033      1.316    CORE65LPSVT 
HS65_LS_AOI212X4           47     195.520      0.193      6.794    CORE65LPSVT 
HS65_LS_AOI21X12            7      36.400      0.063      1.817    CORE65LPSVT 
HS65_LS_AOI21X2             2       5.200      0.003      0.185    CORE65LPSVT 
HS65_LS_AOI21X23            1       8.840      0.020      0.485    CORE65LPSVT 
HS65_LS_AOI21X35            1      13.000      0.032      0.708    CORE65LPSVT 
HS65_LS_AOI21X6            12      37.440      0.051      1.736    CORE65LPSVT 
HS65_LS_AOI21X9             1       5.200      0.007      0.184    CORE65LPSVT 
HS65_LS_AOI22X11            1       6.240      0.009      0.202    CORE65LPSVT 
HS65_LS_AOI22X6            22      80.080      0.073      5.267    CORE65LPSVT 
HS65_LS_AOI22X8             1       6.240      0.005      0.588    CORE65LPSVT 
HS65_LS_BFX106             25     299.000      1.429     25.472    CORE65LPSVT 
HS65_LS_BFX142             13     202.800      1.001     16.740    CORE65LPSVT 
HS65_LS_BFX18              16      49.920      0.129      4.599    CORE65LPSVT 
HS65_LS_BFX213              2      44.720      0.235      3.962    CORE65LPSVT 
HS65_LS_BFX27              39     141.960      0.493     10.081    CORE65LPSVT 
HS65_LS_BFX35              13      67.600      0.226      4.376    CORE65LPSVT 
HS65_LS_BFX44              13      74.360      0.290      5.555    CORE65LPSVT 
HS65_LS_BFX53              37     230.880      0.997     25.265    CORE65LPSVT 
HS65_LS_BFX62              13     101.400      0.419      6.973    CORE65LPSVT 
HS65_LS_BFX71              14     116.480      0.519      8.769    CORE65LPSVT 
HS65_LS_BFX9               34      70.720      0.117      5.449    CORE65LPSVT 
HS65_LS_CB4I1X18            1       5.200      0.012      0.994    CORE65LPSVT 
HS65_LS_CB4I1X9            14      58.240      0.072      2.409    CORE65LPSVT 
HS65_LS_CB4I6X18           17      88.400      0.166     11.248    CORE65LPSVT 
HS65_LS_CB4I6X27            1       8.320      0.018      0.546    CORE65LPSVT 
HS65_LS_CB4I6X35            1       9.360      0.024      0.425    CORE65LPSVT 
HS65_LS_CB4I6X9           107     445.120      0.494     23.253    CORE65LPSVT 
HS65_LS_CBI4I1X11          27     168.480      0.282     12.853    CORE65LPSVT 
HS65_LS_CBI4I1X16          10      88.400      0.097      7.758    CORE65LPSVT 
HS65_LS_CBI4I1X21           5      59.800      0.054      1.590    CORE65LPSVT 
HS65_LS_CBI4I1X5           76     276.640      0.333     16.741    CORE65LPSVT 
HS65_LS_CBI4I6X14           1       8.840      0.010      0.165    CORE65LPSVT 
HS65_LS_CBI4I6X5           30     109.200      0.093      7.677    CORE65LPSVT 
HS65_LS_CBI4I6X9            4      24.960      0.021      1.841    CORE65LPSVT 
HS65_LS_CNIVX103            1      11.960      0.040      0.788    CORE65LPSVT 
HS65_LS_CNIVX124            1      14.040      0.056      0.468    CORE65LPSVT 
HS65_LS_CNIVX14             2       5.200      0.007      0.263    CORE65LPSVT 
HS65_LS_CNIVX21             4      12.480      0.029      0.616    CORE65LPSVT 
HS65_LS_CNIVX27            10      36.400      0.100      1.750    CORE65LPSVT 
HS65_LS_CNIVX34             2       9.360      0.029      0.260    CORE65LPSVT 
HS65_LS_CNIVX45             1       6.240      0.018      0.226    CORE65LPSVT 
HS65_LS_CNIVX55             3      20.280      0.068      0.639    CORE65LPSVT 
HS65_LS_CNIVX58             1       7.280      0.025      0.300    CORE65LPSVT 
HS65_LS_CNIVX62             3      21.840      0.080      0.672    CORE65LPSVT 
HS65_LS_CNIVX7              9      14.040      0.019      0.386    CORE65LPSVT 
HS65_LS_CNIVX82             1       9.880      0.036      0.306    CORE65LPSVT 
HS65_LS_DFPHQX9          1410   14664.000     14.181   7547.550    CORE65LPSVT 
HS65_LS_DFPRQNX9           44     457.600      0.433    163.473    CORE65LPSVT 
HS65_LS_DFPRQX18           32     349.440      0.422    123.814    CORE65LPSVT 
HS65_LS_DFPRQX27            2      23.920      0.033      7.863    CORE65LPSVT 
HS65_LS_DFPRQX35           26     324.480      0.524    106.343    CORE65LPSVT 
HS65_LS_DFPRQX9            36     374.400      0.361    133.254    CORE65LPSVT 
HS65_LS_FA1X18            832   11681.280     20.193   1679.917    CORE65LPSVT 
HS65_LS_FA1X27            710   15137.200     26.607   2417.597    CORE65LPSVT 
HS65_LS_FA1X4            1399   13094.640      8.744    723.074    CORE65LPSVT 
HS65_LS_FA1X9            2344   25596.480     25.508   2460.072    CORE65LPSVT 
HS65_LS_HA1X18            108     786.240      2.302     96.626    CORE65LPSVT 
HS65_LS_HA1X27             17     203.320      0.584     25.456    CORE65LPSVT 
HS65_LS_HA1X35              1      13.520      0.047      0.989    CORE65LPSVT 
HS65_LS_HA1X4             327    1700.400      1.706    109.167    CORE65LPSVT 
HS65_LS_HA1X9             220    1372.800      2.135    104.105    CORE65LPSVT 
HS65_LS_IVX106             14     123.760      0.601      8.353    CORE65LPSVT 
HS65_LS_IVX142              3      35.880      0.177      2.913    CORE65LPSVT 
HS65_LS_IVX18             964    2005.120      5.175    106.927    CORE65LPSVT 
HS65_LS_IVX27             181     564.720      1.669     31.324    CORE65LPSVT 
HS65_LS_IVX31               6      21.840      0.067      0.765    CORE65LPSVT 
HS65_LS_IVX35             232     844.480      2.908     41.561    CORE65LPSVT 
HS65_LS_IVX40               4      16.640      0.058      0.936    CORE65LPSVT 
HS65_LS_IVX44             116     482.560      1.872     27.910    CORE65LPSVT 
HS65_LS_IVX53              67     348.400      1.345     15.958    CORE65LPSVT 
HS65_LS_IVX62               9      51.480      0.213      3.223    CORE65LPSVT 
HS65_LS_IVX7                3       4.680      0.006      0.246    CORE65LPSVT 
HS65_LS_IVX71              49     305.760      1.349     15.644    CORE65LPSVT 
HS65_LS_IVX9             2854    4452.240      7.032    185.437    CORE65LPSVT 
HS65_LS_MUX21I1X12          8      54.080      0.101      3.260    CORE65LPSVT 
HS65_LS_MUX21I1X18          4      41.600      0.082      3.695    CORE65LPSVT 
HS65_LS_MUX21I1X24          1      12.480      0.030      0.939    CORE65LPSVT 
HS65_LS_MUX21I1X6          11      45.760      0.074      3.596    CORE65LPSVT 
HS65_LS_MUX21X18            8      49.920      0.144      3.873    CORE65LPSVT 
HS65_LS_MUX21X27            5      46.800      0.131      3.521    CORE65LPSVT 
HS65_LS_MUX21X35            1      10.400      0.035      1.179    CORE65LPSVT 
HS65_LS_MUX21X4             1       4.160      0.005      0.162    CORE65LPSVT 
HS65_LS_MUX21X9            33     154.440      0.268      8.755    CORE65LPSVT 
HS65_LS_MUXI21X10           2      16.640      0.024      1.509    CORE65LPSVT 
HS65_LS_MUXI21X15           2      20.800      0.037      1.507    CORE65LPSVT 
HS65_LS_MUXI21X2            8      29.120      0.024      1.663    CORE65LPSVT 
HS65_LS_MUXI21X5           29     135.720      0.163      8.620    CORE65LPSVT 
HS65_LS_MUXI31X4            6      46.800      0.045      1.680    CORE65LPSVT 
HS65_LS_NAND2AX14         232     965.120      2.210     84.879    CORE65LPSVT 
HS65_LS_NAND2AX21         104     594.880      1.461     36.204    CORE65LPSVT 
HS65_LS_NAND2AX29          22     148.720      0.481      6.564    CORE65LPSVT 
HS65_LS_NAND2AX7          593    1850.160      3.034     95.687    CORE65LPSVT 
HS65_LS_NAND2X11           16      58.240      0.093      3.265    CORE65LPSVT 
HS65_LS_NAND2X14          366    1332.240      2.687     71.062    CORE65LPSVT 
HS65_LS_NAND2X21          161     837.200      1.871     41.965    CORE65LPSVT 
HS65_LS_NAND2X29           74     461.760      1.285     22.186    CORE65LPSVT 
HS65_LS_NAND2X4             1       2.080      0.003      0.059    CORE65LPSVT 
HS65_LS_NAND2X43           35     309.400      1.012     15.222    CORE65LPSVT 
HS65_LS_NAND2X57            7      83.720      0.249      4.005    CORE65LPSVT 
HS65_LS_NAND2X7          1835    3816.800      4.907    167.252    CORE65LPSVT 
HS65_LS_NAND3AX6           15      54.600      0.058      0.940    CORE65LPSVT 
HS65_LS_NAND3X13            3      15.600      0.044      0.844    CORE65LPSVT 
HS65_LS_NAND3X19            1       6.760      0.014      0.299    CORE65LPSVT 
HS65_LS_NAND3X25            1       8.840      0.021      0.262    CORE65LPSVT 
HS65_LS_NAND3X5             2       5.200      0.006      0.102    CORE65LPSVT 
HS65_LS_NAND3X6             2       6.240      0.010      0.170    CORE65LPSVT 
HS65_LS_NAND4X18            2      13.520      0.028      0.724    CORE65LPSVT 
HS65_LS_NAND4X27            5      41.600      0.115      2.163    CORE65LPSVT 
HS65_LS_NAND4X35            1       9.360      0.032      0.610    CORE65LPSVT 
HS65_LS_NAND4X4             2      11.440      0.011      0.256    CORE65LPSVT 
HS65_LS_NAND4X9             1       5.720      0.006      0.239    CORE65LPSVT 
HS65_LS_NOR2AX13           79     328.640      0.742     30.950    CORE65LPSVT 
HS65_LS_NOR2AX19           13      74.360      0.160      5.873    CORE65LPSVT 
HS65_LS_NOR2AX25            6      40.560      0.100      1.300    CORE65LPSVT 
HS65_LS_NOR2AX3           533    1385.800      1.369     54.980    CORE65LPSVT 
HS65_LS_NOR2AX6            96     299.520      0.427     21.492    CORE65LPSVT 
HS65_LS_NOR2X13           272     990.080      1.825     63.575    CORE65LPSVT 
HS65_LS_NOR2X19            95     494.000      1.010     25.259    CORE65LPSVT 
HS65_LS_NOR2X25            42     262.080      0.621     14.048    CORE65LPSVT 
HS65_LS_NOR2X38            29     256.360      0.642     13.561    CORE65LPSVT 
HS65_LS_NOR2X50             1      11.960      0.038      0.407    CORE65LPSVT 
HS65_LS_NOR2X6           1277    2656.160      3.603    120.598    CORE65LPSVT 
HS65_LS_NOR2X9              5      18.200      0.026      0.956    CORE65LPSVT 
HS65_LS_NOR3AX2             9      28.080      0.026      0.922    CORE65LPSVT 
HS65_LS_NOR3X18             1       8.840      0.016      0.291    CORE65LPSVT 
HS65_LS_NOR3X4             24      62.400      0.051      3.586    CORE65LPSVT 
HS65_LS_NOR3X9              6      28.080      0.048      2.559    CORE65LPSVT 
HS65_LS_OA112X18           11      51.480      0.136      8.557    CORE65LPSVT 
HS65_LS_OA112X9            28     116.480      0.157      7.409    CORE65LPSVT 
HS65_LS_OA12X18            23      95.680      0.263     12.349    CORE65LPSVT 
HS65_LS_OA12X27             5      36.400      0.088      2.022    CORE65LPSVT 
HS65_LS_OA12X9            134     487.760      0.674     38.432    CORE65LPSVT 
HS65_LS_OA212X4             3      15.600      0.009      0.273    CORE65LPSVT 
HS65_LS_OA22X9             11      51.480      0.046      2.796    CORE65LPSVT 
HS65_LS_OA32X4              3      14.040      0.009      0.320    CORE65LPSVT 
HS65_LS_OAI112X11           4      24.960      0.015      0.943    CORE65LPSVT 
HS65_LS_OAI112X16           1       8.840      0.020      0.400    CORE65LPSVT 
HS65_LS_OAI112X5           34     123.760      0.096      6.573    CORE65LPSVT 
HS65_LS_OAI12X12           92     478.400      0.945     34.918    CORE65LPSVT 
HS65_LS_OAI12X18           47     317.720      0.773     12.960    CORE65LPSVT 
HS65_LS_OAI12X24           25     221.000      0.606      8.437    CORE65LPSVT 
HS65_LS_OAI12X3            81     210.600      0.188      5.896    CORE65LPSVT 
HS65_LS_OAI12X37            4      52.000      0.132      2.202    CORE65LPSVT 
HS65_LS_OAI12X5             4      12.480      0.013      0.386    CORE65LPSVT 
HS65_LS_OAI12X6           207     645.840      0.984     48.128    CORE65LPSVT 
HS65_LS_OAI13X10           21     131.040      0.201     11.233    CORE65LPSVT 
HS65_LS_OAI13X15            3      26.520      0.050      1.793    CORE65LPSVT 
HS65_LS_OAI13X5             6      21.840      0.018      1.293    CORE65LPSVT 
HS65_LS_OAI211X11           1       6.240      0.015      0.627    CORE65LPSVT 
HS65_LS_OAI211X5            1       3.640      0.002      0.164    CORE65LPSVT 
HS65_LS_OAI212X5            9      37.440      0.035      2.259    CORE65LPSVT 
HS65_LS_OAI21X12           24     124.800      0.216     10.831    CORE65LPSVT 
HS65_LS_OAI21X18            1       6.760      0.014      1.332    CORE65LPSVT 
HS65_LS_OAI21X3           269     699.400      0.549     28.526    CORE65LPSVT 
HS65_LS_OAI21X6            22      68.640      0.094      5.034    CORE65LPSVT 
HS65_LS_OAI21X9             2      10.400      0.015      0.991    CORE65LPSVT 
HS65_LS_OAI22X11            5      31.200      0.045      3.770    CORE65LPSVT 
HS65_LS_OAI22X33            1      17.160      0.030      0.624    CORE65LPSVT 
HS65_LS_OAI22X6            36     131.040      0.152      7.827    CORE65LPSVT 
HS65_LS_OAI31X10            1       6.240      0.009      0.407    CORE65LPSVT 
HS65_LS_OAI31X15            1       8.840      0.017      0.414    CORE65LPSVT 
HS65_LS_OAI32X14            1      10.920      0.007      0.902    CORE65LPSVT 
HS65_LS_OAI32X5            28     116.480      0.119      9.312    CORE65LPSVT 
HS65_LS_OAI32X9             1       7.800      0.011      0.759    CORE65LPSVT 
HS65_LS_OR2ABX27            1       5.720      0.012      0.309    CORE65LPSVT 
HS65_LS_OR2X18             57     207.480      0.526     23.980    CORE65LPSVT 
HS65_LS_OR2X27              9      51.480      0.124      3.896    CORE65LPSVT 
HS65_LS_OR2X35              5      31.200      0.089      5.238    CORE65LPSVT 
HS65_LS_OR2X9             282     879.840      1.233     50.436    CORE65LPSVT 
HS65_LS_OR3X18              2       9.360      0.015      0.201    CORE65LPSVT 
HS65_LS_OR3X27              3      20.280      0.049      3.685    CORE65LPSVT 
HS65_LS_OR3X9               8      29.120      0.031      1.241    CORE65LPSVT 
HS65_LS_PAO2X18            89     509.080      0.991     75.891    CORE65LPSVT 
HS65_LS_PAO2X27            15     148.200      0.253     24.549    CORE65LPSVT 
HS65_LS_PAO2X35             1      10.400      0.022      0.908    CORE65LPSVT 
HS65_LS_PAO2X4              2       9.360      0.005      0.501    CORE65LPSVT 
HS65_LS_PAO2X9            289    1352.520      1.326    126.631    CORE65LPSVT 
HS65_LS_PAOI2X1            33     120.120      0.043      3.243    CORE65LPSVT 
HS65_LS_PAOI2X11           26     202.800      0.240     17.469    CORE65LPSVT 
HS65_LS_PAOI2X17            1      10.920      0.013      1.464    CORE65LPSVT 
HS65_LS_PAOI2X4             1       4.160      0.003      0.282    CORE65LPSVT 
HS65_LS_PAOI2X6           164     682.240      0.648     53.476    CORE65LPSVT 
HS65_LS_PAOI2X8             7      54.600      0.042      3.027    CORE65LPSVT 
HS65_LS_SDFPQX9            12     118.560      0.127    109.624    CORE65LPSVT 
HS65_LS_XNOR2X18          251    1696.760      5.510    200.218    CORE65LPSVT 
HS65_LS_XNOR2X27            9      93.600      0.285     10.685    CORE65LPSVT 
HS65_LS_XNOR2X35           11     125.840      0.478     15.788    CORE65LPSVT 
HS65_LS_XNOR2X4            35     163.800      0.200      7.828    CORE65LPSVT 
HS65_LS_XNOR2X9           155     806.000      1.521     54.673    CORE65LPSVT 
HS65_LS_XOR2X18           244    1649.440      5.360    205.049    CORE65LPSVT 
HS65_LS_XOR2X27            74     769.600      2.363     67.082    CORE65LPSVT 
HS65_LS_XOR2X35            77     880.880      3.377    107.393    CORE65LPSVT 
HS65_LS_XOR2X4             33     154.440      0.197      8.114    CORE65LPSVT 
HS65_LS_XOR2X9            141     733.200      1.397     68.847    CORE65LPSVT 
HS65_LS_XOR3X18            12     137.280      0.189      7.490    CORE65LPSVT 
HS65_LS_XOR3X9            113    1057.680      0.819     35.598    CORE65LPSVT 
-------------------------------------------------------------------------------
total                   24766  144750.840    217.647  19722.666                


                                             Leakage  Leakage  Internal  Internal 
     Type      Instances    Area    Area % Power (uW) Power % Power (uW)  Power % 
----------------------------------------------------------------------------------
sequential          1562  16312.400   11.3     16.082     7.4   8191.921     41.5 
inverter            4540   9426.560    6.5     22.977    10.6    447.871      2.3 
buffer               219   1399.840    1.0      5.856     2.7    117.242      0.6 
logic              18445 117612.040   81.3    172.732    79.4  10965.632     55.6 
physical_cells         0      0.000    0.0      0.000     0.0      0.000      0.0 
----------------------------------------------------------------------------------
total              24766 144750.840  100.0    217.647   100.0  19722.666    100.0 

