============================================================
  Generated by:           Genus(TM) Synthesis Solution 17.10-p007_1
  Generated on:           Feb 20 2020  09:13:11 pm
  Module:                 filter_regular
  Technology libraries:   CORE65LPSVT 
                          CLOCK65LPSVT 
                          physical_cells 
  Operating conditions:   _nominal_ 
  Interconnect mode:      global
  Area mode:              physical library
============================================================

                      Leakage   Dynamic    Total   
   Instance    Cells Power(uW) Power(uW) Power(uW) 
---------------------------------------------------
filter_regular 24766   217.647 33056.253 33273.900 
  S0[3].U0      2588    22.704  2677.225  2699.929 
  S0[4].U0      2576    22.450  2611.779  2634.229 
  S0[8].U0      2658    22.294  2513.360  2535.654 
  S0[7].U0      2626    22.022  2556.223  2578.245 
  S0[1].U0      2490    21.534  2530.744  2552.278 
  S0[6].U0      2542    21.423  2452.391  2473.814 
  S0[0].U0      2451    21.326  2523.341  2544.667 
  S0[2].U0      2451    21.091  2551.161  2572.252 
  S0[5].U0      2511    21.017  2429.507  2450.524 

