============================================================
  Generated by:           Genus(TM) Synthesis Solution 17.10-p007_1
  Generated on:           Mar 03 2020  04:23:55 pm
  Module:                 INTER_2
  Technology libraries:   CORE65LPSVT 
                          CLOCK65LPSVT 
                          physical_cells 
  Operating conditions:   _nominal_ 
  Interconnect mode:      global
  Area mode:              physical library
============================================================

              Instance                             Module                Cells  Cell Area  Net Area   Total Area 
-----------------------------------------------------------------------------------------------------------------
INTER_2                                                                   2342      13215      4970        18185 
  gen_filter[4].U_S0                filter_2_bit_width10_4                 428       2251       845         3095 
    csa_tree_U_S21_add_18_10_groupi csa_tree_U_S21_add_18_10_group_12_4     54        427        98          526 
    csa_tree_U_S1_add_18_10_groupi  csa_tree_U_S1_add_18_10_group_14_4      54        427        98          526 
    addinc_U_1_U_S0_add_18_16       add_signed_carry_209                    75        343       123          467 
    addinc_U_0_U_S0_add_18_16       add_signed_carry_208                    75        343       123          467 
    addinc_U_1_U_S1_add_18_16       add_signed_carry_24_200                 61        281        92          374 
    addinc_U_0_U_S1_add_18_16       add_signed_carry_24_199                 61        281        92          374 
    U_S10                           somador_n_np1_bit_width8_4               3         24         3           27 
      addinc_add_41_28              add_unsigned_carry_261                   3         24         3           27 
  gen_filter[0].U_S0                filter_2_bit_width10                   428       2251       845         3095 
    csa_tree_U_S21_add_18_10_groupi csa_tree_U_S21_add_18_10_group_12       54        427        98          526 
    csa_tree_U_S1_add_18_10_groupi  csa_tree_U_S1_add_18_10_group_14        54        427        98          526 
    addinc_U_1_U_S0_add_18_16       add_signed_carry                        75        343       123          467 
    addinc_U_0_U_S0_add_18_16       add_signed_carry_216                    75        343       123          467 
    addinc_U_1_U_S1_add_18_16       add_signed_carry_24                     61        281        92          374 
    addinc_U_0_U_S1_add_18_16       add_signed_carry_24_207                 61        281        92          374 
    U_S10                           somador_n_np1_bit_width8                 3         24         3           27 
      addinc_add_41_28              add_unsigned_carry                       3         24         3           27 
  gen_filter[1].U_S0                filter_2_bit_width10_1                 427       2256       838         3093 
    csa_tree_U_S1_add_18_10_groupi  csa_tree_U_S1_add_18_10_group_14_1      54        432        98          530 
    csa_tree_U_S21_add_18_10_groupi csa_tree_U_S21_add_18_10_group_12_1     54        428        98          527 
    addinc_U_1_U_S0_add_18_16       add_signed_carry_215                    75        343       123          467 
    addinc_U_0_U_S0_add_18_16       add_signed_carry_214                    75        343       123          467 
    addinc_U_1_U_S1_add_18_16       add_signed_carry_24_206                 61        281        92          374 
    addinc_U_0_U_S1_add_18_16       add_signed_carry_24_205                 61        281        92          374 
    U_S10                           somador_n_np1_bit_width8_1               3         24         3           27 
      addinc_add_41_28              add_unsigned_carry_264                   3         24         3           27 
  gen_filter[3].U_S0                filter_2_bit_width10_3                 427       2253       838         3090 
    csa_tree_U_S21_add_18_10_groupi csa_tree_U_S21_add_18_10_group_12_3     54        428        98          527 
    csa_tree_U_S1_add_18_10_groupi  csa_tree_U_S1_add_18_10_group_14_3      54        428        98          527 
    addinc_U_1_U_S0_add_18_16       add_signed_carry_211                    75        343       123          467 
    addinc_U_0_U_S0_add_18_16       add_signed_carry_210                    75        343       123          467 
    addinc_U_1_U_S1_add_18_16       add_signed_carry_24_202                 61        281        92          374 
    addinc_U_0_U_S1_add_18_16       add_signed_carry_24_201                 61        281        92          374 
    U_S10                           somador_n_np1_bit_width8_3               3         24         3           27 
      addinc_add_41_28              add_unsigned_carry_262                   3         24         3           27 
  gen_filter[2].U_S0                filter_2_bit_width10_2                 427       2253       838         3090 
    csa_tree_U_S21_add_18_10_groupi csa_tree_U_S21_add_18_10_group_12_2     54        428        98          527 
    csa_tree_U_S1_add_18_10_groupi  csa_tree_U_S1_add_18_10_group_14_2      54        428        98          527 
    addinc_U_1_U_S0_add_18_16       add_signed_carry_213                    75        343       123          467 
    addinc_U_0_U_S0_add_18_16       add_signed_carry_212                    75        343       123          467 
    addinc_U_1_U_S1_add_18_16       add_signed_carry_24_204                 61        281        92          374 
    addinc_U_0_U_S1_add_18_16       add_signed_carry_24_203                 61        281        92          374 
    U_S10                           somador_n_np1_bit_width8_2               3         24         3           27 
      addinc_add_41_28              add_unsigned_carry_263                   3         24         3           27 
