============================================================
  Generated by:           Genus(TM) Synthesis Solution 17.10-p007_1
  Generated on:           Jan 28 2020  11:06:40 am
  Module:                 INTER_2
  Technology libraries:   CORE65LPSVT 
                          CLOCK65LPSVT 
                          physical_cells 
  Operating conditions:   _nominal_ 
  Interconnect mode:      global
  Area mode:              physical library
============================================================

                                          Leakage   Internal  
       Gate        Instances    Area    Power (uW) Power (uW)     Library    
-----------------------------------------------------------------------------
HS65_LSS_XNOR2X12         40    270.400      0.544     17.089    CORE65LPSVT 
HS65_LSS_XNOR2X6         100    416.000      0.684     23.529    CORE65LPSVT 
HS65_LSS_XOR2X6           30    124.800      0.163     17.685    CORE65LPSVT 
HS65_LS_AND2X18           10     36.400      0.092      1.299    CORE65LPSVT 
HS65_LS_AND2X27           20    114.400      0.323      6.893    CORE65LPSVT 
HS65_LS_AND2X35           10     62.400      0.238      4.314    CORE65LPSVT 
HS65_LS_AND2X9            30     93.600      0.141      4.283    CORE65LPSVT 
HS65_LS_AOI13X15          10     88.400      0.200      3.303    CORE65LPSVT 
HS65_LS_BFX18              4     12.480      0.032      0.605    CORE65LPSVT 
HS65_LS_BFX27             20     72.800      0.253      5.248    CORE65LPSVT 
HS65_LS_BFX53              8     49.920      0.216      3.942    CORE65LPSVT 
HS65_LS_BFX9              10     20.800      0.036      0.895    CORE65LPSVT 
HS65_LS_CB4I6X9           10     41.600      0.050      2.740    CORE65LPSVT 
HS65_LS_CBI4I1X16         10     88.400      0.167      3.314    CORE65LPSVT 
HS65_LS_CBI4I1X21         20    239.200      0.483      9.671    CORE65LPSVT 
HS65_LS_CBI4I1X5          10     36.400      0.051      1.286    CORE65LPSVT 
HS65_LS_CNIVX21           10     31.200      0.061      1.500    CORE65LPSVT 
HS65_LS_CNIVX27           10     36.400      0.086      1.691    CORE65LPSVT 
HS65_LS_CNIVX34           10     46.800      0.109      1.854    CORE65LPSVT 
HS65_LS_DFPRQNX9           4     41.600      0.039     19.485    CORE65LPSVT 
HS65_LS_DFPRQX4          120   1248.000      1.048    623.362    CORE65LPSVT 
HS65_LS_DFPRQX9           56    582.400      0.561    270.140    CORE65LPSVT 
HS65_LS_FA1X18            40    561.600      0.917     71.025    CORE65LPSVT 
HS65_LS_FA1X27            80   1705.600      2.900    200.973    CORE65LPSVT 
HS65_LS_FA1X4             30    280.800      0.187     11.047    CORE65LPSVT 
HS65_LS_FA1X9             10    109.200      0.110      2.934    CORE65LPSVT 
HS65_LS_HA1X18            20    145.600      0.406     25.630    CORE65LPSVT 
HS65_LS_HA1X27            20    239.200      0.666     38.471    CORE65LPSVT 
HS65_LS_HA1X4             25    130.000      0.128      6.786    CORE65LPSVT 
HS65_LS_HA1X9             30    187.200      0.287     18.289    CORE65LPSVT 
HS65_LS_IVX18            176    366.080      0.958     14.195    CORE65LPSVT 
HS65_LS_IVX2               1      1.560      0.001      0.024    CORE65LPSVT 
HS65_LS_IVX22             10     31.200      0.076      1.174    CORE65LPSVT 
HS65_LS_IVX27             58    180.960      0.536      7.525    CORE65LPSVT 
HS65_LS_IVX31             10     36.400      0.110      2.178    CORE65LPSVT 
HS65_LS_IVX35             20     72.800      0.249      2.277    CORE65LPSVT 
HS65_LS_IVX44             10     41.600      0.160      2.728    CORE65LPSVT 
HS65_LS_IVX62             10     57.200      0.237      3.276    CORE65LPSVT 
HS65_LS_IVX9             100    156.000      0.253      3.965    CORE65LPSVT 
HS65_LS_MUXI21X10         10     83.200      0.123      7.187    CORE65LPSVT 
HS65_LS_MUXI21X5          10     46.800      0.058      1.219    CORE65LPSVT 
HS65_LS_NAND2AX14         70    291.200      0.754     10.624    CORE65LPSVT 
HS65_LS_NAND2AX21         20    114.400      0.359      7.205    CORE65LPSVT 
HS65_LS_NAND2AX7          70    218.400      0.312      5.164    CORE65LPSVT 
HS65_LS_NAND2X14          90    327.600      0.649     10.833    CORE65LPSVT 
HS65_LS_NAND2X21          30    156.000      0.405      6.651    CORE65LPSVT 
HS65_LS_NAND2X29          10     62.400      0.198      2.170    CORE65LPSVT 
HS65_LS_NAND2X57          10    119.600      0.357      4.942    CORE65LPSVT 
HS65_LS_NAND2X7          100    208.000      0.265      7.891    CORE65LPSVT 
HS65_LS_NOR2AX19          30    171.600      0.407      7.113    CORE65LPSVT 
HS65_LS_NOR2AX3           80    208.000      0.202      5.308    CORE65LPSVT 
HS65_LS_NOR2AX6           20     62.400      0.100      3.051    CORE65LPSVT 
HS65_LS_NOR2X13           20     72.800      0.119      6.919    CORE65LPSVT 
HS65_LS_NOR2X19           20    104.000      0.225      6.434    CORE65LPSVT 
HS65_LS_NOR2X25           20    124.800      0.318      9.501    CORE65LPSVT 
HS65_LS_NOR2X38           20    176.800      0.423      7.595    CORE65LPSVT 
HS65_LS_NOR2X6            60    124.800      0.172      3.394    CORE65LPSVT 
HS65_LS_OA12X18           50    208.000      0.592     14.612    CORE65LPSVT 
HS65_LS_OA12X27           10     72.800      0.189      3.903    CORE65LPSVT 
HS65_LS_OA12X9            10     36.400      0.052      2.263    CORE65LPSVT 
HS65_LS_OA22X9            10     46.800      0.052      1.619    CORE65LPSVT 
HS65_LS_OAI112X11         10     62.400      0.124      2.181    CORE65LPSVT 
HS65_LS_OAI112X5          10     36.400      0.009      0.840    CORE65LPSVT 
HS65_LS_OAI12X12          10     52.000      0.096      5.227    CORE65LPSVT 
HS65_LS_OAI12X18          10     67.600      0.180      3.317    CORE65LPSVT 
HS65_LS_OAI13X15          10     88.400      0.192      4.173    CORE65LPSVT 
HS65_LS_OAI211X11         10     62.400      0.119      2.371    CORE65LPSVT 
HS65_LS_OAI21X18          10     67.600      0.131      1.876    CORE65LPSVT 
HS65_LS_OAI21X3           10     26.000      0.021      0.770    CORE65LPSVT 
HS65_LS_OR2X18            10     36.400      0.107      2.527    CORE65LPSVT 
HS65_LS_OR2X35            10     62.400      0.199      4.199    CORE65LPSVT 
HS65_LS_OR2X9            100    312.000      0.443     13.160    CORE65LPSVT 
HS65_LS_PAO2X18           14     80.080      0.154      8.471    CORE65LPSVT 
HS65_LS_PAO2X27            1      9.880      0.018      1.285    CORE65LPSVT 
HS65_LS_PAO2X9            15     70.200      0.066      3.577    CORE65LPSVT 
HS65_LS_PAOI2X11          10     78.000      0.078      5.503    CORE65LPSVT 
HS65_LS_PAOI2X17          10    109.200      0.155      4.394    CORE65LPSVT 
HS65_LS_XNOR2X18          50    338.000      1.096     29.497    CORE65LPSVT 
HS65_LS_XNOR2X9           20    104.000      0.197      5.185    CORE65LPSVT 
HS65_LS_XOR2X18           20    135.200      0.441     14.214    CORE65LPSVT 
HS65_LS_XOR2X27           20    208.000      0.638     16.755    CORE65LPSVT 
HS65_LS_XOR2X35           10    114.400      0.438     11.687    CORE65LPSVT 
-----------------------------------------------------------------------------
total                   2342  13214.760     24.992   1713.430                


                                            Leakage  Leakage  Internal  Internal 
     Type      Instances    Area   Area % Power (uW) Power % Power (uW)  Power % 
---------------------------------------------------------------------------------
sequential           180  1872.000   14.2      1.648     6.6    912.987     53.3 
inverter             425  1058.200    8.0      2.836    11.3     42.386      2.5 
buffer                42   156.000    1.2      0.537     2.1     10.690      0.6 
logic               1695 10128.560   76.6     19.971    79.9    747.368     43.6 
physical_cells         0     0.000    0.0      0.000     0.0      0.000      0.0 
---------------------------------------------------------------------------------
total               2342 13214.760  100.0     24.992   100.0   1713.430    100.0 

