============================================================
  Generated by:           Genus(TM) Synthesis Solution 17.10-p007_1
  Generated on:           Feb 20 2020  06:20:52 pm
  Module:                 filter_regular
  Technology libraries:   CORE65LPSVT 
                          CLOCK65LPSVT 
                          physical_cells 
  Operating conditions:   _nominal_ 
  Interconnect mode:      global
  Area mode:              physical library
============================================================

                                           Leakage   Internal  
       Gate        Instances     Area    Power (uW) Power (uW)     Library    
------------------------------------------------------------------------------
HS65_LSS_XNOR2X12          5      33.800      0.064      1.944    CORE65LPSVT 
HS65_LSS_XNOR2X6         411    1709.760      2.748     82.015    CORE65LPSVT 
HS65_LSS_XNOR3X2          27     224.640      0.121      5.016    CORE65LPSVT 
HS65_LSS_XOR2X6          493    2050.880      2.881    125.091    CORE65LPSVT 
HS65_LSS_XOR3X2          240    1872.000      1.311     45.553    CORE65LPSVT 
HS65_LS_AND2ABX27          9      51.480      0.122      7.130    CORE65LPSVT 
HS65_LS_AND2X18            4      14.560      0.032      0.886    CORE65LPSVT 
HS65_LS_AND2X4           110     286.000      0.256      9.402    CORE65LPSVT 
HS65_LS_AO112X9           30     124.800      0.137      4.984    CORE65LPSVT 
HS65_LS_AO12X9           180     655.200      0.849     35.425    CORE65LPSVT 
HS65_LS_AO31X9             3      12.480      0.012      0.348    CORE65LPSVT 
HS65_LS_AO32X4           104     486.720      0.239     22.183    CORE65LPSVT 
HS65_LS_AOI12X2          138     358.800      0.209      6.248    CORE65LPSVT 
HS65_LS_AOI211X4           9      32.760      0.031      0.639    CORE65LPSVT 
HS65_LS_AOI212X4          12      49.920      0.045      3.103    CORE65LPSVT 
HS65_LS_AOI21X2           51     132.600      0.064      2.707    CORE65LPSVT 
HS65_LS_AOI21X6           27      84.240      0.108      2.977    CORE65LPSVT 
HS65_LS_AOI22X6           12      43.680      0.038      3.766    CORE65LPSVT 
HS65_LS_AOI312X4           6      31.200      0.032      0.667    CORE65LPSVT 
HS65_LS_BFX18             91     283.920      0.736     15.916    CORE65LPSVT 
HS65_LS_BFX27             32     116.480      0.405      8.289    CORE65LPSVT 
HS65_LS_BFX9               6      12.480      0.022      0.503    CORE65LPSVT 
HS65_LS_CB4I1X9            9      37.440      0.039      1.249    CORE65LPSVT 
HS65_LS_CB4I6X9           90     374.400      0.416     13.192    CORE65LPSVT 
HS65_LS_CBI4I1X5          27      98.280      0.124      4.725    CORE65LPSVT 
HS65_LS_CBI4I6X5           9      32.760      0.021      2.546    CORE65LPSVT 
HS65_LS_CNIVX7             8      12.480      0.016      0.323    CORE65LPSVT 
HS65_LS_DFPHQX9         1422   14788.800     14.302   3482.845    CORE65LPSVT 
HS65_LS_DFPRQNX9          44     457.600      0.433     54.089    CORE65LPSVT 
HS65_LS_DFPRQX18          19     207.480      0.251     24.440    CORE65LPSVT 
HS65_LS_DFPRQX27          11     131.560      0.183     15.699    CORE65LPSVT 
HS65_LS_DFPRQX35          40     499.200      0.806     63.214    CORE65LPSVT 
HS65_LS_DFPRQX9           26     270.400      0.260     30.827    CORE65LPSVT 
HS65_LS_FA1X4           6512   60952.320     40.594   4233.650    CORE65LPSVT 
HS65_LS_HA1X4            738    3837.600      3.851    195.475    CORE65LPSVT 
HS65_LS_IVX18            264     549.120      1.390     27.909    CORE65LPSVT 
HS65_LS_IVX27             51     159.120      0.465      9.097    CORE65LPSVT 
HS65_LS_IVX35             96     349.440      1.205     17.123    CORE65LPSVT 
HS65_LS_IVX44              6      24.960      0.098      1.028    CORE65LPSVT 
HS65_LS_IVX71              6      37.440      0.165      1.382    CORE65LPSVT 
HS65_LS_IVX9            3323    5183.880      8.109    233.409    CORE65LPSVT 
HS65_LS_MUX21I1X6         18      74.880      0.113      2.970    CORE65LPSVT 
HS65_LS_MUXI21X2          15      54.600      0.044      1.486    CORE65LPSVT 
HS65_LS_NAND2AX7          83     258.960      0.386     10.792    CORE65LPSVT 
HS65_LS_NAND2X7          475     988.000      1.203     29.360    CORE65LPSVT 
HS65_LS_NAND3AX6           9      32.760      0.051      0.864    CORE65LPSVT 
HS65_LS_NAND3X5            6      15.600      0.007      0.077    CORE65LPSVT 
HS65_LS_NAND4ABX3          3      10.920      0.012      0.225    CORE65LPSVT 
HS65_LS_NOR2AX3          264     686.400      0.664     21.510    CORE65LPSVT 
HS65_LS_NOR2X6           531    1104.480      1.493     34.246    CORE65LPSVT 
HS65_LS_NOR3X4             9      23.400      0.034      0.640    CORE65LPSVT 
HS65_LS_NOR4ABX2           3      10.920      0.008      0.164    CORE65LPSVT 
HS65_LS_OA112X9            3      12.480      0.017      0.560    CORE65LPSVT 
HS65_LS_OA12X9            51     185.640      0.251      9.505    CORE65LPSVT 
HS65_LS_OA212X4            3      15.600      0.008      0.348    CORE65LPSVT 
HS65_LS_OAI112X5           3      10.920      0.021      0.306    CORE65LPSVT 
HS65_LS_OAI12X3          232     603.200      0.476     13.702    CORE65LPSVT 
HS65_LS_OAI21X3           62     161.200      0.136      5.213    CORE65LPSVT 
HS65_LS_OAI22X6           21      76.440      0.079      7.057    CORE65LPSVT 
HS65_LS_OR2X9            201     627.120      0.941     45.452    CORE65LPSVT 
HS65_LS_PAO2X9           470    2199.600      2.170    240.942    CORE65LPSVT 
HS65_LS_PAOI2X1          168     611.520      0.207     10.589    CORE65LPSVT 
HS65_LS_XOR2X18           10      67.600      0.219      4.130    CORE65LPSVT 
HS65_LS_XOR2X9            13      67.600      0.129      3.547    CORE65LPSVT 
HS65_LS_XOR3X9            30     280.800      0.219     12.251    CORE65LPSVT 
------------------------------------------------------------------------------
total                  17384  104853.320     92.077   9252.949                


                                             Leakage  Leakage  Internal  Internal 
     Type      Instances    Area    Area % Power (uW) Power % Power (uW)  Power % 
----------------------------------------------------------------------------------
sequential          1562  16355.040   15.6     16.235    17.6   3671.114     39.7 
inverter            3754   6316.440    6.0     11.447    12.4    290.271      3.1 
buffer               129    412.880    0.4      1.162     1.3     24.709      0.3 
logic              11939  81768.960   78.0     63.233    68.7   5266.856     56.9 
physical_cells         0      0.000    0.0      0.000     0.0      0.000      0.0 
----------------------------------------------------------------------------------
total              17384 104853.320  100.0     92.077   100.0   9252.949    100.0 

