============================================================
  Generated by:           Genus(TM) Synthesis Solution 17.10-p007_1
  Generated on:           Mar 03 2020  09:57:27 pm
  Module:                 INTER_4
  Technology libraries:   CORE65LPSVT 
                          CLOCK65LPSVT 
                          physical_cells 
  Operating conditions:   _nominal_ 
  Interconnect mode:      global
  Area mode:              physical library
============================================================

                                         Leakage   Internal  
      Gate        Instances    Area    Power (uW) Power (uW)     Library    
----------------------------------------------------------------------------
HS65_LSS_XNOR2X6        170    707.200      1.147     34.997    CORE65LPSVT 
HS65_LSS_XOR2X6         170    707.200      1.072     25.865    CORE65LPSVT 
HS65_LSS_XOR3X2          51    397.800      0.276      9.548    CORE65LPSVT 
HS65_LS_AND2X4           34     88.400      0.084      3.350    CORE65LPSVT 
HS65_LS_AO12X9           68    247.520      0.301     10.466    CORE65LPSVT 
HS65_LS_AO32X4           34    159.120      0.092      4.054    CORE65LPSVT 
HS65_LS_AOI112X4         34    123.760      0.163      2.656    CORE65LPSVT 
HS65_LS_AOI12X2          34     88.400      0.038      2.373    CORE65LPSVT 
HS65_LS_AOI21X6          34    106.080      0.109      2.571    CORE65LPSVT 
HS65_LS_BFX18            16     49.920      0.129      2.441    CORE65LPSVT 
HS65_LS_BFX27            24     87.360      0.304      5.427    CORE65LPSVT 
HS65_LS_BFX35            28    145.600      0.487      7.492    CORE65LPSVT 
HS65_LS_BFX9             18     37.440      0.065      1.492    CORE65LPSVT 
HS65_LS_CNIVX7           17     26.520      0.030      0.656    CORE65LPSVT 
HS65_LS_DFPRQX18        109   1190.280      1.439    352.895    CORE65LPSVT 
HS65_LS_DFPRQX4         510   5304.000      4.458   1997.952    CORE65LPSVT 
HS65_LS_DFPRQX9          91    946.400      0.911    287.531    CORE65LPSVT 
HS65_LS_FA1X4          2363  22117.680     14.735   1323.618    CORE65LPSVT 
HS65_LS_FA1X9           102   1113.840      1.123     64.345    CORE65LPSVT 
HS65_LS_HA1X4           408   2121.600      2.123     96.352    CORE65LPSVT 
HS65_LS_HA1X9            34    212.160      0.333      9.036    CORE65LPSVT 
HS65_LS_IVX18            93    193.440      0.498      6.501    CORE65LPSVT 
HS65_LS_IVX2              1      1.560      0.001      0.037    CORE65LPSVT 
HS65_LS_IVX9           1445   2254.200      3.443     70.094    CORE65LPSVT 
HS65_LS_NAND2X7         391    813.280      1.115     22.413    CORE65LPSVT 
HS65_LS_NOR2AX3         272    707.200      0.680     20.118    CORE65LPSVT 
HS65_LS_NOR2X6          510   1060.800      1.554     28.558    CORE65LPSVT 
HS65_LS_NOR3X4           34     88.400      0.105      3.226    CORE65LPSVT 
HS65_LS_OAI12X3          68    176.800      0.135      4.533    CORE65LPSVT 
HS65_LS_OAI211X5         34    123.760      0.199      5.780    CORE65LPSVT 
HS65_LS_OAI21X3         153    397.800      0.334      7.830    CORE65LPSVT 
HS65_LS_OR2X9            68    212.160      0.244      5.660    CORE65LPSVT 
HS65_LS_PAO2X9          153    716.040      0.750     60.687    CORE65LPSVT 
HS65_LS_PAO3X18          17    114.920      0.192      8.656    CORE65LPSVT 
HS65_LS_PAOI2X1          34    123.760      0.047      1.459    CORE65LPSVT 
HS65_LS_XNOR2X4          34    159.120      0.195      5.217    CORE65LPSVT 
HS65_LS_XOR3X9           34    318.240      0.242      5.444    CORE65LPSVT 
----------------------------------------------------------------------------
total                  7690  43439.760     39.155   4501.333                


                                            Leakage  Leakage  Internal  Internal 
     Type      Instances    Area   Area % Power (uW) Power % Power (uW)  Power % 
---------------------------------------------------------------------------------
sequential           710  7440.680   17.1      6.809    17.4   2638.378     58.6 
inverter            1556  2475.720    5.7      3.973    10.1     77.288      1.7 
buffer                86   320.320    0.7      0.985     2.5     16.854      0.4 
logic               5338 33203.040   76.4     27.389    69.9   1768.812     39.3 
physical_cells         0     0.000    0.0      0.000     0.0      0.000      0.0 
---------------------------------------------------------------------------------
total               7690 43439.760  100.0     39.155   100.0   4501.333    100.0 

