============================================================
  Generated by:           Genus(TM) Synthesis Solution 17.10-p007_1
  Generated on:           Mar 03 2020  09:57:27 pm
  Module:                 INTER_4
  Technology libraries:   CORE65LPSVT 
                          CLOCK65LPSVT 
                          physical_cells 
  Operating conditions:   _nominal_ 
  Interconnect mode:      global
  Area mode:              physical library
============================================================

                                     Leakage   Internal    Net        Dynamic          Total       
                                                                  (Internal+Net) (Leakage+Dynamic) 
           Instance           Cells Power(uW) Power(uW) Power(uW)    Power(uW)       Power(uW)     
---------------------------------------------------------------------------------------------------
INTER_4                        7690    39.155  4501.333  2951.198       7452.530          7491.686 
  gen_filter[14].U_S0           406     1.847   109.966   130.482        240.448           242.295 
    csa_tree_U.._18_10_groupi    51     0.270    27.735    27.454         55.190            55.459 
    csa_tree_U.._18_10_groupi    51     0.269    26.479    26.427         52.906            53.176 
    csa_tree_U.._18_10_groupi    68     0.249     5.702    10.339         16.041            16.289 
    csa_tree_U.._18_10_groupi    68     0.247     6.078    10.691         16.769            17.016 
    csa_tree_U.._18_10_groupi    36     0.203    19.001    19.596         38.598            38.800 
    addinc_U_S2_add_18_16        16     0.100     4.866     4.713          9.578             9.678 
    addinc_U_S22_add_18_16       16     0.100     4.556     4.510          9.067             9.166 
    U_S11_add_41_16              10     0.061     2.662     2.567          5.229             5.290 
    U_1_U_S1_add_18_10            9     0.055     2.379     4.087          6.465             6.520 
    U_1_U_S0_add_18_10            9     0.055     2.587     3.657          6.245             6.299 
    U_2_U_S0_add_18_10            9     0.055     2.417     3.670          6.087             6.142 
    U_2_U_S1_add_18_10            9     0.054     2.635     4.613          7.247             7.302 
  gen_filter[2].U_S0            406     1.846   108.566   130.237        238.803           240.649 
    csa_tree_U.._18_10_groupi    51     0.270    25.510    25.456         50.967            51.236 
    csa_tree_U.._18_10_groupi    51     0.269    27.068    27.073         54.141            54.410 
    csa_tree_U.._18_10_groupi    68     0.248     6.201    11.296         17.496            17.745 
    csa_tree_U.._18_10_groupi    68     0.248     6.325    11.178         17.503            17.751 
    csa_tree_U.._18_10_groupi    36     0.203    17.832    18.444         36.276            36.478 
    addinc_U_S2_add_18_16        16     0.100     4.898     4.926          9.824             9.924 
    addinc_U_S22_add_18_16       16     0.100     4.733     4.805          9.538             9.638 
    U_S11_add_41_16              10     0.061     3.070     2.999          6.069             6.130 
    U_1_U_S0_add_18_10            9     0.054     2.130     2.979          5.110             5.164 
    U_2_U_S1_add_18_10            9     0.054     2.648     4.637          7.285             7.340 
    U_1_U_S1_add_18_10            9     0.054     2.527     4.344          6.870             6.925 
    U_2_U_S0_add_18_10            9     0.054     2.755     4.177          6.932             6.986 
  gen_filter[15].U_S0           405     1.846   111.412   132.945        244.357           246.203 
    csa_tree_U.._18_10_groupi    51     0.269    27.652    27.334         54.985            55.254 
    csa_tree_U.._18_10_groupi    51     0.269    26.566    26.411         52.977            53.246 
    csa_tree_U.._18_10_groupi    68     0.249     6.626    11.817         18.444            18.692 
    csa_tree_U.._18_10_groupi    68     0.248     5.921    10.743         16.664            16.913 
    csa_tree_U.._18_10_groupi    36     0.203    18.310    19.339         37.649            37.852 
    addinc_U_S2_add_18_16        16     0.100     5.084     4.952         10.037            10.137 
    addinc_U_S22_add_18_16       16     0.100     5.347     5.239         10.586            10.686 
    U_S11_add_41_16              10     0.061     2.996     2.909          5.905             5.966 
    U_2_U_S1_add_18_10            9     0.055     2.429     4.223          6.652             6.707 
    U_2_U_S0_add_18_10            9     0.055     2.509     3.861          6.370             6.424 
    U_1_U_S0_add_18_10            9     0.055     2.416     3.411          5.827             5.882 
    U_1_U_S1_add_18_10            9     0.054     2.635     4.613          7.247             7.302 
  gen_filter[1].U_S0            405     1.845   114.912   137.691        252.604           254.448 
    csa_tree_U.._18_10_groupi    51     0.270    27.866    28.015         55.881            56.150 
    csa_tree_U.._18_10_groupi    51     0.269    27.174    27.306         54.480            54.749 
    csa_tree_U.._18_10_groupi    68     0.250     6.206    11.127         17.332            17.582 
    csa_tree_U.._18_10_groupi    68     0.248     7.135    12.759         19.895            20.143 
    csa_tree_U.._18_10_groupi    36     0.203    18.745    19.658         38.403            38.606 
    addinc_U_S22_add_18_16       16     0.100     6.038     5.918         11.956            12.056 
    addinc_U_S2_add_18_16        16     0.099     5.448     5.405         10.854            10.953 
    U_S11_add_41_16              10     0.060     3.360     3.299          6.659             6.720 
    U_1_U_S0_add_18_10            9     0.055     2.646     3.694          6.340             6.395 
    U_1_U_S1_add_18_10            9     0.055     2.633     4.526          7.159             7.213 
    U_2_U_S0_add_18_10            9     0.054     2.131     3.214          5.344             5.399 
    U_2_U_S1_add_18_10            9     0.054     2.527     4.344          6.870             6.925 
  gen_filter[11].U_S0           405     1.844   103.371   123.050        226.420           228.265 
    csa_tree_U.._18_10_groupi    51     0.270    25.690    25.507         51.197            51.467 
    csa_tree_U.._18_10_groupi    51     0.269    24.053    23.731         47.784            48.053 
    csa_tree_U.._18_10_groupi    68     0.250     5.264     9.524         14.788            15.038 
    csa_tree_U.._18_10_groupi    68     0.249     5.702    10.340         16.042            16.291 
    csa_tree_U.._18_10_groupi    36     0.203    18.538    19.064         37.602            37.805 
    addinc_U_S22_add_18_16       16     0.100     5.070     5.239         10.309            10.409 
    addinc_U_S2_add_18_16        16     0.099     4.477     4.444          8.921             9.020 
    U_S11_add_41_16              10     0.061     3.006     2.955          5.961             6.022 
    U_2_U_S1_add_18_10            9     0.055     2.046     3.497          5.542             5.597 
    U_2_U_S0_add_18_10            9     0.055     2.030     3.153          5.183             5.237 
    U_1_U_S0_add_18_10            9     0.054     2.376     3.383          5.758             5.813 
    U_1_U_S1_add_18_10            9     0.054     2.311     4.102          6.412             6.467 
  gen_filter[8].U_S0            405     1.844   103.736   123.889        227.624           229.468 
    csa_tree_U.._18_10_groupi    51     0.269    24.151    24.139         48.290            48.559 
    csa_tree_U.._18_10_groupi    51     0.269    25.775    25.566         51.341            51.610 
    csa_tree_U.._18_10_groupi    68     0.250     5.268     9.526         14.794            15.044 
    csa_tree_U.._18_10_groupi    68     0.249     6.047    10.802         16.850            17.098 
    csa_tree_U.._18_10_groupi    36     0.203    17.605    18.174         35.779            35.982 
    addinc_U_S2_add_18_16        16     0.100     5.176     5.357         10.533            10.633 
    addinc_U_S22_add_18_16       16     0.099     4.746     4.649          9.395             9.494 
    U_S11_add_41_16              10     0.061     2.880     2.843          5.724             5.784 
    U_1_U_S0_add_18_10            9     0.055     2.427     3.391          5.817             5.872 
    U_1_U_S1_add_18_10            9     0.055     2.468     4.409          6.877             6.932 
    U_2_U_S0_add_18_10            9     0.055     2.292     3.448          5.741             5.795 
    U_2_U_S1_add_18_10            9     0.055     2.150     3.729          5.879             5.934 
  gen_filter[13].U_S0           405     1.843   108.708   128.105        236.813           238.656 
    csa_tree_U.._18_10_groupi    51     0.270    27.135    26.995         54.130            54.400 
    csa_tree_U.._18_10_groupi    51     0.269    26.623    26.452         53.075            53.344 
    csa_tree_U.._18_10_groupi    68     0.249     5.369     9.697         15.066            15.315 
    csa_tree_U.._18_10_groupi    68     0.248     5.768    10.179         15.947            16.195 
    csa_tree_U.._18_10_groupi    36     0.202    19.085    19.246         38.331            38.534 
    addinc_U_S2_add_18_16        16     0.100     5.256     5.270         10.525            10.625 
    addinc_U_S22_add_18_16       16     0.099     4.339     4.324          8.663             8.763 
    U_S11_add_41_16              10     0.061     2.612     2.554          5.166             5.227 
    U_2_U_S1_add_18_10            9     0.055     2.379     4.087          6.465             6.520 
    U_2_U_S0_add_18_10            9     0.055     2.588     3.956          6.544             6.599 
    U_1_U_S1_add_18_10            9     0.055     2.571     4.452          7.023             7.078 
    U_1_U_S0_add_18_10            9     0.055     2.213     3.156          5.370             5.424 
  gen_filter[12].U_S0           405     1.843   113.574   134.003        247.577           249.420 
    csa_tree_U.._18_10_groupi    51     0.270    27.123    27.182         54.305            54.575 
    csa_tree_U.._18_10_groupi    51     0.269    28.104    27.838         55.942            56.211 
    csa_tree_U.._18_10_groupi    68     0.249     6.622    11.818         18.440            18.689 
    csa_tree_U.._18_10_groupi    68     0.248     6.549    11.085         17.634            17.882 
    csa_tree_U.._18_10_groupi    36     0.203    18.684    19.086         37.770            37.972 
    addinc_U_S2_add_18_16        16     0.100     5.937     5.917         11.854            11.953 
    addinc_U_S22_add_18_16       16     0.100     5.640     5.692         11.332            11.432 
    U_S11_add_41_16              10     0.061     3.165     3.066          6.231             6.292 
    U_1_U_S1_add_18_10            9     0.055     2.046     3.497          5.542             5.597 
    U_2_U_S1_add_18_10            9     0.055     2.571     4.452          7.023             7.078 
    U_1_U_S0_add_18_10            9     0.055     2.029     2.882          4.912             4.966 
    U_2_U_S0_add_18_10            9     0.055     2.214     3.490          5.704             5.759 
  gen_filter[10].U_S0           405     1.843    98.489   117.071        215.560           217.402 
    csa_tree_U.._18_10_groupi    51     0.269    24.221    24.150         48.371            48.641 
    csa_tree_U.._18_10_groupi    51     0.269    25.170    25.269         50.439            50.708 
    csa_tree_U.._18_10_groupi    68     0.249     5.370     9.697         15.067            15.316 
    csa_tree_U.._18_10_groupi    68     0.248     4.741     8.511         13.253            13.501 
    csa_tree_U.._18_10_groupi    36     0.203    16.436    16.805         33.240            33.443 
    addinc_U_S22_add_18_16       16     0.100     4.306     4.312          8.618             8.718 
    addinc_U_S2_add_18_16        16     0.100     4.071     4.180          8.251             8.351 
    U_S11_add_41_16              10     0.061     2.435     2.365          4.800             4.860 
    U_1_U_S0_add_18_10            9     0.055     2.171     3.009          5.180             5.235 
    U_1_U_S1_add_18_10            9     0.054     2.316     3.941          6.257             6.311 
    U_2_U_S0_add_18_10            9     0.054     2.376     3.672          6.048             6.103 
    U_2_U_S1_add_18_10            9     0.054     2.311     4.102          6.412             6.467 
  gen_filter[16].U_S0           405     1.842   112.991   134.625        247.616           249.458 
    csa_tree_U.._18_10_groupi    51     0.270    27.814    27.735         55.549            55.819 
    csa_tree_U.._18_10_groupi    51     0.269    27.215    27.236         54.451            54.720 
    csa_tree_U.._18_10_groupi    68     0.250     6.697    12.246         18.943            19.193 
    csa_tree_U.._18_10_groupi    68     0.248     5.769    10.180         15.949            16.197 
    csa_tree_U.._18_10_groupi    36     0.203    19.474    20.241         39.714            39.918 
    addinc_U_S22_add_18_16       16     0.099     5.519     5.324         10.843            10.942 
    addinc_U_S2_add_18_16        16     0.099     5.078     5.060         10.139            10.238 
    U_S11_add_41_16              10     0.060     2.724     2.660          5.384             5.444 
    U_1_U_S1_add_18_10            9     0.055     2.429     4.223          6.652             6.707 
    U_2_U_S0_add_18_10            9     0.055     2.502     3.839          6.340             6.395 
    U_2_U_S1_add_18_10            9     0.055     2.350     3.885          6.235             6.289 
    U_1_U_S0_add_18_10            9     0.055     2.508     3.587          6.095             6.149 
  gen_filter[6].U_S0            405     1.842   109.100   130.054        239.154           240.996 
    csa_tree_U.._18_10_groupi    51     0.270    26.841    26.726         53.567            53.837 
    csa_tree_U.._18_10_groupi    51     0.269    25.394    25.342         50.736            51.005 
    csa_tree_U.._18_10_groupi    68     0.249     5.977    10.708         16.685            16.934 
    csa_tree_U.._18_10_groupi    68     0.249     6.163    11.350         17.513            17.762 
    csa_tree_U.._18_10_groupi    36     0.203    18.518    18.949         37.467            37.670 
    addinc_U_S2_add_18_16        16     0.100     5.390     5.231         10.621            10.721 
    addinc_U_S22_add_18_16       16     0.099     5.155     4.971         10.126            10.225 
    U_S11_add_41_16              10     0.061     2.717     2.642          5.359             5.420 
    U_2_U_S0_add_18_10            9     0.054     2.671     4.060          6.731             6.785 
    U_2_U_S1_add_18_10            9     0.054     2.604     4.431          7.035             7.089 
    U_1_U_S1_add_18_10            9     0.054     2.516     4.348          6.864             6.919 
    U_1_U_S0_add_18_10            9     0.054     2.272     3.232          5.504             5.558 
  gen_filter[9].U_S0            405     1.842   104.686   124.953        229.639           231.481 
    csa_tree_U.._18_10_groupi    51     0.269    25.724    25.839         51.564            51.833 
    csa_tree_U.._18_10_groupi    51     0.269    24.824    24.795         49.619            49.888 
    csa_tree_U.._18_10_groupi    68     0.249     6.161    11.349         17.510            17.759 
    csa_tree_U.._18_10_groupi    68     0.248     6.547    11.084         17.631            17.879 
    csa_tree_U.._18_10_groupi    36     0.203    16.895    17.385         34.280            34.482 
    addinc_U_S22_add_18_16       16     0.100     5.156     5.229         10.385            10.485 
    addinc_U_S2_add_18_16        16     0.099     4.901     4.816          9.717             9.816 
    U_S11_add_41_16              10     0.061     2.859     2.786          5.645             5.705 
    U_2_U_S0_add_18_10            9     0.055     2.172     3.259          5.431             5.486 
    U_1_U_S0_add_18_10            9     0.055     2.292     3.258          5.550             5.605 
    U_1_U_S1_add_18_10            9     0.055     2.150     3.729          5.879             5.934 
    U_2_U_S1_add_18_10            9     0.054     2.316     3.941          6.257             6.311 
  gen_filter[3].U_S0            405     1.842   110.444   130.872        241.315           243.157 
    csa_tree_U.._18_10_groupi    51     0.269    26.639    26.533         53.172            53.441 
    csa_tree_U.._18_10_groupi    51     0.269    26.854    26.764         53.618            53.887 
    csa_tree_U.._18_10_groupi    68     0.249     5.978    10.710         16.688            16.937 
    csa_tree_U.._18_10_groupi    68     0.248     5.628     9.903         15.531            15.779 
    csa_tree_U.._18_10_groupi    36     0.203    19.807    20.542         40.349            40.552 
    addinc_U_S2_add_18_16        16     0.100     4.579     4.550          9.129             9.229 
    addinc_U_S22_add_18_16       16     0.100     5.129     5.113         10.242            10.342 
    U_S11_add_41_16              10     0.061     2.961     2.867          5.828             5.889 
    U_2_U_S0_add_18_10            9     0.055     2.199     3.359          5.559             5.613 
    U_2_U_S1_add_18_10            9     0.054     2.386     4.013          6.399             6.453 
    U_1_U_S1_add_18_10            9     0.054     2.648     4.637          7.285             7.340 
    U_1_U_S0_add_18_10            9     0.054     2.755     3.831          6.586             6.640 
  gen_filter[0].U_S0            405     1.842   109.083   130.559        239.642           241.483 
    csa_tree_U.._18_10_groupi    51     0.270    27.129    27.103         54.232            54.501 
    csa_tree_U.._18_10_groupi    51     0.269    26.184    26.172         52.356            52.626 
    csa_tree_U.._18_10_groupi    68     0.249     6.289    11.256         17.545            17.794 
    csa_tree_U.._18_10_groupi    68     0.248     5.628     9.904         15.532            15.780 
    csa_tree_U.._18_10_groupi    36     0.203    18.176    19.058         37.233            37.436 
    addinc_U_S22_add_18_16       16     0.100     4.237     4.193          8.430             8.530 
    addinc_U_S2_add_18_16        16     0.100     4.698     4.650          9.347             9.447 
    U_S11_add_41_16              10     0.061     3.314     3.237          6.551             6.612 
    U_2_U_S0_add_18_10            9     0.055     2.647     3.947          6.594             6.648 
    U_2_U_S1_add_18_10            9     0.055     2.633     4.526          7.159             7.213 
    U_1_U_S0_add_18_10            9     0.054     2.565     3.625          6.190             6.244 
    U_1_U_S1_add_18_10            9     0.054     2.659     4.614          7.273             7.327 
  gen_filter[7].U_S0            405     1.841   101.247   121.198        222.445           224.286 
    csa_tree_U.._18_10_groupi    51     0.269    24.208    24.074         48.282            48.552 
    csa_tree_U.._18_10_groupi    51     0.269    25.396    25.278         50.674            50.944 
    csa_tree_U.._18_10_groupi    68     0.248     4.744     8.513         13.257            13.505 
    csa_tree_U.._18_10_groupi    68     0.248     6.314    11.288         17.602            17.850 
    csa_tree_U.._18_10_groupi    36     0.203    16.643    17.406         34.050            34.253 
    addinc_U_S2_add_18_16        16     0.100     4.197     4.150          8.348             8.447 
    addinc_U_S22_add_18_16       16     0.100     3.941     3.835          7.776             7.875 
    U_S11_add_41_16              10     0.060     2.856     2.791          5.647             5.708 
    U_2_U_S0_add_18_10            9     0.055     2.427     3.663          6.090             6.145 
    U_2_U_S1_add_18_10            9     0.055     2.468     4.409          6.877             6.932 
    U_1_U_S0_add_18_10            9     0.054     2.671     3.794          6.464             6.519 
    U_1_U_S1_add_18_10            9     0.054     2.604     4.431          7.035             7.089 
  gen_filter[5].U_S0            405     1.841   110.601   132.515        243.116           244.956 
    csa_tree_U.._18_10_groupi    51     0.269    25.655    25.575         51.230            51.499 
    csa_tree_U.._18_10_groupi    51     0.269    27.408    27.401         54.808            55.078 
    csa_tree_U.._18_10_groupi    68     0.249     6.050    10.806         16.856            17.104 
    csa_tree_U.._18_10_groupi    68     0.248     6.326    11.178         17.504            17.753 
    csa_tree_U.._18_10_groupi    36     0.203    19.110    20.055         39.165            39.368 
    addinc_U_S22_add_18_16       16     0.100     4.432     4.510          8.942             9.041 
    addinc_U_S2_add_18_16        16     0.100     5.195     5.192         10.387            10.487 
    U_S11_add_41_16              10     0.061     3.270     3.192          6.461             6.522 
    U_1_U_S0_add_18_10            9     0.054     2.772     3.911          6.683             6.738 
    U_1_U_S1_add_18_10            9     0.054     2.611     4.617          7.228             7.282 
    U_2_U_S1_add_18_10            9     0.054     2.516     4.348          6.864             6.919 
    U_2_U_S0_add_18_10            9     0.054     2.272     3.501          5.773             5.827 
  gen_filter[4].U_S0            405     1.840   114.848   136.712        251.560           253.401 
    csa_tree_U.._18_10_groupi    51     0.269    28.711    28.617         57.328            57.597 
    csa_tree_U.._18_10_groupi    51     0.269    27.326    27.170         54.496            54.765 
    csa_tree_U.._18_10_groupi    68     0.248     7.138    12.760         19.898            20.146 
    csa_tree_U.._18_10_groupi    68     0.248     6.316    11.292         17.608            17.856 
    csa_tree_U.._18_10_groupi    36     0.203    18.961    19.642         38.603            38.806 
    addinc_U_S22_add_18_16       16     0.100     5.090     4.988         10.078            10.178 
    addinc_U_S2_add_18_16        16     0.100     5.346     5.125         10.472            10.571 
    U_S11_add_41_16              10     0.060     3.044     2.980          6.024             6.084 
    U_1_U_S0_add_18_10            9     0.055     2.199     3.118          5.317             5.371 
    U_2_U_S0_add_18_10            9     0.054     2.773     4.210          6.982             7.037 
    U_1_U_S1_add_18_10            9     0.054     2.386     4.013          6.399             6.453 
    U_2_U_S1_add_18_10            9     0.054     2.611     4.617          7.228             7.282 

