============================================================
  Generated by:           Genus(TM) Synthesis Solution 17.10-p007_1
  Generated on:           Mar 03 2020  05:02:31 pm
  Module:                 INTER_2
  Technology libraries:   CORE65LPSVT 
                          CLOCK65LPSVT 
                          physical_cells 
  Operating conditions:   _nominal_ 
  Interconnect mode:      global
  Area mode:              physical library
============================================================

                                          Leakage   Internal  
       Gate        Instances    Area    Power (uW) Power (uW)     Library    
-----------------------------------------------------------------------------
HS65_LSS_XNOR2X12        264   1784.640      3.591    105.697    CORE65LPSVT 
HS65_LSS_XNOR2X6         660   2745.600      4.508    142.361    CORE65LPSVT 
HS65_LSS_XOR2X6          198    823.680      1.073    115.442    CORE65LPSVT 
HS65_LS_AND2X18           66    240.240      0.612      8.993    CORE65LPSVT 
HS65_LS_AND2X27          132    755.040      2.163     42.378    CORE65LPSVT 
HS65_LS_AND2X35           66    411.840      1.547     28.434    CORE65LPSVT 
HS65_LS_AND2X9           198    617.760      0.929     26.278    CORE65LPSVT 
HS65_LS_AOI13X15          66    583.440      1.345     22.088    CORE65LPSVT 
HS65_LS_BFX18             32     99.840      0.259      4.640    CORE65LPSVT 
HS65_LS_BFX27            132    480.480      1.670     31.042    CORE65LPSVT 
HS65_LS_BFX53             64    399.360      1.724     28.518    CORE65LPSVT 
HS65_LS_BFX9              66    137.280      0.238      5.438    CORE65LPSVT 
HS65_LS_CB4I6X9           66    274.560      0.335     19.565    CORE65LPSVT 
HS65_LS_CBI4I1X16         66    583.440      1.098     24.711    CORE65LPSVT 
HS65_LS_CBI4I1X21        132   1578.720      3.260     60.939    CORE65LPSVT 
HS65_LS_CBI4I1X5          66    240.240      0.338      7.521    CORE65LPSVT 
HS65_LS_CNIVX21           82    255.840      0.507      9.921    CORE65LPSVT 
HS65_LS_CNIVX27           66    240.240      0.567     11.215    CORE65LPSVT 
HS65_LS_CNIVX34           66    308.880      0.753     11.956    CORE65LPSVT 
HS65_LS_DFPRQX18          32    349.440      0.423    155.352    CORE65LPSVT 
HS65_LS_DFPRQX4          792   8236.800      6.922   4082.851    CORE65LPSVT 
HS65_LS_DFPRQX9          308   3203.200      3.085   1481.849    CORE65LPSVT 
HS65_LS_FA1X18           264   3706.560      6.055    445.765    CORE65LPSVT 
HS65_LS_FA1X27           528  11256.960     19.177   1268.497    CORE65LPSVT 
HS65_LS_FA1X4            198   1853.280      1.237     79.833    CORE65LPSVT 
HS65_LS_FA1X9             66    720.720      0.727     20.808    CORE65LPSVT 
HS65_LS_HA1X18           132    960.960      2.700    170.997    CORE65LPSVT 
HS65_LS_HA1X27           132   1578.720      4.387    233.838    CORE65LPSVT 
HS65_LS_HA1X4            165    858.000      0.848     44.267    CORE65LPSVT 
HS65_LS_HA1X9            198   1235.520      1.893    107.225    CORE65LPSVT 
HS65_LS_IVX18           1124   2337.920      6.110     84.497    CORE65LPSVT 
HS65_LS_IVX2               1      1.560      0.001      0.048    CORE65LPSVT 
HS65_LS_IVX22             66    205.920      0.504      9.437    CORE65LPSVT 
HS65_LS_IVX27            378   1179.360      3.494     45.338    CORE65LPSVT 
HS65_LS_IVX31             66    240.240      0.723     13.149    CORE65LPSVT 
HS65_LS_IVX35            132    480.480      1.640     13.934    CORE65LPSVT 
HS65_LS_IVX44             66    274.560      1.059     16.897    CORE65LPSVT 
HS65_LS_IVX62             66    377.520      1.562     26.747    CORE65LPSVT 
HS65_LS_IVX9             660   1029.600      1.673     25.931    CORE65LPSVT 
HS65_LS_MUXI21X10         66    549.120      0.801     44.888    CORE65LPSVT 
HS65_LS_MUXI21X5          66    308.880      0.380      8.476    CORE65LPSVT 
HS65_LS_NAND2AX14        462   1921.920      4.958     68.976    CORE65LPSVT 
HS65_LS_NAND2AX21        132    755.040      2.300     45.100    CORE65LPSVT 
HS65_LS_NAND2AX7         462   1441.440      2.047     31.663    CORE65LPSVT 
HS65_LS_NAND2X14         594   2162.160      4.348     66.716    CORE65LPSVT 
HS65_LS_NAND2X21         198   1029.600      2.666     40.032    CORE65LPSVT 
HS65_LS_NAND2X29          66    411.840      1.324     16.551    CORE65LPSVT 
HS65_LS_NAND2X57          66    789.360      2.386     29.679    CORE65LPSVT 
HS65_LS_NAND2X7          660   1372.800      1.724     48.626    CORE65LPSVT 
HS65_LS_NOR2AX19         198   1132.560      2.666     44.107    CORE65LPSVT 
HS65_LS_NOR2AX3          528   1372.800      1.337     35.159    CORE65LPSVT 
HS65_LS_NOR2AX6          132    411.840      0.654     18.594    CORE65LPSVT 
HS65_LS_NOR2X13          132    480.480      0.786     40.837    CORE65LPSVT 
HS65_LS_NOR2X19          132    686.400      1.420     37.109    CORE65LPSVT 
HS65_LS_NOR2X25          132    823.680      2.105     56.817    CORE65LPSVT 
HS65_LS_NOR2X38          132   1166.880      2.862     42.257    CORE65LPSVT 
HS65_LS_NOR2X6           396    823.680      1.144     21.937    CORE65LPSVT 
HS65_LS_OA12X18          330   1372.800      3.924     89.578    CORE65LPSVT 
HS65_LS_OA12X27           66    480.480      1.250     18.647    CORE65LPSVT 
HS65_LS_OA12X9            66    240.240      0.340     10.897    CORE65LPSVT 
HS65_LS_OA22X9            66    308.880      0.341      8.626    CORE65LPSVT 
HS65_LS_OAI112X11         66    411.840      0.842     14.882    CORE65LPSVT 
HS65_LS_OAI112X5          66    240.240      0.073      5.923    CORE65LPSVT 
HS65_LS_OAI12X12          66    343.200      0.639     34.732    CORE65LPSVT 
HS65_LS_OAI12X18          66    446.160      1.200     20.220    CORE65LPSVT 
HS65_LS_OAI13X15          66    583.440      1.239     27.865    CORE65LPSVT 
HS65_LS_OAI211X11         66    411.840      0.782     14.797    CORE65LPSVT 
HS65_LS_OAI21X18          66    446.160      0.864     12.161    CORE65LPSVT 
HS65_LS_OAI21X3           66    171.600      0.136      5.030    CORE65LPSVT 
HS65_LS_OR2X18            66    240.240      0.709     13.750    CORE65LPSVT 
HS65_LS_OR2X35            66    411.840      1.300     26.440    CORE65LPSVT 
HS65_LS_OR2X9            660   2059.200      2.904     79.391    CORE65LPSVT 
HS65_LS_PAO2X18           66    377.520      0.749     42.124    CORE65LPSVT 
HS65_LS_PAO2X9           132    617.760      0.588     34.810    CORE65LPSVT 
HS65_LS_PAOI2X11          66    514.800      0.510     37.089    CORE65LPSVT 
HS65_LS_PAOI2X17          66    720.720      1.031     21.952    CORE65LPSVT 
HS65_LS_XNOR2X18         330   2230.800      7.232    186.640    CORE65LPSVT 
HS65_LS_XNOR2X9          132    686.400      1.296     31.870    CORE65LPSVT 
HS65_LS_XOR2X18          132    892.320      2.910     81.576    CORE65LPSVT 
HS65_LS_XOR2X27          132   1372.800      4.211    108.554    CORE65LPSVT 
HS65_LS_XOR2X35           66    755.040      2.892     77.595    CORE65LPSVT 
-----------------------------------------------------------------------------
total                  15386  86625.240    164.608  10737.075                


                                            Leakage  Leakage  Internal  Internal 
     Type      Instances    Area   Area % Power (uW) Power % Power (uW)  Power % 
---------------------------------------------------------------------------------
sequential          1132 11789.440   13.6     10.430     6.3   5720.052     53.3 
inverter            2773  6932.120    8.0     18.592    11.3    269.071      2.5 
buffer               294  1116.960    1.3      3.891     2.4     69.638      0.6 
logic              11187 66786.720   77.1    131.696    80.0   4678.314     43.6 
physical_cells         0     0.000    0.0      0.000     0.0      0.000      0.0 
---------------------------------------------------------------------------------
total              15386 86625.240  100.0    164.608   100.0  10737.075    100.0 

