============================================================
  Generated by:           Genus(TM) Synthesis Solution 17.10-p007_1
  Generated on:           Mar 03 2020  03:23:18 pm
  Module:                 INTER_4
  Technology libraries:   CORE65LPSVT 
                          CLOCK65LPSVT 
                          physical_cells 
  Operating conditions:   _nominal_ 
  Interconnect mode:      global
  Area mode:              physical library
============================================================

                                         
       Gate        Instances     Area        Library    
--------------------------------------------------------
HS65_LSS_XNOR2X12       1006    6800.560    CORE65LPSVT 
HS65_LSS_XNOR2X18          3      31.200    CORE65LPSVT 
HS65_LSS_XNOR2X6         830    3452.800    CORE65LPSVT 
HS65_LSS_XNOR3X12         27     659.880    CORE65LPSVT 
HS65_LSS_XNOR3X4          42     414.960    CORE65LPSVT 
HS65_LSS_XNOR3X8          60    1123.200    CORE65LPSVT 
HS65_LSS_XOR2X12         107     667.680    CORE65LPSVT 
HS65_LSS_XOR2X3          129     536.640    CORE65LPSVT 
HS65_LSS_XOR2X6           81     336.960    CORE65LPSVT 
HS65_LSS_XOR3X12           1      25.480    CORE65LPSVT 
HS65_LS_AND2X18          199     724.360    CORE65LPSVT 
HS65_LS_AND2X27           88     503.360    CORE65LPSVT 
HS65_LS_AND2X35           77     480.480    CORE65LPSVT 
HS65_LS_AND2X4           827    2150.200    CORE65LPSVT 
HS65_LS_AND2X9           191     595.920    CORE65LPSVT 
HS65_LS_AND3X9             2       7.280    CORE65LPSVT 
HS65_LS_AO112X18          32     149.760    CORE65LPSVT 
HS65_LS_AO112X9          224     931.840    CORE65LPSVT 
HS65_LS_AO12X18          148     615.680    CORE65LPSVT 
HS65_LS_AO12X9           489    1779.960    CORE65LPSVT 
HS65_LS_AOI12X12         216    1123.200    CORE65LPSVT 
HS65_LS_AOI12X17          35     236.600    CORE65LPSVT 
HS65_LS_AOI12X23           3      26.520    CORE65LPSVT 
HS65_LS_AOI12X6            7      21.840    CORE65LPSVT 
HS65_LS_AOI13X10           5      31.200    CORE65LPSVT 
HS65_LS_AOI13X15          29     256.360    CORE65LPSVT 
HS65_LS_AOI13X5          130     473.200    CORE65LPSVT 
HS65_LS_AOI21X17           7      47.320    CORE65LPSVT 
HS65_LS_BFX106            62     741.520    CORE65LPSVT 
HS65_LS_BFX18            125     390.000    CORE65LPSVT 
HS65_LS_BFX27            339    1233.960    CORE65LPSVT 
HS65_LS_BFX35             97     504.400    CORE65LPSVT 
HS65_LS_BFX44             64     366.080    CORE65LPSVT 
HS65_LS_BFX53             66     411.840    CORE65LPSVT 
HS65_LS_BFX62             25     195.000    CORE65LPSVT 
HS65_LS_BFX71            120     998.400    CORE65LPSVT 
HS65_LS_CBI4I1X11        236    1472.640    CORE65LPSVT 
HS65_LS_CBI4I1X16        176    1555.840    CORE65LPSVT 
HS65_LS_CBI4I1X21          3      35.880    CORE65LPSVT 
HS65_LS_CBI4I1X5         200     728.000    CORE65LPSVT 
HS65_LS_CNBFX31            1       6.240    CORE65LPSVT 
HS65_LS_CNIVX21            2       6.240    CORE65LPSVT 
HS65_LS_CNIVX27            5      18.200    CORE65LPSVT 
HS65_LS_CNIVX34            6      28.080    CORE65LPSVT 
HS65_LS_CNIVX41            1       5.200    CORE65LPSVT 
HS65_LS_CNIVX55            4      27.040    CORE65LPSVT 
HS65_LS_CNIVX62            2      14.560    CORE65LPSVT 
HS65_LS_CNIVX7             1       1.560    CORE65LPSVT 
HS65_LS_DFPRQNX9          60     624.000    CORE65LPSVT 
HS65_LS_DFPRQX18         330    3603.600    CORE65LPSVT 
HS65_LS_DFPRQX27          54     645.840    CORE65LPSVT 
HS65_LS_DFPRQX35           2      24.960    CORE65LPSVT 
HS65_LS_DFPRQX4         1692   17596.800    CORE65LPSVT 
HS65_LS_DFPRQX9          492    5116.800    CORE65LPSVT 
HS65_LS_FA1X18          2125   29835.000    CORE65LPSVT 
HS65_LS_FA1X27          1828   38972.960    CORE65LPSVT 
HS65_LS_FA1X4           1203   11260.080    CORE65LPSVT 
HS65_LS_FA1X9           1041   11367.720    CORE65LPSVT 
HS65_LS_HA1X18            44     320.320    CORE65LPSVT 
HS65_LS_HA1X27             1      11.960    CORE65LPSVT 
HS65_LS_HA1X35             1      13.520    CORE65LPSVT 
HS65_LS_HA1X4            673    3499.600    CORE65LPSVT 
HS65_LS_HA1X9            238    1485.120    CORE65LPSVT 
HS65_LS_IVX18           2380    4950.400    CORE65LPSVT 
HS65_LS_IVX2               1       1.560    CORE65LPSVT 
HS65_LS_IVX27            425    1326.000    CORE65LPSVT 
HS65_LS_IVX31              1       3.640    CORE65LPSVT 
HS65_LS_IVX35            800    2912.000    CORE65LPSVT 
HS65_LS_IVX40              1       4.160    CORE65LPSVT 
HS65_LS_IVX44            525    2184.000    CORE65LPSVT 
HS65_LS_IVX53            230    1196.000    CORE65LPSVT 
HS65_LS_IVX62             20     114.400    CORE65LPSVT 
HS65_LS_IVX71              6      37.440    CORE65LPSVT 
HS65_LS_IVX9            3221    5024.760    CORE65LPSVT 
HS65_LS_MUX21I1X6          2       8.320    CORE65LPSVT 
HS65_LS_MUX21X18          52     324.480    CORE65LPSVT 
HS65_LS_MUX21X27           1       9.360    CORE65LPSVT 
HS65_LS_MUX21X9           43     201.240    CORE65LPSVT 
HS65_LS_MUXI21X10          1       8.320    CORE65LPSVT 
HS65_LS_MUXI21X15          1      10.400    CORE65LPSVT 
HS65_LS_MUXI21X5           1       4.680    CORE65LPSVT 
HS65_LS_NAND2AX14       1474    6131.840    CORE65LPSVT 
HS65_LS_NAND2AX21        534    3054.480    CORE65LPSVT 
HS65_LS_NAND2AX29          4      27.040    CORE65LPSVT 
HS65_LS_NAND2AX7        1266    3949.920    CORE65LPSVT 
HS65_LS_NAND2X14        2169    7895.160    CORE65LPSVT 
HS65_LS_NAND2X21         658    3421.600    CORE65LPSVT 
HS65_LS_NAND2X29         237    1478.880    CORE65LPSVT 
HS65_LS_NAND2X43           7      61.880    CORE65LPSVT 
HS65_LS_NAND2X7         4214    8765.120    CORE65LPSVT 
HS65_LS_NAND3X13           1       5.200    CORE65LPSVT 
HS65_LS_NAND3X5          128     332.800    CORE65LPSVT 
HS65_LS_NOR2AX13          57     237.120    CORE65LPSVT 
HS65_LS_NOR2AX19          50     286.000    CORE65LPSVT 
HS65_LS_NOR2AX3         1159    3013.400    CORE65LPSVT 
HS65_LS_NOR2AX6          225     702.000    CORE65LPSVT 
HS65_LS_NOR2X13          385    1401.400    CORE65LPSVT 
HS65_LS_NOR2X19          299    1554.800    CORE65LPSVT 
HS65_LS_NOR2X25          152     948.480    CORE65LPSVT 
HS65_LS_NOR2X3             2       4.160    CORE65LPSVT 
HS65_LS_NOR2X38           70     618.800    CORE65LPSVT 
HS65_LS_NOR2X5             1       2.080    CORE65LPSVT 
HS65_LS_NOR2X6          3070    6385.600    CORE65LPSVT 
HS65_LS_OA12X18           86     357.760    CORE65LPSVT 
HS65_LS_OA12X27            3      21.840    CORE65LPSVT 
HS65_LS_OA12X9           128     465.920    CORE65LPSVT 
HS65_LS_OAI112X11          6      37.440    CORE65LPSVT 
HS65_LS_OAI112X5          61     222.040    CORE65LPSVT 
HS65_LS_OAI12X12         207    1076.400    CORE65LPSVT 
HS65_LS_OAI12X18         263    1777.880    CORE65LPSVT 
HS65_LS_OAI12X24         126    1113.840    CORE65LPSVT 
HS65_LS_OAI12X3            3       7.800    CORE65LPSVT 
HS65_LS_OAI12X37          82    1066.000    CORE65LPSVT 
HS65_LS_OAI12X6          267     833.040    CORE65LPSVT 
HS65_LS_OAI13X10           2      12.480    CORE65LPSVT 
HS65_LS_OAI21X12          16      83.200    CORE65LPSVT 
HS65_LS_OAI21X24           1       8.840    CORE65LPSVT 
HS65_LS_OAI21X3          327     850.200    CORE65LPSVT 
HS65_LS_OAI21X6            2       6.240    CORE65LPSVT 
HS65_LS_OAI22X6           65     236.600    CORE65LPSVT 
HS65_LS_OAI32X5          130     540.800    CORE65LPSVT 
HS65_LS_OR2X18            43     156.520    CORE65LPSVT 
HS65_LS_OR2X27            77     440.440    CORE65LPSVT 
HS65_LS_OR2X9           1188    3706.560    CORE65LPSVT 
HS65_LS_PAO2X18          164     938.080    CORE65LPSVT 
HS65_LS_PAO2X27            1       9.880    CORE65LPSVT 
HS65_LS_PAO2X9           136     636.480    CORE65LPSVT 
HS65_LS_PAOI2X11          21     163.800    CORE65LPSVT 
HS65_LS_PAOI2X17          35     382.200    CORE65LPSVT 
HS65_LS_PAOI2X6          111     461.760    CORE65LPSVT 
HS65_LS_XNOR2X18         690    4664.400    CORE65LPSVT 
HS65_LS_XNOR2X27           5      52.000    CORE65LPSVT 
HS65_LS_XNOR2X35           3      34.320    CORE65LPSVT 
HS65_LS_XNOR2X9          774    4024.800    CORE65LPSVT 
HS65_LS_XNOR3X18           1      11.960    CORE65LPSVT 
HS65_LS_XNOR3X27           1      17.160    CORE65LPSVT 
HS65_LS_XOR2X18          367    2480.920    CORE65LPSVT 
HS65_LS_XOR2X27           98    1019.200    CORE65LPSVT 
HS65_LS_XOR2X35           32     366.080    CORE65LPSVT 
HS65_LS_XOR2X4           131     613.080    CORE65LPSVT 
HS65_LS_XOR2X9           621    3229.200    CORE65LPSVT 
HS65_LS_XOR3X18            2      22.880    CORE65LPSVT 
HS65_LS_XOR3X9             1       9.360    CORE65LPSVT 
--------------------------------------------------------
total                  46464  258081.720                


                                           
     Type      Instances    Area    Area % 
-------------------------------------------
sequential          2630  27612.000   10.7 
inverter            7631  17855.240    6.9 
buffer               899   4847.440    1.9 
logic              35304 207767.040   80.5 
physical_cells         0      0.000    0.0 
-------------------------------------------
total              46464 258081.720  100.0 

