============================================================
  Generated by:           Genus(TM) Synthesis Solution 17.10-p007_1
  Generated on:           Nov 22 2019  04:00:37 pm
  Module:                 FME_PIPE_4
  Technology libraries:   CORE65LPSVT 
                          CLOCK65LPSVT 
                          physical_cells 
  Operating conditions:   _nominal_ 
  Interconnect mode:      global
  Area mode:              physical library
============================================================

            Instance                       Module           Cells  Cell Area  Net Area   Total Area 
----------------------------------------------------------------------------------------------------
FME_PIPE_4                                                  17399      89879     36921       126799 
  U_inter                        interpolation_bit_width10  10784      54629     20712        75341 
  U_buffer                       buffer_shift                5425      27645     11934        39580 
  U_crtl                         CRTL_bit_width10              95        516       178          694 
  clipping[0].U_clip             clip8_bit_width10             15         71        14           85 
  clipping[6].U_clip             clip8_bit_width10_612         15         61        14           75 
  clipping[8].U_clip             clip8_bit_width10_610         15         59        14           73 
  clipping[5].U_clip             clip8_bit_width10_613         15         59        14           73 
  clipping[3].U_clip             clip8_bit_width10_615         15         59        14           73 
  clipping[2].U_clip             clip8_bit_width10_616         15         59        14           73 
  clipping[26].U_clip_gte_627_34 geq_signed_1376                6         46         7           53 
  clipping[24].U_clip_gte_627_34 geq_signed_1376_2341           6         46         7           53 
  clipping[23].U_clip_gte_627_34 geq_signed_1376_2340           6         46         7           53 
  clipping[21].U_clip_gte_627_34 geq_signed_1376_2338           6         46         7           53 
  clipping[20].U_clip_gte_627_34 geq_signed_1376_2337           6         46         7           53 
  clipping[18].U_clip_gte_627_34 geq_signed_1376_2335           6         46         7           53 
  clipping[17].U_clip_gte_627_34 geq_signed_1376_2334           6         46         7           53 
  clipping[15].U_clip_gte_627_34 geq_signed_1376_2332           6         46         7           53 
  clipping[14].U_clip_gte_627_34 geq_signed_1376_2331           6         46         7           53 
  clipping[12].U_clip_gte_627_34 geq_signed_1376_2329           6         46         7           53 
  clipping[11].U_clip_gte_627_34 geq_signed_1376_2328           6         46         7           53 
  clipping[9].U_clip_gte_627_34  geq_signed_1376_2326           6         46         7           53 
  clipping[7].U_clip             clip8_bit_width10_611         12         37        10           48 
  clipping[4].U_clip             clip8_bit_width10_614         12         37        10           48 
  clipping[1].U_clip             clip8_bit_width10_617         12         37        10           48 
  clipping[25].U_clip_gte_627_34 geq_signed_1376_2342           4         12         4           17 
  clipping[22].U_clip_gte_627_34 geq_signed_1376_2342_4025      4         12         4           17 
  clipping[19].U_clip_gte_627_34 geq_signed_1376_2342_4024      4         12         4           17 
  clipping[16].U_clip_gte_627_34 geq_signed_1376_2342_4023      4         12         4           17 
  clipping[13].U_clip_gte_627_34 geq_signed_1376_2342_4022      4         12         4           17 
  clipping[10].U_clip_gte_627_34 geq_signed_1376_2342_4021      4         12         4           17 
