============================================================
  Generated by:           Genus(TM) Synthesis Solution 17.10-p007_1
  Generated on:           Nov 22 2019  04:00:41 pm
  Module:                 FME_PIPE_4
  Technology libraries:   CORE65LPSVT 
                          CLOCK65LPSVT 
                          physical_cells 
  Operating conditions:   _nominal_ 
  Interconnect mode:      global
  Area mode:              physical library
============================================================

                                           Leakage   Internal  
       Gate         Instances    Area    Power (uW) Power (uW)     Library    
------------------------------------------------------------------------------
HS65_LSS_XNOR2X12          25    169.000      0.348     34.424    CORE65LPSVT 
HS65_LSS_XNOR2X18          32    332.800      0.712     68.513    CORE65LPSVT 
HS65_LSS_XNOR2X24           3     37.440      0.091      7.935    CORE65LPSVT 
HS65_LSS_XNOR2X6          285   1185.600      1.962    195.434    CORE65LPSVT 
HS65_LSS_XOR2X12            5     31.200      0.068      9.459    CORE65LPSVT 
HS65_LSS_XOR2X6           105    436.800      0.599     66.290    CORE65LPSVT 
HS65_LS_AND2ABX18           2      8.320      0.018      2.410    CORE65LPSVT 
HS65_LS_AND2ABX35           1      6.240      0.019      5.951    CORE65LPSVT 
HS65_LS_AND2X18           106    385.840      0.938     96.266    CORE65LPSVT 
HS65_LS_AND2X27            62    354.640      0.834    104.169    CORE65LPSVT 
HS65_LS_AND2X35            54    336.960      1.154    124.050    CORE65LPSVT 
HS65_LS_AND2X4            261    678.600      0.623     98.963    CORE65LPSVT 
HS65_LS_AND2X9             62    193.440      0.274     34.680    CORE65LPSVT 
HS65_LS_AND3ABCX27          2     12.480      0.024      0.399    CORE65LPSVT 
HS65_LS_AND3X35             4     31.200      0.070      0.943    CORE65LPSVT 
HS65_LS_AND3X9             16     58.240      0.054      3.525    CORE65LPSVT 
HS65_LS_AO12X18            35    145.600      0.378     25.380    CORE65LPSVT 
HS65_LS_AO12X27             3     20.280      0.052      4.767    CORE65LPSVT 
HS65_LS_AO12X9             25     91.000      0.131     12.485    CORE65LPSVT 
HS65_LS_AO212X4            12     56.160      0.055      5.085    CORE65LPSVT 
HS65_LS_AO311X9             9     42.120      0.044      8.317    CORE65LPSVT 
HS65_LS_AO312X18            6     37.440      0.075     12.029    CORE65LPSVT 
HS65_LS_AO31X9              1      4.160      0.004      0.000    CORE65LPSVT 
HS65_LS_AO32X18             6     34.320      0.069     11.911    CORE65LPSVT 
HS65_LS_AO32X9              6     31.200      0.032      7.980    CORE65LPSVT 
HS65_LS_AOI12X12           25    130.000      0.154     21.891    CORE65LPSVT 
HS65_LS_AOI12X17           44    297.440      0.605     54.776    CORE65LPSVT 
HS65_LS_AOI12X2            19     49.400      0.021      3.772    CORE65LPSVT 
HS65_LS_AOI12X23           23    203.320      0.398     49.651    CORE65LPSVT 
HS65_LS_AOI12X46            2     34.320      0.068     10.572    CORE65LPSVT 
HS65_LS_AOI12X6            97    302.640      0.424     38.479    CORE65LPSVT 
HS65_LS_AOI12X9             3     15.600      0.018      1.880    CORE65LPSVT 
HS65_LS_AOI13X10           12     74.880      0.080     18.938    CORE65LPSVT 
HS65_LS_AOI13X15            5     44.200      0.052      9.897    CORE65LPSVT 
HS65_LS_AOI13X20            1     11.960      0.015      2.556    CORE65LPSVT 
HS65_LS_AOI13X5            14     50.960      0.087      6.059    CORE65LPSVT 
HS65_LS_AOI21X12           32    166.400      0.283     21.868    CORE65LPSVT 
HS65_LS_AOI21X17           41    277.160      0.567     48.450    CORE65LPSVT 
HS65_LS_AOI21X23           26    229.840      0.419     44.753    CORE65LPSVT 
HS65_LS_AOI21X35           14    182.000      0.366     29.550    CORE65LPSVT 
HS65_LS_AOI21X9            26    135.200      0.170     15.692    CORE65LPSVT 
HS65_LS_AOI22X6             1      3.640      0.005      1.009    CORE65LPSVT 
HS65_LS_AOI312X17          12    205.920      0.194     30.790    CORE65LPSVT 
HS65_LS_AOI312X4           17     88.400      0.083     12.053    CORE65LPSVT 
HS65_LS_AOI312X8            2     17.680      0.016      2.088    CORE65LPSVT 
HS65_LS_AOI31X10            3     18.720      0.032      4.046    CORE65LPSVT 
HS65_LS_AOI31X5            31    112.840      0.142     13.674    CORE65LPSVT 
HS65_LS_AOI31X8            23    143.520      0.177     15.873    CORE65LPSVT 
HS65_LS_BFX106             12    143.520      0.688     67.547    CORE65LPSVT 
HS65_LS_BFX142              4     62.400      0.306     48.474    CORE65LPSVT 
HS65_LS_BFX18              59    184.080      0.475     54.719    CORE65LPSVT 
HS65_LS_BFX213              2     44.720      0.233     30.498    CORE65LPSVT 
HS65_LS_BFX27              14     50.960      0.177     19.730    CORE65LPSVT 
HS65_LS_BFX284              1     30.160      0.168     20.501    CORE65LPSVT 
HS65_LS_BFX31               1      5.200      0.016      1.194    CORE65LPSVT 
HS65_LS_BFX35               1      5.200      0.017      3.615    CORE65LPSVT 
HS65_LS_BFX44               3     17.160      0.067     11.803    CORE65LPSVT 
HS65_LS_BFX53              21    131.040      0.566     72.723    CORE65LPSVT 
HS65_LS_BFX71              40    332.800      1.479    158.515    CORE65LPSVT 
HS65_LS_BFX9               18     37.440      0.068      5.800    CORE65LPSVT 
HS65_LS_CB4I1X18            9     46.800      0.103      8.960    CORE65LPSVT 
HS65_LS_CB4I1X9             1      4.160      0.003      0.063    CORE65LPSVT 
HS65_LS_CB4I6X27            7     58.240      0.101     13.589    CORE65LPSVT 
HS65_LS_CB4I6X35            2     18.720      0.040      5.858    CORE65LPSVT 
HS65_LS_CB4I6X9             1      4.160      0.004      0.806    CORE65LPSVT 
HS65_LS_CBI4I1X11           7     43.680      0.078      6.286    CORE65LPSVT 
HS65_LS_CBI4I1X5           26     94.640      0.119     14.094    CORE65LPSVT 
HS65_LS_CBI4I6X5            9     32.760      0.031      3.372    CORE65LPSVT 
HS65_LS_CNIVX10             2      5.200      0.007      0.807    CORE65LPSVT 
HS65_LS_CNIVX103            1     11.960      0.048      2.927    CORE65LPSVT 
HS65_LS_CNIVX14             5     13.000      0.027      1.078    CORE65LPSVT 
HS65_LS_CNIVX21            89    277.680      0.644     30.305    CORE65LPSVT 
HS65_LS_CNIVX27             7     25.480      0.062      3.508    CORE65LPSVT 
HS65_LS_CNIVX34            21     98.280      0.241     21.094    CORE65LPSVT 
HS65_LS_CNIVX41            21    109.200      0.369     16.616    CORE65LPSVT 
HS65_LS_CNIVX55             5     33.800      0.122      7.517    CORE65LPSVT 
HS65_LS_CNIVX62             1      7.280      0.026      2.117    CORE65LPSVT 
HS65_LS_CNIVX7            151    235.560      0.259     28.277    CORE65LPSVT 
HS65_LS_DFPHQX9           120   1248.000      1.176   1240.449    CORE65LPSVT 
HS65_LS_DFPQX27             4     37.440      0.065     42.603    CORE65LPSVT 
HS65_LS_DFPQX9           1148   8954.400     10.727  11083.653    CORE65LPSVT 
HS65_LS_DFPRQNX18           2     21.840      0.026     22.043    CORE65LPSVT 
HS65_LS_DFPRQX18          152   1659.840      2.000   1673.155    CORE65LPSVT 
HS65_LS_DFPRQX4           258   2683.200      2.265   2509.475    CORE65LPSVT 
HS65_LS_DFPRQX9          1022  10628.800     10.122  10031.182    CORE65LPSVT 
HS65_LS_FA1X18             59    828.360      1.386    256.625    CORE65LPSVT 
HS65_LS_FA1X27            138   2942.160      5.034    911.524    CORE65LPSVT 
HS65_LS_FA1X4               9     84.240      0.053      7.059    CORE65LPSVT 
HS65_LS_FA1X9              29    316.680      0.313     57.912    CORE65LPSVT 
HS65_LS_HA1X18            119    866.320      2.473    311.636    CORE65LPSVT 
HS65_LS_HA1X27              3     35.880      0.105     13.851    CORE65LPSVT 
HS65_LS_HA1X35              1     13.520      0.043      6.386    CORE65LPSVT 
HS65_LS_HA1X4              43    223.600      0.221     27.181    CORE65LPSVT 
HS65_LS_HA1X9              56    349.440      0.534     75.931    CORE65LPSVT 
HS65_LS_IVX106              3     26.520      0.128      5.647    CORE65LPSVT 
HS65_LS_IVX13               2      4.160      0.008      1.496    CORE65LPSVT 
HS65_LS_IVX142              2     23.920      0.119     10.190    CORE65LPSVT 
HS65_LS_IVX18             604   1256.320      3.214    197.724    CORE65LPSVT 
HS65_LS_IVX2                1      1.560      0.001      0.019    CORE65LPSVT 
HS65_LS_IVX213              3     51.480      0.278     16.562    CORE65LPSVT 
HS65_LS_IVX22              15     46.800      0.115     10.288    CORE65LPSVT 
HS65_LS_IVX27             329   1026.480      3.030    188.272    CORE65LPSVT 
HS65_LS_IVX284              1     22.360      0.115      7.348    CORE65LPSVT 
HS65_LS_IVX31              19     69.160      0.211     10.562    CORE65LPSVT 
HS65_LS_IVX35              79    287.560      0.994     53.919    CORE65LPSVT 
HS65_LS_IVX40               2      8.320      0.029      1.979    CORE65LPSVT 
HS65_LS_IVX44               8     33.280      0.128      5.015    CORE65LPSVT 
HS65_LS_IVX53               5     26.000      0.100      6.015    CORE65LPSVT 
HS65_LS_IVX62               3     17.160      0.071      4.677    CORE65LPSVT 
HS65_LS_IVX7               28     43.680      0.053      4.995    CORE65LPSVT 
HS65_LS_IVX71              13     81.120      0.360     14.167    CORE65LPSVT 
HS65_LS_IVX9              677   1056.120      1.750    173.801    CORE65LPSVT 
HS65_LS_MUX21I1X12         15    101.400      0.200      6.646    CORE65LPSVT 
HS65_LS_MUX21I1X18         38    395.200      0.842     75.368    CORE65LPSVT 
HS65_LS_MUX21I1X24         30    374.400      0.907     85.890    CORE65LPSVT 
HS65_LS_MUX21I1X6          12     49.920      0.075     13.641    CORE65LPSVT 
HS65_LS_MUX21X4           420   1747.200      1.990    638.844    CORE65LPSVT 
HS65_LS_MUXI21X15          22    228.800      0.461     26.763    CORE65LPSVT 
HS65_LS_MUXI21X2          540   1965.600      1.386    325.539    CORE65LPSVT 
HS65_LS_NAND2AX14         134    557.440      1.218    120.355    CORE65LPSVT 
HS65_LS_NAND2AX21          81    463.320      1.145     90.800    CORE65LPSVT 
HS65_LS_NAND2AX29          85    574.600      1.702    136.258    CORE65LPSVT 
HS65_LS_NAND2AX7          318    992.160      1.512    148.864    CORE65LPSVT 
HS65_LS_NAND2X11          110    400.400      0.555     54.959    CORE65LPSVT 
HS65_LS_NAND2X14          544   1980.160      3.485    352.379    CORE65LPSVT 
HS65_LS_NAND2X21          319   1658.800      3.302    264.604    CORE65LPSVT 
HS65_LS_NAND2X29          132    823.680      2.271    145.013    CORE65LPSVT 
HS65_LS_NAND2X43           55    486.200      1.933    103.832    CORE65LPSVT 
HS65_LS_NAND2X5            18     37.440      0.070      6.037    CORE65LPSVT 
HS65_LS_NAND2X57           63    753.480      2.029    164.761    CORE65LPSVT 
HS65_LS_NAND2X7          1427   2968.160      4.349    626.944    CORE65LPSVT 
HS65_LS_NAND3AX19           6     46.800      0.070      6.305    CORE65LPSVT 
HS65_LS_NAND3AX25           4     39.520      0.066      5.193    CORE65LPSVT 
HS65_LS_NAND3X13           30    156.000      0.295     13.802    CORE65LPSVT 
HS65_LS_NAND3X19           44    297.440      0.354     31.789    CORE65LPSVT 
HS65_LS_NAND3X25           36    318.240      0.201     28.574    CORE65LPSVT 
HS65_LS_NAND3X38           14    182.000      0.449     42.129    CORE65LPSVT 
HS65_LS_NAND3X5            14     36.400      0.039      3.873    CORE65LPSVT 
HS65_LS_NAND3X50           14    240.240      0.752     37.836    CORE65LPSVT 
HS65_LS_NOR2AX13           64    266.240      0.528     53.416    CORE65LPSVT 
HS65_LS_NOR2AX19           19    108.680      0.187     25.524    CORE65LPSVT 
HS65_LS_NOR2AX25           10     67.600      0.239     16.746    CORE65LPSVT 
HS65_LS_NOR2AX3           465   1209.000      1.165    135.411    CORE65LPSVT 
HS65_LS_NOR2AX6            93    290.160      0.396     47.531    CORE65LPSVT 
HS65_LS_NOR2X13           221    804.440      1.531    109.252    CORE65LPSVT 
HS65_LS_NOR2X19           198   1029.600      1.747    176.906    CORE65LPSVT 
HS65_LS_NOR2X25           201   1254.240      2.969    228.332    CORE65LPSVT 
HS65_LS_NOR2X38            62    548.080      1.442    112.052    CORE65LPSVT 
HS65_LS_NOR2X5              1      2.080      0.002      0.047    CORE65LPSVT 
HS65_LS_NOR2X50            42    502.320      1.290    117.825    CORE65LPSVT 
HS65_LS_NOR2X6            331    688.480      1.037     98.177    CORE65LPSVT 
HS65_LS_NOR2X9             49    178.360      0.214     16.401    CORE65LPSVT 
HS65_LS_NOR3AX13            2     15.600      0.013      0.252    CORE65LPSVT 
HS65_LS_NOR3AX9             1      5.720      0.004      1.868    CORE65LPSVT 
HS65_LS_NOR3X18            13    114.920      0.041      9.629    CORE65LPSVT 
HS65_LS_NOR3X26             5     57.200      0.023      4.924    CORE65LPSVT 
HS65_LS_NOR3X9             18     84.240      0.165     13.405    CORE65LPSVT 
HS65_LS_NOR4ABX2            9     32.760      0.006      0.319    CORE65LPSVT 
HS65_LS_NOR4ABX9           21    131.040      0.115      3.261    CORE65LPSVT 
HS65_LS_NOR4X4              3     15.600      0.022      0.061    CORE65LPSVT 
HS65_LS_OA112X9             1      4.160      0.003      0.000    CORE65LPSVT 
HS65_LS_OA12X18            94    391.040      1.042    128.188    CORE65LPSVT 
HS65_LS_OA12X27            23    167.440      0.389     48.723    CORE65LPSVT 
HS65_LS_OA12X35            54    421.200      1.279    151.784    CORE65LPSVT 
HS65_LS_OA12X9             36    131.040      0.175     22.738    CORE65LPSVT 
HS65_LS_OA212X18            3     18.720      0.037      4.906    CORE65LPSVT 
HS65_LS_OA212X9            21    120.120      0.096     14.422    CORE65LPSVT 
HS65_LS_OA22X9              9     42.120      0.031      2.957    CORE65LPSVT 
HS65_LS_OA31X9              3     12.480      0.015      2.109    CORE65LPSVT 
HS65_LS_OAI112X11         237   1478.880      0.884    477.014    CORE65LPSVT 
HS65_LS_OAI112X16           1      8.840      0.006      3.582    CORE65LPSVT 
HS65_LS_OAI112X5          180    655.200      0.304    183.188    CORE65LPSVT 
HS65_LS_OAI112X8            1      6.240      0.003      1.903    CORE65LPSVT 
HS65_LS_OAI12X12          100    520.000      0.941    104.358    CORE65LPSVT 
HS65_LS_OAI12X18          113    763.880      1.407    184.755    CORE65LPSVT 
HS65_LS_OAI12X24           88    777.920      1.634    159.949    CORE65LPSVT 
HS65_LS_OAI12X3            41    106.600      0.091      9.010    CORE65LPSVT 
HS65_LS_OAI12X37            2     26.000      0.039      5.491    CORE65LPSVT 
HS65_LS_OAI12X5             2      6.240      0.006      0.465    CORE65LPSVT 
HS65_LS_OAI12X6            70    218.400      0.343     29.143    CORE65LPSVT 
HS65_LS_OAI12X9             5     26.000      0.039      3.092    CORE65LPSVT 
HS65_LS_OAI211X5            5     18.200      0.032      2.028    CORE65LPSVT 
HS65_LS_OAI211X8            5     31.200      0.045      4.064    CORE65LPSVT 
HS65_LS_OAI212X5          540   2246.400      1.174    634.036    CORE65LPSVT 
HS65_LS_OAI21X12           32    166.400      0.293     28.609    CORE65LPSVT 
HS65_LS_OAI21X18           41    277.160      0.648     50.128    CORE65LPSVT 
HS65_LS_OAI21X24            7     61.880      0.129      8.805    CORE65LPSVT 
HS65_LS_OAI21X3           565   1469.000      1.394    284.252    CORE65LPSVT 
HS65_LS_OAI21X37            1     13.000      0.034      2.436    CORE65LPSVT 
HS65_LS_OAI21X6            11     34.320      0.044      4.208    CORE65LPSVT 
HS65_LS_OAI21X9            62    322.400      0.442     42.975    CORE65LPSVT 
HS65_LS_OAI222X9           10     93.600      0.049     10.880    CORE65LPSVT 
HS65_LS_OAI22X11           12     74.880      0.121     11.552    CORE65LPSVT 
HS65_LS_OAI311X10           8     62.400      0.113      4.823    CORE65LPSVT 
HS65_LS_OAI311X15           1     10.920      0.022      0.948    CORE65LPSVT 
HS65_LS_OR2ABX27            5     28.600      0.063      6.736    CORE65LPSVT 
HS65_LS_OR2X18            108    393.120      1.022    101.149    CORE65LPSVT 
HS65_LS_OR2X27             56    320.320      0.768     66.810    CORE65LPSVT 
HS65_LS_OR2X35             27    168.480      0.520     54.053    CORE65LPSVT 
HS65_LS_OR2X9             661   2062.320      3.178    586.053    CORE65LPSVT 
HS65_LS_OR3ABCX35           1      6.240      0.020      0.216    CORE65LPSVT 
HS65_LS_PAO2X18             6     34.320      0.061      9.024    CORE65LPSVT 
HS65_LS_PAO2X27            12    118.560      0.213     35.506    CORE65LPSVT 
HS65_LS_PAO2X35             1     10.400      0.022      4.259    CORE65LPSVT 
HS65_LS_PAO2X9             30    140.400      0.129     22.021    CORE65LPSVT 
HS65_LS_PAOI2X11            6     46.800      0.047      8.650    CORE65LPSVT 
HS65_LS_PAOI2X17            3     32.760      0.044      7.052    CORE65LPSVT 
HS65_LS_PAOI2X22            8    120.640      0.138     26.652    CORE65LPSVT 
HS65_LS_SDFPRQX9          120   1497.600      1.273   1595.123    CORE65LPSVT 
HS65_LS_XNOR2X18           77    520.520      1.699    139.906    CORE65LPSVT 
HS65_LS_XNOR2X27            1     10.400      0.032      2.327    CORE65LPSVT 
HS65_LS_XNOR2X35           13    148.720      0.563     39.051    CORE65LPSVT 
HS65_LS_XNOR2X9            59    306.800      0.579     61.634    CORE65LPSVT 
HS65_LS_XOR2X18           143    966.680      3.136    321.608    CORE65LPSVT 
HS65_LS_XOR2X27            12    124.800      0.383     51.219    CORE65LPSVT 
HS65_LS_XOR2X35           159   1818.960      6.971    700.103    CORE65LPSVT 
HS65_LS_XOR2X4             16     74.880      0.095     13.579    CORE65LPSVT 
HS65_LS_XOR2X9             39    202.800      0.378     45.796    CORE65LPSVT 
------------------------------------------------------------------------------
total                   17399  89878.880    146.224  42299.796                


                                            Leakage  Leakage  Internal  Internal 
     Type      Instances    Area   Area % Power (uW) Power % Power (uW)  Power % 
---------------------------------------------------------------------------------
sequential          2826 26731.120   29.7     27.653    18.9  28197.683     66.7 
inverter            2097  4899.440    5.5     12.509     8.6    826.920      2.0 
buffer               176  1044.680    1.2      4.260     2.9    495.118      1.2 
logic              12300 57203.640   63.6    101.801    69.6  12780.074     30.2 
physical_cells         0     0.000    0.0      0.000     0.0      0.000      0.0 
---------------------------------------------------------------------------------
total              17399 89878.880  100.0    146.224   100.0  42299.796    100.0 

