Command: report datapath > reports/FME_INTER_2_datapath_map.log
============================================================
  Generated by:           Genus(TM) Synthesis Solution 17.10-p007_1
  Generated on:           Nov 25 2019  03:25:33 pm
  Module:                 FME_INTER_2
  Technology libraries:   CORE65LPSVT 
                          CLOCK65LPSVT 
                          physical_cells 
  Operating conditions:   _nominal_ 
  Interconnect mode:      global
  Area mode:              physical library
============================================================


Inferred components

                       Operator   Signedness  Inputs  Outputs CellArea Line Col     Filename    
================================================================================================
FME_INTER_2
 U_inter
  PUs[0].U_F2
   csa_tree_U_S1_add_18_10_groupi
   module:csa_tree_U_S1_add_18_10_group_14_4989
    very_fast       csa_and_adder            14x12x16 16        598.00                          
------------------------------------------------------------------------------------------------
    U_S1_add_18_10        +       signed     16x7     16                 18  10 FME_INTER_2.vhd 
    U_S0_add_18_10        +       signed     16x14    16                 18  10 FME_INTER_2.vhd 
    U_0_U_S2_add_18_10
                          +       signed     12x16    16                 18  10 FME_INTER_2.vhd 
================================================================================================
FME_INTER_2
 U_inter
  PUs[0].U_F2
   csa_tree_U_S21_add_18_10_groupi
   module:csa_tree_U_S21_add_18_10_group_12_4990
    very_fast       csa_and_adder            14x12x16 16        484.64                          
------------------------------------------------------------------------------------------------
    U_S21_add_18_10       +       signed     16x7     16                 18  10 FME_INTER_2.vhd 
    U_S20_add_18_10       +       signed     14x16    16                 18  10 FME_INTER_2.vhd 
    U_1_U_S2_add_18_10
                          +       signed     12x16    16                 18  10 FME_INTER_2.vhd 
================================================================================================
FME_INTER_2
 U_inter
  PUs[10].U_F2
   csa_tree_U_S1_add_18_10_groupi
   module:csa_tree_U_S1_add_18_10_group_14_1_4993_9
    very_fast       csa_and_adder            14x12x16 16        707.72                          
------------------------------------------------------------------------------------------------
    U_S1_add_18_10        +       signed     16x7     16                 18  10 FME_INTER_2.vhd 
    U_S0_add_18_10        +       signed     16x14    16                 18  10 FME_INTER_2.vhd 
    U_0_U_S2_add_18_10
                          +       signed     12x16    16                 18  10 FME_INTER_2.vhd 
================================================================================================
FME_INTER_2
 U_inter
  PUs[10].U_F2
   csa_tree_U_S21_add_18_10_groupi
   module:csa_tree_U_S21_add_18_10_group_12_1_4994_9
    very_fast       csa_and_adder            14x12x16 16        683.80                          
------------------------------------------------------------------------------------------------
    U_S21_add_18_10       +       signed     16x7     16                 18  10 FME_INTER_2.vhd 
    U_S20_add_18_10       +       signed     14x16    16                 18  10 FME_INTER_2.vhd 
    U_1_U_S2_add_18_10
                          +       signed     12x16    16                 18  10 FME_INTER_2.vhd 
================================================================================================
FME_INTER_2
 U_inter
  PUs[11].U_F2
   csa_tree_U_S1_add_18_10_groupi
   module:csa_tree_U_S1_add_18_10_group_14_1_4993_10
    very_fast       csa_and_adder            14x12x16 16        710.84                          
------------------------------------------------------------------------------------------------
    U_S1_add_18_10        +       signed     16x7     16                 18  10 FME_INTER_2.vhd 
    U_S0_add_18_10        +       signed     16x14    16                 18  10 FME_INTER_2.vhd 
    U_0_U_S2_add_18_10
                          +       signed     12x16    16                 18  10 FME_INTER_2.vhd 
================================================================================================
FME_INTER_2
 U_inter
  PUs[11].U_F2
   csa_tree_U_S21_add_18_10_groupi
   module:csa_tree_U_S21_add_18_10_group_12_1_4994_10
    very_fast       csa_and_adder            14x12x16 16        683.80                          
------------------------------------------------------------------------------------------------
    U_S21_add_18_10       +       signed     16x7     16                 18  10 FME_INTER_2.vhd 
    U_S20_add_18_10       +       signed     14x16    16                 18  10 FME_INTER_2.vhd 
    U_1_U_S2_add_18_10
                          +       signed     12x16    16                 18  10 FME_INTER_2.vhd 
================================================================================================
FME_INTER_2
 U_inter
  PUs[12].U_F2
   csa_tree_U_S1_add_18_10_groupi
   module:csa_tree_U_S1_add_18_10_group_14_1_4993_11
    very_fast       csa_and_adder            14x12x16 16        713.44                          
------------------------------------------------------------------------------------------------
    U_S1_add_18_10        +       signed     16x7     16                 18  10 FME_INTER_2.vhd 
    U_S0_add_18_10        +       signed     16x14    16                 18  10 FME_INTER_2.vhd 
    U_0_U_S2_add_18_10
                          +       signed     12x16    16                 18  10 FME_INTER_2.vhd 
================================================================================================
FME_INTER_2
 U_inter
  PUs[12].U_F2
   csa_tree_U_S21_add_18_10_groupi
   module:csa_tree_U_S21_add_18_10_group_12_1_4994_11
    very_fast       csa_and_adder            14x12x16 16        671.32                          
------------------------------------------------------------------------------------------------
    U_S21_add_18_10       +       signed     16x7     16                 18  10 FME_INTER_2.vhd 
    U_S20_add_18_10       +       signed     14x16    16                 18  10 FME_INTER_2.vhd 
    U_1_U_S2_add_18_10
                          +       signed     12x16    16                 18  10 FME_INTER_2.vhd 
================================================================================================
FME_INTER_2
 U_inter
  PUs[13].U_F2
   csa_tree_U_S1_add_18_10_groupi
   module:csa_tree_U_S1_add_18_10_group_14_1_4993_12
    very_fast       csa_and_adder            14x12x16 16        697.32                          
------------------------------------------------------------------------------------------------
    U_S1_add_18_10        +       signed     16x7     16                 18  10 FME_INTER_2.vhd 
    U_S0_add_18_10        +       signed     16x14    16                 18  10 FME_INTER_2.vhd 
    U_0_U_S2_add_18_10
                          +       signed     12x16    16                 18  10 FME_INTER_2.vhd 
================================================================================================
FME_INTER_2
 U_inter
  PUs[13].U_F2
   csa_tree_U_S21_add_18_10_groupi
   module:csa_tree_U_S21_add_18_10_group_12_1_4994_12
    very_fast       csa_and_adder            14x12x16 16        686.40                          
------------------------------------------------------------------------------------------------
    U_S21_add_18_10       +       signed     16x7     16                 18  10 FME_INTER_2.vhd 
    U_S20_add_18_10       +       signed     14x16    16                 18  10 FME_INTER_2.vhd 
    U_1_U_S2_add_18_10
                          +       signed     12x16    16                 18  10 FME_INTER_2.vhd 
================================================================================================
FME_INTER_2
 U_inter
  PUs[14].U_F2
   csa_tree_U_S1_add_18_10_groupi
   module:csa_tree_U_S1_add_18_10_group_14_1_4993_13
    very_fast       csa_and_adder            14x12x16 16        707.72                          
------------------------------------------------------------------------------------------------
    U_S1_add_18_10        +       signed     16x7     16                 18  10 FME_INTER_2.vhd 
    U_S0_add_18_10        +       signed     16x14    16                 18  10 FME_INTER_2.vhd 
    U_0_U_S2_add_18_10
                          +       signed     12x16    16                 18  10 FME_INTER_2.vhd 
================================================================================================
FME_INTER_2
 U_inter
  PUs[14].U_F2
   csa_tree_U_S21_add_18_10_groupi
   module:csa_tree_U_S21_add_18_10_group_12_1_4994_13
    very_fast       csa_and_adder            14x12x16 16        686.40                          
------------------------------------------------------------------------------------------------
    U_S21_add_18_10       +       signed     16x7     16                 18  10 FME_INTER_2.vhd 
    U_S20_add_18_10       +       signed     14x16    16                 18  10 FME_INTER_2.vhd 
    U_1_U_S2_add_18_10
                          +       signed     12x16    16                 18  10 FME_INTER_2.vhd 
================================================================================================
FME_INTER_2
 U_inter
  PUs[15].U_F2
   csa_tree_U_S1_add_18_10_groupi
   module:csa_tree_U_S1_add_18_10_group_14_1_4993_14
    very_fast       csa_and_adder            14x12x16 16        710.84                          
------------------------------------------------------------------------------------------------
    U_S1_add_18_10        +       signed     16x7     16                 18  10 FME_INTER_2.vhd 
    U_S0_add_18_10        +       signed     16x14    16                 18  10 FME_INTER_2.vhd 
    U_0_U_S2_add_18_10
                          +       signed     12x16    16                 18  10 FME_INTER_2.vhd 
================================================================================================
FME_INTER_2
 U_inter
  PUs[15].U_F2
   csa_tree_U_S21_add_18_10_groupi
   module:csa_tree_U_S21_add_18_10_group_12_1_4994_14
    very_fast       csa_and_adder            14x12x16 16        683.80                          
------------------------------------------------------------------------------------------------
    U_S21_add_18_10       +       signed     16x7     16                 18  10 FME_INTER_2.vhd 
    U_S20_add_18_10       +       signed     14x16    16                 18  10 FME_INTER_2.vhd 
    U_1_U_S2_add_18_10
                          +       signed     12x16    16                 18  10 FME_INTER_2.vhd 
================================================================================================
FME_INTER_2
 U_inter
  PUs[16].U_F2
   csa_tree_U_S1_add_18_10_groupi
   module:csa_tree_U_S1_add_18_10_group_14_1_4993_15
    very_fast       csa_and_adder            14x12x16 16        691.08                          
------------------------------------------------------------------------------------------------
    U_S1_add_18_10        +       signed     16x7     16                 18  10 FME_INTER_2.vhd 
    U_S0_add_18_10        +       signed     16x14    16                 18  10 FME_INTER_2.vhd 
    U_0_U_S2_add_18_10
                          +       signed     12x16    16                 18  10 FME_INTER_2.vhd 
================================================================================================
FME_INTER_2
 U_inter
  PUs[16].U_F2
   csa_tree_U_S21_add_18_10_groupi
   module:csa_tree_U_S21_add_18_10_group_12_1_4994_15
    very_fast       csa_and_adder            14x12x16 16        666.12                          
------------------------------------------------------------------------------------------------
    U_S21_add_18_10       +       signed     16x7     16                 18  10 FME_INTER_2.vhd 
    U_S20_add_18_10       +       signed     14x16    16                 18  10 FME_INTER_2.vhd 
    U_1_U_S2_add_18_10
                          +       signed     12x16    16                 18  10 FME_INTER_2.vhd 
================================================================================================
FME_INTER_2
 U_inter
  PUs[17].U_F2
   csa_tree_U_S1_add_18_10_groupi
   module:csa_tree_U_S1_add_18_10_group_14_1_4993_16
    very_fast       csa_and_adder            14x12x16 16        708.24                          
------------------------------------------------------------------------------------------------
    U_S1_add_18_10        +       signed     16x7     16                 18  10 FME_INTER_2.vhd 
    U_S0_add_18_10        +       signed     16x14    16                 18  10 FME_INTER_2.vhd 
    U_0_U_S2_add_18_10
                          +       signed     12x16    16                 18  10 FME_INTER_2.vhd 
================================================================================================
FME_INTER_2
 U_inter
  PUs[17].U_F2
   csa_tree_U_S21_add_18_10_groupi
   module:csa_tree_U_S21_add_18_10_group_12_1_4994_16
    very_fast       csa_and_adder            14x12x16 16        683.80                          
------------------------------------------------------------------------------------------------
    U_S21_add_18_10       +       signed     16x7     16                 18  10 FME_INTER_2.vhd 
    U_S20_add_18_10       +       signed     14x16    16                 18  10 FME_INTER_2.vhd 
    U_1_U_S2_add_18_10
                          +       signed     12x16    16                 18  10 FME_INTER_2.vhd 
================================================================================================
FME_INTER_2
 U_inter
  PUs[18].U_F2
   csa_tree_U_S1_add_18_10_groupi
   module:csa_tree_U_S1_add_18_10_group_14_1_4993_17
    very_fast       csa_and_adder            14x12x16 16        708.24                          
------------------------------------------------------------------------------------------------
    U_S1_add_18_10        +       signed     16x7     16                 18  10 FME_INTER_2.vhd 
    U_S0_add_18_10        +       signed     16x14    16                 18  10 FME_INTER_2.vhd 
    U_0_U_S2_add_18_10
                          +       signed     12x16    16                 18  10 FME_INTER_2.vhd 
================================================================================================
FME_INTER_2
 U_inter
  PUs[18].U_F2
   csa_tree_U_S21_add_18_10_groupi
   module:csa_tree_U_S21_add_18_10_group_12_1_4994_17
    very_fast       csa_and_adder            14x12x16 16        683.80                          
------------------------------------------------------------------------------------------------
    U_S21_add_18_10       +       signed     16x7     16                 18  10 FME_INTER_2.vhd 
    U_S20_add_18_10       +       signed     14x16    16                 18  10 FME_INTER_2.vhd 
    U_1_U_S2_add_18_10
                          +       signed     12x16    16                 18  10 FME_INTER_2.vhd 
================================================================================================
FME_INTER_2
 U_inter
  PUs[19].U_F2
   csa_tree_U_S1_add_18_10_groupi
   module:csa_tree_U_S1_add_18_10_group_14_1_4993_18
    very_fast       csa_and_adder            14x12x16 16        708.24                          
------------------------------------------------------------------------------------------------
    U_S1_add_18_10        +       signed     16x7     16                 18  10 FME_INTER_2.vhd 
    U_S0_add_18_10        +       signed     16x14    16                 18  10 FME_INTER_2.vhd 
    U_0_U_S2_add_18_10
                          +       signed     12x16    16                 18  10 FME_INTER_2.vhd 
================================================================================================
FME_INTER_2
 U_inter
  PUs[19].U_F2
   csa_tree_U_S21_add_18_10_groupi
   module:csa_tree_U_S21_add_18_10_group_12_1_4994_18
    very_fast       csa_and_adder            14x12x16 16        647.92                          
------------------------------------------------------------------------------------------------
    U_S21_add_18_10       +       signed     16x7     16                 18  10 FME_INTER_2.vhd 
    U_S20_add_18_10       +       signed     14x16    16                 18  10 FME_INTER_2.vhd 
    U_1_U_S2_add_18_10
                          +       signed     12x16    16                 18  10 FME_INTER_2.vhd 
================================================================================================
FME_INTER_2
 U_inter
  PUs[1].U_F2
   csa_tree_U_S1_add_18_10_groupi
   module:csa_tree_U_S1_add_18_10_group_14_1_4993
    very_fast       csa_and_adder            14x12x16 16        710.84                          
------------------------------------------------------------------------------------------------
    U_S1_add_18_10        +       signed     16x7     16                 18  10 FME_INTER_2.vhd 
    U_S0_add_18_10        +       signed     16x14    16                 18  10 FME_INTER_2.vhd 
    U_0_U_S2_add_18_10
                          +       signed     12x16    16                 18  10 FME_INTER_2.vhd 
================================================================================================
FME_INTER_2
 U_inter
  PUs[1].U_F2
   csa_tree_U_S21_add_18_10_groupi
   module:csa_tree_U_S21_add_18_10_group_12_1_4994
    very_fast       csa_and_adder            14x12x16 16        686.40                          
------------------------------------------------------------------------------------------------
    U_S21_add_18_10       +       signed     16x7     16                 18  10 FME_INTER_2.vhd 
    U_S20_add_18_10       +       signed     14x16    16                 18  10 FME_INTER_2.vhd 
    U_1_U_S2_add_18_10
                          +       signed     12x16    16                 18  10 FME_INTER_2.vhd 
================================================================================================
FME_INTER_2
 U_inter
  PUs[20].U_F2
   csa_tree_U_S1_add_18_10_groupi
   module:csa_tree_U_S1_add_18_10_group_14_1_4993_19
    very_fast       csa_and_adder            14x12x16 16        660.40                          
------------------------------------------------------------------------------------------------
    U_S1_add_18_10        +       signed     16x7     16                 18  10 FME_INTER_2.vhd 
    U_S0_add_18_10        +       signed     16x14    16                 18  10 FME_INTER_2.vhd 
    U_0_U_S2_add_18_10
                          +       signed     12x16    16                 18  10 FME_INTER_2.vhd 
================================================================================================
FME_INTER_2
 U_inter
  PUs[20].U_F2
   csa_tree_U_S21_add_18_10_groupi
   module:csa_tree_U_S21_add_18_10_group_12_1_4994_19
    very_fast       csa_and_adder            14x12x16 16        618.28                          
------------------------------------------------------------------------------------------------
    U_S21_add_18_10       +       signed     16x7     16                 18  10 FME_INTER_2.vhd 
    U_S20_add_18_10       +       signed     14x16    16                 18  10 FME_INTER_2.vhd 
    U_1_U_S2_add_18_10
                          +       signed     12x16    16                 18  10 FME_INTER_2.vhd 
================================================================================================
FME_INTER_2
 U_inter
  PUs[21].U_F2
   csa_tree_U_S1_add_18_10_groupi
   module:csa_tree_U_S1_add_18_10_group_14
    very_fast       csa_and_adder            14x12x16 16        463.84                          
------------------------------------------------------------------------------------------------
    U_S1_add_18_10        +       signed     16x7     16                 18  10 FME_INTER_2.vhd 
    U_S0_add_18_10        +       signed     16x14    16                 18  10 FME_INTER_2.vhd 
    U_0_U_S2_add_18_10
                          +       signed     12x16    16                 18  10 FME_INTER_2.vhd 
================================================================================================
FME_INTER_2
 U_inter
  PUs[21].U_F2
   csa_tree_U_S21_add_18_10_groupi
   module:csa_tree_U_S21_add_18_10_group_12
    very_fast       csa_and_adder            14x12x16 16        422.76                          
------------------------------------------------------------------------------------------------
    U_S21_add_18_10       +       signed     16x7     16                 18  10 FME_INTER_2.vhd 
    U_S20_add_18_10       +       signed     14x16    16                 18  10 FME_INTER_2.vhd 
    U_1_U_S2_add_18_10
                          +       signed     12x16    16                 18  10 FME_INTER_2.vhd 
================================================================================================
FME_INTER_2
 U_inter
  PUs[22].U_F2
   csa_tree_U_S1_add_18_10_groupi
   module:csa_tree_U_S1_add_18_10_group_14_1
    very_fast       csa_and_adder            14x12x16 16        451.88                          
------------------------------------------------------------------------------------------------
    U_S1_add_18_10        +       signed     16x7     16                 18  10 FME_INTER_2.vhd 
    U_S0_add_18_10        +       signed     16x14    16                 18  10 FME_INTER_2.vhd 
    U_0_U_S2_add_18_10
                          +       signed     12x16    16                 18  10 FME_INTER_2.vhd 
================================================================================================
FME_INTER_2
 U_inter
  PUs[22].U_F2
   csa_tree_U_S21_add_18_10_groupi
   module:csa_tree_U_S21_add_18_10_group_12_1
    very_fast       csa_and_adder            14x12x16 16        422.76                          
------------------------------------------------------------------------------------------------
    U_S21_add_18_10       +       signed     16x7     16                 18  10 FME_INTER_2.vhd 
    U_S20_add_18_10       +       signed     14x16    16                 18  10 FME_INTER_2.vhd 
    U_1_U_S2_add_18_10
                          +       signed     12x16    16                 18  10 FME_INTER_2.vhd 
================================================================================================
FME_INTER_2
 U_inter
  PUs[23].U_F2
   csa_tree_U_S1_add_18_10_groupi
   module:csa_tree_U_S1_add_18_10_group_14_2
    very_fast       csa_and_adder            14x12x16 16        401.96                          
------------------------------------------------------------------------------------------------
    U_S1_add_18_10        +       signed     16x7     16                 18  10 FME_INTER_2.vhd 
    U_S0_add_18_10        +       signed     16x14    16                 18  10 FME_INTER_2.vhd 
    U_0_U_S2_add_18_10
                          +       signed     12x16    16                 18  10 FME_INTER_2.vhd 
================================================================================================
FME_INTER_2
 U_inter
  PUs[23].U_F2
   csa_tree_U_S21_add_18_10_groupi
   module:csa_tree_U_S21_add_18_10_group_12_2
    very_fast       csa_and_adder            14x12x16 16        447.20                          
------------------------------------------------------------------------------------------------
    U_S21_add_18_10       +       signed     16x7     16                 18  10 FME_INTER_2.vhd 
    U_S20_add_18_10       +       signed     14x16    16                 18  10 FME_INTER_2.vhd 
    U_1_U_S2_add_18_10
                          +       signed     12x16    16                 18  10 FME_INTER_2.vhd 
================================================================================================
FME_INTER_2
 U_inter
  PUs[24].U_F2
   csa_tree_U_S1_add_18_10_groupi
   module:csa_tree_U_S1_add_18_10_group_14_2_1
    very_fast       csa_and_adder            14x12x16 16        431.60                          
------------------------------------------------------------------------------------------------
    U_S1_add_18_10        +       signed     16x7     16                 18  10 FME_INTER_2.vhd 
    U_S0_add_18_10        +       signed     16x14    16                 18  10 FME_INTER_2.vhd 
    U_0_U_S2_add_18_10
                          +       signed     12x16    16                 18  10 FME_INTER_2.vhd 
================================================================================================
FME_INTER_2
 U_inter
  PUs[24].U_F2
   csa_tree_U_S21_add_18_10_groupi
   module:csa_tree_U_S21_add_18_10_group_12_2_1
    very_fast       csa_and_adder            14x12x16 16        422.24                          
------------------------------------------------------------------------------------------------
    U_S21_add_18_10       +       signed     16x7     16                 18  10 FME_INTER_2.vhd 
    U_S20_add_18_10       +       signed     14x16    16                 18  10 FME_INTER_2.vhd 
    U_1_U_S2_add_18_10
                          +       signed     12x16    16                 18  10 FME_INTER_2.vhd 
================================================================================================
FME_INTER_2
 U_inter
  PUs[25].U_F2
   csa_tree_U_S1_add_18_10_groupi
   module:csa_tree_U_S1_add_18_10_group_14_2_2
    very_fast       csa_and_adder            14x12x16 16        422.24                          
------------------------------------------------------------------------------------------------
    U_S1_add_18_10        +       signed     16x7     16                 18  10 FME_INTER_2.vhd 
    U_S0_add_18_10        +       signed     16x14    16                 18  10 FME_INTER_2.vhd 
    U_0_U_S2_add_18_10
                          +       signed     12x16    16                 18  10 FME_INTER_2.vhd 
================================================================================================
FME_INTER_2
 U_inter
  PUs[25].U_F2
   csa_tree_U_S21_add_18_10_groupi
   module:csa_tree_U_S21_add_18_10_group_12_2_2
    very_fast       csa_and_adder            14x12x16 16        427.44                          
------------------------------------------------------------------------------------------------
    U_S21_add_18_10       +       signed     16x7     16                 18  10 FME_INTER_2.vhd 
    U_S20_add_18_10       +       signed     14x16    16                 18  10 FME_INTER_2.vhd 
    U_1_U_S2_add_18_10
                          +       signed     12x16    16                 18  10 FME_INTER_2.vhd 
================================================================================================
FME_INTER_2
 U_inter
  PUs[26].U_F2
   csa_tree_U_S1_add_18_10_groupi
   module:csa_tree_U_S1_add_18_10_group_14_2_3
    very_fast       csa_and_adder            14x12x16 16        425.36                          
------------------------------------------------------------------------------------------------
    U_S1_add_18_10        +       signed     16x7     16                 18  10 FME_INTER_2.vhd 
    U_S0_add_18_10        +       signed     16x14    16                 18  10 FME_INTER_2.vhd 
    U_0_U_S2_add_18_10
                          +       signed     12x16    16                 18  10 FME_INTER_2.vhd 
================================================================================================
FME_INTER_2
 U_inter
  PUs[26].U_F2
   csa_tree_U_S21_add_18_10_groupi
   module:csa_tree_U_S21_add_18_10_group_12_2_3
    very_fast       csa_and_adder            14x12x16 16        437.32                          
------------------------------------------------------------------------------------------------
    U_S21_add_18_10       +       signed     16x7     16                 18  10 FME_INTER_2.vhd 
    U_S20_add_18_10       +       signed     14x16    16                 18  10 FME_INTER_2.vhd 
    U_1_U_S2_add_18_10
                          +       signed     12x16    16                 18  10 FME_INTER_2.vhd 
================================================================================================
FME_INTER_2
 U_inter
  PUs[27].U_F2
   csa_tree_U_S1_add_18_10_groupi
   module:csa_tree_U_S1_add_18_10_group_14_2_4
    very_fast       csa_and_adder            14x12x16 16        421.72                          
------------------------------------------------------------------------------------------------
    U_S1_add_18_10        +       signed     16x7     16                 18  10 FME_INTER_2.vhd 
    U_S0_add_18_10        +       signed     16x14    16                 18  10 FME_INTER_2.vhd 
    U_0_U_S2_add_18_10
                          +       signed     12x16    16                 18  10 FME_INTER_2.vhd 
================================================================================================
FME_INTER_2
 U_inter
  PUs[27].U_F2
   csa_tree_U_S21_add_18_10_groupi
   module:csa_tree_U_S21_add_18_10_group_12_2_4
    very_fast       csa_and_adder            14x12x16 16        426.40                          
------------------------------------------------------------------------------------------------
    U_S21_add_18_10       +       signed     16x7     16                 18  10 FME_INTER_2.vhd 
    U_S20_add_18_10       +       signed     14x16    16                 18  10 FME_INTER_2.vhd 
    U_1_U_S2_add_18_10
                          +       signed     12x16    16                 18  10 FME_INTER_2.vhd 
================================================================================================
FME_INTER_2
 U_inter
  PUs[28].U_F2
   csa_tree_U_S1_add_18_10_groupi
   module:csa_tree_U_S1_add_18_10_group_14_2_5
    very_fast       csa_and_adder            14x12x16 16        431.08                          
------------------------------------------------------------------------------------------------
    U_S1_add_18_10        +       signed     16x7     16                 18  10 FME_INTER_2.vhd 
    U_S0_add_18_10        +       signed     16x14    16                 18  10 FME_INTER_2.vhd 
    U_0_U_S2_add_18_10
                          +       signed     12x16    16                 18  10 FME_INTER_2.vhd 
================================================================================================
FME_INTER_2
 U_inter
  PUs[28].U_F2
   csa_tree_U_S21_add_18_10_groupi
   module:csa_tree_U_S21_add_18_10_group_12_2_5
    very_fast       csa_and_adder            14x12x16 16        425.36                          
------------------------------------------------------------------------------------------------
    U_S21_add_18_10       +       signed     16x7     16                 18  10 FME_INTER_2.vhd 
    U_S20_add_18_10       +       signed     14x16    16                 18  10 FME_INTER_2.vhd 
    U_1_U_S2_add_18_10
                          +       signed     12x16    16                 18  10 FME_INTER_2.vhd 
================================================================================================
FME_INTER_2
 U_inter
  PUs[29].U_F2
   csa_tree_U_S1_add_18_10_groupi
   module:csa_tree_U_S1_add_18_10_group_14_2_6
    very_fast       csa_and_adder            14x12x16 16        429.00                          
------------------------------------------------------------------------------------------------
    U_S1_add_18_10        +       signed     16x7     16                 18  10 FME_INTER_2.vhd 
    U_S0_add_18_10        +       signed     16x14    16                 18  10 FME_INTER_2.vhd 
    U_0_U_S2_add_18_10
                          +       signed     12x16    16                 18  10 FME_INTER_2.vhd 
================================================================================================
FME_INTER_2
 U_inter
  PUs[29].U_F2
   csa_tree_U_S21_add_18_10_groupi
   module:csa_tree_U_S21_add_18_10_group_12_2_6
    very_fast       csa_and_adder            14x12x16 16        425.88                          
------------------------------------------------------------------------------------------------
    U_S21_add_18_10       +       signed     16x7     16                 18  10 FME_INTER_2.vhd 
    U_S20_add_18_10       +       signed     14x16    16                 18  10 FME_INTER_2.vhd 
    U_1_U_S2_add_18_10
                          +       signed     12x16    16                 18  10 FME_INTER_2.vhd 
================================================================================================
FME_INTER_2
 U_inter
  PUs[2].U_F2
   csa_tree_U_S1_add_18_10_groupi
   module:csa_tree_U_S1_add_18_10_group_14_1_4993_1
    very_fast       csa_and_adder            14x12x16 16        708.24                          
------------------------------------------------------------------------------------------------
    U_S1_add_18_10        +       signed     16x7     16                 18  10 FME_INTER_2.vhd 
    U_S0_add_18_10        +       signed     16x14    16                 18  10 FME_INTER_2.vhd 
    U_0_U_S2_add_18_10
                          +       signed     12x16    16                 18  10 FME_INTER_2.vhd 
================================================================================================
FME_INTER_2
 U_inter
  PUs[2].U_F2
   csa_tree_U_S21_add_18_10_groupi
   module:csa_tree_U_S21_add_18_10_group_12_1_4994_1
    very_fast       csa_and_adder            14x12x16 16        683.80                          
------------------------------------------------------------------------------------------------
    U_S21_add_18_10       +       signed     16x7     16                 18  10 FME_INTER_2.vhd 
    U_S20_add_18_10       +       signed     14x16    16                 18  10 FME_INTER_2.vhd 
    U_1_U_S2_add_18_10
                          +       signed     12x16    16                 18  10 FME_INTER_2.vhd 
================================================================================================
FME_INTER_2
 U_inter
  PUs[30].U_F2
   csa_tree_U_S1_add_18_10_groupi
   module:csa_tree_U_S1_add_18_10_group_14_2_7
    very_fast       csa_and_adder            14x12x16 16        427.44                          
------------------------------------------------------------------------------------------------
    U_S1_add_18_10        +       signed     16x7     16                 18  10 FME_INTER_2.vhd 
    U_S0_add_18_10        +       signed     16x14    16                 18  10 FME_INTER_2.vhd 
    U_0_U_S2_add_18_10
                          +       signed     12x16    16                 18  10 FME_INTER_2.vhd 
================================================================================================
FME_INTER_2
 U_inter
  PUs[30].U_F2
   csa_tree_U_S21_add_18_10_groupi
   module:csa_tree_U_S21_add_18_10_group_12_2_7
    very_fast       csa_and_adder            14x12x16 16        442.00                          
------------------------------------------------------------------------------------------------
    U_S21_add_18_10       +       signed     16x7     16                 18  10 FME_INTER_2.vhd 
    U_S20_add_18_10       +       signed     14x16    16                 18  10 FME_INTER_2.vhd 
    U_1_U_S2_add_18_10
                          +       signed     12x16    16                 18  10 FME_INTER_2.vhd 
================================================================================================
FME_INTER_2
 U_inter
  PUs[31].U_F2
   csa_tree_U_S1_add_18_10_groupi
   module:csa_tree_U_S1_add_18_10_group_14_2_8
    very_fast       csa_and_adder            14x12x16 16        427.96                          
------------------------------------------------------------------------------------------------
    U_S1_add_18_10        +       signed     16x7     16                 18  10 FME_INTER_2.vhd 
    U_S0_add_18_10        +       signed     16x14    16                 18  10 FME_INTER_2.vhd 
    U_0_U_S2_add_18_10
                          +       signed     12x16    16                 18  10 FME_INTER_2.vhd 
================================================================================================
FME_INTER_2
 U_inter
  PUs[31].U_F2
   csa_tree_U_S21_add_18_10_groupi
   module:csa_tree_U_S21_add_18_10_group_12_2_8
    very_fast       csa_and_adder            14x12x16 16        439.92                          
------------------------------------------------------------------------------------------------
    U_S21_add_18_10       +       signed     16x7     16                 18  10 FME_INTER_2.vhd 
    U_S20_add_18_10       +       signed     14x16    16                 18  10 FME_INTER_2.vhd 
    U_1_U_S2_add_18_10
                          +       signed     12x16    16                 18  10 FME_INTER_2.vhd 
================================================================================================
FME_INTER_2
 U_inter
  PUs[32].U_F2
   csa_tree_U_S1_add_18_10_groupi
   module:csa_tree_U_S1_add_18_10_group_14_2_9
    very_fast       csa_and_adder            14x12x16 16        422.24                          
------------------------------------------------------------------------------------------------
    U_S1_add_18_10        +       signed     16x7     16                 18  10 FME_INTER_2.vhd 
    U_S0_add_18_10        +       signed     16x14    16                 18  10 FME_INTER_2.vhd 
    U_0_U_S2_add_18_10
                          +       signed     12x16    16                 18  10 FME_INTER_2.vhd 
================================================================================================
FME_INTER_2
 U_inter
  PUs[32].U_F2
   csa_tree_U_S21_add_18_10_groupi
   module:csa_tree_U_S21_add_18_10_group_12_2_9
    very_fast       csa_and_adder            14x12x16 16        437.32                          
------------------------------------------------------------------------------------------------
    U_S21_add_18_10       +       signed     16x7     16                 18  10 FME_INTER_2.vhd 
    U_S20_add_18_10       +       signed     14x16    16                 18  10 FME_INTER_2.vhd 
    U_1_U_S2_add_18_10
                          +       signed     12x16    16                 18  10 FME_INTER_2.vhd 
================================================================================================
FME_INTER_2
 U_inter
  PUs[33].U_F2
   csa_tree_U_S1_add_18_10_groupi
   module:csa_tree_U_S1_add_18_10_group_14_2_10
    very_fast       csa_and_adder            14x12x16 16        434.20                          
------------------------------------------------------------------------------------------------
    U_S1_add_18_10        +       signed     16x7     16                 18  10 FME_INTER_2.vhd 
    U_S0_add_18_10        +       signed     16x14    16                 18  10 FME_INTER_2.vhd 
    U_0_U_S2_add_18_10
                          +       signed     12x16    16                 18  10 FME_INTER_2.vhd 
================================================================================================
FME_INTER_2
 U_inter
  PUs[33].U_F2
   csa_tree_U_S21_add_18_10_groupi
   module:csa_tree_U_S21_add_18_10_group_12_2_10
    very_fast       csa_and_adder            14x12x16 16        423.28                          
------------------------------------------------------------------------------------------------
    U_S21_add_18_10       +       signed     16x7     16                 18  10 FME_INTER_2.vhd 
    U_S20_add_18_10       +       signed     14x16    16                 18  10 FME_INTER_2.vhd 
    U_1_U_S2_add_18_10
                          +       signed     12x16    16                 18  10 FME_INTER_2.vhd 
================================================================================================
FME_INTER_2
 U_inter
  PUs[34].U_F2
   csa_tree_U_S1_add_18_10_groupi
   module:csa_tree_U_S1_add_18_10_group_14_2_11
    very_fast       csa_and_adder            14x12x16 16        424.32                          
------------------------------------------------------------------------------------------------
    U_S1_add_18_10        +       signed     16x7     16                 18  10 FME_INTER_2.vhd 
    U_S0_add_18_10        +       signed     16x14    16                 18  10 FME_INTER_2.vhd 
    U_0_U_S2_add_18_10
                          +       signed     12x16    16                 18  10 FME_INTER_2.vhd 
================================================================================================
FME_INTER_2
 U_inter
  PUs[34].U_F2
   csa_tree_U_S21_add_18_10_groupi
   module:csa_tree_U_S21_add_18_10_group_12_2_11
    very_fast       csa_and_adder            14x12x16 16        430.04                          
------------------------------------------------------------------------------------------------
    U_S21_add_18_10       +       signed     16x7     16                 18  10 FME_INTER_2.vhd 
    U_S20_add_18_10       +       signed     14x16    16                 18  10 FME_INTER_2.vhd 
    U_1_U_S2_add_18_10
                          +       signed     12x16    16                 18  10 FME_INTER_2.vhd 
================================================================================================
FME_INTER_2
 U_inter
  PUs[35].U_F2
   csa_tree_U_S1_add_18_10_groupi
   module:csa_tree_U_S1_add_18_10_group_14_2_12
    very_fast       csa_and_adder            14x12x16 16        421.20                          
------------------------------------------------------------------------------------------------
    U_S1_add_18_10        +       signed     16x7     16                 18  10 FME_INTER_2.vhd 
    U_S0_add_18_10        +       signed     16x14    16                 18  10 FME_INTER_2.vhd 
    U_0_U_S2_add_18_10
                          +       signed     12x16    16                 18  10 FME_INTER_2.vhd 
================================================================================================
FME_INTER_2
 U_inter
  PUs[35].U_F2
   csa_tree_U_S21_add_18_10_groupi
   module:csa_tree_U_S21_add_18_10_group_12_2_12
    very_fast       csa_and_adder            14x12x16 16        430.56                          
------------------------------------------------------------------------------------------------
    U_S21_add_18_10       +       signed     16x7     16                 18  10 FME_INTER_2.vhd 
    U_S20_add_18_10       +       signed     14x16    16                 18  10 FME_INTER_2.vhd 
    U_1_U_S2_add_18_10
                          +       signed     12x16    16                 18  10 FME_INTER_2.vhd 
================================================================================================
FME_INTER_2
 U_inter
  PUs[36].U_F2
   csa_tree_U_S1_add_18_10_groupi
   module:csa_tree_U_S1_add_18_10_group_14_2_13
    very_fast       csa_and_adder            14x12x16 16        429.52                          
------------------------------------------------------------------------------------------------
    U_S1_add_18_10        +       signed     16x7     16                 18  10 FME_INTER_2.vhd 
    U_S0_add_18_10        +       signed     16x14    16                 18  10 FME_INTER_2.vhd 
    U_0_U_S2_add_18_10
                          +       signed     12x16    16                 18  10 FME_INTER_2.vhd 
================================================================================================
FME_INTER_2
 U_inter
  PUs[36].U_F2
   csa_tree_U_S21_add_18_10_groupi
   module:csa_tree_U_S21_add_18_10_group_12_2_13
    very_fast       csa_and_adder            14x12x16 16        420.16                          
------------------------------------------------------------------------------------------------
    U_S21_add_18_10       +       signed     16x7     16                 18  10 FME_INTER_2.vhd 
    U_S20_add_18_10       +       signed     14x16    16                 18  10 FME_INTER_2.vhd 
    U_1_U_S2_add_18_10
                          +       signed     12x16    16                 18  10 FME_INTER_2.vhd 
================================================================================================
FME_INTER_2
 U_inter
  PUs[37].U_F2
   csa_tree_U_S1_add_18_10_groupi
   module:csa_tree_U_S1_add_18_10_group_14_2_14
    very_fast       csa_and_adder            14x12x16 16        403.52                          
------------------------------------------------------------------------------------------------
    U_S1_add_18_10        +       signed     16x7     16                 18  10 FME_INTER_2.vhd 
    U_S0_add_18_10        +       signed     16x14    16                 18  10 FME_INTER_2.vhd 
    U_0_U_S2_add_18_10
                          +       signed     12x16    16                 18  10 FME_INTER_2.vhd 
================================================================================================
FME_INTER_2
 U_inter
  PUs[37].U_F2
   csa_tree_U_S21_add_18_10_groupi
   module:csa_tree_U_S21_add_18_10_group_12_2_14
    very_fast       csa_and_adder            14x12x16 16        433.16                          
------------------------------------------------------------------------------------------------
    U_S21_add_18_10       +       signed     16x7     16                 18  10 FME_INTER_2.vhd 
    U_S20_add_18_10       +       signed     14x16    16                 18  10 FME_INTER_2.vhd 
    U_1_U_S2_add_18_10
                          +       signed     12x16    16                 18  10 FME_INTER_2.vhd 
================================================================================================
FME_INTER_2
 U_inter
  PUs[38].U_F2
   csa_tree_U_S1_add_18_10_groupi
   module:csa_tree_U_S1_add_18_10_group_14_2_15
    very_fast       csa_and_adder            14x12x16 16        424.32                          
------------------------------------------------------------------------------------------------
    U_S1_add_18_10        +       signed     16x7     16                 18  10 FME_INTER_2.vhd 
    U_S0_add_18_10        +       signed     16x14    16                 18  10 FME_INTER_2.vhd 
    U_0_U_S2_add_18_10
                          +       signed     12x16    16                 18  10 FME_INTER_2.vhd 
================================================================================================
FME_INTER_2
 U_inter
  PUs[38].U_F2
   csa_tree_U_S21_add_18_10_groupi
   module:csa_tree_U_S21_add_18_10_group_12_2_15
    very_fast       csa_and_adder            14x12x16 16        424.32                          
------------------------------------------------------------------------------------------------
    U_S21_add_18_10       +       signed     16x7     16                 18  10 FME_INTER_2.vhd 
    U_S20_add_18_10       +       signed     14x16    16                 18  10 FME_INTER_2.vhd 
    U_1_U_S2_add_18_10
                          +       signed     12x16    16                 18  10 FME_INTER_2.vhd 
================================================================================================
FME_INTER_2
 U_inter
  PUs[39].U_F2
   csa_tree_U_S1_add_18_10_groupi
   module:csa_tree_U_S1_add_18_10_group_14_2_16
    very_fast       csa_and_adder            14x12x16 16        426.92                          
------------------------------------------------------------------------------------------------
    U_S1_add_18_10        +       signed     16x7     16                 18  10 FME_INTER_2.vhd 
    U_S0_add_18_10        +       signed     16x14    16                 18  10 FME_INTER_2.vhd 
    U_0_U_S2_add_18_10
                          +       signed     12x16    16                 18  10 FME_INTER_2.vhd 
================================================================================================
FME_INTER_2
 U_inter
  PUs[39].U_F2
   csa_tree_U_S21_add_18_10_groupi
   module:csa_tree_U_S21_add_18_10_group_12_2_16
    very_fast       csa_and_adder            14x12x16 16        423.80                          
------------------------------------------------------------------------------------------------
    U_S21_add_18_10       +       signed     16x7     16                 18  10 FME_INTER_2.vhd 
    U_S20_add_18_10       +       signed     14x16    16                 18  10 FME_INTER_2.vhd 
    U_1_U_S2_add_18_10
                          +       signed     12x16    16                 18  10 FME_INTER_2.vhd 
================================================================================================
FME_INTER_2
 U_inter
  PUs[3].U_F2
   csa_tree_U_S1_add_18_10_groupi
   module:csa_tree_U_S1_add_18_10_group_14_1_4993_2
    very_fast       csa_and_adder            14x12x16 16        708.24                          
------------------------------------------------------------------------------------------------
    U_S1_add_18_10        +       signed     16x7     16                 18  10 FME_INTER_2.vhd 
    U_S0_add_18_10        +       signed     16x14    16                 18  10 FME_INTER_2.vhd 
    U_0_U_S2_add_18_10
                          +       signed     12x16    16                 18  10 FME_INTER_2.vhd 
================================================================================================
FME_INTER_2
 U_inter
  PUs[3].U_F2
   csa_tree_U_S21_add_18_10_groupi
   module:csa_tree_U_S21_add_18_10_group_12_1_4994_2
    very_fast       csa_and_adder            14x12x16 16        686.40                          
------------------------------------------------------------------------------------------------
    U_S21_add_18_10       +       signed     16x7     16                 18  10 FME_INTER_2.vhd 
    U_S20_add_18_10       +       signed     14x16    16                 18  10 FME_INTER_2.vhd 
    U_1_U_S2_add_18_10
                          +       signed     12x16    16                 18  10 FME_INTER_2.vhd 
================================================================================================
FME_INTER_2
 U_inter
  PUs[40].U_F2
   csa_tree_U_S1_add_18_10_groupi
   module:csa_tree_U_S1_add_18_10_group_14_2_17
    very_fast       csa_and_adder            14x12x16 16        436.80                          
------------------------------------------------------------------------------------------------
    U_S1_add_18_10        +       signed     16x7     16                 18  10 FME_INTER_2.vhd 
    U_S0_add_18_10        +       signed     16x14    16                 18  10 FME_INTER_2.vhd 
    U_0_U_S2_add_18_10
                          +       signed     12x16    16                 18  10 FME_INTER_2.vhd 
================================================================================================
FME_INTER_2
 U_inter
  PUs[40].U_F2
   csa_tree_U_S21_add_18_10_groupi
   module:csa_tree_U_S21_add_18_10_group_12_2_17
    very_fast       csa_and_adder            14x12x16 16        437.32                          
------------------------------------------------------------------------------------------------
    U_S21_add_18_10       +       signed     16x7     16                 18  10 FME_INTER_2.vhd 
    U_S20_add_18_10       +       signed     14x16    16                 18  10 FME_INTER_2.vhd 
    U_1_U_S2_add_18_10
                          +       signed     12x16    16                 18  10 FME_INTER_2.vhd 
================================================================================================
FME_INTER_2
 U_inter
  PUs[41].U_F2
   csa_tree_U_S1_add_18_10_groupi
   module:csa_tree_U_S1_add_18_10_group_14_2_18
    very_fast       csa_and_adder            14x12x16 16        456.56                          
------------------------------------------------------------------------------------------------
    U_S1_add_18_10        +       signed     16x7     16                 18  10 FME_INTER_2.vhd 
    U_S0_add_18_10        +       signed     16x14    16                 18  10 FME_INTER_2.vhd 
    U_0_U_S2_add_18_10
                          +       signed     12x16    16                 18  10 FME_INTER_2.vhd 
================================================================================================
FME_INTER_2
 U_inter
  PUs[41].U_F2
   csa_tree_U_S21_add_18_10_groupi
   module:csa_tree_U_S21_add_18_10_group_12_2_18
    very_fast       csa_and_adder            14x12x16 16        437.32                          
------------------------------------------------------------------------------------------------
    U_S21_add_18_10       +       signed     16x7     16                 18  10 FME_INTER_2.vhd 
    U_S20_add_18_10       +       signed     14x16    16                 18  10 FME_INTER_2.vhd 
    U_1_U_S2_add_18_10
                          +       signed     12x16    16                 18  10 FME_INTER_2.vhd 
================================================================================================
FME_INTER_2
 U_inter
  PUs[42].U_F2
   csa_tree_U_S1_add_18_10_groupi
   module:csa_tree_U_S1_add_18_10_group_14_5035
    very_fast       csa_and_adder            14x12x16 16        442.00                          
------------------------------------------------------------------------------------------------
    U_S1_add_18_10        +       signed     16x7     16                 18  10 FME_INTER_2.vhd 
    U_S0_add_18_10        +       signed     16x14    16                 18  10 FME_INTER_2.vhd 
    U_0_U_S2_add_18_10
                          +       signed     12x16    16                 18  10 FME_INTER_2.vhd 
================================================================================================
FME_INTER_2
 U_inter
  PUs[42].U_F2
   csa_tree_U_S21_add_18_10_groupi
   module:csa_tree_U_S21_add_18_10_group_12_5036
    very_fast       csa_and_adder            14x12x16 16        448.76                          
------------------------------------------------------------------------------------------------
    U_S21_add_18_10       +       signed     16x7     16                 18  10 FME_INTER_2.vhd 
    U_S20_add_18_10       +       signed     14x16    16                 18  10 FME_INTER_2.vhd 
    U_1_U_S2_add_18_10
                          +       signed     12x16    16                 18  10 FME_INTER_2.vhd 
================================================================================================
FME_INTER_2
 U_inter
  PUs[43].U_F2
   csa_tree_U_S1_add_18_10_groupi
   module:csa_tree_U_S1_add_18_10_group_14_5035_1
    very_fast       csa_and_adder            14x12x16 16        442.00                          
------------------------------------------------------------------------------------------------
    U_S1_add_18_10        +       signed     16x7     16                 18  10 FME_INTER_2.vhd 
    U_S0_add_18_10        +       signed     16x14    16                 18  10 FME_INTER_2.vhd 
    U_0_U_S2_add_18_10
                          +       signed     12x16    16                 18  10 FME_INTER_2.vhd 
================================================================================================
FME_INTER_2
 U_inter
  PUs[43].U_F2
   csa_tree_U_S21_add_18_10_groupi
   module:csa_tree_U_S21_add_18_10_group_12_5036_1
    very_fast       csa_and_adder            14x12x16 16        445.12                          
------------------------------------------------------------------------------------------------
    U_S21_add_18_10       +       signed     16x7     16                 18  10 FME_INTER_2.vhd 
    U_S20_add_18_10       +       signed     14x16    16                 18  10 FME_INTER_2.vhd 
    U_1_U_S2_add_18_10
                          +       signed     12x16    16                 18  10 FME_INTER_2.vhd 
================================================================================================
FME_INTER_2
 U_inter
  PUs[44].U_F2
   csa_tree_U_S1_add_18_10_groupi
   module:csa_tree_U_S1_add_18_10_group_14_5035_2
    very_fast       csa_and_adder            14x12x16 16        446.16                          
------------------------------------------------------------------------------------------------
    U_S1_add_18_10        +       signed     16x7     16                 18  10 FME_INTER_2.vhd 
    U_S0_add_18_10        +       signed     16x14    16                 18  10 FME_INTER_2.vhd 
    U_0_U_S2_add_18_10
                          +       signed     12x16    16                 18  10 FME_INTER_2.vhd 
================================================================================================
FME_INTER_2
 U_inter
  PUs[44].U_F2
   csa_tree_U_S21_add_18_10_groupi
   module:csa_tree_U_S21_add_18_10_group_12_5036_2
    very_fast       csa_and_adder            14x12x16 16        445.12                          
------------------------------------------------------------------------------------------------
    U_S21_add_18_10       +       signed     16x7     16                 18  10 FME_INTER_2.vhd 
    U_S20_add_18_10       +       signed     14x16    16                 18  10 FME_INTER_2.vhd 
    U_1_U_S2_add_18_10
                          +       signed     12x16    16                 18  10 FME_INTER_2.vhd 
================================================================================================
FME_INTER_2
 U_inter
  PUs[45].U_F2
   csa_tree_U_S1_add_18_10_groupi
   module:csa_tree_U_S1_add_18_10_group_14_5035_3
    very_fast       csa_and_adder            14x12x16 16        443.04                          
------------------------------------------------------------------------------------------------
    U_S1_add_18_10        +       signed     16x7     16                 18  10 FME_INTER_2.vhd 
    U_S0_add_18_10        +       signed     16x14    16                 18  10 FME_INTER_2.vhd 
    U_0_U_S2_add_18_10
                          +       signed     12x16    16                 18  10 FME_INTER_2.vhd 
================================================================================================
FME_INTER_2
 U_inter
  PUs[45].U_F2
   csa_tree_U_S21_add_18_10_groupi
   module:csa_tree_U_S21_add_18_10_group_12_5036_3
    very_fast       csa_and_adder            14x12x16 16        445.12                          
------------------------------------------------------------------------------------------------
    U_S21_add_18_10       +       signed     16x7     16                 18  10 FME_INTER_2.vhd 
    U_S20_add_18_10       +       signed     14x16    16                 18  10 FME_INTER_2.vhd 
    U_1_U_S2_add_18_10
                          +       signed     12x16    16                 18  10 FME_INTER_2.vhd 
================================================================================================
FME_INTER_2
 U_inter
  PUs[46].U_F2
   csa_tree_U_S1_add_18_10_groupi
   module:csa_tree_U_S1_add_18_10_group_14_5035_4
    very_fast       csa_and_adder            14x12x16 16        442.00                          
------------------------------------------------------------------------------------------------
    U_S1_add_18_10        +       signed     16x7     16                 18  10 FME_INTER_2.vhd 
    U_S0_add_18_10        +       signed     16x14    16                 18  10 FME_INTER_2.vhd 
    U_0_U_S2_add_18_10
                          +       signed     12x16    16                 18  10 FME_INTER_2.vhd 
================================================================================================
FME_INTER_2
 U_inter
  PUs[46].U_F2
   csa_tree_U_S21_add_18_10_groupi
   module:csa_tree_U_S21_add_18_10_group_12_5036_4
    very_fast       csa_and_adder            14x12x16 16        445.12                          
------------------------------------------------------------------------------------------------
    U_S21_add_18_10       +       signed     16x7     16                 18  10 FME_INTER_2.vhd 
    U_S20_add_18_10       +       signed     14x16    16                 18  10 FME_INTER_2.vhd 
    U_1_U_S2_add_18_10
                          +       signed     12x16    16                 18  10 FME_INTER_2.vhd 
================================================================================================
FME_INTER_2
 U_inter
  PUs[47].U_F2
   csa_tree_U_S1_add_18_10_groupi
   module:csa_tree_U_S1_add_18_10_group_14_5035_5
    very_fast       csa_and_adder            14x12x16 16        442.00                          
------------------------------------------------------------------------------------------------
    U_S1_add_18_10        +       signed     16x7     16                 18  10 FME_INTER_2.vhd 
    U_S0_add_18_10        +       signed     16x14    16                 18  10 FME_INTER_2.vhd 
    U_0_U_S2_add_18_10
                          +       signed     12x16    16                 18  10 FME_INTER_2.vhd 
================================================================================================
FME_INTER_2
 U_inter
  PUs[47].U_F2
   csa_tree_U_S21_add_18_10_groupi
   module:csa_tree_U_S21_add_18_10_group_12_5036_5
    very_fast       csa_and_adder            14x12x16 16        445.12                          
------------------------------------------------------------------------------------------------
    U_S21_add_18_10       +       signed     16x7     16                 18  10 FME_INTER_2.vhd 
    U_S20_add_18_10       +       signed     14x16    16                 18  10 FME_INTER_2.vhd 
    U_1_U_S2_add_18_10
                          +       signed     12x16    16                 18  10 FME_INTER_2.vhd 
================================================================================================
FME_INTER_2
 U_inter
  PUs[48].U_F2
   csa_tree_U_S1_add_18_10_groupi
   module:csa_tree_U_S1_add_18_10_group_14_5035_6
    very_fast       csa_and_adder            14x12x16 16        442.00                          
------------------------------------------------------------------------------------------------
    U_S1_add_18_10        +       signed     16x7     16                 18  10 FME_INTER_2.vhd 
    U_S0_add_18_10        +       signed     16x14    16                 18  10 FME_INTER_2.vhd 
    U_0_U_S2_add_18_10
                          +       signed     12x16    16                 18  10 FME_INTER_2.vhd 
================================================================================================
FME_INTER_2
 U_inter
  PUs[48].U_F2
   csa_tree_U_S21_add_18_10_groupi
   module:csa_tree_U_S21_add_18_10_group_12_5036_6
    very_fast       csa_and_adder            14x12x16 16        445.12                          
------------------------------------------------------------------------------------------------
    U_S21_add_18_10       +       signed     16x7     16                 18  10 FME_INTER_2.vhd 
    U_S20_add_18_10       +       signed     14x16    16                 18  10 FME_INTER_2.vhd 
    U_1_U_S2_add_18_10
                          +       signed     12x16    16                 18  10 FME_INTER_2.vhd 
================================================================================================
FME_INTER_2
 U_inter
  PUs[49].U_F2
   csa_tree_U_S1_add_18_10_groupi
   module:csa_tree_U_S1_add_18_10_group_14_5035_7
    very_fast       csa_and_adder            14x12x16 16        442.00                          
------------------------------------------------------------------------------------------------
    U_S1_add_18_10        +       signed     16x7     16                 18  10 FME_INTER_2.vhd 
    U_S0_add_18_10        +       signed     16x14    16                 18  10 FME_INTER_2.vhd 
    U_0_U_S2_add_18_10
                          +       signed     12x16    16                 18  10 FME_INTER_2.vhd 
================================================================================================
FME_INTER_2
 U_inter
  PUs[49].U_F2
   csa_tree_U_S21_add_18_10_groupi
   module:csa_tree_U_S21_add_18_10_group_12_5036_7
    very_fast       csa_and_adder            14x12x16 16        445.12                          
------------------------------------------------------------------------------------------------
    U_S21_add_18_10       +       signed     16x7     16                 18  10 FME_INTER_2.vhd 
    U_S20_add_18_10       +       signed     14x16    16                 18  10 FME_INTER_2.vhd 
    U_1_U_S2_add_18_10
                          +       signed     12x16    16                 18  10 FME_INTER_2.vhd 
================================================================================================
FME_INTER_2
 U_inter
  PUs[4].U_F2
   csa_tree_U_S1_add_18_10_groupi
   module:csa_tree_U_S1_add_18_10_group_14_1_4993_3
    very_fast       csa_and_adder            14x12x16 16        676.00                          
------------------------------------------------------------------------------------------------
    U_S1_add_18_10        +       signed     16x7     16                 18  10 FME_INTER_2.vhd 
    U_S0_add_18_10        +       signed     16x14    16                 18  10 FME_INTER_2.vhd 
    U_0_U_S2_add_18_10
                          +       signed     12x16    16                 18  10 FME_INTER_2.vhd 
================================================================================================
FME_INTER_2
 U_inter
  PUs[4].U_F2
   csa_tree_U_S21_add_18_10_groupi
   module:csa_tree_U_S21_add_18_10_group_12_1_4994_3
    very_fast       csa_and_adder            14x12x16 16        686.40                          
------------------------------------------------------------------------------------------------
    U_S21_add_18_10       +       signed     16x7     16                 18  10 FME_INTER_2.vhd 
    U_S20_add_18_10       +       signed     14x16    16                 18  10 FME_INTER_2.vhd 
    U_1_U_S2_add_18_10
                          +       signed     12x16    16                 18  10 FME_INTER_2.vhd 
================================================================================================
FME_INTER_2
 U_inter
  PUs[50].U_F2
   csa_tree_U_S1_add_18_10_groupi
   module:csa_tree_U_S1_add_18_10_group_14_5035_8
    very_fast       csa_and_adder            14x12x16 16        442.00                          
------------------------------------------------------------------------------------------------
    U_S1_add_18_10        +       signed     16x7     16                 18  10 FME_INTER_2.vhd 
    U_S0_add_18_10        +       signed     16x14    16                 18  10 FME_INTER_2.vhd 
    U_0_U_S2_add_18_10
                          +       signed     12x16    16                 18  10 FME_INTER_2.vhd 
================================================================================================
FME_INTER_2
 U_inter
  PUs[50].U_F2
   csa_tree_U_S21_add_18_10_groupi
   module:csa_tree_U_S21_add_18_10_group_12_5036_8
    very_fast       csa_and_adder            14x12x16 16        445.12                          
------------------------------------------------------------------------------------------------
    U_S21_add_18_10       +       signed     16x7     16                 18  10 FME_INTER_2.vhd 
    U_S20_add_18_10       +       signed     14x16    16                 18  10 FME_INTER_2.vhd 
    U_1_U_S2_add_18_10
                          +       signed     12x16    16                 18  10 FME_INTER_2.vhd 
================================================================================================
FME_INTER_2
 U_inter
  PUs[51].U_F2
   csa_tree_U_S1_add_18_10_groupi
   module:csa_tree_U_S1_add_18_10_group_14_5035_9
    very_fast       csa_and_adder            14x12x16 16        442.00                          
------------------------------------------------------------------------------------------------
    U_S1_add_18_10        +       signed     16x7     16                 18  10 FME_INTER_2.vhd 
    U_S0_add_18_10        +       signed     16x14    16                 18  10 FME_INTER_2.vhd 
    U_0_U_S2_add_18_10
                          +       signed     12x16    16                 18  10 FME_INTER_2.vhd 
================================================================================================
FME_INTER_2
 U_inter
  PUs[51].U_F2
   csa_tree_U_S21_add_18_10_groupi
   module:csa_tree_U_S21_add_18_10_group_12_5036_9
    very_fast       csa_and_adder            14x12x16 16        445.12                          
------------------------------------------------------------------------------------------------
    U_S21_add_18_10       +       signed     16x7     16                 18  10 FME_INTER_2.vhd 
    U_S20_add_18_10       +       signed     14x16    16                 18  10 FME_INTER_2.vhd 
    U_1_U_S2_add_18_10
                          +       signed     12x16    16                 18  10 FME_INTER_2.vhd 
================================================================================================
FME_INTER_2
 U_inter
  PUs[52].U_F2
   csa_tree_U_S1_add_18_10_groupi
   module:csa_tree_U_S1_add_18_10_group_14_5035_10
    very_fast       csa_and_adder            14x12x16 16        442.00                          
------------------------------------------------------------------------------------------------
    U_S1_add_18_10        +       signed     16x7     16                 18  10 FME_INTER_2.vhd 
    U_S0_add_18_10        +       signed     16x14    16                 18  10 FME_INTER_2.vhd 
    U_0_U_S2_add_18_10
                          +       signed     12x16    16                 18  10 FME_INTER_2.vhd 
================================================================================================
FME_INTER_2
 U_inter
  PUs[52].U_F2
   csa_tree_U_S21_add_18_10_groupi
   module:csa_tree_U_S21_add_18_10_group_12_5036_10
    very_fast       csa_and_adder            14x12x16 16        445.12                          
------------------------------------------------------------------------------------------------
    U_S21_add_18_10       +       signed     16x7     16                 18  10 FME_INTER_2.vhd 
    U_S20_add_18_10       +       signed     14x16    16                 18  10 FME_INTER_2.vhd 
    U_1_U_S2_add_18_10
                          +       signed     12x16    16                 18  10 FME_INTER_2.vhd 
================================================================================================
FME_INTER_2
 U_inter
  PUs[53].U_F2
   csa_tree_U_S1_add_18_10_groupi
   module:csa_tree_U_S1_add_18_10_group_14_5035_11
    very_fast       csa_and_adder            14x12x16 16        443.04                          
------------------------------------------------------------------------------------------------
    U_S1_add_18_10        +       signed     16x7     16                 18  10 FME_INTER_2.vhd 
    U_S0_add_18_10        +       signed     16x14    16                 18  10 FME_INTER_2.vhd 
    U_0_U_S2_add_18_10
                          +       signed     12x16    16                 18  10 FME_INTER_2.vhd 
================================================================================================
FME_INTER_2
 U_inter
  PUs[53].U_F2
   csa_tree_U_S21_add_18_10_groupi
   module:csa_tree_U_S21_add_18_10_group_12_5036_11
    very_fast       csa_and_adder            14x12x16 16        445.12                          
------------------------------------------------------------------------------------------------
    U_S21_add_18_10       +       signed     16x7     16                 18  10 FME_INTER_2.vhd 
    U_S20_add_18_10       +       signed     14x16    16                 18  10 FME_INTER_2.vhd 
    U_1_U_S2_add_18_10
                          +       signed     12x16    16                 18  10 FME_INTER_2.vhd 
================================================================================================
FME_INTER_2
 U_inter
  PUs[54].U_F2
   csa_tree_U_S1_add_18_10_groupi
   module:csa_tree_U_S1_add_18_10_group_14_5035_12
    very_fast       csa_and_adder            14x12x16 16        442.00                          
------------------------------------------------------------------------------------------------
    U_S1_add_18_10        +       signed     16x7     16                 18  10 FME_INTER_2.vhd 
    U_S0_add_18_10        +       signed     16x14    16                 18  10 FME_INTER_2.vhd 
    U_0_U_S2_add_18_10
                          +       signed     12x16    16                 18  10 FME_INTER_2.vhd 
================================================================================================
FME_INTER_2
 U_inter
  PUs[54].U_F2
   csa_tree_U_S21_add_18_10_groupi
   module:csa_tree_U_S21_add_18_10_group_12_5036_12
    very_fast       csa_and_adder            14x12x16 16        445.12                          
------------------------------------------------------------------------------------------------
    U_S21_add_18_10       +       signed     16x7     16                 18  10 FME_INTER_2.vhd 
    U_S20_add_18_10       +       signed     14x16    16                 18  10 FME_INTER_2.vhd 
    U_1_U_S2_add_18_10
                          +       signed     12x16    16                 18  10 FME_INTER_2.vhd 
================================================================================================
FME_INTER_2
 U_inter
  PUs[55].U_F2
   csa_tree_U_S1_add_18_10_groupi
   module:csa_tree_U_S1_add_18_10_group_14_5035_13
    very_fast       csa_and_adder            14x12x16 16        442.00                          
------------------------------------------------------------------------------------------------
    U_S1_add_18_10        +       signed     16x7     16                 18  10 FME_INTER_2.vhd 
    U_S0_add_18_10        +       signed     16x14    16                 18  10 FME_INTER_2.vhd 
    U_0_U_S2_add_18_10
                          +       signed     12x16    16                 18  10 FME_INTER_2.vhd 
================================================================================================
FME_INTER_2
 U_inter
  PUs[55].U_F2
   csa_tree_U_S21_add_18_10_groupi
   module:csa_tree_U_S21_add_18_10_group_12_5036_13
    very_fast       csa_and_adder            14x12x16 16        445.12                          
------------------------------------------------------------------------------------------------
    U_S21_add_18_10       +       signed     16x7     16                 18  10 FME_INTER_2.vhd 
    U_S20_add_18_10       +       signed     14x16    16                 18  10 FME_INTER_2.vhd 
    U_1_U_S2_add_18_10
                          +       signed     12x16    16                 18  10 FME_INTER_2.vhd 
================================================================================================
FME_INTER_2
 U_inter
  PUs[56].U_F2
   csa_tree_U_S1_add_18_10_groupi
   module:csa_tree_U_S1_add_18_10_group_14_5035_14
    very_fast       csa_and_adder            14x12x16 16        442.00                          
------------------------------------------------------------------------------------------------
    U_S1_add_18_10        +       signed     16x7     16                 18  10 FME_INTER_2.vhd 
    U_S0_add_18_10        +       signed     16x14    16                 18  10 FME_INTER_2.vhd 
    U_0_U_S2_add_18_10
                          +       signed     12x16    16                 18  10 FME_INTER_2.vhd 
================================================================================================
FME_INTER_2
 U_inter
  PUs[56].U_F2
   csa_tree_U_S21_add_18_10_groupi
   module:csa_tree_U_S21_add_18_10_group_12_5036_14
    very_fast       csa_and_adder            14x12x16 16        448.76                          
------------------------------------------------------------------------------------------------
    U_S21_add_18_10       +       signed     16x7     16                 18  10 FME_INTER_2.vhd 
    U_S20_add_18_10       +       signed     14x16    16                 18  10 FME_INTER_2.vhd 
    U_1_U_S2_add_18_10
                          +       signed     12x16    16                 18  10 FME_INTER_2.vhd 
================================================================================================
FME_INTER_2
 U_inter
  PUs[57].U_F2
   csa_tree_U_S1_add_18_10_groupi
   module:csa_tree_U_S1_add_18_10_group_14_5035_15
    very_fast       csa_and_adder            14x12x16 16        443.04                          
------------------------------------------------------------------------------------------------
    U_S1_add_18_10        +       signed     16x7     16                 18  10 FME_INTER_2.vhd 
    U_S0_add_18_10        +       signed     16x14    16                 18  10 FME_INTER_2.vhd 
    U_0_U_S2_add_18_10
                          +       signed     12x16    16                 18  10 FME_INTER_2.vhd 
================================================================================================
FME_INTER_2
 U_inter
  PUs[57].U_F2
   csa_tree_U_S21_add_18_10_groupi
   module:csa_tree_U_S21_add_18_10_group_12_5036_15
    very_fast       csa_and_adder            14x12x16 16        445.12                          
------------------------------------------------------------------------------------------------
    U_S21_add_18_10       +       signed     16x7     16                 18  10 FME_INTER_2.vhd 
    U_S20_add_18_10       +       signed     14x16    16                 18  10 FME_INTER_2.vhd 
    U_1_U_S2_add_18_10
                          +       signed     12x16    16                 18  10 FME_INTER_2.vhd 
================================================================================================
FME_INTER_2
 U_inter
  PUs[58].U_F2
   csa_tree_U_S1_add_18_10_groupi
   module:csa_tree_U_S1_add_18_10_group_14_5035_16
    very_fast       csa_and_adder            14x12x16 16        442.00                          
------------------------------------------------------------------------------------------------
    U_S1_add_18_10        +       signed     16x7     16                 18  10 FME_INTER_2.vhd 
    U_S0_add_18_10        +       signed     16x14    16                 18  10 FME_INTER_2.vhd 
    U_0_U_S2_add_18_10
                          +       signed     12x16    16                 18  10 FME_INTER_2.vhd 
================================================================================================
FME_INTER_2
 U_inter
  PUs[58].U_F2
   csa_tree_U_S21_add_18_10_groupi
   module:csa_tree_U_S21_add_18_10_group_12_5036_16
    very_fast       csa_and_adder            14x12x16 16        445.12                          
------------------------------------------------------------------------------------------------
    U_S21_add_18_10       +       signed     16x7     16                 18  10 FME_INTER_2.vhd 
    U_S20_add_18_10       +       signed     14x16    16                 18  10 FME_INTER_2.vhd 
    U_1_U_S2_add_18_10
                          +       signed     12x16    16                 18  10 FME_INTER_2.vhd 
================================================================================================
FME_INTER_2
 U_inter
  PUs[59].U_F2
   csa_tree_U_S1_add_18_10_groupi
   module:csa_tree_U_S1_add_18_10_group_14_5035_17
    very_fast       csa_and_adder            14x12x16 16        442.00                          
------------------------------------------------------------------------------------------------
    U_S1_add_18_10        +       signed     16x7     16                 18  10 FME_INTER_2.vhd 
    U_S0_add_18_10        +       signed     16x14    16                 18  10 FME_INTER_2.vhd 
    U_0_U_S2_add_18_10
                          +       signed     12x16    16                 18  10 FME_INTER_2.vhd 
================================================================================================
FME_INTER_2
 U_inter
  PUs[59].U_F2
   csa_tree_U_S21_add_18_10_groupi
   module:csa_tree_U_S21_add_18_10_group_12_5036_17
    very_fast       csa_and_adder            14x12x16 16        445.12                          
------------------------------------------------------------------------------------------------
    U_S21_add_18_10       +       signed     16x7     16                 18  10 FME_INTER_2.vhd 
    U_S20_add_18_10       +       signed     14x16    16                 18  10 FME_INTER_2.vhd 
    U_1_U_S2_add_18_10
                          +       signed     12x16    16                 18  10 FME_INTER_2.vhd 
================================================================================================
FME_INTER_2
 U_inter
  PUs[5].U_F2
   csa_tree_U_S1_add_18_10_groupi
   module:csa_tree_U_S1_add_18_10_group_14_1_4993_4
    very_fast       csa_and_adder            14x12x16 16        707.72                          
------------------------------------------------------------------------------------------------
    U_S1_add_18_10        +       signed     16x7     16                 18  10 FME_INTER_2.vhd 
    U_S0_add_18_10        +       signed     16x14    16                 18  10 FME_INTER_2.vhd 
    U_0_U_S2_add_18_10
                          +       signed     12x16    16                 18  10 FME_INTER_2.vhd 
================================================================================================
FME_INTER_2
 U_inter
  PUs[5].U_F2
   csa_tree_U_S21_add_18_10_groupi
   module:csa_tree_U_S21_add_18_10_group_12_1_4994_4
    very_fast       csa_and_adder            14x12x16 16        683.80                          
------------------------------------------------------------------------------------------------
    U_S21_add_18_10       +       signed     16x7     16                 18  10 FME_INTER_2.vhd 
    U_S20_add_18_10       +       signed     14x16    16                 18  10 FME_INTER_2.vhd 
    U_1_U_S2_add_18_10
                          +       signed     12x16    16                 18  10 FME_INTER_2.vhd 
================================================================================================
FME_INTER_2
 U_inter
  PUs[60].U_F2
   csa_tree_U_S1_add_18_10_groupi
   module:csa_tree_U_S1_add_18_10_group_14_5035_18
    very_fast       csa_and_adder            14x12x16 16        442.00                          
------------------------------------------------------------------------------------------------
    U_S1_add_18_10        +       signed     16x7     16                 18  10 FME_INTER_2.vhd 
    U_S0_add_18_10        +       signed     16x14    16                 18  10 FME_INTER_2.vhd 
    U_0_U_S2_add_18_10
                          +       signed     12x16    16                 18  10 FME_INTER_2.vhd 
================================================================================================
FME_INTER_2
 U_inter
  PUs[60].U_F2
   csa_tree_U_S21_add_18_10_groupi
   module:csa_tree_U_S21_add_18_10_group_12_5036_18
    very_fast       csa_and_adder            14x12x16 16        445.12                          
------------------------------------------------------------------------------------------------
    U_S21_add_18_10       +       signed     16x7     16                 18  10 FME_INTER_2.vhd 
    U_S20_add_18_10       +       signed     14x16    16                 18  10 FME_INTER_2.vhd 
    U_1_U_S2_add_18_10
                          +       signed     12x16    16                 18  10 FME_INTER_2.vhd 
================================================================================================
FME_INTER_2
 U_inter
  PUs[61].U_F2
   csa_tree_U_S1_add_18_10_groupi
   module:csa_tree_U_S1_add_18_10_group_14_5035_19
    very_fast       csa_and_adder            14x12x16 16        442.00                          
------------------------------------------------------------------------------------------------
    U_S1_add_18_10        +       signed     16x7     16                 18  10 FME_INTER_2.vhd 
    U_S0_add_18_10        +       signed     16x14    16                 18  10 FME_INTER_2.vhd 
    U_0_U_S2_add_18_10
                          +       signed     12x16    16                 18  10 FME_INTER_2.vhd 
================================================================================================
FME_INTER_2
 U_inter
  PUs[61].U_F2
   csa_tree_U_S21_add_18_10_groupi
   module:csa_tree_U_S21_add_18_10_group_12_5036_19
    very_fast       csa_and_adder            14x12x16 16        445.12                          
------------------------------------------------------------------------------------------------
    U_S21_add_18_10       +       signed     16x7     16                 18  10 FME_INTER_2.vhd 
    U_S20_add_18_10       +       signed     14x16    16                 18  10 FME_INTER_2.vhd 
    U_1_U_S2_add_18_10
                          +       signed     12x16    16                 18  10 FME_INTER_2.vhd 
================================================================================================
FME_INTER_2
 U_inter
  PUs[62].U_F2
   csa_tree_U_S1_add_18_10_groupi
   module:csa_tree_U_S1_add_18_10_group_14_5035_20
    very_fast       csa_and_adder            14x12x16 16        442.00                          
------------------------------------------------------------------------------------------------
    U_S1_add_18_10        +       signed     16x7     16                 18  10 FME_INTER_2.vhd 
    U_S0_add_18_10        +       signed     16x14    16                 18  10 FME_INTER_2.vhd 
    U_0_U_S2_add_18_10
                          +       signed     12x16    16                 18  10 FME_INTER_2.vhd 
================================================================================================
FME_INTER_2
 U_inter
  PUs[62].U_F2
   csa_tree_U_S21_add_18_10_groupi
   module:csa_tree_U_S21_add_18_10_group_12_5036_20
    very_fast       csa_and_adder            14x12x16 16        445.12                          
------------------------------------------------------------------------------------------------
    U_S21_add_18_10       +       signed     16x7     16                 18  10 FME_INTER_2.vhd 
    U_S20_add_18_10       +       signed     14x16    16                 18  10 FME_INTER_2.vhd 
    U_1_U_S2_add_18_10
                          +       signed     12x16    16                 18  10 FME_INTER_2.vhd 
================================================================================================
FME_INTER_2
 U_inter
  PUs[63].U_F2
   csa_tree_U_S1_add_18_10_groupi
   module:csa_tree_U_S1_add_18_10_group_14_5035_21
    very_fast       csa_and_adder            14x12x16 16        442.00                          
------------------------------------------------------------------------------------------------
    U_S1_add_18_10        +       signed     16x7     16                 18  10 FME_INTER_2.vhd 
    U_S0_add_18_10        +       signed     16x14    16                 18  10 FME_INTER_2.vhd 
    U_0_U_S2_add_18_10
                          +       signed     12x16    16                 18  10 FME_INTER_2.vhd 
================================================================================================
FME_INTER_2
 U_inter
  PUs[63].U_F2
   csa_tree_U_S21_add_18_10_groupi
   module:csa_tree_U_S21_add_18_10_group_12_5036_21
    very_fast       csa_and_adder            14x12x16 16        445.12                          
------------------------------------------------------------------------------------------------
    U_S21_add_18_10       +       signed     16x7     16                 18  10 FME_INTER_2.vhd 
    U_S20_add_18_10       +       signed     14x16    16                 18  10 FME_INTER_2.vhd 
    U_1_U_S2_add_18_10
                          +       signed     12x16    16                 18  10 FME_INTER_2.vhd 
================================================================================================
FME_INTER_2
 U_inter
  PUs[64].U_F2
   csa_tree_U_S1_add_18_10_groupi
   module:csa_tree_U_S1_add_18_10_group_14_22
    very_fast       csa_and_adder            14x12x16 16        416.00                          
------------------------------------------------------------------------------------------------
    U_S1_add_18_10        +       signed     16x7     16                 18  10 FME_INTER_2.vhd 
    U_S0_add_18_10        +       signed     16x14    16                 18  10 FME_INTER_2.vhd 
    U_0_U_S2_add_18_10
                          +       signed     12x16    16                 18  10 FME_INTER_2.vhd 
================================================================================================
FME_INTER_2
 U_inter
  PUs[64].U_F2
   csa_tree_U_S21_add_18_10_groupi
   module:csa_tree_U_S21_add_18_10_group_12_22
    very_fast       csa_and_adder            14x12x16 16        431.08                          
------------------------------------------------------------------------------------------------
    U_S21_add_18_10       +       signed     16x7     16                 18  10 FME_INTER_2.vhd 
    U_S20_add_18_10       +       signed     14x16    16                 18  10 FME_INTER_2.vhd 
    U_1_U_S2_add_18_10
                          +       signed     12x16    16                 18  10 FME_INTER_2.vhd 
================================================================================================
FME_INTER_2
 U_inter
  PUs[6].U_F2
   csa_tree_U_S1_add_18_10_groupi
   module:csa_tree_U_S1_add_18_10_group_14_1_4993_5
    very_fast       csa_and_adder            14x12x16 16        707.72                          
------------------------------------------------------------------------------------------------
    U_S1_add_18_10        +       signed     16x7     16                 18  10 FME_INTER_2.vhd 
    U_S0_add_18_10        +       signed     16x14    16                 18  10 FME_INTER_2.vhd 
    U_0_U_S2_add_18_10
                          +       signed     12x16    16                 18  10 FME_INTER_2.vhd 
================================================================================================
FME_INTER_2
 U_inter
  PUs[6].U_F2
   csa_tree_U_S21_add_18_10_groupi
   module:csa_tree_U_S21_add_18_10_group_12_1_4994_5
    very_fast       csa_and_adder            14x12x16 16        683.80                          
------------------------------------------------------------------------------------------------
    U_S21_add_18_10       +       signed     16x7     16                 18  10 FME_INTER_2.vhd 
    U_S20_add_18_10       +       signed     14x16    16                 18  10 FME_INTER_2.vhd 
    U_1_U_S2_add_18_10
                          +       signed     12x16    16                 18  10 FME_INTER_2.vhd 
================================================================================================
FME_INTER_2
 U_inter
  PUs[7].U_F2
   csa_tree_U_S1_add_18_10_groupi
   module:csa_tree_U_S1_add_18_10_group_14_1_4993_6
    very_fast       csa_and_adder            14x12x16 16        707.72                          
------------------------------------------------------------------------------------------------
    U_S1_add_18_10        +       signed     16x7     16                 18  10 FME_INTER_2.vhd 
    U_S0_add_18_10        +       signed     16x14    16                 18  10 FME_INTER_2.vhd 
    U_0_U_S2_add_18_10
                          +       signed     12x16    16                 18  10 FME_INTER_2.vhd 
================================================================================================
FME_INTER_2
 U_inter
  PUs[7].U_F2
   csa_tree_U_S21_add_18_10_groupi
   module:csa_tree_U_S21_add_18_10_group_12_1_4994_6
    very_fast       csa_and_adder            14x12x16 16        686.40                          
------------------------------------------------------------------------------------------------
    U_S21_add_18_10       +       signed     16x7     16                 18  10 FME_INTER_2.vhd 
    U_S20_add_18_10       +       signed     14x16    16                 18  10 FME_INTER_2.vhd 
    U_1_U_S2_add_18_10
                          +       signed     12x16    16                 18  10 FME_INTER_2.vhd 
================================================================================================
FME_INTER_2
 U_inter
  PUs[8].U_F2
   csa_tree_U_S1_add_18_10_groupi
   module:csa_tree_U_S1_add_18_10_group_14_1_4993_7
    very_fast       csa_and_adder            14x12x16 16        707.72                          
------------------------------------------------------------------------------------------------
    U_S1_add_18_10        +       signed     16x7     16                 18  10 FME_INTER_2.vhd 
    U_S0_add_18_10        +       signed     16x14    16                 18  10 FME_INTER_2.vhd 
    U_0_U_S2_add_18_10
                          +       signed     12x16    16                 18  10 FME_INTER_2.vhd 
================================================================================================
FME_INTER_2
 U_inter
  PUs[8].U_F2
   csa_tree_U_S21_add_18_10_groupi
   module:csa_tree_U_S21_add_18_10_group_12_1_4994_7
    very_fast       csa_and_adder            14x12x16 16        686.40                          
------------------------------------------------------------------------------------------------
    U_S21_add_18_10       +       signed     16x7     16                 18  10 FME_INTER_2.vhd 
    U_S20_add_18_10       +       signed     14x16    16                 18  10 FME_INTER_2.vhd 
    U_1_U_S2_add_18_10
                          +       signed     12x16    16                 18  10 FME_INTER_2.vhd 
================================================================================================
FME_INTER_2
 U_inter
  PUs[9].U_F2
   csa_tree_U_S1_add_18_10_groupi
   module:csa_tree_U_S1_add_18_10_group_14_1_4993_8
    very_fast       csa_and_adder            14x12x16 16        707.72                          
------------------------------------------------------------------------------------------------
    U_S1_add_18_10        +       signed     16x7     16                 18  10 FME_INTER_2.vhd 
    U_S0_add_18_10        +       signed     16x14    16                 18  10 FME_INTER_2.vhd 
    U_0_U_S2_add_18_10
                          +       signed     12x16    16                 18  10 FME_INTER_2.vhd 
================================================================================================
FME_INTER_2
 U_inter
  PUs[9].U_F2
   csa_tree_U_S21_add_18_10_groupi
   module:csa_tree_U_S21_add_18_10_group_12_1_4994_8
    very_fast       csa_and_adder            14x12x16 16        683.80                          
------------------------------------------------------------------------------------------------
    U_S21_add_18_10       +       signed     16x7     16                 18  10 FME_INTER_2.vhd 
    U_S20_add_18_10       +       signed     14x16    16                 18  10 FME_INTER_2.vhd 
    U_1_U_S2_add_18_10
                          +       signed     12x16    16                 18  10 FME_INTER_2.vhd 
================================================================================================

      Type        CellArea Percentage 
--------------------------------------
datapath modules  67139.80       7.31 
external muxes        0.00       0.00 
others           851914.44      92.69 
--------------------------------------
total            919054.24     100.00 

