============================================================
  Generated by:           Genus(TM) Synthesis Solution 17.10-p007_1
  Generated on:           Nov 25 2019  03:30:59 pm
  Module:                 FME_INTER_2
  Technology libraries:   CORE65LPSVT 
                          CLOCK65LPSVT 
                          physical_cells 
  Operating conditions:   _nominal_ 
  Interconnect mode:      global
  Area mode:              physical library
============================================================

                                            Leakage    Internal  
       Gate         Instances     Area    Power (uW)  Power (uW)     Library     
---------------------------------------------------------------------------------
HS65_LSS_XNOR2X12          28     189.280      0.384      31.400    CORE65LPSVT  
HS65_LSS_XNOR2X18          17     176.800      0.407      18.235    CORE65LPSVT  
HS65_LSS_XNOR2X3            7      29.120      0.022       1.503    CORE65LPSVT  
HS65_LSS_XNOR2X6          635    2641.600      4.196     379.911    CORE65LPSVT  
HS65_LSS_XNOR3X4           12     118.560      0.103      10.243    CORE65LPSVT  
HS65_LSS_XOR2X6           439    1826.240      2.429     320.432    CORE65LPSVT  
HS65_LSS_XOR3X2            86     670.800      0.487      60.801    CORE65LPSVT  
HS65_LS_AND2ABX18           9      37.440      0.071       1.427    CORE65LPSVT  
HS65_LS_AND2ABX27           1       5.720      0.012       0.000    CORE65LPSVT  
HS65_LS_AND2ABX35           1       6.240      0.016       0.000    CORE65LPSVT  
HS65_LS_AND2ABX9            6      21.840      0.025       0.781    CORE65LPSVT  
HS65_LS_AND2X18           275    1001.000      2.528     183.229    CORE65LPSVT  
HS65_LS_AND2X27           142     812.240      2.109     137.489    CORE65LPSVT  
HS65_LS_AND2X35            49     305.760      1.117      50.040    CORE65LPSVT  
HS65_LS_AND2X4            759    1973.400      1.415      90.103    CORE65LPSVT  
HS65_LS_AND2X9            224     698.880      0.952      86.477    CORE65LPSVT  
HS65_LS_AND3X35             8      62.400      0.204      13.956    CORE65LPSVT  
HS65_LS_AO112X9             1       4.160      0.004       0.678    CORE65LPSVT  
HS65_LS_AO12X27             6      40.560      0.107       6.992    CORE65LPSVT  
HS65_LS_AO12X35            12      93.600      0.300      20.310    CORE65LPSVT  
HS65_LS_AO12X9            180     655.200      0.788     166.683    CORE65LPSVT  
HS65_LS_AO212X4          4497   21045.960     17.182    4289.942    CORE65LPSVT  
HS65_LS_AO222X18           40     270.400      0.424      87.475    CORE65LPSVT  
HS65_LS_AO222X4         16158   92423.760     46.645   13438.516    CORE65LPSVT  
HS65_LS_AO222X9          1472    9185.280      7.196    1808.999    CORE65LPSVT  
HS65_LS_AO22X9           5987   24905.920     27.663    5951.121    CORE65LPSVT  
HS65_LS_AO32X9              1       5.200      0.005       0.790    CORE65LPSVT  
HS65_LS_AOI12X12          175     910.000      1.810      76.608    CORE65LPSVT  
HS65_LS_AOI12X17          153    1034.280      2.390     130.151    CORE65LPSVT  
HS65_LS_AOI12X23          124    1096.160      2.623     126.172    CORE65LPSVT  
HS65_LS_AOI12X35           66     858.000      2.413     101.531    CORE65LPSVT  
HS65_LS_AOI12X46           17     291.720      0.814      35.395    CORE65LPSVT  
HS65_LS_AOI12X6            36     112.320      0.178       7.524    CORE65LPSVT  
HS65_LS_AOI21X12            1       5.200      0.010       0.565    CORE65LPSVT  
HS65_LS_AOI21X17            1       6.760      0.014       0.945    CORE65LPSVT  
HS65_LS_AOI21X23            8      70.720      0.146       9.273    CORE65LPSVT  
HS65_LS_AOI21X35           42     546.000      1.298      87.282    CORE65LPSVT  
HS65_LS_AOI21X46           11     188.760      0.480      26.716    CORE65LPSVT  
HS65_LS_AOI22X6          1657    6031.480      5.797    1325.196    CORE65LPSVT  
HS65_LS_AOI32X5            41     170.560      0.129      18.873    CORE65LPSVT  
HS65_LS_BFX106             22     263.120      1.287      93.552    CORE65LPSVT  
HS65_LS_BFX142             37     577.200      2.917     221.791    CORE65LPSVT  
HS65_LS_BFX18              11      34.320      0.089       6.490    CORE65LPSVT  
HS65_LS_BFX213             12     268.320      1.469     110.976    CORE65LPSVT  
HS65_LS_BFX27              10      36.400      0.127       9.977    CORE65LPSVT  
HS65_LS_BFX35               6      31.200      0.104       6.504    CORE65LPSVT  
HS65_LS_BFX44              15      85.800      0.334      20.977    CORE65LPSVT  
HS65_LS_BFX53              61     380.640      1.656      89.920    CORE65LPSVT  
HS65_LS_BFX62              43     335.400      1.388      66.945    CORE65LPSVT  
HS65_LS_BFX71              70     582.400      2.631     176.703    CORE65LPSVT  
HS65_LS_BFX9               25      52.000      0.090      10.331    CORE65LPSVT  
HS65_LS_CB4I1X18            1       5.200      0.013       1.024    CORE65LPSVT  
HS65_LS_CB4I1X27            5      44.200      0.092       8.051    CORE65LPSVT  
HS65_LS_CB4I1X35            5      46.800      0.124       9.324    CORE65LPSVT  
HS65_LS_CB4I6X35            1       9.360      0.024       1.694    CORE65LPSVT  
HS65_LS_CBI4I1X11          10      62.400      0.125       4.075    CORE65LPSVT  
HS65_LS_CBI4I1X16           8      70.720      0.155       7.247    CORE65LPSVT  
HS65_LS_CBI4I1X21           4      47.840      0.105       5.886    CORE65LPSVT  
HS65_LS_CBI4I1X5            1       3.640      0.006       0.209    CORE65LPSVT  
HS65_LS_CNIVX103            1      11.960      0.048       1.956    CORE65LPSVT  
HS65_LS_CNIVX21            19      59.280      0.119       5.447    CORE65LPSVT  
HS65_LS_CNIVX27            57     207.480      0.542      28.368    CORE65LPSVT  
HS65_LS_CNIVX34             2       9.360      0.021       1.035    CORE65LPSVT  
HS65_LS_CNIVX41             6      31.200      0.101       3.664    CORE65LPSVT  
HS65_LS_CNIVX55             3      20.280      0.056       3.343    CORE65LPSVT  
HS65_LS_CNIVX62             1       7.280      0.021       1.043    CORE65LPSVT  
HS65_LS_CNIVX7            748    1166.880      1.485     121.113    CORE65LPSVT  
HS65_LS_CNIVX82             2      19.760      0.060       3.088    CORE65LPSVT  
HS65_LS_CNXOR2X38           3      32.760      0.084       9.279    CLOCK65LPSVT 
HS65_LS_DFPHQX9           660    6864.000      6.485    4276.081    CORE65LPSVT  
HS65_LS_DFPRQX18          138    1506.960      1.804     898.478    CORE65LPSVT  
HS65_LS_DFPRQX27          197    2356.120      3.255    1460.419    CORE65LPSVT  
HS65_LS_DFPRQX35           17     212.160      0.341     138.593    CORE65LPSVT  
HS65_LS_DFPRQX4           260    2704.000      2.282    1345.629    CORE65LPSVT  
HS65_LS_DFPRQX9         44659  464453.600    441.592  285282.933    CORE65LPSVT  
HS65_LS_FA1X18            491    6893.640     11.425    1501.953    CORE65LPSVT  
HS65_LS_FA1X27           1162   24773.840     42.644    5185.032    CORE65LPSVT  
HS65_LS_FA1X4             139    1301.040      0.868     127.709    CORE65LPSVT  
HS65_LS_FA1X9             246    2686.320      2.726     355.277    CORE65LPSVT  
HS65_LS_HA1X18            169    1230.320      3.498     243.377    CORE65LPSVT  
HS65_LS_HA1X27             16     191.360      0.555      33.248    CORE65LPSVT  
HS65_LS_HA1X35              5      67.600      0.240      12.327    CORE65LPSVT  
HS65_LS_HA1X4             638    3317.600      3.285     405.278    CORE65LPSVT  
HS65_LS_HA1X9             304    1896.960      2.842     326.278    CORE65LPSVT  
HS65_LS_IVX106             12     106.080      0.513      19.628    CORE65LPSVT  
HS65_LS_IVX142             17     203.320      0.999      58.152    CORE65LPSVT  
HS65_LS_IVX18            2135    4440.800     11.546     531.001    CORE65LPSVT  
HS65_LS_IVX213              7     120.120      0.640      23.548    CORE65LPSVT  
HS65_LS_IVX27             969    3023.280      8.945     433.407    CORE65LPSVT  
HS65_LS_IVX31              11      40.040      0.122       5.593    CORE65LPSVT  
HS65_LS_IVX35            1064    3872.960     13.254     584.716    CORE65LPSVT  
HS65_LS_IVX44             826    3436.160     13.254     626.754    CORE65LPSVT  
HS65_LS_IVX53             404    2100.800      8.111     328.903    CORE65LPSVT  
HS65_LS_IVX62              21     120.120      0.497      16.456    CORE65LPSVT  
HS65_LS_IVX71             306    1909.440      8.407     376.710    CORE65LPSVT  
HS65_LS_IVX9            11032   17209.920     28.294    1663.720    CORE65LPSVT  
HS65_LS_MUX21I1X12         88     594.880      1.113      90.137    CORE65LPSVT  
HS65_LS_MUX21I1X18        258    2683.200      5.471     363.338    CORE65LPSVT  
HS65_LS_MUX21I1X24         68     848.640      1.938     147.030    CORE65LPSVT  
HS65_LS_MUX21I1X6         355    1476.800      1.922     243.717    CORE65LPSVT  
HS65_LS_MUX21X18           49     305.760      0.796      62.512    CORE65LPSVT  
HS65_LS_MUX21X4           164     682.240      0.764      95.731    CORE65LPSVT  
HS65_LS_MUX21X9            51     238.680      0.373      36.065    CORE65LPSVT  
HS65_LS_MUXI21X10          56     465.920      0.673      58.282    CORE65LPSVT  
HS65_LS_MUXI21X15           2      20.800      0.037       2.336    CORE65LPSVT  
HS65_LS_MUXI21X20           1      14.040      0.023       1.302    CORE65LPSVT  
HS65_LS_MUXI21X5            1       4.680      0.006       0.468    CORE65LPSVT  
HS65_LS_NAND2AX14         465    1934.400      4.448     233.767    CORE65LPSVT  
HS65_LS_NAND2AX21         497    2842.840      6.875     370.866    CORE65LPSVT  
HS65_LS_NAND2AX29         183    1237.080      3.594     164.138    CORE65LPSVT  
HS65_LS_NAND2AX4            4      12.480      0.010       0.233    CORE65LPSVT  
HS65_LS_NAND2AX7         1711    5338.320      8.613     671.098    CORE65LPSVT  
HS65_LS_NAND2X11            8      29.120      0.053       2.648    CORE65LPSVT  
HS65_LS_NAND2X14         1184    4309.760      7.493     468.746    CORE65LPSVT  
HS65_LS_NAND2X21          593    3083.600      5.795     335.607    CORE65LPSVT  
HS65_LS_NAND2X29          304    1896.960      4.820     234.194    CORE65LPSVT  
HS65_LS_NAND2X4             2       4.160      0.003       0.060    CORE65LPSVT  
HS65_LS_NAND2X43          118    1043.120      4.029     175.776    CORE65LPSVT  
HS65_LS_NAND2X5           217     451.360      0.432      62.881    CORE65LPSVT  
HS65_LS_NAND2X57           22     263.120      1.172      29.122    CORE65LPSVT  
HS65_LS_NAND2X7         26768   55677.440     52.061    8479.686    CORE65LPSVT  
HS65_LS_NAND3AX13          62     354.640      0.533      62.512    CORE65LPSVT  
HS65_LS_NAND3AX19          60     468.000      0.724      58.064    CORE65LPSVT  
HS65_LS_NAND3AX25          18     177.840      0.124      12.400    CORE65LPSVT  
HS65_LS_NAND3X13           22     114.400      0.378      11.562    CORE65LPSVT  
HS65_LS_NAND3X19           51     344.760      0.593      37.893    CORE65LPSVT  
HS65_LS_NAND3X25           40     353.600      0.876      45.082    CORE65LPSVT  
HS65_LS_NAND3X38           55     715.000      1.890      89.762    CORE65LPSVT  
HS65_LS_NAND3X50            3      51.480      0.134       7.012    CORE65LPSVT  
HS65_LS_NAND4ABX3           1       3.640      0.001       0.000    CORE65LPSVT  
HS65_LS_NOR2AX13          350    1456.000      3.234     207.889    CORE65LPSVT  
HS65_LS_NOR2AX19           67     383.240      0.654      49.403    CORE65LPSVT  
HS65_LS_NOR2AX25           20     135.200      0.267      21.605    CORE65LPSVT  
HS65_LS_NOR2AX3           337     876.200      0.841      73.811    CORE65LPSVT  
HS65_LS_NOR2AX6           409    1276.080      1.760     135.550    CORE65LPSVT  
HS65_LS_NOR2X13           426    1550.640      2.882     199.130    CORE65LPSVT  
HS65_LS_NOR2X19           375    1950.000      4.127     239.095    CORE65LPSVT  
HS65_LS_NOR2X25           292    1822.080      4.030     241.912    CORE65LPSVT  
HS65_LS_NOR2X38           298    2634.320      7.333     357.491    CORE65LPSVT  
HS65_LS_NOR2X50             6      71.760      0.170       5.822    CORE65LPSVT  
HS65_LS_NOR2X6            663    1379.040      1.270      87.222    CORE65LPSVT  
HS65_LS_NOR2X9              2       7.280      0.007       0.692    CORE65LPSVT  
HS65_LS_NOR3AX13            1       7.800      0.005       1.013    CORE65LPSVT  
HS65_LS_NOR3X13             2      13.520      0.020       0.638    CORE65LPSVT  
HS65_LS_NOR3X18            20     176.800      0.057       8.409    CORE65LPSVT  
HS65_LS_NOR3X26             7      80.080      0.167      11.499    CORE65LPSVT  
HS65_LS_NOR3X35             5      75.400      0.153       8.789    CORE65LPSVT  
HS65_LS_NOR3X4              2       5.200      0.002       0.490    CORE65LPSVT  
HS65_LS_NOR3X7             18      84.240      0.022       5.185    CORE65LPSVT  
HS65_LS_OA12X18            25     104.000      0.265      23.266    CORE65LPSVT  
HS65_LS_OA12X27            24     174.720      0.417      33.729    CORE65LPSVT  
HS65_LS_OA12X35             4      31.200      0.106       7.460    CORE65LPSVT  
HS65_LS_OA212X4            21     109.200      0.061      12.743    CORE65LPSVT  
HS65_LS_OAI112X11          20     124.800      0.210      25.455    CORE65LPSVT  
HS65_LS_OAI112X16           1       8.840      0.019       1.014    CORE65LPSVT  
HS65_LS_OAI112X5        12504   45514.560     76.096    9723.009    CORE65LPSVT  
HS65_LS_OAI12X12          261    1357.200      2.673     171.550    CORE65LPSVT  
HS65_LS_OAI12X18          425    2873.000      6.771     361.647    CORE65LPSVT  
HS65_LS_OAI12X24          473    4181.320      9.912     537.227    CORE65LPSVT  
HS65_LS_OAI12X3             1       2.600      0.002       0.347    CORE65LPSVT  
HS65_LS_OAI12X37          157    2041.000      5.192     275.701    CORE65LPSVT  
HS65_LS_OAI12X6           165     514.800      0.598      98.823    CORE65LPSVT  
HS65_LS_OAI13X10            1       6.240      0.008       1.616    CORE65LPSVT  
HS65_LS_OAI13X15            2      17.680      0.023       4.007    CORE65LPSVT  
HS65_LS_OAI13X5            42     152.880      0.150      22.183    CORE65LPSVT  
HS65_LS_OAI211X11           1       6.240      0.005       0.530    CORE65LPSVT  
HS65_LS_OAI211X5           10      36.400      0.032       4.624    CORE65LPSVT  
HS65_LS_OAI211X8            2      12.480      0.008       1.320    CORE65LPSVT  
HS65_LS_OAI212X10          20     166.400      0.240      15.910    CORE65LPSVT  
HS65_LS_OAI212X15           1      10.920      0.010       1.013    CORE65LPSVT  
HS65_LS_OAI212X5           65     270.400      0.388      54.928    CORE65LPSVT  
HS65_LS_OAI21X12            5      26.000      0.047       2.994    CORE65LPSVT  
HS65_LS_OAI21X18            4      27.040      0.053       2.524    CORE65LPSVT  
HS65_LS_OAI21X24           21     185.640      0.381      19.188    CORE65LPSVT  
HS65_LS_OAI21X3          1383    3595.800      2.626     317.802    CORE65LPSVT  
HS65_LS_OAI21X37           15     195.000      0.417      19.917    CORE65LPSVT  
HS65_LS_OAI21X49            2      34.320      0.076       3.564    CORE65LPSVT  
HS65_LS_OAI22X11           31     193.440      0.287      31.322    CORE65LPSVT  
HS65_LS_OAI22X17            1       8.840      0.014       0.944    CORE65LPSVT  
HS65_LS_OAI22X6             2       7.280      0.008       0.779    CORE65LPSVT  
HS65_LS_OAI311X5            1       4.160      0.000       0.000    CORE65LPSVT  
HS65_LS_OAI31X10           18     112.320      0.145      14.034    CORE65LPSVT  
HS65_LS_OR2ABX18           14      58.240      0.148      15.683    CORE65LPSVT  
HS65_LS_OR2ABX35           24     137.280      0.542      56.353    CORE65LPSVT  
HS65_LS_OR2X18            218     793.520      2.019     176.549    CORE65LPSVT  
HS65_LS_OR2X27             47     268.840      0.632      38.122    CORE65LPSVT  
HS65_LS_OR2X35              7      43.680      0.109       1.006    CORE65LPSVT  
HS65_LS_OR2X4               2       6.240      0.005       0.182    CORE65LPSVT  
HS65_LS_OR2X9             635    1981.200      2.697     244.101    CORE65LPSVT  
HS65_LS_OR3ABCX18           1       5.200      0.008       0.467    CORE65LPSVT  
HS65_LS_OR3X18              1       4.680      0.007       0.142    CORE65LPSVT  
HS65_LS_OR3X9               1       3.640      0.006       0.450    CORE65LPSVT  
HS65_LS_OR4X4               1       5.200      0.006       0.580    CORE65LPSVT  
HS65_LS_PAO2X18             3      17.160      0.032       3.814    CORE65LPSVT  
HS65_LS_PAO2X27            18     177.840      0.286      41.356    CORE65LPSVT  
HS65_LS_PAO2X9            266    1244.880      1.180     173.528    CORE65LPSVT  
HS65_LS_PAOI2X1            61     222.040      0.065       8.661    CORE65LPSVT  
HS65_LS_PAOI2X11           58     452.400      0.554      60.774    CORE65LPSVT  
HS65_LS_PAOI2X17          121    1321.320      1.485     208.999    CORE65LPSVT  
HS65_LS_PAOI2X22           69    1040.520      1.045     149.556    CORE65LPSVT  
HS65_LS_PAOI2X33            5     109.200      0.115      15.820    CORE65LPSVT  
HS65_LS_PAOI2X6            45     187.200      0.209      22.899    CORE65LPSVT  
HS65_LS_SDFPRQX9          141    1759.680      1.489    1190.572    CORE65LPSVT  
HS65_LS_XNOR2X18          292    1973.920      6.396     449.289    CORE65LPSVT  
HS65_LS_XNOR2X27           58     603.200      1.827     125.361    CORE65LPSVT  
HS65_LS_XNOR2X35          122    1395.680      5.310     424.623    CORE65LPSVT  
HS65_LS_XNOR2X4             5      23.400      0.028       2.660    CORE65LPSVT  
HS65_LS_XNOR2X9            93     483.600      0.910      73.347    CORE65LPSVT  
HS65_LS_XNOR3X18            1      11.960      0.017       1.940    CORE65LPSVT  
HS65_LS_XNOR3X9             1      11.440      0.008       1.171    CORE65LPSVT  
HS65_LS_XOR2X18           387    2616.120      8.515     592.090    CORE65LPSVT  
HS65_LS_XOR2X27           167    1736.800      5.328     388.791    CORE65LPSVT  
HS65_LS_XOR2X35           219    2505.360      9.597     669.516    CORE65LPSVT  
HS65_LS_XOR2X4             12      56.160      0.071       5.199    CORE65LPSVT  
HS65_LS_XOR2X9            126     655.200      1.239     100.974    CORE65LPSVT  
HS65_LS_XOR3X9            100     936.000      0.729      88.734    CORE65LPSVT  
---------------------------------------------------------------------------------
total                  156288  919054.240   1073.218  367829.129                 


                                                Leakage  Leakage  Internal  Internal 
   Library   Instances Instances %    Area    Power (uW) Power % Power (uW)  Power % 
-------------------------------------------------------------------------------------
CLOCK65LPSVT         3         0.0     32.760      0.084     0.0      9.279      0.0 
CORE65LPSVT     156285       100.0 919021.480   1073.133   100.0 367819.849    100.0 

                                             Leakage  Leakage  Internal  Internal 
     Type      Instances    Area    Area % Power (uW) Power % Power (uW)  Power % 
----------------------------------------------------------------------------------
sequential         46072 479856.520   52.2    457.248    42.6 294592.704     80.1 
inverter           17643  38116.520    4.1     97.035     9.0   4837.643      1.3 
buffer               312   2646.800    0.3     12.093     1.1    814.166      0.2 
logic              92261 398434.400   43.4    506.842    47.2  67584.616     18.4 
physical_cells         0      0.000    0.0      0.000     0.0      0.000      0.0 
----------------------------------------------------------------------------------
total             156288 919054.240  100.0   1073.218   100.0 367829.129    100.0 

