============================================================
  Generated by:           Genus(TM) Synthesis Solution 17.10-p007_1
  Generated on:           Jan 28 2020  11:09:25 am
  Module:                 INTER_2
  Technology libraries:   CORE65LPSVT 
                          CLOCK65LPSVT 
                          physical_cells 
  Operating conditions:   _nominal_ 
  Interconnect mode:      global
  Area mode:              physical library
============================================================

              Instance                             Module                Cells  Cell Area  Net Area   Total Area 
-----------------------------------------------------------------------------------------------------------------
INTER_2                                                                   4202      23689      8924        32612 
  gen_filter[8].U_S0                filter_2_bit_width10_8                 428       2251       845         3095 
    csa_tree_U_S21_add_18_10_groupi csa_tree_U_S21_add_18_10_group_12_8     54        427        98          526 
    csa_tree_U_S1_add_18_10_groupi  csa_tree_U_S1_add_18_10_group_14_8      54        427        98          526 
    addinc_U_1_U_S0_add_18_16       add_signed_carry_373                    75        343       123          467 
    addinc_U_0_U_S0_add_18_16       add_signed_carry_372                    75        343       123          467 
    addinc_U_1_U_S1_add_18_16       add_signed_carry_24_356                 61        281        92          374 
    addinc_U_0_U_S1_add_18_16       add_signed_carry_24_355                 61        281        92          374 
    U_S10                           somador_n_np1_bit_width8_8               3         24         3           27 
      addinc_add_41_28              add_unsigned_carry_465                   3         24         3           27 
  gen_filter[0].U_S0                filter_2_bit_width10                   428       2251       845         3095 
    csa_tree_U_S21_add_18_10_groupi csa_tree_U_S21_add_18_10_group_12       54        427        98          526 
    csa_tree_U_S1_add_18_10_groupi  csa_tree_U_S1_add_18_10_group_14        54        427        98          526 
    addinc_U_1_U_S0_add_18_16       add_signed_carry                        75        343       123          467 
    addinc_U_0_U_S0_add_18_16       add_signed_carry_388                    75        343       123          467 
    addinc_U_1_U_S1_add_18_16       add_signed_carry_24                     61        281        92          374 
    addinc_U_0_U_S1_add_18_16       add_signed_carry_24_371                 61        281        92          374 
    U_S10                           somador_n_np1_bit_width8                 3         24         3           27 
      addinc_add_41_28              add_unsigned_carry                       3         24         3           27 
  gen_filter[7].U_S0                filter_2_bit_width10_7                 427       2251       838         3088 
    csa_tree_U_S21_add_18_10_groupi csa_tree_U_S21_add_18_10_group_12_7     54        427        98          526 
    csa_tree_U_S1_add_18_10_groupi  csa_tree_U_S1_add_18_10_group_14_7      54        427        98          526 
    addinc_U_1_U_S0_add_18_16       add_signed_carry_375                    75        343       123          467 
    addinc_U_0_U_S0_add_18_16       add_signed_carry_374                    75        343       123          467 
    addinc_U_1_U_S1_add_18_16       add_signed_carry_24_358                 61        281        92          374 
    addinc_U_0_U_S1_add_18_16       add_signed_carry_24_357                 61        281        92          374 
    U_S10                           somador_n_np1_bit_width8_7               3         24         3           27 
      addinc_add_41_28              add_unsigned_carry_466                   3         24         3           27 
  gen_filter[6].U_S0                filter_2_bit_width10_6                 427       2251       838         3088 
    csa_tree_U_S21_add_18_10_groupi csa_tree_U_S21_add_18_10_group_12_6     54        427        98          526 
    csa_tree_U_S1_add_18_10_groupi  csa_tree_U_S1_add_18_10_group_14_6      54        427        98          526 
    addinc_U_1_U_S0_add_18_16       add_signed_carry_377                    75        343       123          467 
    addinc_U_0_U_S0_add_18_16       add_signed_carry_376                    75        343       123          467 
    addinc_U_1_U_S1_add_18_16       add_signed_carry_24_360                 61        281        92          374 
    addinc_U_0_U_S1_add_18_16       add_signed_carry_24_359                 61        281        92          374 
    U_S10                           somador_n_np1_bit_width8_6               3         24         3           27 
      addinc_add_41_28              add_unsigned_carry_467                   3         24         3           27 
  gen_filter[5].U_S0                filter_2_bit_width10_5                 427       2251       838         3088 
    csa_tree_U_S21_add_18_10_groupi csa_tree_U_S21_add_18_10_group_12_5     54        427        98          526 
    csa_tree_U_S1_add_18_10_groupi  csa_tree_U_S1_add_18_10_group_14_5      54        427        98          526 
    addinc_U_1_U_S0_add_18_16       add_signed_carry_379                    75        343       123          467 
    addinc_U_0_U_S0_add_18_16       add_signed_carry_378                    75        343       123          467 
    addinc_U_1_U_S1_add_18_16       add_signed_carry_24_362                 61        281        92          374 
    addinc_U_0_U_S1_add_18_16       add_signed_carry_24_361                 61        281        92          374 
    U_S10                           somador_n_np1_bit_width8_5               3         24         3           27 
      addinc_add_41_28              add_unsigned_carry_468                   3         24         3           27 
  gen_filter[4].U_S0                filter_2_bit_width10_4                 427       2251       838         3088 
    csa_tree_U_S21_add_18_10_groupi csa_tree_U_S21_add_18_10_group_12_4     54        427        98          526 
    csa_tree_U_S1_add_18_10_groupi  csa_tree_U_S1_add_18_10_group_14_4      54        427        98          526 
    addinc_U_1_U_S0_add_18_16       add_signed_carry_381                    75        343       123          467 
    addinc_U_0_U_S0_add_18_16       add_signed_carry_380                    75        343       123          467 
    addinc_U_1_U_S1_add_18_16       add_signed_carry_24_364                 61        281        92          374 
    addinc_U_0_U_S1_add_18_16       add_signed_carry_24_363                 61        281        92          374 
    U_S10                           somador_n_np1_bit_width8_4               3         24         3           27 
      addinc_add_41_28              add_unsigned_carry_469                   3         24         3           27 
  gen_filter[3].U_S0                filter_2_bit_width10_3                 427       2251       838         3088 
    csa_tree_U_S21_add_18_10_groupi csa_tree_U_S21_add_18_10_group_12_3     54        427        98          526 
    csa_tree_U_S1_add_18_10_groupi  csa_tree_U_S1_add_18_10_group_14_3      54        427        98          526 
    addinc_U_1_U_S0_add_18_16       add_signed_carry_383                    75        343       123          467 
    addinc_U_0_U_S0_add_18_16       add_signed_carry_382                    75        343       123          467 
    addinc_U_1_U_S1_add_18_16       add_signed_carry_24_366                 61        281        92          374 
    addinc_U_0_U_S1_add_18_16       add_signed_carry_24_365                 61        281        92          374 
    U_S10                           somador_n_np1_bit_width8_3               3         24         3           27 
      addinc_add_41_28              add_unsigned_carry_470                   3         24         3           27 
  gen_filter[2].U_S0                filter_2_bit_width10_2                 427       2251       838         3088 
    csa_tree_U_S21_add_18_10_groupi csa_tree_U_S21_add_18_10_group_12_2     54        427        98          526 
    csa_tree_U_S1_add_18_10_groupi  csa_tree_U_S1_add_18_10_group_14_2      54        427        98          526 
    addinc_U_1_U_S0_add_18_16       add_signed_carry_385                    75        343       123          467 
    addinc_U_0_U_S0_add_18_16       add_signed_carry_384                    75        343       123          467 
    addinc_U_1_U_S1_add_18_16       add_signed_carry_24_368                 61        281        92          374 
    addinc_U_0_U_S1_add_18_16       add_signed_carry_24_367                 61        281        92          374 
    U_S10                           somador_n_np1_bit_width8_2               3         24         3           27 
      addinc_add_41_28              add_unsigned_carry_471                   3         24         3           27 
  gen_filter[1].U_S0                filter_2_bit_width10_1                 427       2251       838         3088 
    csa_tree_U_S21_add_18_10_groupi csa_tree_U_S21_add_18_10_group_12_1     54        427        98          526 
    csa_tree_U_S1_add_18_10_groupi  csa_tree_U_S1_add_18_10_group_14_1      54        427        98          526 
    addinc_U_1_U_S0_add_18_16       add_signed_carry_387                    75        343       123          467 
    addinc_U_0_U_S0_add_18_16       add_signed_carry_386                    75        343       123          467 
    addinc_U_1_U_S1_add_18_16       add_signed_carry_24_370                 61        281        92          374 
    addinc_U_0_U_S1_add_18_16       add_signed_carry_24_369                 61        281        92          374 
    U_S10                           somador_n_np1_bit_width8_1               3         24         3           27 
      addinc_add_41_28              add_unsigned_carry_472                   3         24         3           27 
