============================================================
  Generated by:           Genus(TM) Synthesis Solution 17.10-p007_1
  Generated on:           Jan 20 2020  10:38:51 pm
  Module:                 filter_regular
  Technology libraries:   CORE65LPSVT 
                          CLOCK65LPSVT 
                          physical_cells 
  Operating conditions:   _nominal_ 
  Interconnect mode:      global
  Area mode:              physical library
============================================================

                                     Leakage   Internal    Net        Dynamic          Total       
                                                                  (Internal+Net) (Leakage+Dynamic) 
           Instance           Cells Power(uW) Power(uW) Power(uW)    Power(uW)       Power(uW)     
---------------------------------------------------------------------------------------------------
filter_regular                76139   844.382 60196.834 44507.462     104704.296        105548.677 
  S0[14].U0                    4391    49.931  2076.554  2244.878       4321.432          4371.364 
    csa_tree_U..d_90_9_groupi   160     2.016    90.747   103.751        194.498           196.514 
    csa_tree_U..d_90_9_groupi   132     1.945    92.190   105.275        197.466           199.411 
    csa_tree_U..d_90_9_groupi   128     1.818    81.776    86.904        168.680           170.498 
    csa_tree_U..d_90_9_groupi   140     1.601    63.120    72.042        135.162           136.763 
    csa_tree_U..d_90_9_groupi   125     1.490    75.362    80.792        156.154           157.644 
    csa_tree_U..d_90_9_groupi   138     1.482   109.024   112.362        221.385           222.868 
    csa_tree_U..d_90_9_groupi   144     1.438    53.970    61.789        115.759           117.197 
    csa_tree_U..d_90_9_groupi   130     1.403    98.623    97.880        196.503           197.906 
    csa_tree_U..d_90_9_groupi    80     1.340   109.303    87.656        196.959           198.299 
    csa_tree_U..d_90_9_groupi   113     1.255    59.804    61.119        120.923           122.178 
    csa_tree_U..d_90_9_groupi    93     1.110    50.069    57.856        107.926           109.035 
    csa_tree_U..d_90_9_groupi    75     1.037    84.670    69.900        154.569           155.606 
    csa_tree_U..d_90_9_groupi   125     0.929    27.768    33.009         60.777            61.706 
    csa_tree_U..d_90_9_groupi    77     0.899    39.208    39.990         79.197            80.096 
    csa_tree_U..d_90_9_groupi    66     0.872    55.260    46.078        101.338           102.210 
    csa_tree_U..d_90_9_groupi   109     0.754    33.362    39.866         73.228            73.982 
    csa_tree_U..d_90_9_groupi    99     0.746    22.287    28.323         50.610            51.356 
    U_S95_add_63_8               88     0.532    32.450    42.763         75.213            75.745 
    U_S_25_add_63_8              89     0.517    35.674    48.210         83.884            84.401 
    U_S4_add_90_9                50     0.484    30.114    22.991         53.104            53.588 
    csa_tree_U..d_90_9_groupi    49     0.455    24.655    26.627         51.282            51.736 
    U_S_35_add_63_8              40     0.447    34.151    23.738         57.889            58.336 
    U_S14_add_90_9               42     0.425    30.576    22.720         53.296            53.720 
    U_S_15_add_63_8              45     0.381    33.221    25.374         58.595            58.976 
    U_S85_add_63_8               44     0.379    30.216    22.880         53.095            53.475 
    U_S_44_add_63_8              39     0.352    27.034    19.777         46.811            47.164 
  S0[6].U0                     4374    48.819  2230.032  2462.018       4692.051          4740.870 
    csa_tree_U..d_90_9_groupi   164     2.062   100.455   111.039        211.493           213.556 
    csa_tree_U..d_90_9_groupi   122     2.025    92.733   105.548        198.281           200.306 
    csa_tree_U..d_90_9_groupi   129     1.828    87.324    92.376        179.701           181.529 
    csa_tree_U..d_90_9_groupi   139     1.766   131.482   143.237        274.718           276.484 
    csa_tree_U..d_90_9_groupi   127     1.530    76.638    80.465        157.103           158.633 
    csa_tree_U..d_90_9_groupi   136     1.473   121.378   125.525        246.904           248.376 
    csa_tree_U..d_90_9_groupi   118     1.223    54.258    56.390        110.648           111.871 
    csa_tree_U..d_90_9_groupi    76     1.185   105.948    92.655        198.603           199.788 
    csa_tree_U..d_90_9_groupi   141     1.171    54.635    64.653        119.287           120.458 
    csa_tree_U..d_90_9_groupi    74     1.144   101.710    94.055        195.765           196.909 
    csa_tree_U..d_90_9_groupi    95     1.079    46.109    52.182         98.291            99.370 
    csa_tree_U..d_90_9_groupi   131     1.004    47.603    60.924        108.527           109.531 
    csa_tree_U..d_90_9_groupi   106     0.923    29.062    36.002         65.063            65.986 
    csa_tree_U..d_90_9_groupi   109     0.895    47.510    56.850        104.360           105.255 
    csa_tree_U..d_90_9_groupi   125     0.878    33.498    43.874         77.372            78.250 
    csa_tree_U..d_90_9_groupi    71     0.811    41.177    40.160         81.337            82.148 
    csa_tree_U..d_90_9_groupi    56     0.665    56.316    48.442        104.758           105.424 
    U_S_25_add_63_8              91     0.598    42.053    52.619         94.672            95.271 
    U_S95_add_63_8               89     0.516    39.317    52.524         91.842            92.357 
    csa_tree_U..d_90_9_groupi    48     0.484    28.397    27.662         56.059            56.542 
    U_S_44_add_63_8              30     0.473    36.823    21.341         58.164            58.637 
    U_S14_add_90_9               41     0.448    33.606    25.782         59.388            59.836 
    U_S4_add_90_9                50     0.445    27.332    21.934         49.266            49.711 
    U_S_35_add_63_8              37     0.380    33.304    24.025         57.328            57.708 
    U_S85_add_63_8               44     0.365    34.736    28.209         62.945            63.310 
    U_S_15_add_63_8              42     0.357    30.630    25.282         55.912            56.269 
  S0[3].U0                     4231    48.603  2169.592  2313.349       4482.941          4531.544 
    csa_tree_U..d_90_9_groupi   124     1.839    79.754    90.565        170.319           172.158 
    csa_tree_U..d_90_9_groupi   121     1.817    84.300    89.624        173.924           175.742 
    csa_tree_U..d_90_9_groupi   146     1.777    70.170    77.452        147.622           149.399 
    csa_tree_U..d_90_9_groupi   161     1.768    79.732    87.373        167.105           168.873 
    csa_tree_U..d_90_9_groupi   133     1.577   118.201   121.133        239.334           240.912 
    csa_tree_U..d_90_9_groupi   138     1.569    63.091    68.447        131.538           133.107 
    csa_tree_U..d_90_9_groupi   134     1.484   119.210   122.220        241.430           242.914 
    csa_tree_U..d_90_9_groupi   118     1.408    67.913    72.414        140.327           141.735 
    csa_tree_U..d_90_9_groupi   144     1.357    40.790    46.230         87.020            88.377 
    csa_tree_U..d_90_9_groupi    76     1.295   114.114    89.527        203.640           204.936 
    csa_tree_U..d_90_9_groupi    96     1.209    53.753    62.326        116.079           117.288 
    csa_tree_U..d_90_9_groupi   116     1.109    50.849    59.188        110.037           111.146 
    csa_tree_U..d_90_9_groupi    77     1.088    95.739    80.237        175.976           177.064 
    csa_tree_U..d_90_9_groupi   114     1.058    51.191    54.945        106.136           107.194 
    csa_tree_U..d_90_9_groupi    77     0.772    36.352    39.852         76.203            76.975 
    csa_tree_U..d_90_9_groupi    52     0.710    60.872    45.179        106.050           106.761 
    csa_tree_U..d_90_9_groupi    99     0.672    19.404    26.578         45.982            46.654 
    U_S95_add_63_8               90     0.549    40.130    52.052         92.181            92.731 
    U_S4_add_90_9                43     0.534    29.290    20.822         50.112            50.646 
    csa_tree_U..d_90_9_groupi    47     0.495    27.808    26.233         54.040            54.535 
    U_S14_add_90_9               42     0.484    36.991    27.089         64.079            64.563 
    U_S_25_add_63_8              42     0.467    40.817    30.047         70.863            71.330 
    U_S_15_add_63_8              47     0.465    39.526    35.647         75.172            75.637 
    U_S_44_add_63_8              36     0.411    34.464    22.490         56.954            57.365 
    U_S_35_add_63_8              33     0.410    33.421    22.198         55.619            56.029 
    U_S85_add_63_8               45     0.375    34.455    27.404         61.859            62.234 
  S0[5].U0                     4330    48.383  2248.721  2410.601       4659.322          4707.705 
    csa_tree_U..d_90_9_groupi   123     1.912   100.112   103.254        203.367           205.279 
    csa_tree_U..d_90_9_groupi   157     1.744    91.539    99.691        191.231           192.974 
    csa_tree_U..d_90_9_groupi   132     1.738    94.668    98.136        192.804           194.541 
    csa_tree_U..d_90_9_groupi   144     1.648   123.520   127.878        251.399           253.047 
    csa_tree_U..d_90_9_groupi   122     1.620    80.574    87.728        168.302           169.922 
    csa_tree_U..d_90_9_groupi   132     1.511   104.403   111.856        216.259           217.770 
    csa_tree_U..d_90_9_groupi    99     1.248    61.804    73.360        135.163           136.412 
    csa_tree_U..d_90_9_groupi   139     1.226    50.275    57.579        107.854           109.079 
    csa_tree_U..d_90_9_groupi    71     1.216   111.315    82.721        194.035           195.252 
    csa_tree_U..d_90_9_groupi   117     1.099    58.478    65.886        124.365           125.464 
    csa_tree_U..d_90_9_groupi    81     1.076    99.728    87.078        186.806           187.882 
    csa_tree_U..d_90_9_groupi   140     1.044    43.465    54.628         98.093            99.137 
    csa_tree_U..d_90_9_groupi   134     0.970    28.356    36.544         64.900            65.870 
    csa_tree_U..d_90_9_groupi   112     0.892    43.105    47.594         90.699            91.590 
    csa_tree_U..d_90_9_groupi    75     0.773    38.028    40.229         78.258            79.031 
    csa_tree_U..d_90_9_groupi    55     0.725    58.779    46.732        105.511           106.236 
    csa_tree_U..d_90_9_groupi    94     0.562    15.240    22.224         37.464            38.026 
    U_S4_add_90_9                43     0.536    30.931    22.590         53.520            54.056 
    U_S95_add_63_8               90     0.532    41.740    55.374         97.114            97.646 
    csa_tree_U..d_90_9_groupi    46     0.496    27.302    25.102         52.405            52.901 
    U_S_25_add_63_8              42     0.481    46.452    34.783         81.234            81.716 
    U_S_15_add_63_8              48     0.466    41.332    36.939         78.271            78.737 
    U_S14_add_90_9               42     0.459    37.302    28.512         65.814            66.273 
    U_S_35_add_63_8              33     0.445    40.344    27.735         68.079            68.524 
    U_S_44_add_63_8              36     0.397    31.339    21.207         52.546            52.943 
    U_S85_add_63_8               45     0.371    34.468    27.869         62.337            62.708 
  S0[2].U0                     4237    48.232  2208.081  2356.675       4564.757          4612.989 
    csa_tree_U..d_90_9_groupi   159     2.045   102.959   109.800        212.759           214.804 
    csa_tree_U..d_90_9_groupi   118     1.701    85.120    93.054        178.174           179.875 
    csa_tree_U..d_90_9_groupi   126     1.628    83.415    88.602        172.017           173.645 
    csa_tree_U..d_90_9_groupi   127     1.604    82.871    91.892        174.764           176.367 
    csa_tree_U..d_90_9_groupi   139     1.458   119.154   123.342        242.495           243.954 
    csa_tree_U..d_90_9_groupi   132     1.401   114.208   119.332        233.540           234.941 
    csa_tree_U..d_90_9_groupi   134     1.246    56.248    62.595        118.843           120.090 
    csa_tree_U..d_90_9_groupi    76     1.220   114.920    95.721        210.641           211.861 
    csa_tree_U..d_90_9_groupi    78     1.212   112.838    97.417        210.256           211.467 
    csa_tree_U..d_90_9_groupi   118     1.168    60.668    67.819        128.487           129.655 
    csa_tree_U..d_90_9_groupi   136     1.159    48.787    53.478        102.265           103.424 
    csa_tree_U..d_90_9_groupi   135     1.092    29.958    38.704         68.662            69.754 
    csa_tree_U..d_90_9_groupi    97     1.063    48.388    60.437        108.825           109.888 
    csa_tree_U..d_90_9_groupi   109     0.860    39.599    51.783         91.382            92.242 
    csa_tree_U..d_90_9_groupi    77     0.813    38.189    37.504         75.693            76.506 
    csa_tree_U..d_90_9_groupi   100     0.778    20.988    29.207         50.195            50.973 
    csa_tree_U..d_90_9_groupi    51     0.682    54.264    42.204         96.468            97.150 
    csa_tree_U..d_90_9_groupi    46     0.591    33.488    29.107         62.596            63.187 
    U_S95_add_63_8               90     0.523    39.039    50.675         89.714            90.237 
    U_S_44_add_63_8              32     0.509    40.991    25.066         66.057            66.566 
    U_S_25_add_63_8              42     0.484    44.398    29.983         74.381            74.865 
    U_S14_add_90_9               37     0.452    37.418    24.980         62.399            62.851 
    U_S4_add_90_9                45     0.439    29.802    21.862         51.664            52.103 
    U_S_35_add_63_8              32     0.432    35.888    23.809         59.696            60.128 
    U_S85_add_63_8               43     0.360    32.864    26.611         59.475            59.835 
    U_S_15_add_63_8              43     0.359    31.145    25.517         56.662            57.021 
  S0[7].U0                     4359    48.167  2257.210  2473.664       4730.874          4779.041 
    csa_tree_U..d_90_9_groupi   129     1.819    96.598   107.951        204.549           206.368 
    csa_tree_U..d_90_9_groupi   130     1.765    96.689   110.552        207.240           209.005 
    csa_tree_U..d_90_9_groupi   154     1.750    91.052   102.153        193.205           194.955 
    csa_tree_U..d_90_9_groupi   141     1.705   122.303   131.381        253.684           255.389 
    csa_tree_U..d_90_9_groupi   138     1.579   126.757   128.903        255.660           257.239 
    csa_tree_U..d_90_9_groupi   121     1.376    78.065    85.326        163.391           164.767 
    csa_tree_U..d_90_9_groupi   138     1.373    65.966    73.676        139.642           141.014 
    csa_tree_U..d_90_9_groupi   143     1.286    59.553    68.529        128.083           129.369 
    csa_tree_U..d_90_9_groupi    76     1.172   112.625    96.817        209.442           210.614 
    csa_tree_U..d_90_9_groupi   115     1.102    60.399    67.944        128.343           129.444 
    csa_tree_U..d_90_9_groupi    95     1.097    54.001    56.564        110.565           111.662 
    csa_tree_U..d_90_9_groupi    74     1.064   100.371    82.517        182.888           183.952 
    csa_tree_U..d_90_9_groupi   110     1.020    56.452    67.536        123.988           125.008 
    csa_tree_U..d_90_9_groupi   134     0.961    31.852    42.245         74.097            75.058 
    csa_tree_U..d_90_9_groupi   108     0.919    26.586    32.079         58.665            59.584 
    csa_tree_U..d_90_9_groupi    76     0.802    46.235    45.851         92.086            92.888 
    csa_tree_U..d_90_9_groupi    57     0.672    57.803    49.415        107.218           107.890 
    U_S_25_add_63_8              89     0.583    39.984    51.428         91.412            91.995 
    U_S95_add_63_8               89     0.519    41.731    55.039         96.770            97.289 
    U_S14_add_90_9               41     0.476    41.596    30.705         72.301            72.777 
    U_S_44_add_63_8              30     0.473    36.294    21.260         57.554            58.027 
    csa_tree_U..d_90_9_groupi    47     0.466    33.216    31.973         65.189            65.656 
    U_S_35_add_63_8              36     0.385    34.531    24.482         59.013            59.397 
    U_S4_add_90_9                46     0.375    27.092    21.904         48.996            49.372 
    U_S_15_add_63_8              42     0.346    32.412    27.213         59.625            59.971 
    U_S85_add_63_8               45     0.344    32.640    26.626         59.266            59.611 
  S0[12].U0                    4391    47.281  1920.197  2095.353       4015.550          4062.830 
    csa_tree_U..d_90_9_groupi   154     1.854    82.500    89.193        171.694           173.547 
    csa_tree_U..d_90_9_groupi   139     1.814    81.026    87.700        168.726           170.539 
    csa_tree_U..d_90_9_groupi   139     1.709   110.418   112.218        222.636           224.345 
    csa_tree_U..d_90_9_groupi   127     1.701    74.783    82.287        157.070           158.771 
    csa_tree_U..d_90_9_groupi   126     1.653    72.379    78.976        151.355           153.008 
    csa_tree_U..d_90_9_groupi   137     1.463    52.903    62.194        115.098           116.561 
    csa_tree_U..d_90_9_groupi   139     1.458   112.469   113.040        225.509           226.967 
    csa_tree_U..d_90_9_groupi    97     1.188    90.807    72.660        163.467           164.655 
    csa_tree_U..d_90_9_groupi   116     1.171    50.907    56.468        107.376           108.547 
    csa_tree_U..d_90_9_groupi    78     1.167    93.349    80.018        173.367           174.534 
    csa_tree_U..d_90_9_groupi   141     1.125    41.321    48.980         90.300            91.425 
    csa_tree_U..d_90_9_groupi    91     1.048    44.735    49.338         94.073            95.121 
    csa_tree_U..d_90_9_groupi   134     1.001    26.701    35.721         62.422            63.423 
    csa_tree_U..d_90_9_groupi   106     0.947    41.593    47.812         89.405            90.353 
    csa_tree_U..d_90_9_groupi    89     0.829    34.415    36.845         71.260            72.089 
    csa_tree_U..d_90_9_groupi   103     0.645    17.381    24.639         42.020            42.665 
    csa_tree_U..d_90_9_groupi    59     0.628    45.862    43.617         89.479            90.107 
    U_S95_add_63_8               90     0.537    29.221    40.012         69.233            69.770 
    csa_tree_U..d_90_9_groupi    42     0.509    27.075    25.977         53.052            53.561 
    U_S_44_add_63_8              45     0.496    30.493    21.882         52.375            52.871 
    U_S_25_add_63_8              90     0.478    33.505    46.171         79.677            80.155 
    U_S14_add_90_9               36     0.461    33.563    21.021         54.584            55.045 
    U_S_35_add_63_8              32     0.416    32.373    21.228         53.601            54.017 
    U_S4_add_90_9                49     0.396    22.481    19.005         41.487            41.883 
    U_S_15_add_63_8              45     0.387    32.560    26.161         58.721            59.108 
    U_S85_add_63_8               44     0.354    29.068    22.892         51.960            52.313 
  S0[1].U0                     4267    47.275  2182.684  2364.022       4546.706          4593.981 
    csa_tree_U..d_90_9_groupi   161     2.199   106.499   114.701        221.200           223.399 
    csa_tree_U..d_90_9_groupi   119     1.776    83.914    87.270        171.184           172.960 
    csa_tree_U..d_90_9_groupi   130     1.560    71.574    82.933        154.506           156.066 
    csa_tree_U..d_90_9_groupi   146     1.558    67.471    75.349        142.820           144.378 
    csa_tree_U..d_90_9_groupi   125     1.552    80.143    85.336        165.479           167.032 
    csa_tree_U..d_90_9_groupi   121     1.551    65.766    70.238        136.004           137.556 
    csa_tree_U..d_90_9_groupi   136     1.513   117.189   122.463        239.652           241.165 
    csa_tree_U..d_90_9_groupi   138     1.453   124.402   126.944        251.346           252.799 
    csa_tree_U..d_90_9_groupi   134     1.211    56.915    64.734        121.650           122.860 
    csa_tree_U..d_90_9_groupi    76     1.173   112.448    96.435        208.883           210.057 
    csa_tree_U..d_90_9_groupi   100     1.080    47.752    62.819        110.571           111.651 
    csa_tree_U..d_90_9_groupi   129     1.026    33.535    42.547         76.082            77.108 
    csa_tree_U..d_90_9_groupi    76     1.022    96.640    81.427        178.066           179.088 
    csa_tree_U..d_90_9_groupi   104     0.860    46.483    54.690        101.172           102.032 
    csa_tree_U..d_90_9_groupi    77     0.708    36.775    40.116         76.890            77.599 
    csa_tree_U..d_90_9_groupi    50     0.679    57.589    44.896        102.485           103.163 
    csa_tree_U..d_90_9_groupi    50     0.635    37.426    33.158         70.585            71.220 
    csa_tree_U..d_90_9_groupi    96     0.634    20.400    28.231         48.632            49.266 
    U_S95_add_63_8               90     0.526    40.731    52.550         93.281            93.807 
    U_S_25_add_63_8              41     0.491    45.670    30.804         76.474            76.965 
    U_S4_add_90_9                45     0.431    31.514    23.348         54.862            55.293 
    U_S14_add_90_9               36     0.426    33.924    20.632         54.557            54.982 
    U_S_35_add_63_8              32     0.413    35.306    22.965         58.271            58.685 
    U_S_44_add_63_8              38     0.396    33.295    23.846         57.141            57.537 
    U_S85_add_63_8               43     0.373    34.517    27.900         62.417            62.790 
    U_S_15_add_63_8              43     0.367    32.096    26.257         58.353            58.720 
  S0[4].U0                     4291    47.268  2141.512  2337.520       4479.033          4526.301 
    csa_tree_U..d_90_9_groupi   148     1.925   100.035   105.081        205.116           207.041 
    csa_tree_U..d_90_9_groupi   122     1.848    97.414   104.394        201.808           203.656 
    csa_tree_U..d_90_9_groupi   127     1.843    84.349    97.708        182.057           183.900 
    csa_tree_U..d_90_9_groupi   137     1.634   118.059   123.113        241.172           242.806 
    csa_tree_U..d_90_9_groupi   132     1.532   124.600   127.989        252.588           254.120 
    csa_tree_U..d_90_9_groupi   122     1.420    75.918    84.292        160.211           161.631 
    csa_tree_U..d_90_9_groupi    77     1.237   112.065    89.935        202.000           203.238 
    csa_tree_U..d_90_9_groupi    98     1.236    52.931    63.667        116.598           117.834 
    csa_tree_U..d_90_9_groupi   119     1.167    52.584    57.833        110.416           111.583 
    csa_tree_U..d_90_9_groupi   144     1.123    50.031    62.903        112.933           114.057 
    csa_tree_U..d_90_9_groupi    75     1.093    98.811    80.623        179.434           180.527 
    csa_tree_U..d_90_9_groupi   137     1.084    47.071    58.329        105.400           106.484 
    csa_tree_U..d_90_9_groupi   109     0.961    48.033    58.706        106.739           107.700 
    csa_tree_U..d_90_9_groupi   129     0.831    28.674    37.692         66.366            67.197 
    csa_tree_U..d_90_9_groupi    54     0.730    60.376    48.002        108.378           109.109 
    csa_tree_U..d_90_9_groupi    76     0.723    34.603    37.196         71.799            72.522 
    csa_tree_U..d_90_9_groupi   100     0.679    20.486    26.527         47.014            47.693 
    U_S95_add_63_8               90     0.554    39.478    50.720         90.198            90.752 
    U_S4_add_90_9                43     0.528    31.870    22.638         54.508            55.036 
    csa_tree_U..d_90_9_groupi    46     0.481    30.325    28.017         58.341            58.823 
    U_S_25_add_63_8              42     0.467    40.482    29.500         69.982            70.449 
    U_S_15_add_63_8              48     0.462    38.183    34.015         72.198            72.660 
    U_S14_add_90_9               42     0.451    35.182    26.198         61.379            61.830 
    U_S_44_add_63_8              36     0.421    32.821    21.935         54.756            55.177 
    U_S_35_add_63_8              33     0.417    34.635    25.286         59.921            60.338 
    U_S85_add_63_8               45     0.375    32.852    26.114         58.966            59.341 
  S0[11].U0                    4351    47.253  1947.053  2149.805       4096.858          4144.111 
    csa_tree_U..d_90_9_groupi   152     1.932    82.475    89.231        171.706           173.637 
    csa_tree_U..d_90_9_groupi   128     1.752    76.869    85.000        161.869           163.621 
    csa_tree_U..d_90_9_groupi   125     1.706    71.256    79.939        151.195           152.902 
    csa_tree_U..d_90_9_groupi   137     1.513   110.889   112.411        223.300           224.812 
    csa_tree_U..d_90_9_groupi   127     1.511    68.776    71.327        140.104           141.615 
    csa_tree_U..d_90_9_groupi   118     1.484    66.716    72.116        138.832           140.316 
    csa_tree_U..d_90_9_groupi   139     1.473    99.371   105.539        204.910           206.383 
    csa_tree_U..d_90_9_groupi    75     1.194    95.913    80.752        176.665           177.859 
    csa_tree_U..d_90_9_groupi   144     1.128    41.601    52.500         94.101            95.230 
    csa_tree_U..d_90_9_groupi   131     1.121    44.957    54.232         99.188           100.310 
    csa_tree_U..d_90_9_groupi    76     1.115    92.860    80.345        173.205           174.320 
    csa_tree_U..d_90_9_groupi    91     1.054    46.106    51.307         97.413            98.467 
    csa_tree_U..d_90_9_groupi    81     0.844    32.764    34.317         67.080            67.924 
    csa_tree_U..d_90_9_groupi   118     0.814    35.515    42.188         77.703            78.517 
    csa_tree_U..d_90_9_groupi   133     0.801    23.837    34.724         58.561            59.362 
    csa_tree_U..d_90_9_groupi   104     0.682    20.525    27.719         48.244            48.926 
    csa_tree_U..d_90_9_groupi    61     0.656    46.215    44.128         90.342            90.999 
    U_S95_add_63_8               90     0.537    35.352    47.923         83.274            83.811 
    csa_tree_U..d_90_9_groupi    43     0.515    26.944    25.818         52.762            53.277 
    U_S_25_add_63_8              92     0.505    37.831    50.037         87.868            88.373 
    U_S_44_add_63_8              42     0.501    34.991    24.228         59.218            59.720 
    U_S14_add_90_9               36     0.470    33.536    21.813         55.349            55.819 
    U_S_35_add_63_8              33     0.453    37.978    24.665         62.643            63.096 
    U_S4_add_90_9                48     0.398    22.854    21.452         44.306            44.705 
    U_S_15_add_63_8              45     0.386    34.008    27.512         61.520            61.906 
    U_S85_add_63_8               44     0.344    29.306    23.298         52.604            52.948 
  S0[15].U0                    4269    46.727  2044.316  2227.541       4271.857          4318.584 
    csa_tree_U..d_90_9_groupi   131     1.920    82.992    92.847        175.839           177.759 
    csa_tree_U..d_90_9_groupi   158     1.887    87.993    94.269        182.262           184.149 
    csa_tree_U..d_90_9_groupi   122     1.583    69.184    76.184        145.368           146.951 
    csa_tree_U..d_90_9_groupi   124     1.465    68.931    76.887        145.818           147.283 
    csa_tree_U..d_90_9_groupi   133     1.464   110.126   112.981        223.107           224.571 
    csa_tree_U..d_90_9_groupi   144     1.440    59.347    66.526        125.873           127.313 
    csa_tree_U..d_90_9_groupi   133     1.435   105.444   110.388        215.831           217.267 
    csa_tree_U..d_90_9_groupi   134     1.251    55.364    64.937        120.301           121.552 
    csa_tree_U..d_90_9_groupi   114     1.179    52.710    54.634        107.344           108.523 
    csa_tree_U..d_90_9_groupi    97     1.175    52.841    59.134        111.974           113.149 
    csa_tree_U..d_90_9_groupi    76     1.098   104.627    88.197        192.825           193.923 
    csa_tree_U..d_90_9_groupi    83     1.069    91.600    74.041        165.640           166.709 
    csa_tree_U..d_90_9_groupi    63     0.840    59.871    49.219        109.091           109.930 
    csa_tree_U..d_90_9_groupi    74     0.787    39.009    38.711         77.720            78.507 
    csa_tree_U..d_90_9_groupi   102     0.746    21.884    27.459         49.343            50.089 
    csa_tree_U..d_90_9_groupi   118     0.732    28.213    38.291         66.504            67.235 
    csa_tree_U..d_90_9_groupi   104     0.675    36.757    46.705         83.462            84.136 
    U_S95_add_63_8               88     0.527    37.874    49.520         87.394            87.921 
    U_S_25_add_63_8              89     0.523    41.370    55.256         96.626            97.148 
    U_S4_add_90_9                50     0.483    29.657    23.714         53.371            53.854 
    U_S_35_add_63_8              41     0.440    34.034    25.338         59.372            59.812 
    csa_tree_U..d_90_9_groupi    47     0.437    25.814    28.469         54.283            54.721 
    U_S14_add_90_9               41     0.426    33.101    24.777         57.877            58.303 
    U_S_44_add_63_8              40     0.413    29.003    20.589         49.592            50.005 
    U_S_15_add_63_8              44     0.391    34.886    27.460         62.346            62.737 
    U_S85_add_63_8               44     0.381    33.615    25.851         59.466            59.847 
  S0[16].U0                    4246    46.555  2098.915  2287.892       4386.807          4433.361 
    csa_tree_U..d_90_9_groupi   132     1.997   101.878   114.798        216.675           218.673 
    csa_tree_U..d_90_9_groupi   154     1.765    89.573   101.105        190.677           192.443 
    csa_tree_U..d_90_9_groupi   118     1.532    75.642    76.397        152.040           153.572 
    csa_tree_U..d_90_9_groupi   139     1.416    98.800   102.991        201.791           203.207 
    csa_tree_U..d_90_9_groupi   126     1.386    75.944    82.947        158.891           160.276 
    csa_tree_U..d_90_9_groupi   134     1.374   103.558   109.960        213.518           214.892 
    csa_tree_U..d_90_9_groupi    79     1.226   109.006    91.745        200.751           201.977 
    csa_tree_U..d_90_9_groupi   129     1.152    57.343    63.046        120.389           121.541 
    csa_tree_U..d_90_9_groupi   135     1.138    49.655    56.281        105.935           107.073 
    csa_tree_U..d_90_9_groupi    94     1.137    57.190    61.624        118.814           119.951 
    csa_tree_U..d_90_9_groupi   110     1.130    59.203    59.155        118.358           119.488 
    csa_tree_U..d_90_9_groupi    74     1.015    87.614    73.379        160.993           162.008 
    csa_tree_U..d_90_9_groupi   130     0.879    26.512    34.083         60.595            61.474 
    csa_tree_U..d_90_9_groupi    65     0.857    61.738    52.894        114.632           115.488 
    csa_tree_U..d_90_9_groupi   108     0.812    40.037    47.380         87.417            88.229 
    csa_tree_U..d_90_9_groupi    71     0.763    41.195    42.100         83.295            84.058 
    csa_tree_U..d_90_9_groupi    99     0.690    18.044    23.484         41.528            42.218 
    U_S_25_add_63_8              90     0.559    35.903    47.386         83.289            83.848 
    U_S95_add_63_8               88     0.538    32.866    44.383         77.249            77.787 
    U_S4_add_90_9                50     0.481    30.140    23.978         54.118            54.599 
    U_S_35_add_63_8              40     0.471    39.562    28.199         67.761            68.232 
    csa_tree_U..d_90_9_groupi    48     0.452    26.730    29.979         56.709            57.161 
    U_S14_add_90_9               43     0.444    32.438    24.378         56.816            57.260 
    U_S_44_add_63_8              40     0.432    31.279    22.626         53.904            54.337 
    U_S_15_add_63_8              44     0.400    32.783    26.974         59.757            60.156 
    U_S85_add_63_8               44     0.379    32.616    26.027         58.642            59.022 
  S0[13].U0                    4394    46.336  1933.430  2134.998       4068.428          4114.764 
    csa_tree_U..d_90_9_groupi   125     1.766    80.824    87.077        167.901           169.667 
    csa_tree_U..d_90_9_groupi   124     1.752    69.696    83.103        152.799           154.551 
    csa_tree_U..d_90_9_groupi   156     1.716    76.971    84.888        161.859           163.574 
    csa_tree_U..d_90_9_groupi   141     1.534   104.576   108.244        212.820           214.353 
    csa_tree_U..d_90_9_groupi   123     1.447    71.117    73.734        144.851           146.298 
    csa_tree_U..d_90_9_groupi   138     1.372   107.027   108.522        215.549           216.921 
    csa_tree_U..d_90_9_groupi   136     1.248    48.226    56.728        104.954           106.201 
    csa_tree_U..d_90_9_groupi   137     1.223    45.287    53.392         98.679            99.902 
    csa_tree_U..d_90_9_groupi    74     1.140    95.032    74.676        169.708           170.848 
    csa_tree_U..d_90_9_groupi    78     1.118    93.317    80.432        173.748           174.867 
    csa_tree_U..d_90_9_groupi    92     1.079    51.553    57.561        109.114           110.193 
    csa_tree_U..d_90_9_groupi   118     0.992    47.123    53.817        100.940           101.933 
    csa_tree_U..d_90_9_groupi   137     0.949    27.347    39.937         67.285            68.233 
    csa_tree_U..d_90_9_groupi   112     0.896    39.568    47.161         86.729            87.625 
    csa_tree_U..d_90_9_groupi    79     0.886    38.054    37.941         75.995            76.881 
    csa_tree_U..d_90_9_groupi   100     0.639    17.705    25.813         43.518            44.157 
    csa_tree_U..d_90_9_groupi    59     0.630    44.622    42.395         87.017            87.647 
    U_S95_add_63_8               92     0.547    36.114    47.913         84.027            84.574 
    csa_tree_U..d_90_9_groupi    43     0.533    25.513    24.944         50.457            50.990 
    U_S_44_add_63_8              43     0.498    29.544    19.898         49.442            49.940 
    U_S_25_add_63_8              90     0.481    35.947    48.372         84.319            84.800 
    U_S14_add_90_9               36     0.472    34.640    22.397         57.037            57.509 
    U_S_35_add_63_8              32     0.462    32.992    22.121         55.113            55.575 
    U_S4_add_90_9                48     0.431    26.788    23.465         50.254            50.685 
    U_S_15_add_63_8              47     0.409    33.189    28.199         61.389            61.797 
    U_S85_add_63_8               44     0.344    29.737    24.081         53.818            54.162 
  S0[0].U0                     4162    45.284  2149.261  2322.781       4472.042          4517.326 
    csa_tree_U..d_90_9_groupi   156     1.890    92.326   106.038        198.364           200.253 
    csa_tree_U..d_90_9_groupi   119     1.731    88.860    91.692        180.551           182.283 
    csa_tree_U..d_90_9_groupi   122     1.716    84.012    95.520        179.532           181.248 
    csa_tree_U..d_90_9_groupi   134     1.431   114.010   114.968        228.979           230.410 
    csa_tree_U..d_90_9_groupi   136     1.399   123.648   125.956        249.605           251.003 
    csa_tree_U..d_90_9_groupi   121     1.332    69.896    76.637        146.533           147.865 
    csa_tree_U..d_90_9_groupi   117     1.311    64.503    69.152        133.655           134.966 
    csa_tree_U..d_90_9_groupi    75     1.132   106.027    90.451        196.478           197.610 
    csa_tree_U..d_90_9_groupi    74     1.060   103.383    88.906        192.289           193.349 
    csa_tree_U..d_90_9_groupi    97     1.033    47.962    60.577        108.540           109.572 
    csa_tree_U..d_90_9_groupi   136     1.015    46.467    58.933        105.400           106.415 
    csa_tree_U..d_90_9_groupi   140     0.911    39.216    52.853         92.069            92.980 
    csa_tree_U..d_90_9_groupi   129     0.849    25.895    35.952         61.847            62.696 
    csa_tree_U..d_90_9_groupi   109     0.829    43.060    52.894         95.955            96.784 
    csa_tree_U..d_90_9_groupi    74     0.758    40.650    42.080         82.730            83.489 
    csa_tree_U..d_90_9_groupi    98     0.686    18.199    24.569         42.768            43.454 
    csa_tree_U..d_90_9_groupi    51     0.683    58.685    45.378        104.063           104.746 
    csa_tree_U..d_90_9_groupi    47     0.598    34.451    31.461         65.912            66.510 
    U_S95_add_63_8               90     0.520    40.202    52.772         92.974            93.495 
    U_S_44_add_63_8              32     0.506    44.366    26.656         71.022            71.529 
    U_S_25_add_63_8              41     0.491    46.021    31.088         77.109            77.601 
    U_S14_add_90_9               36     0.435    36.335    22.066         58.401            58.836 
    U_S4_add_90_9                45     0.426    28.528    20.181         48.710            49.136 
    U_S_35_add_63_8              32     0.416    36.112    23.456         59.568            59.984 
    U_S85_add_63_8               43     0.372    36.773    28.366         65.140            65.511 
    U_S_15_add_63_8              44     0.338    29.443    25.291         54.734            55.072 
  S0[8].U0_c..d_90_9_groupi     162     2.021    93.482   102.631        196.113           198.134 
  S0[10].U0_..d_90_9_groupi     161     1.867    88.094    95.004        183.098           184.965 
  S0[9].U0_c..d_90_9_groupi     157     1.827    87.049    94.274        181.323           183.150 
  S0[10].U0_..d_90_9_groupi     136     1.798    80.741    92.348        173.089           174.886 
  S0[8].U0_c..d_90_9_groupi     116     1.707    81.670    83.110        164.780           166.487 
  S0[10].U0_..d_90_9_groupi     142     1.696   132.396   135.535        267.931           269.627 
  S0[8].U0_c..d_90_9_groupi     128     1.669    78.317    83.935        162.252           163.921 
  S0[10].U0_..d_90_9_groupi     111     1.663    75.616    76.950        152.566           154.229 
  S0[8].U0_c..d_90_9_groupi     140     1.630   133.506   140.008        273.515           275.145 
  S0[9].U0_c..d_90_9_groupi     114     1.611    79.508    84.366        163.875           165.486 
  S0[9].U0_c..d_90_9_groupi     122     1.585    82.691    92.169        174.860           176.445 
  S0[9].U0_c..d_90_9_groupi     142     1.560   130.728   135.597        266.325           267.885 
  S0[9].U0_c..d_90_9_groupi     123     1.490    64.839    66.429        131.269           132.759 
  S0[8].U0_c..d_90_9_groupi     118     1.481    67.954    74.775        142.729           144.210 
  S0[10].U0_..d_90_9_groupi     135     1.426    57.600    60.938        118.537           119.964 
  S0[10].U0_..d_90_9_groupi     134     1.412   108.514   110.717        219.231           220.643 
  S0[8].U0_c..d_90_9_groupi     130     1.408   112.458   119.850        232.309           233.717 
  S0[9].U0_c..d_90_9_groupi     116     1.381    72.794    80.589        153.383           154.764 
  S0[10].U0_..d_90_9_groupi     117     1.340    65.078    71.972        137.050           138.390 
  S0[9].U0_c..d_90_9_groupi     129     1.329   108.921   110.402        219.323           220.653 
  S0[9].U0_c..d_90_9_groupi      85     1.269   110.798    96.350        207.149           208.418 
  S0[8].U0_c..d_90_9_groupi      95     1.239    60.707    64.737        125.443           126.682 
  S0[10].U0_..d_90_9_groupi      96     1.239    56.499    60.265        116.764           118.003 
  S0[10].U0_..d_90_9_groupi     117     1.196    58.340    62.445        120.785           121.981 
  S0[10].U0_..d_90_9_groupi      82     1.195    96.343    83.214        179.557           180.751 
  S0[8].U0_c..d_90_9_groupi     118     1.171    61.685    70.363        132.048           133.219 
  S0[9].U0_c..d_90_9_groupi     131     1.157    54.186    62.826        117.013           118.169 
  S0[9].U0_c..d_90_9_groupi     138     1.148    50.467    58.754        109.221           110.369 
  S0[9].U0_c..d_90_9_groupi      97     1.143    51.008    61.584        112.591           113.734 
  S0[10].U0_..d_90_9_groupi      83     1.140    98.043    86.700        184.743           185.883 
  S0[8].U0_c..d_90_9_groupi      77     1.108   101.027    87.046        188.073           189.181 
  S0[8].U0_c..d_90_9_groupi      83     1.052   100.596    92.382        192.978           194.030 
  S0[10].U0_..d_90_9_groupi      60     1.036    48.891    38.304         87.195            88.232 
  S0[8].U0_c..d_90_9_groupi     132     1.034    51.179    62.081        113.260           114.294 
  S0[9].U0_c..d_90_9_groupi      75     1.028    96.266    83.571        179.837           180.865 
  S0[8].U0_c..d_90_9_groupi     137     0.993    44.071    53.646         97.717            98.710 
  S0[10].U0_..d_90_9_groupi     126     0.972    25.757    35.000         60.757            61.729 
  S0[8].U0_c..d_90_9_groupi     103     0.897    48.126    51.288         99.414           100.311 
  S0[10].U0_..d_90_9_groupi     130     0.894    37.433    45.921         83.353            84.247 
  S0[10].U0_..d_90_9_groupi     105     0.888    38.898    45.179         84.077            84.965 
  S0[9].U0_c..d_90_9_groupi     131     0.877    27.969    39.797         67.766            68.643 
  S0[9].U0_c..d_90_9_groupi     108     0.832    43.240    50.269         93.509            94.341 
  S0[8].U0_c..d_90_9_groupi      74     0.807    42.009    39.242         81.251            82.058 
  S0[9].U0_c..d_90_9_groupi     135     0.796    37.052    53.535         90.588            91.384 
  S0[10].U0_..d_90_9_groupi      96     0.744    22.458    25.946         48.404            49.148 
  S0[8].U0_c..d_90_9_groupi      97     0.714    19.862    24.803         44.665            45.379 
  S0[9].U0_c..d_90_9_groupi      95     0.712    26.144    30.997         57.140            57.852 
  S0[8].U0_c..d_90_9_groupi     128     0.707    25.097    38.315         63.412            64.119 
  S0[8].U0_c..d_90_9_groupi      52     0.593    51.611    44.441         96.052            96.644 
  S0[9].U0_c..d_90_9_groupi      51     0.579    47.893    39.315         87.208            87.787 
  S0[10].U0_..d_90_9_groupi      49     0.571    45.701    36.839         82.540            83.111 
  S0[8].U0_U_S4_add_90_9         44     0.541    30.872    25.487         56.359            56.901 
  S0[10].U0_..d_90_9_groupi      92     0.514    25.664    36.172         61.835            62.349 
  S0[10].U0_U_S4_add_90_9        45     0.511    28.108    22.454         50.562            51.073 
  S0[8].U0_c..d_90_9_groupi      91     0.501    28.778    39.927         68.705            69.206 
  S0[9].U0_U_S4_add_90_9         44     0.487    27.969    21.759         49.728            50.216 
  S0[9].U0_c..d_90_9_groupi      91     0.479    29.606    43.548         73.154            73.633 
  S0[8].U0_U_S_44_add_63_8       30     0.474    37.797    21.070         58.867            59.341 
  S0[10].U0_U_S_44_add_63_8      30     0.470    38.292    21.142         59.433            59.904 
  S0[9].U0_U_S_44_add_63_8       31     0.466    40.123    22.845         62.968            63.434 
  S0[8].U0_U_S95_add_63_8        40     0.457    36.238    28.051         64.290            64.746 
  S0[9].U0_U_S95_add_63_8        40     0.454    34.966    28.001         62.967            63.421 
  S0[10].U0_U_S95_add_63_8       41     0.451    31.910    24.984         56.894            57.346 
  S0[10].U0_U_S14_add_90_9       42     0.449    30.494    24.359         54.853            55.301 
  S0[9].U0_U_S_25_add_63_8       37     0.447    47.704    31.576         79.279            79.726 
  S0[9].U0_U_S14_add_90_9        40     0.447    35.246    25.596         60.841            61.288 
  S0[8].U0_U_S14_add_90_9        42     0.444    38.067    29.552         67.619            68.063 
  S0[9].U0_U_S_35_add_63_8       31     0.442    37.188    22.635         59.823            60.265 
  S0[10].U0_U_S_25_add_63_8      37     0.441    40.352    26.807         67.159            67.600 
  S0[10].U0_U_S_35_add_63_8      31     0.436    35.161    23.328         58.489            58.926 
  S0[8].U0_U_S_35_add_63_8       31     0.429    38.431    25.554         63.986            64.415 
  S0[8].U0_U_S_25_add_63_8       34     0.419    41.552    26.512         68.064            68.483 
  S0[10].U0_U_S85_add_63_8       44     0.409    36.307    27.195         63.502            63.911 
  S0[10].U0_U_S_15_add_63_8      42     0.405    36.077    25.507         61.583            61.988 
  S0[8].U0_U_S_15_add_63_8       42     0.404    39.454    27.995         67.449            67.853 
  S0[9].U0_U_S85_add_63_8        44     0.403    39.057    27.774         66.832            67.234 
  S0[8].U0_U_S85_add_63_8        44     0.394    38.237    27.512         65.748            66.142 
  S0[9].U0_U_S_15_add_63_8       42     0.394    36.215    25.097         61.312            61.706 

