============================================================
  Generated by:           Genus(TM) Synthesis Solution 17.10-p007_1
  Generated on:           Jan 20 2020  10:38:37 pm
  Module:                 filter_regular
  Technology libraries:   CORE65LPSVT 
                          CLOCK65LPSVT 
                          physical_cells 
  Operating conditions:   _nominal_ 
  Interconnect mode:      global
  Area mode:              physical library
============================================================

        Pin                     Type          Fanout Load Slew Delay Arrival   
                                                     (fF) (ps)  (ps)   (ps)    
-------------------------------------------------------------------------------
(clock clock_name)         launch                                          0 R 
in_reg_reg[6][1]/CP                                          0             0 R 
in_reg_reg[6][1]/QN        HS65_LS_DFPRQNX18       1 17.6   41  +177     177 F 
fopt32472/A                                                       +0     178   
fopt32472/Z                HS65_LS_IVX53           7 50.3   38   +41     218 R 
S0[11].U0/e1[1] 
  fopt19679/A                                                     +0     218   
  fopt19679/Z              HS65_LS_BFX27           2 18.9   30   +61     279 R 
  fopt19678/A                                                     +0     279   
  fopt19678/Z              HS65_LS_IVX35           5 24.6   22   +29     308 F 
  fopt19676/A                                                     +0     308   
  fopt19676/Z              HS65_LS_BFX27           3 18.9   25   +57     365 F 
  fopt19675/A                                                     +0     365   
  fopt19675/Z              HS65_LS_BFX18           2 11.7   24   +58     423 F 
  fopt19674/A                                                     +0     423   
  fopt19674/Z              HS65_LS_BFX27           4 24.0   29   +62     485 F 
  g19661/B                                                        +0     485   
  g19661/Z                 HS65_LS_XNOR2X18        1  4.9   24   +70     555 F 
  g19659/A                                                        +0     555   
  g19659/Z                 HS65_LS_XNOR2X18        1 15.3   36  +101     656 F 
  g18850/B0                                                       +0     656   
  g18850/CO                HS65_LS_FA1X27          2 12.5   33  +100     756 F 
  g18847/A                                                        +0     756   
  g18847/Z                 HS65_LS_IVX18           1  9.7   26   +29     785 R 
  g18817/B                                                        +0     786   
  g18817/Z                 HS65_LS_OAI12X18        2 10.3   35   +31     817 F 
  g18739/A                                                        +0     817   
  g18739/Z                 HS65_LS_IVX18           1  7.3   23   +27     844 R 
  g18698/B                                                        +0     844   
  g18698/Z                 HS65_LS_OAI12X12        2 14.6   55   +41     885 F 
  g18598/B                                                        +0     885   
  g18598/Z                 HS65_LS_AOI12X17        2 15.8   59   +56     940 R 
  g18498/B                                                        +0     940   
  g18498/Z                 HS65_LS_OAI12X24        1 15.6   41   +46     986 F 
  g18397/A0                                                       +0     986   
  g18397/CO                HS65_LS_FA1X27          1 12.8   32  +102    1088 F 
  g18349/CI                                                       +0    1088   
  g18349/CO                HS65_LS_FA1X27          1 15.6   34   +97    1185 F 
  g18309/A0                                                       +0    1185   
  g18309/CO                HS65_LS_FA1X27          1 15.6   36  +101    1287 F 
  g18282/A0                                                       +0    1287   
  g18282/CO                HS65_LS_FA1X27          2 16.1   36  +103    1390 F 
  g18268/B                                                        +0    1390   
  g18268/Z                 HS65_LS_AOI12X17        1  6.7   42   +36    1425 R 
  g18237/B0                                                       +0    1425   
  g18237/S0                HS65_LS_HA1X18          1  7.6   25  +110    1535 R 
  g18230/A                                                        +0    1535   
  g18230/Z                 HS65_LS_IVX18           3 16.3   27   +30    1566 F 
  U_S_44_add_63_8/A[13] 
    g334/A                                                        +0    1566   
    g334/Z                 HS65_LS_IVX18           1  7.3   21   +24    1589 R 
    g323/B                                                        +0    1589   
    g323/Z                 HS65_LS_NAND2AX14       1  9.6   34   +31    1620 F 
    g303/A                                                        +0    1621   
    g303/Z                 HS65_LS_NAND2X21        1 12.4   27   +32    1652 R 
    g301/B                                                        +0    1652   
    g301/Z                 HS65_LS_NAND2X29        2 16.7   32   +32    1684 F 
    g300/C                                                        +0    1684   
    g300/Z                 HS65_LS_OAI21X24        1  9.6   43   +24    1708 R 
    g298/B                                                        +0    1708   
    g298/Z                 HS65_LS_NAND2AX21       1 11.9   32   +38    1746 F 
    g297/A0                                                       +0    1747   
    g297/CO                HS65_LS_FA1X18          2  8.8   34  +111    1858 F 
    g296/B                                                        +0    1858   
    g296/Z                 HS65_LS_XNOR2X9         1  5.0   34   +86    1944 R 
    g294/A                                                        +0    1944   
    g294/Z                 HS65_LS_IVX9            1  3.6   19   +28    1972 F 
  U_S_44_add_63_8/Z[16] 
S0[11].U0/f14[9] 
reg_f14_reg[11][9]/D  <<<  HS65_LS_DFPHQX9                        +0    1972   
reg_f14_reg[11][9]/CP      setup                             0  +158    2130 R 
- - - - - - - - - - - - - - - - - - - - - - - - - - - - - - - - - - - - - - - -
(clock clock_name)         capture                                      2230 R 
                           adjustments                          -100    2130   
-------------------------------------------------------------------------------
Exception    : 'path_adjusts/folga' path adjust    -100ps
Timing slack :       0ps 
Start-point  : in_reg_reg[6][1]/CP
End-point    : reg_f14_reg[11][9]/D
