============================================================
  Generated by:           Genus(TM) Synthesis Solution 17.10-p007_1
  Generated on:           Feb 21 2020  09:15:14 am
  Module:                 filter_regular
  Technology libraries:   CORE65LPSVT 
                          CLOCK65LPSVT 
                          physical_cells 
  Operating conditions:   _nominal_ 
  Interconnect mode:      global
  Area mode:              physical library
============================================================

        Pin                     Type         Fanout  Load Slew Delay Arrival   
                                                     (fF) (ps)  (ps)   (ps)    
-------------------------------------------------------------------------------
(clock clock_name)         launch                                          0 R 
in_reg_reg[7][0]/CP                                          0             0 R 
in_reg_reg[7][0]/QN        HS65_LS_DFPRQNX9       1  14.2   51  +178     178 F 
g9263/A                                                           +0     178   
g9263/Z                    HS65_LS_IVX40         97 472.9  344  +215     393 R 
S0[14].U0/e5[0] 
  csa_tree_U_S_40_add_90_9_groupi/in_0[1] 
    g275/B0                                                       +0     393   
    g275/CO                HS65_LS_HA1X4          1   6.6   72  +237     630 R 
    g274/A0                                                       +0     630   
    g274/S0                HS65_LS_FA1X4          1   5.4   58  +209     839 F 
  csa_tree_U_S_40_add_90_9_groupi/out_0[2] 
  g18620/CI                                                       +0     839   
  g18620/CO                HS65_LS_FA1X4          1   6.6   64  +160     999 F 
  g18549/A0                                                       +0     999   
  g18549/CO                HS65_LS_FA1X4          1   6.6   64  +167    1166 F 
  g18502/A0                                                       +0    1167   
  g18502/CO                HS65_LS_FA1X4          1   6.6   64  +167    1334 F 
  g18461/A0                                                       +0    1334   
  g18461/CO                HS65_LS_FA1X4          1   6.6   63  +167    1501 F 
  g18422/A0                                                       +0    1501   
  g18422/CO                HS65_LS_FA1X4          1   6.6   64  +167    1668 F 
  g18392/A0                                                       +0    1668   
  g18392/CO                HS65_LS_FA1X4          1   6.6   64  +167    1835 F 
  g18363/A0                                                       +0    1835   
  g18363/CO                HS65_LS_FA1X4          1   6.6   64  +167    2002 F 
  g18337/A0                                                       +0    2002   
  g18337/CO                HS65_LS_FA1X4          1   6.6   64  +167    2170 F 
  g18315/A0                                                       +0    2170   
  g18315/CO                HS65_LS_FA1X4          1   6.6   64  +167    2337 F 
  g18298/A0                                                       +0    2337   
  g18298/CO                HS65_LS_FA1X4          1   6.6   64  +167    2504 F 
  g18279/A0                                                       +0    2504   
  g18279/S0                HS65_LS_FA1X4          1   5.4   58  +205    2709 F 
  U_S_44_add_63_8/A[12] 
    g300/CI                                                       +0    2709   
    g300/CO                HS65_LS_FA1X4          1   6.6   64  +160    2869 F 
    g299/A0                                                       +0    2869   
    g299/CO                HS65_LS_FA1X4          1   6.6   63  +167    3036 F 
    g298/A0                                                       +0    3036   
    g298/CO                HS65_LS_FA1X4          2   8.4   73  +176    3212 F 
    g296/A                                                        +0    3212   
    g296/Z                 HS65_LS_PAOI2X1        1   6.6  184  +150    3362 R 
    g295/A0                                                       +0    3362   
    g295/S0                HS65_LS_FA1X4          1   5.0   56  +275    3637 R 
    g294/A                                                        +0    3637   
    g294/Z                 HS65_LS_IVX9           1   3.6   23   +36    3672 F 
  U_S_44_add_63_8/Z[16] 
S0[14].U0/f14[9] 
reg_f14_reg[14][9]/D  <<<  HS65_LS_DFPHQX9                        +0    3672   
reg_f14_reg[14][9]/CP      setup                             0  +160    3832 R 
- - - - - - - - - - - - - - - - - - - - - - - - - - - - - - - - - - - - - - - -
(clock clock_name)         capture                                      3932 R 
                           adjustments                          -100    3832   
-------------------------------------------------------------------------------
Exception    : 'path_adjusts/folga' path adjust    -100ps
Timing slack :       0ps 
Start-point  : in_reg_reg[7][0]/CP
End-point    : reg_f14_reg[14][9]/D
