============================================================
  Generated by:           Genus(TM) Synthesis Solution 17.10-p007_1
  Generated on:           Feb 26 2020  10:27:56 pm
  Module:                 INTER_8
  Technology libraries:   CORE65LPSVT 
                          CLOCK65LPSVT 
                          physical_cells 
  Operating conditions:   _nominal_ 
  Interconnect mode:      global
  Area mode:              physical library
============================================================

                                     Leakage   Internal    Net        Dynamic          Total       
                                                                  (Internal+Net) (Leakage+Dynamic) 
           Instance           Cells Power(uW) Power(uW) Power(uW)    Power(uW)       Power(uW)     
---------------------------------------------------------------------------------------------------
INTER_8                       97281  1014.275     0.000     0.001          0.001          1014.276 
  gen_filter[22].U_S0          1621    16.276     0.000     0.000          0.000            16.276 
    csa_tree_U.._18_10_groupi   151     1.784     0.000     0.000          0.000             1.784 
    csa_tree_U.._18_10_groupi   119     1.636     0.000     0.000          0.000             1.636 
    csa_tree_U.._18_10_groupi   129     1.536     0.000     0.000          0.000             1.536 
    csa_tree_U.._18_10_groupi   134     1.485     0.000     0.000          0.000             1.485 
    csa_tree_U.._18_16_groupi   119     1.224     0.000     0.000          0.000             1.224 
    csa_tree_U.._18_10_groupi   119     1.207     0.000     0.000          0.000             1.207 
    csa_tree_U.._18_10_groupi   116     1.179     0.000     0.000          0.000             1.179 
    csa_tree_U.._18_10_groupi   108     1.037     0.000     0.000          0.000             1.037 
    U_S17_add_41_16              92     0.626     0.000     0.000          0.000             0.626 
    U_S15_add_41_16              29     0.335     0.000     0.000          0.000             0.335 
  gen_filter[23].U_S0          1614    15.879     0.000     0.000          0.000            15.879 
    csa_tree_U.._18_10_groupi   141     1.914     0.000     0.000          0.000             1.914 
    csa_tree_U.._18_10_groupi   146     1.605     0.000     0.000          0.000             1.605 
    csa_tree_U.._18_10_groupi   121     1.521     0.000     0.000          0.000             1.521 
    csa_tree_U.._18_10_groupi   129     1.513     0.000     0.000          0.000             1.513 
    csa_tree_U.._18_16_groupi   119     1.203     0.000     0.000          0.000             1.203 
    csa_tree_U.._18_10_groupi   118     1.097     0.000     0.000          0.000             1.097 
    csa_tree_U.._18_10_groupi   117     1.037     0.000     0.000          0.000             1.037 
    csa_tree_U.._18_10_groupi   106     0.929     0.000     0.000          0.000             0.929 
    U_S17_add_41_16              92     0.588     0.000     0.000          0.000             0.588 
    U_S15_add_41_16              29     0.336     0.000     0.000          0.000             0.336 
  gen_filter[32].U_S0          1608    15.837     0.000     0.000          0.000            15.837 
    csa_tree_U.._18_10_groupi   139     1.856     0.000     0.000          0.000             1.856 
    csa_tree_U.._18_10_groupi   129     1.564     0.000     0.000          0.000             1.564 
    csa_tree_U.._18_10_groupi   119     1.523     0.000     0.000          0.000             1.523 
    csa_tree_U.._18_10_groupi   135     1.479     0.000     0.000          0.000             1.479 
    csa_tree_U.._18_10_groupi   116     1.207     0.000     0.000          0.000             1.207 
    csa_tree_U.._18_16_groupi   119     1.172     0.000     0.000          0.000             1.172 
    csa_tree_U.._18_10_groupi   117     1.011     0.000     0.000          0.000             1.011 
    csa_tree_U.._18_10_groupi   108     0.967     0.000     0.000          0.000             0.967 
    U_S17_add_41_16              92     0.626     0.000     0.000          0.000             0.626 
    U_S15_add_41_16              29     0.338     0.000     0.000          0.000             0.338 
  gen_filter[3].U_S0           1437    15.188     0.000     0.000          0.000            15.188 
    csa_tree_U.._18_10_groupi   119     1.622     0.000     0.000          0.000             1.622 
    csa_tree_U.._18_10_groupi   121     1.419     0.000     0.000          0.000             1.419 
    csa_tree_U.._18_16_groupi   120     1.255     0.000     0.000          0.000             1.255 
    csa_tree_U.._18_10_groupi    97     1.249     0.000     0.000          0.000             1.249 
    csa_tree_U.._18_10_groupi   107     1.196     0.000     0.000          0.000             1.196 
    csa_tree_U.._18_10_groupi   109     1.164     0.000     0.000          0.000             1.164 
    csa_tree_U.._18_10_groupi    84     1.119     0.000     0.000          0.000             1.119 
    csa_tree_U.._18_10_groupi    85     1.032     0.000     0.000          0.000             1.032 
    U_S17_add_41_16              91     0.702     0.000     0.000          0.000             0.702 
    U_S15_add_41_16              30     0.336     0.000     0.000          0.000             0.336 
  gen_filter[19].U_S0          1422    15.149     0.000     0.000          0.000            15.149 
    csa_tree_U.._18_10_groupi   114     1.566     0.000     0.000          0.000             1.566 
    csa_tree_U.._18_16_groupi   125     1.521     0.000     0.000          0.000             1.521 
    csa_tree_U.._18_10_groupi   117     1.516     0.000     0.000          0.000             1.516 
    csa_tree_U.._18_10_groupi   103     1.283     0.000     0.000          0.000             1.283 
    csa_tree_U.._18_10_groupi    89     1.240     0.000     0.000          0.000             1.240 
    csa_tree_U.._18_10_groupi   103     1.204     0.000     0.000          0.000             1.204 
    csa_tree_U.._18_10_groupi   103     1.167     0.000     0.000          0.000             1.167 
    csa_tree_U.._18_10_groupi    86     1.096     0.000     0.000          0.000             1.096 
    U_S17_add_41_16              93     0.559     0.000     0.000          0.000             0.559 
    U_S15_add_41_16              26     0.363     0.000     0.000          0.000             0.363 
  gen_filter[4].U_S0           1431    15.106     0.000     0.000          0.000            15.106 
    csa_tree_U.._18_10_groupi   119     1.592     0.000     0.000          0.000             1.592 
    csa_tree_U.._18_10_groupi   121     1.398     0.000     0.000          0.000             1.398 
    csa_tree_U.._18_10_groupi    97     1.343     0.000     0.000          0.000             1.343 
    csa_tree_U.._18_16_groupi   120     1.313     0.000     0.000          0.000             1.313 
    csa_tree_U.._18_10_groupi   107     1.172     0.000     0.000          0.000             1.172 
    csa_tree_U.._18_10_groupi   109     1.155     0.000     0.000          0.000             1.155 
    csa_tree_U.._18_10_groupi    84     1.095     0.000     0.000          0.000             1.095 
    csa_tree_U.._18_10_groupi    85     1.026     0.000     0.000          0.000             1.026 
    U_S17_add_41_16              91     0.599     0.000     0.000          0.000             0.599 
    U_S15_add_41_16              30     0.353     0.000     0.000          0.000             0.353 
  gen_filter[5].U_S0           1430    15.059     0.000     0.000          0.000            15.059 
    csa_tree_U.._18_10_groupi   119     1.605     0.000     0.000          0.000             1.605 
    csa_tree_U.._18_10_groupi   118     1.430     0.000     0.000          0.000             1.430 
    csa_tree_U.._18_16_groupi   120     1.228     0.000     0.000          0.000             1.228 
    csa_tree_U.._18_10_groupi    97     1.187     0.000     0.000          0.000             1.187 
    csa_tree_U.._18_10_groupi   107     1.150     0.000     0.000          0.000             1.150 
    csa_tree_U.._18_10_groupi   109     1.128     0.000     0.000          0.000             1.128 
    csa_tree_U.._18_10_groupi    84     1.089     0.000     0.000          0.000             1.089 
    csa_tree_U.._18_10_groupi    85     1.042     0.000     0.000          0.000             1.042 
    U_S17_add_41_16              91     0.638     0.000     0.000          0.000             0.638 
    U_S15_add_41_16              30     0.353     0.000     0.000          0.000             0.353 
  gen_filter[0].U_S0           1446    15.056     0.000     0.000          0.000            15.056 
    csa_tree_U.._18_10_groupi   119     1.573     0.000     0.000          0.000             1.573 
    csa_tree_U.._18_10_groupi   118     1.365     0.000     0.000          0.000             1.365 
    csa_tree_U.._18_16_groupi   120     1.290     0.000     0.000          0.000             1.290 
    csa_tree_U.._18_10_groupi    89     1.237     0.000     0.000          0.000             1.237 
    csa_tree_U.._18_10_groupi    97     1.205     0.000     0.000          0.000             1.205 
    csa_tree_U.._18_10_groupi   110     1.186     0.000     0.000          0.000             1.186 
    csa_tree_U.._18_10_groupi   110     1.133     0.000     0.000          0.000             1.133 
    csa_tree_U.._18_10_groupi    86     1.059     0.000     0.000          0.000             1.059 
    U_S17_add_41_16              91     0.645     0.000     0.000          0.000             0.645 
    U_S15_add_41_16              30     0.351     0.000     0.000          0.000             0.351 
  gen_filter[14].U_S0          1422    15.043     0.000     0.000          0.000            15.043 
    csa_tree_U.._18_10_groupi   116     1.661     0.000     0.000          0.000             1.661 
    csa_tree_U.._18_16_groupi   125     1.527     0.000     0.000          0.000             1.527 
    csa_tree_U.._18_10_groupi   117     1.459     0.000     0.000          0.000             1.459 
    csa_tree_U.._18_10_groupi   103     1.291     0.000     0.000          0.000             1.291 
    csa_tree_U.._18_10_groupi    89     1.269     0.000     0.000          0.000             1.269 
    csa_tree_U.._18_10_groupi   102     1.156     0.000     0.000          0.000             1.156 
    csa_tree_U.._18_10_groupi    86     1.103     0.000     0.000          0.000             1.103 
    csa_tree_U.._18_10_groupi   107     1.097     0.000     0.000          0.000             1.097 
    U_S17_add_41_16              93     0.532     0.000     0.000          0.000             0.532 
    U_S15_add_41_16              26     0.359     0.000     0.000          0.000             0.359 
  gen_filter[10].U_S0          1437    14.998     0.000     0.000          0.000            14.998 
    csa_tree_U.._18_10_groupi   119     1.643     0.000     0.000          0.000             1.643 
    csa_tree_U.._18_10_groupi   121     1.394     0.000     0.000          0.000             1.394 
    csa_tree_U.._18_16_groupi   120     1.310     0.000     0.000          0.000             1.310 
    csa_tree_U.._18_10_groupi    97     1.257     0.000     0.000          0.000             1.257 
    csa_tree_U.._18_10_groupi   109     1.179     0.000     0.000          0.000             1.179 
    csa_tree_U.._18_10_groupi   107     1.142     0.000     0.000          0.000             1.142 
    csa_tree_U.._18_10_groupi    84     1.050     0.000     0.000          0.000             1.050 
    csa_tree_U.._18_10_groupi    85     0.988     0.000     0.000          0.000             0.988 
    U_S17_add_41_16              91     0.692     0.000     0.000          0.000             0.692 
    U_S15_add_41_16              30     0.351     0.000     0.000          0.000             0.351 
  gen_filter[21].U_S0          1414    14.979     0.000     0.000          0.000            14.979 
    csa_tree_U.._18_10_groupi   114     1.642     0.000     0.000          0.000             1.642 
    csa_tree_U.._18_10_groupi   117     1.502     0.000     0.000          0.000             1.502 
    csa_tree_U.._18_16_groupi   125     1.476     0.000     0.000          0.000             1.476 
    csa_tree_U.._18_10_groupi   103     1.315     0.000     0.000          0.000             1.315 
    csa_tree_U.._18_10_groupi   103     1.205     0.000     0.000          0.000             1.205 
    csa_tree_U.._18_10_groupi    89     1.182     0.000     0.000          0.000             1.182 
    csa_tree_U.._18_10_groupi   103     1.091     0.000     0.000          0.000             1.091 
    csa_tree_U.._18_10_groupi    86     1.057     0.000     0.000          0.000             1.057 
    U_S17_add_41_16              93     0.528     0.000     0.000          0.000             0.528 
    U_S15_add_41_16              26     0.353     0.000     0.000          0.000             0.353 
  gen_filter[20].U_S0          1426    14.957     0.000     0.000          0.000            14.957 
    csa_tree_U.._18_10_groupi   116     1.616     0.000     0.000          0.000             1.616 
    csa_tree_U.._18_10_groupi   117     1.489     0.000     0.000          0.000             1.489 
    csa_tree_U.._18_16_groupi   125     1.452     0.000     0.000          0.000             1.452 
    csa_tree_U.._18_10_groupi   103     1.242     0.000     0.000          0.000             1.242 
    csa_tree_U.._18_10_groupi   103     1.194     0.000     0.000          0.000             1.194 
    csa_tree_U.._18_10_groupi    89     1.168     0.000     0.000          0.000             1.168 
    csa_tree_U.._18_10_groupi    86     1.094     0.000     0.000          0.000             1.094 
    csa_tree_U.._18_10_groupi   103     1.082     0.000     0.000          0.000             1.082 
    U_S17_add_41_16              93     0.606     0.000     0.000          0.000             0.606 
    U_S15_add_41_16              26     0.356     0.000     0.000          0.000             0.356 
  gen_filter[15].U_S0          1421    14.951     0.000     0.000          0.000            14.951 
    csa_tree_U.._18_10_groupi   116     1.581     0.000     0.000          0.000             1.581 
    csa_tree_U.._18_10_groupi   117     1.496     0.000     0.000          0.000             1.496 
    csa_tree_U.._18_16_groupi   125     1.486     0.000     0.000          0.000             1.486 
    csa_tree_U.._18_10_groupi   103     1.298     0.000     0.000          0.000             1.298 
    csa_tree_U.._18_10_groupi    89     1.226     0.000     0.000          0.000             1.226 
    csa_tree_U.._18_10_groupi   107     1.164     0.000     0.000          0.000             1.164 
    csa_tree_U.._18_10_groupi   101     1.149     0.000     0.000          0.000             1.149 
    csa_tree_U.._18_10_groupi    86     1.073     0.000     0.000          0.000             1.073 
    U_S17_add_41_16              93     0.556     0.000     0.000          0.000             0.556 
    U_S15_add_41_16              26     0.346     0.000     0.000          0.000             0.346 
  gen_filter[13].U_S0          1420    14.928     0.000     0.000          0.000            14.928 
    csa_tree_U.._18_10_groupi   116     1.581     0.000     0.000          0.000             1.581 
    csa_tree_U.._18_10_groupi   117     1.480     0.000     0.000          0.000             1.480 
    csa_tree_U.._18_16_groupi   125     1.430     0.000     0.000          0.000             1.430 
    csa_tree_U.._18_10_groupi   103     1.328     0.000     0.000          0.000             1.328 
    csa_tree_U.._18_10_groupi   102     1.321     0.000     0.000          0.000             1.321 
    csa_tree_U.._18_10_groupi    89     1.206     0.000     0.000          0.000             1.206 
    csa_tree_U.._18_10_groupi    86     1.085     0.000     0.000          0.000             1.085 
    csa_tree_U.._18_10_groupi   105     1.065     0.000     0.000          0.000             1.065 
    U_S17_add_41_16              93     0.555     0.000     0.000          0.000             0.555 
    U_S15_add_41_16              26     0.347     0.000     0.000          0.000             0.347 
  gen_filter[6].U_S0           1440    14.884     0.000     0.000          0.000            14.884 
    csa_tree_U.._18_10_groupi   119     1.553     0.000     0.000          0.000             1.553 
    csa_tree_U.._18_10_groupi   121     1.449     0.000     0.000          0.000             1.449 
    csa_tree_U.._18_16_groupi   120     1.245     0.000     0.000          0.000             1.245 
    csa_tree_U.._18_10_groupi   100     1.219     0.000     0.000          0.000             1.219 
    csa_tree_U.._18_10_groupi   107     1.167     0.000     0.000          0.000             1.167 
    csa_tree_U.._18_10_groupi   109     1.094     0.000     0.000          0.000             1.094 
    csa_tree_U.._18_10_groupi    84     1.052     0.000     0.000          0.000             1.052 
    csa_tree_U.._18_10_groupi    85     0.985     0.000     0.000          0.000             0.985 
    U_S17_add_41_16              91     0.651     0.000     0.000          0.000             0.651 
    U_S15_add_41_16              30     0.340     0.000     0.000          0.000             0.340 
  gen_filter[12].U_S0          1413    14.868     0.000     0.000          0.000            14.868 
    csa_tree_U.._18_10_groupi   114     1.625     0.000     0.000          0.000             1.625 
    csa_tree_U.._18_16_groupi   125     1.481     0.000     0.000          0.000             1.481 
    csa_tree_U.._18_10_groupi   117     1.424     0.000     0.000          0.000             1.424 
    csa_tree_U.._18_10_groupi   104     1.366     0.000     0.000          0.000             1.366 
    csa_tree_U.._18_10_groupi   101     1.203     0.000     0.000          0.000             1.203 
    csa_tree_U.._18_10_groupi   103     1.119     0.000     0.000          0.000             1.119 
    csa_tree_U.._18_10_groupi    86     1.095     0.000     0.000          0.000             1.095 
    csa_tree_U.._18_10_groupi    86     1.069     0.000     0.000          0.000             1.069 
    U_S17_add_41_16              93     0.586     0.000     0.000          0.000             0.586 
    U_S15_add_41_16              26     0.348     0.000     0.000          0.000             0.348 
  gen_filter[9].U_S0           1434    14.854     0.000     0.000          0.000            14.854 
    csa_tree_U.._18_10_groupi   119     1.612     0.000     0.000          0.000             1.612 
    csa_tree_U.._18_10_groupi   121     1.413     0.000     0.000          0.000             1.413 
    csa_tree_U.._18_16_groupi   120     1.290     0.000     0.000          0.000             1.290 
    csa_tree_U.._18_10_groupi    97     1.240     0.000     0.000          0.000             1.240 
    csa_tree_U.._18_10_groupi   109     1.120     0.000     0.000          0.000             1.120 
    csa_tree_U.._18_10_groupi   107     1.075     0.000     0.000          0.000             1.075 
    csa_tree_U.._18_10_groupi    84     1.043     0.000     0.000          0.000             1.043 
    csa_tree_U.._18_10_groupi    85     0.992     0.000     0.000          0.000             0.992 
    U_S17_add_41_16              91     0.670     0.000     0.000          0.000             0.670 
    U_S15_add_41_16              30     0.341     0.000     0.000          0.000             0.341 
  gen_filter[8].U_S0           1436    14.850     0.000     0.000          0.000            14.850 
    csa_tree_U.._18_10_groupi   119     1.599     0.000     0.000          0.000             1.599 
    csa_tree_U.._18_10_groupi   121     1.404     0.000     0.000          0.000             1.404 
    csa_tree_U.._18_16_groupi   120     1.232     0.000     0.000          0.000             1.232 
    csa_tree_U.._18_10_groupi   108     1.166     0.000     0.000          0.000             1.166 
    csa_tree_U.._18_10_groupi    97     1.165     0.000     0.000          0.000             1.165 
    csa_tree_U.._18_10_groupi   109     1.082     0.000     0.000          0.000             1.082 
    csa_tree_U.._18_10_groupi    84     1.044     0.000     0.000          0.000             1.044 
    csa_tree_U.._18_10_groupi    85     0.969     0.000     0.000          0.000             0.969 
    U_S17_add_41_16              91     0.668     0.000     0.000          0.000             0.668 
    U_S15_add_41_16              30     0.355     0.000     0.000          0.000             0.355 
  gen_filter[7].U_S0           1435    14.846     0.000     0.000          0.000            14.846 
    csa_tree_U.._18_10_groupi   119     1.546     0.000     0.000          0.000             1.546 
    csa_tree_U.._18_10_groupi   121     1.425     0.000     0.000          0.000             1.425 
    csa_tree_U.._18_16_groupi   120     1.317     0.000     0.000          0.000             1.317 
    csa_tree_U.._18_10_groupi    97     1.226     0.000     0.000          0.000             1.226 
    csa_tree_U.._18_10_groupi   107     1.138     0.000     0.000          0.000             1.138 
    csa_tree_U.._18_10_groupi   109     1.095     0.000     0.000          0.000             1.095 
    csa_tree_U.._18_10_groupi    84     1.060     0.000     0.000          0.000             1.060 
    csa_tree_U.._18_10_groupi    85     0.982     0.000     0.000          0.000             0.982 
    U_S17_add_41_16              91     0.605     0.000     0.000          0.000             0.605 
    U_S15_add_41_16              30     0.340     0.000     0.000          0.000             0.340 
  gen_filter[18].U_S0          1418    14.841     0.000     0.000          0.000            14.841 
    csa_tree_U.._18_10_groupi   114     1.573     0.000     0.000          0.000             1.573 
    csa_tree_U.._18_10_groupi   117     1.475     0.000     0.000          0.000             1.475 
    csa_tree_U.._18_16_groupi   125     1.475     0.000     0.000          0.000             1.475 
    csa_tree_U.._18_10_groupi   103     1.262     0.000     0.000          0.000             1.262 
    csa_tree_U.._18_10_groupi   102     1.223     0.000     0.000          0.000             1.223 
    csa_tree_U.._18_10_groupi    89     1.199     0.000     0.000          0.000             1.199 
    csa_tree_U.._18_10_groupi   105     1.155     0.000     0.000          0.000             1.155 
    csa_tree_U.._18_10_groupi    86     1.087     0.000     0.000          0.000             1.087 
    U_S17_add_41_16              93     0.536     0.000     0.000          0.000             0.536 
    U_S15_add_41_16              26     0.356     0.000     0.000          0.000             0.356 
  gen_filter[1].U_S0           1439    14.798     0.000     0.000          0.000            14.798 
    csa_tree_U.._18_10_groupi   119     1.567     0.000     0.000          0.000             1.567 
    csa_tree_U.._18_10_groupi   121     1.409     0.000     0.000          0.000             1.409 
    csa_tree_U.._18_16_groupi   120     1.260     0.000     0.000          0.000             1.260 
    csa_tree_U.._18_10_groupi    97     1.258     0.000     0.000          0.000             1.258 
    csa_tree_U.._18_10_groupi   107     1.150     0.000     0.000          0.000             1.150 
    csa_tree_U.._18_10_groupi   110     1.096     0.000     0.000          0.000             1.096 
    csa_tree_U.._18_10_groupi    85     1.048     0.000     0.000          0.000             1.048 
    csa_tree_U.._18_10_groupi    86     1.009     0.000     0.000          0.000             1.009 
    U_S17_add_41_16              91     0.706     0.000     0.000          0.000             0.706 
    U_S15_add_41_16              30     0.360     0.000     0.000          0.000             0.360 
  gen_filter[17].U_S0          1418    14.793     0.000     0.000          0.000            14.793 
    csa_tree_U.._18_10_groupi   114     1.557     0.000     0.000          0.000             1.557 
    csa_tree_U.._18_10_groupi   117     1.511     0.000     0.000          0.000             1.511 
    csa_tree_U.._18_16_groupi   125     1.504     0.000     0.000          0.000             1.504 
    csa_tree_U.._18_10_groupi   103     1.259     0.000     0.000          0.000             1.259 
    csa_tree_U.._18_10_groupi    89     1.237     0.000     0.000          0.000             1.237 
    csa_tree_U.._18_10_groupi   102     1.171     0.000     0.000          0.000             1.171 
    csa_tree_U.._18_10_groupi   105     1.157     0.000     0.000          0.000             1.157 
    csa_tree_U.._18_10_groupi    86     1.074     0.000     0.000          0.000             1.074 
    U_S17_add_41_16              93     0.548     0.000     0.000          0.000             0.548 
    U_S15_add_41_16              26     0.351     0.000     0.000          0.000             0.351 
  gen_filter[16].U_S0          1420    14.792     0.000     0.000          0.000            14.792 
    csa_tree_U.._18_10_groupi   116     1.595     0.000     0.000          0.000             1.595 
    csa_tree_U.._18_10_groupi   117     1.539     0.000     0.000          0.000             1.539 
    csa_tree_U.._18_16_groupi   125     1.508     0.000     0.000          0.000             1.508 
    csa_tree_U.._18_10_groupi    89     1.226     0.000     0.000          0.000             1.226 
    csa_tree_U.._18_10_groupi   103     1.166     0.000     0.000          0.000             1.166 
    csa_tree_U.._18_10_groupi   102     1.133     0.000     0.000          0.000             1.133 
    csa_tree_U.._18_10_groupi   105     1.115     0.000     0.000          0.000             1.115 
    csa_tree_U.._18_10_groupi    86     1.088     0.000     0.000          0.000             1.088 
    U_S17_add_41_16              93     0.559     0.000     0.000          0.000             0.559 
    U_S15_add_41_16              26     0.354     0.000     0.000          0.000             0.354 
  gen_filter[37].U_S0          1419    14.549     0.000     0.000          0.000            14.549 
    csa_tree_U.._18_10_groupi   120     1.533     0.000     0.000          0.000             1.533 
    csa_tree_U.._18_10_groupi   116     1.407     0.000     0.000          0.000             1.407 
    csa_tree_U.._18_16_groupi   124     1.382     0.000     0.000          0.000             1.382 
    csa_tree_U.._18_10_groupi   102     1.258     0.000     0.000          0.000             1.258 
    csa_tree_U.._18_10_groupi   103     1.185     0.000     0.000          0.000             1.185 
    csa_tree_U.._18_10_groupi   104     1.099     0.000     0.000          0.000             1.099 
    csa_tree_U.._18_10_groupi    87     1.079     0.000     0.000          0.000             1.079 
    csa_tree_U.._18_10_groupi    86     1.065     0.000     0.000          0.000             1.065 
    U_S17_add_41_16              94     0.619     0.000     0.000          0.000             0.619 
    U_S15_add_41_16              26     0.381     0.000     0.000          0.000             0.381 
  gen_filter[11].U_S0          1419    14.545     0.000     0.000          0.000            14.545 
    csa_tree_U.._18_10_groupi   114     1.565     0.000     0.000          0.000             1.565 
    csa_tree_U.._18_10_groupi   120     1.556     0.000     0.000          0.000             1.556 
    csa_tree_U.._18_16_groupi   125     1.347     0.000     0.000          0.000             1.347 
    csa_tree_U.._18_10_groupi   104     1.283     0.000     0.000          0.000             1.283 
    csa_tree_U.._18_10_groupi   103     1.206     0.000     0.000          0.000             1.206 
    csa_tree_U.._18_10_groupi   103     1.064     0.000     0.000          0.000             1.064 
    csa_tree_U.._18_10_groupi    86     1.033     0.000     0.000          0.000             1.033 
    csa_tree_U.._18_10_groupi    86     1.026     0.000     0.000          0.000             1.026 
    U_S17_add_41_16              93     0.560     0.000     0.000          0.000             0.560 
    U_S15_add_41_16              26     0.349     0.000     0.000          0.000             0.349 
  gen_filter[2].U_S0           1435    14.542     0.000     0.000          0.000            14.542 
    csa_tree_U.._18_10_groupi   119     1.551     0.000     0.000          0.000             1.551 
    csa_tree_U.._18_10_groupi   124     1.447     0.000     0.000          0.000             1.447 
    csa_tree_U.._18_10_groupi    97     1.230     0.000     0.000          0.000             1.230 
    csa_tree_U.._18_16_groupi   120     1.175     0.000     0.000          0.000             1.175 
    csa_tree_U.._18_10_groupi   111     1.129     0.000     0.000          0.000             1.129 
    csa_tree_U.._18_10_groupi   107     1.083     0.000     0.000          0.000             1.083 
    csa_tree_U.._18_10_groupi    84     1.077     0.000     0.000          0.000             1.077 
    csa_tree_U.._18_10_groupi    85     0.976     0.000     0.000          0.000             0.976 
    U_S17_add_41_16              91     0.589     0.000     0.000          0.000             0.589 
    U_S15_add_41_16              30     0.367     0.000     0.000          0.000             0.367 
  gen_filter[36].U_S0          1418    14.515     0.000     0.000          0.000            14.515 
    csa_tree_U.._18_10_groupi   121     1.531     0.000     0.000          0.000             1.531 
    csa_tree_U.._18_16_groupi   124     1.421     0.000     0.000          0.000             1.421 
    csa_tree_U.._18_10_groupi   116     1.378     0.000     0.000          0.000             1.378 
    csa_tree_U.._18_10_groupi   102     1.278     0.000     0.000          0.000             1.278 
    csa_tree_U.._18_10_groupi   102     1.188     0.000     0.000          0.000             1.188 
    csa_tree_U.._18_10_groupi   104     1.091     0.000     0.000          0.000             1.091 
    csa_tree_U.._18_10_groupi    87     1.080     0.000     0.000          0.000             1.080 
    csa_tree_U.._18_10_groupi    86     1.052     0.000     0.000          0.000             1.052 
    U_S17_add_41_16              94     0.626     0.000     0.000          0.000             0.626 
    U_S15_add_41_16              26     0.374     0.000     0.000          0.000             0.374 
  gen_filter[40].U_S0          1414    14.479     0.000     0.000          0.000            14.479 
    csa_tree_U.._18_10_groupi   117     1.520     0.000     0.000          0.000             1.520 
    csa_tree_U.._18_16_groupi   124     1.481     0.000     0.000          0.000             1.481 
    csa_tree_U.._18_10_groupi   116     1.323     0.000     0.000          0.000             1.323 
    csa_tree_U.._18_10_groupi   102     1.247     0.000     0.000          0.000             1.247 
    csa_tree_U.._18_10_groupi   102     1.240     0.000     0.000          0.000             1.240 
    csa_tree_U.._18_10_groupi    87     1.062     0.000     0.000          0.000             1.062 
    csa_tree_U.._18_10_groupi   104     1.038     0.000     0.000          0.000             1.038 
    csa_tree_U.._18_10_groupi    86     0.993     0.000     0.000          0.000             0.993 
    U_S17_add_41_16              94     0.603     0.000     0.000          0.000             0.603 
    U_S15_add_41_16              26     0.360     0.000     0.000          0.000             0.360 
  gen_filter[33].U_S0          1417    14.473     0.000     0.000          0.000            14.473 
    csa_tree_U.._18_10_groupi   117     1.420     0.000     0.000          0.000             1.420 
    csa_tree_U.._18_16_groupi   124     1.405     0.000     0.000          0.000             1.405 
    csa_tree_U.._18_10_groupi   113     1.375     0.000     0.000          0.000             1.375 
    csa_tree_U.._18_10_groupi   103     1.333     0.000     0.000          0.000             1.333 
    csa_tree_U.._18_10_groupi   103     1.198     0.000     0.000          0.000             1.198 
    csa_tree_U.._18_10_groupi   106     1.171     0.000     0.000          0.000             1.171 
    csa_tree_U.._18_10_groupi    87     1.049     0.000     0.000          0.000             1.049 
    csa_tree_U.._18_10_groupi    86     1.048     0.000     0.000          0.000             1.048 
    U_S17_add_41_16              94     0.611     0.000     0.000          0.000             0.611 
    U_S15_add_41_16              26     0.366     0.000     0.000          0.000             0.366 
  gen_filter[34].U_S0          1422    14.449     0.000     0.000          0.000            14.449 
    csa_tree_U.._18_10_groupi   121     1.500     0.000     0.000          0.000             1.500 
    csa_tree_U.._18_10_groupi   114     1.363     0.000     0.000          0.000             1.363 
    csa_tree_U.._18_16_groupi   124     1.345     0.000     0.000          0.000             1.345 
    csa_tree_U.._18_10_groupi   102     1.243     0.000     0.000          0.000             1.243 
    csa_tree_U.._18_10_groupi   102     1.160     0.000     0.000          0.000             1.160 
    csa_tree_U.._18_10_groupi   106     1.116     0.000     0.000          0.000             1.116 
    csa_tree_U.._18_10_groupi    86     1.066     0.000     0.000          0.000             1.066 
    csa_tree_U.._18_10_groupi    87     1.055     0.000     0.000          0.000             1.055 
    U_S17_add_41_16              94     0.610     0.000     0.000          0.000             0.610 
    U_S15_add_41_16              26     0.362     0.000     0.000          0.000             0.362 
  gen_filter[25].U_S0          1423    14.438     0.000     0.000          0.000            14.438 
    csa_tree_U.._18_10_groupi   109     1.363     0.000     0.000          0.000             1.363 
    csa_tree_U.._18_10_groupi   110     1.360     0.000     0.000          0.000             1.360 
    csa_tree_U.._18_16_groupi   119     1.211     0.000     0.000          0.000             1.211 
    csa_tree_U.._18_10_groupi    90     1.197     0.000     0.000          0.000             1.197 
    csa_tree_U.._18_10_groupi   106     1.164     0.000     0.000          0.000             1.164 
    csa_tree_U.._18_10_groupi    88     1.114     0.000     0.000          0.000             1.114 
    csa_tree_U.._18_10_groupi    92     1.006     0.000     0.000          0.000             1.006 
    csa_tree_U.._18_10_groupi   111     1.005     0.000     0.000          0.000             1.005 
    U_S17_add_41_16              89     0.627     0.000     0.000          0.000             0.627 
    U_S15_add_41_16              29     0.345     0.000     0.000          0.000             0.345 
  gen_filter[39].U_S0          1414    14.412     0.000     0.000          0.000            14.412 
    csa_tree_U.._18_10_groupi   117     1.452     0.000     0.000          0.000             1.452 
    csa_tree_U.._18_16_groupi   124     1.411     0.000     0.000          0.000             1.411 
    csa_tree_U.._18_10_groupi   116     1.361     0.000     0.000          0.000             1.361 
    csa_tree_U.._18_10_groupi   102     1.238     0.000     0.000          0.000             1.238 
    csa_tree_U.._18_10_groupi   102     1.215     0.000     0.000          0.000             1.215 
    csa_tree_U.._18_10_groupi   104     1.101     0.000     0.000          0.000             1.101 
    csa_tree_U.._18_10_groupi    87     1.063     0.000     0.000          0.000             1.063 
    csa_tree_U.._18_10_groupi    86     1.019     0.000     0.000          0.000             1.019 
    U_S17_add_41_16              94     0.622     0.000     0.000          0.000             0.622 
    U_S15_add_41_16              26     0.368     0.000     0.000          0.000             0.368 
  gen_filter[42].U_S0          1415    14.389     0.000     0.000          0.000            14.389 
    csa_tree_U.._18_10_groupi   117     1.418     0.000     0.000          0.000             1.418 
    csa_tree_U.._18_10_groupi   116     1.399     0.000     0.000          0.000             1.399 
    csa_tree_U.._18_16_groupi   124     1.345     0.000     0.000          0.000             1.345 
    csa_tree_U.._18_10_groupi   103     1.245     0.000     0.000          0.000             1.245 
    csa_tree_U.._18_10_groupi   102     1.217     0.000     0.000          0.000             1.217 
    csa_tree_U.._18_10_groupi   104     1.117     0.000     0.000          0.000             1.117 
    csa_tree_U.._18_10_groupi    87     1.060     0.000     0.000          0.000             1.060 
    csa_tree_U.._18_10_groupi    86     1.040     0.000     0.000          0.000             1.040 
    U_S17_add_41_16              94     0.589     0.000     0.000          0.000             0.589 
    U_S15_add_41_16              26     0.362     0.000     0.000          0.000             0.362 
  gen_filter[41].U_S0          1415    14.389     0.000     0.000          0.000            14.389 
    csa_tree_U.._18_10_groupi   117     1.489     0.000     0.000          0.000             1.489 
    csa_tree_U.._18_16_groupi   124     1.467     0.000     0.000          0.000             1.467 
    csa_tree_U.._18_10_groupi   116     1.387     0.000     0.000          0.000             1.387 
    csa_tree_U.._18_10_groupi   102     1.225     0.000     0.000          0.000             1.225 
    csa_tree_U.._18_10_groupi   103     1.170     0.000     0.000          0.000             1.170 
    csa_tree_U.._18_10_groupi    87     1.093     0.000     0.000          0.000             1.093 
    csa_tree_U.._18_10_groupi   104     1.051     0.000     0.000          0.000             1.051 
    csa_tree_U.._18_10_groupi    86     1.030     0.000     0.000          0.000             1.030 
    U_S17_add_41_16              94     0.560     0.000     0.000          0.000             0.560 
    U_S15_add_41_16              26     0.359     0.000     0.000          0.000             0.359 
  gen_filter[46].U_S0          1407    14.349     0.000     0.000          0.000            14.349 
    csa_tree_U.._18_10_groupi   116     1.472     0.000     0.000          0.000             1.472 
    csa_tree_U.._18_16_groupi   123     1.419     0.000     0.000          0.000             1.419 
    csa_tree_U.._18_10_groupi   114     1.334     0.000     0.000          0.000             1.334 
    csa_tree_U.._18_10_groupi   102     1.209     0.000     0.000          0.000             1.209 
    csa_tree_U.._18_10_groupi   101     1.124     0.000     0.000          0.000             1.124 
    csa_tree_U.._18_10_groupi   105     1.091     0.000     0.000          0.000             1.091 
    csa_tree_U.._18_10_groupi    86     1.035     0.000     0.000          0.000             1.035 
    csa_tree_U.._18_10_groupi    86     1.014     0.000     0.000          0.000             1.014 
    U_S17_add_41_16              91     0.516     0.000     0.000          0.000             0.516 
    U_S15_add_41_16              26     0.358     0.000     0.000          0.000             0.358 
  gen_filter[29].U_S0          1408    14.329     0.000     0.000          0.000            14.329 
    csa_tree_U.._18_10_groupi   110     1.353     0.000     0.000          0.000             1.353 
    csa_tree_U.._18_10_groupi   109     1.330     0.000     0.000          0.000             1.330 
    csa_tree_U.._18_10_groupi   106     1.244     0.000     0.000          0.000             1.244 
    csa_tree_U.._18_16_groupi   117     1.192     0.000     0.000          0.000             1.192 
    csa_tree_U.._18_10_groupi    90     1.186     0.000     0.000          0.000             1.186 
    csa_tree_U.._18_10_groupi    88     1.163     0.000     0.000          0.000             1.163 
    csa_tree_U.._18_10_groupi    92     1.031     0.000     0.000          0.000             1.031 
    csa_tree_U.._18_10_groupi   109     0.979     0.000     0.000          0.000             0.979 
    U_S17_add_41_16              89     0.606     0.000     0.000          0.000             0.606 
    U_S15_add_41_16              29     0.328     0.000     0.000          0.000             0.328 
  gen_filter[35].U_S0          1419    14.323     0.000     0.000          0.000            14.323 
    csa_tree_U.._18_10_groupi   117     1.477     0.000     0.000          0.000             1.477 
    csa_tree_U.._18_10_groupi   116     1.396     0.000     0.000          0.000             1.396 
    csa_tree_U.._18_16_groupi   124     1.334     0.000     0.000          0.000             1.334 
    csa_tree_U.._18_10_groupi   102     1.185     0.000     0.000          0.000             1.185 
    csa_tree_U.._18_10_groupi   106     1.177     0.000     0.000          0.000             1.177 
    csa_tree_U.._18_10_groupi   102     1.152     0.000     0.000          0.000             1.152 
    csa_tree_U.._18_10_groupi    87     1.097     0.000     0.000          0.000             1.097 
    csa_tree_U.._18_10_groupi    86     1.029     0.000     0.000          0.000             1.029 
    U_S17_add_41_16              94     0.553     0.000     0.000          0.000             0.553 
    U_S15_add_41_16              26     0.381     0.000     0.000          0.000             0.381 
  gen_filter[31].U_S0          1414    14.305     0.000     0.000          0.000            14.305 
    csa_tree_U.._18_10_groupi   109     1.338     0.000     0.000          0.000             1.338 
    csa_tree_U.._18_10_groupi   110     1.333     0.000     0.000          0.000             1.333 
    csa_tree_U.._18_16_groupi   119     1.247     0.000     0.000          0.000             1.247 
    csa_tree_U.._18_10_groupi   106     1.218     0.000     0.000          0.000             1.218 
    csa_tree_U.._18_10_groupi    88     1.183     0.000     0.000          0.000             1.183 
    csa_tree_U.._18_10_groupi    88     1.130     0.000     0.000          0.000             1.130 
    csa_tree_U.._18_10_groupi    92     0.997     0.000     0.000          0.000             0.997 
    csa_tree_U.._18_10_groupi   109     0.983     0.000     0.000          0.000             0.983 
    U_S17_add_41_16              89     0.553     0.000     0.000          0.000             0.553 
    U_S15_add_41_16              29     0.326     0.000     0.000          0.000             0.326 
  gen_filter[28].U_S0          1415    14.280     0.000     0.000          0.000            14.280 
    csa_tree_U.._18_10_groupi   109     1.333     0.000     0.000          0.000             1.333 
    csa_tree_U.._18_10_groupi   110     1.291     0.000     0.000          0.000             1.291 
    csa_tree_U.._18_16_groupi   117     1.241     0.000     0.000          0.000             1.241 
    csa_tree_U.._18_10_groupi   106     1.190     0.000     0.000          0.000             1.190 
    csa_tree_U.._18_10_groupi    90     1.180     0.000     0.000          0.000             1.180 
    csa_tree_U.._18_10_groupi    88     1.090     0.000     0.000          0.000             1.090 
    csa_tree_U.._18_10_groupi   109     1.003     0.000     0.000          0.000             1.003 
    csa_tree_U.._18_10_groupi    92     0.978     0.000     0.000          0.000             0.978 
    U_S17_add_41_16              89     0.543     0.000     0.000          0.000             0.543 
    U_S15_add_41_16              29     0.324     0.000     0.000          0.000             0.324 
  gen_filter[38].U_S0          1413    14.269     0.000     0.000          0.000            14.269 
    csa_tree_U.._18_16_groupi   124     1.466     0.000     0.000          0.000             1.466 
    csa_tree_U.._18_10_groupi   117     1.453     0.000     0.000          0.000             1.453 
    csa_tree_U.._18_10_groupi   114     1.346     0.000     0.000          0.000             1.346 
    csa_tree_U.._18_10_groupi   102     1.174     0.000     0.000          0.000             1.174 
    csa_tree_U.._18_10_groupi   102     1.152     0.000     0.000          0.000             1.152 
    csa_tree_U.._18_10_groupi   106     1.093     0.000     0.000          0.000             1.093 
    csa_tree_U.._18_10_groupi    87     1.058     0.000     0.000          0.000             1.058 
    csa_tree_U.._18_10_groupi    86     1.020     0.000     0.000          0.000             1.020 
    U_S17_add_41_16              94     0.561     0.000     0.000          0.000             0.561 
    U_S15_add_41_16              26     0.373     0.000     0.000          0.000             0.373 
  gen_filter[44].U_S0          1405    14.258     0.000     0.000          0.000            14.258 
    csa_tree_U.._18_10_groupi   116     1.443     0.000     0.000          0.000             1.443 
    csa_tree_U.._18_10_groupi   114     1.403     0.000     0.000          0.000             1.403 
    csa_tree_U.._18_16_groupi   123     1.376     0.000     0.000          0.000             1.376 
    csa_tree_U.._18_10_groupi   101     1.228     0.000     0.000          0.000             1.228 
    csa_tree_U.._18_10_groupi   102     1.172     0.000     0.000          0.000             1.172 
    csa_tree_U.._18_10_groupi   103     1.075     0.000     0.000          0.000             1.075 
    csa_tree_U.._18_10_groupi    86     1.025     0.000     0.000          0.000             1.025 
    csa_tree_U.._18_10_groupi    86     1.019     0.000     0.000          0.000             1.019 
    U_S17_add_41_16              91     0.488     0.000     0.000          0.000             0.488 
    U_S15_add_41_16              26     0.359     0.000     0.000          0.000             0.359 
  gen_filter[26].U_S0          1420    14.258     0.000     0.000          0.000            14.258 
    csa_tree_U.._18_10_groupi   109     1.351     0.000     0.000          0.000             1.351 
    csa_tree_U.._18_16_groupi   117     1.249     0.000     0.000          0.000             1.249 
    csa_tree_U.._18_10_groupi   110     1.246     0.000     0.000          0.000             1.246 
    csa_tree_U.._18_10_groupi   106     1.127     0.000     0.000          0.000             1.127 
    csa_tree_U.._18_10_groupi    88     1.121     0.000     0.000          0.000             1.121 
    csa_tree_U.._18_10_groupi    88     1.108     0.000     0.000          0.000             1.108 
    csa_tree_U.._18_10_groupi    93     1.026     0.000     0.000          0.000             1.026 
    csa_tree_U.._18_10_groupi   109     1.003     0.000     0.000          0.000             1.003 
    U_S17_add_41_16              89     0.610     0.000     0.000          0.000             0.610 
    U_S15_add_41_16              29     0.334     0.000     0.000          0.000             0.334 
  gen_filter[51].U_S0          1406    14.247     0.000     0.000          0.000            14.247 
    csa_tree_U.._18_10_groupi   116     1.482     0.000     0.000          0.000             1.482 
    csa_tree_U.._18_10_groupi   114     1.453     0.000     0.000          0.000             1.453 
    csa_tree_U.._18_16_groupi   123     1.398     0.000     0.000          0.000             1.398 
    csa_tree_U.._18_10_groupi   101     1.168     0.000     0.000          0.000             1.168 
    csa_tree_U.._18_10_groupi   101     1.153     0.000     0.000          0.000             1.153 
    csa_tree_U.._18_10_groupi   105     1.090     0.000     0.000          0.000             1.090 
    csa_tree_U.._18_10_groupi    86     1.021     0.000     0.000          0.000             1.021 
    csa_tree_U.._18_10_groupi    86     1.007     0.000     0.000          0.000             1.007 
    U_S17_add_41_16              91     0.454     0.000     0.000          0.000             0.454 
    U_S15_add_41_16              26     0.357     0.000     0.000          0.000             0.357 
  gen_filter[60].U_S0          1415    14.224     0.000     0.000          0.000            14.224 
    csa_tree_U.._18_10_groupi   110     1.375     0.000     0.000          0.000             1.375 
    csa_tree_U.._18_16_groupi   117     1.344     0.000     0.000          0.000             1.344 
    csa_tree_U.._18_10_groupi   114     1.261     0.000     0.000          0.000             1.261 
    csa_tree_U.._18_10_groupi   105     1.179     0.000     0.000          0.000             1.179 
    csa_tree_U.._18_10_groupi    88     1.115     0.000     0.000          0.000             1.115 
    csa_tree_U.._18_10_groupi    88     1.096     0.000     0.000          0.000             1.096 
    csa_tree_U.._18_10_groupi   104     1.090     0.000     0.000          0.000             1.090 
    csa_tree_U.._18_10_groupi   101     1.032     0.000     0.000          0.000             1.032 
    U_S17_add_41_16              89     0.522     0.000     0.000          0.000             0.522 
    U_S15_add_41_16              26     0.332     0.000     0.000          0.000             0.332 
  gen_filter[63].U_S0          1416    14.221     0.000     0.000          0.000            14.221 
    csa_tree_U.._18_10_groupi   110     1.385     0.000     0.000          0.000             1.385 
    csa_tree_U.._18_16_groupi   115     1.345     0.000     0.000          0.000             1.345 
    csa_tree_U.._18_10_groupi   105     1.239     0.000     0.000          0.000             1.239 
    csa_tree_U.._18_10_groupi   114     1.214     0.000     0.000          0.000             1.214 
    csa_tree_U.._18_10_groupi   104     1.182     0.000     0.000          0.000             1.182 
    csa_tree_U.._18_10_groupi    88     1.071     0.000     0.000          0.000             1.071 
    csa_tree_U.._18_10_groupi    87     1.069     0.000     0.000          0.000             1.069 
    csa_tree_U.._18_10_groupi    99     1.058     0.000     0.000          0.000             1.058 
    U_S17_add_41_16              89     0.503     0.000     0.000          0.000             0.503 
    U_S15_add_41_16              26     0.348     0.000     0.000          0.000             0.348 
  gen_filter[61].U_S0          1412    14.220     0.000     0.000          0.000            14.220 
    csa_tree_U.._18_16_groupi   117     1.350     0.000     0.000          0.000             1.350 
    csa_tree_U.._18_10_groupi   110     1.300     0.000     0.000          0.000             1.300 
    csa_tree_U.._18_10_groupi   114     1.299     0.000     0.000          0.000             1.299 
    csa_tree_U.._18_10_groupi   105     1.262     0.000     0.000          0.000             1.262 
    csa_tree_U.._18_10_groupi   101     1.135     0.000     0.000          0.000             1.135 
    csa_tree_U.._18_10_groupi    88     1.103     0.000     0.000          0.000             1.103 
    csa_tree_U.._18_10_groupi   104     1.092     0.000     0.000          0.000             1.092 
    csa_tree_U.._18_10_groupi    88     1.075     0.000     0.000          0.000             1.075 
    U_S17_add_41_16              89     0.506     0.000     0.000          0.000             0.506 
    U_S15_add_41_16              26     0.334     0.000     0.000          0.000             0.334 
  gen_filter[49].U_S0          1407    14.196     0.000     0.000          0.000            14.196 
    csa_tree_U.._18_10_groupi   116     1.465     0.000     0.000          0.000             1.465 
    csa_tree_U.._18_10_groupi   114     1.423     0.000     0.000          0.000             1.423 
    csa_tree_U.._18_16_groupi   123     1.384     0.000     0.000          0.000             1.384 
    csa_tree_U.._18_10_groupi   101     1.240     0.000     0.000          0.000             1.240 
    csa_tree_U.._18_10_groupi   102     1.152     0.000     0.000          0.000             1.152 
    csa_tree_U.._18_10_groupi   103     1.087     0.000     0.000          0.000             1.087 
    csa_tree_U.._18_10_groupi    86     0.981     0.000     0.000          0.000             0.981 
    csa_tree_U.._18_10_groupi    86     0.973     0.000     0.000          0.000             0.973 
    U_S17_add_41_16              91     0.513     0.000     0.000          0.000             0.513 
    U_S15_add_41_16              26     0.343     0.000     0.000          0.000             0.343 
  gen_filter[62].U_S0          1421    14.189     0.000     0.000          0.000            14.189 
    csa_tree_U.._18_10_groupi   110     1.386     0.000     0.000          0.000             1.386 
    csa_tree_U.._18_16_groupi   115     1.368     0.000     0.000          0.000             1.368 
    csa_tree_U.._18_10_groupi   108     1.255     0.000     0.000          0.000             1.255 
    csa_tree_U.._18_10_groupi   114     1.239     0.000     0.000          0.000             1.239 
    csa_tree_U.._18_10_groupi   105     1.148     0.000     0.000          0.000             1.148 
    csa_tree_U.._18_10_groupi    88     1.109     0.000     0.000          0.000             1.109 
    csa_tree_U.._18_10_groupi    88     1.081     0.000     0.000          0.000             1.081 
    csa_tree_U.._18_10_groupi   101     1.056     0.000     0.000          0.000             1.056 
    U_S17_add_41_16              89     0.530     0.000     0.000          0.000             0.530 
    U_S15_add_41_16              26     0.348     0.000     0.000          0.000             0.348 
  gen_filter[30].U_S0          1419    14.173     0.000     0.000          0.000            14.173 
    csa_tree_U.._18_10_groupi   109     1.359     0.000     0.000          0.000             1.359 
    csa_tree_U.._18_10_groupi   110     1.297     0.000     0.000          0.000             1.297 
    csa_tree_U.._18_10_groupi   106     1.255     0.000     0.000          0.000             1.255 
    csa_tree_U.._18_16_groupi   119     1.222     0.000     0.000          0.000             1.222 
    csa_tree_U.._18_10_groupi    90     1.134     0.000     0.000          0.000             1.134 
    csa_tree_U.._18_10_groupi    88     1.131     0.000     0.000          0.000             1.131 
    csa_tree_U.._18_10_groupi   111     0.996     0.000     0.000          0.000             0.996 
    csa_tree_U.._18_10_groupi    92     0.975     0.000     0.000          0.000             0.975 
    U_S17_add_41_16              89     0.591     0.000     0.000          0.000             0.591 
    U_S15_add_41_16              29     0.324     0.000     0.000          0.000             0.324 
  gen_filter[57].U_S0          1401    14.168     0.000     0.000          0.000            14.168 
    csa_tree_U.._18_10_groupi   110     1.407     0.000     0.000          0.000             1.407 
    csa_tree_U.._18_16_groupi   117     1.283     0.000     0.000          0.000             1.283 
    csa_tree_U.._18_10_groupi   105     1.278     0.000     0.000          0.000             1.278 
    csa_tree_U.._18_10_groupi   114     1.254     0.000     0.000          0.000             1.254 
    csa_tree_U.._18_10_groupi   105     1.148     0.000     0.000          0.000             1.148 
    csa_tree_U.._18_10_groupi    99     1.097     0.000     0.000          0.000             1.097 
    csa_tree_U.._18_10_groupi    88     1.086     0.000     0.000          0.000             1.086 
    csa_tree_U.._18_10_groupi    88     1.080     0.000     0.000          0.000             1.080 
    U_S17_add_41_16              89     0.535     0.000     0.000          0.000             0.535 
    U_S15_add_41_16              26     0.338     0.000     0.000          0.000             0.338 
  gen_filter[47].U_S0          1409    14.150     0.000     0.000          0.000            14.150 
    csa_tree_U.._18_10_groupi   116     1.469     0.000     0.000          0.000             1.469 
    csa_tree_U.._18_10_groupi   114     1.353     0.000     0.000          0.000             1.353 
    csa_tree_U.._18_16_groupi   123     1.344     0.000     0.000          0.000             1.344 
    csa_tree_U.._18_10_groupi   101     1.200     0.000     0.000          0.000             1.200 
    csa_tree_U.._18_10_groupi   102     1.173     0.000     0.000          0.000             1.173 
    csa_tree_U.._18_10_groupi   105     1.108     0.000     0.000          0.000             1.108 
    csa_tree_U.._18_10_groupi    86     0.996     0.000     0.000          0.000             0.996 
    csa_tree_U.._18_10_groupi    86     0.989     0.000     0.000          0.000             0.989 
    U_S17_add_41_16              91     0.502     0.000     0.000          0.000             0.502 
    U_S15_add_41_16              26     0.354     0.000     0.000          0.000             0.354 
  gen_filter[59].U_S0          1401    14.138     0.000     0.000          0.000            14.138 
    csa_tree_U.._18_10_groupi   110     1.427     0.000     0.000          0.000             1.427 
    csa_tree_U.._18_16_groupi   115     1.319     0.000     0.000          0.000             1.319 
    csa_tree_U.._18_10_groupi   114     1.273     0.000     0.000          0.000             1.273 
    csa_tree_U.._18_10_groupi   105     1.169     0.000     0.000          0.000             1.169 
    csa_tree_U.._18_10_groupi   101     1.097     0.000     0.000          0.000             1.097 
    csa_tree_U.._18_10_groupi   105     1.097     0.000     0.000          0.000             1.097 
    csa_tree_U.._18_10_groupi    88     1.094     0.000     0.000          0.000             1.094 
    csa_tree_U.._18_10_groupi    88     1.079     0.000     0.000          0.000             1.079 
    U_S17_add_41_16              89     0.486     0.000     0.000          0.000             0.486 
    U_S15_add_41_16              26     0.334     0.000     0.000          0.000             0.334 
  gen_filter[24].U_S0          1415    14.129     0.000     0.000          0.000            14.129 
    csa_tree_U.._18_10_groupi   109     1.408     0.000     0.000          0.000             1.408 
    csa_tree_U.._18_10_groupi   110     1.258     0.000     0.000          0.000             1.258 
    csa_tree_U.._18_16_groupi   119     1.195     0.000     0.000          0.000             1.195 
    csa_tree_U.._18_10_groupi    88     1.164     0.000     0.000          0.000             1.164 
    csa_tree_U.._18_10_groupi   106     1.154     0.000     0.000          0.000             1.154 
    csa_tree_U.._18_10_groupi    88     1.103     0.000     0.000          0.000             1.103 
    csa_tree_U.._18_10_groupi    92     0.988     0.000     0.000          0.000             0.988 
    csa_tree_U.._18_10_groupi   109     0.958     0.000     0.000          0.000             0.958 
    U_S17_add_41_16              89     0.587     0.000     0.000          0.000             0.587 
    U_S15_add_41_16              29     0.352     0.000     0.000          0.000             0.352 
  gen_filter[55].U_S0          1405    14.117     0.000     0.000          0.000            14.117 
    csa_tree_U.._18_10_groupi   110     1.388     0.000     0.000          0.000             1.388 
    csa_tree_U.._18_16_groupi   117     1.354     0.000     0.000          0.000             1.354 
    csa_tree_U.._18_10_groupi   117     1.301     0.000     0.000          0.000             1.301 
    csa_tree_U.._18_10_groupi   105     1.239     0.000     0.000          0.000             1.239 
    csa_tree_U.._18_10_groupi   105     1.226     0.000     0.000          0.000             1.226 
    csa_tree_U.._18_10_groupi    88     1.077     0.000     0.000          0.000             1.077 
    csa_tree_U.._18_10_groupi    88     1.074     0.000     0.000          0.000             1.074 
    csa_tree_U.._18_10_groupi    99     1.071     0.000     0.000          0.000             1.071 
    U_S17_add_41_16              89     0.491     0.000     0.000          0.000             0.491 
    U_S15_add_41_16              26     0.342     0.000     0.000          0.000             0.342 
  gen_filter[56].U_S0          1405    14.115     0.000     0.000          0.000            14.115 
    csa_tree_U.._18_10_groupi   110     1.406     0.000     0.000          0.000             1.406 
    csa_tree_U.._18_10_groupi   117     1.307     0.000     0.000          0.000             1.307 
    csa_tree_U.._18_16_groupi   117     1.254     0.000     0.000          0.000             1.254 
    csa_tree_U.._18_10_groupi   105     1.178     0.000     0.000          0.000             1.178 
    csa_tree_U.._18_10_groupi   105     1.161     0.000     0.000          0.000             1.161 
    csa_tree_U.._18_10_groupi    88     1.114     0.000     0.000          0.000             1.114 
    csa_tree_U.._18_10_groupi    88     1.095     0.000     0.000          0.000             1.095 
    csa_tree_U.._18_10_groupi    99     1.047     0.000     0.000          0.000             1.047 
    U_S17_add_41_16              89     0.546     0.000     0.000          0.000             0.546 
    U_S15_add_41_16              26     0.342     0.000     0.000          0.000             0.342 
  gen_filter[27].U_S0          1412    14.101     0.000     0.000          0.000            14.101 
    csa_tree_U.._18_10_groupi   109     1.328     0.000     0.000          0.000             1.328 
    csa_tree_U.._18_10_groupi   110     1.279     0.000     0.000          0.000             1.279 
    csa_tree_U.._18_10_groupi   106     1.219     0.000     0.000          0.000             1.219 
    csa_tree_U.._18_10_groupi    88     1.162     0.000     0.000          0.000             1.162 
    csa_tree_U.._18_10_groupi    88     1.131     0.000     0.000          0.000             1.131 
    csa_tree_U.._18_16_groupi   119     1.114     0.000     0.000          0.000             1.114 
    csa_tree_U.._18_10_groupi    92     1.009     0.000     0.000          0.000             1.009 
    csa_tree_U.._18_10_groupi   109     1.001     0.000     0.000          0.000             1.001 
    U_S17_add_41_16              89     0.567     0.000     0.000          0.000             0.567 
    U_S15_add_41_16              29     0.348     0.000     0.000          0.000             0.348 
  gen_filter[45].U_S0          1405    14.072     0.000     0.000          0.000            14.072 
    csa_tree_U.._18_16_groupi   123     1.422     0.000     0.000          0.000             1.422 
    csa_tree_U.._18_10_groupi   116     1.396     0.000     0.000          0.000             1.396 
    csa_tree_U.._18_10_groupi   114     1.343     0.000     0.000          0.000             1.343 
    csa_tree_U.._18_10_groupi   102     1.213     0.000     0.000          0.000             1.213 
    csa_tree_U.._18_10_groupi   101     1.211     0.000     0.000          0.000             1.211 
    csa_tree_U.._18_10_groupi   103     1.042     0.000     0.000          0.000             1.042 
    csa_tree_U.._18_10_groupi    86     1.012     0.000     0.000          0.000             1.012 
    csa_tree_U.._18_10_groupi    86     0.970     0.000     0.000          0.000             0.970 
    U_S17_add_41_16              91     0.504     0.000     0.000          0.000             0.504 
    U_S15_add_41_16              26     0.352     0.000     0.000          0.000             0.352 
  gen_filter[50].U_S0          1407    14.056     0.000     0.000          0.000            14.056 
    csa_tree_U.._18_10_groupi   116     1.472     0.000     0.000          0.000             1.472 
    csa_tree_U.._18_16_groupi   123     1.437     0.000     0.000          0.000             1.437 
    csa_tree_U.._18_10_groupi   114     1.351     0.000     0.000          0.000             1.351 
    csa_tree_U.._18_10_groupi   101     1.176     0.000     0.000          0.000             1.176 
    csa_tree_U.._18_10_groupi   105     1.141     0.000     0.000          0.000             1.141 
    csa_tree_U.._18_10_groupi   101     1.059     0.000     0.000          0.000             1.059 
    csa_tree_U.._18_10_groupi    86     1.016     0.000     0.000          0.000             1.016 
    csa_tree_U.._18_10_groupi    86     0.988     0.000     0.000          0.000             0.988 
    U_S17_add_41_16              91     0.517     0.000     0.000          0.000             0.517 
    U_S15_add_41_16              26     0.337     0.000     0.000          0.000             0.337 
  gen_filter[53].U_S0          1409    14.051     0.000     0.000          0.000            14.051 
    csa_tree_U.._18_10_groupi   119     1.536     0.000     0.000          0.000             1.536 
    csa_tree_U.._18_16_groupi   123     1.406     0.000     0.000          0.000             1.406 
    csa_tree_U.._18_10_groupi   114     1.300     0.000     0.000          0.000             1.300 
    csa_tree_U.._18_10_groupi   102     1.156     0.000     0.000          0.000             1.156 
    csa_tree_U.._18_10_groupi   101     1.130     0.000     0.000          0.000             1.130 
    csa_tree_U.._18_10_groupi   103     1.076     0.000     0.000          0.000             1.076 
    csa_tree_U.._18_10_groupi    86     1.026     0.000     0.000          0.000             1.026 
    csa_tree_U.._18_10_groupi    86     0.967     0.000     0.000          0.000             0.967 
    U_S17_add_41_16              91     0.479     0.000     0.000          0.000             0.479 
    U_S15_add_41_16              26     0.342     0.000     0.000          0.000             0.342 
  gen_filter[48].U_S0          1408    14.046     0.000     0.000          0.000            14.046 
    csa_tree_U.._18_16_groupi   123     1.477     0.000     0.000          0.000             1.477 
    csa_tree_U.._18_10_groupi   116     1.397     0.000     0.000          0.000             1.397 
    csa_tree_U.._18_10_groupi   114     1.330     0.000     0.000          0.000             1.330 
    csa_tree_U.._18_10_groupi   101     1.175     0.000     0.000          0.000             1.175 
    csa_tree_U.._18_10_groupi   105     1.096     0.000     0.000          0.000             1.096 
    csa_tree_U.._18_10_groupi   101     1.076     0.000     0.000          0.000             1.076 
    csa_tree_U.._18_10_groupi    86     0.978     0.000     0.000          0.000             0.978 
    csa_tree_U.._18_10_groupi    86     0.961     0.000     0.000          0.000             0.961 
    U_S17_add_41_16              91     0.471     0.000     0.000          0.000             0.471 
    U_S15_add_41_16              26     0.355     0.000     0.000          0.000             0.355 
  gen_filter[58].U_S0          1401    14.037     0.000     0.000          0.000            14.037 
    csa_tree_U.._18_16_groupi   115     1.327     0.000     0.000          0.000             1.327 
    csa_tree_U.._18_10_groupi   110     1.288     0.000     0.000          0.000             1.288 
    csa_tree_U.._18_10_groupi   114     1.256     0.000     0.000          0.000             1.256 
    csa_tree_U.._18_10_groupi   105     1.205     0.000     0.000          0.000             1.205 
    csa_tree_U.._18_10_groupi   104     1.155     0.000     0.000          0.000             1.155 
    csa_tree_U.._18_10_groupi    88     1.107     0.000     0.000          0.000             1.107 
    csa_tree_U.._18_10_groupi    88     1.089     0.000     0.000          0.000             1.089 
    csa_tree_U.._18_10_groupi   101     1.046     0.000     0.000          0.000             1.046 
    U_S17_add_41_16              89     0.536     0.000     0.000          0.000             0.536 
    U_S15_add_41_16              26     0.349     0.000     0.000          0.000             0.349 
  gen_filter[52].U_S0          1407    13.960     0.000     0.000          0.000            13.960 
    csa_tree_U.._18_10_groupi   116     1.408     0.000     0.000          0.000             1.408 
    csa_tree_U.._18_10_groupi   114     1.366     0.000     0.000          0.000             1.366 
    csa_tree_U.._18_16_groupi   125     1.355     0.000     0.000          0.000             1.355 
    csa_tree_U.._18_10_groupi   101     1.178     0.000     0.000          0.000             1.178 
    csa_tree_U.._18_10_groupi   101     1.114     0.000     0.000          0.000             1.114 
    csa_tree_U.._18_10_groupi   103     1.093     0.000     0.000          0.000             1.093 
    csa_tree_U.._18_10_groupi    86     1.017     0.000     0.000          0.000             1.017 
    csa_tree_U.._18_10_groupi    86     1.013     0.000     0.000          0.000             1.013 
    U_S17_add_41_16              91     0.502     0.000     0.000          0.000             0.502 
    U_S15_add_41_16              26     0.329     0.000     0.000          0.000             0.329 
  gen_filter[64].U_S0          1414    13.942     0.000     0.000          0.000            13.942 
    csa_tree_U.._18_10_groupi   110     1.339     0.000     0.000          0.000             1.339 
    csa_tree_U.._18_10_groupi   104     1.286     0.000     0.000          0.000             1.286 
    csa_tree_U.._18_10_groupi   117     1.284     0.000     0.000          0.000             1.284 
    csa_tree_U.._18_16_groupi   115     1.271     0.000     0.000          0.000             1.271 
    csa_tree_U.._18_10_groupi   104     1.121     0.000     0.000          0.000             1.121 
    csa_tree_U.._18_10_groupi    87     1.092     0.000     0.000          0.000             1.092 
    csa_tree_U.._18_10_groupi    99     1.047     0.000     0.000          0.000             1.047 
    csa_tree_U.._18_10_groupi    88     1.034     0.000     0.000          0.000             1.034 
    U_S17_add_41_16              89     0.517     0.000     0.000          0.000             0.517 
    U_S15_add_41_16              26     0.322     0.000     0.000          0.000             0.322 
  gen_filter[54].U_S0          1405    13.940     0.000     0.000          0.000            13.940 
    csa_tree_U.._18_10_groupi   110     1.372     0.000     0.000          0.000             1.372 
    csa_tree_U.._18_16_groupi   117     1.251     0.000     0.000          0.000             1.251 
    csa_tree_U.._18_10_groupi   117     1.244     0.000     0.000          0.000             1.244 
    csa_tree_U.._18_10_groupi   105     1.193     0.000     0.000          0.000             1.193 
    csa_tree_U.._18_10_groupi   105     1.188     0.000     0.000          0.000             1.188 
    csa_tree_U.._18_10_groupi    88     1.143     0.000     0.000          0.000             1.143 
    csa_tree_U.._18_10_groupi    88     1.099     0.000     0.000          0.000             1.099 
    csa_tree_U.._18_10_groupi    99     1.020     0.000     0.000          0.000             1.020 
    U_S17_add_41_16              89     0.500     0.000     0.000          0.000             0.500 
    U_S15_add_41_16              26     0.339     0.000     0.000          0.000             0.339 
  gen_filter[43].U_S0          1406    13.893     0.000     0.000          0.000            13.893 
    csa_tree_U.._18_10_groupi   116     1.407     0.000     0.000          0.000             1.407 
    csa_tree_U.._18_10_groupi   114     1.339     0.000     0.000          0.000             1.339 
    csa_tree_U.._18_16_groupi   123     1.323     0.000     0.000          0.000             1.323 
    csa_tree_U.._18_10_groupi   102     1.159     0.000     0.000          0.000             1.159 
    csa_tree_U.._18_10_groupi   101     1.149     0.000     0.000          0.000             1.149 
    csa_tree_U.._18_10_groupi   103     1.044     0.000     0.000          0.000             1.044 
    csa_tree_U.._18_10_groupi    86     1.017     0.000     0.000          0.000             1.017 
    csa_tree_U.._18_10_groupi    86     0.980     0.000     0.000          0.000             0.980 
    U_S17_add_41_16              91     0.464     0.000     0.000          0.000             0.464 
    U_S15_add_41_16              26     0.348     0.000     0.000          0.000             0.348 

