============================================================
  Generated by:           Genus(TM) Synthesis Solution 17.10-p007_1
  Generated on:           Feb 26 2020  10:27:57 pm
  Module:                 INTER_8
  Technology libraries:   CORE65LPSVT 
                          CLOCK65LPSVT 
                          physical_cells 
  Operating conditions:   _nominal_ 
  Interconnect mode:      global
  Area mode:              physical library
============================================================

                             Leakage   Dynamic    Total   
       Instance       Cells Power(uW) Power(uW) Power(uW) 
----------------------------------------------------------
INTER_8               97281  1014.275     0.001  1014.276 
  gen_filter[22].U_S0  1621    16.276     0.000    16.276 
  gen_filter[23].U_S0  1614    15.879     0.000    15.879 
  gen_filter[32].U_S0  1608    15.837     0.000    15.837 
  gen_filter[3].U_S0   1437    15.188     0.000    15.188 
  gen_filter[19].U_S0  1422    15.149     0.000    15.149 
  gen_filter[4].U_S0   1431    15.106     0.000    15.106 
  gen_filter[5].U_S0   1430    15.059     0.000    15.059 
  gen_filter[0].U_S0   1446    15.056     0.000    15.056 
  gen_filter[14].U_S0  1422    15.043     0.000    15.043 
  gen_filter[10].U_S0  1437    14.998     0.000    14.998 
  gen_filter[21].U_S0  1414    14.979     0.000    14.979 
  gen_filter[20].U_S0  1426    14.957     0.000    14.957 
  gen_filter[15].U_S0  1421    14.951     0.000    14.951 
  gen_filter[13].U_S0  1420    14.928     0.000    14.928 
  gen_filter[6].U_S0   1440    14.884     0.000    14.884 
  gen_filter[12].U_S0  1413    14.868     0.000    14.868 
  gen_filter[9].U_S0   1434    14.854     0.000    14.854 
  gen_filter[8].U_S0   1436    14.850     0.000    14.850 
  gen_filter[7].U_S0   1435    14.846     0.000    14.846 
  gen_filter[18].U_S0  1418    14.841     0.000    14.841 
  gen_filter[1].U_S0   1439    14.798     0.000    14.798 
  gen_filter[17].U_S0  1418    14.793     0.000    14.793 
  gen_filter[16].U_S0  1420    14.792     0.000    14.792 
  gen_filter[37].U_S0  1419    14.549     0.000    14.549 
  gen_filter[11].U_S0  1419    14.545     0.000    14.545 
  gen_filter[2].U_S0   1435    14.542     0.000    14.542 
  gen_filter[36].U_S0  1418    14.515     0.000    14.515 
  gen_filter[40].U_S0  1414    14.479     0.000    14.479 
  gen_filter[33].U_S0  1417    14.473     0.000    14.473 
  gen_filter[34].U_S0  1422    14.449     0.000    14.449 
  gen_filter[25].U_S0  1423    14.438     0.000    14.438 
  gen_filter[39].U_S0  1414    14.412     0.000    14.412 
  gen_filter[42].U_S0  1415    14.389     0.000    14.389 
  gen_filter[41].U_S0  1415    14.389     0.000    14.389 
  gen_filter[46].U_S0  1407    14.349     0.000    14.349 
  gen_filter[29].U_S0  1408    14.329     0.000    14.329 
  gen_filter[35].U_S0  1419    14.323     0.000    14.323 
  gen_filter[31].U_S0  1414    14.305     0.000    14.305 
  gen_filter[28].U_S0  1415    14.280     0.000    14.280 
  gen_filter[38].U_S0  1413    14.269     0.000    14.269 
  gen_filter[44].U_S0  1405    14.258     0.000    14.258 
  gen_filter[26].U_S0  1420    14.258     0.000    14.258 
  gen_filter[51].U_S0  1406    14.247     0.000    14.247 
  gen_filter[60].U_S0  1415    14.224     0.000    14.224 
  gen_filter[63].U_S0  1416    14.221     0.000    14.221 
  gen_filter[61].U_S0  1412    14.220     0.000    14.220 
  gen_filter[49].U_S0  1407    14.196     0.000    14.196 
  gen_filter[62].U_S0  1421    14.189     0.000    14.189 
  gen_filter[30].U_S0  1419    14.173     0.000    14.173 
  gen_filter[57].U_S0  1401    14.168     0.000    14.168 
  gen_filter[47].U_S0  1409    14.150     0.000    14.150 
  gen_filter[59].U_S0  1401    14.138     0.000    14.138 
  gen_filter[24].U_S0  1415    14.129     0.000    14.129 
  gen_filter[55].U_S0  1405    14.117     0.000    14.117 
  gen_filter[56].U_S0  1405    14.115     0.000    14.115 
  gen_filter[27].U_S0  1412    14.101     0.000    14.101 
  gen_filter[45].U_S0  1405    14.072     0.000    14.072 
  gen_filter[50].U_S0  1407    14.056     0.000    14.056 
  gen_filter[53].U_S0  1409    14.051     0.000    14.051 
  gen_filter[48].U_S0  1408    14.046     0.000    14.046 
  gen_filter[58].U_S0  1401    14.037     0.000    14.037 
  gen_filter[52].U_S0  1407    13.960     0.000    13.960 
  gen_filter[64].U_S0  1414    13.942     0.000    13.942 
  gen_filter[54].U_S0  1405    13.940     0.000    13.940 
  gen_filter[43].U_S0  1406    13.893     0.000    13.893 

