============================================================
  Generated by:           Genus(TM) Synthesis Solution 17.10-p007_1
  Generated on:           Feb 20 2020  11:55:42 pm
  Module:                 filter_regular
  Technology libraries:   CORE65LPSVT 
                          CLOCK65LPSVT 
                          physical_cells 
  Operating conditions:   _nominal_ 
  Interconnect mode:      global
  Area mode:              physical library
============================================================

              Instance                                Module                    Cells  Cell Area  Net Area   Total Area 
------------------------------------------------------------------------------------------------------------------------
filter_regular                                                                  32974     199666     84499       284165 
  S0[16].U0                         filter_6taps_bit_width10_16                  1750       9862      4049        13911 
    csa_tree_U_S65_add_90_9_groupi  csa_tree_U_S65_add_90_9_group_133_2            55        355       107          462 
    csa_tree_U_S55_add_90_9_groupi  csa_tree_U_S55_add_90_9_group_138_2            49        354        99          453 
    csa_tree_U_S35_add_90_9_groupi  csa_tree_U_S35_add_90_9_group_147_2            49        349        99          448 
    csa_tree_U_S45_add_90_9_groupi  csa_tree_U_S45_add_90_9_group_143_2            47        337        94          431 
    csa_tree_U_S63_add_90_9_groupi  csa_tree_U_S63_add_90_9_group_1609_2           43        315        82          397 
    csa_tree_U_S12_add_90_9_groupi  csa_tree_U_S12_add_90_9_group_155_2            37        300        75          375 
    csa_tree_U_S84_add_90_9_groupi  csa_tree_U_S84_add_90_9_group_119_2            44        275        76          351 
    csa_tree_U_S94_add_90_9_groupi  csa_tree_U_S94_add_90_9_group_117_2            39        278        71          349 
    csa_tree_U_S_24_add_90_9_groupi csa_tree_U_S_24_add_90_9_group_113_2           38        273        68          341 
    csa_tree_U_S13_add_90_9_groupi  csa_tree_U_S13_add_90_9_group_153_2            37        253        65          317 
    csa_tree_U_S43_add_90_9_groupi  csa_tree_U_S43_add_90_9_group_1619_2           33        248        60          308 
    csa_tree_U_S23_add_90_9_groupi  csa_tree_U_S23_add_90_9_group_1627_1_348_1     32        234        58          292 
    csa_tree_U_S25_add_90_9_groupi  csa_tree_U_S25_add_90_9_group_149_2            33        230        60          290 
    csa_tree_U_S53_add_90_9_groupi  csa_tree_U_S53_add_90_9_group_1614_2           32        234        55          289 
    csa_tree_U_S_14_add_90_9_groupi csa_tree_U_S_14_add_90_9_group_115_2           27        221        50          271 
    csa_tree_U_S74_add_90_9_groupi  csa_tree_U_S74_add_90_9_group_121_2            27        222        48          270 
    csa_tree_U_S2_add_90_9_groupi   csa_tree_U_S2_add_90_9_group_165_1_345_1       27        214        50          263 
    csa_tree_U_S_40_add_90_9_groupi csa_tree_U_S_40_add_90_9_group_111_2           26        188        43          232 
    U_S_44_add_63_8                 add_signed_353_1027_1225                       19        124        24          148 
    U_S_25_add_63_8                 add_signed_353_1029                            19        124        24          148 
    U_S_15_add_63_8                 add_signed_353_1030                            19        124        24          148 
    U_S95_add_63_8                  add_signed_353_1031                            19        124        24          148 
    U_S85_add_63_8                  add_signed_353_1032                            19        124        24          148 
    U_S14_add_90_9                  add_signed_416_954                             19        124        24          148 
    U_S4_add_90_9                   add_signed_426_935                             19        124        24          148 
    U_S_35_add_63_8                 add_signed_353_1028                            18        120        22          142 
  S0[13].U0                         filter_6taps_bit_width10_13                  1749       9858      4049        13907 
    csa_tree_U_S65_add_90_9_groupi  csa_tree_U_S65_add_90_9_group_133_2_414        55        355       107          462 
    csa_tree_U_S55_add_90_9_groupi  csa_tree_U_S55_add_90_9_group_138_2_412        49        354        99          453 
    csa_tree_U_S35_add_90_9_groupi  csa_tree_U_S35_add_90_9_group_147_2_408        49        349        99          448 
    csa_tree_U_S45_add_90_9_groupi  csa_tree_U_S45_add_90_9_group_143_2_410        47        337        94          431 
    csa_tree_U_S63_add_90_9_groupi  csa_tree_U_S63_add_90_9_group_1609_2_413       43        315        82          397 
    csa_tree_U_S12_add_90_9_groupi  csa_tree_U_S12_add_90_9_group_155_2_405        37        300        75          375 
    csa_tree_U_S84_add_90_9_groupi  csa_tree_U_S84_add_90_9_group_119_2_416        44        275        76          351 
    csa_tree_U_S94_add_90_9_groupi  csa_tree_U_S94_add_90_9_group_117_2_417        39        278        71          349 
    csa_tree_U_S_24_add_90_9_groupi csa_tree_U_S_24_add_90_9_group_113_2_419       38        273        68          341 
    csa_tree_U_S13_add_90_9_groupi  csa_tree_U_S13_add_90_9_group_153_2_406        37        253        65          317 
    csa_tree_U_S43_add_90_9_groupi  csa_tree_U_S43_add_90_9_group_1619_2_409       33        248        60          308 
    csa_tree_U_S23_add_90_9_groupi  csa_tree_U_S23_add_90_9_group_1627_1_389_1     32        234        58          292 
    csa_tree_U_S25_add_90_9_groupi  csa_tree_U_S25_add_90_9_group_149_2_407        33        230        60          290 
    csa_tree_U_S53_add_90_9_groupi  csa_tree_U_S53_add_90_9_group_1614_2_411       32        234        55          289 
    csa_tree_U_S_14_add_90_9_groupi csa_tree_U_S_14_add_90_9_group_115_2_418       27        221        50          271 
    csa_tree_U_S74_add_90_9_groupi  csa_tree_U_S74_add_90_9_group_121_2_415        27        222        48          270 
    csa_tree_U_S2_add_90_9_groupi   csa_tree_U_S2_add_90_9_group_165_1_386_1       27        214        50          263 
    csa_tree_U_S_40_add_90_9_groupi csa_tree_U_S_40_add_90_9_group_111_2_420       26        188        43          232 
    U_S_44_add_63_8                 add_signed_352_1026_1219                       19        124        24          148 
    U_S_25_add_63_8                 add_signed_352_1028                            19        124        24          148 
    U_S_15_add_63_8                 add_signed_352_1029                            19        124        24          148 
    U_S95_add_63_8                  add_signed_352_1030                            19        124        24          148 
    U_S85_add_63_8                  add_signed_352_1031                            19        124        24          148 
    U_S14_add_90_9                  add_signed_415_953                             19        124        24          148 
    U_S4_add_90_9                   add_signed_425_934                             19        124        24          148 
    U_S_35_add_63_8                 add_signed_352_1027                            18        120        22          142 
  S0[0].U0                          filter_6taps_bit_width10                     1742       9862      4042        13904 
    csa_tree_U_S65_add_90_9_groupi  csa_tree_U_S65_add_90_9_group_133_491          55        355       107          462 
    csa_tree_U_S55_add_90_9_groupi  csa_tree_U_S55_add_90_9_group_138_489          49        354        99          453 
    csa_tree_U_S35_add_90_9_groupi  csa_tree_U_S35_add_90_9_group_147_485          49        349        99          448 
    csa_tree_U_S45_add_90_9_groupi  csa_tree_U_S45_add_90_9_group_143_487          47        337        94          431 
    csa_tree_U_S63_add_90_9_groupi  csa_tree_U_S63_add_90_9_group_1609_490         43        315        82          397 
    csa_tree_U_S12_add_90_9_groupi  csa_tree_U_S12_add_90_9_group_155_481          37        300        75          375 
    csa_tree_U_S84_add_90_9_groupi  csa_tree_U_S84_add_90_9_group_119_493          44        275        76          351 
    csa_tree_U_S94_add_90_9_groupi  csa_tree_U_S94_add_90_9_group_117_494          39        278        71          349 
    csa_tree_U_S_24_add_90_9_groupi csa_tree_U_S_24_add_90_9_group_113_496         38        273        68          341 
    csa_tree_U_S13_add_90_9_groupi  csa_tree_U_S13_add_90_9_group_153_482          37        253        65          317 
    csa_tree_U_S43_add_90_9_groupi  csa_tree_U_S43_add_90_9_group_1619_486         33        248        60          308 
    csa_tree_U_S23_add_90_9_groupi  csa_tree_U_S23_add_90_9_group_1627_483         33        237        58          295 
    csa_tree_U_S25_add_90_9_groupi  csa_tree_U_S25_add_90_9_group_149_484          33        230        60          290 
    csa_tree_U_S53_add_90_9_groupi  csa_tree_U_S53_add_90_9_group_1614_488         32        234        55          289 
    csa_tree_U_S_14_add_90_9_groupi csa_tree_U_S_14_add_90_9_group_115_495         27        221        50          271 
    csa_tree_U_S74_add_90_9_groupi  csa_tree_U_S74_add_90_9_group_121_492          27        222        48          270 
    csa_tree_U_S2_add_90_9_groupi   csa_tree_U_S2_add_90_9_group_165_480           27        214        50          263 
    csa_tree_U_S_40_add_90_9_groupi csa_tree_U_S_40_add_90_9_group_111_497         26        188        43          232 
    U_S_44_add_63_8                 add_signed_375_1051                            19        125        24          149 
    U_S_25_add_63_8                 add_signed_375_1065                            19        124        24          148 
    U_S_15_add_63_8                 add_signed_375_1066                            19        124        24          148 
    U_S95_add_63_8                  add_signed_375_1061_1215                       19        124        24          148 
    U_S85_add_63_8                  add_signed_375                                 19        124        24          148 
    U_S14_add_90_9                  add_signed_438                                 19        124        24          148 
    U_S4_add_90_9                   add_signed_448                                 19        124        24          148 
    U_S_35_add_63_8                 add_signed_375_1064                            18        120        22          142 
  S0[5].U0                          filter_6taps_bit_width10_5                   1746       9858      4045        13903 
    csa_tree_U_S65_add_90_9_groupi  csa_tree_U_S65_add_90_9_group_133_2_471        55        355       107          462 
    csa_tree_U_S55_add_90_9_groupi  csa_tree_U_S55_add_90_9_group_138_2_469        49        354        99          453 
    csa_tree_U_S35_add_90_9_groupi  csa_tree_U_S35_add_90_9_group_147_2_465        49        349        99          448 
    csa_tree_U_S45_add_90_9_groupi  csa_tree_U_S45_add_90_9_group_143_2_467        47        337        94          431 
    csa_tree_U_S63_add_90_9_groupi  csa_tree_U_S63_add_90_9_group_1609_2_470       43        315        82          397 
    csa_tree_U_S12_add_90_9_groupi  csa_tree_U_S12_add_90_9_group_155_2_462        37        300        75          375 
    csa_tree_U_S84_add_90_9_groupi  csa_tree_U_S84_add_90_9_group_119_2_473        44        275        76          351 
    csa_tree_U_S94_add_90_9_groupi  csa_tree_U_S94_add_90_9_group_117_2_474        39        278        71          349 
    csa_tree_U_S_24_add_90_9_groupi csa_tree_U_S_24_add_90_9_group_113_2_476       38        273        68          341 
    csa_tree_U_S13_add_90_9_groupi  csa_tree_U_S13_add_90_9_group_153_2_463        37        253        65          317 
    csa_tree_U_S43_add_90_9_groupi  csa_tree_U_S43_add_90_9_group_1619_2_466       33        248        60          308 
    csa_tree_U_S23_add_90_9_groupi  csa_tree_U_S23_add_90_9_group_1627_1_446_1     32        234        58          292 
    csa_tree_U_S25_add_90_9_groupi  csa_tree_U_S25_add_90_9_group_149_2_464        33        230        60          290 
    csa_tree_U_S53_add_90_9_groupi  csa_tree_U_S53_add_90_9_group_1614_2_468       32        234        55          289 
    csa_tree_U_S_14_add_90_9_groupi csa_tree_U_S_14_add_90_9_group_115_2_475       27        221        50          271 
    csa_tree_U_S74_add_90_9_groupi  csa_tree_U_S74_add_90_9_group_121_2_472        27        222        48          270 
    csa_tree_U_S2_add_90_9_groupi   csa_tree_U_S2_add_90_9_group_165_1_443_1       27        214        50          263 
    csa_tree_U_S_40_add_90_9_groupi csa_tree_U_S_40_add_90_9_group_111_2_477       26        188        43          232 
    U_S_44_add_63_8                 add_signed_357_1031_1220                       19        124        24          148 
    U_S_25_add_63_8                 add_signed_357_1033                            19        124        24          148 
    U_S_15_add_63_8                 add_signed_357_1034                            19        124        24          148 
    U_S95_add_63_8                  add_signed_357_1035                            19        124        24          148 
    U_S85_add_63_8                  add_signed_357_1036                            19        124        24          148 
    U_S14_add_90_9                  add_signed_420_958                             19        124        24          148 
    U_S4_add_90_9                   add_signed_430_939                             19        124        24          148 
    U_S_35_add_63_8                 add_signed_357_1032                            18        120        22          142 
  S0[6].U0                          filter_6taps_bit_width10_6                   1742       9859      4044        13903 
    csa_tree_U_S65_add_90_9_groupi  csa_tree_U_S65_add_90_9_group_133              55        355       107          462 
    csa_tree_U_S55_add_90_9_groupi  csa_tree_U_S55_add_90_9_group_138              49        354        99          453 
    csa_tree_U_S35_add_90_9_groupi  csa_tree_U_S35_add_90_9_group_147              49        349        99          448 
    csa_tree_U_S45_add_90_9_groupi  csa_tree_U_S45_add_90_9_group_143              47        337        94          431 
    csa_tree_U_S63_add_90_9_groupi  csa_tree_U_S63_add_90_9_group_1609             43        315        82          397 
    csa_tree_U_S12_add_90_9_groupi  csa_tree_U_S12_add_90_9_group_155              37        300        75          375 
    csa_tree_U_S84_add_90_9_groupi  csa_tree_U_S84_add_90_9_group_119              44        275        76          351 
    csa_tree_U_S94_add_90_9_groupi  csa_tree_U_S94_add_90_9_group_117              39        278        71          349 
    csa_tree_U_S_24_add_90_9_groupi csa_tree_U_S_24_add_90_9_group_113             38        273        68          341 
    csa_tree_U_S13_add_90_9_groupi  csa_tree_U_S13_add_90_9_group_153              37        253        65          317 
    csa_tree_U_S43_add_90_9_groupi  csa_tree_U_S43_add_90_9_group_1619             33        248        60          308 
    csa_tree_U_S23_add_90_9_groupi  csa_tree_U_S23_add_90_9_group_1627             32        234        58          292 
    csa_tree_U_S25_add_90_9_groupi  csa_tree_U_S25_add_90_9_group_149              33        230        60          290 
    csa_tree_U_S53_add_90_9_groupi  csa_tree_U_S53_add_90_9_group_1614             32        234        55          289 
    csa_tree_U_S_14_add_90_9_groupi csa_tree_U_S_14_add_90_9_group_115             27        221        50          271 
    csa_tree_U_S74_add_90_9_groupi  csa_tree_U_S74_add_90_9_group_121              27        222        48          270 
    csa_tree_U_S2_add_90_9_groupi   csa_tree_U_S2_add_90_9_group_165               27        214        50          263 
    csa_tree_U_S_40_add_90_9_groupi csa_tree_U_S_40_add_90_9_group_111             26        188        43          232 
    U_S_44_add_63_8                 add_signed_245_680                             19        124        24          148 
    U_S_25_add_63_8                 add_signed_245_682                             19        124        24          148 
    U_S_15_add_63_8                 add_signed_245_683                             19        124        24          148 
    U_S95_add_63_8                  add_signed_245_684                             19        124        24          148 
    U_S85_add_63_8                  add_signed_245_320                             19        124        24          148 
    U_S14_add_90_9                  add_signed_308_319                             19        124        24          148 
    U_S4_add_90_9                   add_signed_318_318                             19        124        24          148 
    U_S_35_add_63_8                 add_signed_245_681                             18        120        22          142 
  S0[3].U0                          filter_6taps_bit_width10_3                   1742       9859      4044        13903 
    csa_tree_U_S65_add_90_9_groupi  csa_tree_U_S65_add_90_9_group_133_434          55        355       107          462 
    csa_tree_U_S55_add_90_9_groupi  csa_tree_U_S55_add_90_9_group_138_432          49        354        99          453 
    csa_tree_U_S35_add_90_9_groupi  csa_tree_U_S35_add_90_9_group_147_428          49        349        99          448 
    csa_tree_U_S45_add_90_9_groupi  csa_tree_U_S45_add_90_9_group_143_430          47        337        94          431 
    csa_tree_U_S63_add_90_9_groupi  csa_tree_U_S63_add_90_9_group_1609_433         43        315        82          397 
    csa_tree_U_S12_add_90_9_groupi  csa_tree_U_S12_add_90_9_group_155_424          37        300        75          375 
    csa_tree_U_S84_add_90_9_groupi  csa_tree_U_S84_add_90_9_group_119_436          44        275        76          351 
    csa_tree_U_S94_add_90_9_groupi  csa_tree_U_S94_add_90_9_group_117_437          39        278        71          349 
    csa_tree_U_S_24_add_90_9_groupi csa_tree_U_S_24_add_90_9_group_113_439         38        273        68          341 
    csa_tree_U_S13_add_90_9_groupi  csa_tree_U_S13_add_90_9_group_153_425          37        253        65          317 
    csa_tree_U_S43_add_90_9_groupi  csa_tree_U_S43_add_90_9_group_1619_429         33        248        60          308 
    csa_tree_U_S23_add_90_9_groupi  csa_tree_U_S23_add_90_9_group_1627_426         32        234        58          292 
    csa_tree_U_S25_add_90_9_groupi  csa_tree_U_S25_add_90_9_group_149_427          33        230        60          290 
    csa_tree_U_S53_add_90_9_groupi  csa_tree_U_S53_add_90_9_group_1614_431         32        234        55          289 
    csa_tree_U_S_14_add_90_9_groupi csa_tree_U_S_14_add_90_9_group_115_438         27        221        50          271 
    csa_tree_U_S74_add_90_9_groupi  csa_tree_U_S74_add_90_9_group_121_435          27        222        48          270 
    csa_tree_U_S2_add_90_9_groupi   csa_tree_U_S2_add_90_9_group_165_423           27        214        50          263 
    csa_tree_U_S_40_add_90_9_groupi csa_tree_U_S_40_add_90_9_group_111_440         26        188        43          232 
    U_S_44_add_63_8                 add_signed_357_1043                            19        124        24          148 
    U_S_25_add_63_8                 add_signed_357_1045                            19        124        24          148 
    U_S_15_add_63_8                 add_signed_357_1046                            19        124        24          148 
    U_S95_add_63_8                  add_signed_357_1047_1212                       19        124        24          148 
    U_S85_add_63_8                  add_signed_357                                 19        124        24          148 
    U_S14_add_90_9                  add_signed_420                                 19        124        24          148 
    U_S4_add_90_9                   add_signed_430                                 19        124        24          148 
    U_S_35_add_63_8                 add_signed_357_1044                            18        120        22          142 
  S0[4].U0                          filter_6taps_bit_width10_4                   1742       9860      4043        13903 
    csa_tree_U_S65_add_90_9_groupi  csa_tree_U_S65_add_90_9_group_133_1_454        55        355       107          462 
    csa_tree_U_S55_add_90_9_groupi  csa_tree_U_S55_add_90_9_group_138_1_452        49        354        99          453 
    csa_tree_U_S35_add_90_9_groupi  csa_tree_U_S35_add_90_9_group_147_1_448        49        349        99          448 
    csa_tree_U_S45_add_90_9_groupi  csa_tree_U_S45_add_90_9_group_143_1_450        47        337        94          431 
    csa_tree_U_S63_add_90_9_groupi  csa_tree_U_S63_add_90_9_group_1609_1_453       43        315        82          397 
    csa_tree_U_S12_add_90_9_groupi  csa_tree_U_S12_add_90_9_group_155_1_444        37        300        75          375 
    csa_tree_U_S84_add_90_9_groupi  csa_tree_U_S84_add_90_9_group_119_1_456        44        275        76          351 
    csa_tree_U_S94_add_90_9_groupi  csa_tree_U_S94_add_90_9_group_117_1_457        39        278        71          349 
    csa_tree_U_S_24_add_90_9_groupi csa_tree_U_S_24_add_90_9_group_113_1_458       38        273        68          341 
    csa_tree_U_S13_add_90_9_groupi  csa_tree_U_S13_add_90_9_group_153_1_445        37        253        65          317 
    csa_tree_U_S43_add_90_9_groupi  csa_tree_U_S43_add_90_9_group_1619_1_449       33        248        60          308 
    csa_tree_U_S23_add_90_9_groupi  csa_tree_U_S23_add_90_9_group_1627_1_446       32        234        58          292 
    csa_tree_U_S25_add_90_9_groupi  csa_tree_U_S25_add_90_9_group_149_1_447        33        230        60          290 
    csa_tree_U_S53_add_90_9_groupi  csa_tree_U_S53_add_90_9_group_1614_1_451       32        234        55          289 
    csa_tree_U_S_14_add_90_9_groupi csa_tree_U_S_14_add_90_9_group_115_438_1       27        221        50          271 
    csa_tree_U_S74_add_90_9_groupi  csa_tree_U_S74_add_90_9_group_121_1_455        27        222        48          270 
    csa_tree_U_S2_add_90_9_groupi   csa_tree_U_S2_add_90_9_group_165_1_443         27        214        50          263 
    csa_tree_U_S_40_add_90_9_groupi csa_tree_U_S_40_add_90_9_group_111_1_459       26        188        43          232 
    U_S_44_add_63_8                 add_signed_357_1031                            19        125        24          149 
    U_S_25_add_63_8                 add_signed_357_1039                            19        124        24          148 
    U_S_15_add_63_8                 add_signed_357_1040                            19        124        24          148 
    U_S95_add_63_8                  add_signed_357_1047                            19        124        24          148 
    U_S85_add_63_8                  add_signed_357_1042                            19        124        24          148 
    U_S14_add_90_9                  add_signed_420_959                             19        124        24          148 
    U_S4_add_90_9                   add_signed_430_940                             19        124        24          148 
    U_S_35_add_63_8                 add_signed_357_1038                            18        120        22          142 
  S0[7].U0                          filter_6taps_bit_width10_7                   1745       9859      4042        13902 
    csa_tree_U_S65_add_90_9_groupi  csa_tree_U_S65_add_90_9_group_133_1            55        355       107          462 
    csa_tree_U_S55_add_90_9_groupi  csa_tree_U_S55_add_90_9_group_138_1            49        354        99          453 
    csa_tree_U_S35_add_90_9_groupi  csa_tree_U_S35_add_90_9_group_147_1            49        349        99          448 
    csa_tree_U_S45_add_90_9_groupi  csa_tree_U_S45_add_90_9_group_143_1            47        337        94          431 
    csa_tree_U_S63_add_90_9_groupi  csa_tree_U_S63_add_90_9_group_1609_1           43        315        82          397 
    csa_tree_U_S12_add_90_9_groupi  csa_tree_U_S12_add_90_9_group_155_1            37        300        75          375 
    csa_tree_U_S84_add_90_9_groupi  csa_tree_U_S84_add_90_9_group_119_1            44        275        76          351 
    csa_tree_U_S94_add_90_9_groupi  csa_tree_U_S94_add_90_9_group_117_1            39        278        71          349 
    csa_tree_U_S_24_add_90_9_groupi csa_tree_U_S_24_add_90_9_group_113_1           38        273        68          341 
    csa_tree_U_S13_add_90_9_groupi  csa_tree_U_S13_add_90_9_group_153_1            37        253        65          317 
    csa_tree_U_S43_add_90_9_groupi  csa_tree_U_S43_add_90_9_group_1619_1           33        248        60          308 
    csa_tree_U_S23_add_90_9_groupi  csa_tree_U_S23_add_90_9_group_1627_1           32        234        58          292 
    csa_tree_U_S25_add_90_9_groupi  csa_tree_U_S25_add_90_9_group_149_1            33        230        60          290 
    csa_tree_U_S53_add_90_9_groupi  csa_tree_U_S53_add_90_9_group_1614_1           32        234        55          289 
    csa_tree_U_S_14_add_90_9_groupi csa_tree_U_S_14_add_90_9_group_115_1           27        221        50          271 
    csa_tree_U_S74_add_90_9_groupi  csa_tree_U_S74_add_90_9_group_121_1            27        222        48          270 
    csa_tree_U_S2_add_90_9_groupi   csa_tree_U_S2_add_90_9_group_165_1             27        214        50          263 
    csa_tree_U_S_40_add_90_9_groupi csa_tree_U_S_40_add_90_9_group_111_1           25        189        41          230 
    U_S_44_add_63_8                 add_signed_245_674                             19        124        24          148 
    U_S_25_add_63_8                 add_signed_245_676                             19        124        24          148 
    U_S_15_add_63_8                 add_signed_245_677                             19        124        24          148 
    U_S95_add_63_8                  add_signed_245_678                             19        124        24          148 
    U_S85_add_63_8                  add_signed_245_679                             19        124        24          148 
    U_S14_add_90_9                  add_signed_308_633                             19        124        24          148 
    U_S4_add_90_9                   add_signed_318_622                             19        124        24          148 
    U_S_35_add_63_8                 add_signed_245_675                             18        120        22          142 
  S0[11].U0                         filter_6taps_bit_width10_11                  1742       9858      4044        13901 
    csa_tree_U_S65_add_90_9_groupi  csa_tree_U_S65_add_90_9_group_133_377          55        355       107          462 
    csa_tree_U_S55_add_90_9_groupi  csa_tree_U_S55_add_90_9_group_138_375          49        354        99          453 
    csa_tree_U_S35_add_90_9_groupi  csa_tree_U_S35_add_90_9_group_147_371          49        349        99          448 
    csa_tree_U_S45_add_90_9_groupi  csa_tree_U_S45_add_90_9_group_143_373          47        337        94          431 
    csa_tree_U_S63_add_90_9_groupi  csa_tree_U_S63_add_90_9_group_1609_376         43        315        82          397 
    csa_tree_U_S12_add_90_9_groupi  csa_tree_U_S12_add_90_9_group_155_367          37        300        75          375 
    csa_tree_U_S84_add_90_9_groupi  csa_tree_U_S84_add_90_9_group_119_379          44        275        76          351 
    csa_tree_U_S94_add_90_9_groupi  csa_tree_U_S94_add_90_9_group_117_380          39        278        71          349 
    csa_tree_U_S_24_add_90_9_groupi csa_tree_U_S_24_add_90_9_group_113_382         38        273        68          341 
    csa_tree_U_S13_add_90_9_groupi  csa_tree_U_S13_add_90_9_group_153_368          37        253        65          317 
    csa_tree_U_S43_add_90_9_groupi  csa_tree_U_S43_add_90_9_group_1619_372         33        248        60          308 
    csa_tree_U_S23_add_90_9_groupi  csa_tree_U_S23_add_90_9_group_1627_369         32        234        58          292 
    csa_tree_U_S25_add_90_9_groupi  csa_tree_U_S25_add_90_9_group_149_370          33        230        60          290 
    csa_tree_U_S53_add_90_9_groupi  csa_tree_U_S53_add_90_9_group_1614_374         32        234        55          289 
    csa_tree_U_S_14_add_90_9_groupi csa_tree_U_S_14_add_90_9_group_115_381         27        221        50          271 
    csa_tree_U_S74_add_90_9_groupi  csa_tree_U_S74_add_90_9_group_121_378          27        222        48          270 
    csa_tree_U_S2_add_90_9_groupi   csa_tree_U_S2_add_90_9_group_165_366           27        214        50          263 
    csa_tree_U_S_40_add_90_9_groupi csa_tree_U_S_40_add_90_9_group_111_383         26        188        43          232 
    U_S_44_add_63_8                 add_signed_352_1038                            19        124        24          148 
    U_S_25_add_63_8                 add_signed_352_1040                            19        124        24          148 
    U_S_15_add_63_8                 add_signed_352_1041                            19        124        24          148 
    U_S95_add_63_8                  add_signed_352_1042_1205                       19        124        24          148 
    U_S85_add_63_8                  add_signed_352                                 19        124        24          148 
    U_S14_add_90_9                  add_signed_415                                 19        124        24          148 
    U_S4_add_90_9                   add_signed_425                                 19        124        24          148 
    U_S_35_add_63_8                 add_signed_352_1039                            18        120        22          142 
  S0[12].U0                         filter_6taps_bit_width10_12                  1742       9856      4044        13899 
    csa_tree_U_S65_add_90_9_groupi  csa_tree_U_S65_add_90_9_group_133_1_397        55        355       107          462 
    csa_tree_U_S55_add_90_9_groupi  csa_tree_U_S55_add_90_9_group_138_1_395        49        354        99          453 
    csa_tree_U_S35_add_90_9_groupi  csa_tree_U_S35_add_90_9_group_147_1_391        49        349        99          448 
    csa_tree_U_S45_add_90_9_groupi  csa_tree_U_S45_add_90_9_group_143_1_393        47        337        94          431 
    csa_tree_U_S63_add_90_9_groupi  csa_tree_U_S63_add_90_9_group_1609_1_396       43        315        82          397 
    csa_tree_U_S12_add_90_9_groupi  csa_tree_U_S12_add_90_9_group_155_1_387        37        300        75          375 
    csa_tree_U_S84_add_90_9_groupi  csa_tree_U_S84_add_90_9_group_119_1_399        44        275        76          351 
    csa_tree_U_S94_add_90_9_groupi  csa_tree_U_S94_add_90_9_group_117_1_400        39        278        71          349 
    csa_tree_U_S_24_add_90_9_groupi csa_tree_U_S_24_add_90_9_group_113_1_401       38        273        68          341 
    csa_tree_U_S13_add_90_9_groupi  csa_tree_U_S13_add_90_9_group_153_1_388        37        253        65          317 
    csa_tree_U_S43_add_90_9_groupi  csa_tree_U_S43_add_90_9_group_1619_1_392       33        248        60          308 
    csa_tree_U_S23_add_90_9_groupi  csa_tree_U_S23_add_90_9_group_1627_1_389       32        234        58          292 
    csa_tree_U_S25_add_90_9_groupi  csa_tree_U_S25_add_90_9_group_149_1_390        33        230        60          290 
    csa_tree_U_S53_add_90_9_groupi  csa_tree_U_S53_add_90_9_group_1614_1_394       32        234        55          289 
    csa_tree_U_S_14_add_90_9_groupi csa_tree_U_S_14_add_90_9_group_115_381_1       27        221        50          271 
    csa_tree_U_S74_add_90_9_groupi  csa_tree_U_S74_add_90_9_group_121_1_398        27        222        48          270 
    csa_tree_U_S2_add_90_9_groupi   csa_tree_U_S2_add_90_9_group_165_1_386         27        214        50          263 
    csa_tree_U_S_40_add_90_9_groupi csa_tree_U_S_40_add_90_9_group_111_1_402       26        188        43          232 
    U_S_44_add_63_8                 add_signed_352_1026                            19        124        24          148 
    U_S_25_add_63_8                 add_signed_352_1034                            19        124        24          148 
    U_S_15_add_63_8                 add_signed_352_1035                            19        124        24          148 
    U_S95_add_63_8                  add_signed_352_1042                            19        124        24          148 
    U_S85_add_63_8                  add_signed_352_1037                            19        124        24          148 
    U_S14_add_90_9                  add_signed_415_954                             19        124        24          148 
    U_S4_add_90_9                   add_signed_425_935                             19        124        24          148 
    U_S_35_add_63_8                 add_signed_352_1033                            18        120        22          142 
  S0[15].U0                         filter_6taps_bit_width10_15                  1741       9856      4041        13897 
    csa_tree_U_S65_add_90_9_groupi  csa_tree_U_S65_add_90_9_group_133_1_356        55        355       107          462 
    csa_tree_U_S55_add_90_9_groupi  csa_tree_U_S55_add_90_9_group_138_1_354        49        354        99          453 
    csa_tree_U_S35_add_90_9_groupi  csa_tree_U_S35_add_90_9_group_147_1_350        49        349        99          448 
    csa_tree_U_S45_add_90_9_groupi  csa_tree_U_S45_add_90_9_group_143_1_352        47        337        94          431 
    csa_tree_U_S63_add_90_9_groupi  csa_tree_U_S63_add_90_9_group_1609_1_355       43        315        82          397 
    csa_tree_U_S12_add_90_9_groupi  csa_tree_U_S12_add_90_9_group_155_1_346        37        300        75          375 
    csa_tree_U_S84_add_90_9_groupi  csa_tree_U_S84_add_90_9_group_119_1_358        44        275        76          351 
    csa_tree_U_S94_add_90_9_groupi  csa_tree_U_S94_add_90_9_group_117_1_359        39        278        71          349 
    csa_tree_U_S_24_add_90_9_groupi csa_tree_U_S_24_add_90_9_group_113_1_360       38        273        68          341 
    csa_tree_U_S13_add_90_9_groupi  csa_tree_U_S13_add_90_9_group_153_1_347        37        253        65          317 
    csa_tree_U_S43_add_90_9_groupi  csa_tree_U_S43_add_90_9_group_1619_1_351       33        248        60          308 
    csa_tree_U_S23_add_90_9_groupi  csa_tree_U_S23_add_90_9_group_1627_1_348       32        234        58          292 
    csa_tree_U_S25_add_90_9_groupi  csa_tree_U_S25_add_90_9_group_149_1_349        33        230        60          290 
    csa_tree_U_S53_add_90_9_groupi  csa_tree_U_S53_add_90_9_group_1614_1_353       32        234        55          289 
    csa_tree_U_S_14_add_90_9_groupi csa_tree_U_S_14_add_90_9_group_115_340_1       27        221        50          271 
    csa_tree_U_S74_add_90_9_groupi  csa_tree_U_S74_add_90_9_group_121_1_357        27        222        48          270 
    csa_tree_U_S2_add_90_9_groupi   csa_tree_U_S2_add_90_9_group_165_1_345         27        214        50          263 
    csa_tree_U_S_40_add_90_9_groupi csa_tree_U_S_40_add_90_9_group_111_1_361       26        188        43          232 
    U_S_44_add_63_8                 add_signed_353_1027                            19        124        24          148 
    U_S_25_add_63_8                 add_signed_353_1035                            19        124        24          148 
    U_S_15_add_63_8                 add_signed_353_1036                            19        124        24          148 
    U_S95_add_63_8                  add_signed_353_1043                            19        124        24          148 
    U_S85_add_63_8                  add_signed_353_1038                            19        124        24          148 
    U_S14_add_90_9                  add_signed_416_955                             19        124        24          148 
    U_S4_add_90_9                   add_signed_426_936                             19        124        24          148 
    U_S_35_add_63_8                 add_signed_353_1034                            18        120        22          142 
  S0[1].U0                          filter_6taps_bit_width10_1                   1741       9857      4034        13892 
    csa_tree_U_S65_add_90_9_groupi  csa_tree_U_S65_add_90_9_group_133_1_511        55        355       107          462 
    csa_tree_U_S55_add_90_9_groupi  csa_tree_U_S55_add_90_9_group_138_1_509        49        354        99          453 
    csa_tree_U_S35_add_90_9_groupi  csa_tree_U_S35_add_90_9_group_147_1_505        49        349        99          448 
    csa_tree_U_S45_add_90_9_groupi  csa_tree_U_S45_add_90_9_group_143_1_507        47        337        94          431 
    csa_tree_U_S63_add_90_9_groupi  csa_tree_U_S63_add_90_9_group_1609_1_510       43        315        82          397 
    csa_tree_U_S12_add_90_9_groupi  csa_tree_U_S12_add_90_9_group_155_1_501        37        300        75          375 
    csa_tree_U_S84_add_90_9_groupi  csa_tree_U_S84_add_90_9_group_119_1_513        44        275        76          351 
    csa_tree_U_S94_add_90_9_groupi  csa_tree_U_S94_add_90_9_group_117_1_514        39        278        71          349 
    csa_tree_U_S_24_add_90_9_groupi csa_tree_U_S_24_add_90_9_group_113_1_515       38        273        68          341 
    csa_tree_U_S13_add_90_9_groupi  csa_tree_U_S13_add_90_9_group_153_1_502        37        253        65          317 
    csa_tree_U_S43_add_90_9_groupi  csa_tree_U_S43_add_90_9_group_1619_1_506       33        248        60          308 
    csa_tree_U_S23_add_90_9_groupi  csa_tree_U_S23_add_90_9_group_1627_1_503       32        234        58          292 
    csa_tree_U_S25_add_90_9_groupi  csa_tree_U_S25_add_90_9_group_149_1_504        33        230        60          290 
    csa_tree_U_S53_add_90_9_groupi  csa_tree_U_S53_add_90_9_group_1614_1_508       32        234        55          289 
    csa_tree_U_S_14_add_90_9_groupi csa_tree_U_S_14_add_90_9_group_115_495_1       27        221        50          271 
    csa_tree_U_S74_add_90_9_groupi  csa_tree_U_S74_add_90_9_group_121_1_512        27        222        48          270 
    csa_tree_U_S2_add_90_9_groupi   csa_tree_U_S2_add_90_9_group_165_1_500         27        214        50          263 
    csa_tree_U_S_40_add_90_9_groupi csa_tree_U_S_40_add_90_9_group_111_497_1       26        188        43          232 
    U_S_44_add_63_8                 add_signed_375_1051_1227                       19        125        24          149 
    U_S_25_add_63_8                 add_signed_375_1059                            19        124        24          148 
    U_S_15_add_63_8                 add_signed_375_1060                            19        124        24          148 
    U_S95_add_63_8                  add_signed_375_1061                            19        124        24          148 
    U_S85_add_63_8                  add_signed_375_1062                            19        124        24          148 
    U_S14_add_90_9                  add_signed_438_979                             19        124        24          148 
    U_S4_add_90_9                   add_signed_448_960                             19        124        24          148 
    U_S_35_add_63_8                 add_signed_375_1058                            18        120        22          142 
  S0[10].U0                         filter_6taps_bit_width10_10                  1743       9856      4035        13891 
    csa_tree_U_S65_add_90_9_groupi  csa_tree_U_S65_add_90_9_group_133_579          55        355       107          462 
    csa_tree_U_S55_add_90_9_groupi  csa_tree_U_S55_add_90_9_group_138_577          49        354        99          453 
    csa_tree_U_S35_add_90_9_groupi  csa_tree_U_S35_add_90_9_group_147_573          49        349        99          448 
    csa_tree_U_S45_add_90_9_groupi  csa_tree_U_S45_add_90_9_group_143_575          47        337        94          431 
    csa_tree_U_S63_add_90_9_groupi  csa_tree_U_S63_add_90_9_group_1609_578         43        315        82          397 
    csa_tree_U_S12_add_90_9_groupi  csa_tree_U_S12_add_90_9_group_155_571          37        300        75          375 
    csa_tree_U_S84_add_90_9_groupi  csa_tree_U_S84_add_90_9_group_119_581          44        275        76          351 
    csa_tree_U_S94_add_90_9_groupi  csa_tree_U_S94_add_90_9_group_117_582          39        278        71          349 
    csa_tree_U_S_24_add_90_9_groupi csa_tree_U_S_24_add_90_9_group_113_583         38        273        68          341 
    csa_tree_U_S13_add_90_9_groupi  csa_tree_U_S13_add_90_9_group_153_572          37        253        65          317 
    csa_tree_U_S43_add_90_9_groupi  csa_tree_U_S43_add_90_9_group_1619_574         33        248        60          308 
    csa_tree_U_S23_add_90_9_groupi  csa_tree_U_S23_add_90_9_group_1627_539_2       33        237        58          294 
    csa_tree_U_S25_add_90_9_groupi  csa_tree_U_S25_add_90_9_group_149_540_2        33        230        60          290 
    csa_tree_U_S53_add_90_9_groupi  csa_tree_U_S53_add_90_9_group_1614_576         32        234        55          289 
    csa_tree_U_S_14_add_90_9_groupi csa_tree_U_S_14_add_90_9_group_115_551_2       27        221        50          271 
    csa_tree_U_S74_add_90_9_groupi  csa_tree_U_S74_add_90_9_group_121_580          27        222        48          270 
    csa_tree_U_S2_add_90_9_groupi   csa_tree_U_S2_add_90_9_group_165_536_2         27        214        50          263 
    csa_tree_U_S_40_add_90_9_groupi csa_tree_U_S_40_add_90_9_group_111_553_2       25        189        41          230 
    U_S_44_add_63_8                 add_signed_358_1032_1221                       19        124        24          148 
    U_S_25_add_63_8                 add_signed_358_1046                            19        124        24          148 
    U_S_15_add_63_8                 add_signed_358_1047                            19        124        24          148 
    U_S95_add_63_8                  add_signed_358_1048                            19        124        24          148 
    U_S85_add_63_8                  add_signed_358                                 19        124        24          148 
    U_S14_add_90_9                  add_signed_421                                 19        124        24          148 
    U_S4_add_90_9                   add_signed_431                                 19        124        24          148 
    U_S_35_add_63_8                 add_signed_358_1033_1223                       18        120        22          142 
  S0[9].U0                          filter_6taps_bit_width10_9                   1743       9856      4035        13891 
    csa_tree_U_S65_add_90_9_groupi  csa_tree_U_S65_add_90_9_group_133_2_564        55        355       107          462 
    csa_tree_U_S55_add_90_9_groupi  csa_tree_U_S55_add_90_9_group_138_2_562        49        354        99          453 
    csa_tree_U_S35_add_90_9_groupi  csa_tree_U_S35_add_90_9_group_147_2_558        49        349        99          448 
    csa_tree_U_S45_add_90_9_groupi  csa_tree_U_S45_add_90_9_group_143_2_560        47        337        94          431 
    csa_tree_U_S63_add_90_9_groupi  csa_tree_U_S63_add_90_9_group_1609_2_563       43        315        82          397 
    csa_tree_U_S12_add_90_9_groupi  csa_tree_U_S12_add_90_9_group_155_2_556        37        300        75          375 
    csa_tree_U_S84_add_90_9_groupi  csa_tree_U_S84_add_90_9_group_119_2_566        44        275        76          351 
    csa_tree_U_S94_add_90_9_groupi  csa_tree_U_S94_add_90_9_group_117_2_567        39        278        71          349 
    csa_tree_U_S_24_add_90_9_groupi csa_tree_U_S_24_add_90_9_group_113_2_568       38        273        68          341 
    csa_tree_U_S13_add_90_9_groupi  csa_tree_U_S13_add_90_9_group_153_2_557        37        253        65          317 
    csa_tree_U_S43_add_90_9_groupi  csa_tree_U_S43_add_90_9_group_1619_2_559       33        248        60          308 
    csa_tree_U_S23_add_90_9_groupi  csa_tree_U_S23_add_90_9_group_1627_539_1       33        237        58          294 
    csa_tree_U_S25_add_90_9_groupi  csa_tree_U_S25_add_90_9_group_149_540_1        33        230        60          290 
    csa_tree_U_S53_add_90_9_groupi  csa_tree_U_S53_add_90_9_group_1614_2_561       32        234        55          289 
    csa_tree_U_S_14_add_90_9_groupi csa_tree_U_S_14_add_90_9_group_115_551_1       27        221        50          271 
    csa_tree_U_S74_add_90_9_groupi  csa_tree_U_S74_add_90_9_group_121_2_565        27        222        48          270 
    csa_tree_U_S2_add_90_9_groupi   csa_tree_U_S2_add_90_9_group_165_536_1         27        214        50          263 
    csa_tree_U_S_40_add_90_9_groupi csa_tree_U_S_40_add_90_9_group_111_553_1       25        189        41          230 
    U_S_44_add_63_8                 add_signed_358_1032_1222                       19        124        24          148 
    U_S_25_add_63_8                 add_signed_358_1046_1209                       19        124        24          148 
    U_S_15_add_63_8                 add_signed_358_1047_1207                       19        124        24          148 
    U_S95_add_63_8                  add_signed_358_1048_1214                       19        124        24          148 
    U_S85_add_63_8                  add_signed_358_1211                            19        124        24          148 
    U_S14_add_90_9                  add_signed_421_1218                            19        124        24          148 
    U_S4_add_90_9                   add_signed_431_1204                            19        124        24          148 
    U_S_35_add_63_8                 add_signed_358_1033_1224                       18        120        22          142 
  S0[8].U0                          filter_6taps_bit_width10_8                   1743       9856      4035        13891 
    csa_tree_U_S65_add_90_9_groupi  csa_tree_U_S65_add_90_9_group_133_1_547        55        355       107          462 
    csa_tree_U_S55_add_90_9_groupi  csa_tree_U_S55_add_90_9_group_138_1_545        49        354        99          453 
    csa_tree_U_S35_add_90_9_groupi  csa_tree_U_S35_add_90_9_group_147_1_541        49        349        99          448 
    csa_tree_U_S45_add_90_9_groupi  csa_tree_U_S45_add_90_9_group_143_1_543        47        337        94          431 
    csa_tree_U_S63_add_90_9_groupi  csa_tree_U_S63_add_90_9_group_1609_1_546       43        315        82          397 
    csa_tree_U_S12_add_90_9_groupi  csa_tree_U_S12_add_90_9_group_155_1_537        37        300        75          375 
    csa_tree_U_S84_add_90_9_groupi  csa_tree_U_S84_add_90_9_group_119_1_549        44        275        76          351 
    csa_tree_U_S94_add_90_9_groupi  csa_tree_U_S94_add_90_9_group_117_1_550        39        278        71          349 
    csa_tree_U_S_24_add_90_9_groupi csa_tree_U_S_24_add_90_9_group_113_1_552       38        273        68          341 
    csa_tree_U_S13_add_90_9_groupi  csa_tree_U_S13_add_90_9_group_153_1_538        37        253        65          317 
    csa_tree_U_S43_add_90_9_groupi  csa_tree_U_S43_add_90_9_group_1619_1_542       33        248        60          308 
    csa_tree_U_S23_add_90_9_groupi  csa_tree_U_S23_add_90_9_group_1627_539         33        237        58          294 
    csa_tree_U_S25_add_90_9_groupi  csa_tree_U_S25_add_90_9_group_149_540          33        230        60          290 
    csa_tree_U_S53_add_90_9_groupi  csa_tree_U_S53_add_90_9_group_1614_1_544       32        234        55          289 
    csa_tree_U_S_14_add_90_9_groupi csa_tree_U_S_14_add_90_9_group_115_551         27        221        50          271 
    csa_tree_U_S74_add_90_9_groupi  csa_tree_U_S74_add_90_9_group_121_1_548        27        222        48          270 
    csa_tree_U_S2_add_90_9_groupi   csa_tree_U_S2_add_90_9_group_165_536           27        214        50          263 
    csa_tree_U_S_40_add_90_9_groupi csa_tree_U_S_40_add_90_9_group_111_553         25        189        41          230 
    U_S_44_add_63_8                 add_signed_358_1032                            19        124        24          148 
    U_S_25_add_63_8                 add_signed_358_1046_1208                       19        124        24          148 
    U_S_15_add_63_8                 add_signed_358_1047_1206                       19        124        24          148 
    U_S95_add_63_8                  add_signed_358_1048_1213                       19        124        24          148 
    U_S85_add_63_8                  add_signed_358_1210                            19        124        24          148 
    U_S14_add_90_9                  add_signed_421_1217                            19        124        24          148 
    U_S4_add_90_9                   add_signed_431_1203                            19        124        24          148 
    U_S_35_add_63_8                 add_signed_358_1033                            18        120        22          142 
  S0[2].U0                          filter_6taps_bit_width10_2                   1742       9853      4030        13883 
    csa_tree_U_S65_add_90_9_groupi  csa_tree_U_S65_add_90_9_group_133_2_527        55        355       107          462 
    csa_tree_U_S55_add_90_9_groupi  csa_tree_U_S55_add_90_9_group_138_2_525        49        354        99          453 
    csa_tree_U_S35_add_90_9_groupi  csa_tree_U_S35_add_90_9_group_147_2_521        49        349        99          448 
    csa_tree_U_S45_add_90_9_groupi  csa_tree_U_S45_add_90_9_group_143_2_523        47        337        94          431 
    csa_tree_U_S63_add_90_9_groupi  csa_tree_U_S63_add_90_9_group_1609_2_526       43        315        82          397 
    csa_tree_U_S12_add_90_9_groupi  csa_tree_U_S12_add_90_9_group_155_2_518        37        300        75          375 
    csa_tree_U_S84_add_90_9_groupi  csa_tree_U_S84_add_90_9_group_119_2_529        44        275        76          351 
    csa_tree_U_S94_add_90_9_groupi  csa_tree_U_S94_add_90_9_group_117_2_530        39        278        71          349 
    csa_tree_U_S_24_add_90_9_groupi csa_tree_U_S_24_add_90_9_group_113_2_532       38        273        68          341 
    csa_tree_U_S13_add_90_9_groupi  csa_tree_U_S13_add_90_9_group_153_2_519        37        253        65          317 
    csa_tree_U_S43_add_90_9_groupi  csa_tree_U_S43_add_90_9_group_1619_2_522       33        248        60          308 
    csa_tree_U_S23_add_90_9_groupi  csa_tree_U_S23_add_90_9_group_1627_1_503_1     32        234        58          292 
    csa_tree_U_S25_add_90_9_groupi  csa_tree_U_S25_add_90_9_group_149_2_520        33        230        60          290 
    csa_tree_U_S53_add_90_9_groupi  csa_tree_U_S53_add_90_9_group_1614_2_524       32        234        55          289 
    csa_tree_U_S_14_add_90_9_groupi csa_tree_U_S_14_add_90_9_group_115_2_531       27        221        50          271 
    csa_tree_U_S74_add_90_9_groupi  csa_tree_U_S74_add_90_9_group_121_2_528        27        222        48          270 
    csa_tree_U_S2_add_90_9_groupi   csa_tree_U_S2_add_90_9_group_165_1_500_1       27        214        50          263 
    csa_tree_U_S_40_add_90_9_groupi csa_tree_U_S_40_add_90_9_group_111_2_533       26        188        43          232 
    U_S_44_add_63_8                 add_signed_375_1051_1226                       19        124        24          148 
    U_S_25_add_63_8                 add_signed_375_1053                            19        124        24          148 
    U_S_15_add_63_8                 add_signed_375_1054                            19        124        24          148 
    U_S95_add_63_8                  add_signed_375_1055                            19        124        24          148 
    U_S85_add_63_8                  add_signed_375_1056                            19        124        24          148 
    U_S14_add_90_9                  add_signed_438_978                             19        124        24          148 
    U_S4_add_90_9                   add_signed_448_959                             19        124        24          148 
    U_S_35_add_63_8                 add_signed_375_1052                            18        120        22          142 
  S0[14].U0                         filter_6taps_bit_width10_14                  1738       9852      4030        13882 
    csa_tree_U_S65_add_90_9_groupi  csa_tree_U_S65_add_90_9_group_133_336          55        355       107          462 
    csa_tree_U_S55_add_90_9_groupi  csa_tree_U_S55_add_90_9_group_138_334          49        354        99          453 
    csa_tree_U_S35_add_90_9_groupi  csa_tree_U_S35_add_90_9_group_147_330          49        349        99          448 
    csa_tree_U_S45_add_90_9_groupi  csa_tree_U_S45_add_90_9_group_143_332          47        337        94          431 
    csa_tree_U_S63_add_90_9_groupi  csa_tree_U_S63_add_90_9_group_1609_335         43        315        82          397 
    csa_tree_U_S12_add_90_9_groupi  csa_tree_U_S12_add_90_9_group_155_326          37        300        75          375 
    csa_tree_U_S84_add_90_9_groupi  csa_tree_U_S84_add_90_9_group_119_338          44        275        76          351 
    csa_tree_U_S94_add_90_9_groupi  csa_tree_U_S94_add_90_9_group_117_339          39        278        71          349 
    csa_tree_U_S_24_add_90_9_groupi csa_tree_U_S_24_add_90_9_group_113_341         38        273        68          341 
    csa_tree_U_S13_add_90_9_groupi  csa_tree_U_S13_add_90_9_group_153_327          37        253        65          317 
    csa_tree_U_S43_add_90_9_groupi  csa_tree_U_S43_add_90_9_group_1619_331         33        248        60          308 
    csa_tree_U_S23_add_90_9_groupi  csa_tree_U_S23_add_90_9_group_1627_328         33        237        58          295 
    csa_tree_U_S25_add_90_9_groupi  csa_tree_U_S25_add_90_9_group_149_329          33        230        60          290 
    csa_tree_U_S53_add_90_9_groupi  csa_tree_U_S53_add_90_9_group_1614_333         32        234        55          289 
    csa_tree_U_S_14_add_90_9_groupi csa_tree_U_S_14_add_90_9_group_115_340         27        221        50          271 
    csa_tree_U_S74_add_90_9_groupi  csa_tree_U_S74_add_90_9_group_121_337          27        222        48          270 
    csa_tree_U_S2_add_90_9_groupi   csa_tree_U_S2_add_90_9_group_165_325           27        214        50          263 
    csa_tree_U_S_40_add_90_9_groupi csa_tree_U_S_40_add_90_9_group_111_342         26        188        43          232 
    U_S_44_add_63_8                 add_signed_353_1039                            19        124        24          148 
    U_S_25_add_63_8                 add_signed_353_1041                            19        124        24          148 
    U_S_15_add_63_8                 add_signed_353_1042                            19        124        24          148 
    U_S95_add_63_8                  add_signed_353_1043_1216                       19        124        24          148 
    U_S85_add_63_8                  add_signed_353                                 19        124        24          148 
    U_S14_add_90_9                  add_signed_416                                 19        124        24          148 
    U_S4_add_90_9                   add_signed_426                                 19        124        24          148 
    U_S_35_add_63_8                 add_signed_353_1040                            18        120        22          142 
