============================================================
  Generated by:           Genus(TM) Synthesis Solution 17.10-p007_1
  Generated on:           Feb 20 2020  11:55:50 pm
  Module:                 filter_regular
  Technology libraries:   CORE65LPSVT 
                          CLOCK65LPSVT 
                          physical_cells 
  Operating conditions:   _nominal_ 
  Interconnect mode:      global
  Area mode:              physical library
============================================================

                                     Leakage   Internal    Net        Dynamic          Total       
                                                                  (Internal+Net) (Leakage+Dynamic) 
           Instance           Cells Power(uW) Power(uW) Power(uW)    Power(uW)       Power(uW)     
---------------------------------------------------------------------------------------------------
filter_regular                32974   180.865 20771.656 15821.666      36593.321         36774.187 
  S0[9].U0                     1743     8.523   635.785   783.709       1419.494          1428.017 
    csa_tree_U..d_90_9_groupi    55     0.270    35.102    35.795         70.897            71.166 
    csa_tree_U..d_90_9_groupi    49     0.262    35.255    35.305         70.560            70.822 
    csa_tree_U..d_90_9_groupi    49     0.258    33.588    33.434         67.022            67.279 
    csa_tree_U..d_90_9_groupi    47     0.251    32.070    31.636         63.706            63.957 
    csa_tree_U..d_90_9_groupi    43     0.229    19.092    21.195         40.287            40.515 
    csa_tree_U..d_90_9_groupi    37     0.216    16.800    19.206         36.007            36.222 
    csa_tree_U..d_90_9_groupi    44     0.212    16.623    19.326         35.949            36.162 
    csa_tree_U..d_90_9_groupi    39     0.207    16.853    18.563         35.416            35.624 
    csa_tree_U..d_90_9_groupi    37     0.204    11.617    12.840         24.458            24.662 
    csa_tree_U..d_90_9_groupi    38     0.202    16.899    18.925         35.824            36.026 
    csa_tree_U..d_90_9_groupi    33     0.183    16.397    21.047         37.445            37.628 
    csa_tree_U..d_90_9_groupi    33     0.180    15.444    17.222         32.666            32.846 
    csa_tree_U..d_90_9_groupi    33     0.171    18.028    17.002         35.030            35.201 
    csa_tree_U..d_90_9_groupi    32     0.170    15.967    18.071         34.038            34.209 
    csa_tree_U..d_90_9_groupi    27     0.158    14.081    14.844         28.924            29.082 
    csa_tree_U..d_90_9_groupi    27     0.157    12.297    13.915         26.212            26.368 
    csa_tree_U..d_90_9_groupi    27     0.154    12.639    13.894         26.533            26.687 
    csa_tree_U..d_90_9_groupi    25     0.138     7.126     7.506         14.631            14.769 
    U_S_25_add_63_8              19     0.096    13.426    11.351         24.778            24.874 
    U_S95_add_63_8               19     0.096    12.604    10.707         23.311            23.407 
    U_S_15_add_63_8              19     0.096    11.340     9.373         20.712            20.808 
    U_S14_add_90_9               19     0.095    11.350     9.847         21.197            21.293 
    U_S85_add_63_8               19     0.095    12.157    10.044         22.201            22.296 
    U_S_44_add_63_8              19     0.095    10.436     8.830         19.266            19.361 
    U_S4_add_90_9                19     0.095     9.148     7.956         17.104            17.199 
    U_S_35_add_63_8              18     0.091    10.539     8.896         19.435            19.526 
  S0[0].U0                     1742     8.520   675.123   822.286       1497.409          1505.929 
    csa_tree_U..d_90_9_groupi    55     0.270    37.712    38.361         76.073            76.342 
    csa_tree_U..d_90_9_groupi    49     0.262    35.450    35.397         70.847            71.109 
    csa_tree_U..d_90_9_groupi    49     0.258    38.292    37.764         76.056            76.313 
    csa_tree_U..d_90_9_groupi    47     0.250    37.198    36.754         73.951            74.202 
    csa_tree_U..d_90_9_groupi    43     0.228    20.100    22.219         42.320            42.547 
    csa_tree_U..d_90_9_groupi    37     0.215    18.646    20.713         39.359            39.574 
    csa_tree_U..d_90_9_groupi    44     0.212    16.840    19.571         36.411            36.623 
    csa_tree_U..d_90_9_groupi    39     0.207    17.103    18.926         36.028            36.235 
    csa_tree_U..d_90_9_groupi    37     0.204    11.797    12.937         24.734            24.938 
    csa_tree_U..d_90_9_groupi    38     0.201    17.953    19.827         37.781            37.982 
    csa_tree_U..d_90_9_groupi    33     0.186    17.028    21.547         38.575            38.760 
    csa_tree_U..d_90_9_groupi    33     0.180    16.876    18.673         35.549            35.729 
    csa_tree_U..d_90_9_groupi    33     0.171    20.814    19.625         40.439            40.610 
    csa_tree_U..d_90_9_groupi    32     0.170    15.597    17.473         33.070            33.240 
    csa_tree_U..d_90_9_groupi    27     0.159    14.336    15.677         30.013            30.172 
    csa_tree_U..d_90_9_groupi    27     0.157    13.599    14.887         28.486            28.643 
    csa_tree_U..d_90_9_groupi    27     0.154    12.720    13.976         26.696            26.849 
    csa_tree_U..d_90_9_groupi    26     0.137     8.508     9.238         17.746            17.883 
    U_S_44_add_63_8              19     0.101    12.024    10.097         22.121            22.223 
    U_S95_add_63_8               19     0.096    13.311    11.354         24.666            24.762 
    U_S4_add_90_9                19     0.096     9.201     7.651         16.852            16.948 
    U_S_15_add_63_8              19     0.096    12.400    10.235         22.635            22.730 
    U_S_25_add_63_8              19     0.096    13.039    10.929         23.967            24.063 
    U_S85_add_63_8               19     0.096    13.064    11.005         24.069            24.165 
    U_S14_add_90_9               19     0.095    11.209     9.412         20.621            20.716 
    U_S_35_add_63_8              18     0.091    12.510    10.525         23.035            23.126 
  S0[14].U0                    1738     8.518   638.218   780.140       1418.358          1426.876 
    csa_tree_U..d_90_9_groupi    55     0.270    36.533    37.201         73.734            74.004 
    csa_tree_U..d_90_9_groupi    49     0.262    34.791    34.790         69.581            69.843 
    csa_tree_U..d_90_9_groupi    49     0.257    34.991    34.691         69.682            69.940 
    csa_tree_U..d_90_9_groupi    47     0.250    33.761    33.373         67.134            67.384 
    csa_tree_U..d_90_9_groupi    43     0.228    20.026    22.108         42.134            42.362 
    csa_tree_U..d_90_9_groupi    37     0.216    17.647    19.724         37.371            37.586 
    csa_tree_U..d_90_9_groupi    44     0.212    16.103    18.607         34.710            34.922 
    csa_tree_U..d_90_9_groupi    39     0.207    16.028    17.827         33.855            34.063 
    csa_tree_U..d_90_9_groupi    37     0.205    11.727    12.841         24.568            24.772 
    csa_tree_U..d_90_9_groupi    38     0.202    16.557    18.385         34.943            35.144 
    csa_tree_U..d_90_9_groupi    33     0.185    14.985    19.384         34.369            34.554 
    csa_tree_U..d_90_9_groupi    33     0.180    15.524    17.327         32.852            33.032 
    csa_tree_U..d_90_9_groupi    33     0.171    18.771    17.772         36.543            36.714 
    csa_tree_U..d_90_9_groupi    32     0.170    15.743    17.499         33.241            33.411 
    csa_tree_U..d_90_9_groupi    27     0.159    12.990    14.362         27.352            27.510 
    csa_tree_U..d_90_9_groupi    27     0.156    12.426    13.696         26.122            26.278 
    csa_tree_U..d_90_9_groupi    27     0.154    12.052    13.267         25.320            25.474 
    csa_tree_U..d_90_9_groupi    26     0.137     7.530     8.197         15.727            15.864 
    U_S4_add_90_9                19     0.096     8.826     7.535         16.361            16.457 
    U_S14_add_90_9               19     0.096    10.117     8.638         18.755            18.851 
    U_S_25_add_63_8              19     0.096    13.790    11.600         25.390            25.486 
    U_S95_add_63_8               19     0.096    12.715    10.845         23.559            23.655 
    U_S_15_add_63_8              19     0.096    12.007     9.959         21.966            22.061 
    U_S_44_add_63_8              19     0.095    12.058    10.221         22.279            22.375 
    U_S85_add_63_8               19     0.095    12.970    10.976         23.945            24.041 
    U_S_35_add_63_8              18     0.091    11.825     9.920         21.744            21.836 
  S0[16].U0                    1750     8.515   647.340   793.576       1440.916          1449.430 
    csa_tree_U..d_90_9_groupi    55     0.270    37.251    38.189         75.440            75.709 
    csa_tree_U..d_90_9_groupi    49     0.262    34.613    34.778         69.391            69.654 
    csa_tree_U..d_90_9_groupi    49     0.258    35.439    35.076         70.516            70.774 
    csa_tree_U..d_90_9_groupi    47     0.251    35.496    34.694         70.190            70.441 
    csa_tree_U..d_90_9_groupi    43     0.228    20.592    22.815         43.407            43.635 
    csa_tree_U..d_90_9_groupi    37     0.215    17.349    19.631         36.979            37.195 
    csa_tree_U..d_90_9_groupi    44     0.212    14.709    17.152         31.861            32.073 
    csa_tree_U..d_90_9_groupi    39     0.207    14.519    16.246         30.766            30.973 
    csa_tree_U..d_90_9_groupi    37     0.204    11.642    12.878         24.519            24.723 
    csa_tree_U..d_90_9_groupi    38     0.202    16.369    18.273         34.641            34.843 
    csa_tree_U..d_90_9_groupi    33     0.180    16.197    17.893         34.089            34.270 
    csa_tree_U..d_90_9_groupi    33     0.171    19.319    18.323         37.642            37.813 
    csa_tree_U..d_90_9_groupi    32     0.171    15.637    20.726         36.363            36.533 
    csa_tree_U..d_90_9_groupi    32     0.170    14.462    16.235         30.697            30.867 
    csa_tree_U..d_90_9_groupi    27     0.159    13.541    14.906         28.447            28.606 
    csa_tree_U..d_90_9_groupi    27     0.157    13.968    15.466         29.434            29.591 
    csa_tree_U..d_90_9_groupi    27     0.155    12.338    13.597         25.935            26.089 
    csa_tree_U..d_90_9_groupi    26     0.137     8.097     8.779         16.877            17.014 
    U_S95_add_63_8               19     0.096    12.011     9.953         21.964            22.060 
    U_S_15_add_63_8              19     0.096    11.600     9.723         21.323            21.419 
    U_S_25_add_63_8              19     0.096    13.718    11.604         25.322            25.418 
    U_S85_add_63_8               19     0.096    11.982    10.012         21.994            22.090 
    U_S_44_add_63_8              19     0.096    10.715     8.993         19.708            19.804 
    U_S14_add_90_9               19     0.095    10.247     8.756         19.003            19.098 
    U_S4_add_90_9                19     0.095    10.311     8.726         19.036            19.131 
    U_S_35_add_63_8              18     0.091    11.706     9.984         21.690            21.782 
  S0[10].U0                    1743     8.514   633.832   775.559       1409.391          1417.904 
    csa_tree_U..d_90_9_groupi    55     0.269    37.511    38.058         75.569            75.838 
    csa_tree_U..d_90_9_groupi    49     0.262    35.009    35.499         70.508            70.770 
    csa_tree_U..d_90_9_groupi    49     0.257    34.864    34.847         69.711            69.969 
    csa_tree_U..d_90_9_groupi    47     0.250    33.163    32.905         66.068            66.318 
    csa_tree_U..d_90_9_groupi    43     0.228    20.904    23.109         44.013            44.242 
    csa_tree_U..d_90_9_groupi    37     0.216    17.805    20.010         37.815            38.031 
    csa_tree_U..d_90_9_groupi    44     0.212    15.524    18.242         33.766            33.978 
    csa_tree_U..d_90_9_groupi    39     0.207    14.537    16.113         30.650            30.857 
    csa_tree_U..d_90_9_groupi    37     0.204     9.829    10.892         20.721            20.925 
    csa_tree_U..d_90_9_groupi    38     0.202    15.366    17.144         32.510            32.712 
    csa_tree_U..d_90_9_groupi    33     0.183    17.111    22.728         39.840            40.023 
    csa_tree_U..d_90_9_groupi    33     0.180    16.272    18.100         34.372            34.552 
    csa_tree_U..d_90_9_groupi    33     0.171    18.932    18.018         36.951            37.121 
    csa_tree_U..d_90_9_groupi    32     0.170    16.537    18.757         35.294            35.464 
    csa_tree_U..d_90_9_groupi    27     0.158    12.654    13.365         26.018            26.177 
    csa_tree_U..d_90_9_groupi    27     0.157    12.969    14.494         27.463            27.619 
    csa_tree_U..d_90_9_groupi    27     0.154    11.620    12.822         24.441            24.596 
    csa_tree_U..d_90_9_groupi    25     0.138     6.968     7.432         14.400            14.539 
    U_S85_add_63_8               19     0.096    12.959    10.998         23.958            24.053 
    U_S95_add_63_8               19     0.096    12.352    10.507         22.859            22.955 
    U_S_25_add_63_8              19     0.096    13.657    11.340         24.997            25.093 
    U_S_15_add_63_8              19     0.095    12.289    10.271         22.560            22.655 
    U_S14_add_90_9               19     0.095    10.886     9.155         20.042            20.137 
    U_S4_add_90_9                19     0.095     9.527     8.074         17.601            17.696 
    U_S_44_add_63_8              19     0.095    10.306     8.725         19.031            19.126 
    U_S_35_add_63_8              18     0.091    11.205     9.373         20.578            20.669 
  S0[8].U0                     1743     8.513   647.866   794.920       1442.787          1451.300 
    csa_tree_U..d_90_9_groupi    55     0.269    36.010    36.833         72.843            73.112 
    csa_tree_U..d_90_9_groupi    49     0.262    34.635    34.491         69.126            69.388 
    csa_tree_U..d_90_9_groupi    49     0.257    33.469    33.427         66.896            67.153 
    csa_tree_U..d_90_9_groupi    47     0.250    31.530    30.890         62.420            62.670 
    csa_tree_U..d_90_9_groupi    43     0.228    21.812    24.231         46.043            46.271 
    csa_tree_U..d_90_9_groupi    37     0.215    17.871    20.227         38.097            38.313 
    csa_tree_U..d_90_9_groupi    44     0.212    15.317    17.986         33.303            33.516 
    csa_tree_U..d_90_9_groupi    39     0.207    16.437    18.352         34.789            34.996 
    csa_tree_U..d_90_9_groupi    37     0.204    11.104    12.201         23.305            23.509 
    csa_tree_U..d_90_9_groupi    38     0.202    16.596    18.359         34.954            35.156 
    csa_tree_U..d_90_9_groupi    33     0.183    16.788    21.522         38.310            38.493 
    csa_tree_U..d_90_9_groupi    33     0.179    17.987    19.823         37.810            37.989 
    csa_tree_U..d_90_9_groupi    33     0.171    19.258    18.386         37.644            37.815 
    csa_tree_U..d_90_9_groupi    32     0.170    16.174    18.097         34.270            34.440 
    csa_tree_U..d_90_9_groupi    27     0.158    13.849    14.656         28.505            28.663 
    csa_tree_U..d_90_9_groupi    27     0.157    13.395    15.024         28.420            28.576 
    csa_tree_U..d_90_9_groupi    27     0.154    12.304    13.545         25.848            26.002 
    csa_tree_U..d_90_9_groupi    25     0.138     6.921     7.218         14.139            14.277 
    U_S_25_add_63_8              19     0.096    13.592    11.759         25.351            25.447 
    U_S85_add_63_8               19     0.096    12.552    10.632         23.184            23.280 
    U_S_15_add_63_8              19     0.096    12.543    10.592         23.135            23.231 
    U_S95_add_63_8               19     0.096    13.017    11.120         24.137            24.233 
    U_S_44_add_63_8              19     0.096    10.187     8.573         18.760            18.856 
    U_S4_add_90_9                19     0.095     9.515     7.920         17.434            17.529 
    U_S14_add_90_9               19     0.095    11.049     9.315         20.364            20.459 
    U_S_35_add_63_8              18     0.091    12.137    10.475         22.612            22.703 
  S0[13].U0                    1749     8.512   628.420   771.185       1399.605          1408.116 
    csa_tree_U..d_90_9_groupi    55     0.269    34.121    34.848         68.969            69.238 
    csa_tree_U..d_90_9_groupi    49     0.262    32.889    33.000         65.889            66.151 
    csa_tree_U..d_90_9_groupi    49     0.257    33.188    33.043         66.231            66.488 
    csa_tree_U..d_90_9_groupi    47     0.251    31.620    31.041         62.661            62.912 
    csa_tree_U..d_90_9_groupi    43     0.228    20.023    22.325         42.348            42.576 
    csa_tree_U..d_90_9_groupi    37     0.215    18.434    20.634         39.068            39.283 
    csa_tree_U..d_90_9_groupi    44     0.212    15.064    17.584         32.648            32.860 
    csa_tree_U..d_90_9_groupi    39     0.207    15.609    17.240         32.849            33.056 
    csa_tree_U..d_90_9_groupi    37     0.204    10.647    11.772         22.420            22.623 
    csa_tree_U..d_90_9_groupi    38     0.202    16.064    17.652         33.716            33.918 
    csa_tree_U..d_90_9_groupi    33     0.180    15.811    17.715         33.526            33.705 
    csa_tree_U..d_90_9_groupi    33     0.171    18.334    17.408         35.742            35.914 
    csa_tree_U..d_90_9_groupi    32     0.170    15.545    20.870         36.415            36.585 
    csa_tree_U..d_90_9_groupi    32     0.170    15.148    17.169         32.317            32.487 
    csa_tree_U..d_90_9_groupi    27     0.158    12.770    14.153         26.923            27.081 
    csa_tree_U..d_90_9_groupi    27     0.157    13.612    15.192         28.805            28.961 
    csa_tree_U..d_90_9_groupi    27     0.154    13.051    14.436         27.487            27.642 
    csa_tree_U..d_90_9_groupi    26     0.137     7.441     8.081         15.522            15.659 
    U_S4_add_90_9                19     0.096    10.096     8.493         18.589            18.685 
    U_S14_add_90_9               19     0.095    11.010     9.291         20.301            20.397 
    U_S_25_add_63_8              19     0.095    12.895    10.940         23.836            23.931 
    U_S_15_add_63_8              19     0.095    12.534    10.562         23.096            23.191 
    U_S95_add_63_8               19     0.095    12.494    10.468         22.962            23.057 
    U_S_44_add_63_8              19     0.095    10.592     9.062         19.654            19.749 
    U_S85_add_63_8               19     0.095    12.935    10.956         23.890            23.985 
    U_S_35_add_63_8              18     0.091    11.024     9.283         20.307            20.398 
  S0[1].U0                     1741     8.512   690.736   841.517       1532.253          1540.765 
    csa_tree_U..d_90_9_groupi    55     0.269    39.083    39.694         78.777            79.046 
    csa_tree_U..d_90_9_groupi    49     0.262    37.712    37.830         75.542            75.804 
    csa_tree_U..d_90_9_groupi    49     0.257    36.482    36.106         72.588            72.846 
    csa_tree_U..d_90_9_groupi    47     0.250    35.497    34.916         70.413            70.663 
    csa_tree_U..d_90_9_groupi    43     0.228    23.904    26.464         50.368            50.596 
    csa_tree_U..d_90_9_groupi    37     0.215    19.251    21.443         40.694            40.909 
    csa_tree_U..d_90_9_groupi    44     0.213    16.815    19.612         36.427            36.639 
    csa_tree_U..d_90_9_groupi    39     0.207    16.926    18.600         35.527            35.734 
    csa_tree_U..d_90_9_groupi    37     0.204    10.308    11.468         21.777            21.981 
    csa_tree_U..d_90_9_groupi    38     0.202    18.217    20.179         38.396            38.597 
    csa_tree_U..d_90_9_groupi    33     0.180    18.918    20.992         39.910            40.090 
    csa_tree_U..d_90_9_groupi    32     0.171    18.506    24.405         42.912            43.082 
    csa_tree_U..d_90_9_groupi    33     0.170    20.212    19.183         39.394            39.565 
    csa_tree_U..d_90_9_groupi    32     0.170    17.882    20.250         38.131            38.301 
    csa_tree_U..d_90_9_groupi    27     0.159    14.434    15.625         30.059            30.218 
    csa_tree_U..d_90_9_groupi    27     0.157    14.806    16.457         31.264            31.420 
    csa_tree_U..d_90_9_groupi    27     0.155    13.695    15.003         28.698            28.853 
    csa_tree_U..d_90_9_groupi    26     0.137     7.697     8.378         16.075            16.212 
    U_S_44_add_63_8              19     0.101    11.566     9.766         21.332            21.433 
    U_S_15_add_63_8              19     0.096    13.875    11.631         25.506            25.602 
    U_S_25_add_63_8              19     0.096    14.690    12.422         27.111            27.208 
    U_S95_add_63_8               19     0.096    13.331    11.265         24.596            24.692 
    U_S85_add_63_8               19     0.096    14.044    11.694         25.738            25.834 
    U_S14_add_90_9               19     0.096    11.964    10.310         22.274            22.369 
    U_S4_add_90_9                19     0.095     9.897     8.562         18.458            18.554 
    U_S_35_add_63_8              18     0.091    13.100    11.205         24.305            24.396 
  S0[5].U0                     1746     8.510   631.397   773.718       1405.115          1413.625 
    csa_tree_U..d_90_9_groupi    55     0.269    34.760    35.167         69.927            70.196 
    csa_tree_U..d_90_9_groupi    49     0.262    35.365    35.672         71.038            71.299 
    csa_tree_U..d_90_9_groupi    49     0.258    33.834    33.248         67.082            67.340 
    csa_tree_U..d_90_9_groupi    47     0.251    32.958    32.043         65.001            65.252 
    csa_tree_U..d_90_9_groupi    43     0.229    19.875    21.953         41.828            42.057 
    csa_tree_U..d_90_9_groupi    37     0.216    17.354    19.549         36.903            37.119 
    csa_tree_U..d_90_9_groupi    44     0.212    14.764    17.249         32.013            32.226 
    csa_tree_U..d_90_9_groupi    39     0.207    15.749    17.330         33.078            33.285 
    csa_tree_U..d_90_9_groupi    37     0.204    11.145    12.340         23.485            23.689 
    csa_tree_U..d_90_9_groupi    38     0.202    15.760    17.373         33.134            33.335 
    csa_tree_U..d_90_9_groupi    33     0.180    16.570    18.250         34.820            35.000 
    csa_tree_U..d_90_9_groupi    33     0.172    16.913    15.856         32.769            32.941 
    csa_tree_U..d_90_9_groupi    32     0.171    15.548    20.601         36.150            36.320 
    csa_tree_U..d_90_9_groupi    32     0.170    16.429    18.488         34.917            35.087 
    csa_tree_U..d_90_9_groupi    27     0.158    12.377    13.431         25.808            25.965 
    csa_tree_U..d_90_9_groupi    27     0.157    13.075    14.190         27.265            27.422 
    csa_tree_U..d_90_9_groupi    27     0.154    11.373    12.507         23.880            24.034 
    csa_tree_U..d_90_9_groupi    26     0.137     7.303     7.943         15.245            15.382 
    U_S_25_add_63_8              19     0.096    13.763    11.900         25.663            25.759 
    U_S85_add_63_8               19     0.096    11.705     9.916         21.621            21.717 
    U_S95_add_63_8               19     0.096    12.487    10.627         23.113            23.209 
    U_S4_add_90_9                19     0.095     8.531     7.072         15.603            15.699 
    U_S_15_add_63_8              19     0.095    12.587    10.812         23.399            23.495 
    U_S_44_add_63_8              19     0.095    10.170     8.579         18.749            18.844 
    U_S14_add_90_9               19     0.095    10.961     9.458         20.419            20.514 
    U_S_35_add_63_8              18     0.092    10.868     9.367         20.234            20.326 
  S0[7].U0                     1745     8.509   640.524   786.122       1426.646          1435.155 
    csa_tree_U..d_90_9_groupi    55     0.269    36.456    37.260         73.715            73.985 
    csa_tree_U..d_90_9_groupi    49     0.261    34.723    34.966         69.690            69.951 
    csa_tree_U..d_90_9_groupi    49     0.257    35.166    34.894         70.060            70.317 
    csa_tree_U..d_90_9_groupi    47     0.250    34.511    33.947         68.458            68.708 
    csa_tree_U..d_90_9_groupi    43     0.228    20.977    23.178         44.155            44.384 
    csa_tree_U..d_90_9_groupi    37     0.215    17.438    19.512         36.950            37.165 
    csa_tree_U..d_90_9_groupi    44     0.212    15.001    17.419         32.420            32.633 
    csa_tree_U..d_90_9_groupi    39     0.207    15.052    16.677         31.729            31.936 
    csa_tree_U..d_90_9_groupi    37     0.204    11.269    12.450         23.718            23.922 
    csa_tree_U..d_90_9_groupi    38     0.202    15.756    17.420         33.176            33.378 
    csa_tree_U..d_90_9_groupi    33     0.180    17.936    19.678         37.614            37.794 
    csa_tree_U..d_90_9_groupi    33     0.171    18.539    17.570         36.110            36.280 
    csa_tree_U..d_90_9_groupi    32     0.170    15.725    20.608         36.333            36.503 
    csa_tree_U..d_90_9_groupi    32     0.170    15.530    17.308         32.838            33.008 
    csa_tree_U..d_90_9_groupi    27     0.159    12.315    13.520         25.835            25.994 
    csa_tree_U..d_90_9_groupi    27     0.156    13.055    14.577         27.632            27.789 
    csa_tree_U..d_90_9_groupi    27     0.154    12.072    13.324         25.397            25.551 
    csa_tree_U..d_90_9_groupi    25     0.137     6.870     7.360         14.230            14.367 
    U_S4_add_90_9                19     0.096     9.706     8.547         18.254            18.350 
    U_S14_add_90_9               19     0.096    10.913     9.221         20.134            20.230 
    U_S95_add_63_8               19     0.096    12.586    10.795         23.381            23.477 
    U_S85_add_63_8               19     0.096    11.799    10.074         21.872            21.968 
    U_S_44_add_63_8              19     0.095    10.550     9.132         19.682            19.778 
    U_S_25_add_63_8              19     0.095    13.608    11.603         25.211            25.306 
    U_S_15_add_63_8              19     0.095    12.024    10.321         22.346            22.441 
    U_S_35_add_63_8              18     0.091    11.579     9.780         21.359            21.450 
  S0[4].U0                     1742     8.507   644.234   787.697       1431.932          1440.439 
    csa_tree_U..d_90_9_groupi    55     0.269    37.411    37.985         75.396            75.665 
    csa_tree_U..d_90_9_groupi    49     0.262    35.145    34.944         70.090            70.352 
    csa_tree_U..d_90_9_groupi    49     0.257    35.259    34.942         70.201            70.458 
    csa_tree_U..d_90_9_groupi    47     0.251    34.953    34.484         69.437            69.688 
    csa_tree_U..d_90_9_groupi    43     0.229    20.259    22.190         42.449            42.678 
    csa_tree_U..d_90_9_groupi    37     0.216    18.792    20.990         39.782            39.998 
    csa_tree_U..d_90_9_groupi    44     0.213    15.341    17.939         33.279            33.492 
    csa_tree_U..d_90_9_groupi    39     0.207    15.835    17.552         33.387            33.594 
    csa_tree_U..d_90_9_groupi    37     0.204    10.034    11.144         21.178            21.382 
    csa_tree_U..d_90_9_groupi    38     0.202    16.432    18.229         34.661            34.863 
    csa_tree_U..d_90_9_groupi    33     0.180    15.984    17.555         33.539            33.719 
    csa_tree_U..d_90_9_groupi    32     0.171    16.038    21.167         37.204            37.375 
    csa_tree_U..d_90_9_groupi    33     0.171    18.002    16.989         34.991            35.162 
    csa_tree_U..d_90_9_groupi    32     0.170    15.241    17.154         32.395            32.565 
    csa_tree_U..d_90_9_groupi    27     0.158    12.916    14.181         27.097            27.255 
    csa_tree_U..d_90_9_groupi    27     0.157    12.599    14.032         26.630            26.787 
    csa_tree_U..d_90_9_groupi    27     0.154    12.894    14.211         27.105            27.258 
    csa_tree_U..d_90_9_groupi    26     0.136     6.990     7.639         14.629            14.766 
    U_S_44_add_63_8              19     0.100    10.586     8.822         19.408            19.509 
    U_S_25_add_63_8              19     0.096    13.833    11.848         25.681            25.777 
    U_S95_add_63_8               19     0.096    12.042    10.224         22.266            22.362 
    U_S_15_add_63_8              19     0.095    12.822    10.802         23.624            23.720 
    U_S4_add_90_9                19     0.095     9.456     7.957         17.413            17.508 
    U_S85_add_63_8               19     0.095    12.162    10.240         22.402            22.497 
    U_S14_add_90_9               19     0.095    10.567     9.128         19.695            19.790 
    U_S_35_add_63_8              18     0.091    11.571     9.765         21.336            21.427 
  S0[3].U0                     1742     8.507   661.340   810.203       1471.543          1480.049 
    csa_tree_U..d_90_9_groupi    55     0.270    36.836    37.570         74.406            74.676 
    csa_tree_U..d_90_9_groupi    49     0.262    35.931    35.766         71.697            71.959 
    csa_tree_U..d_90_9_groupi    49     0.257    37.512    37.022         74.534            74.791 
    csa_tree_U..d_90_9_groupi    47     0.251    33.301    32.698         65.998            66.249 
    csa_tree_U..d_90_9_groupi    43     0.228    20.261    22.358         42.619            42.847 
    csa_tree_U..d_90_9_groupi    37     0.215    18.574    20.673         39.248            39.463 
    csa_tree_U..d_90_9_groupi    44     0.212    16.344    19.015         35.359            35.571 
    csa_tree_U..d_90_9_groupi    39     0.207    16.910    18.704         35.614            35.821 
    csa_tree_U..d_90_9_groupi    37     0.204    11.668    12.960         24.628            24.833 
    csa_tree_U..d_90_9_groupi    38     0.201    16.798    18.477         35.275            35.477 
    csa_tree_U..d_90_9_groupi    33     0.180    16.643    18.385         35.029            35.209 
    csa_tree_U..d_90_9_groupi    33     0.171    18.943    17.877         36.820            36.991 
    csa_tree_U..d_90_9_groupi    32     0.170    15.512    20.614         36.126            36.296 
    csa_tree_U..d_90_9_groupi    32     0.170    16.247    18.243         34.490            34.660 
    csa_tree_U..d_90_9_groupi    27     0.158    14.017    15.277         29.295            29.452 
    csa_tree_U..d_90_9_groupi    27     0.157    13.178    14.678         27.856            28.012 
    csa_tree_U..d_90_9_groupi    27     0.153    12.805    13.976         26.781            26.934 
    csa_tree_U..d_90_9_groupi    26     0.137     8.001     8.781         16.782            16.919 
    U_S95_add_63_8               19     0.096    13.376    11.620         24.996            25.092 
    U_S85_add_63_8               19     0.096    13.754    11.779         25.534            25.630 
    U_S_15_add_63_8              19     0.096    13.361    11.362         24.723            24.819 
    U_S_25_add_63_8              19     0.096    13.837    11.866         25.704            25.800 
    U_S14_add_90_9               19     0.096    11.874    10.200         22.074            22.170 
    U_S4_add_90_9                19     0.096    10.466     9.088         19.555            19.650 
    U_S_44_add_63_8              19     0.095    10.424     8.738         19.162            19.257 
    U_S_35_add_63_8              18     0.091    12.116    10.376         22.492            22.583 
  S0[2].U0                     1742     8.506   670.322   818.420       1488.742          1497.248 
    csa_tree_U..d_90_9_groupi    55     0.270    38.893    39.486         78.379            78.648 
    csa_tree_U..d_90_9_groupi    49     0.262    37.183    37.015         74.198            74.459 
    csa_tree_U..d_90_9_groupi    49     0.257    37.063    36.642         73.705            73.962 
    csa_tree_U..d_90_9_groupi    47     0.251    35.890    35.349         71.239            71.489 
    csa_tree_U..d_90_9_groupi    43     0.229    22.157    24.424         46.580            46.809 
    csa_tree_U..d_90_9_groupi    37     0.215    17.647    19.544         37.191            37.406 
    csa_tree_U..d_90_9_groupi    44     0.212    14.948    17.235         32.183            32.395 
    csa_tree_U..d_90_9_groupi    39     0.207    16.092    17.809         33.901            34.108 
    csa_tree_U..d_90_9_groupi    37     0.204    10.971    12.010         22.981            23.185 
    csa_tree_U..d_90_9_groupi    38     0.202    15.931    17.424         33.355            33.557 
    csa_tree_U..d_90_9_groupi    33     0.180    18.241    20.113         38.354            38.534 
    csa_tree_U..d_90_9_groupi    33     0.171    20.777    19.761         40.538            40.709 
    csa_tree_U..d_90_9_groupi    32     0.171    16.393    21.898         38.291            38.462 
    csa_tree_U..d_90_9_groupi    32     0.170    16.253    18.344         34.597            34.767 
    csa_tree_U..d_90_9_groupi    27     0.158    13.313    14.473         27.786            27.944 
    csa_tree_U..d_90_9_groupi    27     0.157    13.839    15.387         29.226            29.382 
    csa_tree_U..d_90_9_groupi    27     0.154    12.555    13.724         26.279            26.433 
    csa_tree_U..d_90_9_groupi    26     0.137     7.496     8.076         15.573            15.710 
    U_S14_add_90_9               19     0.096    10.785     9.141         19.926            20.022 
    U_S85_add_63_8               19     0.095    12.691    10.603         23.294            23.389 
    U_S_15_add_63_8              19     0.095    12.884    10.896         23.780            23.875 
    U_S_25_add_63_8              19     0.095    13.181    11.049         24.230            24.325 
    U_S4_add_90_9                19     0.095    10.215     8.995         19.210            19.305 
    U_S95_add_63_8               19     0.095    13.021    11.178         24.199            24.294 
    U_S_44_add_63_8              19     0.095    11.236     9.562         20.798            20.893 
    U_S_35_add_63_8              18     0.091    11.449     9.882         21.331            21.422 
  S0[6].U0                     1742     8.501   635.569   777.047       1412.616          1421.117 
    csa_tree_U..d_90_9_groupi    55     0.269    35.942    36.317         72.259            72.528 
    csa_tree_U..d_90_9_groupi    49     0.262    34.730    34.747         69.476            69.738 
    csa_tree_U..d_90_9_groupi    49     0.258    35.130    34.992         70.122            70.380 
    csa_tree_U..d_90_9_groupi    47     0.251    33.199    32.458         65.658            65.909 
    csa_tree_U..d_90_9_groupi    43     0.228    20.762    23.044         43.806            44.035 
    csa_tree_U..d_90_9_groupi    37     0.216    17.043    18.794         35.836            36.052 
    csa_tree_U..d_90_9_groupi    44     0.212    14.733    17.100         31.833            32.045 
    csa_tree_U..d_90_9_groupi    39     0.207    15.109    16.572         31.681            31.888 
    csa_tree_U..d_90_9_groupi    37     0.204    11.003    12.113         23.117            23.321 
    csa_tree_U..d_90_9_groupi    38     0.202    15.813    17.454         33.267            33.469 
    csa_tree_U..d_90_9_groupi    33     0.180    16.894    18.733         35.627            35.807 
    csa_tree_U..d_90_9_groupi    33     0.171    18.424    17.229         35.652            35.823 
    csa_tree_U..d_90_9_groupi    32     0.170    16.253    21.594         37.847            38.017 
    csa_tree_U..d_90_9_groupi    32     0.170    16.102    18.240         34.342            34.512 
    csa_tree_U..d_90_9_groupi    27     0.158    12.370    13.490         25.860            26.018 
    csa_tree_U..d_90_9_groupi    27     0.156    13.160    14.519         27.679            27.836 
    csa_tree_U..d_90_9_groupi    27     0.154    12.126    13.304         25.430            25.584 
    csa_tree_U..d_90_9_groupi    26     0.137     7.078     7.691         14.768            14.906 
    U_S14_add_90_9               19     0.096    10.927     9.176         20.102            20.198 
    U_S_25_add_63_8              19     0.095    13.127    11.230         24.358            24.453 
    U_S_44_add_63_8              19     0.095     9.944     8.247         18.190            18.286 
    U_S4_add_90_9                19     0.095     8.713     7.309         16.021            16.116 
    U_S_15_add_63_8              19     0.095    12.597    10.657         23.254            23.349 
    U_S85_add_63_8               19     0.095    12.765    10.693         23.457            23.552 
    U_S95_add_63_8               19     0.095    12.314    10.404         22.717            22.812 
    U_S_35_add_63_8              18     0.090    11.490     9.941         21.432            21.522 
  S0[11].U0                    1742     8.497   637.663   784.314       1421.977          1430.474 
    csa_tree_U..d_90_9_groupi    55     0.269    36.051    36.461         72.512            72.782 
    csa_tree_U..d_90_9_groupi    49     0.262    32.699    32.603         65.302            65.564 
    csa_tree_U..d_90_9_groupi    49     0.258    35.266    34.986         70.252            70.509 
    csa_tree_U..d_90_9_groupi    47     0.250    33.660    33.159         66.819            67.069 
    csa_tree_U..d_90_9_groupi    43     0.228    20.712    23.062         43.774            44.003 
    csa_tree_U..d_90_9_groupi    37     0.215    17.793    19.987         37.780            37.995 
    csa_tree_U..d_90_9_groupi    44     0.212    14.296    16.645         30.940            31.153 
    csa_tree_U..d_90_9_groupi    39     0.207    14.026    15.632         29.658            29.865 
    csa_tree_U..d_90_9_groupi    37     0.204    11.133    12.210         23.343            23.547 
    csa_tree_U..d_90_9_groupi    38     0.201    14.258    15.944         30.202            30.404 
    csa_tree_U..d_90_9_groupi    33     0.180    17.058    18.988         36.046            36.226 
    csa_tree_U..d_90_9_groupi    33     0.171    18.815    17.789         36.603            36.774 
    csa_tree_U..d_90_9_groupi    32     0.170    14.508    16.442         30.950            31.120 
    csa_tree_U..d_90_9_groupi    32     0.170    15.097    20.320         35.418            35.588 
    csa_tree_U..d_90_9_groupi    27     0.159    11.998    13.109         25.107            25.265 
    csa_tree_U..d_90_9_groupi    27     0.156    12.916    14.426         27.341            27.498 
    csa_tree_U..d_90_9_groupi    27     0.154    11.575    12.827         24.402            24.557 
    csa_tree_U..d_90_9_groupi    26     0.137     7.116     7.792         14.908            15.046 
    U_S14_add_90_9               19     0.096    10.770     8.913         19.683            19.779 
    U_S95_add_63_8               19     0.096    12.721    10.855         23.577            23.672 
    U_S85_add_63_8               19     0.096    13.375    11.298         24.673            24.769 
    U_S_15_add_63_8              19     0.096    12.927    11.277         24.204            24.300 
    U_S4_add_90_9                19     0.096     9.220     7.796         17.016            17.111 
    U_S_44_add_63_8              19     0.095    11.194     9.512         20.707            20.802 
    U_S_25_add_63_8              19     0.095    12.343    10.334         22.677            22.772 
    U_S_35_add_63_8              18     0.091    10.765     9.166         19.931            20.022 
  S0[12].U0                    1742     8.493   626.223   768.416       1394.639          1403.132 
    csa_tree_U..d_90_9_groupi    55     0.270    36.127    36.952         73.079            73.349 
    csa_tree_U..d_90_9_groupi    49     0.262    32.772    32.876         65.647            65.910 
    csa_tree_U..d_90_9_groupi    49     0.257    33.271    33.285         66.556            66.814 
    csa_tree_U..d_90_9_groupi    47     0.251    32.410    32.075         64.485            64.735 
    csa_tree_U..d_90_9_groupi    43     0.228    20.948    23.236         44.184            44.413 
    csa_tree_U..d_90_9_groupi    37     0.215    15.952    18.006         33.959            34.174 
    csa_tree_U..d_90_9_groupi    44     0.212    14.654    17.075         31.729            31.941 
    csa_tree_U..d_90_9_groupi    39     0.207    16.219    18.036         34.255            34.462 
    csa_tree_U..d_90_9_groupi    37     0.204    11.134    12.389         23.523            23.727 
    csa_tree_U..d_90_9_groupi    38     0.202    15.959    17.699         33.658            33.860 
    csa_tree_U..d_90_9_groupi    33     0.180    16.127    17.815         33.941            34.121 
    csa_tree_U..d_90_9_groupi    33     0.171    18.684    17.674         36.358            36.529 
    csa_tree_U..d_90_9_groupi    32     0.171    16.500    22.030         38.531            38.701 
    csa_tree_U..d_90_9_groupi    32     0.170    15.652    17.625         33.277            33.447 
    csa_tree_U..d_90_9_groupi    27     0.159    13.189    14.451         27.640            27.798 
    csa_tree_U..d_90_9_groupi    27     0.157    13.237    15.121         28.358            28.515 
    csa_tree_U..d_90_9_groupi    27     0.155    11.837    13.014         24.851            25.006 
    csa_tree_U..d_90_9_groupi    26     0.137     7.469     8.219         15.688            15.825 
    U_S85_add_63_8               19     0.096    12.144    10.437         22.582            22.678 
    U_S_15_add_63_8              19     0.096    12.183    10.406         22.589            22.685 
    U_S14_add_90_9               19     0.096    10.727     9.083         19.810            19.906 
    U_S_44_add_63_8              19     0.096    11.436     9.770         21.207            21.302 
    U_S_25_add_63_8              19     0.096    13.427    11.158         24.584            24.680 
    U_S95_add_63_8               19     0.096    11.869    10.192         22.061            22.157 
    U_S4_add_90_9                19     0.095    10.126     8.767         18.893            18.988 
    U_S_35_add_63_8              18     0.091    10.850     9.135         19.985            20.076 
  S0[15].U0                    1741     8.489   658.946   810.784       1469.730          1478.219 
    csa_tree_U..d_90_9_groupi    55     0.269    35.354    35.720         71.074            71.344 
    csa_tree_U..d_90_9_groupi    49     0.262    34.567    34.637         69.204            69.466 
    csa_tree_U..d_90_9_groupi    49     0.258    34.862    34.757         69.620            69.878 
    csa_tree_U..d_90_9_groupi    47     0.251    33.463    33.007         66.470            66.721 
    csa_tree_U..d_90_9_groupi    43     0.228    23.258    25.786         49.044            49.272 
    csa_tree_U..d_90_9_groupi    37     0.215    19.030    21.474         40.504            40.719 
    csa_tree_U..d_90_9_groupi    44     0.213    15.151    17.691         32.842            33.055 
    csa_tree_U..d_90_9_groupi    39     0.207    14.607    16.324         30.930            31.137 
    csa_tree_U..d_90_9_groupi    37     0.204    10.761    11.774         22.535            22.739 
    csa_tree_U..d_90_9_groupi    38     0.202    15.667    17.447         33.114            33.316 
    csa_tree_U..d_90_9_groupi    33     0.180    18.498    20.493         38.990            39.170 
    csa_tree_U..d_90_9_groupi    33     0.171    19.076    18.060         37.136            37.307 
    csa_tree_U..d_90_9_groupi    32     0.171    18.479    24.563         43.042            43.212 
    csa_tree_U..d_90_9_groupi    32     0.170    17.167    19.327         36.493            36.663 
    csa_tree_U..d_90_9_groupi    27     0.159    12.481    13.604         26.086            26.244 
    csa_tree_U..d_90_9_groupi    27     0.157    14.308    16.059         30.367            30.524 
    csa_tree_U..d_90_9_groupi    27     0.155    12.504    13.793         26.298            26.452 
    csa_tree_U..d_90_9_groupi    26     0.138     7.121     7.821         14.942            15.080 
    U_S_15_add_63_8              19     0.096    12.634    10.616         23.249            23.345 
    U_S85_add_63_8               19     0.096    12.235    10.090         22.326            22.422 
    U_S95_add_63_8               19     0.096    12.928    10.994         23.922            24.017 
    U_S_44_add_63_8              19     0.096    10.867     9.343         20.210            20.306 
    U_S14_add_90_9               19     0.096    11.488     9.910         21.398            21.494 
    U_S_25_add_63_8              19     0.096    13.978    11.774         25.752            25.848 
    U_S4_add_90_9                19     0.095     9.465     8.198         17.663            17.758 
    U_S_35_add_63_8              18     0.092    11.357     9.593         20.950            21.041 

