============================================================
  Generated by:           Genus(TM) Synthesis Solution 17.10-p007_1
  Generated on:           Jan 27 2020  11:55:55 pm
  Module:                 INTER_4
  Technology libraries:   CORE65LPSVT 
                          CLOCK65LPSVT 
                          physical_cells 
  Operating conditions:   _nominal_ 
  Interconnect mode:      global
  Area mode:              physical library
============================================================

       Instance                Module          Cells  Cell Area  Net Area   Total Area 
---------------------------------------------------------------------------------------
INTER_4                                        46464     258082    101275       359357 
  gen_filter[36].U_S0 filter_4_bit_width10_36    665       3590      1314         4904 
  gen_filter[35].U_S0 filter_4_bit_width10_35    665       3586      1314         4900 
  gen_filter[37].U_S0 filter_4_bit_width10_37    665       3576      1314         4890 
  gen_filter[47].U_S0 filter_4_bit_width10_47    665       3575      1314         4889 
  gen_filter[46].U_S0 filter_4_bit_width10_46    665       3575      1314         4889 
  gen_filter[45].U_S0 filter_4_bit_width10_45    665       3575      1314         4889 
  gen_filter[44].U_S0 filter_4_bit_width10_44    665       3575      1314         4889 
  gen_filter[43].U_S0 filter_4_bit_width10_43    665       3575      1314         4889 
  gen_filter[42].U_S0 filter_4_bit_width10_42    665       3575      1314         4889 
  gen_filter[41].U_S0 filter_4_bit_width10_41    665       3575      1314         4889 
  gen_filter[40].U_S0 filter_4_bit_width10_40    665       3575      1314         4889 
  gen_filter[39].U_S0 filter_4_bit_width10_39    665       3575      1314         4889 
  gen_filter[38].U_S0 filter_4_bit_width10_38    665       3575      1314         4889 
  gen_filter[34].U_S0 filter_4_bit_width10_34    668       3559      1320         4879 
  gen_filter[48].U_S0 filter_4_bit_width10_48    663       3566      1311         4877 
  gen_filter[50].U_S0 filter_4_bit_width10_50    662       3558      1308         4865 
  gen_filter[1].U_S0  filter_4_bit_width10_1     650       3550      1308         4858 
  gen_filter[49].U_S0 filter_4_bit_width10_49    663       3540      1311         4851 
  gen_filter[63].U_S0 filter_4_bit_width10_63    655       3532      1311         4843 
  gen_filter[62].U_S0 filter_4_bit_width10_62    671       3495      1330         4826 
  gen_filter[32].U_S0 filter_4_bit_width10_32    659       3496      1309         4806 
  gen_filter[33].U_S0 filter_4_bit_width10_33    657       3495      1304         4800 
  gen_filter[52].U_S0 filter_4_bit_width10_52    658       3484      1308         4792 
  gen_filter[31].U_S0 filter_4_bit_width10_31    659       3479      1309         4789 
  gen_filter[4].U_S0  filter_4_bit_width10_4     658       3479      1307         4786 
  gen_filter[60].U_S0 filter_4_bit_width10_60    659       3470      1309         4780 
  gen_filter[64].U_S0 filter_4_bit_width10_64    675       3425      1354         4779 
  gen_filter[0].U_S0  filter_4_bit_width10       655       3452      1325         4777 
  gen_filter[53].U_S0 filter_4_bit_width10_53    659       3467      1309         4777 
  gen_filter[59].U_S0 filter_4_bit_width10_59    663       3453      1316         4769 
  gen_filter[51].U_S0 filter_4_bit_width10_51    659       3458      1309         4767 
  gen_filter[61].U_S0 filter_4_bit_width10_61    660       3447      1311         4757 
  gen_filter[5].U_S0  filter_4_bit_width10_5     661       3441      1314         4755 
  gen_filter[8].U_S0  filter_4_bit_width10_8     659       3440      1309         4749 
  gen_filter[2].U_S0  filter_4_bit_width10_2     650       3446      1297         4743 
  gen_filter[58].U_S0 filter_4_bit_width10_58    661       3425      1314         4739 
  gen_filter[55].U_S0 filter_4_bit_width10_55    661       3425      1314         4739 
  gen_filter[54].U_S0 filter_4_bit_width10_54    661       3425      1314         4739 
  gen_filter[30].U_S0 filter_4_bit_width10_30    661       3425      1314         4739 
  gen_filter[29].U_S0 filter_4_bit_width10_29    661       3425      1314         4739 
  gen_filter[27].U_S0 filter_4_bit_width10_27    661       3425      1314         4739 
  gen_filter[26].U_S0 filter_4_bit_width10_26    661       3425      1314         4739 
  gen_filter[25].U_S0 filter_4_bit_width10_25    661       3425      1314         4739 
  gen_filter[24].U_S0 filter_4_bit_width10_24    661       3425      1314         4739 
  gen_filter[23].U_S0 filter_4_bit_width10_23    661       3425      1314         4739 
  gen_filter[22].U_S0 filter_4_bit_width10_22    661       3425      1314         4739 
  gen_filter[21].U_S0 filter_4_bit_width10_21    661       3425      1314         4739 
  gen_filter[20].U_S0 filter_4_bit_width10_20    661       3425      1314         4739 
  gen_filter[19].U_S0 filter_4_bit_width10_19    661       3425      1314         4739 
  gen_filter[18].U_S0 filter_4_bit_width10_18    661       3425      1314         4739 
  gen_filter[17].U_S0 filter_4_bit_width10_17    661       3425      1314         4739 
  gen_filter[16].U_S0 filter_4_bit_width10_16    661       3425      1314         4739 
  gen_filter[15].U_S0 filter_4_bit_width10_15    661       3425      1314         4739 
  gen_filter[14].U_S0 filter_4_bit_width10_14    661       3425      1314         4739 
  gen_filter[13].U_S0 filter_4_bit_width10_13    661       3425      1314         4739 
  gen_filter[12].U_S0 filter_4_bit_width10_12    661       3425      1314         4739 
  gen_filter[11].U_S0 filter_4_bit_width10_11    661       3425      1314         4739 
  gen_filter[10].U_S0 filter_4_bit_width10_10    661       3425      1314         4739 
  gen_filter[9].U_S0  filter_4_bit_width10_9     661       3425      1314         4739 
  gen_filter[7].U_S0  filter_4_bit_width10_7     661       3425      1314         4739 
  gen_filter[6].U_S0  filter_4_bit_width10_6     661       3425      1314         4739 
  gen_filter[57].U_S0 filter_4_bit_width10_57    659       3423      1309         4732 
  gen_filter[56].U_S0 filter_4_bit_width10_56    659       3423      1309         4732 
  gen_filter[28].U_S0 filter_4_bit_width10_28    659       3423      1309         4732 
  gen_filter[3].U_S0  filter_4_bit_width10_3     660       3415      1311         4726 
