============================================================
  Generated by:           Genus(TM) Synthesis Solution 17.10-p007_1
  Generated on:           Feb 21 2020  10:51:42 am
  Module:                 filter_regular
  Technology libraries:   CORE65LPSVT 
                          CLOCK65LPSVT 
                          physical_cells 
  Operating conditions:   _nominal_ 
  Interconnect mode:      global
  Area mode:              physical library
============================================================

                                           Leakage   Internal  
       Gate        Instances     Area    Power (uW) Power (uW)     Library    
------------------------------------------------------------------------------
HS65_LSS_XNOR2X12         45     304.200      0.585     15.816    CORE65LPSVT 
HS65_LSS_XNOR2X6        1544    6423.040     10.346    312.016    CORE65LPSVT 
HS65_LSS_XNOR3X2          99     823.680      0.443     17.923    CORE65LPSVT 
HS65_LSS_XOR2X6         1778    7396.480     10.378    460.797    CORE65LPSVT 
HS65_LSS_XOR3X2          863    6731.400      4.716    161.914    CORE65LPSVT 
HS65_LS_AND2ABX27         33     188.760      0.448     26.182    CORE65LPSVT 
HS65_LS_AND2X18           29     105.560      0.233      6.873    CORE65LPSVT 
HS65_LS_AND2X4           393    1021.800      0.913     31.724    CORE65LPSVT 
HS65_LS_AO112X9          132     549.120      0.595     20.707    CORE65LPSVT 
HS65_LS_AO12X9           621    2260.440      2.954    131.491    CORE65LPSVT 
HS65_LS_AO31X9             3      12.480      0.012      0.399    CORE65LPSVT 
HS65_LS_AO32X4           367    1717.560      0.838     77.835    CORE65LPSVT 
HS65_LS_AOI12X2          573    1489.800      0.862     26.160    CORE65LPSVT 
HS65_LS_AOI12X6            5      15.600      0.022      0.572    CORE65LPSVT 
HS65_LS_AOI211X4           6      21.840      0.021      0.475    CORE65LPSVT 
HS65_LS_AOI212X4          60     249.600      0.224     16.341    CORE65LPSVT 
HS65_LS_AOI21X2          236     613.600      0.304     12.390    CORE65LPSVT 
HS65_LS_AOI21X6           94     293.280      0.378     10.930    CORE65LPSVT 
HS65_LS_AOI22X6           36     131.040      0.107     15.379    CORE65LPSVT 
HS65_LS_AOI312X4          15      78.000      0.077      1.492    CORE65LPSVT 
HS65_LS_BFX142             1      15.600      0.078      1.242    CORE65LPSVT 
HS65_LS_BFX18            335    1045.200      2.710     56.908    CORE65LPSVT 
HS65_LS_BFX27            127     462.280      1.607     33.524    CORE65LPSVT 
HS65_LS_BFX9               1       2.080      0.004      0.115    CORE65LPSVT 
HS65_LS_CB4I1X9           33     137.280      0.145      3.980    CORE65LPSVT 
HS65_LS_CB4I6X9          252    1048.320      1.143     33.670    CORE65LPSVT 
HS65_LS_CBI4I1X5         115     418.600      0.462     18.869    CORE65LPSVT 
HS65_LS_CBI4I6X5          33     120.120      0.075     10.235    CORE65LPSVT 
HS65_LS_CNIVX7            26      40.560      0.048      1.318    CORE65LPSVT 
HS65_LS_DFPHQX9         5214   54225.600     52.423   4344.515    CORE65LPSVT 
HS65_LS_DFPRQNX9         138    1435.200      1.359     85.180    CORE65LPSVT 
HS65_LS_DFPRQX18          21     229.320      0.277     13.916    CORE65LPSVT 
HS65_LS_DFPRQX27          59     705.640      0.982     47.037    CORE65LPSVT 
HS65_LS_DFPRQX35         138    1722.240      2.780    126.921    CORE65LPSVT 
HS65_LS_DFPRQX9           24     249.600      0.240     14.249    CORE65LPSVT 
HS65_LS_FA1X4          23855  223282.800    148.678  15456.868    CORE65LPSVT 
HS65_LS_HA1X4           2720   14144.000     14.200    745.517    CORE65LPSVT 
HS65_LS_IVX18            956    1988.480      5.022    102.325    CORE65LPSVT 
HS65_LS_IVX27            248     773.760      2.264     42.375    CORE65LPSVT 
HS65_LS_IVX35            363    1321.320      4.555     67.752    CORE65LPSVT 
HS65_LS_IVX44             19      79.040      0.306      5.240    CORE65LPSVT 
HS65_LS_IVX9           12155   18961.800     29.642    867.423    CORE65LPSVT 
HS65_LS_MUX21I1X6         66     274.560      0.416     12.506    CORE65LPSVT 
HS65_LS_MUXI21X2          63     229.320      0.184      6.254    CORE65LPSVT 
HS65_LS_NAND2AX7         341    1063.920      1.536     40.471    CORE65LPSVT 
HS65_LS_NAND2X7         1738    3615.040      4.421    109.640    CORE65LPSVT 
HS65_LS_NAND3AX6          30     109.200      0.177      2.758    CORE65LPSVT 
HS65_LS_NAND3X5           45     117.000      0.080      1.155    CORE65LPSVT 
HS65_LS_NAND4ABX3         15      54.600      0.064      1.155    CORE65LPSVT 
HS65_LS_NOR2AX3         1009    2623.400      2.591     87.780    CORE65LPSVT 
HS65_LS_NOR2X6          2047    4257.760      5.722    136.147    CORE65LPSVT 
HS65_LS_NOR3AX2           15      46.800      0.048      1.122    CORE65LPSVT 
HS65_LS_NOR3X4            33      85.800      0.108      2.080    CORE65LPSVT 
HS65_LS_NOR4ABX2           3      10.920      0.007      0.147    CORE65LPSVT 
HS65_LS_OA112X9            3      12.480      0.018      0.563    CORE65LPSVT 
HS65_LS_OA12X9           182     662.480      0.893     34.569    CORE65LPSVT 
HS65_LS_OA212X4           30     156.000      0.084      3.158    CORE65LPSVT 
HS65_LS_OAI112X5          18      65.520      0.112      2.157    CORE65LPSVT 
HS65_LS_OAI12X3          826    2147.600      1.664     47.494    CORE65LPSVT 
HS65_LS_OAI211X5          15      54.600      0.049      2.595    CORE65LPSVT 
HS65_LS_OAI21X3          229     595.400      0.517     20.359    CORE65LPSVT 
HS65_LS_OAI22X6           66     240.240      0.262     28.114    CORE65LPSVT 
HS65_LS_OR2X9            704    2196.480      3.307    171.133    CORE65LPSVT 
HS65_LS_OR4X4             15      78.000      0.065      1.402    CORE65LPSVT 
HS65_LS_PAO2X9          1720    8049.600      7.950    889.007    CORE65LPSVT 
HS65_LS_PAOI2X1          614    2234.960      0.755     37.395    CORE65LPSVT 
HS65_LS_PAOI3X1           15      54.600      0.018      0.823    CORE65LPSVT 
HS65_LS_XOR2X18           33     223.080      0.723     14.587    CORE65LPSVT 
HS65_LS_XOR2X9            48     249.600      0.475     14.368    CORE65LPSVT 
HS65_LS_XOR3X9           103     964.080      0.754     40.352    CORE65LPSVT 
------------------------------------------------------------------------------
total                  63791  383309.160    336.453  25135.889                


                                             Leakage  Leakage  Internal  Internal 
     Type      Instances    Area    Area % Power (uW) Power % Power (uW)  Power % 
----------------------------------------------------------------------------------
sequential          5594  58567.600   15.3     58.061    17.3   4631.818     18.4 
inverter           13767  23164.960    6.0     41.835    12.4   1086.434      4.3 
buffer               464   1525.160    0.4      4.399     1.3     91.789      0.4 
logic              43966 300051.440   78.3    232.158    69.0  19325.848     76.9 
physical_cells         0      0.000    0.0      0.000     0.0      0.000      0.0 
----------------------------------------------------------------------------------
total              63791 383309.160  100.0    336.453   100.0  25135.889    100.0 

