============================================================
  Generated by:           Genus(TM) Synthesis Solution 17.10-p007_1
  Generated on:           Feb 21 2020  10:51:44 am
  Module:                 filter_regular
  Technology libraries:   CORE65LPSVT 
                          CLOCK65LPSVT 
                          physical_cells 
  Operating conditions:   _nominal_ 
  Interconnect mode:      global
  Area mode:              physical library
============================================================

                      Leakage   Dynamic    Total   
   Instance    Cells Power(uW) Power(uW) Power(uW) 
---------------------------------------------------
filter_regular 63791   336.453 52298.907 52635.361 
  S0[16].U0     1740     8.257  1353.377  1361.634 
  S0[29].U0     1738     8.251  1302.018  1310.270 
  S0[26].U0     1738     8.251  1463.244  1471.495 
  S0[11].U0     1740     8.251  1554.739  1562.990 
  S0[23].U0     1739     8.250  1401.950  1410.200 
  S0[12].U0     1742     8.248  1529.152  1537.400 
  S0[20].U0     1741     8.246  1345.252  1353.498 
  S0[9].U0      1740     8.246  1503.578  1511.824 
  S0[32].U0     1738     8.246  1284.824  1293.070 
  S0[13].U0     1738     8.243  1481.328  1489.571 
  S0[30].U0     1735     8.242  1315.320  1323.562 
  S0[5].U0      1738     8.241  1247.763  1256.004 
  S0[14].U0     1738     8.241  1428.475  1436.716 
  S0[18].U0     1738     8.241  1368.088  1376.329 
  S0[2].U0      1738     8.241  1318.398  1326.638 
  S0[27].U0     1735     8.240  1429.398  1437.638 
  S0[22].U0     1736     8.240  1357.966  1366.206 
  S0[8].U0      1738     8.238  1446.898  1455.136 
  S0[15].U0     1735     8.237  1369.328  1377.565 
  S0[28].U0     1733     8.236  1392.258  1400.494 
  S0[24].U0     1735     8.235  1416.794  1425.029 
  S0[19].U0     1731     8.235  1356.083  1364.318 
  S0[17].U0     1731     8.235  1343.397  1351.632 
  S0[21].U0     1731     8.232  1349.735  1357.966 
  S0[6].U0      1735     8.230  1290.493  1298.724 
  S0[10].U0     1735     8.230  1546.771  1555.001 
  S0[25].U0     1733     8.229  1454.652  1462.881 
  S0[4].U0      1733     8.227  1261.691  1269.918 
  S0[3].U0      1735     8.227  1290.425  1298.652 
  S0[0].U0      1735     8.226  1334.538  1342.764 
  S0[1].U0      1733     8.220  1350.910  1359.130 
  S0[7].U0      1733     8.218  1333.340  1341.558 
  S0[31].U0     1733     8.216  1306.590  1314.806 

