============================================================
  Generated by:           Genus(TM) Synthesis Solution 17.10-p007_1
  Generated on:           Nov 19 2019  10:40:21 pm
  Module:                 FME_INTER_4
  Technology libraries:   CORE65LPSVT 
                          CLOCK65LPSVT 
                          physical_cells 
  Operating conditions:   _nominal_ 
  Interconnect mode:      global
  Area mode:              physical library
============================================================

            Instance                       Module           Cells  Cell Area  Net Area   Total Area 
----------------------------------------------------------------------------------------------------
FME_INTER_4                                                  6823      37860     15026        52886 
  U_inter                        interpolation_bit_width10   4237      22758      8648        31406 
  U_buffer                       buffer_shift                1802      10066      3972        14038 
  U_crtl                         CRTL_bit_width10              91        484       173          657 
  clipping[3].U_clip             clip8_bit_width10_319         15         73        14           87 
  clipping[2].U_clip             clip8_bit_width10_320         15         73        14           87 
  clipping[0].U_clip             clip8_bit_width10             15         73        14           87 
  clipping[4].U_clip             clip8_bit_width10_318         12         43        10           53 
  clipping[1].U_clip             clip8_bit_width10_321         12         43        10           53 
  clipping[14].U_clip_gte_592_34 geq_signed_657                 6         33         7           40 
  clipping[12].U_clip_gte_592_34 geq_signed_657_1743            6         33         7           40 
  clipping[11].U_clip_gte_592_34 geq_signed_657_1742            6         33         7           40 
  clipping[9].U_clip_gte_592_34  geq_signed_657_1741            6         33         7           40 
  clipping[8].U_clip_gte_592_34  geq_signed_657_1740            6         33         7           40 
  clipping[6].U_clip_gte_592_34  geq_signed_657_1739            6         33         7           40 
  clipping[5].U_clip_gte_592_34  geq_signed_657_1738            6         33         7           40 
  clipping[13].U_clip_gte_592_34 geq_signed_657_1080            4         18         4           22 
  clipping[10].U_clip_gte_592_34 geq_signed_657_1080_1747       4         18         4           22 
  clipping[7].U_clip_gte_592_34  geq_signed_657_1080_1746       4         18         4           22 
