============================================================
  Generated by:           Genus(TM) Synthesis Solution 17.10-p007_1
  Generated on:           Jan 22 2020  01:47:13 pm
  Module:                 filter_regular
  Technology libraries:   CORE65LPSVT 
                          CLOCK65LPSVT 
                          physical_cells 
  Operating conditions:   _nominal_ 
  Interconnect mode:      global
  Area mode:              physical library
============================================================

                                            Leakage    Internal  
       Gate         Instances     Area    Power (uW)  Power (uW)     Library    
--------------------------------------------------------------------------------
HS65_LSS_XNOR2X12          26     175.760      0.355      25.958    CORE65LPSVT 
HS65_LSS_XNOR2X3            3      12.480      0.011       0.240    CORE65LPSVT 
HS65_LSS_XNOR2X6         3063   12742.080     20.732     815.370    CORE65LPSVT 
HS65_LSS_XNOR3X2           22     183.040      0.100       3.435    CORE65LPSVT 
HS65_LSS_XNOR3X4           37     365.560      0.324       8.018    CORE65LPSVT 
HS65_LSS_XOR2X12            6      37.440      0.080       6.842    CORE65LPSVT 
HS65_LSS_XOR2X6          3220   13395.200     18.822     943.402    CORE65LPSVT 
HS65_LSS_XOR3X2           331    2581.800      1.810      59.873    CORE65LPSVT 
HS65_LSS_XOR3X4            54     561.600      0.562      17.655    CORE65LPSVT 
HS65_LS_AND2X18           351    1277.640      3.395     105.040    CORE65LPSVT 
HS65_LS_AND2X27            98     560.560      1.348      36.043    CORE65LPSVT 
HS65_LS_AND2X35            25     156.000      0.547      13.409    CORE65LPSVT 
HS65_LS_AND2X4           1916    4981.600      4.366     232.619    CORE65LPSVT 
HS65_LS_AND2X9            832    2595.840      3.675     148.944    CORE65LPSVT 
HS65_LS_AND3X18            43     201.240      0.509      12.112    CORE65LPSVT 
HS65_LS_AND3X27           105     709.800      1.913      43.353    CORE65LPSVT 
HS65_LS_AND3X35            42     327.600      1.059      21.992    CORE65LPSVT 
HS65_LS_AO112X18            7      32.760      0.077       4.991    CORE65LPSVT 
HS65_LS_AO112X9           194     807.040      0.914      62.473    CORE65LPSVT 
HS65_LS_AO12X18          1005    4180.800     11.384     265.562    CORE65LPSVT 
HS65_LS_AO12X27            96     648.960      1.571      36.479    CORE65LPSVT 
HS65_LS_AO12X35            28     218.400      0.663      15.504    CORE65LPSVT 
HS65_LS_AO12X9           2468    8983.520     11.986     447.025    CORE65LPSVT 
HS65_LS_AO212X4            63     294.840      0.221      12.229    CORE65LPSVT 
HS65_LS_AO22X9            132     549.120      0.623      45.738    CORE65LPSVT 
HS65_LS_AO31X9             30     124.800      0.158       6.013    CORE65LPSVT 
HS65_LS_AO32X4             87     407.160      0.205      18.137    CORE65LPSVT 
HS65_LS_AO32X9              1       5.200      0.005       0.244    CORE65LPSVT 
HS65_LS_AOI12X12          132     686.400      1.228      25.597    CORE65LPSVT 
HS65_LS_AOI12X17           38     256.880      0.603      10.515    CORE65LPSVT 
HS65_LS_AOI12X2           523    1359.800      0.689      30.450    CORE65LPSVT 
HS65_LS_AOI12X23            7      61.880      0.155       2.447    CORE65LPSVT 
HS65_LS_AOI12X35            1      13.000      0.032       0.610    CORE65LPSVT 
HS65_LS_AOI12X6           345    1076.400      1.645      40.405    CORE65LPSVT 
HS65_LS_AOI13X15            2      17.680      0.025       0.936    CORE65LPSVT 
HS65_LS_AOI13X20            1      11.960      0.016       0.711    CORE65LPSVT 
HS65_LS_AOI13X31           18     308.880      0.431      14.156    CORE65LPSVT 
HS65_LS_AOI211X4           41     149.240      0.165       3.842    CORE65LPSVT 
HS65_LS_AOI212X4          156     648.960      0.587      37.111    CORE65LPSVT 
HS65_LS_AOI21X12            6      31.200      0.050       2.245    CORE65LPSVT 
HS65_LS_AOI21X6            25      78.000      0.099       2.717    CORE65LPSVT 
HS65_LS_AOI22X6           213     775.320      0.646      47.284    CORE65LPSVT 
HS65_LS_BFX106            185    2212.600     10.566     184.949    CORE65LPSVT 
HS65_LS_BFX142            109    1700.400      8.398     154.337    CORE65LPSVT 
HS65_LS_BFX18              39     121.680      0.310       6.789    CORE65LPSVT 
HS65_LS_BFX213             26     581.360      3.062      52.722    CORE65LPSVT 
HS65_LS_BFX27             260     946.400      3.290      63.495    CORE65LPSVT 
HS65_LS_BFX35              78     405.600      1.357      24.852    CORE65LPSVT 
HS65_LS_BFX44             134     766.480      2.986      53.976    CORE65LPSVT 
HS65_LS_BFX53             231    1441.440      6.222     166.677    CORE65LPSVT 
HS65_LS_BFX62              17     132.600      0.547       8.735    CORE65LPSVT 
HS65_LS_BFX71              43     357.760      1.591      28.907    CORE65LPSVT 
HS65_LS_BFX9               94     195.520      0.315      12.036    CORE65LPSVT 
HS65_LS_CB4I1X18           13      67.600      0.160       3.759    CORE65LPSVT 
HS65_LS_CB4I1X9           203     844.480      0.953      30.683    CORE65LPSVT 
HS65_LS_CB4I6X18          350    1820.000      3.483     283.647    CORE65LPSVT 
HS65_LS_CB4I6X9           681    2832.960      3.092     180.287    CORE65LPSVT 
HS65_LS_CBI4I1X11          95     592.800      0.595      58.915    CORE65LPSVT 
HS65_LS_CBI4I1X16          21     185.640      0.175       5.828    CORE65LPSVT 
HS65_LS_CBI4I1X21          19     227.240      0.221       7.012    CORE65LPSVT 
HS65_LS_CBI4I1X5          696    2533.440      3.525     205.208    CORE65LPSVT 
HS65_LS_CBI4I6X14           4      35.360      0.048       1.008    CORE65LPSVT 
HS65_LS_CBI4I6X5           50     182.000      0.200       5.579    CORE65LPSVT 
HS65_LS_CBI4I6X9           18     112.320      0.130       3.255    CORE65LPSVT 
HS65_LS_CNIVX103           14     167.440      0.640       5.165    CORE65LPSVT 
HS65_LS_CNIVX124           14     196.560      0.778       6.739    CORE65LPSVT 
HS65_LS_CNIVX14             1       2.600      0.005       0.089    CORE65LPSVT 
HS65_LS_CNIVX21             1       3.120      0.008       0.312    CORE65LPSVT 
HS65_LS_CNIVX27            19      69.160      0.174       3.036    CORE65LPSVT 
HS65_LS_CNIVX34            19      88.920      0.221       4.304    CORE65LPSVT 
HS65_LS_CNIVX41             3      15.600      0.046       0.852    CORE65LPSVT 
HS65_LS_CNIVX48             1       6.240      0.017       0.253    CORE65LPSVT 
HS65_LS_CNIVX55             5      33.800      0.114       1.267    CORE65LPSVT 
HS65_LS_CNIVX62            15     109.200      0.352       7.254    CORE65LPSVT 
HS65_LS_CNIVX7             19      29.640      0.039       0.808    CORE65LPSVT 
HS65_LS_CNIVX82             6      59.280      0.218       1.955    CORE65LPSVT 
HS65_LS_DFPHQX9         10270  106808.000    103.255   51308.286    CORE65LPSVT 
HS65_LS_DFPRQNX9          429    4461.600      4.224    1490.267    CORE65LPSVT 
HS65_LS_DFPRQX18           10     109.200      0.132      36.143    CORE65LPSVT 
HS65_LS_DFPRQX27           40     478.400      0.666     148.346    CORE65LPSVT 
HS65_LS_DFPRQX35          187    2333.760      3.767     714.592    CORE65LPSVT 
HS65_LS_DFPRQX9            34     353.600      0.341     119.316    CORE65LPSVT 
HS65_LS_FA1X18           4412   61944.480    107.226    8466.856    CORE65LPSVT 
HS65_LS_FA1X27           2907   61977.240    109.089    8629.611    CORE65LPSVT 
HS65_LS_FA1X4           17116  160205.760    106.774    9628.546    CORE65LPSVT 
HS65_LS_FA1X9           17393  189931.560    189.745   18818.395    CORE65LPSVT 
HS65_LS_HA1X18            873    6355.440     18.588     841.866    CORE65LPSVT 
HS65_LS_HA1X27            120    1435.200      4.095     114.297    CORE65LPSVT 
HS65_LS_HA1X35              5      67.600      0.229       4.784    CORE65LPSVT 
HS65_LS_HA1X4            2729   14190.800     14.248     769.418    CORE65LPSVT 
HS65_LS_HA1X9             931    5809.440      9.081     427.980    CORE65LPSVT 
HS65_LS_IVX106            147    1299.480      6.315      83.781    CORE65LPSVT 
HS65_LS_IVX142              4      47.840      0.232       2.221    CORE65LPSVT 
HS65_LS_IVX18            6295   13093.600     33.438     653.829    CORE65LPSVT 
HS65_LS_IVX2                1       1.560      0.001       0.036    CORE65LPSVT 
HS65_LS_IVX213              1      17.160      0.087       0.595    CORE65LPSVT 
HS65_LS_IVX27            1093    3410.160     10.108     156.839    CORE65LPSVT 
HS65_LS_IVX31              42     152.880      0.460       7.756    CORE65LPSVT 
HS65_LS_IVX35            1436    5227.040     18.044     233.176    CORE65LPSVT 
HS65_LS_IVX40              14      58.240      0.202       2.670    CORE65LPSVT 
HS65_LS_IVX44             676    2812.160     10.935     137.509    CORE65LPSVT 
HS65_LS_IVX53             416    2163.200      8.353     106.744    CORE65LPSVT 
HS65_LS_IVX62             110     629.200      2.603      34.076    CORE65LPSVT 
HS65_LS_IVX7               35      54.600      0.063       1.184    CORE65LPSVT 
HS65_LS_IVX71             155     967.200      4.273      48.402    CORE65LPSVT 
HS65_LS_IVX9            22158   34566.480     54.250    1424.901    CORE65LPSVT 
HS65_LS_MUX21I1X12        528    3569.280      6.591     259.765    CORE65LPSVT 
HS65_LS_MUX21I1X18        300    3120.000      6.378     181.990    CORE65LPSVT 
HS65_LS_MUX21I1X24          6      74.880      0.176       5.549    CORE65LPSVT 
HS65_LS_MUX21I1X6         395    1643.200      2.505     103.966    CORE65LPSVT 
HS65_LS_MUX21X18           39     243.360      0.690      39.795    CORE65LPSVT 
HS65_LS_MUX21X27            1       9.360      0.025       0.620    CORE65LPSVT 
HS65_LS_MUX21X4             1       4.160      0.005       0.521    CORE65LPSVT 
HS65_LS_MUX21X9           213     996.840      1.703      66.863    CORE65LPSVT 
HS65_LS_MUXI21X10           3      24.960      0.037       1.042    CORE65LPSVT 
HS65_LS_MUXI21X5            4      18.720      0.023       0.864    CORE65LPSVT 
HS65_LS_MUXI31X4            1       7.800      0.007       0.151    CORE65LPSVT 
HS65_LS_MUXI31X7           21     294.840      0.328      18.833    CORE65LPSVT 
HS65_LS_NAND2AX14         823    3423.680      7.732     204.151    CORE65LPSVT 
HS65_LS_NAND2AX21         501    2865.720      6.767     165.534    CORE65LPSVT 
HS65_LS_NAND2AX29          73     493.480      0.974      21.948    CORE65LPSVT 
HS65_LS_NAND2AX7         2106    6570.720     10.863     271.072    CORE65LPSVT 
HS65_LS_NAND2X11           55     200.200      0.310      14.168    CORE65LPSVT 
HS65_LS_NAND2X14         1411    5136.040      9.560     203.207    CORE65LPSVT 
HS65_LS_NAND2X21          714    3712.800      7.163     127.317    CORE65LPSVT 
HS65_LS_NAND2X29          319    1990.560      5.394      79.566    CORE65LPSVT 
HS65_LS_NAND2X43          295    2607.800      9.135     130.584    CORE65LPSVT 
HS65_LS_NAND2X5             3       6.240      0.003       0.123    CORE65LPSVT 
HS65_LS_NAND2X57           22     263.120      1.024      11.798    CORE65LPSVT 
HS65_LS_NAND2X7          9171   19075.680     23.159     772.705    CORE65LPSVT 
HS65_LS_NAND3AX6          124     451.360      0.433       6.046    CORE65LPSVT 
HS65_LS_NAND3X13           30     156.000      0.333       5.376    CORE65LPSVT 
HS65_LS_NAND3X19           16     108.160      0.268       3.739    CORE65LPSVT 
HS65_LS_NAND3X25            1       8.840      0.021       0.294    CORE65LPSVT 
HS65_LS_NAND3X5            68     176.800      0.178      10.440    CORE65LPSVT 
HS65_LS_NAND3X6            18      56.160      0.091       1.710    CORE65LPSVT 
HS65_LS_NAND4ABX6           3      12.480      0.024       0.347    CORE65LPSVT 
HS65_LS_NAND4X18           33     223.080      0.464      10.719    CORE65LPSVT 
HS65_LS_NAND4X27           45     374.400      1.005      20.962    CORE65LPSVT 
HS65_LS_NAND4X35            4      37.440      0.124       2.332    CORE65LPSVT 
HS65_LS_NOR2AX13          358    1489.280      3.347     143.574    CORE65LPSVT 
HS65_LS_NOR2AX19           37     211.640      0.405      11.925    CORE65LPSVT 
HS65_LS_NOR2AX25            4      27.040      0.051       1.048    CORE65LPSVT 
HS65_LS_NOR2AX3          3376    8777.600      8.667     347.029    CORE65LPSVT 
HS65_LS_NOR2AX6           509    1588.080      2.302      93.338    CORE65LPSVT 
HS65_LS_NOR2X13          1196    4353.440      7.808     250.443    CORE65LPSVT 
HS65_LS_NOR2X19           407    2116.400      4.128     100.909    CORE65LPSVT 
HS65_LS_NOR2X25           197    1229.280      3.084      48.659    CORE65LPSVT 
HS65_LS_NOR2X38           106     937.040      2.516      43.727    CORE65LPSVT 
HS65_LS_NOR2X50             5      59.800      0.125       2.866    CORE65LPSVT 
HS65_LS_NOR2X6           7909   16450.720     22.575     697.240    CORE65LPSVT 
HS65_LS_NOR2X9              7      25.480      0.033       0.745    CORE65LPSVT 
HS65_LS_NOR3X13             3      20.280      0.034       0.628    CORE65LPSVT 
HS65_LS_NOR3X18            17     150.280      0.270       4.918    CORE65LPSVT 
HS65_LS_NOR3X4             95     247.000      0.160       9.803    CORE65LPSVT 
HS65_LS_NOR3X9             86     402.480      0.666      36.200    CORE65LPSVT 
HS65_LS_OA112X18            4      18.720      0.044       2.654    CORE65LPSVT 
HS65_LS_OA112X9           253    1052.480      1.409      69.331    CORE65LPSVT 
HS65_LS_OA12X18           103     428.480      1.159      37.136    CORE65LPSVT 
HS65_LS_OA12X27            28     203.840      0.484      10.520    CORE65LPSVT 
HS65_LS_OA12X35            14     109.200      0.333       8.368    CORE65LPSVT 
HS65_LS_OA12X9            623    2267.720      3.181     128.090    CORE65LPSVT 
HS65_LS_OA212X4            43     223.600      0.130       3.769    CORE65LPSVT 
HS65_LS_OA32X18            60     343.200      0.529      58.648    CORE65LPSVT 
HS65_LS_OA32X4              1       4.680      0.003       0.098    CORE65LPSVT 
HS65_LS_OA32X9              2      10.400      0.008       1.229    CORE65LPSVT 
HS65_LS_OA33X18            21     141.960      0.205       7.309    CORE65LPSVT 
HS65_LS_OAI112X11          21     131.040      0.071       5.725    CORE65LPSVT 
HS65_LS_OAI112X16           3      26.520      0.027       1.133    CORE65LPSVT 
HS65_LS_OAI112X5           79     287.560      0.080      14.236    CORE65LPSVT 
HS65_LS_OAI12X12          379    1970.800      3.733     126.349    CORE65LPSVT 
HS65_LS_OAI12X18          397    2683.720      6.638     115.192    CORE65LPSVT 
HS65_LS_OAI12X24          215    1900.600      4.863      77.243    CORE65LPSVT 
HS65_LS_OAI12X3           752    1955.200      1.700      54.568    CORE65LPSVT 
HS65_LS_OAI12X37           39     507.000      1.334      21.780    CORE65LPSVT 
HS65_LS_OAI12X6           876    2733.120      4.157     158.168    CORE65LPSVT 
HS65_LS_OAI13X5           108     393.120      0.402      25.495    CORE65LPSVT 
HS65_LS_OAI212X10           1       8.320      0.012       0.311    CORE65LPSVT 
HS65_LS_OAI212X5            5      20.800      0.020       1.873    CORE65LPSVT 
HS65_LS_OAI21X12          232    1206.400      2.256      93.944    CORE65LPSVT 
HS65_LS_OAI21X18            9      60.840      0.138       4.082    CORE65LPSVT 
HS65_LS_OAI21X3          1621    4214.600      3.244     141.567    CORE65LPSVT 
HS65_LS_OAI21X37            4      52.000      0.127       2.687    CORE65LPSVT 
HS65_LS_OAI21X6            38     118.560      0.146       6.898    CORE65LPSVT 
HS65_LS_OAI21X9            60     312.000      0.352      17.485    CORE65LPSVT 
HS65_LS_OAI22X11            4      24.960      0.036       2.127    CORE65LPSVT 
HS65_LS_OAI22X6           141     513.240      0.585      37.153    CORE65LPSVT 
HS65_LS_OAI311X10          21     163.800      0.313      18.862    CORE65LPSVT 
HS65_LS_OAI32X14            1      10.920      0.016       0.320    CORE65LPSVT 
HS65_LS_OAI32X5           443    1842.880      1.175      82.879    CORE65LPSVT 
HS65_LS_OAI32X9            61     475.800      0.590      58.200    CORE65LPSVT 
HS65_LS_OR2ABX18            2       8.320      0.017       0.274    CORE65LPSVT 
HS65_LS_OR2ABX27            2      11.440      0.025       0.543    CORE65LPSVT 
HS65_LS_OR2X18            276    1004.640      2.521     110.944    CORE65LPSVT 
HS65_LS_OR2X27             34     194.480      0.467      11.965    CORE65LPSVT 
HS65_LS_OR2X9            1738    5422.560      7.797     320.220    CORE65LPSVT 
HS65_LS_PAO2X18           201    1149.720      2.289     149.326    CORE65LPSVT 
HS65_LS_PAO2X9           1834    8583.120      8.524     781.908    CORE65LPSVT 
HS65_LS_PAOI2X1           429    1561.560      0.513      55.141    CORE65LPSVT 
HS65_LS_PAOI2X11           15     117.000      0.130       9.012    CORE65LPSVT 
HS65_LS_PAOI2X6           955    3972.800      3.814     208.818    CORE65LPSVT 
HS65_LS_XNOR2X18          981    6631.560     21.528     708.022    CORE65LPSVT 
HS65_LS_XNOR2X27           53     551.200      1.666      50.852    CORE65LPSVT 
HS65_LS_XNOR2X35           38     434.720      1.652      47.322    CORE65LPSVT 
HS65_LS_XNOR2X4           182     851.760      1.034      40.209    CORE65LPSVT 
HS65_LS_XNOR2X9           821    4269.200      8.028     285.517    CORE65LPSVT 
HS65_LS_XOR2X18           970    6557.200     21.297     680.179    CORE65LPSVT 
HS65_LS_XOR2X27           591    6146.400     18.866     510.089    CORE65LPSVT 
HS65_LS_XOR2X35           481    5502.640     21.091     572.322    CORE65LPSVT 
HS65_LS_XOR2X4            333    1558.440      1.988      91.344    CORE65LPSVT 
HS65_LS_XOR2X9           1071    5569.200     10.628     502.103    CORE65LPSVT 
HS65_LS_XOR3X18            26     297.440      0.416      15.074    CORE65LPSVT 
HS65_LS_XOR3X9           1019    9537.840      7.451     304.011    CORE65LPSVT 
--------------------------------------------------------------------------------
total                  159688  955028.880   1309.350  121002.611                


                                             Leakage  Leakage  Internal  Internal 
     Type      Instances    Area    Area % Power (uW) Power % Power (uW)  Power % 
----------------------------------------------------------------------------------
sequential         10970 114544.560   12.0    112.384     8.6  53816.950     44.5 
inverter           32700  65282.360    6.8    151.977    11.6   2925.753      2.4 
buffer              1216   8861.840    0.9     38.644     3.0    757.475      0.6 
logic             114802 766340.120   80.2   1006.346    76.9  63502.433     52.5 
physical_cells         0      0.000    0.0      0.000     0.0      0.000      0.0 
----------------------------------------------------------------------------------
total             159688 955028.880  100.0   1309.350   100.0 121002.611    100.0 

