============================================================
  Generated by:           Genus(TM) Synthesis Solution 17.10-p007_1
  Generated on:           Nov 20 2019  11:01:19 am
  Module:                 FME_INTER_2
  Technology libraries:   CORE65LPSVT 
                          CLOCK65LPSVT 
                          physical_cells 
  Operating conditions:   _nominal_ 
  Interconnect mode:      global
  Area mode:              physical library
============================================================

            Instance                       Module           Cells  Cell Area  Net Area   Total Area 
----------------------------------------------------------------------------------------------------
FME_INTER_2                                                 15852      88515     40142       128657 
  U_buffer                       buffer_shift               12425      67386     29847        97233 
  U_inter                        interpolation_bit_width10   2241      13393      5041        18434 
  U_crtl                         CRTL_bit_width10              83        461       159          620 
  clipping[15].U_clip            clip8_bit_width10_904         11         38         9           47 
  clipping[14].U_clip            clip8_bit_width10_905         11         38         9           47 
  clipping[12].U_clip            clip8_bit_width10_906         11         38         9           47 
  clipping[11].U_clip            clip8_bit_width10_907         11         38         9           47 
  clipping[9].U_clip             clip8_bit_width10_908         11         38         9           47 
  clipping[8].U_clip             clip8_bit_width10_909         11         38         9           47 
  clipping[6].U_clip             clip8_bit_width10_910         11         38         9           47 
  clipping[5].U_clip             clip8_bit_width10_911         11         38         9           47 
  clipping[3].U_clip             clip8_bit_width10_912         11         38         9           47 
  clipping[2].U_clip             clip8_bit_width10_913         11         38         9           47 
  clipping[0].U_clip             clip8_bit_width10             11         38         9           47 
  clipping[50].U_clip_gte_446_34 geq_signed_2160                3         14         3           16 
  clipping[48].U_clip_gte_446_34 geq_signed_2160_7703           3         14         3           16 
  clipping[47].U_clip_gte_446_34 geq_signed_2160_7702           3         14         3           16 
  clipping[45].U_clip_gte_446_34 geq_signed_2160_7701           3         14         3           16 
  clipping[44].U_clip_gte_446_34 geq_signed_2160_7700           3         14         3           16 
  clipping[42].U_clip_gte_446_34 geq_signed_2160_7699           3         14         3           16 
  clipping[41].U_clip_gte_446_34 geq_signed_2160_7698           3         14         3           16 
  clipping[39].U_clip_gte_446_34 geq_signed_2160_7697           3         14         3           16 
  clipping[38].U_clip_gte_446_34 geq_signed_2160_7696           3         14         3           16 
  clipping[36].U_clip_gte_446_34 geq_signed_2160_7695           3         14         3           16 
  clipping[35].U_clip_gte_446_34 geq_signed_2160_7694           3         14         3           16 
  clipping[33].U_clip_gte_446_34 geq_signed_2160_7693           3         14         3           16 
  clipping[32].U_clip_gte_446_34 geq_signed_2160_7692           3         14         3           16 
  clipping[30].U_clip_gte_446_34 geq_signed_2160_7691           3         14         3           16 
  clipping[29].U_clip_gte_446_34 geq_signed_2160_7690           3         14         3           16 
  clipping[27].U_clip_gte_446_34 geq_signed_2160_7689           3         14         3           16 
  clipping[26].U_clip_gte_446_34 geq_signed_2160_7688           3         14         3           16 
  clipping[24].U_clip_gte_446_34 geq_signed_2160_7687           3         14         3           16 
  clipping[23].U_clip_gte_446_34 geq_signed_2160_7686           3         14         3           16 
  clipping[21].U_clip_gte_446_34 geq_signed_2160_7685           3         14         3           16 
  clipping[20].U_clip_gte_446_34 geq_signed_2160_7684           3         14         3           16 
  clipping[18].U_clip_gte_446_34 geq_signed_2160_7683           3         14         3           16 
  clipping[17].U_clip_gte_446_34 geq_signed_2160_7682           3         14         3           16 
  clipping[16].U_clip            clip8_bit_width10_1_925        3          9         0            9 
  clipping[13].U_clip            clip8_bit_width10_1_926        3          9         0            9 
  clipping[10].U_clip            clip8_bit_width10_1_927        3          9         0            9 
  clipping[7].U_clip             clip8_bit_width10_1_928        3          9         0            9 
  clipping[4].U_clip             clip8_bit_width10_1_929        3          9         0            9 
  clipping[1].U_clip             clip8_bit_width10_1            3          9         0            9 
