============================================================
  Generated by:           Genus(TM) Synthesis Solution 17.10-p007_1
  Generated on:           Feb 21 2020  06:03:39 pm
  Module:                 filter_regular
  Technology libraries:   CORE65LPSVT 
                          CLOCK65LPSVT 
                          physical_cells 
  Operating conditions:   _nominal_ 
  Interconnect mode:      global
  Area mode:              physical library
============================================================

                                           Leakage   Internal  
       Gate        Instances     Area    Power (uW) Power (uW)     Library    
------------------------------------------------------------------------------
HS65_LSS_XNOR2X6        2915   12126.400     19.539    575.440    CORE65LPSVT 
HS65_LSS_XNOR3X2         215    1788.800      0.965     36.593    CORE65LPSVT 
HS65_LSS_XOR2X6         3547   14755.520     20.681    900.261    CORE65LPSVT 
HS65_LSS_XOR3X2         1691   13189.800      9.239    306.897    CORE65LPSVT 
HS65_LS_AND2ABX27         65     371.800      0.881     47.715    CORE65LPSVT 
HS65_LS_AND2X4           842    2189.200      1.951     64.927    CORE65LPSVT 
HS65_LS_AO112X9          220     915.200      0.986     36.505    CORE65LPSVT 
HS65_LS_AO12X9          1351    4917.640      6.520    269.143    CORE65LPSVT 
HS65_LS_AO31X9             3      12.480      0.012      0.240    CORE65LPSVT 
HS65_LS_AO32X4           780    3650.400      1.776    157.238    CORE65LPSVT 
HS65_LS_AOI12X2         1123    2919.800      1.687     50.732    CORE65LPSVT 
HS65_LS_AOI12X6            1       3.120      0.004      0.087    CORE65LPSVT 
HS65_LS_AOI211X4           6      21.840      0.021      0.475    CORE65LPSVT 
HS65_LS_AOI212X4         124     515.840      0.461     32.313    CORE65LPSVT 
HS65_LS_AOI21X2          427    1110.200      0.541     21.388    CORE65LPSVT 
HS65_LS_AOI21X6          194     605.280      0.781     22.636    CORE65LPSVT 
HS65_LS_AOI22X6           68     247.520      0.202     30.091    CORE65LPSVT 
HS65_LS_AOI312X4          41     213.200      0.209      4.034    CORE65LPSVT 
HS65_LS_BFX18            615    1918.800      4.975    105.439    CORE65LPSVT 
HS65_LS_BFX27            263     957.320      3.328     69.169    CORE65LPSVT 
HS65_LS_BFX9               1       2.080      0.004      0.115    CORE65LPSVT 
HS65_LS_CB4I1X9           65     270.400      0.286      8.642    CORE65LPSVT 
HS65_LS_CB4I6X9          502    2088.320      2.274     70.563    CORE65LPSVT 
HS65_LS_CBI4I1X5         236     859.040      0.929     38.555    CORE65LPSVT 
HS65_LS_CBI4I6X5           3      10.920      0.007      0.705    CORE65LPSVT 
HS65_LS_CNIVX7            60      93.600      0.111      3.089    CORE65LPSVT 
HS65_LS_DFPHQX9        10270  106808.000    103.255  10954.085    CORE65LPSVT 
HS65_LS_DFPRQNX9         238    2475.200      2.343    168.536    CORE65LPSVT 
HS65_LS_DFPRQX18          21     229.320      0.277     16.649    CORE65LPSVT 
HS65_LS_DFPRQX27         124    1483.040      2.064    111.185    CORE65LPSVT 
HS65_LS_DFPRQX35         293    3656.640      5.902    301.508    CORE65LPSVT 
HS65_LS_DFPRQX9           24     249.600      0.240     17.192    CORE65LPSVT 
HS65_LS_FA1X4          47013  440041.680    293.047  29592.181    CORE65LPSVT 
HS65_LS_HA1X4           5331   27721.200     27.829   1394.856    CORE65LPSVT 
HS65_LS_IVX18           1862    3872.960      9.779    197.972    CORE65LPSVT 
HS65_LS_IVX2               1       1.560      0.001      0.037    CORE65LPSVT 
HS65_LS_IVX27            513    1600.560      4.683     83.510    CORE65LPSVT 
HS65_LS_IVX35            684    2489.760      8.576    128.920    CORE65LPSVT 
HS65_LS_IVX44             25     104.000      0.402      7.387    CORE65LPSVT 
HS65_LS_IVX53              1       5.200      0.020      0.144    CORE65LPSVT 
HS65_LS_IVX9           23919   37313.640     58.348   1679.850    CORE65LPSVT 
HS65_LS_MUX21I1X6        130     540.800      0.820     23.732    CORE65LPSVT 
HS65_LS_MUXI21X2         127     462.280      0.370     12.235    CORE65LPSVT 
HS65_LS_NAND2AX7         687    2143.440      3.091     77.081    CORE65LPSVT 
HS65_LS_NAND2X7         3467    7211.360      8.891    220.057    CORE65LPSVT 
HS65_LS_NAND3AX6          82     298.480      0.493      7.448    CORE65LPSVT 
HS65_LS_NAND3X5           83     215.800      0.132      1.725    CORE65LPSVT 
HS65_LS_NAND4ABX3         41     149.240      0.177      3.090    CORE65LPSVT 
HS65_LS_NOR2AX3         1934    5028.400      4.949    163.373    CORE65LPSVT 
HS65_LS_NOR2X6          4294    8931.520     11.909    272.948    CORE65LPSVT 
HS65_LS_NOR3AX2           21      65.520      0.067      1.586    CORE65LPSVT 
HS65_LS_NOR3X4            65     169.000      0.224      3.866    CORE65LPSVT 
HS65_LS_NOR4ABX2           3      10.920      0.008      0.096    CORE65LPSVT 
HS65_LS_OA112X9            3      12.480      0.018      0.569    CORE65LPSVT 
HS65_LS_OA12X9           369    1343.160      1.813     65.873    CORE65LPSVT 
HS65_LS_OA212X4           62     322.400      0.174      7.102    CORE65LPSVT 
HS65_LS_OAI112X5          24      87.360      0.150      2.512    CORE65LPSVT 
HS65_LS_OAI12X3         1647    4282.200      3.323     91.745    CORE65LPSVT 
HS65_LS_OAI211X5          41     149.240      0.136      6.843    CORE65LPSVT 
HS65_LS_OAI21X3          453    1177.800      1.024     37.838    CORE65LPSVT 
HS65_LS_OAI22X6          130     473.200      0.516     55.302    CORE65LPSVT 
HS65_LS_OAI32X5           62     257.920      0.166     21.432    CORE65LPSVT 
HS65_LS_OR2X9           1437    4483.440      6.727    328.121    CORE65LPSVT 
HS65_LS_OR4X4             41     213.200      0.176      3.781    CORE65LPSVT 
HS65_LS_PAO2X9          3324   15556.320     15.377   1639.099    CORE65LPSVT 
HS65_LS_PAOI2X1         1213    4415.320      1.492     71.833    CORE65LPSVT 
HS65_LS_PAOI3X1           41     149.240      0.049      2.137    CORE65LPSVT 
HS65_LS_XOR2X9            86     447.200      0.852     25.379    CORE65LPSVT 
HS65_LS_XOR3X9           197    1843.920      1.444     71.984    CORE65LPSVT 
------------------------------------------------------------------------------
total                 125741  754248.040    659.705  50725.792                


                                             Leakage  Leakage  Internal  Internal 
     Type      Instances    Area    Area % Power (uW) Power % Power (uW)  Power % 
----------------------------------------------------------------------------------
sequential         10970 114901.800   15.2    114.081    17.3  11569.155     22.8 
inverter           27065  45481.280    6.0     81.919    12.4   2100.910      4.1 
buffer               879   2878.200    0.4      8.307     1.3    174.723      0.3 
logic              86827 590986.760   78.4    455.397    69.0  36881.004     72.7 
physical_cells         0      0.000    0.0      0.000     0.0      0.000      0.0 
----------------------------------------------------------------------------------
total             125741 754248.040  100.0    659.705   100.0  50725.792    100.0 

