============================================================
  Generated by:           Genus(TM) Synthesis Solution 17.10-p007_1
  Generated on:           Jan 28 2020  11:33:44 am
  Module:                 INTER_2
  Technology libraries:   CORE65LPSVT 
                          CLOCK65LPSVT 
                          physical_cells 
  Operating conditions:   _nominal_ 
  Interconnect mode:      global
  Area mode:              physical library
============================================================

                                           Leakage   Internal  
       Gate        Instances     Area    Power (uW) Power (uW)     Library    
------------------------------------------------------------------------------
HS65_LSS_XNOR2X12        520    3515.200      7.078    211.707    CORE65LPSVT 
HS65_LSS_XNOR2X6        1300    5408.000      8.884    282.776    CORE65LPSVT 
HS65_LSS_XOR2X6          390    1622.400      2.113    226.114    CORE65LPSVT 
HS65_LS_AND2X18          130     473.200      1.207     17.910    CORE65LPSVT 
HS65_LS_AND2X27          260    1487.200      4.245     90.175    CORE65LPSVT 
HS65_LS_AND2X35          130     811.200      3.063     62.762    CORE65LPSVT 
HS65_LS_AND2X9           390    1216.800      1.831     52.204    CORE65LPSVT 
HS65_LS_AOI13X15         130    1149.200      2.615     40.660    CORE65LPSVT 
HS65_LS_BFX18             64     199.680      0.517     10.229    CORE65LPSVT 
HS65_LS_BFX27            260     946.400      3.290     62.658    CORE65LPSVT 
HS65_LS_BFX53            128     798.720      3.448     61.557    CORE65LPSVT 
HS65_LS_BFX9             130     270.400      0.468     11.795    CORE65LPSVT 
HS65_LS_CB4I6X9          130     540.800      0.659     39.305    CORE65LPSVT 
HS65_LS_CBI4I1X16        130    1149.200      2.156     42.284    CORE65LPSVT 
HS65_LS_CBI4I1X21        260    3109.600      6.323    116.711    CORE65LPSVT 
HS65_LS_CBI4I1X5         130     473.200      0.665     16.035    CORE65LPSVT 
HS65_LS_CNIVX21          153     477.360      0.945     19.143    CORE65LPSVT 
HS65_LS_CNIVX27          130     473.200      1.123     22.597    CORE65LPSVT 
HS65_LS_CNIVX34          130     608.400      1.459     25.415    CORE65LPSVT 
HS65_LS_DFPRQX18          64     698.880      0.845    316.476    CORE65LPSVT 
HS65_LS_DFPRQX4         1560   16224.000     13.633   8025.452    CORE65LPSVT 
HS65_LS_DFPRQX9          596    6198.400      5.969   2868.263    CORE65LPSVT 
HS65_LS_FA1X18           520    7300.800     11.904    867.900    CORE65LPSVT 
HS65_LS_FA1X27          1040   22172.800     37.754   2431.527    CORE65LPSVT 
HS65_LS_FA1X4            390    3650.400      2.436    153.548    CORE65LPSVT 
HS65_LS_FA1X9            130    1419.600      1.431     41.749    CORE65LPSVT 
HS65_LS_HA1X18           260    1892.800      5.313    326.091    CORE65LPSVT 
HS65_LS_HA1X27           260    3109.600      8.636    445.292    CORE65LPSVT 
HS65_LS_HA1X4            325    1690.000      1.669     90.723    CORE65LPSVT 
HS65_LS_HA1X9            390    2433.600      3.729    213.637    CORE65LPSVT 
HS65_LS_IVX18           2212    4600.960     12.037    169.253    CORE65LPSVT 
HS65_LS_IVX2               1       1.560      0.001      0.076    CORE65LPSVT 
HS65_LS_IVX22            130     405.600      0.991     20.566    CORE65LPSVT 
HS65_LS_IVX27            755    2355.600      6.980     88.564    CORE65LPSVT 
HS65_LS_IVX31            130     473.200      1.423     25.739    CORE65LPSVT 
HS65_LS_IVX35            260     946.400      3.230     29.827    CORE65LPSVT 
HS65_LS_IVX44            130     540.800      2.085     32.660    CORE65LPSVT 
HS65_LS_IVX62            130     743.600      3.078     58.320    CORE65LPSVT 
HS65_LS_IVX9            1300    2028.000      3.288     52.102    CORE65LPSVT 
HS65_LS_MUXI21X10        130    1081.600      1.589     93.152    CORE65LPSVT 
HS65_LS_MUXI21X5         130     608.400      0.748     17.540    CORE65LPSVT 
HS65_LS_NAND2AX14        910    3785.600      9.734    141.104    CORE65LPSVT 
HS65_LS_NAND2AX21        260    1487.200      4.569     95.089    CORE65LPSVT 
HS65_LS_NAND2AX7         910    2839.200      4.027     67.174    CORE65LPSVT 
HS65_LS_NAND2X14        1170    4258.800      8.576    135.336    CORE65LPSVT 
HS65_LS_NAND2X21         390    2028.000      5.211     77.873    CORE65LPSVT 
HS65_LS_NAND2X29         130     811.200      2.619     32.992    CORE65LPSVT 
HS65_LS_NAND2X57         130    1554.800      4.757     60.675    CORE65LPSVT 
HS65_LS_NAND2X7         1300    2704.000      3.408     99.561    CORE65LPSVT 
HS65_LS_NOR2AX19         390    2230.800      5.276     90.577    CORE65LPSVT 
HS65_LS_NOR2AX3         1040    2704.000      2.620     71.879    CORE65LPSVT 
HS65_LS_NOR2AX6          260     811.200      1.283     36.681    CORE65LPSVT 
HS65_LS_NOR2X13          260     946.400      1.540     82.716    CORE65LPSVT 
HS65_LS_NOR2X19          260    1352.000      2.853     80.142    CORE65LPSVT 
HS65_LS_NOR2X25          260    1622.400      4.181    113.590    CORE65LPSVT 
HS65_LS_NOR2X38          260    2298.400      5.518     86.732    CORE65LPSVT 
HS65_LS_NOR2X6           780    1622.400      2.247     44.464    CORE65LPSVT 
HS65_LS_OA12X18          650    2704.000      7.702    177.558    CORE65LPSVT 
HS65_LS_OA12X27          130     946.400      2.445     42.018    CORE65LPSVT 
HS65_LS_OA12X9           130     473.200      0.668     23.902    CORE65LPSVT 
HS65_LS_OA22X9           130     608.400      0.673     18.250    CORE65LPSVT 
HS65_LS_OAI112X11        130     811.200      1.644     29.186    CORE65LPSVT 
HS65_LS_OAI112X5         130     473.200      0.136     12.759    CORE65LPSVT 
HS65_LS_OAI12X12         130     676.000      1.251     69.471    CORE65LPSVT 
HS65_LS_OAI12X18         130     878.800      2.385     39.488    CORE65LPSVT 
HS65_LS_OAI13X15         130    1149.200      2.423     57.742    CORE65LPSVT 
HS65_LS_OAI211X11        130     811.200      1.552     28.079    CORE65LPSVT 
HS65_LS_OAI21X18         130     878.800      1.719     24.810    CORE65LPSVT 
HS65_LS_OAI21X3          130     338.000      0.266      9.286    CORE65LPSVT 
HS65_LS_OR2X18           130     473.200      1.383     27.020    CORE65LPSVT 
HS65_LS_OR2X35           130     811.200      2.537     49.202    CORE65LPSVT 
HS65_LS_OR2X9           1300    4056.000      5.729    162.606    CORE65LPSVT 
HS65_LS_PAO2X18          130     743.600      1.471     83.873    CORE65LPSVT 
HS65_LS_PAO2X9           260    1216.800      1.153     71.081    CORE65LPSVT 
HS65_LS_PAOI2X11         130    1014.000      1.004     76.367    CORE65LPSVT 
HS65_LS_PAOI2X17         130    1419.600      2.059     48.698    CORE65LPSVT 
HS65_LS_XNOR2X18         650    4394.000     14.248    372.791    CORE65LPSVT 
HS65_LS_XNOR2X9          260    1352.000      2.554     67.632    CORE65LPSVT 
HS65_LS_XOR2X18          260    1757.600      5.732    161.029    CORE65LPSVT 
HS65_LS_XOR2X27          260    2704.000      8.295    214.696    CORE65LPSVT 
HS65_LS_XOR2X35          130    1487.200      5.697    140.200    CORE65LPSVT 
------------------------------------------------------------------------------
total                  30298  170540.760    324.005  21104.825                


                                             Leakage  Leakage  Internal  Internal 
     Type      Instances    Area    Area % Power (uW) Power % Power (uW)  Power % 
----------------------------------------------------------------------------------
sequential          2220  23121.280   13.6     20.447     6.3  11210.191     53.1 
inverter            5461  13654.680    8.0     36.641    11.3    544.262      2.6 
buffer               582   2215.200    1.3      7.723     2.4    146.239      0.7 
logic              22035 131549.600   77.1    259.193    80.0   9204.132     43.6 
physical_cells         0      0.000    0.0      0.000     0.0      0.000      0.0 
----------------------------------------------------------------------------------
total              30298 170540.760  100.0    324.005   100.0  21104.825    100.0 

