============================================================
  Generated by:           Genus(TM) Synthesis Solution 17.10-p007_1
  Generated on:           Jan 28 2020  11:33:44 am
  Module:                 INTER_2
  Technology libraries:   CORE65LPSVT 
                          CLOCK65LPSVT 
                          physical_cells 
  Operating conditions:   _nominal_ 
  Interconnect mode:      global
  Area mode:              physical library
============================================================

                                     Leakage   Internal    Net        Dynamic          Total       
                                                                  (Internal+Net) (Leakage+Dynamic) 
           Instance           Cells Power(uW) Power(uW) Power(uW)    Power(uW)       Power(uW)     
---------------------------------------------------------------------------------------------------
INTER_2                       30298   324.005 21104.825 12719.382      33824.206         34148.211 
  gen_filter[43].U_S0           427     4.645   153.143   155.864        309.007           313.652 
    addinc_U_0_U_S0_add_18_16    75     0.842    13.339    16.582         29.921            30.763 
    addinc_U_1_U_S0_add_18_16    75     0.835    16.220    20.279         36.500            37.334 
    csa_tree_U.._18_10_groupi    54     0.712    43.509    34.076         77.586            78.298 
    csa_tree_U.._18_10_groupi    54     0.711    44.542    34.731         79.274            79.985 
    addinc_U_0_U_S1_add_18_16    61     0.592    13.049    12.973         26.022            26.614 
    addinc_U_1_U_S1_add_18_16    61     0.591    15.841    16.243         32.084            32.675 
    U_S10                         3     0.017     0.684     0.548          1.232             1.249 
      addinc_add_41_28            3     0.017     0.684     0.548          1.232             1.249 
  gen_filter[22].U_S0           427     4.634   151.116   151.432        302.548           307.182 
    addinc_U_0_U_S0_add_18_16    75     0.838    14.384    18.255         32.639            33.477 
    addinc_U_1_U_S0_add_18_16    75     0.835    13.923    17.940         31.863            32.698 
    csa_tree_U.._18_10_groupi    54     0.716    45.501    34.946         80.447            81.163 
    csa_tree_U.._18_10_groupi    54     0.715    43.159    33.038         76.198            76.912 
    addinc_U_0_U_S1_add_18_16    61     0.585    13.885    13.866         27.751            28.336 
    addinc_U_1_U_S1_add_18_16    61     0.583    14.007    13.962         27.969            28.552 
    U_S10                         3     0.017     0.780     0.621          1.401             1.418 
      addinc_add_41_28            3     0.017     0.780     0.621          1.401             1.418 
  gen_filter[21].U_S0           427     4.633   143.302   143.202        286.504           291.137 
    addinc_U_0_U_S0_add_18_16    75     0.840    13.286    16.159         29.445            30.285 
    addinc_U_1_U_S0_add_18_16    75     0.838    14.384    18.255         32.638            33.476 
    csa_tree_U.._18_10_groupi    54     0.717    41.841    31.584         73.426            74.143 
    csa_tree_U.._18_10_groupi    54     0.713    40.475    31.223         71.698            72.411 
    addinc_U_1_U_S1_add_18_16    61     0.585    13.885    13.866         27.750            28.335 
    addinc_U_0_U_S1_add_18_16    61     0.580    13.090    12.874         25.964            26.544 
    U_S10                         3     0.018     0.780     0.632          1.412             1.430 
      addinc_add_41_28            3     0.018     0.780     0.632          1.412             1.430 
  gen_filter[25].U_S0           427     4.632   144.131   145.830        289.961           294.594 
    addinc_U_0_U_S0_add_18_16    75     0.834    13.900    17.225         31.125            31.959 
    addinc_U_1_U_S0_add_18_16    75     0.833    15.487    18.451         33.938            34.771 
    csa_tree_U.._18_10_groupi    54     0.717    40.996    31.248         72.244            72.961 
    csa_tree_U.._18_10_groupi    54     0.712    39.050    30.532         69.582            70.294 
    addinc_U_0_U_S1_add_18_16    61     0.591    12.901    12.935         25.836            26.427 
    addinc_U_1_U_S1_add_18_16    61     0.586    15.358    15.493         30.851            31.437 
    U_S10                         3     0.017     0.791     0.636          1.427             1.445 
      addinc_add_41_28            3     0.017     0.791     0.636          1.427             1.445 
  gen_filter[3].U_S0            427     4.630   146.581   147.496        294.077           298.707 
    addinc_U_1_U_S0_add_18_16    75     0.841    13.926    16.799         30.725            31.566 
    addinc_U_0_U_S0_add_18_16    75     0.834    16.431    20.497         36.928            37.762 
    csa_tree_U.._18_10_groupi    54     0.715    42.087    32.793         74.879            75.594 
    csa_tree_U.._18_10_groupi    54     0.711    42.092    31.565         73.657            74.368 
    addinc_U_0_U_S1_add_18_16    61     0.588    13.474    13.523         26.998            27.585 
    addinc_U_1_U_S1_add_18_16    61     0.579    11.967    12.118         24.085            24.664 
    U_S10                         3     0.018     0.793     0.625          1.418             1.435 
      addinc_add_41_28            3     0.018     0.793     0.625          1.418             1.435 
  gen_filter[7].U_S0            427     4.628   154.542   154.369        308.911           313.540 
    addinc_U_1_U_S0_add_18_16    75     0.837    13.969    16.711         30.680            31.517 
    addinc_U_0_U_S0_add_18_16    75     0.832    15.100    19.229         34.329            35.161 
    csa_tree_U.._18_10_groupi    54     0.716    46.115    35.949         82.064            82.780 
    csa_tree_U.._18_10_groupi    54     0.715    45.489    35.250         80.739            81.454 
    addinc_U_0_U_S1_add_18_16    61     0.586    13.866    13.693         27.559            28.145 
    addinc_U_1_U_S1_add_18_16    61     0.580    13.794    13.791         27.585            28.165 
    U_S10                         3     0.017     0.612     0.467          1.079             1.096 
      addinc_add_41_28            3     0.017     0.612     0.467          1.079             1.096 
  gen_filter[42].U_S0           427     4.628   140.431   140.991        281.422           286.049 
    addinc_U_1_U_S0_add_18_16    75     0.842    13.339    16.582         29.921            30.763 
    addinc_U_0_U_S0_add_18_16    75     0.824    14.029    17.358         31.387            32.212 
    csa_tree_U.._18_10_groupi    54     0.713    40.512    31.454         71.966            72.679 
    csa_tree_U.._18_10_groupi    54     0.710    40.178    30.938         71.117            71.827 
    addinc_U_1_U_S1_add_18_16    61     0.592    13.049    12.973         26.021            26.614 
    addinc_U_0_U_S1_add_18_16    61     0.585    13.504    13.221         26.725            27.310 
    U_S10                         3     0.017     0.548     0.432          0.980             0.997 
      addinc_add_41_28            3     0.017     0.548     0.432          0.980             0.997 
  gen_filter[20].U_S0           427     4.627   153.090   151.696        304.785           309.412 
    addinc_U_1_U_S0_add_18_16    75     0.840    13.285    16.159         29.444            30.284 
    addinc_U_0_U_S0_add_18_16    75     0.834    16.044    20.287         36.331            37.165 
    csa_tree_U.._18_10_groupi    54     0.716    43.087    33.158         76.245            76.961 
    csa_tree_U.._18_10_groupi    54     0.715    46.256    34.600         80.857            81.572 
    addinc_U_0_U_S1_add_18_16    61     0.586    14.878    14.633         29.511            30.097 
    addinc_U_1_U_S1_add_18_16    61     0.580    13.090    12.874         25.963            26.543 
    U_S10                         3     0.017     0.781     0.632          1.413             1.430 
      addinc_add_41_28            3     0.017     0.781     0.632          1.413             1.430 
  gen_filter[4].U_S0            427     4.627   138.148   138.100        276.249           280.875 
    addinc_U_0_U_S0_add_18_16    75     0.841    13.926    16.799         30.725            31.566 
    addinc_U_1_U_S0_add_18_16    75     0.833    13.255    16.738         29.993            30.826 
    csa_tree_U.._18_10_groupi    54     0.713    39.700    30.986         70.686            71.399 
    csa_tree_U.._18_10_groupi    54     0.710    39.607    29.952         69.559            70.269 
    addinc_U_1_U_S1_add_18_16    61     0.591    14.016    14.114         28.130            28.721 
    addinc_U_0_U_S1_add_18_16    61     0.579    11.968    12.118         24.086            24.664 
    U_S10                         3     0.017     0.658     0.521          1.179             1.196 
      addinc_add_41_28            3     0.017     0.658     0.521          1.179             1.196 
  gen_filter[5].U_S0            427     4.624   148.503   148.928        297.431           302.055 
    addinc_U_0_U_S0_add_18_16    75     0.833    13.256    16.738         29.994            30.827 
    addinc_U_1_U_S0_add_18_16    75     0.827    15.499    18.863         34.362            35.190 
    csa_tree_U.._18_10_groupi    54     0.716    43.366    33.507         76.873            77.589 
    csa_tree_U.._18_10_groupi    54     0.713    41.316    32.018         73.333            74.046 
    addinc_U_0_U_S1_add_18_16    61     0.591    14.017    14.114         28.131            28.722 
    addinc_U_1_U_S1_add_18_16    61     0.582    14.974    14.997         29.971            30.553 
    U_S10                         3     0.017     0.665     0.509          1.174             1.191 
      addinc_add_41_28            3     0.017     0.665     0.509          1.174             1.191 
  gen_filter[6].U_S0            427     4.620   155.938   155.739        311.678           316.298 
    addinc_U_1_U_S0_add_18_16    75     0.832    15.100    19.229         34.329            35.161 
    addinc_U_0_U_S0_add_18_16    75     0.827    15.499    18.863         34.362            35.190 
    csa_tree_U.._18_10_groupi    54     0.716    45.039    35.070         80.109            80.825 
    csa_tree_U.._18_10_groupi    54     0.714    44.963    34.071         79.034            79.748 
    addinc_U_1_U_S1_add_18_16    61     0.586    13.865    13.693         27.559            28.145 
    addinc_U_0_U_S1_add_18_16    61     0.582    14.974    14.997         29.972            30.554 
    U_S10                         3     0.017     0.753     0.605          1.359             1.376 
      addinc_add_41_28            3     0.017     0.753     0.605          1.359             1.376 
  gen_filter[59].U_S0           427     4.619   154.823   156.187        311.009           315.628 
    addinc_U_1_U_S0_add_18_16    75     0.834    15.854    18.933         34.788            35.622 
    addinc_U_0_U_S0_add_18_16    75     0.826    14.884    18.850         33.734            34.560 
    csa_tree_U.._18_10_groupi    54     0.717    43.916    34.563         78.479            79.196 
    csa_tree_U.._18_10_groupi    54     0.710    45.208    34.647         79.855            80.565 
    addinc_U_0_U_S1_add_18_16    61     0.586    13.547    13.371         26.917            27.503 
    addinc_U_1_U_S1_add_18_16    61     0.586    14.691    14.542         29.233            29.819 
    U_S10                         3     0.017     0.706     0.552          1.258             1.275 
      addinc_add_41_28            3     0.017     0.706     0.552          1.258             1.275 
  gen_filter[12].U_S0           427     4.618   169.667   167.860        337.526           342.145 
    addinc_U_0_U_S0_add_18_16    75     0.832    16.211    19.972         36.182            37.015 
    addinc_U_1_U_S0_add_18_16    75     0.827    15.981    18.879         34.860            35.687 
    csa_tree_U.._18_10_groupi    54     0.714    50.396    38.253         88.649            89.362 
    csa_tree_U.._18_10_groupi    54     0.710    49.753    38.715         88.468            89.179 
    addinc_U_0_U_S1_add_18_16    61     0.589    15.360    15.458         30.818            31.406 
    addinc_U_1_U_S1_add_18_16    61     0.584    15.319    15.425         30.744            31.328 
    U_S10                         3     0.018     0.663     0.544          1.206             1.224 
      addinc_add_41_28            3     0.018     0.663     0.544          1.206             1.224 
  gen_filter[9].U_S0            427     4.618   151.717   151.586        303.303           307.921 
    addinc_U_1_U_S0_add_18_16    75     0.836    17.000    21.024         38.024            38.860 
    addinc_U_0_U_S0_add_18_16    75     0.826    12.645    15.765         28.410            29.236 
    csa_tree_U.._18_10_groupi    54     0.713    44.174    33.602         77.776            78.489 
    csa_tree_U.._18_10_groupi    54     0.710    42.743    32.727         75.470            76.180 
    addinc_U_1_U_S1_add_18_16    61     0.587    15.548    15.871         31.419            32.006 
    addinc_U_0_U_S1_add_18_16    61     0.584    12.844    12.397         25.241            25.825 
    U_S10                         3     0.017     0.953     0.779          1.731             1.749 
      addinc_add_41_28            3     0.017     0.953     0.779          1.731             1.749 
  gen_filter[29].U_S0           427     4.618   147.258   147.025        294.283           298.901 
    addinc_U_1_U_S0_add_18_16    75     0.830    13.357    16.261         29.619            30.449 
    addinc_U_0_U_S0_add_18_16    75     0.821    15.056    17.960         33.017            33.838 
    csa_tree_U.._18_10_groupi    54     0.715    43.455    33.019         76.474            77.190 
    csa_tree_U.._18_10_groupi    54     0.715    41.491    32.759         74.250            74.964 
    addinc_U_0_U_S1_add_18_16    61     0.588    14.425    14.172         28.598            29.186 
    addinc_U_1_U_S1_add_18_16    61     0.587    13.132    13.017         26.149            26.736 
    U_S10                         3     0.017     0.687     0.548          1.235             1.252 
      addinc_add_41_28            3     0.017     0.687     0.548          1.235             1.252 
  gen_filter[49].U_S0           427     4.618   155.643   156.819        312.462           317.080 
    addinc_U_0_U_S0_add_18_16    75     0.832    14.544    18.015         32.559            33.392 
    addinc_U_1_U_S0_add_18_16    75     0.826    14.455    18.118         32.574            33.400 
    csa_tree_U.._18_10_groupi    54     0.717    47.770    36.100         83.871            84.588 
    csa_tree_U.._18_10_groupi    54     0.715    42.975    34.144         77.119            77.834 
    addinc_U_1_U_S1_add_18_16    61     0.585    14.254    14.174         28.428            29.013 
    addinc_U_0_U_S1_add_18_16    61     0.580    15.101    15.513         30.613            31.193 
    U_S10                         3     0.017     0.615     0.488          1.103             1.120 
      addinc_add_41_28            3     0.017     0.615     0.488          1.103             1.120 
  gen_filter[35].U_S0           427     4.618   155.942   156.086        312.029           316.647 
    addinc_U_1_U_S0_add_18_16    75     0.829    15.673    18.635         34.308            35.137 
    addinc_U_0_U_S0_add_18_16    75     0.825    14.155    17.643         31.798            32.623 
    csa_tree_U.._18_10_groupi    54     0.716    45.612    34.943         80.555            81.271 
    csa_tree_U.._18_10_groupi    54     0.716    45.290    35.264         80.554            81.270 
    addinc_U_0_U_S1_add_18_16    61     0.592    13.953    14.080         28.033            28.625 
    addinc_U_1_U_S1_add_18_16    61     0.581    14.486    14.659         29.145            29.726 
    U_S10                         3     0.018     0.867     0.706          1.572             1.590 
      addinc_add_41_28            3     0.018     0.867     0.706          1.572             1.590 
  gen_filter[44].U_S0           427     4.617   158.583   162.340        320.923           325.540 
    addinc_U_0_U_S0_add_18_16    75     0.835    16.220    20.279         36.500            37.334 
    addinc_U_1_U_S0_add_18_16    75     0.823    14.723    18.377         33.100            33.923 
    csa_tree_U.._18_10_groupi    54     0.713    43.681    34.244         77.925            78.638 
    csa_tree_U.._18_10_groupi    54     0.708    45.926    36.346         82.271            82.980 
    addinc_U_0_U_S1_add_18_16    61     0.591    15.841    16.243         32.085            32.676 
    addinc_U_1_U_S1_add_18_16    61     0.586    15.015    15.116         30.131            30.717 
    U_S10                         3     0.017     0.865     0.692          1.557             1.574 
      addinc_add_41_28            3     0.017     0.865     0.692          1.557             1.574 
  gen_filter[23].U_S0           427     4.617   156.806   158.531        315.337           319.954 
    addinc_U_0_U_S0_add_18_16    75     0.835    13.923    17.940         31.863            32.698 
    addinc_U_1_U_S0_add_18_16    75     0.827    15.941    19.377         35.318            36.145 
    csa_tree_U.._18_10_groupi    54     0.716    45.140    36.063         81.203            81.919 
    csa_tree_U.._18_10_groupi    54     0.715    45.193    34.362         79.555            80.270 
    addinc_U_0_U_S1_add_18_16    61     0.583    14.008    13.962         27.969            28.553 
    addinc_U_1_U_S1_add_18_16    61     0.579    15.888    16.145         32.034            32.612 
    U_S10                         3     0.017     1.008     0.844          1.852             1.870 
      addinc_add_41_28            3     0.017     1.008     0.844          1.852             1.870 
  gen_filter[58].U_S0           427     4.617   136.391   139.117        275.508           280.125 
    addinc_U_0_U_S0_add_18_16    75     0.831    12.730    16.106         28.836            29.667 
    addinc_U_1_U_S0_add_18_16    75     0.826    14.884    18.850         33.734            34.560 
    csa_tree_U.._18_10_groupi    54     0.715    39.011    30.639         69.650            70.366 
    csa_tree_U.._18_10_groupi    54     0.715    37.425    28.796         66.221            66.936 
    addinc_U_1_U_S1_add_18_16    61     0.586    13.546    13.371         26.917            27.503 
    addinc_U_0_U_S1_add_18_16    61     0.582    12.517    12.437         24.955            25.536 
    U_S10                         3     0.018     0.874     0.706          1.579             1.597 
      addinc_add_41_28            3     0.018     0.874     0.706          1.579             1.597 
  gen_filter[8].U_S0            427     4.616   143.563   142.757        286.321           290.937 
    addinc_U_0_U_S0_add_18_16    75     0.837    13.969    16.711         30.680            31.517 
    addinc_U_1_U_S0_add_18_16    75     0.826    12.645    15.765         28.410            29.236 
    csa_tree_U.._18_10_groupi    54     0.715    43.023    33.251         76.274            76.989 
    csa_tree_U.._18_10_groupi    54     0.712    41.170    31.648         72.818            73.530 
    addinc_U_1_U_S1_add_18_16    61     0.584    12.843    12.397         25.240            25.824 
    addinc_U_0_U_S1_add_18_16    61     0.580    13.794    13.791         27.585            28.165 
    U_S10                         3     0.017     0.712     0.575          1.287             1.304 
      addinc_add_41_28            3     0.017     0.712     0.575          1.287             1.304 
  gen_filter[24].U_S0           427     4.616   149.214   150.706        299.920           304.536 
    addinc_U_1_U_S0_add_18_16    75     0.834    13.899    17.225         31.124            31.958 
    addinc_U_0_U_S0_add_18_16    75     0.827    15.941    19.377         35.318            36.146 
    csa_tree_U.._18_10_groupi    54     0.715    42.945    33.360         76.305            77.020 
    csa_tree_U.._18_10_groupi    54     0.712    41.122    31.793         72.915            73.627 
    addinc_U_1_U_S1_add_18_16    61     0.591    12.901    12.935         25.836            26.427 
    addinc_U_0_U_S1_add_18_16    61     0.579    15.889    16.145         32.034            32.613 
    U_S10                         3     0.017     0.814     0.652          1.466             1.484 
      addinc_add_41_28            3     0.017     0.814     0.652          1.466             1.484 
  gen_filter[2].U_S0            427     4.616   152.335   155.218        307.552           312.168 
    addinc_U_1_U_S0_add_18_16    75     0.834    16.431    20.497         36.928            37.762 
    addinc_U_0_U_S0_add_18_16    75     0.819    14.880    17.700         32.579            33.399 
    csa_tree_U.._18_10_groupi    54     0.716    43.369    34.374         77.744            78.460 
    csa_tree_U.._18_10_groupi    54     0.713    43.030    33.455         76.485            77.198 
    addinc_U_1_U_S1_add_18_16    61     0.588    13.474    13.523         26.997            27.585 
    addinc_U_0_U_S1_add_18_16    61     0.583    13.999    13.887         27.885            28.468 
    U_S10                         3     0.017     0.846     0.679          1.525             1.542 
      addinc_add_41_28            3     0.017     0.846     0.679          1.525             1.542 
  gen_filter[60].U_S0           427     4.616   165.711   167.887        333.598           338.214 
    addinc_U_0_U_S0_add_18_16    75     0.834    15.856    18.933         34.789            35.624 
    addinc_U_1_U_S0_add_18_16    75     0.825    16.933    20.286         37.219            38.044 
    csa_tree_U.._18_10_groupi    54     0.715    47.295    37.437         84.733            85.448 
    csa_tree_U.._18_10_groupi    54     0.714    47.312    37.356         84.669            85.383 
    addinc_U_0_U_S1_add_18_16    61     0.586    14.691    14.542         29.233            29.819 
    addinc_U_1_U_S1_add_18_16    61     0.578    16.167    16.165         32.332            32.910 
    U_S10                         3     0.017     0.955     0.779          1.733             1.751 
      addinc_add_41_28            3     0.017     0.955     0.779          1.733             1.751 
  gen_filter[51].U_S0           427     4.615   132.911   136.894        269.805           274.420 
    addinc_U_1_U_S0_add_18_16    75     0.830    13.313    16.740         30.053            30.883 
    addinc_U_0_U_S0_add_18_16    75     0.827    13.839    17.517         31.356            32.183 
    csa_tree_U.._18_10_groupi    54     0.715    37.325    29.548         66.873            67.588 
    csa_tree_U.._18_10_groupi    54     0.714    36.947    29.252         66.199            66.913 
    addinc_U_0_U_S1_add_18_16    61     0.587    12.969    12.708         25.677            26.265 
    addinc_U_1_U_S1_add_18_16    61     0.579    12.287    12.345         24.632            25.210 
    U_S10                         3     0.017     0.920     0.761          1.681             1.699 
      addinc_add_41_28            3     0.017     0.920     0.761          1.681             1.699 
  gen_filter[57].U_S0           427     4.615   142.953   142.913        285.866           290.481 
    addinc_U_1_U_S0_add_18_16    75     0.831    12.730    16.106         28.836            29.667 
    addinc_U_0_U_S0_add_18_16    75     0.826    14.872    18.591         33.463            34.289 
    csa_tree_U.._18_10_groupi    54     0.717    41.343    31.573         72.916            73.633 
    csa_tree_U.._18_10_groupi    54     0.716    41.966    32.153         74.119            74.835 
    addinc_U_0_U_S1_add_18_16    61     0.584    13.593    13.684         27.277            27.861 
    addinc_U_1_U_S1_add_18_16    61     0.582    12.517    12.437         24.954            25.536 
    U_S10                         3     0.018     0.640     0.528          1.168             1.186 
      addinc_add_41_28            3     0.018     0.640     0.528          1.168             1.186 
  gen_filter[41].U_S0           427     4.615   145.212   146.700        291.912           296.527 
    addinc_U_0_U_S0_add_18_16    75     0.828    15.485    19.019         34.504            35.332 
    addinc_U_1_U_S0_add_18_16    75     0.824    14.029    17.358         31.387            32.212 
    csa_tree_U.._18_10_groupi    54     0.715    40.475    31.533         72.008            72.723 
    csa_tree_U.._18_10_groupi    54     0.715    41.157    31.753         72.910            73.625 
    addinc_U_0_U_S1_add_18_16    61     0.586    14.243    14.257         28.499            29.086 
    addinc_U_1_U_S1_add_18_16    61     0.585    13.504    13.221         26.724            27.309 
    U_S10                         3     0.017     0.657     0.532          1.190             1.207 
      addinc_add_41_28            3     0.017     0.657     0.532          1.190             1.207 
  gen_filter[19].U_S0           427     4.615   147.394   150.057        297.450           302.065 
    addinc_U_1_U_S0_add_18_16    75     0.834    16.045    20.287         36.332            37.166 
    addinc_U_0_U_S0_add_18_16    75     0.819    14.219    17.900         32.119            32.938 
    csa_tree_U.._18_10_groupi    54     0.717    40.656    31.247         71.903            72.621 
    csa_tree_U.._18_10_groupi    54     0.713    41.951    32.718         74.669            75.381 
    addinc_U_0_U_S1_add_18_16    61     0.588    13.138    13.146         26.284            26.872 
    addinc_U_1_U_S1_add_18_16    61     0.586    14.877    14.633         29.511            30.097 
    U_S10                         3     0.017     0.863     0.694          1.557             1.574 
      addinc_add_41_28            3     0.017     0.863     0.694          1.557             1.574 
  gen_filter[56].U_S0           427     4.614   156.535   158.158        314.693           319.307 
    addinc_U_0_U_S0_add_18_16    75     0.826    15.845    20.644         36.489            37.315 
    addinc_U_1_U_S0_add_18_16    75     0.826    14.872    18.591         33.463            34.289 
    csa_tree_U.._18_10_groupi    54     0.716    44.315    34.172         78.487            79.203 
    csa_tree_U.._18_10_groupi    54     0.715    45.606    35.283         80.888            81.603 
    addinc_U_0_U_S1_add_18_16    61     0.588    15.509    15.168         30.678            31.266 
    addinc_U_1_U_S1_add_18_16    61     0.584    13.592    13.684         27.276            27.860 
    U_S10                         3     0.017     0.978     0.806          1.784             1.801 
      addinc_add_41_28            3     0.017     0.978     0.806          1.784             1.801 
  gen_filter[32].U_S0           427     4.614   145.445   148.079        293.523           298.137 
    addinc_U_1_U_S0_add_18_16    75     0.831    14.401    18.194         32.595            33.426 
    addinc_U_0_U_S0_add_18_16    75     0.830    13.988    17.382         31.370            32.199 
    csa_tree_U.._18_10_groupi    54     0.713    41.674    32.842         74.516            75.228 
    csa_tree_U.._18_10_groupi    54     0.711    40.003    31.175         71.179            71.890 
    addinc_U_0_U_S1_add_18_16    61     0.585    14.106    14.163         28.269            28.854 
    addinc_U_1_U_S1_add_18_16    61     0.585    14.782    14.534         29.316            29.900 
    U_S10                         3     0.017     0.782     0.632          1.414             1.431 
      addinc_add_41_28            3     0.017     0.782     0.632          1.414             1.431 
  gen_filter[26].U_S0           427     4.613   153.050   153.234        306.284           310.897 
    addinc_U_0_U_S0_add_18_16    75     0.833    15.488    18.451         33.939            34.772 
    addinc_U_1_U_S0_add_18_16    75     0.818    13.634    17.381         31.015            31.833 
    csa_tree_U.._18_10_groupi    54     0.714    42.145    32.490         74.635            75.350 
    csa_tree_U.._18_10_groupi    54     0.712    47.071    36.266         83.338            84.049 
    addinc_U_1_U_S1_add_18_16    61     0.590    12.842    13.187         26.029            26.619 
    addinc_U_0_U_S1_add_18_16    61     0.586    15.359    15.493         30.851            31.438 
    U_S10                         3     0.017     0.909     0.748          1.657             1.674 
      addinc_add_41_28            3     0.017     0.909     0.748          1.657             1.674 
  gen_filter[18].U_S0           427     4.612   143.553   148.806        292.360           296.972 
    addinc_U_0_U_S0_add_18_16    75     0.824    16.195    20.190         36.385            37.209 
    addinc_U_1_U_S0_add_18_16    75     0.819    14.220    17.900         32.120            32.939 
    csa_tree_U.._18_10_groupi    54     0.715    39.978    31.930         71.908            72.623 
    csa_tree_U.._18_10_groupi    54     0.714    38.363    29.972         68.335            69.049 
    addinc_U_0_U_S1_add_18_16    61     0.591    15.091    15.140         30.232            30.822 
    addinc_U_1_U_S1_add_18_16    61     0.588    13.138    13.146         26.284            26.872 
    U_S10                         3     0.017     0.877     0.717          1.594             1.612 
      addinc_add_41_28            3     0.017     0.877     0.717          1.594             1.612 
  gen_filter[50].U_S0           427     4.611   143.597   147.064        290.661           295.273 
    addinc_U_1_U_S0_add_18_16    75     0.827    13.839    17.517         31.356            32.183 
    addinc_U_0_U_S0_add_18_16    75     0.826    14.455    18.118         32.574            33.400 
    csa_tree_U.._18_10_groupi    54     0.713    41.295    32.893         74.188            74.901 
    csa_tree_U.._18_10_groupi    54     0.711    40.326    31.534         71.859            72.571 
    addinc_U_1_U_S1_add_18_16    61     0.587    12.969    12.708         25.677            26.264 
    addinc_U_0_U_S1_add_18_16    61     0.585    14.255    14.174         28.429            29.014 
    U_S10                         3     0.017     0.830     0.680          1.511             1.528 
      addinc_add_41_28            3     0.017     0.830     0.680          1.511             1.528 
  gen_filter[55].U_S0           427     4.611   153.885   153.644        307.529           312.140 
    addinc_U_0_U_S0_add_18_16    75     0.831    13.109    16.652         29.762            30.593 
    addinc_U_1_U_S0_add_18_16    75     0.826    15.845    20.644         36.489            37.315 
    csa_tree_U.._18_10_groupi    54     0.712    44.206    34.245         78.451            79.163 
    csa_tree_U.._18_10_groupi    54     0.711    45.445    34.418         79.863            80.574 
    addinc_U_1_U_S1_add_18_16    61     0.588    15.509    15.168         30.677            31.265 
    addinc_U_0_U_S1_add_18_16    61     0.582    13.418    13.398         26.817            27.398 
    U_S10                         3     0.017     0.805     0.648          1.453             1.470 
      addinc_add_41_28            3     0.017     0.805     0.648          1.453             1.470 
  gen_filter[48].U_S0           427     4.610   157.216   157.724        314.939           319.549 
    addinc_U_1_U_S0_add_18_16    75     0.832    14.544    18.015         32.559            33.392 
    addinc_U_0_U_S0_add_18_16    75     0.828    14.955    18.469         33.424            34.252 
    csa_tree_U.._18_10_groupi    54     0.715    46.754    36.041         82.795            83.510 
    csa_tree_U.._18_10_groupi    54     0.714    45.176    35.235         80.411            81.126 
    addinc_U_1_U_S1_add_18_16    61     0.580    15.100    15.513         30.613            31.193 
    addinc_U_0_U_S1_add_18_16    61     0.578    13.934    13.989         27.923            28.501 
    U_S10                         3     0.017     0.790     0.634          1.425             1.442 
      addinc_add_41_28            3     0.017     0.790     0.634          1.425             1.442 
  gen_filter[15].U_S0           427     4.610   161.623   160.522        322.146           326.755 
    addinc_U_0_U_S0_add_18_16    75     0.831    15.105    19.004         34.109            34.940 
    addinc_U_1_U_S0_add_18_16    75     0.825    14.658    18.367         33.025            33.850 
    csa_tree_U.._18_10_groupi    54     0.712    48.162    36.797         84.960            85.672 
    csa_tree_U.._18_10_groupi    54     0.710    47.332    36.676         84.008            84.717 
    addinc_U_1_U_S1_add_18_16    61     0.589    15.129    15.052         30.182            30.770 
    addinc_U_0_U_S1_add_18_16    61     0.581    14.849    14.751         29.600            30.181 
    U_S10                         3     0.018     0.770     0.621          1.391             1.408 
      addinc_add_41_28            3     0.018     0.770     0.621          1.391             1.408 
  gen_filter[30].U_S0           427     4.610   143.359   147.600        290.958           295.568 
    addinc_U_0_U_S0_add_18_16    75     0.830    13.357    16.261         29.619            30.449 
    addinc_U_1_U_S0_add_18_16    75     0.826    16.372    20.405         36.777            37.604 
    csa_tree_U.._18_10_groupi    54     0.713    39.109    31.136         70.245            70.958 
    csa_tree_U.._18_10_groupi    54     0.713    39.969    31.221         71.190            71.903 
    addinc_U_0_U_S1_add_18_16    61     0.587    13.132    13.017         26.149            26.736 
    addinc_U_1_U_S1_add_18_16    61     0.580    14.674    14.951         29.626            30.205 
    U_S10                         3     0.017     0.855     0.686          1.541             1.559 
      addinc_add_41_28            3     0.017     0.855     0.686          1.541             1.559 
  gen_filter[39].U_S0           427     4.609   147.682   152.625        300.307           304.916 
    addinc_U_0_U_S0_add_18_16    75     0.833    18.026    22.153         40.179            41.012 
    addinc_U_1_U_S0_add_18_16    75     0.821    13.464    16.372         29.836            30.657 
    csa_tree_U.._18_10_groupi    54     0.714    41.652    33.120         74.772            75.486 
    csa_tree_U.._18_10_groupi    54     0.713    40.170    31.440         71.610            72.322 
    addinc_U_1_U_S1_add_18_16    61     0.588    12.740    12.708         25.448            26.036 
    addinc_U_0_U_S1_add_18_16    61     0.582    14.766    15.153         29.919            30.502 
    U_S10                         3     0.017     0.669     0.544          1.213             1.230 
      addinc_add_41_28            3     0.017     0.669     0.544          1.213             1.230 
  gen_filter[64].U_S0           428     4.609   132.115   137.283        269.398           274.007 
    addinc_U_1_U_S0_add_18_16    75     0.827    12.599    16.203         28.802            29.629 
    addinc_U_0_U_S0_add_18_16    75     0.826    14.715    18.720         33.435            34.262 
    csa_tree_U.._18_10_groupi    54     0.715    37.676    29.584         67.261            67.976 
    csa_tree_U.._18_10_groupi    54     0.713    35.285    27.891         63.176            63.889 
    addinc_U_1_U_S1_add_18_16    61     0.587    12.222    12.020         24.242            24.829 
    addinc_U_0_U_S1_add_18_16    61     0.585    13.440    13.115         26.555            27.140 
    U_S10                         3     0.017     0.776     0.621          1.397             1.414 
      addinc_add_41_28            3     0.017     0.776     0.621          1.397             1.414 
  gen_filter[40].U_S0           427     4.608   142.699   143.995        286.694           291.302 
    addinc_U_1_U_S0_add_18_16    75     0.828    15.484    19.019         34.503            35.331 
    addinc_U_0_U_S0_add_18_16    75     0.821    13.465    16.372         29.836            30.657 
    csa_tree_U.._18_10_groupi    54     0.713    40.511    31.159         71.670            72.383 
    csa_tree_U.._18_10_groupi    54     0.713    39.989    30.954         70.944            71.656 
    addinc_U_0_U_S1_add_18_16    61     0.588    12.740    12.708         25.449            26.036 
    addinc_U_1_U_S1_add_18_16    61     0.586    14.242    14.257         28.499            29.085 
    U_S10                         3     0.017     0.668     0.544          1.212             1.230 
      addinc_add_41_28            3     0.017     0.668     0.544          1.212             1.230 
  gen_filter[54].U_S0           427     4.607   155.554   153.612        309.166           313.774 
    addinc_U_1_U_S0_add_18_16    75     0.831    13.109    16.652         29.762            30.593 
    addinc_U_0_U_S0_add_18_16    75     0.824    16.501    20.198         36.699            37.522 
    csa_tree_U.._18_10_groupi    54     0.711    47.426    35.815         83.241            83.952 
    csa_tree_U.._18_10_groupi    54     0.710    43.673    33.336         77.009            77.719 
    addinc_U_0_U_S1_add_18_16    61     0.589    15.074    14.874         29.948            30.537 
    addinc_U_1_U_S1_add_18_16    61     0.582    13.418    13.398         26.816            27.398 
    U_S10                         3     0.017     0.716     0.586          1.302             1.319 
      addinc_add_41_28            3     0.017     0.716     0.586          1.302             1.319 
  gen_filter[31].U_S0           427     4.607   151.612   153.715        305.327           309.934 
    addinc_U_1_U_S0_add_18_16    75     0.830    13.989    17.382         31.370            32.200 
    addinc_U_0_U_S0_add_18_16    75     0.826    16.372    20.405         36.777            37.604 
    csa_tree_U.._18_10_groupi    54     0.713    43.361    33.572         76.933            77.646 
    csa_tree_U.._18_10_groupi    54     0.711    42.363    32.938         75.302            76.013 
    addinc_U_1_U_S1_add_18_16    61     0.585    14.105    14.163         28.269            28.853 
    addinc_U_0_U_S1_add_18_16    61     0.580    14.675    14.951         29.626            30.206 
    U_S10                         3     0.017     1.014     0.829          1.843             1.860 
      addinc_add_41_28            3     0.017     1.014     0.829          1.843             1.860 
  gen_filter[38].U_S0           427     4.607   177.674   183.608        361.282           365.889 
    addinc_U_1_U_S0_add_18_16    75     0.833    18.026    22.153         40.179            41.012 
    addinc_U_0_U_S0_add_18_16    75     0.829    18.888    22.712         41.600            42.429 
    csa_tree_U.._18_10_groupi    54     0.715    49.607    40.129         89.736            90.452 
    csa_tree_U.._18_10_groupi    54     0.715    50.724    39.895         90.619            91.334 
    addinc_U_1_U_S1_add_18_16    61     0.582    14.766    15.153         29.919            30.501 
    addinc_U_0_U_S1_add_18_16    61     0.574    17.290    17.640         34.930            35.504 
    U_S10                         3     0.017     0.944     0.763          1.708             1.725 
      addinc_add_41_28            3     0.017     0.944     0.763          1.708             1.725 
  gen_filter[17].U_S0           427     4.605   158.791   164.641        323.432           328.038 
    addinc_U_1_U_S0_add_18_16    75     0.824    16.195    20.190         36.385            37.209 
    addinc_U_0_U_S0_add_18_16    75     0.823    16.700    21.127         37.827            38.649 
    csa_tree_U.._18_10_groupi    54     0.715    42.505    33.831         76.336            77.052 
    csa_tree_U.._18_10_groupi    54     0.712    45.875    36.210         82.085            82.797 
    addinc_U_1_U_S1_add_18_16    61     0.591    15.091    15.140         30.231            30.822 
    addinc_U_0_U_S1_add_18_16    61     0.578    14.765    14.787         29.552            30.130 
    U_S10                         3     0.018     1.118     0.910          2.028             2.045 
      addinc_add_41_28            3     0.018     1.118     0.910          2.028             2.045 
  gen_filter[36].U_S0           427     4.605   156.856   155.726        312.583           317.188 
    addinc_U_0_U_S0_add_18_16    75     0.829    15.673    18.635         34.308            35.136 
    addinc_U_1_U_S0_add_18_16    75     0.826    15.142    18.298         33.440            34.266 
    csa_tree_U.._18_10_groupi    54     0.718    46.480    34.899         81.379            82.097 
    csa_tree_U.._18_10_groupi    54     0.711    43.686    33.909         77.595            78.306 
    addinc_U_1_U_S1_add_18_16    61     0.582    14.382    13.935         28.317            28.899 
    addinc_U_0_U_S1_add_18_16    61     0.581    14.486    14.659         29.145            29.726 
    U_S10                         3     0.018     0.812     0.671          1.483             1.500 
      addinc_add_41_28            3     0.018     0.812     0.671          1.483             1.500 
  gen_filter[63].U_S0           427     4.605   148.769   149.024        297.793           302.399 
    addinc_U_1_U_S0_add_18_16    75     0.826    14.715    18.720         33.435            34.262 
    addinc_U_0_U_S0_add_18_16    75     0.824    14.513    17.626         32.139            32.963 
    csa_tree_U.._18_10_groupi    54     0.715    42.746    32.972         75.719            76.434 
    csa_tree_U.._18_10_groupi    54     0.713    42.907    33.070         75.977            76.689 
    addinc_U_1_U_S1_add_18_16    61     0.585    13.439    13.115         26.554            27.140 
    addinc_U_0_U_S1_add_18_16    61     0.582    13.886    14.013         27.899            28.481 
    U_S10                         3     0.017     0.819     0.652          1.471             1.489 
      addinc_add_41_28            3     0.017     0.819     0.652          1.471             1.489 
  gen_filter[62].U_S0           427     4.605   154.451   150.651        305.101           309.706 
    addinc_U_0_U_S0_add_18_16    75     0.832    13.146    16.068         29.214            30.047 
    addinc_U_1_U_S0_add_18_16    75     0.824    14.515    17.626         32.141            32.965 
    csa_tree_U.._18_10_groupi    54     0.712    46.869    35.647         82.515            83.227 
    csa_tree_U.._18_10_groupi    54     0.711    46.709    35.635         82.344            83.055 
    addinc_U_1_U_S1_add_18_16    61     0.582    13.885    14.013         27.898            28.480 
    addinc_U_0_U_S1_add_18_16    61     0.580    13.072    12.798         25.871            26.451 
    U_S10                         3     0.017     0.730     0.590          1.320             1.337 
      addinc_add_41_28            3     0.017     0.730     0.590          1.320             1.337 
  gen_filter[11].U_S0           427     4.605   160.209   160.210        320.419           325.024 
    addinc_U_1_U_S0_add_18_16    75     0.832    16.211    19.972         36.182            37.015 
    addinc_U_0_U_S0_add_18_16    75     0.819    15.379    18.474         33.853            34.672 
    csa_tree_U.._18_10_groupi    54     0.712    45.510    34.747         80.256            80.969 
    csa_tree_U.._18_10_groupi    54     0.712    47.184    36.603         83.787            84.499 
    addinc_U_1_U_S1_add_18_16    61     0.589    15.359    15.458         30.817            31.406 
    addinc_U_0_U_S1_add_18_16    61     0.579    13.800    13.942         27.742            28.321 
    U_S10                         3     0.017     0.957     0.779          1.736             1.753 
      addinc_add_41_28            3     0.017     0.957     0.779          1.736             1.753 
  gen_filter[16].U_S0           427     4.604   161.955   165.979        327.934           332.539 
    addinc_U_0_U_S0_add_18_16    75     0.825    14.658    18.367         33.025            33.850 
    addinc_U_1_U_S0_add_18_16    75     0.823    16.700    21.127         37.827            38.649 
    csa_tree_U.._18_10_groupi    54     0.714    47.360    38.128         85.488            86.202 
    csa_tree_U.._18_10_groupi    54     0.713    46.426    36.611         83.037            83.750 
    addinc_U_0_U_S1_add_18_16    61     0.589    15.130    15.052         30.182            30.771 
    addinc_U_1_U_S1_add_18_16    61     0.578    14.765    14.787         29.552            30.130 
    U_S10                         3     0.018     0.700     0.552          1.251             1.269 
      addinc_add_41_28            3     0.018     0.700     0.552          1.251             1.269 
  gen_filter[28].U_S0           427     4.604   154.579   155.102        309.681           314.285 
    addinc_U_1_U_S0_add_18_16    75     0.821    15.056    17.960         33.017            33.838 
    addinc_U_0_U_S0_add_18_16    75     0.819    15.626    19.700         35.325            36.144 
    csa_tree_U.._18_10_groupi    54     0.715    44.899    34.697         79.597            80.312 
    csa_tree_U.._18_10_groupi    54     0.713    43.336    33.699         77.035            77.748 
    addinc_U_1_U_S1_add_18_16    61     0.588    14.425    14.172         28.597            29.185 
    addinc_U_0_U_S1_add_18_16    61     0.587    14.849    14.690         29.539            30.125 
    U_S10                         3     0.017     0.663     0.532          1.195             1.212 
      addinc_add_41_28            3     0.017     0.663     0.532          1.195             1.212 
  gen_filter[52].U_S0           427     4.604   141.773   147.606        289.379           293.983 
    addinc_U_0_U_S0_add_18_16    75     0.830    13.313    16.740         30.053            30.883 
    addinc_U_1_U_S0_add_18_16    75     0.819    16.467    20.588         37.055            37.875 
    csa_tree_U.._18_10_groupi    54     0.718    38.288    30.275         68.563            69.281 
    csa_tree_U.._18_10_groupi    54     0.712    40.227    32.210         72.436            73.149 
    addinc_U_1_U_S1_add_18_16    61     0.586    14.230    14.352         28.583            29.169 
    addinc_U_0_U_S1_add_18_16    61     0.579    12.287    12.345         24.632            25.211 
    U_S10                         3     0.017     0.984     0.806          1.790             1.807 
      addinc_add_41_28            3     0.017     0.984     0.806          1.790             1.807 
  gen_filter[34].U_S0           427     4.604   148.974   152.155        301.129           305.733 
    addinc_U_1_U_S0_add_18_16    75     0.825    14.155    17.643         31.798            32.624 
    addinc_U_0_U_S0_add_18_16    75     0.819    14.998    18.858         33.856            34.675 
    csa_tree_U.._18_10_groupi    54     0.717    42.415    33.159         75.573            76.290 
    csa_tree_U.._18_10_groupi    54     0.712    43.553    34.336         77.889            78.601 
    addinc_U_1_U_S1_add_18_16    61     0.592    13.952    14.080         28.032            28.624 
    addinc_U_0_U_S1_add_18_16    61     0.577    13.121    13.317         26.438            27.014 
    U_S10                         3     0.018     0.977     0.806          1.783             1.800 
      addinc_add_41_28            3     0.018     0.977     0.806          1.783             1.800 
  gen_filter[61].U_S0           427     4.603   152.074   152.950        305.024           309.627 
    addinc_U_1_U_S0_add_18_16    75     0.832    13.146    16.068         29.214            30.047 
    addinc_U_0_U_S0_add_18_16    75     0.825    16.933    20.286         37.219            38.044 
    csa_tree_U.._18_10_groupi    54     0.713    43.254    33.342         76.596            77.309 
    csa_tree_U.._18_10_groupi    54     0.711    42.408    32.554         74.961            75.673 
    addinc_U_1_U_S1_add_18_16    61     0.580    13.072    12.798         25.870            26.451 
    addinc_U_0_U_S1_add_18_16    61     0.578    16.167    16.165         32.332            32.910 
    U_S10                         3     0.018     0.920     0.736          1.657             1.674 
      addinc_add_41_28            3     0.018     0.920     0.736          1.657             1.674 
  gen_filter[53].U_S0           427     4.603   161.638   163.302        324.940           329.543 
    addinc_U_1_U_S0_add_18_16    75     0.824    16.501    20.198         36.699            37.522 
    addinc_U_0_U_S0_add_18_16    75     0.819    16.468    20.588         37.057            37.876 
    csa_tree_U.._18_10_groupi    54     0.713    47.106    36.561         83.667            84.380 
    csa_tree_U.._18_10_groupi    54     0.711    44.922    34.416         79.337            80.048 
    addinc_U_1_U_S1_add_18_16    61     0.589    15.074    14.874         29.948            30.537 
    addinc_U_0_U_S1_add_18_16    61     0.586    14.231    14.352         28.583            29.170 
    U_S10                         3     0.017     1.031     0.837          1.868             1.885 
      addinc_add_41_28            3     0.017     1.031     0.837          1.868             1.885 
  gen_filter[10].U_S0           427     4.603   156.981   159.008        315.988           320.591 
    addinc_U_0_U_S0_add_18_16    75     0.836    16.999    21.024         38.023            38.859 
    addinc_U_1_U_S0_add_18_16    75     0.819    15.379    18.474         33.853            34.672 
    csa_tree_U.._18_10_groupi    54     0.712    43.454    34.253         77.708            78.420 
    csa_tree_U.._18_10_groupi    54     0.711    44.857    34.067         78.924            79.635 
    addinc_U_0_U_S1_add_18_16    61     0.587    15.548    15.871         31.419            32.007 
    addinc_U_1_U_S1_add_18_16    61     0.579    13.800    13.942         27.742            28.320 
    U_S10                         3     0.017     0.891     0.732          1.623             1.641 
      addinc_add_41_28            3     0.017     0.891     0.732          1.623             1.641 
  gen_filter[47].U_S0           427     4.602   151.330   152.097        303.427           308.028 
    addinc_U_1_U_S0_add_18_16    75     0.828    14.955    18.469         33.424            34.252 
    addinc_U_0_U_S0_add_18_16    75     0.825    14.908    18.208         33.116            33.941 
    csa_tree_U.._18_10_groupi    54     0.714    43.359    33.645         77.005            77.719 
    csa_tree_U.._18_10_groupi    54     0.714    43.318    33.070         76.388            77.101 
    addinc_U_0_U_S1_add_18_16    61     0.582    14.175    14.375         28.551            29.133 
    addinc_U_1_U_S1_add_18_16    61     0.578    13.934    13.989         27.923            28.500 
    U_S10                         3     0.017     0.878     0.717          1.595             1.612 
      addinc_add_41_28            3     0.017     0.878     0.717          1.595             1.612 
  gen_filter[13].U_S0           427     4.601   148.581   150.353        298.933           303.534 
    addinc_U_0_U_S0_add_18_16    75     0.827    15.981    18.879         34.860            35.687 
    addinc_U_1_U_S0_add_18_16    75     0.819    13.350    16.023         29.373            30.192 
    csa_tree_U.._18_10_groupi    54     0.715    41.236    32.874         74.110            74.825 
    csa_tree_U.._18_10_groupi    54     0.714    43.586    34.150         77.735            78.449 
    addinc_U_0_U_S1_add_18_16    61     0.584    15.320    15.425         30.744            31.328 
    addinc_U_1_U_S1_add_18_16    61     0.582    12.991    13.464         26.455            27.037 
    U_S10                         3     0.017     0.549     0.432          0.981             0.999 
      addinc_add_41_28            3     0.017     0.549     0.432          0.981             0.999 
  gen_filter[14].U_S0           427     4.601   150.699   149.987        300.685           305.286 
    addinc_U_1_U_S0_add_18_16    75     0.831    15.105    19.004         34.109            34.940 
    addinc_U_0_U_S0_add_18_16    75     0.819    13.351    16.023         29.375            30.193 
    csa_tree_U.._18_10_groupi    54     0.714    45.480    35.485         80.965            81.679 
    csa_tree_U.._18_10_groupi    54     0.712    42.559    32.200         74.759            75.471 
    addinc_U_0_U_S1_add_18_16    61     0.582    12.992    13.464         26.456            27.037 
    addinc_U_1_U_S1_add_18_16    61     0.581    14.848    14.751         29.599            30.181 
    U_S10                         3     0.018     1.001     0.821          1.822             1.839 
      addinc_add_41_28            3     0.018     1.001     0.821          1.822             1.839 
  gen_filter[27].U_S0           427     4.601   148.568   149.627        298.194           302.795 
    addinc_U_1_U_S0_add_18_16    75     0.819    15.625    19.700         35.324            36.143 
    addinc_U_0_U_S0_add_18_16    75     0.818    13.634    17.381         31.016            31.834 
    csa_tree_U.._18_10_groupi    54     0.717    42.464    32.856         75.320            76.036 
    csa_tree_U.._18_10_groupi    54     0.712    42.992    32.823         75.815            76.527 
    addinc_U_0_U_S1_add_18_16    61     0.590    12.843    13.187         26.030            26.620 
    addinc_U_1_U_S1_add_18_16    61     0.587    14.849    14.690         29.538            30.125 
    U_S10                         3     0.017     0.768     0.632          1.401             1.418 
      addinc_add_41_28            3     0.017     0.768     0.632          1.401             1.418 
  gen_filter[37].U_S0           427     4.600   168.581   170.737        339.318           343.918 
    addinc_U_1_U_S0_add_18_16    75     0.829    18.888    22.712         41.600            42.429 
    addinc_U_0_U_S0_add_18_16    75     0.826    15.142    18.298         33.440            34.266 
    csa_tree_U.._18_10_groupi    54     0.717    48.984    38.689         87.672            88.390 
    csa_tree_U.._18_10_groupi    54     0.710    46.109    35.841         81.951            82.661 
    addinc_U_0_U_S1_add_18_16    61     0.582    14.382    13.935         28.317            28.899 
    addinc_U_1_U_S1_add_18_16    61     0.574    17.290    17.640         34.929            35.503 
    U_S10                         3     0.017     0.913     0.725          1.638             1.656 
      addinc_add_41_28            3     0.017     0.913     0.725          1.638             1.656 
  gen_filter[45].U_S0           427     4.599   148.046   146.856        294.902           299.502 
    addinc_U_0_U_S0_add_18_16    75     0.823    14.723    18.377         33.100            33.923 
    addinc_U_1_U_S0_add_18_16    75     0.821    12.338    15.059         27.397            28.219 
    csa_tree_U.._18_10_groupi    54     0.714    43.048    32.931         75.978            76.692 
    csa_tree_U.._18_10_groupi    54     0.712    43.684    34.377         78.061            78.773 
    addinc_U_0_U_S1_add_18_16    61     0.586    15.015    15.116         30.131            30.718 
    addinc_U_1_U_S1_add_18_16    61     0.582    13.324    12.887         26.211            26.793 
    U_S10                         3     0.017     0.731     0.599          1.330             1.348 
      addinc_add_41_28            3     0.017     0.731     0.599          1.330             1.348 
  gen_filter[33].U_S0           427     4.596   149.977   152.568        302.545           307.141 
    addinc_U_0_U_S0_add_18_16    75     0.831    14.400    18.194         32.594            33.425 
    addinc_U_1_U_S0_add_18_16    75     0.819    14.998    18.858         33.856            34.675 
    csa_tree_U.._18_10_groupi    54     0.714    42.162    32.475         74.637            75.351 
    csa_tree_U.._18_10_groupi    54     0.712    43.488    33.895         77.382            78.094 
    addinc_U_0_U_S1_add_18_16    61     0.585    14.783    14.534         29.316            29.901 
    addinc_U_1_U_S1_add_18_16    61     0.577    13.120    13.317         26.437            27.014 
    U_S10                         3     0.017     0.962     0.779          1.741             1.759 
      addinc_add_41_28            3     0.017     0.962     0.779          1.741             1.759 
  gen_filter[1].U_S0            427     4.596   153.138   152.497        305.635           310.231 
    addinc_U_0_U_S0_add_18_16    75     0.820    14.861    18.294         33.155            33.976 
    addinc_U_1_U_S0_add_18_16    75     0.819    14.880    17.700         32.579            33.399 
    csa_tree_U.._18_10_groupi    54     0.713    44.805    34.672         79.477            80.190 
    csa_tree_U.._18_10_groupi    54     0.713    44.005    34.064         78.069            78.782 
    addinc_U_0_U_S1_add_18_16    61     0.586    13.756    13.589         27.344            27.930 
    addinc_U_1_U_S1_add_18_16    61     0.583    13.998    13.887         27.885            28.468 
    U_S10                         3     0.017     0.942     0.752          1.694             1.711 
      addinc_add_41_28            3     0.017     0.942     0.752          1.694             1.711 
  gen_filter[46].U_S0           427     4.596   142.130   141.615        283.745           288.341 
    addinc_U_1_U_S0_add_18_16    75     0.825    14.908    18.208         33.116            33.941 
    addinc_U_0_U_S0_add_18_16    75     0.821    12.338    15.059         27.397            28.219 
    csa_tree_U.._18_10_groupi    54     0.712    39.774    30.591         70.364            71.077 
    csa_tree_U.._18_10_groupi    54     0.712    41.856    32.393         74.249            74.960 
    addinc_U_0_U_S1_add_18_16    61     0.582    13.324    12.887         26.212            26.794 
    addinc_U_1_U_S1_add_18_16    61     0.582    14.175    14.375         28.550            29.132 
    U_S10                         3     0.018     0.767     0.640          1.407             1.424 
      addinc_add_41_28            3     0.018     0.767     0.640          1.407             1.424 
  gen_filter[0].U_S0            428     4.593   143.963   147.222        291.184           295.777 
    addinc_U_0_U_S0_add_18_16    75     0.823    13.725    17.229         30.953            31.776 
    addinc_U_1_U_S0_add_18_16    75     0.820    14.861    18.294         33.155            33.975 
    csa_tree_U.._18_10_groupi    54     0.713    42.051    33.099         75.150            75.863 
    csa_tree_U.._18_10_groupi    54     0.711    38.936    30.412         69.349            70.059 
    addinc_U_1_U_S1_add_18_16    61     0.586    13.755    13.589         27.344            27.930 
    addinc_U_0_U_S1_add_18_16    61     0.585    13.924    13.643         27.567            28.152 
    U_S10                         3     0.017     1.090     0.929          2.019             2.036 
      addinc_add_41_28            3     0.017     1.090     0.929          2.019             2.036 

