============================================================
  Generated by:           Genus(TM) Synthesis Solution 17.10-p007_1
  Generated on:           Nov 25 2019  12:57:50 pm
  Module:                 FME_PIPE_6
  Technology libraries:   CORE65LPSVT 
                          CLOCK65LPSVT 
                          physical_cells 
  Operating conditions:   _nominal_ 
  Interconnect mode:      global
  Area mode:              physical library
============================================================

                                            Leakage   Internal  
       Gate         Instances     Area    Power (uW) Power (uW)     Library    
-------------------------------------------------------------------------------
HS65_LSS_XNOR2X12         116     784.160      1.583    227.260    CORE65LPSVT 
HS65_LSS_XNOR2X18          17     176.800      0.388     56.044    CORE65LPSVT 
HS65_LSS_XNOR2X24          21     262.080      0.630     44.238    CORE65LPSVT 
HS65_LSS_XNOR2X6          839    3490.240      5.835    627.579    CORE65LPSVT 
HS65_LSS_XOR2X23            2      24.960      0.053      5.115    CORE65LPSVT 
HS65_LSS_XOR2X6          1004    4176.640      6.067    677.912    CORE65LPSVT 
HS65_LS_AND2ABX18           1       4.160      0.009      2.073    CORE65LPSVT 
HS65_LS_AND2ABX35          34     212.160      0.694     90.969    CORE65LPSVT 
HS65_LS_AND2ABX9            3      10.920      0.014      0.533    CORE65LPSVT 
HS65_LS_AND2X18           213     775.320      2.018    225.590    CORE65LPSVT 
HS65_LS_AND2X27            90     514.800      1.412    134.550    CORE65LPSVT 
HS65_LS_AND2X35           109     680.160      2.240    259.994    CORE65LPSVT 
HS65_LS_AND2X4            384     998.400      0.831    186.349    CORE65LPSVT 
HS65_LS_AND2X9            156     486.720      0.665    106.470    CORE65LPSVT 
HS65_LS_AND3X9              2       7.280      0.006      0.061    CORE65LPSVT 
HS65_LS_AND4X6             52     270.400      0.116     18.964    CORE65LPSVT 
HS65_LS_AO12X18            91     378.560      0.965    103.335    CORE65LPSVT 
HS65_LS_AO12X27             2      13.520      0.031      2.397    CORE65LPSVT 
HS65_LS_AO12X35            18     140.400      0.391     31.800    CORE65LPSVT 
HS65_LS_AO12X9            193     702.520      0.918    123.860    CORE65LPSVT 
HS65_LS_AO312X9            18     102.960      0.080      8.831    CORE65LPSVT 
HS65_LS_AO31X18            17      88.400      0.164     15.263    CORE65LPSVT 
HS65_LS_AO31X27             1       8.840      0.015      1.172    CORE65LPSVT 
HS65_LS_AO32X9             17      88.400      0.092     20.558    CORE65LPSVT 
HS65_LS_AOI112X4            6      21.840      0.024      5.892    CORE65LPSVT 
HS65_LS_AOI12X12           86     447.200      0.780     80.909    CORE65LPSVT 
HS65_LS_AOI12X17          122     824.720      1.625    208.172    CORE65LPSVT 
HS65_LS_AOI12X23           19     167.960      0.419     23.420    CORE65LPSVT 
HS65_LS_AOI12X35           25     325.000      0.574     59.870    CORE65LPSVT 
HS65_LS_AOI12X6            92     287.040      0.305     55.958    CORE65LPSVT 
HS65_LS_AOI13X5            34     123.760      0.102     22.008    CORE65LPSVT 
HS65_LS_AOI211X4           12      43.680      0.022      4.511    CORE65LPSVT 
HS65_LS_AOI21X17           53     358.280      0.689     76.272    CORE65LPSVT 
HS65_LS_AOI21X23           61     539.240      1.014    103.582    CORE65LPSVT 
HS65_LS_AOI21X35           20     260.000      0.517     39.529    CORE65LPSVT 
HS65_LS_AOI21X46           24     411.840      0.873     83.159    CORE65LPSVT 
HS65_LS_AOI21X6            74     230.880      0.272     46.410    CORE65LPSVT 
HS65_LS_AOI21X9            15      78.000      0.085      8.003    CORE65LPSVT 
HS65_LS_AOI22X17           17     150.280      0.243     24.469    CORE65LPSVT 
HS65_LS_AOI311X16          11     160.160      0.180     27.435    CORE65LPSVT 
HS65_LS_AOI312X4           29     150.800      0.103     20.815    CORE65LPSVT 
HS65_LS_AOI31X10           17     106.080      0.120      9.548    CORE65LPSVT 
HS65_LS_AOI31X15           17     150.280      0.267     18.848    CORE65LPSVT 
HS65_LS_AOI31X5            23      83.720      0.072     15.351    CORE65LPSVT 
HS65_LS_BFX106             80     956.800      4.596    319.209    CORE65LPSVT 
HS65_LS_BFX142              5      78.000      0.383     41.180    CORE65LPSVT 
HS65_LS_BFX18             104     324.480      0.840     91.682    CORE65LPSVT 
HS65_LS_BFX213              4      89.440      0.474     48.820    CORE65LPSVT 
HS65_LS_BFX27              55     200.200      0.696     61.050    CORE65LPSVT 
HS65_LS_BFX284              6     180.960      0.954     98.757    CORE65LPSVT 
HS65_LS_BFX31               1       5.200      0.015      0.768    CORE65LPSVT 
HS65_LS_BFX35               1       5.200      0.017      1.110    CORE65LPSVT 
HS65_LS_BFX40               3      17.160      0.060      4.208    CORE65LPSVT 
HS65_LS_BFX44               1       5.720      0.023      2.576    CORE65LPSVT 
HS65_LS_BFX53              29     180.960      0.782     63.291    CORE65LPSVT 
HS65_LS_BFX62               2      15.600      0.065      7.237    CORE65LPSVT 
HS65_LS_BFX71              36     299.520      1.334    117.707    CORE65LPSVT 
HS65_LS_BFX9              125     260.000      0.453    131.709    CORE65LPSVT 
HS65_LS_CB4I6X18          137     712.400      1.506    188.844    CORE65LPSVT 
HS65_LS_CB4I6X27           16     133.120      0.243     56.944    CORE65LPSVT 
HS65_LS_CB4I6X35            1       9.360      0.024      2.308    CORE65LPSVT 
HS65_LS_CB4I6X9             2       8.320      0.008      1.181    CORE65LPSVT 
HS65_LS_CBI4I1X5           34     123.760      0.161     12.228    CORE65LPSVT 
HS65_LS_CBI4I6X14          19     167.960      0.238     20.342    CORE65LPSVT 
HS65_LS_CBI4I6X18          32     382.720      0.565     53.265    CORE65LPSVT 
HS65_LS_CBI4I6X5           18      65.520      0.063      7.870    CORE65LPSVT 
HS65_LS_CNBFX124            1      18.200      0.071      7.491    CORE65LPSVT 
HS65_LS_CNBFX41             2      13.520      0.045      3.307    CORE65LPSVT 
HS65_LS_CNIVX124            1      14.040      0.057      2.774    CORE65LPSVT 
HS65_LS_CNIVX14            69     179.400      0.262     26.665    CORE65LPSVT 
HS65_LS_CNIVX17             1       3.120      0.007      0.363    CORE65LPSVT 
HS65_LS_CNIVX21            96     299.520      0.617     52.033    CORE65LPSVT 
HS65_LS_CNIVX24             1       3.640      0.007      0.553    CORE65LPSVT 
HS65_LS_CNIVX27            84     305.760      0.729     49.504    CORE65LPSVT 
HS65_LS_CNIVX31             6      28.080      0.070      3.126    CORE65LPSVT 
HS65_LS_CNIVX34            28     131.040      0.340     14.659    CORE65LPSVT 
HS65_LS_CNIVX41             3      15.600      0.042      1.893    CORE65LPSVT 
HS65_LS_CNIVX45             1       6.240      0.020      1.025    CORE65LPSVT 
HS65_LS_CNIVX55             1       6.760      0.024      1.224    CORE65LPSVT 
HS65_LS_CNIVX58             1       7.280      0.021      1.006    CORE65LPSVT 
HS65_LS_CNIVX62             1       7.280      0.021      1.384    CORE65LPSVT 
HS65_LS_CNIVX7            215     335.400      0.374     64.066    CORE65LPSVT 
HS65_LS_CNIVX82             5      49.400      0.180      7.361    CORE65LPSVT 
HS65_LS_DFPHQX9           220    2288.000      2.163   1882.830    CORE65LPSVT 
HS65_LS_DFPQNX4            17     141.440      0.140    131.570    CORE65LPSVT 
HS65_LS_DFPQX18            34     282.880      0.422    290.816    CORE65LPSVT 
HS65_LS_DFPQX4             34     265.200      0.281    272.999    CORE65LPSVT 
HS65_LS_DFPQX9           2380   18564.000     22.232  19958.187    CORE65LPSVT 
HS65_LS_DFPRQX4          1108   11523.200      9.706   9130.807    CORE65LPSVT 
HS65_LS_DFPRQX9          3240   33696.000     32.095  26553.464    CORE65LPSVT 
HS65_LS_FA1X18            291    4085.640      6.846   1421.229    CORE65LPSVT 
HS65_LS_FA1X27            342    7291.440     12.404   1558.301    CORE65LPSVT 
HS65_LS_FA1X4              51     477.360      0.322     66.200    CORE65LPSVT 
HS65_LS_FA1X9             202    2205.840      2.177    464.402    CORE65LPSVT 
HS65_LS_HA1X18            139    1011.920      2.859    299.310    CORE65LPSVT 
HS65_LS_HA1X27             22     263.120      0.734     77.151    CORE65LPSVT 
HS65_LS_HA1X35              5      67.600      0.220     23.315    CORE65LPSVT 
HS65_LS_HA1X4             503    2615.600      2.617    338.900    CORE65LPSVT 
HS65_LS_HA1X9             282    1759.680      2.705    367.299    CORE65LPSVT 
HS65_LS_IVX106              8      70.720      0.340     14.970    CORE65LPSVT 
HS65_LS_IVX142              4      47.840      0.232     12.114    CORE65LPSVT 
HS65_LS_IVX18             921    1915.680      5.022    305.505    CORE65LPSVT 
HS65_LS_IVX2                1       1.560      0.001      0.019    CORE65LPSVT 
HS65_LS_IVX213              1      17.160      0.086      4.416    CORE65LPSVT 
HS65_LS_IVX22               9      28.080      0.070      3.378    CORE65LPSVT 
HS65_LS_IVX27             387    1207.440      3.555    205.907    CORE65LPSVT 
HS65_LS_IVX284              2      44.720      0.240     12.099    CORE65LPSVT 
HS65_LS_IVX31              97     353.080      1.073     66.912    CORE65LPSVT 
HS65_LS_IVX35             131     476.840      1.652     75.239    CORE65LPSVT 
HS65_LS_IVX40              15      62.400      0.217      8.758    CORE65LPSVT 
HS65_LS_IVX44             124     515.840      2.010     69.107    CORE65LPSVT 
HS65_LS_IVX49               2      10.400      0.037      1.500    CORE65LPSVT 
HS65_LS_IVX53              80     416.000      1.607     84.264    CORE65LPSVT 
HS65_LS_IVX62              24     137.280      0.568     31.527    CORE65LPSVT 
HS65_LS_IVX7                7      10.920      0.014      0.928    CORE65LPSVT 
HS65_LS_IVX71              64     399.360      1.763     76.154    CORE65LPSVT 
HS65_LS_IVX9             2530    3946.800      6.561    641.453    CORE65LPSVT 
HS65_LS_MUX21I1X24          9     112.320      0.272     19.251    CORE65LPSVT 
HS65_LS_MUX21I1X6           4      16.640      0.024      2.727    CORE65LPSVT 
HS65_LS_MUX21X18            1       6.240      0.017      1.068    CORE65LPSVT 
HS65_LS_MUX21X27           12     112.320      0.303     24.034    CORE65LPSVT 
HS65_LS_MUX21X35            2      20.800      0.070      4.947    CORE65LPSVT 
HS65_LS_MUXI21X15          33     343.200      0.691     53.336    CORE65LPSVT 
HS65_LS_MUXI21X2         3520   12812.800      9.047   1764.328    CORE65LPSVT 
HS65_LS_MUXI21X20           4      56.160      0.103      8.842    CORE65LPSVT 
HS65_LS_MUXI21X5           23     107.640      0.128     32.320    CORE65LPSVT 
HS65_LS_MX41X14             6      62.400      0.111     12.994    CORE65LPSVT 
HS65_LS_NAND2AX14         255    1060.800      2.385    165.120    CORE65LPSVT 
HS65_LS_NAND2AX21         344    1967.680      4.170    354.643    CORE65LPSVT 
HS65_LS_NAND2AX29          55     371.800      0.541     43.974    CORE65LPSVT 
HS65_LS_NAND2AX7          461    1438.320      1.986    291.306    CORE65LPSVT 
HS65_LS_NAND2X11          155     564.200      0.544     67.199    CORE65LPSVT 
HS65_LS_NAND2X14          931    3388.840      5.186    599.176    CORE65LPSVT 
HS65_LS_NAND2X2             1       2.080      0.001      0.020    CORE65LPSVT 
HS65_LS_NAND2X21          291    1513.200      3.428    216.502    CORE65LPSVT 
HS65_LS_NAND2X29          465    2901.600      7.255    452.177    CORE65LPSVT 
HS65_LS_NAND2X4             1       2.080      0.001      0.030    CORE65LPSVT 
HS65_LS_NAND2X43          184    1626.560      5.616    285.939    CORE65LPSVT 
HS65_LS_NAND2X5             2       4.160      0.004      0.087    CORE65LPSVT 
HS65_LS_NAND2X57          133    1590.680      5.670    339.860    CORE65LPSVT 
HS65_LS_NAND2X7          1569    3263.520      2.804    500.662    CORE65LPSVT 
HS65_LS_NAND3AX13          21     120.120      0.069     13.891    CORE65LPSVT 
HS65_LS_NAND3AX19          17     132.600      0.093     11.361    CORE65LPSVT 
HS65_LS_NAND3AX6           64     232.960      0.194     18.956    CORE65LPSVT 
HS65_LS_NAND3X13           42     218.400      0.281     18.509    CORE65LPSVT 
HS65_LS_NAND3X19            5      33.800      0.062      4.160    CORE65LPSVT 
HS65_LS_NAND3X25           34     300.560      0.503     33.513    CORE65LPSVT 
HS65_LS_NAND3X38           37     481.000      0.276     71.411    CORE65LPSVT 
HS65_LS_NAND3X5            31      80.600      0.012      4.313    CORE65LPSVT 
HS65_LS_NAND3X50           17     291.720      0.605     48.132    CORE65LPSVT 
HS65_LS_NAND4ABX19          1       9.880      0.023      0.521    CORE65LPSVT 
HS65_LS_NAND4ABX25          4      47.840      0.126      4.354    CORE65LPSVT 
HS65_LS_NAND4ABX3          22      80.080      0.020      0.556    CORE65LPSVT 
HS65_LS_NAND4X9            19     108.680      0.085      1.110    CORE65LPSVT 
HS65_LS_NOR2AX13          234     973.440      1.828    181.890    CORE65LPSVT 
HS65_LS_NOR2AX19           71     406.120      0.666     82.005    CORE65LPSVT 
HS65_LS_NOR2AX25           75     507.000      0.944    173.480    CORE65LPSVT 
HS65_LS_NOR2AX3           934    2428.400      2.194    328.791    CORE65LPSVT 
HS65_LS_NOR2AX6           253     789.360      1.092     90.230    CORE65LPSVT 
HS65_LS_NOR2X13           692    2518.880      4.765    530.485    CORE65LPSVT 
HS65_LS_NOR2X19           338    1757.600      3.731    295.078    CORE65LPSVT 
HS65_LS_NOR2X25           203    1266.720      2.870    274.199    CORE65LPSVT 
HS65_LS_NOR2X38            69     609.960      1.422     78.011    CORE65LPSVT 
HS65_LS_NOR2X5              1       2.080      0.002      0.058    CORE65LPSVT 
HS65_LS_NOR2X50            21     251.160      0.594     39.479    CORE65LPSVT 
HS65_LS_NOR2X6            809    1682.720      2.458    307.947    CORE65LPSVT 
HS65_LS_NOR2X9             39     141.960      0.229     14.003    CORE65LPSVT 
HS65_LS_NOR3X13             4      27.040      0.007      1.281    CORE65LPSVT 
HS65_LS_NOR3X4             24      62.400      0.018      2.940    CORE65LPSVT 
HS65_LS_NOR3X9             36     168.480      0.057     15.381    CORE65LPSVT 
HS65_LS_NOR4X4              1       5.200      0.007      0.030    CORE65LPSVT 
HS65_LS_OA12X18           201     836.160      2.153    231.276    CORE65LPSVT 
HS65_LS_OA12X27            45     327.600      0.775    100.281    CORE65LPSVT 
HS65_LS_OA12X35            23     179.400      0.596     40.676    CORE65LPSVT 
HS65_LS_OA12X9            110     400.400      0.535    108.482    CORE65LPSVT 
HS65_LS_OA212X4            11      57.200      0.033      7.648    CORE65LPSVT 
HS65_LS_OA212X9            22     125.840      0.123     10.120    CORE65LPSVT 
HS65_LS_OA311X9             1       4.680      0.003      0.069    CORE65LPSVT 
HS65_LS_OAI112X16           4      35.360      0.068      6.370    CORE65LPSVT 
HS65_LS_OAI112X5           19      69.160      0.068      9.047    CORE65LPSVT 
HS65_LS_OAI12X12          294    1528.800      2.702    347.483    CORE65LPSVT 
HS65_LS_OAI12X18          310    2095.600      4.635    473.035    CORE65LPSVT 
HS65_LS_OAI12X24          102     901.680      2.116    184.123    CORE65LPSVT 
HS65_LS_OAI12X3            33      85.800      0.070      8.713    CORE65LPSVT 
HS65_LS_OAI12X37           22     286.000      0.707     44.038    CORE65LPSVT 
HS65_LS_OAI12X49            4      68.640      0.189     11.343    CORE65LPSVT 
HS65_LS_OAI12X5             5      15.600      0.019      1.009    CORE65LPSVT 
HS65_LS_OAI12X6           193     602.160      0.887    119.474    CORE65LPSVT 
HS65_LS_OAI12X9             8      41.600      0.062      4.518    CORE65LPSVT 
HS65_LS_OAI13X5            11      40.040      0.045     11.692    CORE65LPSVT 
HS65_LS_OAI211X11          20     124.800      0.268     30.178    CORE65LPSVT 
HS65_LS_OAI211X16          13     114.920      0.222     14.071    CORE65LPSVT 
HS65_LS_OAI211X5            7      25.480      0.040      2.864    CORE65LPSVT 
HS65_LS_OAI211X8           11      68.640      0.101      5.453    CORE65LPSVT 
HS65_LS_OAI212X10           6      49.920      0.021      6.159    CORE65LPSVT 
HS65_LS_OAI212X5         3537   14713.920      7.386   3102.016    CORE65LPSVT 
HS65_LS_OAI21X12          160     832.000      1.509    111.589    CORE65LPSVT 
HS65_LS_OAI21X18          115     777.400      1.790    113.963    CORE65LPSVT 
HS65_LS_OAI21X24           35     309.400      0.676     60.245    CORE65LPSVT 
HS65_LS_OAI21X3          3458    8990.800      8.550   1479.401    CORE65LPSVT 
HS65_LS_OAI21X37           38     494.000      1.261    112.246    CORE65LPSVT 
HS65_LS_OAI21X49           11     188.760      0.502     25.040    CORE65LPSVT 
HS65_LS_OAI21X6           220     686.400      1.140    153.015    CORE65LPSVT 
HS65_LS_OAI21X9            39     202.800      0.272     25.204    CORE65LPSVT 
HS65_LS_OAI22X11            4      24.960      0.039      9.471    CORE65LPSVT 
HS65_LS_OAI22X17           18     159.120      0.237     25.670    CORE65LPSVT 
HS65_LS_OAI22X6            64     232.960      0.254     77.277    CORE65LPSVT 
HS65_LS_OR2ABX27           21     120.120      0.247     13.625    CORE65LPSVT 
HS65_LS_OR2X18            103     374.920      0.936     83.251    CORE65LPSVT 
HS65_LS_OR2X27             17      97.240      0.262     19.974    CORE65LPSVT 
HS65_LS_OR2X35            123     767.520      2.648    255.443    CORE65LPSVT 
HS65_LS_OR2X9             696    2171.520      3.264    443.824    CORE65LPSVT 
HS65_LS_OR3X9              12      43.680      0.032     13.315    CORE65LPSVT 
HS65_LS_OR4X7               3      17.160      0.011      0.064    CORE65LPSVT 
HS65_LS_PAO2X18           142     812.240      1.661    218.902    CORE65LPSVT 
HS65_LS_PAOI2X1            33     120.120      0.036      7.949    CORE65LPSVT 
HS65_LS_PAOI2X11           18     140.400      0.191     15.111    CORE65LPSVT 
HS65_LS_PAOI2X17           22     240.240      0.339     28.182    CORE65LPSVT 
HS65_LS_PAOI2X22            1      15.080      0.015      1.575    CORE65LPSVT 
HS65_LS_PAOI2X6            35     145.600      0.109     26.185    CORE65LPSVT 
HS65_LS_SDFPRQX9          220    2745.600      2.327   2600.078    CORE65LPSVT 
HS65_LS_XNOR2X18          307    2075.320      6.739    733.528    CORE65LPSVT 
HS65_LS_XNOR2X27            9      93.600      0.286     21.555    CORE65LPSVT 
HS65_LS_XNOR2X35           11     125.840      0.479     31.650    CORE65LPSVT 
HS65_LS_XNOR2X4            17      79.560      0.095     26.546    CORE65LPSVT 
HS65_LS_XNOR2X9           123     639.600      1.209    198.992    CORE65LPSVT 
HS65_LS_XOR2X18           244    1649.440      5.364    479.199    CORE65LPSVT 
HS65_LS_XOR2X27             7      72.800      0.224     14.227    CORE65LPSVT 
HS65_LS_XOR2X35           385    4404.400     16.881   1592.161    CORE65LPSVT 
HS65_LS_XOR2X4             11      51.480      0.066     16.860    CORE65LPSVT 
HS65_LS_XOR2X9             93     483.600      0.926    139.806    CORE65LPSVT 
-------------------------------------------------------------------------------
total                   43067  223435.160    332.857  91868.700                


                                             Leakage  Leakage  Internal  Internal 
     Type      Instances    Area    Area % Power (uW) Power % Power (uW)  Power % 
----------------------------------------------------------------------------------
sequential          7253  69506.320   31.1     69.367    20.8  60820.751     66.2 
inverter            4920  11054.680    4.9     27.816     8.4   1841.887      2.0 
buffer               455   2650.960    1.2     10.809     3.2   1000.102      1.1 
logic              30439 140223.200   62.8    224.865    67.6  28205.959     30.7 
physical_cells         0      0.000    0.0      0.000     0.0      0.000      0.0 
----------------------------------------------------------------------------------
total              43067 223435.160  100.0    332.857   100.0  91868.700    100.0 

