============================================================
  Generated by:           Genus(TM) Synthesis Solution 17.10-p007_1
  Generated on:           Nov 25 2019  12:57:50 pm
  Module:                 FME_PIPE_6
  Technology libraries:   CORE65LPSVT 
                          CLOCK65LPSVT 
                          physical_cells 
  Operating conditions:   _nominal_ 
  Interconnect mode:      global
  Area mode:              physical library
============================================================

                                     Leakage   Internal    Net        Dynamic          Total       
                                                                  (Internal+Net) (Leakage+Dynamic) 
           Instance           Cells Power(uW) Power(uW) Power(uW)    Power(uW)       Power(uW)     
---------------------------------------------------------------------------------------------------
FME_PIPE_6                    43067   332.857 91868.700 62462.351     154331.051        154663.909 
  U_inter                     24183   237.102 43267.545 30596.447      73863.991         74101.094 
    addinc_PUs.._S0_add_18_16    94     1.170    67.295    95.266        162.561           163.730 
    addinc_PUs.._S0_add_18_16    90     1.160    61.797    96.767        158.564           159.725 
    addinc_PUs.._S0_add_18_16    93     1.150    71.209    98.656        169.865           171.015 
    PUs[13].U_.._S0_add_18_10    77     1.132    71.220    99.815        171.036           172.168 
    addinc_PUs.._S0_add_18_16    92     1.127    62.994    84.941        147.935           149.063 
    addinc_PUs.._S0_add_18_16    91     1.127    69.472    95.404        164.877           166.004 
    PUs[9].U_F.._S0_add_18_10    76     1.120    74.698   108.680        183.377           184.497 
    PUs[7].U_F.._S0_add_18_10    76     1.116    70.167   102.124        172.290           173.407 
    addinc_PUs.._S0_add_18_16    79     1.115    70.665    99.826        170.490           171.606 
    addinc_PUs.._S0_add_18_16    86     1.112    65.353    96.636        161.989           163.101 
    addinc_PUs.._S0_add_18_16    84     1.109    62.818    91.655        154.473           155.582 
    PUs[4].U_F.._S0_add_18_10    77     1.106    75.781   107.938        183.720           184.826 
    PUs[10].U_.._S0_add_18_10    76     1.103    67.639    97.185        164.824           165.927 
    PUs[6].U_F.._S0_add_18_10    76     1.102    68.894    99.131        168.025           169.127 
    PUs[2].U_F.._S0_add_18_10    76     1.101    64.057    91.102        155.159           156.260 
    PUs[8].U_F.._S0_add_18_10    75     1.100    73.777   108.750        182.527           183.628 
    PUs[0].U_F.._S0_add_18_10    77     1.098    71.210    95.789        166.999           168.098 
    PUs[1].U_F.._S0_add_18_10    77     1.098    69.016    97.665        166.681           167.779 
    PUs[3].U_F.._S0_add_18_10    76     1.095    67.451    95.239        162.689           163.785 
    addinc_PUs.._S0_add_18_16    86     1.095    65.932    99.179        165.111           166.206 
    addinc_PUs.._S0_add_18_16    86     1.094    62.781    95.175        157.956           159.051 
    PUs[5].U_F.._S0_add_18_10    76     1.094    70.433   104.647        175.080           176.174 
    PUs[14].U_.._S0_add_18_10    76     1.094    60.987    83.788        144.775           145.868 
    addinc_PUs.._S0_add_18_16    87     1.090    62.325    98.574        160.899           161.989 
    PUs[12].U_..S23_add_18_10    86     1.087   134.609   143.416        278.025           279.112 
    PUs[11].U_.._S0_add_18_10    75     1.087    68.805   103.212        172.017           173.104 
    PUs[9].U_F.._S3_add_18_10    86     1.085   132.871   140.095        272.966           274.051 
    PUs[0].U_F..S23_add_18_10    86     1.083   124.557   133.812        258.369           259.452 
    PUs[11].U_.._S3_add_18_10    86     1.083   129.413   134.796        264.209           265.292 
    PUs[0].U_F.._S0_add_18_10    77     1.082    74.667   109.316        183.983           185.066 
    PUs[4].U_F.._S3_add_18_10    86     1.082   132.029   140.592        272.621           273.703 
    PUs[3].U_F..S23_add_18_10    86     1.082   130.801   140.685        271.487           272.569 
    PUs[4].U_F..S23_add_18_10    86     1.081   134.172   143.183        277.355           278.436 
    PUs[0].U_F.._S3_add_18_10    86     1.081   125.452   131.219        256.671           257.753 
    PUs[15].U_..S23_add_18_10    86     1.081   128.965   134.897        263.861           264.942 
    PUs[14].U_.._S3_add_18_10    86     1.081   124.383   132.301        256.684           257.765 
    PUs[1].U_F.._S3_add_18_10    86     1.080   128.944   138.532        267.476           268.556 
    PUs[13].U_.._S3_add_18_10    86     1.080   130.635   137.796        268.431           269.512 
    PUs[1].U_F..S23_add_18_10    86     1.080   122.467   130.506        252.973           254.052 
    PUs[15].U_.._S3_add_18_10    86     1.079   127.122   133.208        260.330           261.410 
    addinc_PUs.._S0_add_18_16    76     1.079    63.720    91.871        155.590           156.669 
    PUs[2].U_F..S23_add_18_10    86     1.079   133.884   145.144        279.028           280.107 
    PUs[2].U_F.._S3_add_18_10    86     1.079   123.948   132.137        256.085           257.164 
    PUs[16].U_..S23_add_18_10    86     1.078   132.054   139.467        271.521           272.599 
    PUs[8].U_F.._S3_add_18_10    86     1.078   129.137   134.303        263.439           264.517 
    PUs[16].U_.._S3_add_18_10    86     1.077   125.824   133.632        259.456           260.534 
    PUs[7].U_F..S23_add_18_10    86     1.077   128.251   135.799        264.049           265.126 
    PUs[10].U_..S23_add_18_10    86     1.077   125.795   129.905        255.700           256.777 
    PUs[10].U_.._S3_add_18_10    86     1.077   134.072   137.147        271.219           272.296 
    PUs[9].U_F..S23_add_18_10    86     1.077   129.238   139.291        268.529           269.605 
    PUs[13].U_..S23_add_18_10    86     1.077   130.840   138.156        268.996           270.072 
    PUs[5].U_F..S23_add_18_10    86     1.076   125.603   130.922        256.525           257.602 
    PUs[14].U_..S23_add_18_10    86     1.076   129.875   136.287        266.162           267.238 
    PUs[6].U_F..S23_add_18_10    86     1.076   126.455   133.805        260.260           261.336 
    PUs[3].U_F.._S3_add_18_10    86     1.076   124.545   130.884        255.429           256.505 
    PUs[7].U_F.._S3_add_18_10    86     1.076   129.895   135.156        265.051           266.127 
    PUs[5].U_F.._S3_add_18_10    86     1.076   129.501   137.712        267.213           268.289 
    PUs[11].U_..S23_add_18_10    86     1.076   127.369   133.871        261.240           262.316 
    PUs[8].U_F..S23_add_18_10    86     1.075   131.662   137.719        269.381           270.456 
    PUs[6].U_F.._S3_add_18_10    86     1.073   123.034   131.500        254.534           255.607 
    PUs[12].U_.._S3_add_18_10    86     1.072   131.174   138.260        269.434           270.506 
    PUs[12].U_.._S0_add_18_10    75     1.070    65.320    98.754        164.074           165.144 
    addinc_PUs.._S0_add_18_16    84     1.070    63.033    82.952        145.986           147.055 
    PUs[0].U_F.._S0_add_18_10    76     1.067    67.686    88.073        155.759           156.826 
    PUs[15].U_.._S0_add_18_10    76     1.064    67.957    88.739        156.696           157.760 
    addinc_PUs.._S0_add_18_16    84     1.063    65.196    92.864        158.060           159.122 
    addinc_PUs.._S0_add_18_16    87     1.051    67.146    91.309        158.455           159.506 
    addinc_PUs.._S0_add_18_16    86     1.045    62.447    82.065        144.511           145.557 
    addinc_PUs.._S0_add_18_16    84     1.040    65.166    83.040        148.206           149.246 
    addinc_PUs.._S0_add_18_16    78     1.039    65.918    94.082        160.000           161.039 
    addinc_PUs.._S0_add_18_16    86     1.032    60.963    81.518        142.481           143.513 
    addinc_PUs.._S0_add_18_16    86     1.028    64.606    83.715        148.321           149.349 
    addinc_PUs.._S0_add_18_16    79     1.023    61.170    86.119        147.289           148.312 
    addinc_PUs.._S0_add_18_16    78     0.998    59.066    85.344        144.411           145.409 
    csa_tree_P.._18_10_groupi   104     0.925   176.932   192.850        369.782           370.707 
    csa_tree_P.._18_10_groupi   104     0.924   169.561   187.896        357.456           358.380 
    csa_tree_P.._18_10_groupi   104     0.923   178.827   192.564        371.392           372.314 
    csa_tree_P.._18_10_groupi   104     0.923   178.026   193.672        371.698           372.621 
    csa_tree_P.._18_10_groupi   104     0.923   176.210   189.610        365.821           366.743 
    csa_tree_P.._18_10_groupi   104     0.922   172.289   187.124        359.412           360.334 
    csa_tree_P.._18_10_groupi   104     0.922   172.120   188.762        360.881           361.804 
    csa_tree_P.._18_10_groupi   104     0.921   173.827   194.866        368.693           369.614 
    csa_tree_P.._18_10_groupi   104     0.920   174.974   193.977        368.951           369.871 
    csa_tree_P.._18_10_groupi   104     0.915   170.181   190.186        360.367           361.281 
    PUs[10].U_..S14_add_18_10   100     0.878   134.185   187.433        321.619           322.497 
    PUs[3].U_F..S14_add_18_10   100     0.878   134.028   186.718        320.747           321.624 
    PUs[9].U_F..S14_add_18_10   100     0.877   131.248   180.642        311.890           312.767 
    PUs[12].U_..S14_add_18_10   100     0.877   129.749   179.568        309.317           310.194 
    PUs[16].U_..S14_add_18_10   100     0.877   129.725   178.183        307.908           308.785 
    PUs[8].U_F..S14_add_18_10   100     0.876   127.296   177.076        304.372           305.247 
    PUs[6].U_F..S14_add_18_10   100     0.875   128.088   179.643        307.731           308.607 
    PUs[1].U_F..S14_add_18_10   100     0.875   127.421   178.153        305.574           306.449 
    PUs[13].U_..S14_add_18_10   100     0.875   131.170   180.941        312.111           312.986 
    PUs[11].U_..S14_add_18_10   100     0.875   130.276   182.615        312.890           313.765 
    PUs[15].U_..S14_add_18_10   100     0.875   125.596   169.467        295.063           295.938 
    PUs[2].U_F..S14_add_18_10   100     0.874   116.747   163.383        280.130           281.004 
    PUs[5].U_F..S14_add_18_10   100     0.874   124.163   173.919        298.082           298.956 
    PUs[4].U_F..S14_add_18_10   100     0.874   129.918   184.688        314.607           315.480 
    PUs[0].U_F..S14_add_18_10   100     0.873   131.471   184.441        315.912           316.785 
    PUs[7].U_F..S14_add_18_10   100     0.871   127.576   179.413        306.989           307.861 
    PUs[14].U_..S14_add_18_10   100     0.871   133.954   186.352        320.306           321.177 
    addinc_PUs.._S1_add_18_16    69     0.754    49.055    65.593        114.648           115.402 
    addinc_PUs.._S1_add_18_16    69     0.754    50.680    69.052        119.732           120.486 
    addinc_PUs.._S1_add_18_16    70     0.743    50.929    67.907        118.836           119.579 
    addinc_PUs.._S1_add_18_16    69     0.736    51.152    68.924        120.076           120.812 
    addinc_PUs.._S1_add_18_16    69     0.733    50.799    68.116        118.915           119.649 
    addinc_PUs.._S1_add_18_16    69     0.732    48.756    66.252        115.008           115.740 
    addinc_PUs.._S1_add_18_16    69     0.730    47.928    63.299        111.226           111.956 
    addinc_PUs.._S1_add_18_16    69     0.730    49.639    68.179        117.818           118.547 
    addinc_PUs.._S1_add_18_16    69     0.729    47.516    65.320        112.836           113.565 
    addinc_PUs.._S1_add_18_16    69     0.724    47.642    65.226        112.868           113.593 
    csa_tree_P.._18_10_groupi   103     0.724   144.933   171.171        316.104           316.828 
    addinc_PUs.._S1_add_18_16    69     0.714    46.383    64.281        110.664           111.378 
    addinc_PUs.._S1_add_18_16    69     0.708    50.345    68.616        118.961           119.669 
    addinc_PUs.._S1_add_18_16    69     0.704    43.956    58.930        102.886           103.590 
    addinc_PUs.._S1_add_18_16    69     0.698    45.617    62.668        108.285           108.983 
    addinc_PUs.._S1_add_18_16    69     0.687    45.475    52.631         98.106            98.793 
    addinc_PUs.._S1_add_18_16    69     0.687    44.540    54.049         98.590            99.276 
    addinc_PUs.._S1_add_18_16    69     0.682    45.744    53.925         99.668           100.351 
    addinc_PUs.._S1_add_18_16    69     0.677    46.070    55.833        101.903           102.580 
    addinc_PUs.._S1_add_18_16    69     0.672    45.753    52.065         97.818            98.490 
    addinc_PUs.._S1_add_18_16    69     0.670    47.450    55.720        103.170           103.840 
    csa_tree_P.._18_10_groupi   104     0.668   134.832   152.791        287.622           288.290 
    csa_tree_P.._18_10_groupi   104     0.668   138.998   158.488        297.486           298.154 
    csa_tree_P.._18_10_groupi   104     0.668   136.024   152.554        288.577           289.245 
    csa_tree_P.._18_10_groupi   104     0.667   142.926   160.875        303.801           304.468 
    csa_tree_P.._18_10_groupi   104     0.666   138.034   156.684        294.718           295.385 
    csa_tree_P.._18_10_groupi   104     0.666   146.613   166.414        313.027           313.693 
    csa_tree_P.._18_10_groupi   104     0.666   134.515   153.959        288.474           289.140 
    csa_tree_P.._18_10_groupi   104     0.666   138.879   158.264        297.143           297.809 
    csa_tree_P.._18_10_groupi   104     0.666   135.251   153.371        288.622           289.288 
    csa_tree_P.._18_10_groupi   104     0.666   139.612   159.139        298.750           299.416 
    csa_tree_P.._18_10_groupi   104     0.666   141.586   160.135        301.721           302.387 
    csa_tree_P.._18_10_groupi   104     0.665   135.166   154.102        289.268           289.934 
    csa_tree_P.._18_10_groupi   104     0.665   139.192   156.650        295.842           296.508 
    csa_tree_P.._18_10_groupi   104     0.665   141.768   161.492        303.259           303.925 
    csa_tree_P.._18_10_groupi   104     0.665   137.511   155.679        293.190           293.855 
    csa_tree_P.._18_10_groupi   104     0.665   140.969   159.522        300.492           301.157 
    csa_tree_P.._18_10_groupi   104     0.665   136.080   154.099        290.178           290.843 
    csa_tree_P.._18_10_groupi   104     0.665   137.449   156.493        293.941           294.606 
    csa_tree_P.._18_10_groupi   104     0.664   136.632   155.177        291.809           292.474 
    csa_tree_P.._18_10_groupi   104     0.664   139.632   157.547        297.178           297.843 
    csa_tree_P.._18_10_groupi   104     0.664   140.956   159.685        300.641           301.305 
    csa_tree_P.._18_10_groupi   104     0.664   138.876   157.693        296.570           297.233 
    csa_tree_P.._18_10_groupi   104     0.664   138.192   156.039        294.232           294.895 
    csa_tree_P.._18_10_groupi    33     0.622    60.186    41.671        101.857           102.479 
    csa_tree_P.._18_10_groupi    29     0.614    56.084    37.782         93.866            94.480 
    csa_tree_P.._18_10_groupi    32     0.608    60.638    39.252         99.890           100.497 
    csa_tree_P.._18_10_groupi    32     0.606    58.761    42.015        100.776           101.382 
    csa_tree_P.._18_10_groupi    32     0.602    59.954    41.062        101.016           101.618 
    csa_tree_P.._18_10_groupi    33     0.601    60.873    40.416        101.289           101.889 
    PUs[11].U_..S12_add_41_16    87     0.596    54.906    74.805        129.711           130.306 
    csa_tree_P.._18_10_groupi    27     0.596    57.661    35.775         93.436            94.032 
    csa_tree_P.._18_10_groupi    27     0.592    57.219    35.868         93.087            93.679 
    csa_tree_P.._18_10_groupi    34     0.591    55.350    40.614         95.964            96.556 
    csa_tree_P.._18_10_groupi    27     0.590    59.771    37.914         97.685            98.276 
    csa_tree_P.._18_10_groupi    27     0.590    56.537    35.207         91.743            92.333 
    csa_tree_P.._18_10_groupi    33     0.589    57.102    40.069         97.172            97.761 
    PUs[13].U_..S12_add_41_16    87     0.587    52.506    71.755        124.260           124.847 
    PUs[5].U_F..S12_add_41_16    87     0.585    49.262    68.073        117.335           117.920 
    PUs[4].U_F..S12_add_41_16    88     0.583    53.061    73.424        126.484           127.068 
    PUs[10].U_..S12_add_41_16    87     0.582    52.734    73.907        126.640           127.222 
    PUs[16].U_..S12_add_41_16    87     0.580    53.931    72.257        126.188           126.768 
    PUs[7].U_F..S12_add_41_16    87     0.579    50.954    66.949        117.904           118.483 
    PUs[6].U_F..S12_add_41_16    88     0.579    50.238    69.539        119.777           120.356 
    PUs[1].U_F..S12_add_41_16    87     0.577    51.420    69.916        121.336           121.913 
    csa_tree_P.._18_10_groupi    32     0.577    56.265    38.621         94.887            95.463 
    PUs[3].U_F..S12_add_41_16    88     0.575    51.848    70.686        122.535           123.109 
    PUs[12].U_..S12_add_41_16    87     0.574    50.318    69.646        119.964           120.539 
    csa_tree_P.._18_10_groupi    34     0.574    60.653    41.407        102.061           102.634 
    csa_tree_P.._18_10_groupi    32     0.573    51.545    36.668         88.213            88.786 
    PUs[8].U_F..S12_add_41_16    87     0.571    52.060    72.212        124.272           124.842 
    PUs[14].U_..S12_add_41_16    87     0.568    48.125    66.654        114.779           115.347 
    PUs[9].U_F..S12_add_41_16    87     0.566    51.651    71.066        122.718           123.284 
    csa_tree_P.._18_10_groupi    32     0.563    47.839    32.833         80.671            81.234 
    PUs[2].U_F..S12_add_41_16    87     0.561    47.070    65.734        112.804           113.364 
    csa_tree_P.._18_10_groupi    33     0.559    54.062    37.309         91.370            91.929 
    PUs[0].U_F..S12_add_41_16    88     0.556    52.682    72.922        125.604           126.161 
    PUs[15].U_..S12_add_41_16    87     0.553    53.345    71.495        124.840           125.394 
    PUs[0].U_F.._S0_add_18_10    63     0.531    35.578    46.596         82.174            82.705 
    PUs[16].U_.._S0_add_18_10    62     0.528    34.806    46.204         81.011            81.539 
    addinc_PUs.._S2_add_18_16    49     0.468    35.568    40.103         75.671            76.139 
    addinc_PUs.._S2_add_18_16    49     0.438    32.628    36.263         68.891            69.329 
    addinc_PUs.._S2_add_18_16    49     0.437    30.611    35.153         65.764            66.201 
    addinc_PUs.._S2_add_18_16    50     0.436    30.730    34.724         65.453            65.890 
    addinc_PUs.._S2_add_18_16    49     0.435    34.060    39.075         73.136            73.571 
    addinc_PUs.._S2_add_18_16    49     0.430    31.184    36.752         67.936            68.365 
    addinc_PUs.._S2_add_18_16    49     0.430    31.971    37.562         69.534            69.963 
    addinc_PUs.._S2_add_18_16    50     0.430    35.892    40.057         75.949            76.379 
    addinc_PUs.._S2_add_18_16    49     0.425    31.357    36.057         67.413            67.839 
    addinc_PUs.._S2_add_18_16    49     0.422    32.179    37.058         69.237            69.659 
    addinc_PUs.._S2_add_18_16    49     0.419    28.121    32.466         60.587            61.006 
    addinc_PUs.._S2_add_18_16    49     0.419    35.088    38.952         74.039            74.458 
    addinc_PUs.._S2_add_18_16    49     0.416    29.791    34.566         64.358            64.774 
    addinc_PUs.._S2_add_18_16    49     0.414    31.287    36.295         67.582            67.996 
    addinc_PUs.._S2_add_18_16    49     0.408    29.713    33.503         63.216            63.624 
    addinc_PUs.._S2_add_18_16    49     0.406    31.586    35.786         67.372            67.778 
    addinc_PUs.._S2_add_18_16    49     0.392    31.257    32.379         63.636            64.028 
    addinc_PUs.._S2_add_18_16    49     0.388    31.277    33.106         64.383            64.771 
    addinc_PUs..S22_add_18_16    37     0.370    35.156    26.420         61.576            61.946 
    addinc_PUs.._S1_add_18_16    35     0.369    32.064    27.311         59.375            59.744 
    addinc_PUs.._S2_add_18_16    37     0.368    33.036    25.591         58.627            58.995 
    addinc_PUs..S21_add_18_16    35     0.367    30.787    27.164         57.951            58.319 
    addinc_PUs..S22_add_18_16    38     0.367    33.300    26.983         60.284            60.650 
    addinc_PUs..S22_add_18_16    37     0.366    37.453    29.363         66.816            67.182 
    addinc_PUs..S22_add_18_16    37     0.365    34.320    27.886         62.206            62.571 
    addinc_PUs.._S2_add_18_16    37     0.364    33.557    26.649         60.206            60.570 
    addinc_PUs..S21_add_18_16    36     0.364    33.266    28.758         62.024            62.388 
    addinc_PUs.._S1_add_18_16    34     0.364    33.536    28.077         61.613            61.977 
    addinc_PUs.._S1_add_18_16    35     0.361    30.141    25.219         55.360            55.721 
    addinc_PUs.._S2_add_18_16    37     0.361    34.016    27.193         61.209            61.570 
    addinc_PUs..S22_add_18_16    37     0.360    30.311    25.023         55.334            55.694 
    addinc_PUs.._S2_add_18_16    37     0.359    34.058    27.360         61.418            61.777 
    addinc_PUs..S21_add_18_16    34     0.359    31.754    27.449         59.202            59.561 
    addinc_PUs.._S2_add_18_16    37     0.358    35.013    28.093         63.105            63.463 
    addinc_PUs.._S2_add_18_16    37     0.358    35.600    27.968         63.568            63.926 
    addinc_PUs..S22_add_18_16    37     0.357    33.396    27.673         61.069            61.426 
    addinc_PUs.._S1_add_18_16    35     0.356    30.367    25.821         56.187            56.544 
    addinc_PUs..S22_add_18_16    37     0.355    34.516    28.089         62.605            62.960 
    addinc_PUs..S21_add_18_16    35     0.354    29.740    25.163         54.903            55.257 
    addinc_PUs..S22_add_18_16    37     0.352    29.129    22.851         51.980            52.332 
    addinc_PUs..S21_add_18_16    34     0.352    30.080    25.949         56.029            56.381 
    addinc_PUs.._S2_add_18_16    37     0.351    33.454    26.885         60.339            60.690 
    addinc_PUs..S22_add_18_16    37     0.349    35.566    28.255         63.821            64.171 
    addinc_PUs..S22_add_18_16    37     0.348    32.475    25.807         58.282            58.631 
    addinc_PUs.._S1_add_18_16    34     0.348    31.235    27.271         58.506            58.854 
    addinc_PUs.._S1_add_18_16    34     0.348    32.743    28.138         60.882            61.229 
    addinc_PUs..S21_add_18_16    34     0.347    32.865    28.018         60.883            61.230 
    addinc_PUs.._S1_add_18_16    34     0.347    29.880    25.661         55.542            55.889 
    addinc_PUs..S21_add_18_16    35     0.347    31.025    26.342         57.368            57.714 
    addinc_PUs..S22_add_18_16    37     0.347    32.256    25.308         57.564            57.911 
    addinc_PUs.._S2_add_18_16    38     0.346    31.926    26.029         57.955            58.301 
    addinc_PUs.._S1_add_18_16    35     0.345    30.966    26.597         57.563            57.908 
    addinc_PUs..S21_add_18_16    34     0.344    27.481    23.609         51.090            51.434 
    addinc_PUs.._S1_add_18_16    34     0.344    31.418    26.500         57.918            58.261 
    addinc_PUs..S21_add_18_16    34     0.343    30.502    25.559         56.061            56.405 
    addinc_PUs..S21_add_18_16    34     0.343    29.950    25.977         55.927            56.270 
    addinc_PUs.._S1_add_18_16    34     0.343    30.419    25.797         56.217            56.560 
    addinc_PUs.._S1_add_18_16    34     0.343    29.544    25.253         54.798            55.141 
    addinc_PUs.._S2_add_18_16    37     0.342    32.187    26.017         58.204            58.546 
    addinc_PUs.._S1_add_18_16    34     0.342    31.436    27.051         58.487            58.829 
    addinc_PUs..S21_add_18_16    34     0.341    32.372    28.364         60.735            61.077 
    addinc_PUs..S21_add_18_16    34     0.341    32.457    27.825         60.282            60.623 
    addinc_PUs..S22_add_18_16    37     0.341    35.318    28.787         64.105            64.446 
    addinc_PUs.._S2_add_18_16    37     0.341    29.808    25.647         55.455            55.796 
    PUs[8].U_F.._S1_add_18_10    45     0.340    28.795    43.750         72.545            72.885 
    addinc_PUs.._S2_add_18_16    37     0.340    33.333    27.825         61.158            61.497 
    addinc_PUs..S21_add_18_16    34     0.339    32.952    29.477         62.429            62.769 
    addinc_PUs..S22_add_18_16    37     0.339    32.739    26.703         59.442            59.781 
    addinc_PUs.._S2_add_18_16    37     0.339    28.893    24.340         53.234            53.573 
    addinc_PUs..S21_add_18_16    34     0.339    30.943    25.517         56.460            56.799 
    addinc_PUs.._S1_add_18_16    34     0.338    31.770    27.248         59.018            59.356 
    addinc_PUs..S21_add_18_16    34     0.338    34.610    29.972         64.582            64.920 
    addinc_PUs..S21_add_18_16    34     0.338    29.076    24.583         53.659            53.997 
    addinc_PUs..S22_add_18_16    37     0.338    30.134    24.095         54.229            54.567 
    addinc_PUs.._S1_add_18_16    34     0.338    29.450    25.161         54.610            54.948 
    addinc_PUs.._S2_add_18_16    37     0.337    32.960    26.659         59.619            59.957 
    addinc_PUs.._S1_add_18_16    34     0.337    28.896    25.595         54.491            54.828 
    addinc_PUs.._S1_add_18_16    34     0.337    28.565    25.275         53.840            54.177 
    addinc_PUs.._S1_add_18_16    34     0.337    31.952    27.067         59.018            59.355 
    addinc_PUs..S22_add_18_16    37     0.336    31.219    25.679         56.897            57.234 
    addinc_PUs..S21_add_18_16    34     0.336    28.018    23.726         51.745            52.080 
    addinc_PUs.._S2_add_18_16    37     0.336    33.318    27.379         60.697            61.033 
    addinc_PUs.._S2_add_18_16    37     0.335    29.566    24.490         54.057            54.392 
    PUs[1].U_F.._S1_add_18_10    46     0.334    27.972    43.360         71.332            71.666 
    addinc_PUs.._S2_add_18_16    37     0.333    32.821    26.880         59.701            60.033 
    addinc_PUs..S22_add_18_16    37     0.332    29.417    23.944         53.361            53.693 
    PUs[11].U_.._S1_add_18_10    45     0.332    27.789    43.255         71.044            71.376 
    PUs[13].U_.._S1_add_18_10    45     0.331    27.251    42.022         69.274            69.605 
    PUs[12].U_.._S1_add_18_10    45     0.331    26.178    40.908         67.086            67.417 
    addinc_PUs..S22_add_18_16    37     0.330    29.157    25.019         54.176            54.506 
    PUs[14].U_.._S1_add_18_10    47     0.329    27.335    43.168         70.503            70.831 
    addinc_PUs.._S2_add_18_16    37     0.328    29.677    24.953         54.631            54.959 
    PUs[4].U_F..S15_add_41_16    66     0.328    61.437    86.964        148.401           148.729 
    PUs[1].U_F..S15_add_41_16    66     0.328    59.166    84.226        143.392           143.720 
    PUs[3].U_F..S15_add_41_16    66     0.328    57.514    83.288        140.801           141.129 
    PUs[9].U_F.._S1_add_18_10    45     0.327    31.574    48.761         80.336            80.663 
    PUs[0].U_F..S15_add_41_16    66     0.327    58.809    83.036        141.846           142.173 
    PUs[2].U_F..S15_add_41_16    66     0.327    59.309    85.582        144.891           145.218 
    PUs[5].U_F..S15_add_41_16    66     0.327    56.823    81.677        138.500           138.827 
    PUs[2].U_F.._S1_add_18_10    46     0.324    26.625    40.978         67.603            67.927 
    PUs[10].U_.._S1_add_18_10    45     0.324    27.300    43.078         70.379            70.702 
    PUs[0].U_F.._S1_add_18_10    46     0.321    27.880    42.337         70.217            70.538 
    PUs[15].U_.._S1_add_18_10    45     0.321    27.924    42.758         70.682            71.003 
    PUs[5].U_F.._S1_add_18_10    47     0.321    26.428    42.088         68.516            68.837 
    PUs[12].U_..S10_add_41_16    34     0.319    37.503    31.414         68.917            69.236 
    PUs[16].U_.._S1_add_18_10    45     0.314    27.839    35.857         63.696            64.010 
    PUs[3].U_F.._S1_add_18_10    45     0.313    24.735    39.211         63.946            64.259 
    PUs[4].U_F.._S1_add_18_10    45     0.313    26.707    41.297         68.005            68.318 
    PUs[13].U_..S10_add_41_16    34     0.313    35.400    27.285         62.686            62.998 
    PUs[4].U_F..S10_add_41_16    35     0.313    32.083    25.512         57.595            57.908 
    PUs[5].U_F..S10_add_41_16    34     0.312    34.456    27.360         61.816            62.128 
    PUs[3].U_F..S10_add_41_16    35     0.311    31.253    25.184         56.437            56.748 
    PUs[14].U_..S10_add_41_16    34     0.310    34.639    26.817         61.456            61.767 
    PUs[11].U_..S10_add_41_16    34     0.309    36.670    29.755         66.425            66.735 
    PUs[7].U_F..S10_add_41_16    34     0.309    34.999    27.960         62.959            63.268 
    PUs[7].U_F.._S1_add_18_10    45     0.309    25.520    41.223         66.743            67.052 
    PUs[10].U_..S10_add_41_16    34     0.308    37.224    29.415         66.639            66.947 
    PUs[0].U_F.._S1_add_18_10    45     0.307    28.864    38.291         67.155            67.462 
    PUs[6].U_F.._S1_add_18_10    45     0.306    25.503    41.121         66.624            66.931 
    PUs[0].U_F..S10_add_41_16    34     0.306    33.950    28.030         61.980            62.286 
    PUs[9].U_F..S10_add_41_16    34     0.305    34.702    26.774         61.476            61.781 
    PUs[6].U_F..S10_add_41_16    34     0.305    34.678    27.882         62.561            62.866 
    PUs[15].U_..S10_add_41_16    34     0.303    33.086    25.241         58.327            58.630 
    PUs[8].U_F..S10_add_41_16    34     0.303    32.961    25.370         58.331            58.635 
    PUs[1].U_F..S10_add_41_16    34     0.303    35.226    28.085         63.310            63.613 
    PUs[16].U_..S10_add_41_16    34     0.302    32.370    25.254         57.624            57.926 
    PUs[2].U_F..S10_add_41_16    34     0.297    33.899    26.561         60.460            60.757 
    PUs[6].U_F..S15_add_41_16    68     0.259    51.536    83.242        134.778           135.037 
    PUs[8].U_F..S15_add_41_16    68     0.259    51.500    84.112        135.612           135.871 
    PUs[9].U_F..S15_add_41_16    68     0.258    52.850    86.435        139.285           139.544 
    PUs[11].U_..S15_add_41_16    68     0.258    51.527    84.578        136.105           136.363 
    PUs[16].U_..S15_add_41_16    68     0.258    52.113    85.877        137.990           138.248 
    PUs[14].U_..S15_add_41_16    68     0.258    53.703    87.851        141.555           141.813 
    PUs[15].U_..S15_add_41_16    68     0.257    50.646    82.766        133.412           133.669 
    PUs[12].U_..S15_add_41_16    68     0.257    51.701    85.920        137.620           137.878 
    PUs[7].U_F..S15_add_41_16    68     0.257    51.287    84.931        136.218           136.475 
    PUs[10].U_..S15_add_41_16    68     0.257    52.814    87.481        140.295           140.552 
    PUs[13].U_..S15_add_41_16    68     0.256    53.709    89.108        142.817           143.074 
    PUs[15].U_F6_U_p11           16     0.145   132.187    27.062        159.249           159.394 
    PUs[13].U_F6_U_p11           16     0.145   133.311    28.733        162.044           162.189 
    PUs[1].U_F6_U_p11            16     0.145   131.778    26.984        158.762           158.906 
    PUs[6].U_F6_U_p11            16     0.145   131.992    27.527        159.519           159.664 
    PUs[0].U_F6_U_p11            16     0.145   131.472    27.132        158.604           158.749 
    PUs[2].U_F6_U_p11            16     0.145   130.006    25.868        155.874           156.019 
    PUs[12].U_F6_U_p11           16     0.145   131.846    27.599        159.446           159.591 
    PUs[3].U_F6_U_p11            16     0.145   132.358    27.732        160.090           160.235 
    PUs[10].U_F6_U_p11           16     0.145   132.192    27.988        160.180           160.325 
    PUs[16].U_F6_U_p11           16     0.145   131.692    27.450        159.142           159.287 
    PUs[8].U_F6_U_p11            16     0.145   131.940    27.832        159.772           159.917 
    PUs[7].U_F6_U_p11            16     0.145   131.853    27.585        159.438           159.583 
    PUs[4].U_F6_U_p11            16     0.145   130.608    26.620        157.228           157.372 
    PUs[5].U_F6_U_p11            16     0.145   128.547    25.051        153.598           153.742 
    PUs[11].U_F6_U_p11           16     0.145   132.246    28.006        160.252           160.397 
    PUs[9].U_F6_U_p11            16     0.145   132.061    27.859        159.920           160.065 
    PUs[14].U_F6_U_p11           16     0.145   130.667    26.818        157.485           157.629 
    PUs[12].U_F6_U_p23           15     0.140   123.855    17.337        141.191           141.332 
    PUs[13].U_F6_U_p4            15     0.140   123.855    17.337        141.191           141.332 
    PUs[5].U_F6_U_p23            15     0.140   122.646    16.207        138.854           138.994 
    PUs[6].U_F6_U_p4             15     0.140   122.646    16.207        138.854           138.994 
    PUs[0].U_F6_U_p4             15     0.140   123.711    16.161        139.872           140.012 
    PUs[3].U_F6_U_p23            15     0.140   122.029    18.449        140.478           140.618 
    PUs[4].U_F6_U_p4             15     0.140   122.029    18.260        140.289           140.429 
    PUs[16].U_F6_U_p23           15     0.140   123.958    17.175        141.133           141.273 
    PUs[9].U_F6_U_p23            15     0.140   124.882    17.730        142.612           142.752 
    PUs[10].U_F6_U_p4            15     0.140   124.882    17.730        142.612           142.752 
    PUs[7].U_F6_U_p23            15     0.140   122.384    16.503        138.887           139.027 
    PUs[8].U_F6_U_p4             15     0.140   122.384    16.503        138.887           139.027 
    PUs[13].U_F6_U_p23           15     0.140   122.291    15.716        138.007           138.147 
    PUs[14].U_F6_U_p4            15     0.140   122.291    15.716        138.007           138.147 
    PUs[11].U_F6_U_p23           15     0.140   123.993    17.443        141.436           141.576 
    PUs[12].U_F6_U_p4            15     0.140   123.993    17.443        141.436           141.576 
    PUs[1].U_F6_U_p23            15     0.140   123.899    19.611        143.510           143.650 
    PUs[2].U_F6_U_p4             15     0.140   123.899    19.611        143.510           143.650 
    PUs[4].U_F6_U_p23            15     0.140   122.207    19.174        141.381           141.521 
    PUs[5].U_F6_U_p4             15     0.140   122.207    19.174        141.381           141.521 
    PUs[2].U_F6_U_p23            15     0.140   122.686    19.081        141.767           141.907 
    PUs[3].U_F6_U_p4             15     0.140   122.686    19.081        141.767           141.907 
    PUs[10].U_F6_U_p23           15     0.140   121.243    15.875        137.118           137.258 
    PUs[11].U_F6_U_p4            15     0.140   121.243    15.875        137.118           137.258 
    PUs[0].U_F6_U_p23            15     0.140   123.345    19.464        142.808           142.948 
    PUs[1].U_F6_U_p4             15     0.140   123.345    19.739        143.085           143.224 
    PUs[14].U_F6_U_p23           15     0.140   122.503    16.933        139.436           139.576 
    PUs[15].U_F6_U_p4            15     0.140   122.503    16.933        139.436           139.576 
    PUs[15].U_F6_U_p23           15     0.140   120.970    15.727        136.697           136.837 
    PUs[16].U_F6_U_p4            15     0.140   120.970    15.727        136.697           136.837 
    PUs[6].U_F6_U_p23            15     0.140   122.921    17.048        139.969           140.109 
    PUs[7].U_F6_U_p4             15     0.140   122.921    17.048        139.969           140.109 
    PUs[8].U_F6_U_p23            15     0.140   121.633    16.308        137.941           138.081 
    PUs[9].U_F6_U_p4             15     0.140   121.633    16.308        137.941           138.081 
    PUs[9].U_F6_U_p22            14     0.130   120.804    18.554        139.358           139.488 
    PUs[16].U_F6_U_p22           14     0.130   119.902    18.161        138.063           138.193 
    PUs[7].U_F6_U_p22            14     0.130   120.861    19.049        139.911           140.040 
    PUs[6].U_F6_U_p3             14     0.130   121.167    18.872        140.039           140.169 
    PUs[0].U_F6_U_p3             14     0.130   119.595    17.129        136.724           136.854 
    PUs[12].U_F6_U_p22           14     0.130   120.579    18.463        139.042           139.172 
    PUs[15].U_F6_U_p3            14     0.130   120.547    18.883        139.429           139.559 
    PUs[5].U_F6_U_p22            14     0.130   120.218    18.655        138.874           139.003 
    PUs[1].U_F6_U_p22            14     0.130   121.704    20.965        142.669           142.798 
    PUs[7].U_F6_U_p3             14     0.130   120.634    18.584        139.218           139.348 
    PUs[14].U_F6_U_p3            14     0.130   119.220    18.649        137.869           137.999 
    PUs[16].U_F6_U_p3            14     0.130   121.931    19.451        141.382           141.511 
    PUs[13].U_F6_U_p3            14     0.130   119.931    18.149        138.079           138.209 
    PUs[11].U_F6_U_p22           14     0.130   120.799    19.004        139.803           139.932 
    PUs[14].U_F6_U_p22           14     0.130   117.612    16.905        134.517           134.647 
    PUs[12].U_F6_U_p3            14     0.130   118.631    17.852        136.483           136.613 
    PUs[8].U_F6_U_p22            14     0.130   120.272    18.543        138.816           138.945 
    PUs[15].U_F6_U_p22           14     0.130   120.883    19.156        140.038           140.168 
    PUs[9].U_F6_U_p3             14     0.130   120.133    18.674        138.807           138.937 
    PUs[6].U_F6_U_p22            14     0.130   120.084    18.545        138.629           138.758 
    PUs[11].U_F6_U_p3            14     0.130   121.819    19.673        141.492           141.622 
    PUs[10].U_F6_U_p3            14     0.130   118.682    17.627        136.309           136.439 
    PUs[10].U_F6_U_p22           14     0.130   119.424    18.233        137.657           137.787 
    PUs[2].U_F6_U_p3             14     0.130   120.274    20.102        140.375           140.505 
    PUs[3].U_F6_U_p3             14     0.130   118.348    19.421        137.769           137.898 
    PUs[3].U_F6_U_p22            14     0.130   118.890    19.642        138.532           138.662 
    PUs[13].U_F6_U_p22           14     0.130   120.754    19.623        140.378           140.507 
    PUs[8].U_F6_U_p3             14     0.130   119.116    18.189        137.304           137.434 
    PUs[4].U_F6_U_p3             14     0.130   119.017    19.054        138.070           138.200 
    PUs[0].U_F6_U_p22            14     0.130   121.551    20.503        142.053           142.183 
    PUs[4].U_F6_U_p22            14     0.130   118.321    19.197        137.518           137.647 
    PUs[2].U_F6_U_p22            14     0.130   119.377    20.319        139.696           139.826 
    PUs[5].U_F6_U_p3             14     0.130   118.090    19.181        137.271           137.401 
    PUs[1].U_F6_U_p3             14     0.130   121.313    21.226        142.539           142.669 
    PUs[6].U_F6_U_p12            13     0.125   109.128    22.500        131.628           131.753 
    PUs[5].U_F6_U_p12            13     0.125   109.167    22.787        131.954           132.079 
    PUs[14].U_F6_U_p12           13     0.125   111.814    25.128        136.942           137.067 
    PUs[9].U_F6_U_p12            13     0.125   112.024    25.119        137.143           137.268 
    PUs[12].U_F6_U_p12           13     0.125   111.161    23.993        135.153           135.278 
    PUs[11].U_F6_U_p12           13     0.125   110.416    23.180        133.596           133.720 
    PUs[10].U_F6_U_p12           13     0.125   111.437    24.640        136.077           136.201 
    PUs[1].U_F6_U_p12            13     0.125   111.487    24.573        136.060           136.185 
    PUs[0].U_F6_U_p12            13     0.125   110.459    23.435        133.894           134.018 
    PUs[16].U_F6_U_p12           13     0.125   110.742    23.697        134.440           134.564 
    PUs[3].U_F6_U_p12            13     0.125   110.715    23.642        134.357           134.482 
    PUs[13].U_F6_U_p12           13     0.125   108.931    22.427        131.358           131.482 
    PUs[15].U_F6_U_p12           13     0.125   107.963    21.664        129.627           129.752 
    PUs[4].U_F6_U_p12            13     0.125   112.057    24.991        137.048           137.172 
    PUs[7].U_F6_U_p12            13     0.125   109.091    22.697        131.788           131.913 
    PUs[2].U_F6_U_p12            13     0.125   110.399    23.781        134.180           134.305 
    PUs[8].U_F6_U_p12            13     0.124   108.913    22.364        131.277           131.401 
    PUs[8].U_F6_U_p10            13     0.121   111.112    14.833        125.944           126.066 
    PUs[1].U_F6_U_p10            13     0.121   112.448    18.190        130.638           130.759 
    PUs[6].U_F6_U_p10            13     0.121   111.861    15.265        127.126           127.247 
    PUs[3].U_F6_U_p10            13     0.121   109.218    16.365        125.583           125.704 
    PUs[9].U_F6_U_p10            13     0.121   112.344    15.569        127.913           128.034 
    PUs[4].U_F6_U_p10            13     0.121   110.640    17.312        127.952           128.074 
    PUs[16].U_F6_U_p10           13     0.121   111.514    15.053        126.567           126.688 
    PUs[2].U_F6_U_p10            13     0.121   113.239    18.893        132.132           132.254 
    PUs[0].U_F6_U_p10            13     0.121   111.737    17.740        129.477           129.598 
    PUs[12].U_F6_U_p10           13     0.121   112.591    15.799        128.390           128.511 
    PUs[13].U_F6_U_p10           13     0.121   112.783    15.640        128.423           128.544 
    PUs[10].U_F6_U_p10           13     0.121   112.194    15.297        127.492           127.613 
    PUs[14].U_F6_U_p10           13     0.121   111.875    15.259        127.134           127.255 
    PUs[5].U_F6_U_p10            13     0.121   110.486    17.062        127.548           127.670 
    PUs[7].U_F6_U_p10            13     0.121   112.280    15.495        127.775           127.896 
    PUs[11].U_F6_U_p10           13     0.121   111.174    14.914        126.088           126.209 
    PUs[15].U_F6_U_p10           13     0.121   111.236    14.899        126.135           126.256 
    PUs[0].U_F6_U_p21            12     0.112   104.215    18.779        122.994           123.107 
    PUs[13].U_F6_U_p21           12     0.112   104.193    18.704        122.897           123.010 
    PUs[8].U_F6_U_p2             12     0.112   104.498    18.803        123.301           123.414 
    PUs[6].U_F6_U_p2             12     0.112   103.407    18.071        121.478           121.590 
    PUs[4].U_F6_U_p2             12     0.112   104.688    18.674        123.362           123.474 
    PUs[1].U_F6_U_p2             12     0.112   104.131    18.445        122.576           122.688 
    PUs[2].U_F6_U_p21            12     0.112   103.298    18.277        121.575           121.687 
    PUs[14].U_F6_U_p2            12     0.112   103.179    18.050        121.229           121.341 
    PUs[3].U_F6_U_p2             12     0.112   103.071    17.811        120.882           120.994 
    PUs[11].U_F6_U_p2            12     0.112   104.093    19.042        123.135           123.247 
    PUs[5].U_F6_U_p21            12     0.112   102.994    18.168        121.162           121.274 
    PUs[0].U_F6_U_p2             12     0.112   103.937    18.499        122.435           122.547 
    PUs[3].U_F6_U_p21            12     0.112   104.249    18.357        122.606           122.719 
    PUs[7].U_F6_U_p21            12     0.112   103.926    18.375        122.301           122.413 
    PUs[4].U_F6_U_p21            12     0.112   103.905    18.868        122.773           122.886 
    PUs[11].U_F6_U_p21           12     0.112   103.863    18.433        122.296           122.408 
    PUs[12].U_F6_U_p21           12     0.112   104.990    19.406        124.396           124.508 
    PUs[16].U_F6_U_p2            12     0.112   102.497    17.832        120.329           120.441 
    PUs[1].U_F6_U_p21            12     0.112   102.694    17.399        120.093           120.205 
    PUs[14].U_F6_U_p21           12     0.112   104.201    18.905        123.106           123.218 
    PUs[10].U_F6_U_p2            12     0.112   103.913    18.525        122.438           122.550 
    PUs[13].U_F6_U_p2            12     0.112   104.046    18.991        123.037           123.150 
    PUs[15].U_F6_U_p21           12     0.112   103.436    18.342        121.778           121.890 
    PUs[9].U_F6_U_p2             12     0.112   104.031    18.625        122.656           122.768 
    PUs[15].U_F6_U_p2            12     0.112   104.029    18.605        122.633           122.745 
    PUs[9].U_F6_U_p21            12     0.112   103.667    18.493        122.160           122.272 
    PUs[6].U_F6_U_p21            12     0.112   103.779    18.713        122.492           122.604 
    PUs[16].U_F6_U_p21           12     0.112   104.027    18.728        122.755           122.867 
    PUs[8].U_F6_U_p21            12     0.112   104.065    18.584        122.649           122.761 
    PUs[5].U_F6_U_p2             12     0.112   104.751    19.247        123.997           124.109 
    PUs[2].U_F6_U_p2             12     0.112   101.779    17.073        118.852           118.964 
    PUs[12].U_F6_U_p2            12     0.112   102.807    17.656        120.464           120.576 
    PUs[7].U_F6_U_p2             12     0.112   104.021    18.852        122.873           122.985 
    PUs[10].U_F6_U_p21           12     0.112   102.420    18.049        120.469           120.580 
    PUs[11].U_F6_U_p1            11     0.103    83.882    10.952         94.834            94.937 
    PUs[16].U_F6_U_p20           11     0.103    83.882    10.952         94.834            94.937 
    PUs[15].U_F6_U_p1            11     0.103    84.138    11.435         95.573            95.676 
    PUs[7].U_F6_U_p1             11     0.103    85.453    12.520         97.973            98.076 
    PUs[12].U_F6_U_p20           11     0.103    85.453    12.520         97.973            98.076 
    PUs[10].U_F6_U_p1            11     0.103    84.071    11.938         96.009            96.112 
    PUs[15].U_F6_U_p20           11     0.103    84.071    11.938         96.009            96.112 
    PUs[1].U_F6_U_p20            11     0.103    84.232    11.297         95.529            95.632 
    PUs[4].U_F6_U_p1             11     0.103    84.655    12.140         96.795            96.898 
    PUs[9].U_F6_U_p20            11     0.103    84.655    12.140         96.795            96.898 
    PUs[14].U_F6_U_p1            11     0.103    83.909    11.152         95.061            95.164 
    PUs[5].U_F6_U_p1             11     0.103    83.976    11.440         95.417            95.519 
    PUs[10].U_F6_U_p20           11     0.103    83.976    11.440         95.417            95.519 
    PUs[2].U_F6_U_p1             11     0.103    83.981    11.494         95.475            95.578 
    PUs[7].U_F6_U_p20            11     0.103    83.981    11.494         95.475            95.578 
    PUs[3].U_F6_U_p1             11     0.103    84.310    11.365         95.675            95.777 
    PUs[8].U_F6_U_p20            11     0.103    84.310    11.365         95.675            95.777 
    PUs[0].U_F6_U_p1             11     0.103    84.360    11.546         95.906            96.009 
    PUs[5].U_F6_U_p20            11     0.103    84.360    11.546         95.906            96.009 
    PUs[9].U_F6_U_p1             11     0.103    84.258    11.451         95.709            95.812 
    PUs[14].U_F6_U_p20           11     0.103    84.258    11.451         95.709            95.812 
    PUs[8].U_F6_U_p1             11     0.103    84.386    11.856         96.242            96.345 
    PUs[13].U_F6_U_p20           11     0.103    84.386    11.856         96.242            96.345 
    PUs[6].U_F6_U_p1             11     0.103    84.276    11.608         95.884            95.987 
    PUs[11].U_F6_U_p20           11     0.103    84.276    11.608         95.884            95.987 
    PUs[16].U_F6_U_p1            11     0.103    84.375    11.699         96.074            96.177 
    PUs[0].U_F6_U_p20            11     0.103    83.810    11.095         94.905            95.008 
    PUs[4].U_F6_U_p20            11     0.103    85.547    12.431         97.978            98.081 
    PUs[2].U_F6_U_p20            11     0.103    85.263    12.273         97.536            97.639 
    PUs[13].U_F6_U_p1            11     0.103    83.664    11.022         94.686            94.789 
    PUs[1].U_F6_U_p1             11     0.103    82.992    10.907         93.899            94.001 
    PUs[6].U_F6_U_p20            11     0.103    82.992    10.907         93.899            94.001 
    PUs[12].U_F6_U_p1            11     0.103    83.112    10.931         94.043            94.146 
    PUs[3].U_F6_U_p20            11     0.103    84.505    11.727         96.232            96.335 
    PUs[0].U_F6_U_S0              4     0.020     1.800     2.210          4.011             4.031 
      add_41_16                   4     0.020     1.800     2.210          4.011             4.031 
    PUs[10].U_F6_U_S0             4     0.020     1.628     1.980          3.608             3.628 
      add_41_16                   4     0.020     1.628     1.980          3.608             3.628 
    PUs[2].U_F6_U_S20             4     0.020     2.005     1.703          3.708             3.728 
      add_41_16                   4     0.020     2.005     1.703          3.708             3.728 
    PUs[7].U_F6_U_S0              4     0.020     2.136     2.635          4.771             4.791 
      add_41_16                   4     0.020     2.136     2.635          4.771             4.791 
    PUs[13].U_F6_U_S0             4     0.020     1.957     1.657          3.613             3.634 
      add_41_16                   4     0.020     1.957     1.657          3.613             3.634 
    PUs[5].U_F6_U_S0              4     0.020     1.704     2.188          3.892             3.913 
      add_41_16                   4     0.020     1.704     2.188          3.892             3.913 
    PUs[3].U_F6_U_S0              4     0.020     1.719     2.232          3.951             3.971 
      add_41_16                   4     0.020     1.719     2.232          3.951             3.971 
    PUs[15].U_F6_U_S0             4     0.020     1.541     1.309          2.850             2.870 
      add_41_16                   4     0.020     1.541     1.309          2.850             2.870 
    PUs[3].U_F6_U_S20             4     0.020     1.959     1.664          3.624             3.644 
      add_41_16                   4     0.020     1.959     1.664          3.624             3.644 
    PUs[1].U_F6_U_S20             4     0.020     1.589     1.353          2.942             2.962 
      add_41_16                   4     0.020     1.589     1.353          2.942             2.962 
    PUs[9].U_F6_U_S0              4     0.020     1.699     2.131          3.830             3.850 
      add_41_16                   4     0.020     1.699     2.131          3.830             3.850 
    PUs[11].U_F6_U_S0             4     0.020     1.950     2.441          4.391             4.412 
      add_41_16                   4     0.020     1.950     2.441          4.391             4.412 
    PUs[1].U_F6_U_S0              4     0.020     1.629     2.010          3.639             3.660 
      add_41_16                   4     0.020     1.629     2.010          3.639             3.660 
    PUs[16].U_F6_U_S0             4     0.020     1.677     1.431          3.108             3.129 
      add_41_16                   4     0.020     1.677     1.431          3.108             3.129 
    PUs[12].U_F6_U_S0             4     0.020     1.742     1.475          3.217             3.237 
      add_41_16                   4     0.020     1.742     1.475          3.217             3.237 
    PUs[14].U_F6_U_S0             4     0.020     1.592     1.360          2.952             2.973 
      add_41_16                   4     0.020     1.592     1.360          2.952             2.973 
    PUs[2].U_F6_U_S0              4     0.020     1.610     2.091          3.701             3.722 
      add_41_16                   4     0.020     1.610     2.091          3.701             3.722 
    PUs[4].U_F6_U_S0              4     0.020     1.720     2.196          3.916             3.937 
      add_41_16                   4     0.020     1.720     2.196          3.916             3.937 
    PUs[4].U_F6_U_S20             4     0.020     1.668     1.424          3.093             3.113 
      add_41_16                   4     0.020     1.668     1.424          3.093             3.113 
    PUs[6].U_F6_U_S0              4     0.020     1.893     2.378          4.270             4.291 
      add_41_16                   4     0.020     1.893     2.378          4.270             4.291 
    PUs[0].U_F6_U_S20             4     0.020     1.839     1.573          3.412             3.433 
      add_41_16                   4     0.020     1.839     1.573          3.412             3.433 
    PUs[8].U_F6_U_S0              4     0.020     1.520     1.990          3.510             3.530 
      add_41_16                   4     0.020     1.520     1.990          3.510             3.530 
  U_buffer                    16514    72.361 42425.788 20617.995      63043.783         63116.143 
  U_crtl                         99     0.663   201.609    58.637        260.246           260.910 
    inc_add_1001_29               9     0.041     1.755     1.224          2.978             3.019 
    inc_add_971_29                9     0.037     1.235     0.928          2.163             2.199 
    inc_add_986_29                9     0.037     0.729     0.554          1.283             1.319 
    lt_906_18                     2     0.008     0.030     0.020          0.051             0.059 
    lt_899_18                     2     0.008     0.311     0.201          0.511             0.520 
    lt_913_18                     2     0.008     0.090     0.080          0.170             0.177 
  clipping[2].U_clip             15     0.062     9.874     9.193         19.068            19.130 
    gte_769_34                    7     0.023     2.158     4.554          6.712             6.735 
  clipping[11].U_clip            15     0.062     9.402     9.178         18.580            18.642 
    gte_769_34                    7     0.023     2.450     4.995          7.446             7.469 
  clipping[15].U_clip            15     0.062    10.223     9.864         20.087            20.149 
    gte_769_34                    7     0.023     2.605     5.279          7.884             7.907 
  clipping[5].U_clip             15     0.062     9.488     8.961         18.449            18.511 
    gte_769_34                    7     0.023     2.176     4.570          6.746             6.769 
  clipping[9].U_clip             15     0.062     9.224     8.818         18.042            18.104 
    gte_769_34                    7     0.023     2.303     4.667          6.969             6.992 
  clipping[8].U_clip             15     0.062     9.607     9.382         18.990            19.052 
    gte_769_34                    7     0.023     2.638     5.192          7.830             7.853 
  clipping[0].U_clip             15     0.062     9.497     9.135         18.633            18.694 
    gte_769_34                    7     0.023     2.283     4.798          7.081             7.103 
  clipping[3].U_clip             15     0.062     9.867     9.512         19.379            19.441 
    gte_769_34                    7     0.023     2.698     5.206          7.904             7.927 
  clipping[14].U_clip            15     0.062     8.525     8.236         16.760            16.822 
    gte_769_34                    7     0.023     2.274     4.486          6.760             6.783 
  clipping[12].U_clip            15     0.061     9.164     8.898         18.061            18.123 
    gte_769_34                    7     0.023     2.232     4.723          6.955             6.977 
  clipping[6].U_clip             15     0.061     9.785     9.526         19.312            19.373 
    gte_769_34                    7     0.023     2.552     5.174          7.725             7.748 
  clipping[13].U_clip            15     0.055     5.700     6.337         12.037            12.092 
    gte_769_34                    7     0.019     2.106     4.157          6.263             6.282 
  clipping[10].U_clip            15     0.054     4.731     5.182          9.913             9.968 
    gte_769_34                    7     0.019     1.786     3.404          5.189             5.209 
  clipping[1].U_clip             15     0.054     5.549     6.035         11.584            11.638 
    gte_769_34                    7     0.019     2.266     4.048          6.314             6.333 
  clipping[16].U_clip            15     0.054     5.380     6.063         11.443            11.497 
    gte_769_34                    7     0.019     2.038     4.037          6.075             6.095 
  clipping[4].U_clip             15     0.054     4.949     5.394         10.342            10.397 
    gte_769_34                    7     0.019     2.206     3.739          5.946             5.965 
  clipping[7].U_clip             15     0.054     5.459     6.259         11.718            11.772 
    gte_769_34                    7     0.019     2.103     4.218          6.320             6.339 
  clipping[2..ip_gte_769_34       7     0.023     2.472     5.005          7.478             7.501 
  clipping[2..ip_gte_769_34       7     0.023     2.262     5.215          7.477             7.501 
  clipping[3..ip_gte_769_34       7     0.023     2.311     4.983          7.294             7.317 
  clipping[1..ip_gte_769_34       7     0.023     2.699     5.579          8.278             8.301 
  clipping[2..ip_gte_769_34       7     0.023     2.472     4.975          7.447             7.470 
  clipping[3..ip_gte_769_34       7     0.023     2.227     4.934          7.161             7.184 
  clipping[4..ip_gte_769_34       7     0.023     2.322     4.943          7.265             7.288 
  clipping[4..ip_gte_769_34       7     0.023     2.892     5.777          8.669             8.692 
  clipping[5..ip_gte_769_34       7     0.023     2.616     5.587          8.203             8.226 
  clipping[2..ip_gte_769_34       7     0.023     2.342     4.572          6.913             6.936 
  clipping[3..ip_gte_769_34       7     0.023     2.522     5.466          7.988             8.011 
  clipping[4..ip_gte_769_34       7     0.023     2.623     5.069          7.691             7.714 
  clipping[3..ip_gte_769_34       7     0.023     2.423     5.004          7.427             7.450 
  clipping[3..ip_gte_769_34       7     0.023     2.170     4.447          6.617             6.640 
  clipping[4..ip_gte_769_34       7     0.023     2.505     4.994          7.499             7.522 
  clipping[2..ip_gte_769_34       7     0.023     2.177     4.658          6.835             6.858 
  clipping[3..ip_gte_769_34       7     0.023     2.646     5.376          8.023             8.046 
  clipping[3..ip_gte_769_34       7     0.023     2.331     4.648          6.979             7.002 
  clipping[4..ip_gte_769_34       7     0.023     2.237     4.402          6.639             6.662 
  clipping[4..ip_gte_769_34       7     0.023     2.258     4.782          7.041             7.063 
  clipping[2..ip_gte_769_34       7     0.023     2.382     4.690          7.072             7.095 
  clipping[2..ip_gte_769_34       7     0.023     2.581     5.467          8.048             8.070 
  clipping[1..ip_gte_769_34       7     0.022     2.636     5.865          8.502             8.524 
  clipping[3..ip_gte_769_34       7     0.020     2.361     4.760          7.121             7.141 
  clipping[4..ip_gte_769_34       7     0.020     2.449     4.549          6.998             7.018 
  clipping[4..ip_gte_769_34       7     0.020     2.030     4.149          6.179             6.198 
  clipping[3..ip_gte_769_34       7     0.019     2.141     4.103          6.244             6.263 
  clipping[2..ip_gte_769_34       7     0.019     2.488     4.253          6.742             6.761 
  clipping[3..ip_gte_769_34       7     0.019     1.814     3.334          5.148             5.168 
  clipping[2..ip_gte_769_34       7     0.019     1.778     3.783          5.560             5.580 
  clipping[2..ip_gte_769_34       7     0.019     2.158     4.022          6.180             6.199 
  clipping[4..ip_gte_769_34       7     0.019     2.100     4.106          6.206             6.225 
  clipping[1..ip_gte_769_34       7     0.019     2.312     3.865          6.177             6.196 
  clipping[4..ip_gte_769_34       7     0.019     1.897     3.730          5.627             5.646 

