============================================================
  Generated by:           Genus(TM) Synthesis Solution 17.10-p007_1
  Generated on:           Nov 22 2020  03:35:54 pm
  Module:                 top_level
  Technology libraries:   CORE65LPSVT 
                          CLOCK65LPSVT 
                          physical_cells 
  Operating conditions:   _nominal_ 
  Interconnect mode:      global
  Area mode:              physical library
============================================================

                        Instance                                          Module                   Cells  Cell Area  Net Area   Total Area 
-------------------------------------------------------------------------------------------------------------------------------------------
top_level                                                                                          85082     472685    183916       656601 
  GEN[5].U_MULTIi_SHRP                                   filter_sharp_bit_width10_5                 6569      36101     13522        49623 
    csa_tree_U_S7_6_add_64_12_groupi                     csa_tree_U_S7_6_add_64_12_group_277         171       1026       320         1346 
    csa_tree_U_S9_6_add_64_12_groupi                     csa_tree_U_S9_6_add_64_12_group_275         168       1030       317         1346 
    csa_tree_U_S12_6_add_64_12_groupi                    csa_tree_U_S12_6_add_64_12_group_257        172       1011       305         1316 
    csa_tree_U_S6_6_add_64_12_groupi                     csa_tree_U_S6_6_add_64_12_group_285         144       1022       277         1299 
    csa_tree_U_S13_6_add_64_8_groupi                     csa_tree_U_S13_6_add_64_8_group_307         144        950       271         1221 
    csa_tree_U_S10_6_add_64_12_groupi                    csa_tree_U_S10_6_add_64_12_group_283        156        883       294         1178 
    csa_tree_U_S3_6_add_64_8_groupi                      csa_tree_U_S3_6_add_64_8_group_309          147        829       279         1108 
    csa_tree_U_S12_2_add_91_9_groupi                     csa_tree_U_S12_2_add_91_9_group_299         138        855       241         1096 
    csa_tree_fac2_groupi                                 csa_tree_fac2_group_253                     135        776       221          998 
    csa_tree_U_S4_4_add_64_8_groupi                      csa_tree_U_S4_4_add_64_8_group_301          104        771       185          956 
    csa_tree_fac1_groupi                                 csa_tree_fac1_group_255                     122        718       207          925 
    csa_tree_U_S3_5_add_64_8_groupi                      csa_tree_U_S3_5_add_64_8_group_323          125        694       212          906 
    csa_tree_U_S9_4_add_64_8_groupi                      csa_tree_U_S9_4_add_64_8_group_269          116        687       206          893 
    csa_tree_U_S11_6_add_64_12_groupi                    csa_tree_U_S11_6_add_64_12_group_261        115        627       218          845 
    csa_tree_U_S14_5_add_64_8_groupi                     csa_tree_U_S14_5_add_64_8_group_267          98        663       178          841 
    csa_tree_U_S4_2_add_91_9_groupi                      csa_tree_U_S4_2_add_91_9_group_303          120        577       229          806 
    csa_tree_U_S14_6_add_64_8_groupi                     csa_tree_U_S14_6_add_64_8_group_311          96        629       172          801 
    csa_tree_U_S1_4_add_64_8_groupi                      csa_tree_U_S1_4_add_64_8_group_329           81        588       147          734 
    csa_tree_U_S4_3_add_91_9_groupi                      csa_tree_U_S4_3_add_91_9_group_301          111        528       200          728 
    csa_tree_U_S15_4_add_64_8_groupi                     csa_tree_U_S15_4_add_64_8_group_327          78        556       143          698 
    csa_tree_U_S2_6_add_64_8_groupi                      csa_tree_U_S2_6_add_64_8_group_313           86        517       159          675 
    csa_tree_U_S4_7_add_64_12_groupi                     csa_tree_U_S4_7_add_64_12_group_295          71        539       128          667 
    U_S3_7_add_64_8                                      add_signed_410_795                          100        491       169          660 
    csa_tree_U_S7_3_add_91_9_groupi                      csa_tree_U_S7_3_add_91_9_group_281           83        493       140          633 
    csa_tree_U_S8_5_add_64_8_groupi                      csa_tree_U_S8_5_add_64_8_group_273           96        446       178          624 
    csa_tree_U_S9_3_add_91_9_groupi                      csa_tree_U_S9_3_add_91_9_group_279           82        480       137          617 
    U_S13_7_add_64_8                                     add_signed_410_793                           97        439       166          605 
    U_S12_7_add_64_8                                     add_signed_410_794                           99        427       167          595 
    U_S6_7_add_64_8                                      add_signed_370_1408                          97        406       163          569 
    csa_tree_U_S5_7_add_64_12_groupi                     csa_tree_U_S5_7_add_64_12_group_293          69        441       126          567 
    U_S10_7_add_64_8                                     add_signed_370                               98        395       164          559 
    csa_tree_U_S1_5_add_64_8_groupi                      csa_tree_U_S1_5_add_64_8_group_325           78        416       142          558 
    U_S9_7_add_64_8                                      add_signed_370_809                           92        401       153          554 
    U_S7_7_add_64_8                                      add_signed_370_810                           94        391       157          548 
    csa_tree_U_S15_5_add_64_8_groupi                     csa_tree_U_S15_5_add_64_8_group_321          72        375       136          511 
    csa_tree_U_S12_3_add_91_9_groupi                     csa_tree_U_S12_3_add_91_9_group_259          64        389       116          506 
    U_S11_7_add_64_8                                     add_signed_370_807                           91        328       152          480 
    csa_tree_U_S8_7_add_64_12_groupi                     csa_tree_U_S8_7_add_64_12_group_271          44        370        79          448 
    csa_tree_U_S14_3_add_91_9_groupi                     csa_tree_U_S14_3_add_91_9_group_317          60        336       108          444 
    csa_tree_U_S2_3_add_91_9_groupi                      csa_tree_U_S2_3_add_91_9_group_319           59        331       106          437 
    csa_tree_U_S6_3_add_91_9_groupi                      csa_tree_U_S6_3_add_91_9_group_287           49        339        81          420 
    csa_tree_U_S5_2_add_91_9_groupi                      csa_tree_U_S5_2_add_91_9_group_291           47        335        77          413 
    csa_tree_U_S10_3_add_91_9_groupi                     csa_tree_U_S10_3_add_91_9_group_265          48        321        79          399 
    csa_tree_U_S11_3_add_91_9_groupi                     csa_tree_U_S11_3_add_91_9_group_263          42        316        68          384 
    U_S14_7_add_64_8                                     add_signed_422_778                           57        298        82          381 
    U_S2_7_add_64_8                                      add_signed_422_778_1399                      57        298        82          380 
    U_S1_6_add_64_8                                      add_signed_441_767                           55        280        78          358 
    U_S15_6_add_64_8                                     add_signed_441_766                           57        267        81          347 
  GEN[4].U_MULTIi_SHRP                                   filter_sharp_bit_width10_4                 6605      35672     13586        49258 
    csa_tree_U_S9_6_add_64_12_groupi                     csa_tree_U_S9_6_add_64_12_group_275_175     168        999       317         1316 
    csa_tree_U_S7_6_add_64_12_groupi                     csa_tree_U_S7_6_add_64_12_group_277_170     165        994       313         1307 
    csa_tree_U_S6_6_add_64_12_groupi                     csa_tree_U_S6_6_add_64_12_group_285_168     154        964       293         1258 
    csa_tree_U_S12_6_add_64_12_groupi                    csa_tree_U_S12_6_add_64_12_group_257_182    171        912       301         1213 
    csa_tree_U_S3_6_add_64_8_groupi                      csa_tree_U_S3_6_add_64_8_group_309_160      153        909       287         1197 
    csa_tree_U_S13_6_add_64_8_groupi                     csa_tree_U_S13_6_add_64_8_group_307_183     156        888       294         1182 
    csa_tree_U_S10_6_add_64_12_groupi                    csa_tree_U_S10_6_add_64_12_group_283_177    142        880       271         1151 
    csa_tree_U_S12_2_add_91_9_groupi                     csa_tree_U_S12_2_add_91_9_group_299_180     135        766       235         1001 
    csa_tree_U_S9_4_add_64_8_groupi                      csa_tree_U_S9_4_add_64_8_group_269_174      125        738       217          956 
    csa_tree_fac2_groupi                                 csa_tree_fac2_group_253_190                 128        738       212          950 
    csa_tree_fac1_groupi                                 csa_tree_fac1_group_255_189                 133        725       225          950 
    csa_tree_U_S4_4_add_64_8_groupi                      csa_tree_U_S4_4_add_64_8_group_301_163      109        722       190          911 
    csa_tree_U_S3_5_add_64_8_groupi                      csa_tree_U_S3_5_add_64_8_group_323_159      124        703       207          910 
    csa_tree_U_S11_6_add_64_12_groupi                    csa_tree_U_S11_6_add_64_12_group_261_179    120        657       226          883 
    csa_tree_U_S14_5_add_64_8_groupi                     csa_tree_U_S14_5_add_64_8_group_267_185     110        590       195          785 
    csa_tree_U_S1_4_add_64_8_groupi                      csa_tree_U_S1_4_add_64_8_group_329_155       83        565       151          716 
    csa_tree_U_S15_4_add_64_8_groupi                     csa_tree_U_S15_4_add_64_8_group_327_187      73        576       139          715 
    csa_tree_U_S4_3_add_91_9_groupi                      csa_tree_U_S4_3_add_91_9_group_301_162      102        514       189          703 
    csa_tree_U_S8_5_add_64_8_groupi                      csa_tree_U_S8_5_add_64_8_group_273_171       99        484       181          665 
    csa_tree_U_S14_6_add_64_8_groupi                     csa_tree_U_S14_6_add_64_8_group_311_186      91        492       167          659 
    csa_tree_U_S9_3_add_91_9_groupi                      csa_tree_U_S9_3_add_91_9_group_279_173       82        511       140          651 
    csa_tree_U_S4_7_add_64_12_groupi                     csa_tree_U_S4_7_add_64_12_group_295_164      75        516       133          650 
    csa_tree_U_S7_3_add_91_9_groupi                      csa_tree_U_S7_3_add_91_9_group_281_169       77        493       130          624 
    U_S13_7_add_64_8                                     add_signed_416_799                           99        440       168          608 
    U_S12_7_add_64_8                                     add_signed_416_800                           96        439       162          602 
    U_S6_7_add_64_8                                      add_signed_376_1406                          99        424       168          592 
    csa_tree_U_S4_2_add_91_9_groupi                      csa_tree_U_S4_2_add_91_9_group_303_161       60        476       111          587 
    csa_tree_U_S5_7_add_64_12_groupi                     csa_tree_U_S5_7_add_64_12_group_293_166      70        453       129          583 
    U_S3_7_add_64_8                                      add_signed_416_801                           99        415       166          581 
    U_S7_7_add_64_8                                      add_signed_376_816                           94        418       157          575 
    csa_tree_U_S1_5_add_64_8_groupi                      csa_tree_U_S1_5_add_64_8_group_325_156       87        408       160          568 
    U_S10_7_add_64_8                                     add_signed_376                               96        403       161          564 
    csa_tree_U_S15_5_add_64_8_groupi                     csa_tree_U_S15_5_add_64_8_group_321_188      73        416       137          553 
    U_S2_7_add_64_8                                      add_signed_428_784_1396                     101        374       167          541 
    U_S9_7_add_64_8                                      add_signed_376_815                           94        372       157          529 
    csa_tree_U_S12_3_add_91_9_groupi                     csa_tree_U_S12_3_add_91_9_group_259_181      65        404       118          521 
    U_S14_7_add_64_8                                     add_signed_428_784                           98        359       162          521 
    csa_tree_U_S2_6_add_64_8_groupi                      csa_tree_U_S2_6_add_64_8_group_313_158       51        419        85          504 
    U_S11_7_add_64_8                                     add_signed_376_813                           89        331       148          479 
    csa_tree_U_S2_3_add_91_9_groupi                      csa_tree_U_S2_3_add_91_9_group_319_157       63        368       111          479 
    csa_tree_U_S8_7_add_64_12_groupi                     csa_tree_U_S8_7_add_64_12_group_271_172      44        394        79          472 
    csa_tree_U_S14_3_add_91_9_groupi                     csa_tree_U_S14_3_add_91_9_group_317_184      60        365       104          469 
    csa_tree_U_S6_3_add_91_9_groupi                      csa_tree_U_S6_3_add_91_9_group_287_167       48        332        81          412 
    csa_tree_U_S10_3_add_91_9_groupi                     csa_tree_U_S10_3_add_91_9_group_265_176      51        326        85          411 
    csa_tree_U_S5_2_add_91_9_groupi                      csa_tree_U_S5_2_add_91_9_group_291_165       45        334        75          410 
    csa_tree_U_S11_3_add_91_9_groupi                     csa_tree_U_S11_3_add_91_9_group_263_178      43        326        70          396 
    U_S1_6_add_64_8                                      add_signed_447_773                           60        275        84          359 
    U_S15_6_add_64_8                                     add_signed_447_772                           57        260        79          339 
  GEN[2].U_MULTIi_SHRP                                   filter_sharp_bit_width10_2                 6534      35596     13423        49019 
    csa_tree_U_S7_6_add_64_12_groupi                     csa_tree_U_S7_6_add_64_12_group_277_280     180       1086       335         1421 
    csa_tree_U_S6_6_add_64_12_groupi                     csa_tree_U_S6_6_add_64_12_group_285_278     153       1021       292         1313 
    csa_tree_U_S9_6_add_64_12_groupi                     csa_tree_U_S9_6_add_64_12_group_275_285     169        968       316         1284 
    csa_tree_U_S10_6_add_64_12_groupi                    csa_tree_U_S10_6_add_64_12_group_283_287    155        935       292         1228 
    csa_tree_U_S12_6_add_64_12_groupi                    csa_tree_U_S12_6_add_64_12_group_257_292    163        936       291         1227 
    csa_tree_U_S13_6_add_64_8_groupi                     csa_tree_U_S13_6_add_64_8_group_307_293     159        915       293         1208 
    csa_tree_U_S3_6_add_64_8_groupi                      csa_tree_U_S3_6_add_64_8_group_309_270      141        869       269         1138 
    csa_tree_fac2_groupi                                 csa_tree_fac2_group_253_300                 130        775       220          995 
    csa_tree_U_S9_4_add_64_8_groupi                      csa_tree_U_S9_4_add_64_8_group_269_284      121        756       208          964 
    csa_tree_U_S4_4_add_64_8_groupi                      csa_tree_U_S4_4_add_64_8_group_301_273      111        762       198          960 
    csa_tree_fac1_groupi                                 csa_tree_fac1_group_255_299                 122        752       205          958 
    csa_tree_U_S3_5_add_64_8_groupi                      csa_tree_U_S3_5_add_64_8_group_323_269      128        730       213          943 
    csa_tree_U_S12_2_add_91_9_groupi                     csa_tree_U_S12_2_add_91_9_group_299_290     136        687       233          920 
    csa_tree_U_S11_6_add_64_12_groupi                    csa_tree_U_S11_6_add_64_12_group_261_289    120        620       226          847 
    csa_tree_U_S4_2_add_91_9_groupi                      csa_tree_U_S4_2_add_91_9_group_303_271      117        607       224          831 
    csa_tree_U_S4_3_add_91_9_groupi                      csa_tree_U_S4_3_add_91_9_group_301_272      119        530       214          745 
    csa_tree_U_S14_5_add_64_8_groupi                     csa_tree_U_S14_5_add_64_8_group_267_295      97        550       179          728 
    csa_tree_U_S15_4_add_64_8_groupi                     csa_tree_U_S15_4_add_64_8_group_327_297      75        545       141          686 
    csa_tree_U_S1_4_add_64_8_groupi                      csa_tree_U_S1_4_add_64_8_group_329_265       70        539       135          674 
    csa_tree_U_S4_7_add_64_12_groupi                     csa_tree_U_S4_7_add_64_12_group_295_274      67        529       120          649 
    csa_tree_U_S8_5_add_64_8_groupi                      csa_tree_U_S8_5_add_64_8_group_273_281       99        466       180          646 
    csa_tree_U_S7_3_add_91_9_groupi                      csa_tree_U_S7_3_add_91_9_group_281_279       91        492       149          641 
    U_S12_7_add_64_8                                     add_signed_419_803                           94        464       158          622 
    csa_tree_U_S14_6_add_64_8_groupi                     csa_tree_U_S14_6_add_64_8_group_311_296      91        456       165          621 
    csa_tree_U_S9_3_add_91_9_groupi                      csa_tree_U_S9_3_add_91_9_group_279_283       71        480       120          600 
    U_S13_7_add_64_8                                     add_signed_419_802                           98        430       164          595 
    csa_tree_U_S5_7_add_64_12_groupi                     csa_tree_U_S5_7_add_64_12_group_293_276      72        445       133          578 
    csa_tree_U_S1_5_add_64_8_groupi                      csa_tree_U_S1_5_add_64_8_group_325_266       88        412       160          572 
    U_S9_7_add_64_8                                      add_signed_379_818                           97        410       161          571 
    U_S3_7_add_64_8                                      add_signed_419_804                           97        402       164          566 
    U_S7_7_add_64_8                                      add_signed_379_819                           96        406       160          566 
    U_S6_7_add_64_8                                      add_signed_379_1402                          93        385       156          541 
    U_S10_7_add_64_8                                     add_signed_379                               93        366       155          521 
    csa_tree_U_S15_5_add_64_8_groupi                     csa_tree_U_S15_5_add_64_8_group_321_298      75        382       139          521 
    U_S11_7_add_64_8                                     add_signed_379_816                           92        363       153          516 
    csa_tree_U_S12_3_add_91_9_groupi                     csa_tree_U_S12_3_add_91_9_group_259_291      63        398       116          514 
    U_S2_7_add_64_8                                      add_signed_431_787_1394                      90        362       150          512 
    U_S14_7_add_64_8                                     add_signed_431_787                           90        356       150          506 
    csa_tree_U_S2_3_add_91_9_groupi                      csa_tree_U_S2_3_add_91_9_group_319_267       61        383       106          490 
    csa_tree_U_S14_3_add_91_9_groupi                     csa_tree_U_S14_3_add_91_9_group_317_294      61        376       106          483 
    csa_tree_U_S2_6_add_64_8_groupi                      csa_tree_U_S2_6_add_64_8_group_313_268       45        404        76          480 
    csa_tree_U_S8_7_add_64_12_groupi                     csa_tree_U_S8_7_add_64_12_group_271_282      48        365        86          451 
    csa_tree_U_S11_3_add_91_9_groupi                     csa_tree_U_S11_3_add_91_9_group_263_288      38        361        62          424 
    csa_tree_U_S10_3_add_91_9_groupi                     csa_tree_U_S10_3_add_91_9_group_265_286      49        327        82          408 
    csa_tree_U_S6_3_add_91_9_groupi                      csa_tree_U_S6_3_add_91_9_group_287_277       45        329        74          403 
    csa_tree_U_S5_2_add_91_9_groupi                      csa_tree_U_S5_2_add_91_9_group_291_275       38        338        62          400 
    U_S1_6_add_64_8                                      add_signed_450_776                           56        262        79          341 
    U_S15_6_add_64_8                                     add_signed_450_775                           55        265        76          341 
  GEN[6].U_MULTIi_SHRP                                   filter_sharp_bit_width10_6                 6493      35422     13381        48803 
    csa_tree_U_S7_6_add_64_12_groupi                     csa_tree_U_S7_6_add_64_12_group_277_390     171       1100       322         1422 
    csa_tree_U_S9_6_add_64_12_groupi                     csa_tree_U_S9_6_add_64_12_group_275_395     167       1009       312         1321 
    csa_tree_U_S6_6_add_64_12_groupi                     csa_tree_U_S6_6_add_64_12_group_285_388     138        992       265         1257 
    csa_tree_U_S10_6_add_64_12_groupi                    csa_tree_U_S10_6_add_64_12_group_283_397    147        924       281         1205 
    csa_tree_U_S12_6_add_64_12_groupi                    csa_tree_U_S12_6_add_64_12_group_257_402    169        889       300         1189 
    csa_tree_U_S13_6_add_64_8_groupi                     csa_tree_U_S13_6_add_64_8_group_307_403     153        892       290         1182 
    csa_tree_U_S3_6_add_64_8_groupi                      csa_tree_U_S3_6_add_64_8_group_309_380      151        874       285         1159 
    csa_tree_U_S4_4_add_64_8_groupi                      csa_tree_U_S4_4_add_64_8_group_301_383      126        864       219         1083 
    csa_tree_U_S12_2_add_91_9_groupi                     csa_tree_U_S12_2_add_91_9_group_299_400     140        826       239         1066 
    csa_tree_U_S3_5_add_64_8_groupi                      csa_tree_U_S3_5_add_64_8_group_323_379      138        792       229         1021 
    csa_tree_fac2_groupi                                 csa_tree_fac2_group_253_410                 129        745       217          961 
    csa_tree_U_S9_4_add_64_8_groupi                      csa_tree_U_S9_4_add_64_8_group_269_394      114        720       200          920 
    csa_tree_fac1_groupi                                 csa_tree_fac1_group_255_409                 123        707       206          913 
    csa_tree_U_S11_6_add_64_12_groupi                    csa_tree_U_S11_6_add_64_12_group_261_399    117        632       220          852 
    csa_tree_U_S14_5_add_64_8_groupi                     csa_tree_U_S14_5_add_64_8_group_267_405     102        594       187          781 
    csa_tree_U_S15_4_add_64_8_groupi                     csa_tree_U_S15_4_add_64_8_group_327_407      78        568       143          711 
    csa_tree_U_S1_4_add_64_8_groupi                      csa_tree_U_S1_4_add_64_8_group_329_375       76        556       143          698 
    csa_tree_U_S4_3_add_91_9_groupi                      csa_tree_U_S4_3_add_91_9_group_301_382      106        499       194          692 
    csa_tree_U_S8_5_add_64_8_groupi                      csa_tree_U_S8_5_add_64_8_group_273_391       99        476       181          657 
    csa_tree_U_S14_6_add_64_8_groupi                     csa_tree_U_S14_6_add_64_8_group_311_406      86        465       159          623 
    csa_tree_U_S9_3_add_91_9_groupi                      csa_tree_U_S9_3_add_91_9_group_279_393       78        483       132          615 
    U_S9_7_add_64_8                                      add_signed_371_810                           98        426       164          590 
    csa_tree_U_S4_7_add_64_12_groupi                     csa_tree_U_S4_7_add_64_12_group_295_384      68        460       123          583 
    csa_tree_U_S7_3_add_91_9_groupi                      csa_tree_U_S7_3_add_91_9_group_281_389       76        451       129          580 
    U_S7_7_add_64_8                                      add_signed_371_811                           94        420       158          578 
    csa_tree_U_S1_5_add_64_8_groupi                      csa_tree_U_S1_5_add_64_8_group_325_376       86        413       158          571 
    csa_tree_U_S5_7_add_64_12_groupi                     csa_tree_U_S5_7_add_64_12_group_293_386      68        445       126          571 
    U_S3_7_add_64_8                                      add_signed_411_796                           98        404       164          567 
    U_S13_7_add_64_8                                     add_signed_411_794                           92        406       158          564 
    U_S6_7_add_64_8                                      add_signed_371_1404                          93        392       156          547 
    csa_tree_U_S4_2_add_91_9_groupi                      csa_tree_U_S4_2_add_91_9_group_303_381       55        442       103          545 
    U_S12_7_add_64_8                                     add_signed_411_795                           94        378       158          536 
    csa_tree_U_S12_3_add_91_9_groupi                     csa_tree_U_S12_3_add_91_9_group_259_401      67        406       122          527 
    U_S11_7_add_64_8                                     add_signed_371_808                           93        371       154          525 
    U_S14_7_add_64_8                                     add_signed_423_779                           92        370       154          524 
    U_S2_7_add_64_8                                      add_signed_423_779_1401                      92        366       153          519 
    csa_tree_U_S2_6_add_64_8_groupi                      csa_tree_U_S2_6_add_64_8_group_313_378       51        434        85          518 
    U_S10_7_add_64_8                                     add_signed_371                               93        360       156          516 
    csa_tree_U_S15_5_add_64_8_groupi                     csa_tree_U_S15_5_add_64_8_group_321_408      72        373       136          508 
    csa_tree_U_S14_3_add_91_9_groupi                     csa_tree_U_S14_3_add_91_9_group_317_404      62        379       108          486 
    csa_tree_U_S2_3_add_91_9_groupi                      csa_tree_U_S2_3_add_91_9_group_319_377       61        358       106          465 
    csa_tree_U_S8_7_add_64_12_groupi                     csa_tree_U_S8_7_add_64_12_group_271_392      44        376        79          455 
    csa_tree_U_S5_2_add_91_9_groupi                      csa_tree_U_S5_2_add_91_9_group_291_385       47        334        78          412 
    csa_tree_U_S6_3_add_91_9_groupi                      csa_tree_U_S6_3_add_91_9_group_287_387       47        329        78          407 
    csa_tree_U_S10_3_add_91_9_groupi                     csa_tree_U_S10_3_add_91_9_group_265_396      48        307        79          386 
    csa_tree_U_S11_3_add_91_9_groupi                     csa_tree_U_S11_3_add_91_9_group_263_398      41        311        67          379 
    U_S1_6_add_64_8                                      add_signed_442_768                           61        267        87          354 
    U_S15_6_add_64_8                                     add_signed_442_767                           56        248        77          325 
  GEN[7].U_MULTIi_SHRP                                   filter_sharp_bit_width10_7                 6392      35389     13233        48622 
    csa_tree_U_S9_6_add_64_12_groupi                     csa_tree_U_S9_6_add_64_12_group_275_340     170       1024       323         1348 
    csa_tree_U_S7_6_add_64_12_groupi                     csa_tree_U_S7_6_add_64_12_group_277_335     168       1012       313         1326 
    csa_tree_U_S6_6_add_64_12_groupi                     csa_tree_U_S6_6_add_64_12_group_285_333     138        962       265         1227 
    csa_tree_U_S10_6_add_64_12_groupi                    csa_tree_U_S10_6_add_64_12_group_283_342    141        952       271         1223 
    csa_tree_U_S12_6_add_64_12_groupi                    csa_tree_U_S12_6_add_64_12_group_257_347    158        903       287         1189 
    csa_tree_U_S13_6_add_64_8_groupi                     csa_tree_U_S13_6_add_64_8_group_307_348     154        893       289         1182 
    csa_tree_U_S3_6_add_64_8_groupi                      csa_tree_U_S3_6_add_64_8_group_309_325      152        825       285         1109 
    csa_tree_U_S9_4_add_64_8_groupi                      csa_tree_U_S9_4_add_64_8_group_269_339      127        803       221         1023 
    csa_tree_fac2_groupi                                 csa_tree_fac2_group_253_355                 131        800       221         1022 
    csa_tree_U_S12_2_add_91_9_groupi                     csa_tree_U_S12_2_add_91_9_group_299_345     136        783       235         1018 
    csa_tree_U_S4_4_add_64_8_groupi                      csa_tree_U_S4_4_add_64_8_group_301_328      109        764       196          960 
    csa_tree_U_S3_5_add_64_8_groupi                      csa_tree_U_S3_5_add_64_8_group_323_324      127        742       213          955 
    csa_tree_fac1_groupi                                 csa_tree_fac1_group_255_354                 123        710       206          916 
    csa_tree_U_S14_5_add_64_8_groupi                     csa_tree_U_S14_5_add_64_8_group_267_350     105        644       188          832 
    csa_tree_U_S11_6_add_64_12_groupi                    csa_tree_U_S11_6_add_64_12_group_261_344    114        608       217          825 
    csa_tree_U_S15_4_add_64_8_groupi                     csa_tree_U_S15_4_add_64_8_group_327_352      71        571       135          706 
    csa_tree_U_S1_4_add_64_8_groupi                      csa_tree_U_S1_4_add_64_8_group_329_320       76        545       143          689 
    csa_tree_U_S8_5_add_64_8_groupi                      csa_tree_U_S8_5_add_64_8_group_273_336      102        489       185          674 
    csa_tree_U_S14_6_add_64_8_groupi                     csa_tree_U_S14_6_add_64_8_group_311_351      82        485       153          638 
    csa_tree_U_S4_7_add_64_12_groupi                     csa_tree_U_S4_7_add_64_12_group_295_329      70        496       128          624 
    U_S6_7_add_64_8                                      add_signed_372_1405                          95        452       162          614 
    U_S10_7_add_64_8                                     add_signed_372                               97        448       164          612 
    csa_tree_U_S7_3_add_91_9_groupi                      csa_tree_U_S7_3_add_91_9_group_281_334       80        473       134          607 
    csa_tree_U_S9_3_add_91_9_groupi                      csa_tree_U_S9_3_add_91_9_group_279_338       72        484       121          605 
    U_S12_7_add_64_8                                     add_signed_412_796                           96        434       164          598 
    U_S7_7_add_64_8                                      add_signed_372_812                           95        432       158          591 
    csa_tree_U_S1_5_add_64_8_groupi                      csa_tree_U_S1_5_add_64_8_group_325_321       90        409       161          570 
    csa_tree_U_S5_7_add_64_12_groupi                     csa_tree_U_S5_7_add_64_12_group_293_331      67        434       124          558 
    U_S3_7_add_64_8                                      add_signed_412_797                           97        395       163          558 
    U_S13_7_add_64_8                                     add_signed_412_795                           91        397       157          554 
    csa_tree_U_S4_2_add_91_9_groupi                      csa_tree_U_S4_2_add_91_9_group_303_326       60        432       111          543 
    U_S9_7_add_64_8                                      add_signed_372_811                           90        382       151          533 
    U_S2_7_add_64_8                                      add_signed_424_780_1391                      91        376       152          528 
    U_S14_7_add_64_8                                     add_signed_424_780                           90        370       150          520 
    csa_tree_U_S15_5_add_64_8_groupi                     csa_tree_U_S15_5_add_64_8_group_321_353      72        381       136          517 
    csa_tree_U_S4_3_add_91_9_groupi                      csa_tree_U_S4_3_add_91_9_group_301_327       56        420        96          516 
    csa_tree_U_S2_6_add_64_8_groupi                      csa_tree_U_S2_6_add_64_8_group_313_323       41        435        70          505 
    csa_tree_U_S12_3_add_91_9_groupi                     csa_tree_U_S12_3_add_91_9_group_259_346      62        384       114          498 
    U_S11_7_add_64_8                                     add_signed_372_809                           91        336       152          489 
    csa_tree_U_S14_3_add_91_9_groupi                     csa_tree_U_S14_3_add_91_9_group_317_349      65        374       114          488 
    csa_tree_U_S2_3_add_91_9_groupi                      csa_tree_U_S2_3_add_91_9_group_319_322       62        356       108          465 
    csa_tree_U_S8_7_add_64_12_groupi                     csa_tree_U_S8_7_add_64_12_group_271_337      46        356        83          439 
    csa_tree_U_S6_3_add_91_9_groupi                      csa_tree_U_S6_3_add_91_9_group_287_332       48        340        79          419 
    csa_tree_U_S11_3_add_91_9_groupi                     csa_tree_U_S11_3_add_91_9_group_263_343      44        340        72          412 
    csa_tree_U_S10_3_add_91_9_groupi                     csa_tree_U_S10_3_add_91_9_group_265_341      46        329        76          405 
    csa_tree_U_S5_2_add_91_9_groupi                      csa_tree_U_S5_2_add_91_9_group_291_330       42        331        68          400 
    U_S1_6_add_64_8                                      add_signed_443_769                           61        283        87          370 
    U_S15_6_add_64_8                                     add_signed_443_768                           56        243        77          320 
  GEN[3].U_MULTIi_SHRP                                   filter_sharp_bit_width10_3                 6429      34811     13305        48116 
    csa_tree_U_S7_6_add_64_12_groupi                     csa_tree_U_S7_6_add_64_12_group_277_225     176       1068       329         1397 
    csa_tree_U_S9_6_add_64_12_groupi                     csa_tree_U_S9_6_add_64_12_group_275_230     165       1008       313         1321 
    csa_tree_U_S12_6_add_64_12_groupi                    csa_tree_U_S12_6_add_64_12_group_257_237    171        921       303         1224 
    csa_tree_U_S10_6_add_64_12_groupi                    csa_tree_U_S10_6_add_64_12_group_283_232    139        950       267         1217 
    csa_tree_U_S6_6_add_64_12_groupi                     csa_tree_U_S6_6_add_64_12_group_285_223     150        875       289         1163 
    csa_tree_U_S13_6_add_64_8_groupi                     csa_tree_U_S13_6_add_64_8_group_307_238     153        872       285         1157 
    csa_tree_U_S3_6_add_64_8_groupi                      csa_tree_U_S3_6_add_64_8_group_309_215      147        831       282         1114 
    csa_tree_U_S12_2_add_91_9_groupi                     csa_tree_U_S12_2_add_91_9_group_299_235     137        829       236         1065 
    csa_tree_U_S4_4_add_64_8_groupi                      csa_tree_U_S4_4_add_64_8_group_301_218      111        745       196          941 
    csa_tree_U_S3_5_add_64_8_groupi                      csa_tree_U_S3_5_add_64_8_group_323_214      122        734       207          941 
    csa_tree_U_S9_4_add_64_8_groupi                      csa_tree_U_S9_4_add_64_8_group_269_229      109        740       190          930 
    csa_tree_fac2_groupi                                 csa_tree_fac2_group_253_245                 123        713       206          919 
    csa_tree_fac1_groupi                                 csa_tree_fac1_group_255_244                 118        665       199          864 
    csa_tree_U_S4_2_add_91_9_groupi                      csa_tree_U_S4_2_add_91_9_group_303_216      122        605       231          835 
    csa_tree_U_S11_6_add_64_12_groupi                    csa_tree_U_S11_6_add_64_12_group_261_234    117        588       222          810 
    csa_tree_U_S14_5_add_64_8_groupi                     csa_tree_U_S14_5_add_64_8_group_267_240     107        607       193          800 
    csa_tree_U_S5_7_add_64_12_groupi                     csa_tree_U_S5_7_add_64_12_group_293_221     100        523       192          715 
    csa_tree_U_S1_4_add_64_8_groupi                      csa_tree_U_S1_4_add_64_8_group_329_210       67        518       129          648 
    csa_tree_U_S14_6_add_64_8_groupi                     csa_tree_U_S14_6_add_64_8_group_311_241      94        471       169          640 
    U_S6_7_add_64_8                                      add_signed_380_1407                         101        463       170          633 
    csa_tree_U_S8_5_add_64_8_groupi                      csa_tree_U_S8_5_add_64_8_group_273_226       95        458       174          632 
    csa_tree_U_S7_3_add_91_9_groupi                      csa_tree_U_S7_3_add_91_9_group_281_224       87        477       149          626 
    csa_tree_U_S15_4_add_64_8_groupi                     csa_tree_U_S15_4_add_64_8_group_327_242      68        498       127          625 
    U_S10_7_add_64_8                                     add_signed_380                              100        449       168          617 
    csa_tree_U_S4_7_add_64_12_groupi                     csa_tree_U_S4_7_add_64_12_group_295_219      69        479       125          604 
    csa_tree_U_S9_3_add_91_9_groupi                      csa_tree_U_S9_3_add_91_9_group_279_228       68        471       113          584 
    U_S7_7_add_64_8                                      add_signed_380_820                           92        422       155          577 
    csa_tree_U_S1_5_add_64_8_groupi                      csa_tree_U_S1_5_add_64_8_group_325_211       87        414       160          574 
    U_S2_7_add_64_8                                      add_signed_432_788_1400                      92        403       154          557 
    U_S3_7_add_64_8                                      add_signed_420_805                          100        388       168          556 
    U_S13_7_add_64_8                                     add_signed_420_803                           96        391       164          554 
    U_S9_7_add_64_8                                      add_signed_380_819                           90        400       152          552 
    U_S12_7_add_64_8                                     add_signed_420_804                           92        389       153          542 
    U_S14_7_add_64_8                                     add_signed_432_788                           90        385       150          535 
    csa_tree_U_S15_5_add_64_8_groupi                     csa_tree_U_S15_5_add_64_8_group_321_243      75        391       139          530 
    csa_tree_U_S14_3_add_91_9_groupi                     csa_tree_U_S14_3_add_91_9_group_317_239      63        402       111          513 
    csa_tree_U_S4_3_add_91_9_groupi                      csa_tree_U_S4_3_add_91_9_group_301_217       56        414        96          511 
    csa_tree_U_S12_3_add_91_9_groupi                     csa_tree_U_S12_3_add_91_9_group_259_236      61        396       112          508 
    csa_tree_U_S2_6_add_64_8_groupi                      csa_tree_U_S2_6_add_64_8_group_313_213       50        408        85          494 
    csa_tree_U_S2_3_add_91_9_groupi                      csa_tree_U_S2_3_add_91_9_group_319_212       62        375       108          483 
    csa_tree_U_S8_7_add_64_12_groupi                     csa_tree_U_S8_7_add_64_12_group_271_227      49        384        87          472 
    U_S11_7_add_64_8                                     add_signed_380_817                           91        315       152          467 
    csa_tree_U_S5_2_add_91_9_groupi                      csa_tree_U_S5_2_add_91_9_group_291_220       44        343        73          416 
    csa_tree_U_S6_3_add_91_9_groupi                      csa_tree_U_S6_3_add_91_9_group_287_222       45        316        74          390 
    csa_tree_U_S10_3_add_91_9_groupi                     csa_tree_U_S10_3_add_91_9_group_265_231      46        307        78          385 
    csa_tree_U_S11_3_add_91_9_groupi                     csa_tree_U_S11_3_add_91_9_group_263_233      49        299        85          384 
    U_S1_6_add_64_8                                      add_signed_451_777                           59        274        83          356 
    U_S15_6_add_64_8                                     add_signed_451_776                           54        276        75          351 
  GEN[1].U_MULTIi_SHRP_csa_tree_U_S7_6_add_64_12_groupi  csa_tree_U_S7_6_add_64_12_group_278_1       175       1134       324         1458 
  GEN[0].U_MULTIi_SHRP_csa_tree_U_S7_6_add_64_12_groupi  csa_tree_U_S7_6_add_64_12_group_278         177       1123       329         1451 
  GEN[0].U_MULTIi_SHRP_csa_tree_U_S9_6_add_64_12_groupi  csa_tree_U_S9_6_add_64_12_group_276         156       1126       298         1424 
  GEN[0].U_MULTIi_SHRP_csa_tree_U_S12_6_add_64_12_groupi csa_tree_U_S12_6_add_64_12_group_258        167       1020       302         1322 
  GEN[1].U_MULTIi_SHRP_csa_tree_U_S3_6_add_64_8_groupi   csa_tree_U_S3_6_add_64_8_group_310_1        161        996       301         1297 
  GEN[1].U_MULTIi_SHRP_csa_tree_U_S9_6_add_64_12_groupi  csa_tree_U_S9_6_add_64_12_group_276_1       158        982       298         1280 
  GEN[2].U_MULTIi_REGU_csa_tree_U_S63_add_91_9_groupi    csa_tree_U_S63_add_91_9_group_6483_308      168        974       304         1278 
  GEN[1].U_MULTIi_SHRP_csa_tree_U_S13_6_add_64_8_groupi  csa_tree_U_S13_6_add_64_8_group_308_1       164        962       299         1261 
  GEN[3].U_MULTIi_REGU_csa_tree_U_S63_add_91_9_groupi    csa_tree_U_S63_add_91_9_group_6483_253      177        941       318         1259 
  GEN[0].U_MULTIi_SHRP_csa_tree_U_S3_6_add_64_8_groupi   csa_tree_U_S3_6_add_64_8_group_310          160        953       298         1251 
  GEN[5].U_MULTIi_REGU_csa_tree_U_S63_add_91_9_groupi    csa_tree_U_S63_add_91_9_group_6483          174        929       315         1244 
  GEN[7].U_MULTIi_REGU_csa_tree_U_S63_add_91_9_groupi    csa_tree_U_S63_add_91_9_group_6483_363      167        937       307         1244 
  GEN[1].U_MULTIi_SHRP_csa_tree_U_S6_6_add_64_12_groupi  csa_tree_U_S6_6_add_64_12_group_286_1       138        973       266         1239 
  GEN[0].U_MULTIi_REGU_csa_tree_U_S63_add_91_9_groupi    csa_tree_U_S63_add_91_9_group_11469         160        932       297         1229 
  GEN[4].U_MULTIi_REGU_csa_tree_U_S63_add_91_9_groupi    csa_tree_U_S63_add_91_9_group_6483_198      166        920       301         1221 
  GEN[0].U_MULTIi_SHRP_csa_tree_U_S6_6_add_64_12_groupi  csa_tree_U_S6_6_add_64_12_group_286         143        945       273         1219 
  GEN[0].U_MULTIi_SHRP_csa_tree_U_S10_6_add_64_12_groupi csa_tree_U_S10_6_add_64_12_group_284        142        948       270         1218 
  GEN[1].U_MULTIi_SHRP_csa_tree_U_S12_6_add_64_12_groupi csa_tree_U_S12_6_add_64_12_group_258_1      168        912       303         1214 
  GEN[1].U_MULTIi_SHRP_csa_tree_U_S10_6_add_64_12_groupi csa_tree_U_S10_6_add_64_12_group_284_1      145        926       279         1205 
  GEN[6].U_MULTIi_REGU_csa_tree_U_S63_add_91_9_groupi    csa_tree_U_S63_add_91_9_group_6483_418      158        904       289         1194 
  GEN[1].U_MULTIi_REGU_csa_tree_U_S63_add_91_9_groupi    csa_tree_U_S63_add_91_9_group_11469_1       151        901       282         1183 
  GEN[0].U_MULTIi_SHRP_csa_tree_U_S13_6_add_64_8_groupi  csa_tree_U_S13_6_add_64_8_group_308         142        895       269         1163 
  GEN[0].U_MULTIi_SHRP_csa_tree_U_S9_4_add_64_8_groupi   csa_tree_U_S9_4_add_64_8_group_270          134        926       221         1146 
  GEN[2].U_MULTIi_REGU_csa_tree_U_S65_add_91_9_groupi    csa_tree_U_S65_add_91_9_group_133_307       149        853       285         1138 
  GEN[3].U_MULTIi_REGU_csa_tree_U_S65_add_91_9_groupi    csa_tree_U_S65_add_91_9_group_133_252       150        830       286         1116 
  GEN[7].U_MULTIi_REGU_csa_tree_U_S65_add_91_9_groupi    csa_tree_U_S65_add_91_9_group_133_362       149        823       285         1108 
  GEN[0].U_MULTIi_REGU_csa_tree_U_S65_add_91_9_groupi    csa_tree_U_S65_add_91_9_group_133_435       145        818       275         1094 
  GEN[5].U_MULTIi_REGU_csa_tree_U_S65_add_91_9_groupi    csa_tree_U_S65_add_91_9_group_133           143        808       278         1086 
  GEN[6].U_MULTIi_REGU_csa_tree_U_S65_add_91_9_groupi    csa_tree_U_S65_add_91_9_group_133_417       142        808       276         1084 
  GEN[1].U_MULTIi_SHRP_csa_tree_U_S12_2_add_91_9_groupi  csa_tree_U_S12_2_add_91_9_group_300_1       138        840       239         1079 
  GEN[1].U_MULTIi_SHRP_csa_tree_U_S4_4_add_64_8_groupi   csa_tree_U_S4_4_add_64_8_group_302_1        119        865       208         1074 
  GEN[0].U_MULTIi_SHRP_csa_tree_U_S12_2_add_91_9_groupi  csa_tree_U_S12_2_add_91_9_group_300         136        830       235         1065 
  GEN[1].U_MULTIi_SHRP_csa_tree_U_S9_4_add_64_8_groupi   csa_tree_U_S9_4_add_64_8_group_270_1        124        851       206         1058 
  GEN[1].U_MULTIi_REGU_csa_tree_U_S65_add_91_9_groupi    csa_tree_U_S65_add_91_9_group_133_1         139        775       265         1040 
  GEN[0].U_MULTIi_SHRP_csa_tree_U_S4_4_add_64_8_groupi   csa_tree_U_S4_4_add_64_8_group_302          115        823       204         1027 
  GEN[4].U_MULTIi_REGU_csa_tree_U_S65_add_91_9_groupi    csa_tree_U_S65_add_91_9_group_133_197       142        750       276         1026 
  GEN[4].U_MULTIi_REGU_csa_tree_U_S55_add_91_9_groupi    csa_tree_U_S55_add_91_9_group_137_199       129        768       255         1023 
  GEN[0].U_MULTIi_SHRP_csa_tree_fac2_groupi              csa_tree_fac2_group_254                     138        780       227         1007 
  GEN[5].U_MULTIi_REGU_csa_tree_U_S55_add_91_9_groupi    csa_tree_U_S55_add_91_9_group_137           123        748       248          997 
  GEN[2].U_MULTIi_REGU_csa_tree_U_S55_add_91_9_groupi    csa_tree_U_S55_add_91_9_group_137_309       124        747       250          996 
  GEN[1].U_MULTIi_SHRP_csa_tree_fac2_groupi              csa_tree_fac2_group_254_1                   135        768       223          990 
  GEN[3].U_MULTIi_REGU_csa_tree_U_S53_add_91_9_groupi    csa_tree_U_S53_add_91_9_group_6489_255      123        759       222          981 
  GEN[5].U_MULTIi_REGU_csa_tree_U_S_24_add_91_9_groupi   csa_tree_U_S_24_add_91_9_group_113          140        713       266          980 
  GEN[3].U_MULTIi_REGU_csa_tree_U_S55_add_91_9_groupi    csa_tree_U_S55_add_91_9_group_137_254       122        725       245          970 
  GEN[0].U_MULTIi_REGU_csa_tree_U_S55_add_91_9_groupi    csa_tree_U_S55_add_91_9_group_137_436       123        722       247          969 
  GEN[1].U_MULTIi_REGU_csa_tree_U_S35_add_91_9_groupi    csa_tree_U_S35_add_91_9_group_145_1         124        721       248          968 
  GEN[0].U_MULTIi_SHRP_csa_tree_U_S3_5_add_64_8_groupi   csa_tree_U_S3_5_add_64_8_group_324          114        773       193          966 
  GEN[1].U_MULTIi_REGU_csa_tree_U_S53_add_91_9_groupi    csa_tree_U_S53_add_91_9_group_11475_1       126        735       226          961 
  GEN[7].U_MULTIi_REGU_csa_tree_U_S53_add_91_9_groupi    csa_tree_U_S53_add_91_9_group_6489_365      127        732       227          959 
  GEN[2].U_MULTIi_REGU_csa_tree_U_S53_add_91_9_groupi    csa_tree_U_S53_add_91_9_group_6489_310      123        736       222          958 
  GEN[6].U_MULTIi_REGU_csa_tree_U_S55_add_91_9_groupi    csa_tree_U_S55_add_91_9_group_137_419       122        698       245          943 
  GEN[6].U_MULTIi_REGU_csa_tree_U_S53_add_91_9_groupi    csa_tree_U_S53_add_91_9_group_6489_420      123        719       221          940 
  GEN[0].U_MULTIi_SHRP_csa_tree_U_S11_6_add_64_12_groupi csa_tree_U_S11_6_add_64_12_group_262        120        715       224          939 
  GEN[0].U_MULTIi_REGU_csa_tree_U_S53_add_91_9_groupi    csa_tree_U_S53_add_91_9_group_11475         130        704       233          937 
  GEN[2].U_MULTIi_REGU_csa_tree_U_S35_add_91_9_groupi    csa_tree_U_S35_add_91_9_group_145_313       124        687       246          933 
  GEN[6].U_MULTIi_REGU_csa_tree_U_S43_add_91_9_groupi    csa_tree_U_S43_add_91_9_group_6495_422      115        712       220          932 
  GEN[4].U_MULTIi_REGU_csa_tree_U_S35_add_91_9_groupi    csa_tree_U_S35_add_91_9_group_145_203       124        690       242          931 
  GEN[1].U_MULTIi_SHRP_csa_tree_U_S3_5_add_64_8_groupi   csa_tree_U_S3_5_add_64_8_group_324_1        113        740       191          931 
  GEN[7].U_MULTIi_REGU_csa_tree_U_S55_add_91_9_groupi    csa_tree_U_S55_add_91_9_group_137_364       122        679       245          924 
  GEN[5].U_MULTIi_REGU_csa_tree_U_S53_add_91_9_groupi    csa_tree_U_S53_add_91_9_group_6489          120        703       217          920 
  GEN[3].U_MULTIi_REGU_csa_tree_U_S_24_add_91_9_groupi   csa_tree_U_S_24_add_91_9_group_113_247      136        666       253          919 
  GEN[0].U_MULTIi_REGU_csa_tree_U_S35_add_91_9_groupi    csa_tree_U_S35_add_91_9_group_145_438       123        670       245          915 
  GEN[0].U_MULTIi_REGU_csa_tree_U_S94_add_91_9_groupi    csa_tree_U_S94_add_91_9_group_117_432       141        647       262          910 
  GEN[6].U_MULTIi_REGU_csa_tree_U_S35_add_91_9_groupi    csa_tree_U_S35_add_91_9_group_145_423       120        669       236          905 
  GEN[4].U_MULTIi_REGU_csa_tree_U_S53_add_91_9_groupi    csa_tree_U_S53_add_91_9_group_6489_200      121        685       219          904 
  GEN[2].U_MULTIi_REGU_csa_tree_U_S45_add_91_9_groupi    csa_tree_U_S45_add_91_9_group_141_311       124        656       246          902 
  GEN[1].U_MULTIi_REGU_csa_tree_U_S55_add_91_9_groupi    csa_tree_U_S55_add_91_9_group_137_1         122        643       246          890 
  GEN[4].U_MULTIi_REGU_csa_tree_U_S43_add_91_9_groupi    csa_tree_U_S43_add_91_9_group_6495_202      115        658       221          879 
  GEN[5].U_MULTIi_REGU_csa_tree_U_S43_add_91_9_groupi    csa_tree_U_S43_add_91_9_group_6495          113        661       217          878 
  GEN[1].U_MULTIi_REGU_csa_tree_U_S94_add_91_9_groupi    csa_tree_U_S94_add_91_9_group_117_1         135        621       253          874 
  GEN[1].U_MULTIi_SHRP_csa_tree_U_S11_6_add_64_12_groupi csa_tree_U_S11_6_add_64_12_group_262_1      117        655       217          872 
  GEN[3].U_MULTIi_REGU_csa_tree_U_S43_add_91_9_groupi    csa_tree_U_S43_add_91_9_group_6495_257      113        655       217          872 
  GEN[6].U_MULTIi_REGU_csa_tree_U_S23_add_91_9_groupi    csa_tree_U_S23_add_91_9_group_6503_424      105        673       198          872 
  GEN[4].U_MULTIi_REGU_csa_tree_U_S_24_add_91_9_groupi   csa_tree_U_S_24_add_91_9_group_113_192      133        615       255          870 
  GEN[5].U_MULTIi_REGU_csa_tree_U_S35_add_91_9_groupi    csa_tree_U_S35_add_91_9_group_145           118        636       233          869 
  GEN[1].U_MULTIi_REGU_csa_tree_U_S23_add_91_9_groupi    csa_tree_U_S23_add_91_9_group_11489_1       110        663       202          865 
  GEN[6].U_MULTIi_REGU_csa_tree_U_S_24_add_91_9_groupi   csa_tree_U_S_24_add_91_9_group_113_412      130        617       244          861 
  GEN[0].U_MULTIi_SHRP_csa_tree_U_S4_2_add_91_9_groupi   csa_tree_U_S4_2_add_91_9_group_304          119        632       225          857 
  GEN[7].U_MULTIi_REGU_csa_tree_U_S43_add_91_9_groupi    csa_tree_U_S43_add_91_9_group_6495_367      115        636       220          856 
  GEN[0].U_MULTIi_REGU_csa_tree_U_S23_add_91_9_groupi    csa_tree_U_S23_add_91_9_group_11489         110        653       200          853 
  GEN[1].U_MULTIi_REGU_csa_tree_U_S_24_add_91_9_groupi   csa_tree_U_S_24_add_91_9_group_113_1        134        601       251          853 
  GEN[1].U_MULTIi_SHRP_csa_tree_U_S14_5_add_64_8_groupi  csa_tree_U_S14_5_add_64_8_group_268_1       113        655       198          852 
  GEN[2].U_MULTIi_REGU_csa_tree_U_S_24_add_91_9_groupi   csa_tree_U_S_24_add_91_9_group_113_302      126        614       237          851 
  GEN[3].U_MULTIi_REGU_csa_tree_U_S94_add_91_9_groupi    csa_tree_U_S94_add_91_9_group_117_249       135        597       252          850 
  GEN[1].U_MULTIi_REGU_csa_tree_U_S43_add_91_9_groupi    csa_tree_U_S43_add_91_9_group_11481_1       118        623       224          848 
  GEN[4].U_MULTIi_REGU_csa_tree_U_S12_add_91_9_groupi    csa_tree_U_S12_add_91_9_group_153_206       109        632       214          847 
  GEN[6].U_MULTIi_REGU_csa_tree_U_S94_add_91_9_groupi    csa_tree_U_S94_add_91_9_group_117_414       133        595       250          845 
  GEN[7].U_MULTIi_REGU_csa_tree_U_S35_add_91_9_groupi    csa_tree_U_S35_add_91_9_group_145_368       113        618       227          845 
  GEN[2].U_MULTIi_REGU_csa_tree_U_S94_add_91_9_groupi    csa_tree_U_S94_add_91_9_group_117_304       138        588       258          845 
  GEN[3].U_MULTIi_REGU_csa_tree_U_S35_add_91_9_groupi    csa_tree_U_S35_add_91_9_group_145_258       122        606       239          845 
  GEN[0].U_MULTIi_REGU_csa_tree_U_S43_add_91_9_groupi    csa_tree_U_S43_add_91_9_group_11481         119        618       226          845 
  GEN[0].U_MULTIi_REGU_csa_tree_U_S_24_add_91_9_groupi   csa_tree_U_S_24_add_91_9_group_113_430      130        601       244          845 
  GEN[2].U_MULTIi_REGU_csa_tree_U_S43_add_91_9_groupi    csa_tree_U_S43_add_91_9_group_6495_312      120        616       226          842 
  GEN[0].U_MULTIi_SHRP_csa_tree_U_S14_5_add_64_8_groupi  csa_tree_U_S14_5_add_64_8_group_268         111        647       194          842 
  GEN[7].U_MULTIi_REGU_csa_tree_U_S_24_add_91_9_groupi   csa_tree_U_S_24_add_91_9_group_113_357      129        597       243          840 
  GEN[7].U_MULTIi_REGU_csa_tree_U_S12_add_91_9_groupi    csa_tree_U_S12_add_91_9_group_153_371       114        615       223          838 
  GEN[5].U_MULTIi_REGU_csa_tree_U_S94_add_91_9_groupi    csa_tree_U_S94_add_91_9_group_117           135        575       252          827 
  GEN[2].U_MULTIi_REGU_csa_tree_U_S23_add_91_9_groupi    csa_tree_U_S23_add_91_9_group_6503_314      105        630       196          825 
  GEN[5].U_MULTIi_REGU_csa_tree_U_S23_add_91_9_groupi    csa_tree_U_S23_add_91_9_group_6503          110        619       204          823 
  GEN[4].U_MULTIi_REGU_csa_tree_U_S23_add_91_9_groupi    csa_tree_U_S23_add_91_9_group_6503_204      103        628       195          823 
  GEN[0].U_MULTIi_SHRP_csa_tree_U_S14_6_add_64_8_groupi  csa_tree_U_S14_6_add_64_8_group_312         100        635       178          813 
  GEN[2].U_MULTIi_REGU_csa_tree_U_S12_add_91_9_groupi    csa_tree_U_S12_add_91_9_group_153_316       110        595       215          810 
  GEN[1].U_MULTIi_SHRP_csa_tree_U_S14_6_add_64_8_groupi  csa_tree_U_S14_6_add_64_8_group_312_1        98        631       175          806 
  GEN[5].U_MULTIi_REGU_csa_tree_U_S12_add_91_9_groupi    csa_tree_U_S12_add_91_9_group_153           111        589       216          804 
  GEN[7].U_MULTIi_REGU_csa_tree_U_S94_add_91_9_groupi    csa_tree_U_S94_add_91_9_group_117_359       133        553       250          803 
  GEN[0].U_MULTIi_REGU_csa_tree_U_S12_add_91_9_groupi    csa_tree_U_S12_add_91_9_group_153_440       114        577       221          798 
  GEN[1].U_MULTIi_SHRP_csa_tree_fac1_groupi              csa_tree_fac1_group_256_1                   114        603       194          798 
  GEN[0].U_MULTIi_SHRP_csa_tree_fac1_groupi              csa_tree_fac1_group_256                     115        600       194          794 
  GEN[3].U_MULTIi_REGU_csa_tree_U_S12_add_91_9_groupi    csa_tree_U_S12_add_91_9_group_153_261       112        567       216          784 
  GEN[4].U_MULTIi_REGU_csa_tree_U_S94_add_91_9_groupi    csa_tree_U_S94_add_91_9_group_117_194       135        531       252          783 
  GEN[6].U_MULTIi_REGU_csa_tree_U_S12_add_91_9_groupi    csa_tree_U_S12_add_91_9_group_153_426       107        565       208          773 
  GEN[3].U_MULTIi_REGU_csa_tree_U_S23_add_91_9_groupi    csa_tree_U_S23_add_91_9_group_6503_259      105        574       196          770 
  GEN[1].U_MULTIi_REGU_csa_tree_U_S13_add_91_9_groupi    csa_tree_U_S13_add_91_9_group_151_1         133        515       252          767 
  GEN[0].U_MULTIi_REGU_csa_tree_U_S13_add_91_9_groupi    csa_tree_U_S13_add_91_9_group_151_441       140        502       264          766 
  GEN[1].U_MULTIi_REGU_csa_tree_U_S12_add_91_9_groupi    csa_tree_U_S12_add_91_9_group_153_1         114        546       218          764 
  GEN[7].U_MULTIi_REGU_csa_tree_U_S23_add_91_9_groupi    csa_tree_U_S23_add_91_9_group_6503_369       99        569       186          755 
  GEN[6].U_MULTIi_REGU_csa_tree_U_S13_add_91_9_groupi    csa_tree_U_S13_add_91_9_group_151_427       129        507       247          754 
  GEN[3].U_MULTIi_REGU_csa_tree_U_S13_add_91_9_groupi    csa_tree_U_S13_add_91_9_group_151_262       133        502       251          752 
  GEN[4].U_MULTIi_REGU_csa_tree_U_S2_add_91_9_groupi     csa_tree_U_S2_add_91_9_group_163_208         93        561       176          736 
  GEN[0].U_MULTIi_REGU_csa_tree_U_S45_add_91_9_groupi    csa_tree_U_S45_add_91_9_group_141_437        82        581       154          735 
  GEN[7].U_MULTIi_REGU_csa_tree_U_S84_add_91_9_groupi    csa_tree_U_S84_add_91_9_group_119_360       128        488       246          734 
  GEN[7].U_MULTIi_REGU_csa_tree_U_S13_add_91_9_groupi    csa_tree_U_S13_add_91_9_group_151_372       130        485       247          732 
  GEN[5].U_MULTIi_REGU_csa_tree_U_S13_add_91_9_groupi    csa_tree_U_S13_add_91_9_group_151           125        490       238          729 
  GEN[0].U_MULTIi_SHRP_csa_tree_U_S4_3_add_91_9_groupi   csa_tree_U_S4_3_add_91_9_group_302          116        519       209          729 
  GEN[2].U_MULTIi_REGU_csa_tree_U_S13_add_91_9_groupi    csa_tree_U_S13_add_91_9_group_151_317       131        478       249          727 
  GEN[0].U_MULTIi_SHRP_csa_tree_U_S15_4_add_64_8_groupi  csa_tree_U_S15_4_add_64_8_group_328          76        585       141          726 
  GEN[1].U_MULTIi_SHRP_csa_tree_U_S2_6_add_64_8_groupi   csa_tree_U_S2_6_add_64_8_group_314_1         88        562       163          725 
  GEN[0].U_MULTIi_SHRP_csa_tree_U_S2_6_add_64_8_groupi   csa_tree_U_S2_6_add_64_8_group_314           88        559       163          722 
  GEN[1].U_MULTIi_REGU_csa_tree_U_S45_add_91_9_groupi    csa_tree_U_S45_add_91_9_group_141_1          78        572       148          720 
  GEN[4].U_MULTIi_REGU_csa_tree_U_S13_add_91_9_groupi    csa_tree_U_S13_add_91_9_group_151_207       130        477       243          720 
  GEN[4].U_MULTIi_REGU_csa_tree_U_S45_add_91_9_groupi    csa_tree_U_S45_add_91_9_group_141_201        77        573       147          720 
  GEN[1].U_MULTIi_SHRP_csa_tree_U_S1_4_add_64_8_groupi   csa_tree_U_S1_4_add_64_8_group_330_1         73        581       137          718 
  GEN[2].U_MULTIi_REGU_csa_tree_U_S2_add_91_9_groupi     csa_tree_U_S2_add_91_9_group_163_318         89        544       168          712 
  GEN[6].U_MULTIi_REGU_csa_tree_U_S45_add_91_9_groupi    csa_tree_U_S45_add_91_9_group_141_421        78        564       148          712 
  GEN[5].U_MULTIi_REGU_csa_tree_U_S45_add_91_9_groupi    csa_tree_U_S45_add_91_9_group_141            77        562       147          708 
  GEN[1].U_MULTIi_SHRP_U_S3_7_add_64_8                   add_signed_699_1655                         113        516       188          704 
  GEN[5].U_MULTIi_REGU_csa_tree_U_S2_add_91_9_groupi     csa_tree_U_S2_add_91_9_group_163             91        531       170          701 
  GEN[1].U_MULTIi_SHRP_csa_tree_U_S4_3_add_91_9_groupi   csa_tree_U_S4_3_add_91_9_group_302_1        117        484       211          695 
  GEN[0].U_MULTIi_SHRP_U_S3_7_add_64_8                   add_signed_699_1655_1395                    112        502       186          688 
  GEN[7].U_MULTIi_REGU_csa_tree_U_S2_add_91_9_groupi     csa_tree_U_S2_add_91_9_group_163_373         89        519       168          687 
  GEN[3].U_MULTIi_REGU_csa_tree_U_S45_add_91_9_groupi    csa_tree_U_S45_add_91_9_group_141_256        77        538       147          685 
  GEN[0].U_MULTIi_SHRP_csa_tree_U_S1_4_add_64_8_groupi   csa_tree_U_S1_4_add_64_8_group_330           75        538       144          682 
  GEN[7].U_MULTIi_REGU_csa_tree_U_S45_add_91_9_groupi    csa_tree_U_S45_add_91_9_group_141_366        77        532       147          679 
  GEN[0].U_MULTIi_SHRP_U_S9_7_add_64_8                   add_signed_659_1728_1397                     91        519       154          673 
  GEN[6].U_MULTIi_REGU_csa_tree_U_S2_add_91_9_groupi     csa_tree_U_S2_add_91_9_group_163_428         90        498       168          666 
  GEN[1].U_MULTIi_SHRP_csa_tree_U_S15_4_add_64_8_groupi  csa_tree_U_S15_4_add_64_8_group_328_1        72        529       136          665 
  GEN[0].U_MULTIi_SHRP_U_S6_7_add_64_8                   add_signed_659_1393                         100        491       167          658 
  GEN[3].U_MULTIi_REGU_csa_tree_U_S2_add_91_9_groupi     csa_tree_U_S2_add_91_9_group_163_263         88        485       168          654 
  GEN[1].U_MULTIi_SHRP_U_S7_7_add_64_8                   add_signed_659_1728                          91        493       154          648 
  GEN[0].U_MULTIi_SHRP_U_S7_7_add_64_8                   add_signed_659_1728_1398                     91        494       154          648 
  GEN[0].U_MULTIi_SHRP_csa_tree_U_S4_7_add_64_12_groupi  csa_tree_U_S4_7_add_64_12_group_296          63        532       112          645 
  GEN[1].U_MULTIi_SHRP_U_S6_7_add_64_8                   add_signed_659                              100        477       167          645 
  GEN[1].U_MULTIi_SHRP_csa_tree_U_S4_7_add_64_12_groupi  csa_tree_U_S4_7_add_64_12_group_296_1        59        531       106          637 
  GEN[0].U_MULTIi_SHRP_U_S12_7_add_64_8                  add_signed_699_1654                         102        464       172          636 
  GEN[0].U_MULTIi_SHRP_U_S10_7_add_64_8                  add_signed_659_1392                          99        461       165          625 
  GEN[0].U_MULTIi_SHRP_U_S13_7_add_64_8                  add_signed_699_1653                         101        436       169          604 
  GEN[0].U_MULTIi_SHRP_U_S11_7_add_64_8                  add_signed_659_1725                          96        440       161          602 
  GEN[0].U_MULTIi_SHRP_csa_tree_U_S8_5_add_64_8_groupi   csa_tree_U_S8_5_add_64_8_group_274           92        427       170          597 
  GEN[6].U_MULTIi_REGU_csa_tree_U_S84_add_91_9_groupi    csa_tree_U_S84_add_91_9_group_119_415        71        474       123          597 
  GEN[1].U_MULTIi_REGU_csa_tree_U_S84_add_91_9_groupi    csa_tree_U_S84_add_91_9_group_119_1          73        469       127          596 
  GEN[3].U_MULTIi_REGU_csa_tree_U_S84_add_91_9_groupi    csa_tree_U_S84_add_91_9_group_119_250        72        464       131          594 
  GEN[1].U_MULTIi_SHRP_csa_tree_U_S4_2_add_91_9_groupi   csa_tree_U_S4_2_add_91_9_group_304_1         54        492       101          593 
  GEN[0].U_MULTIi_SHRP_csa_tree_U_S7_3_add_91_9_groupi   csa_tree_U_S7_3_add_91_9_group_282           81        454       139          593 
  GEN[1].U_MULTIi_SHRP_csa_tree_U_S9_3_add_91_9_groupi   csa_tree_U_S9_3_add_91_9_group_280_1         75        469       124          592 
  GEN[5].U_MULTIi_REGU_csa_tree_U_S84_add_91_9_groupi    csa_tree_U_S84_add_91_9_group_119            70        469       121          590 
  GEN[1].U_MULTIi_SHRP_U_S9_7_add_64_8                   add_signed_659_1722                          95        428       160          588 
  GEN[1].U_MULTIi_SHRP_csa_tree_U_S8_5_add_64_8_groupi   csa_tree_U_S8_5_add_64_8_group_274_1         89        422       165          587 
  GEN[1].U_MULTIi_SHRP_csa_tree_U_S7_3_add_91_9_groupi   csa_tree_U_S7_3_add_91_9_group_282_1         78        451       132          583 
  GEN[0].U_MULTIi_REGU_U_S_25_add_64_8                   add_signed_699_1664_1382                     96        419       163          582 
  GEN[0].U_MULTIi_REGU_csa_tree_U_S84_add_91_9_groupi    csa_tree_U_S84_add_91_9_group_119_433        69        463       119          582 
  GEN[0].U_MULTIi_SHRP_csa_tree_U_S9_3_add_91_9_groupi   csa_tree_U_S9_3_add_91_9_group_280           70        460       121          581 
  GEN[1].U_MULTIi_SHRP_csa_tree_U_S5_7_add_64_12_groupi  csa_tree_U_S5_7_add_64_12_group_294_1        69        453       127          580 
  GEN[2].U_MULTIi_REGU_csa_tree_U_S84_add_91_9_groupi    csa_tree_U_S84_add_91_9_group_119_305        70        449       124          573 
  GEN[1].U_MULTIi_SHRP_U_S12_7_add_64_8                  add_signed_699_1651                          97        409       162          571 
  GEN[1].U_MULTIi_REGU_U_S_25_add_64_8                   add_signed_699_1664                          94        411       158          570 
  GEN[0].U_MULTIi_SHRP_csa_tree_U_S5_7_add_64_12_groupi  csa_tree_U_S5_7_add_64_12_group_294          70        439       130          569 
  GEN[4].U_MULTIi_REGU_csa_tree_U_S84_add_91_9_groupi    csa_tree_U_S84_add_91_9_group_119_195        67        449       118          567 
  GEN[7].U_MULTIi_REGU_U_S_25_add_64_8                   add_signed_412_800                           96        399       161          560 
  GEN[1].U_MULTIi_SHRP_csa_tree_U_S1_5_add_64_8_groupi   csa_tree_U_S1_5_add_64_8_group_326_1         75        404       138          542 
  GEN[1].U_MULTIi_SHRP_csa_tree_U_S15_5_add_64_8_groupi  csa_tree_U_S15_5_add_64_8_group_322_1        72        405       136          541 
  GEN[2].U_MULTIi_REGU_U_S_25_add_64_8                   add_signed_419_807                           93        379       155          534 
  GEN[1].U_MULTIi_REGU_U_S95_add_64_8                    add_signed_699_1666                          95        371       160          531 
  GEN[5].U_MULTIi_REGU_csa_tree_U_S25_add_91_9_groupi    csa_tree_U_S25_add_91_9_group_147            59        418       106          524 
  GEN[0].U_MULTIi_REGU_U_S95_add_64_8                    add_signed_699_1666_1387                     94        366       158          523 
  GEN[1].U_MULTIi_SHRP_csa_tree_U_S12_3_add_91_9_groupi  csa_tree_U_S12_3_add_91_9_group_260_1        62        411       112          523 
  GEN[0].U_MULTIi_SHRP_csa_tree_U_S1_5_add_64_8_groupi   csa_tree_U_S1_5_add_64_8_group_326           74        384       138          523 
  GEN[7].U_MULTIi_REGU_csa_tree_U_S_14_add_91_9_groupi   csa_tree_U_S_14_add_91_9_group_115_358       88        353       169          522 
  GEN[1].U_MULTIi_SHRP_U_S13_7_add_64_8                  add_signed_699_1650                          96        358       162          521 
  GEN[1].U_MULTIi_REGU_csa_tree_U_S2_add_91_9_groupi     csa_tree_U_S2_add_91_9_group_163_442_1       74        381       139          520 
  GEN[0].U_MULTIi_REGU_csa_tree_U_S2_add_91_9_groupi     csa_tree_U_S2_add_91_9_group_163_442         74        381       139          520 
  GEN[2].U_MULTIi_REGU_U_S95_add_64_8                    add_signed_419_809                           91        358       155          513 
  GEN[1].U_MULTIi_REGU_csa_tree_U_S_40_add_91_9_groupi   csa_tree_U_S_40_add_91_9_group_111_429_1     82        359       150          509 
  GEN[0].U_MULTIi_REGU_csa_tree_U_S_40_add_91_9_groupi   csa_tree_U_S_40_add_91_9_group_111_429       82        359       150          509 
  GEN[0].U_MULTIi_SHRP_csa_tree_U_S15_5_add_64_8_groupi  csa_tree_U_S15_5_add_64_8_group_322          72        373       136          509 
  GEN[1].U_MULTIi_REGU_csa_tree_U_S25_add_91_9_groupi    csa_tree_U_S25_add_91_9_group_147_439_1      60        404       104          508 
  GEN[0].U_MULTIi_REGU_csa_tree_U_S25_add_91_9_groupi    csa_tree_U_S25_add_91_9_group_147_439        60        404       104          508 
  GEN[6].U_MULTIi_REGU_U_S_25_add_64_8                   add_signed_411_799                           92        350       154          504 
  GEN[7].U_MULTIi_REGU_U_S95_add_64_8                    add_signed_412_802                           92        348       153          501 
  GEN[6].U_MULTIi_REGU_U_S95_add_64_8                    add_signed_411_801                           91        345       153          498 
  GEN[5].U_MULTIi_REGU_U_S95_add_64_8                    add_signed_410_800                           92        337       156          493 
  GEN[3].U_MULTIi_REGU_U_S95_add_64_8                    add_signed_420_810                           90        342       151          493 
  GEN[2].U_MULTIi_REGU_csa_tree_U_S_40_add_91_9_groupi   csa_tree_U_S_40_add_91_9_group_111_301       78        350       141          491 
  GEN[4].U_MULTIi_REGU_U_S95_add_64_8                    add_signed_416_806                           91        336       154          490 
  GEN[3].U_MULTIi_REGU_U_S_25_add_64_8                   add_signed_420_808                           90        340       150          490 
  GEN[0].U_MULTIi_SHRP_csa_tree_U_S12_3_add_91_9_groupi  csa_tree_U_S12_3_add_91_9_group_260          63        373       114          486 
  GEN[2].U_MULTIi_REGU_csa_tree_U_S25_add_91_9_groupi    csa_tree_U_S25_add_91_9_group_147_315        62        374       111          485 
  GEN[6].U_MULTIi_REGU_csa_tree_U_S25_add_91_9_groupi    csa_tree_U_S25_add_91_9_group_147_425        61        369       110          479 
  GEN[3].U_MULTIi_REGU_csa_tree_U_S25_add_91_9_groupi    csa_tree_U_S25_add_91_9_group_147_260        60        363       108          472 
  GEN[0].U_MULTIi_SHRP_csa_tree_U_S2_3_add_91_9_groupi   csa_tree_U_S2_3_add_91_9_group_320           62        359       108          467 
  GEN[1].U_MULTIi_SHRP_csa_tree_U_S2_3_add_91_9_groupi   csa_tree_U_S2_3_add_91_9_group_320_1         61        360       107          467 
  GEN[3].U_MULTIi_REGU_csa_tree_U_S_40_add_91_9_groupi   csa_tree_U_S_40_add_91_9_group_111_246       78        320       144          465 
  GEN[7].U_MULTIi_REGU_csa_tree_U_S25_add_91_9_groupi    csa_tree_U_S25_add_91_9_group_147_370        61        354       110          463 
  GEN[4].U_MULTIi_REGU_csa_tree_U_S25_add_91_9_groupi    csa_tree_U_S25_add_91_9_group_147_205        61        354       110          463 
  GEN[4].U_MULTIi_REGU_csa_tree_U_S_40_add_91_9_groupi   csa_tree_U_S_40_add_91_9_group_111_191       76        326       136          462 
  GEN[6].U_MULTIi_REGU_csa_tree_U_S_40_add_91_9_groupi   csa_tree_U_S_40_add_91_9_group_111_411       73        321       135          456 
  GEN[5].U_MULTIi_REGU_csa_tree_U_S_40_add_91_9_groupi   csa_tree_U_S_40_add_91_9_group_111           70        327       129          456 
  GEN[7].U_MULTIi_REGU_csa_tree_U_S_40_add_91_9_groupi   csa_tree_U_S_40_add_91_9_group_111_356       74        311       136          447 
  GEN[1].U_MULTIi_SHRP_csa_tree_U_S8_7_add_64_12_groupi  csa_tree_U_S8_7_add_64_12_group_272_1        48        356        85          441 
  GEN[0].U_MULTIi_REGU_csa_tree_U_S_14_add_91_9_groupi   csa_tree_U_S_14_add_91_9_group_115_431       48        355        84          439 
  GEN[4].U_MULTIi_REGU_csa_tree_U_S_14_add_91_9_groupi   csa_tree_U_S_14_add_91_9_group_115_193       44        357        78          435 
  GEN[1].U_MULTIi_REGU_csa_tree_U_S_14_add_91_9_groupi   csa_tree_U_S_14_add_91_9_group_115_1         50        345        89          434 
  GEN[0].U_MULTIi_SHRP_csa_tree_U_S8_7_add_64_12_groupi  csa_tree_U_S8_7_add_64_12_group_272          48        346        85          432 
  GEN[5].U_MULTIi_REGU_csa_tree_U_S_14_add_91_9_groupi   csa_tree_U_S_14_add_91_9_group_115           41        353        77          430 
  GEN[2].U_MULTIi_REGU_csa_tree_U_S_14_add_91_9_groupi   csa_tree_U_S_14_add_91_9_group_115_303       44        348        82          430 
  GEN[1].U_MULTIi_SHRP_csa_tree_U_S6_3_add_91_9_groupi   csa_tree_U_S6_3_add_91_9_group_288_1         50        344        85          430 
  GEN[1].U_MULTIi_SHRP_csa_tree_U_S14_3_add_91_9_groupi  csa_tree_U_S14_3_add_91_9_group_318_1        60        323       104          428 
  GEN[6].U_MULTIi_REGU_csa_tree_U_S_14_add_91_9_groupi   csa_tree_U_S_14_add_91_9_group_115_413       46        344        83          427 
  GEN[3].U_MULTIi_REGU_csa_tree_U_S_14_add_91_9_groupi   csa_tree_U_S_14_add_91_9_group_115_248       48        336        86          422 
  GEN[1].U_MULTIi_SHRP_csa_tree_U_S11_3_add_91_9_groupi  csa_tree_U_S11_3_add_91_9_group_264_1        47        346        77          422 
  GEN[0].U_MULTIi_SHRP_U_S14_7_add_64_8                  add_signed_711_1599                          55        344        78          422 
  GEN[0].U_MULTIi_SHRP_csa_tree_U_S14_3_add_91_9_groupi  csa_tree_U_S14_3_add_91_9_group_318          60        316       104          420 
  GEN[5].U_MULTIi_REGU_csa_tree_U_S74_add_91_9_groupi    csa_tree_U_S74_add_91_9_group_121            42        339        75          414 
  GEN[7].U_MULTIi_REGU_csa_tree_U_S74_add_91_9_groupi    csa_tree_U_S74_add_91_9_group_121_361        40        337        72          409 
  GEN[6].U_MULTIi_REGU_csa_tree_U_S74_add_91_9_groupi    csa_tree_U_S74_add_91_9_group_121_416        42        337        72          409 
  GEN[4].U_MULTIi_REGU_csa_tree_U_S74_add_91_9_groupi    csa_tree_U_S74_add_91_9_group_121_196        42        334        74          408 
  GEN[0].U_MULTIi_SHRP_csa_tree_U_S6_3_add_91_9_groupi   csa_tree_U_S6_3_add_91_9_group_288           45        332        75          407 
  GEN[0].U_MULTIi_SHRP_csa_tree_U_S5_2_add_91_9_groupi   csa_tree_U_S5_2_add_91_9_group_292           50        326        80          406 
  GEN[2].U_MULTIi_REGU_csa_tree_U_S74_add_91_9_groupi    csa_tree_U_S74_add_91_9_group_121_306        41        330        72          402 
  GEN[0].U_MULTIi_SHRP_csa_tree_U_S10_3_add_91_9_groupi  csa_tree_U_S10_3_add_91_9_group_266          48        320        81          402 
  GEN[3].U_MULTIi_REGU_csa_tree_U_S74_add_91_9_groupi    csa_tree_U_S74_add_91_9_group_121_251        43        323        76          400 
  GEN[0].U_MULTIi_SHRP_csa_tree_U_S11_3_add_91_9_groupi  csa_tree_U_S11_3_add_91_9_group_264          45        318        78          396 
  GEN[1].U_MULTIi_SHRP_csa_tree_U_S5_2_add_91_9_groupi   csa_tree_U_S5_2_add_91_9_group_292_1         42        326        68          395 
  GEN[0].U_MULTIi_REGU_csa_tree_U_S74_add_91_9_groupi    csa_tree_U_S74_add_91_9_group_121_434        45        312        81          393 
  GEN[1].U_MULTIi_SHRP_U_S14_7_add_64_8                  add_signed_711_1597                          55        306        79          385 
  GEN[1].U_MULTIi_REGU_csa_tree_U_S74_add_91_9_groupi    csa_tree_U_S74_add_91_9_group_121_1          42        302        77          379 
  GEN[0].U_MULTIi_REGU_U_S4_add_91_9                     add_signed_730_1389                          54        278        77          355 
  GEN[1].U_MULTIi_SHRP_U_S11_7_add_64_8                  add_signed_659_1720                          49        292        62          354 
  GEN[1].U_MULTIi_SHRP_U_S2_7_add_64_8                   add_signed_711_1598                          56        273        79          352 
  GEN[0].U_MULTIi_SHRP_U_S15_6_add_64_8                  add_signed_730_1570                          58        268        80          348 
  GEN[0].U_MULTIi_SHRP_U_S2_7_add_64_8                   add_signed_711_1598_1390                     57        266        81          347 
  GEN[1].U_MULTIi_SHRP_U_S1_6_add_64_8                   add_signed_730_1571                          50        276        70          345 
  GEN[1].U_MULTIi_REGU_U_S4_add_91_9                     add_signed_730                               55        263        78          341 
  GEN[5].U_MULTIi_REGU_U_S_25_add_64_8                   add_signed_410_798                           46        279        60          338 
  GEN[1].U_MULTIi_SHRP_csa_tree_U_S10_3_add_91_9_groupi  csa_tree_U_S10_3_add_91_9_group_266_1        39        274        62          336 
  GEN[1].U_MULTIi_SHRP_U_S15_6_add_64_8                  add_signed_730_1568                          57        256        79          335 
  GEN[0].U_MULTIi_SHRP_U_S1_6_add_64_8                   add_signed_730_1571_1386                     49        265        68          334 
  GEN[1].U_MULTIi_REGU_U_S14_add_91_9                    add_signed_711                               49        262        66          328 
  GEN[0].U_MULTIi_REGU_U_S14_add_91_9                    add_signed_711_1403                          49        262        66          328 
  GEN[1].U_MULTIi_SHRP_U_S10_7_add_64_8                  add_signed_659_1721                          47        265        61          326 
  GEN[4].U_MULTIi_REGU_U_S4_add_91_9                     add_signed_447                               47        256        66          322 
  GEN[1].U_MULTIi_REGU_U_S_44_add_64_8                   add_signed_699_1656_1410                     47        252        63          315 
  GEN[3].U_MULTIi_REGU_U_S4_add_91_9                     add_signed_451                               43        255        59          314 
  GEN[7].U_MULTIi_REGU_U_S14_add_91_9                    add_signed_424                               46        250        61          311 
  GEN[7].U_MULTIi_REGU_U_S4_add_91_9                     add_signed_443                               49        240        68          309 
  GEN[4].U_MULTIi_REGU_U_S_25_add_64_8                   add_signed_416_804                           42        251        53          304 
  GEN[4].U_MULTIi_REGU_U_S14_add_91_9                    add_signed_428                               48        239        64          302 
  GEN[6].U_MULTIi_REGU_U_S14_add_91_9                    add_signed_423                               45        242        60          301 
  GEN[2].U_MULTIi_REGU_U_S14_add_91_9                    add_signed_431                               42        242        57          299 
  GEN[0].U_MULTIi_REGU_U_S_44_add_64_8                   add_signed_699_1656                          44        240        59          299 
  GEN[5].U_MULTIi_REGU_U_S4_add_91_9                     add_signed_441                               49        229        68          298 
  GEN[6].U_MULTIi_REGU_U_S_44_add_64_8                   add_signed_411_797                           44        239        58          297 
  GEN[5].U_MULTIi_REGU_U_S14_add_91_9                    add_signed_422                               43        239        56          295 
  GEN[5].U_MULTIi_REGU_U_S_44_add_64_8                   add_signed_410_796                           43        236        57          293 
  GEN[3].U_MULTIi_REGU_U_S14_add_91_9                    add_signed_432                               48        228        62          290 
  GEN[7].U_MULTIi_REGU_U_S_44_add_64_8                   add_signed_412_798                           41        236        54          290 
  GEN[1].U_MULTIi_REGU_U_S85_add_64_8                    add_signed_699                               49        226        63          289 
  GEN[0].U_MULTIi_REGU_U_S85_add_64_8                    add_signed_699_1383                          49        226        63          289 
  GEN[6].U_MULTIi_REGU_U_S4_add_91_9                     add_signed_442                               49        220        68          288 
  GEN[7].U_MULTIi_REGU_U_S85_add_64_8                    add_signed_412                               39        234        53          287 
  GEN[7].U_MULTIi_REGU_U_S_15_add_64_8                   add_signed_412_801                           39        233        53          286 
  GEN[3].U_MULTIi_REGU_U_S_15_add_64_8                   add_signed_420_809                           47        225        62          286 
  GEN[2].U_MULTIi_REGU_U_S_35_add_64_8                   add_signed_419_806                           45        223        63          286 
  GEN[6].U_MULTIi_REGU_U_S85_add_64_8                    add_signed_411                               43        230        56          286 
  GEN[4].U_MULTIi_REGU_U_S_15_add_64_8                   add_signed_416_805                           47        224        62          285 
  GEN[4].U_MULTIi_REGU_U_S85_add_64_8                    add_signed_416                               44        227        57          284 
  GEN[1].U_MULTIi_REGU_U_S_15_add_64_8                   add_signed_699_1665                          47        222        61          283 
  GEN[4].U_MULTIi_REGU_U_S_35_add_64_8                   add_signed_416_803                           43        222        60          282 
  GEN[2].U_MULTIi_REGU_U_S4_add_91_9                     add_signed_450                               50        210        70          279 
  GEN[2].U_MULTIi_REGU_U_S_15_add_64_8                   add_signed_419_808                           46        219        60          279 
  GEN[2].U_MULTIi_REGU_U_S85_add_64_8                    add_signed_419                               45        219        58          277 
  GEN[3].U_MULTIi_REGU_U_S_35_add_64_8                   add_signed_420_807                           45        214        63          277 
  GEN[5].U_MULTIi_REGU_U_S85_add_64_8                    add_signed_410                               49        212        63          275 
  GEN[7].U_MULTIi_REGU_U_S_35_add_64_8                   add_signed_412_799                           48        210        65          275 
  GEN[6].U_MULTIi_REGU_U_S_15_add_64_8                   add_signed_411_800                           45        216        59          275 
  GEN[0].U_MULTIi_REGU_U_S_15_add_64_8                   add_signed_699_1665_1385                     47        214        61          275 
  GEN[4].U_MULTIi_REGU_U_S_44_add_64_8                   add_signed_416_802                           41        222        53          274 
  GEN[2].U_MULTIi_REGU_U_S_44_add_64_8                   add_signed_419_805                           44        217        57          274 
  GEN[3].U_MULTIi_REGU_U_S_44_add_64_8                   add_signed_420_806                           42        219        54          274 
  GEN[6].U_MULTIi_REGU_U_S_35_add_64_8                   add_signed_411_798                           43        215        56          271 
  GEN[5].U_MULTIi_REGU_U_S_15_add_64_8                   add_signed_410_799                           44        210        57          266 
  GEN[5].U_MULTIi_REGU_U_S_35_add_64_8                   add_signed_410_797                           44        205        60          265 
  GEN[1].U_MULTIi_REGU_U_S_35_add_64_8                   add_signed_699_1663_1409                     42        207        58          265 
  GEN[3].U_MULTIi_REGU_U_S85_add_64_8                    add_signed_420                               41        210        54          264 
  GEN[0].U_MULTIi_REGU_U_S_35_add_64_8                   add_signed_699_1663                          42        206        58          263 
