============================================================
  Generated by:           Genus(TM) Synthesis Solution 17.10-p007_1
  Generated on:           Nov 22 2020  03:36:03 pm
  Module:                 top_level
  Technology libraries:   CORE65LPSVT 
                          CLOCK65LPSVT 
                          physical_cells 
  Operating conditions:   _nominal_ 
  Interconnect mode:      global
  Area mode:              physical library
============================================================

                                            Leakage    Internal  
       Gate         Instances     Area    Power (uW)  Power (uW)     Library    
--------------------------------------------------------------------------------
HS65_LSS_XNOR2X12         608    4110.080      8.137    2091.131    CORE65LPSVT 
HS65_LSS_XNOR2X18         308    3203.200      6.836    1541.400    CORE65LPSVT 
HS65_LSS_XNOR2X24          99    1235.520      2.969     609.729    CORE65LPSVT 
HS65_LSS_XNOR2X3           89     370.240      0.314      73.148    CORE65LPSVT 
HS65_LSS_XNOR2X6         2375    9880.000     16.073    4180.134    CORE65LPSVT 
HS65_LSS_XNOR3X12          10     244.400      0.269      89.266    CORE65LPSVT 
HS65_LSS_XNOR3X2            1       8.320      0.005       1.337    CORE65LPSVT 
HS65_LSS_XNOR3X4            1       9.880      0.009       1.453    CORE65LPSVT 
HS65_LSS_XNOR3X8            2      37.440      0.030      13.354    CORE65LPSVT 
HS65_LSS_XOR2X12           19     118.560      0.247      51.759    CORE65LPSVT 
HS65_LSS_XOR2X17           10      98.800      0.214      44.401    CORE65LPSVT 
HS65_LSS_XOR2X23            1      12.480      0.028       5.591    CORE65LPSVT 
HS65_LSS_XOR2X3             9      37.440      0.031       6.344    CORE65LPSVT 
HS65_LSS_XOR2X6          1975    8216.000     11.454    3790.797    CORE65LPSVT 
HS65_LSS_XOR3X12           12     305.760      0.372      58.693    CORE65LPSVT 
HS65_LSS_XOR3X2             9      70.200      0.049      10.531    CORE65LPSVT 
HS65_LSS_XOR3X4             2      20.800      0.021       4.659    CORE65LPSVT 
HS65_LS_AND2ABX18           2       8.320      0.018       4.814    CORE65LPSVT 
HS65_LS_AND2ABX27           2      11.440      0.028       5.246    CORE65LPSVT 
HS65_LS_AND2ABX9            1       3.640      0.005       0.644    CORE65LPSVT 
HS65_LS_AND2X18           575    2093.000      5.609    1268.841    CORE65LPSVT 
HS65_LS_AND2X27           205    1172.600      3.209     693.902    CORE65LPSVT 
HS65_LS_AND2X35            90     561.600      1.871     425.272    CORE65LPSVT 
HS65_LS_AND2X4           1013    2633.800      2.359     789.786    CORE65LPSVT 
HS65_LS_AND2X9            596    1859.520      2.793     708.445    CORE65LPSVT 
HS65_LS_AND3ABCX27          1       6.240      0.014       3.957    CORE65LPSVT 
HS65_LS_AND3ABCX35          1       6.760      0.018       1.236    CORE65LPSVT 
HS65_LS_AND3X18            15      70.200      0.159      30.640    CORE65LPSVT 
HS65_LS_AND3X27             3      20.280      0.054       9.850    CORE65LPSVT 
HS65_LS_AND3X35             7      54.600      0.176      22.994    CORE65LPSVT 
HS65_LS_AND3X9              8      29.120      0.037       6.320    CORE65LPSVT 
HS65_LS_AND4X13             3      18.720      0.051       2.982    CORE65LPSVT 
HS65_LS_AND4X19             3      32.760      0.085       6.179    CORE65LPSVT 
HS65_LS_AND4X25             2      26.000      0.070       7.112    CORE65LPSVT 
HS65_LS_AND4X6              4      20.800      0.031       1.615    CORE65LPSVT 
HS65_LS_AO112X18            4      18.720      0.039       5.166    CORE65LPSVT 
HS65_LS_AO112X9             8      33.280      0.037       5.367    CORE65LPSVT 
HS65_LS_AO12X18           201     836.160      2.136     542.195    CORE65LPSVT 
HS65_LS_AO12X27            25     169.000      0.408      78.156    CORE65LPSVT 
HS65_LS_AO12X35             8      62.400      0.198      34.233    CORE65LPSVT 
HS65_LS_AO12X9            270     982.800      1.285     291.631    CORE65LPSVT 
HS65_LS_AO22X9              1       4.160      0.005       2.106    CORE65LPSVT 
HS65_LS_AO311X9             1       4.680      0.005       0.688    CORE65LPSVT 
HS65_LS_AO312X9            17      97.240      0.080      34.469    CORE65LPSVT 
HS65_LS_AO31X18             4      20.800      0.041       4.111    CORE65LPSVT 
HS65_LS_AO31X27             2      17.680      0.033       2.493    CORE65LPSVT 
HS65_LS_AO31X35             5      46.800      0.094       8.295    CORE65LPSVT 
HS65_LS_AO31X9              6      24.960      0.028       5.824    CORE65LPSVT 
HS65_LS_AO32X18             6      34.320      0.062      18.197    CORE65LPSVT 
HS65_LS_AO32X4             21      98.280      0.050      22.985    CORE65LPSVT 
HS65_LS_AO32X9             14      72.800      0.072      14.027    CORE65LPSVT 
HS65_LS_AO33X18             1       6.240      0.012       3.091    CORE65LPSVT 
HS65_LS_AOI112X13           2      17.680      0.023       4.886    CORE65LPSVT 
HS65_LS_AOI112X18           1      12.480      0.017       2.897    CORE65LPSVT 
HS65_LS_AOI112X26           3      51.480      0.085      11.760    CORE65LPSVT 
HS65_LS_AOI112X4            4      14.560      0.015       2.096    CORE65LPSVT 
HS65_LS_AOI112X7            2      12.480      0.013       1.646    CORE65LPSVT 
HS65_LS_AOI112X9            1       6.240      0.009       0.886    CORE65LPSVT 
HS65_LS_AOI12X12          373    1939.600      3.389     603.086    CORE65LPSVT 
HS65_LS_AOI12X17          336    2271.360      5.010     710.346    CORE65LPSVT 
HS65_LS_AOI12X2            58     150.800      0.078      15.716    CORE65LPSVT 
HS65_LS_AOI12X23          215    1900.600      4.466     521.383    CORE65LPSVT 
HS65_LS_AOI12X35           95    1235.000      3.082     279.789    CORE65LPSVT 
HS65_LS_AOI12X4             3       9.360      0.012       1.906    CORE65LPSVT 
HS65_LS_AOI12X46           41     703.560      1.881     134.539    CORE65LPSVT 
HS65_LS_AOI12X6           239     745.680      0.972     168.812    CORE65LPSVT 
HS65_LS_AOI12X9             4      20.800      0.028       5.166    CORE65LPSVT 
HS65_LS_AOI13X10           12      74.880      0.083      26.164    CORE65LPSVT 
HS65_LS_AOI13X15            7      61.880      0.081      25.232    CORE65LPSVT 
HS65_LS_AOI13X20            4      47.840      0.060      33.200    CORE65LPSVT 
HS65_LS_AOI13X5            15      54.600      0.046      26.179    CORE65LPSVT 
HS65_LS_AOI211X18           2      24.960      0.032       4.149    CORE65LPSVT 
HS65_LS_AOI211X26           1      17.160      0.017       2.264    CORE65LPSVT 
HS65_LS_AOI211X4           24      87.360      0.061       8.963    CORE65LPSVT 
HS65_LS_AOI212X13           3      32.760      0.054       9.750    CORE65LPSVT 
HS65_LS_AOI212X18           4      60.320      0.089      19.961    CORE65LPSVT 
HS65_LS_AOI212X4           10      41.600      0.046      12.371    CORE65LPSVT 
HS65_LS_AOI212X9            2      15.600      0.020       4.404    CORE65LPSVT 
HS65_LS_AOI21X12           34     176.800      0.283      65.738    CORE65LPSVT 
HS65_LS_AOI21X17          108     730.080      1.323     250.834    CORE65LPSVT 
HS65_LS_AOI21X2            10      26.000      0.012       2.588    CORE65LPSVT 
HS65_LS_AOI21X23           79     698.360      1.347     268.151    CORE65LPSVT 
HS65_LS_AOI21X35           51     663.000      1.449     178.170    CORE65LPSVT 
HS65_LS_AOI21X46           11     188.760      0.431      37.193    CORE65LPSVT 
HS65_LS_AOI21X6            66     205.920      0.241      60.233    CORE65LPSVT 
HS65_LS_AOI21X9            12      62.400      0.084      15.535    CORE65LPSVT 
HS65_LS_AOI22X11            1       6.240      0.009       1.006    CORE65LPSVT 
HS65_LS_AOI22X17            1       8.840      0.014       2.624    CORE65LPSVT 
HS65_LS_AOI22X33            3      51.480      0.096      12.908    CORE65LPSVT 
HS65_LS_AOI22X44            2      44.720      0.086      12.102    CORE65LPSVT 
HS65_LS_AOI22X6            31     112.840      0.112      29.394    CORE65LPSVT 
HS65_LS_AOI312X4            2      10.400      0.010       3.889    CORE65LPSVT 
HS65_LS_AOI31X10            5      31.200      0.039      12.004    CORE65LPSVT 
HS65_LS_AOI31X15            7      61.880      0.078      25.644    CORE65LPSVT 
HS65_LS_AOI31X20            9     107.640      0.139      40.237    CORE65LPSVT 
HS65_LS_AOI31X31           21     360.360      0.483     123.502    CORE65LPSVT 
HS65_LS_AOI31X41            1      22.360      0.031       8.760    CORE65LPSVT 
HS65_LS_AOI31X5            18      65.520      0.062      15.396    CORE65LPSVT 
HS65_LS_AOI31X8             3      18.720      0.016       5.313    CORE65LPSVT 
HS65_LS_AOI32X10            1       7.800      0.011       2.513    CORE65LPSVT 
HS65_LS_AOI32X5            25     104.000      0.079      36.339    CORE65LPSVT 
HS65_LS_BFX106            117    1399.320      6.717     544.886    CORE65LPSVT 
HS65_LS_BFX13               1       3.120      0.006       1.425    CORE65LPSVT 
HS65_LS_BFX142             49     764.400      3.791     310.040    CORE65LPSVT 
HS65_LS_BFX18             458    1428.960      3.682     504.265    CORE65LPSVT 
HS65_LS_BFX213             22     491.920      2.590     183.949    CORE65LPSVT 
HS65_LS_BFX27             442    1608.880      5.593     599.764    CORE65LPSVT 
HS65_LS_BFX284              4     120.640      0.649      34.978    CORE65LPSVT 
HS65_LS_BFX31              19      98.800      0.295      39.100    CORE65LPSVT 
HS65_LS_BFX35              61     317.200      1.061     126.754    CORE65LPSVT 
HS65_LS_BFX40              14      80.080      0.282      25.239    CORE65LPSVT 
HS65_LS_BFX44              41     234.520      0.916     103.020    CORE65LPSVT 
HS65_LS_BFX49               1       6.240      0.025       1.501    CORE65LPSVT 
HS65_LS_BFX53             265    1653.600      7.167     861.947    CORE65LPSVT 
HS65_LS_BFX62              25     195.000      0.806      85.175    CORE65LPSVT 
HS65_LS_BFX71             108     898.560      4.015     468.695    CORE65LPSVT 
HS65_LS_BFX9              124     257.920      0.440      88.989    CORE65LPSVT 
HS65_LS_CB4I1X18          128     665.600      1.539     445.745    CORE65LPSVT 
HS65_LS_CB4I1X27            1       8.840      0.018       6.461    CORE65LPSVT 
HS65_LS_CB4I1X35            7      65.520      0.154      55.941    CORE65LPSVT 
HS65_LS_CB4I1X4             4      16.640      0.012       6.632    CORE65LPSVT 
HS65_LS_CB4I1X9            21      87.360      0.100      24.401    CORE65LPSVT 
HS65_LS_CB4I6X18           68     353.600      0.700     187.386    CORE65LPSVT 
HS65_LS_CB4I6X27            1       8.320      0.016       4.356    CORE65LPSVT 
HS65_LS_CB4I6X35            2      18.720      0.041      10.338    CORE65LPSVT 
HS65_LS_CB4I6X9           154     640.640      0.741     174.709    CORE65LPSVT 
HS65_LS_CBI4I1X11          78     486.720      0.783     162.384    CORE65LPSVT 
HS65_LS_CBI4I1X16          38     335.920      0.575     109.297    CORE65LPSVT 
HS65_LS_CBI4I1X21          24     287.040      0.522      58.945    CORE65LPSVT 
HS65_LS_CBI4I1X5          296    1077.440      1.459     348.738    CORE65LPSVT 
HS65_LS_CBI4I6X14          14     123.760      0.174      37.569    CORE65LPSVT 
HS65_LS_CBI4I6X18          10     119.600      0.168      44.247    CORE65LPSVT 
HS65_LS_CBI4I6X5           63     229.320      0.235      70.206    CORE65LPSVT 
HS65_LS_CBI4I6X9           11      68.640      0.082      20.209    CORE65LPSVT 
HS65_LS_CNBFX21             7      25.480      0.074       9.752    CORE65LPSVT 
HS65_LS_CNBFX31             6      37.440      0.094      11.237    CORE65LPSVT 
HS65_LS_CNBFX41             3      20.280      0.067       9.154    CORE65LPSVT 
HS65_LS_CNBFX48             1       8.320      0.026       6.611    CORE65LPSVT 
HS65_LS_CNBFX52             1       8.840      0.028       0.483    CORE65LPSVT 
HS65_LS_CNBFX55             1       8.840      0.029       0.506    CORE65LPSVT 
HS65_LS_CNBFX58             2      19.760      0.065      16.409    CORE65LPSVT 
HS65_LS_CNBFX62             1       9.880      0.034       0.574    CORE65LPSVT 
HS65_LS_CNBFX82             1      12.480      0.042       3.763    CORE65LPSVT 
HS65_LS_CNIVX10             8      20.800      0.024       3.782    CORE65LPSVT 
HS65_LS_CNIVX103           15     179.400      0.669      21.890    CORE65LPSVT 
HS65_LS_CNIVX124            5      70.200      0.255      10.694    CORE65LPSVT 
HS65_LS_CNIVX14            56     145.600      0.242      25.864    CORE65LPSVT 
HS65_LS_CNIVX17            26      81.120      0.135      10.335    CORE65LPSVT 
HS65_LS_CNIVX21           200     624.000      1.378     144.890    CORE65LPSVT 
HS65_LS_CNIVX24             3      10.920      0.026       2.253    CORE65LPSVT 
HS65_LS_CNIVX27           207     753.480      1.961     214.195    CORE65LPSVT 
HS65_LS_CNIVX3              5       7.800      0.005       0.543    CORE65LPSVT 
HS65_LS_CNIVX31            16      74.880      0.183      11.275    CORE65LPSVT 
HS65_LS_CNIVX34           110     514.800      1.330     135.032    CORE65LPSVT 
HS65_LS_CNIVX38             1       5.200      0.013       0.689    CORE65LPSVT 
HS65_LS_CNIVX41            56     291.200      0.834      56.481    CORE65LPSVT 
HS65_LS_CNIVX45             7      43.680      0.132       6.433    CORE65LPSVT 
HS65_LS_CNIVX48            12      74.880      0.217      17.240    CORE65LPSVT 
HS65_LS_CNIVX52             1       6.760      0.022       0.742    CORE65LPSVT 
HS65_LS_CNIVX55            17     114.920      0.368      22.982    CORE65LPSVT 
HS65_LS_CNIVX58             3      21.840      0.071       4.055    CORE65LPSVT 
HS65_LS_CNIVX62            43     313.040      1.065      48.409    CORE65LPSVT 
HS65_LS_CNIVX7             38      59.280      0.080       5.829    CORE65LPSVT 
HS65_LS_CNIVX82            28     276.640      0.964      59.373    CORE65LPSVT 
HS65_LS_DFPRQNX9            3      31.200      0.029      20.795    CORE65LPSVT 
HS65_LS_DFPRQX18            9      98.280      0.117      90.717    CORE65LPSVT 
HS65_LS_DFPRQX4           165    1716.000      1.442    1416.449    CORE65LPSVT 
HS65_LS_DFPRQX9            66     686.400      0.653     574.464    CORE65LPSVT 
HS65_LS_FA1X18           1889   26521.560     45.801   13905.496    CORE65LPSVT 
HS65_LS_FA1X27           2358   50272.560     87.972   27641.427    CORE65LPSVT 
HS65_LS_FA1X35             43    1140.360      2.218     695.542    CORE65LPSVT 
HS65_LS_FA1X4             693    6486.480      4.353    1421.242    CORE65LPSVT 
HS65_LS_FA1X9            1321   14425.320     14.455    4794.615    CORE65LPSVT 
HS65_LS_HA1X18            542    3945.760     11.496    2596.030    CORE65LPSVT 
HS65_LS_HA1X27             51     609.960      1.746     428.121    CORE65LPSVT 
HS65_LS_HA1X35             35     473.200      1.618     366.897    CORE65LPSVT 
HS65_LS_HA1X4             870    4524.000      4.524    1342.652    CORE65LPSVT 
HS65_LS_HA1X9             758    4729.920      7.334    1974.331    CORE65LPSVT 
HS65_LS_IVX106             98     866.320      4.184     164.010    CORE65LPSVT 
HS65_LS_IVX13              33      68.640      0.138      11.999    CORE65LPSVT 
HS65_LS_IVX142             31     370.760      1.823      70.691    CORE65LPSVT 
HS65_LS_IVX18            4675    9724.000     25.215    2491.407    CORE65LPSVT 
HS65_LS_IVX2                1       1.560      0.001       0.060    CORE65LPSVT 
HS65_LS_IVX213              2      34.320      0.183       4.837    CORE65LPSVT 
HS65_LS_IVX22              22      68.640      0.172      15.898    CORE65LPSVT 
HS65_LS_IVX27            1964    6127.680     18.182    1827.364    CORE65LPSVT 
HS65_LS_IVX31             156     567.840      1.724     124.271    CORE65LPSVT 
HS65_LS_IVX35            1311    4772.040     16.442    1277.716    CORE65LPSVT 
HS65_LS_IVX4                1       1.560      0.001       0.128    CORE65LPSVT 
HS65_LS_IVX40              31     128.960      0.448      35.622    CORE65LPSVT 
HS65_LS_IVX44             659    2741.440     10.648     723.457    CORE65LPSVT 
HS65_LS_IVX49              22     114.400      0.407      25.877    CORE65LPSVT 
HS65_LS_IVX53             368    1913.600      7.387     435.563    CORE65LPSVT 
HS65_LS_IVX62              84     480.480      1.984     105.556    CORE65LPSVT 
HS65_LS_IVX7              141     219.960      0.277      23.679    CORE65LPSVT 
HS65_LS_IVX71             164    1023.360      4.514     211.847    CORE65LPSVT 
HS65_LS_IVX9             4445    6934.200     11.151    1254.311    CORE65LPSVT 
HS65_LS_MUX21I1X12        243    1642.680      3.095     761.984    CORE65LPSVT 
HS65_LS_MUX21I1X18        207    2152.800      4.360     937.321    CORE65LPSVT 
HS65_LS_MUX21I1X24        130    1622.400      3.764     752.396    CORE65LPSVT 
HS65_LS_MUX21I1X6         132     549.120      0.866     206.523    CORE65LPSVT 
HS65_LS_MUX21X18           51     318.240      0.881     178.066    CORE65LPSVT 
HS65_LS_MUX21X27           13     121.680      0.330      61.945    CORE65LPSVT 
HS65_LS_MUX21X35           51     530.400      1.808     294.150    CORE65LPSVT 
HS65_LS_MUX21X4            36     149.760      0.173      72.249    CORE65LPSVT 
HS65_LS_MUX21X9            49     229.320      0.365     116.336    CORE65LPSVT 
HS65_LS_MUX31X4             3      21.840      0.015       3.375    CORE65LPSVT 
HS65_LS_MUXI21X10          65     540.800      0.785     169.128    CORE65LPSVT 
HS65_LS_MUXI21X15          84     873.600      1.572     353.549    CORE65LPSVT 
HS65_LS_MUXI21X2           11      40.040      0.032       5.768    CORE65LPSVT 
HS65_LS_MUXI21X20           1      14.040      0.023       7.782    CORE65LPSVT 
HS65_LS_MUXI21X5           56     262.080      0.315      67.552    CORE65LPSVT 
HS65_LS_MUXI31X2            1       7.280      0.004       0.857    CORE65LPSVT 
HS65_LS_MUXI31X4            5      39.000      0.040       6.752    CORE65LPSVT 
HS65_LS_NAND2AX14        1894    7879.040     16.031    2749.230    CORE65LPSVT 
HS65_LS_NAND2AX21        1085    6206.200     14.674    2388.414    CORE65LPSVT 
HS65_LS_NAND2AX29         381    2575.560      7.878    1139.891    CORE65LPSVT 
HS65_LS_NAND2AX4            6      18.720      0.016       4.991    CORE65LPSVT 
HS65_LS_NAND2AX7         1900    5928.000      8.467    1809.724    CORE65LPSVT 
HS65_LS_NAND2X11          256     931.840      1.268     272.035    CORE65LPSVT 
HS65_LS_NAND2X14         3335   12139.400     22.904    3665.554    CORE65LPSVT 
HS65_LS_NAND2X21         1537    7992.400     17.427    2412.421    CORE65LPSVT 
HS65_LS_NAND2X29          774    4829.760     12.620    1549.144    CORE65LPSVT 
HS65_LS_NAND2X4             3       6.240      0.006       1.514    CORE65LPSVT 
HS65_LS_NAND2X43          407    3597.880     10.616     931.611    CORE65LPSVT 
HS65_LS_NAND2X5             6      12.480      0.012       3.200    CORE65LPSVT 
HS65_LS_NAND2X57           99    1184.040      3.592     309.788    CORE65LPSVT 
HS65_LS_NAND2X7          5567   11579.360     15.560    3261.579    CORE65LPSVT 
HS65_LS_NAND3AX13         121     692.120      1.051     217.936    CORE65LPSVT 
HS65_LS_NAND3AX19         130    1014.000      1.832     378.871    CORE65LPSVT 
HS65_LS_NAND3AX25          41     405.080      0.719     153.345    CORE65LPSVT 
HS65_LS_NAND3AX6          103     374.920      0.419      65.867    CORE65LPSVT 
HS65_LS_NAND3X13          290    1508.000      2.915     461.390    CORE65LPSVT 
HS65_LS_NAND3X19          215    1453.400      3.667     564.514    CORE65LPSVT 
HS65_LS_NAND3X25          166    1467.440      4.224     534.645    CORE65LPSVT 
HS65_LS_NAND3X38           71     923.000      2.580     305.046    CORE65LPSVT 
HS65_LS_NAND3X5            11      28.600      0.030       1.998    CORE65LPSVT 
HS65_LS_NAND3X50           19     326.040      0.873      83.398    CORE65LPSVT 
HS65_LS_NAND3X6            11      34.320      0.031       5.715    CORE65LPSVT 
HS65_LS_NAND3X9             2      10.400      0.018       1.830    CORE65LPSVT 
HS65_LS_NAND4ABX13         39     263.640      0.452      52.397    CORE65LPSVT 
HS65_LS_NAND4ABX19         27     266.760      0.496      69.290    CORE65LPSVT 
HS65_LS_NAND4ABX25         15     179.400      0.419      65.329    CORE65LPSVT 
HS65_LS_NAND4ABX3           1       3.640      0.005       0.315    CORE65LPSVT 
HS65_LS_NAND4ABX6          19      79.040      0.065      12.190    CORE65LPSVT 
HS65_LS_NAND4X27            1       8.320      0.023       1.181    CORE65LPSVT 
HS65_LS_NAND4X35            1       9.360      0.032       1.463    CORE65LPSVT 
HS65_LS_NOR2AX13          723    3007.680      6.654    1350.402    CORE65LPSVT 
HS65_LS_NOR2AX19          318    1818.960      4.232     833.442    CORE65LPSVT 
HS65_LS_NOR2AX25           96     648.960      1.691     356.109    CORE65LPSVT 
HS65_LS_NOR2AX3          1315    3419.000      3.337     971.458    CORE65LPSVT 
HS65_LS_NOR2AX6           630    1965.600      2.764     669.612    CORE65LPSVT 
HS65_LS_NOR2X13          1738    6326.320     11.227    2081.227    CORE65LPSVT 
HS65_LS_NOR2X19          1254    6520.800     12.980    2357.787    CORE65LPSVT 
HS65_LS_NOR2X25           961    5996.640     13.512    2326.116    CORE65LPSVT 
HS65_LS_NOR2X38           671    5931.640     14.800    2309.193    CORE65LPSVT 
HS65_LS_NOR2X5              4       8.320      0.009       1.485    CORE65LPSVT 
HS65_LS_NOR2X50           143    1710.280      4.489     635.984    CORE65LPSVT 
HS65_LS_NOR2X6           2522    5245.760      7.165    1433.044    CORE65LPSVT 
HS65_LS_NOR2X9            185     673.400      0.921     190.311    CORE65LPSVT 
HS65_LS_NOR3AX13           22     171.600      0.254      33.151    CORE65LPSVT 
HS65_LS_NOR3AX18           17     167.960      0.262      40.044    CORE65LPSVT 
HS65_LS_NOR3AX2             8      24.960      0.022       2.314    CORE65LPSVT 
HS65_LS_NOR3AX4             4      14.560      0.013       1.852    CORE65LPSVT 
HS65_LS_NOR3AX9            10      57.200      0.065      10.327    CORE65LPSVT 
HS65_LS_NOR3X13            28     189.280      0.269      49.080    CORE65LPSVT 
HS65_LS_NOR3X18            18     159.120      0.253      47.780    CORE65LPSVT 
HS65_LS_NOR3X26            40     457.600      0.735     144.477    CORE65LPSVT 
HS65_LS_NOR3X35             9     135.720      0.285      47.831    CORE65LPSVT 
HS65_LS_NOR3X4             17      44.200      0.040       8.120    CORE65LPSVT 
HS65_LS_NOR3X7              2       9.360      0.002       1.581    CORE65LPSVT 
HS65_LS_NOR3X9             33     154.440      0.167      33.676    CORE65LPSVT 
HS65_LS_NOR4ABX13          20     197.600      0.272      33.272    CORE65LPSVT 
HS65_LS_NOR4ABX18           8      95.680      0.185      21.539    CORE65LPSVT 
HS65_LS_NOR4ABX2            4      14.560      0.009       1.073    CORE65LPSVT 
HS65_LS_NOR4ABX4           30     124.800      0.135      15.648    CORE65LPSVT 
HS65_LS_NOR4ABX9           48     299.520      0.447      50.583    CORE65LPSVT 
HS65_LS_NOR4X18             5      33.800      0.054       8.473    CORE65LPSVT 
HS65_LS_NOR4X4              1       5.200      0.005       0.462    CORE65LPSVT 
HS65_LS_NOR4X9              8      45.760      0.042       8.748    CORE65LPSVT 
HS65_LS_OA112X18           31     145.080      0.318      62.239    CORE65LPSVT 
HS65_LS_OA112X27            3      24.960      0.054       7.020    CORE65LPSVT 
HS65_LS_OA112X35            5      46.800      0.117      16.897    CORE65LPSVT 
HS65_LS_OA112X9            32     133.120      0.172      26.902    CORE65LPSVT 
HS65_LS_OA12X18           500    2080.000      5.565    1601.152    CORE65LPSVT 
HS65_LS_OA12X27           219    1594.320      3.890    1015.712    CORE65LPSVT 
HS65_LS_OA12X35            99     772.200      2.380     612.605    CORE65LPSVT 
HS65_LS_OA12X4              1       3.640      0.003       1.263    CORE65LPSVT 
HS65_LS_OA12X9            402    1463.280      2.017     593.468    CORE65LPSVT 
HS65_LS_OA212X18            1       6.240      0.012       4.258    CORE65LPSVT 
HS65_LS_OA212X4             3      15.600      0.010       3.645    CORE65LPSVT 
HS65_LS_OA212X9             1       5.720      0.005       0.768    CORE65LPSVT 
HS65_LS_OA22X18             1       5.720      0.010       4.323    CORE65LPSVT 
HS65_LS_OA22X9             23     107.640      0.111      49.480    CORE65LPSVT 
HS65_LS_OA31X9             10      41.600      0.044      20.434    CORE65LPSVT 
HS65_LS_OAI112X11          82     511.680      0.705     141.491    CORE65LPSVT 
HS65_LS_OAI112X16          51     450.840      0.488     137.482    CORE65LPSVT 
HS65_LS_OAI112X22          20     249.600      0.401      56.596    CORE65LPSVT 
HS65_LS_OAI112X33           6     106.080      0.185      36.505    CORE65LPSVT 
HS65_LS_OAI112X5          131     476.840      0.589     144.826    CORE65LPSVT 
HS65_LS_OAI12X12          889    4622.800      8.888    1603.674    CORE65LPSVT 
HS65_LS_OAI12X18          990    6692.400     15.734    2558.655    CORE65LPSVT 
HS65_LS_OAI12X24          372    3288.480      8.274    1184.538    CORE65LPSVT 
HS65_LS_OAI12X3           104     270.400      0.185      37.489    CORE65LPSVT 
HS65_LS_OAI12X37          192    2496.000      6.697     609.012    CORE65LPSVT 
HS65_LS_OAI12X49           73    1252.680      3.203     289.149    CORE65LPSVT 
HS65_LS_OAI12X5            15      46.800      0.047      10.289    CORE65LPSVT 
HS65_LS_OAI12X6           423    1319.760      1.962     401.486    CORE65LPSVT 
HS65_LS_OAI12X9            18      93.600      0.146      23.969    CORE65LPSVT 
HS65_LS_OAI13X10           15      93.600      0.135      59.331    CORE65LPSVT 
HS65_LS_OAI13X15            3      26.520      0.036       8.690    CORE65LPSVT 
HS65_LS_OAI13X20            2      23.920      0.037       3.281    CORE65LPSVT 
HS65_LS_OAI13X30            3      51.480      0.055      10.124    CORE65LPSVT 
HS65_LS_OAI13X40            1      22.880      0.028       2.896    CORE65LPSVT 
HS65_LS_OAI13X5            13      47.320      0.064      13.060    CORE65LPSVT 
HS65_LS_OAI211X11          23     143.520      0.207      30.763    CORE65LPSVT 
HS65_LS_OAI211X16          25     221.000      0.292      41.482    CORE65LPSVT 
HS65_LS_OAI211X22          21     262.080      0.301      58.302    CORE65LPSVT 
HS65_LS_OAI211X33           5      88.400      0.130      16.349    CORE65LPSVT 
HS65_LS_OAI211X44           2      46.800      0.108      11.901    CORE65LPSVT 
HS65_LS_OAI211X5           41     149.240      0.221      45.704    CORE65LPSVT 
HS65_LS_OAI211X8           14      87.360      0.107      11.837    CORE65LPSVT 
HS65_LS_OAI212X10          22     183.040      0.270      70.469    CORE65LPSVT 
HS65_LS_OAI212X15          33     360.360      0.623     159.970    CORE65LPSVT 
HS65_LS_OAI212X20           8     120.640      0.201      49.938    CORE65LPSVT 
HS65_LS_OAI212X5           21      87.360      0.129      30.137    CORE65LPSVT 
HS65_LS_OAI21X12          134     696.800      1.054     247.409    CORE65LPSVT 
HS65_LS_OAI21X18          247    1669.720      3.378     666.248    CORE65LPSVT 
HS65_LS_OAI21X24           86     760.240      1.709     289.170    CORE65LPSVT 
HS65_LS_OAI21X3           202     525.200      0.396     105.127    CORE65LPSVT 
HS65_LS_OAI21X37           33     429.000      1.017     171.259    CORE65LPSVT 
HS65_LS_OAI21X49           17     291.720      0.732      84.492    CORE65LPSVT 
HS65_LS_OAI21X6            49     152.880      0.208      53.869    CORE65LPSVT 
HS65_LS_OAI21X9            67     348.400      0.445      94.965    CORE65LPSVT 
HS65_LS_OAI222X9            1       9.360      0.011       2.686    CORE65LPSVT 
HS65_LS_OAI22X11           20     124.800      0.196      36.604    CORE65LPSVT 
HS65_LS_OAI22X17            8      70.720      0.121      25.695    CORE65LPSVT 
HS65_LS_OAI22X22            2      23.920      0.040      10.760    CORE65LPSVT 
HS65_LS_OAI22X33            5      85.800      0.152      32.448    CORE65LPSVT 
HS65_LS_OAI22X6            90     327.600      0.360     152.934    CORE65LPSVT 
HS65_LS_OAI22X8             5      31.200      0.032      16.266    CORE65LPSVT 
HS65_LS_OAI311X5           33     137.280      0.192      54.719    CORE65LPSVT 
HS65_LS_OAI31X10            3      18.720      0.026       7.984    CORE65LPSVT 
HS65_LS_OAI31X15            8      70.720      0.097      33.904    CORE65LPSVT 
HS65_LS_OAI31X20            4      47.840      0.068      20.849    CORE65LPSVT 
HS65_LS_OAI31X30            1      17.160      0.026       5.908    CORE65LPSVT 
HS65_LS_OAI31X5            22      80.080      0.092      22.799    CORE65LPSVT 
HS65_LS_OAI31X7             3      18.720      0.020       7.171    CORE65LPSVT 
HS65_LS_OAI32X14            1      10.920      0.016       3.287    CORE65LPSVT 
HS65_LS_OAI32X5            13      54.080      0.060      13.479    CORE65LPSVT 
HS65_LS_OAI32X9             8      62.400      0.079      14.215    CORE65LPSVT 
HS65_LS_OR2ABX18            6      24.960      0.051       4.612    CORE65LPSVT 
HS65_LS_OR2ABX27           12      68.640      0.155      41.353    CORE65LPSVT 
HS65_LS_OR2ABX35            4      22.880      0.081       6.484    CORE65LPSVT 
HS65_LS_OR2X18            459    1670.760      4.230     922.431    CORE65LPSVT 
HS65_LS_OR2X27            244    1395.680      3.466     788.121    CORE65LPSVT 
HS65_LS_OR2X35            112     698.880      2.178     507.780    CORE65LPSVT 
HS65_LS_OR2X9            1040    3244.800      4.363    1042.780    CORE65LPSVT 
HS65_LS_OR3ABCX35           3      18.720      0.064      18.342    CORE65LPSVT 
HS65_LS_OR3X18              5      23.400      0.041       7.379    CORE65LPSVT 
HS65_LS_OR3X9              16      58.240      0.043      17.054    CORE65LPSVT 
HS65_LS_OR4X21              4      45.760      0.078       5.035    CORE65LPSVT 
HS65_LS_OR4X29              5      65.000      0.124      14.464    CORE65LPSVT 
HS65_LS_PAO2X18           390    2230.800      4.417    1139.461    CORE65LPSVT 
HS65_LS_PAO2X27            76     750.880      1.308     344.856    CORE65LPSVT 
HS65_LS_PAO2X35            41     426.400      0.997     246.171    CORE65LPSVT 
HS65_LS_PAO2X9            386    1806.480      1.820     568.999    CORE65LPSVT 
HS65_LS_PAO3X18             3      20.280      0.034      11.818    CORE65LPSVT 
HS65_LS_PAOI2X1            60     218.400      0.069      25.812    CORE65LPSVT 
HS65_LS_PAOI2X11          289    2254.200      2.779     707.373    CORE65LPSVT 
HS65_LS_PAOI2X17          154    1681.680      2.343     600.645    CORE65LPSVT 
HS65_LS_PAOI2X22          101    1523.080      1.967     485.953    CORE65LPSVT 
HS65_LS_PAOI2X3             8      33.280      0.017       5.291    CORE65LPSVT 
HS65_LS_PAOI2X33           38     829.920      1.146     256.945    CORE65LPSVT 
HS65_LS_PAOI2X4             7      29.120      0.027       3.976    CORE65LPSVT 
HS65_LS_PAOI2X44            4     114.400      0.136      22.933    CORE65LPSVT 
HS65_LS_PAOI2X6           267    1110.720      1.143     304.389    CORE65LPSVT 
HS65_LS_PAOI2X8            27     210.600      0.199      49.392    CORE65LPSVT 
HS65_LS_PAOI3X4             2      10.400      0.008       2.326    CORE65LPSVT 
HS65_LS_PAOI3X8             1      10.920      0.009       3.290    CORE65LPSVT 
HS65_LS_SDFPRQNX18         31     403.000      0.434     193.247    CORE65LPSVT 
HS65_LS_SDFPRQNX27          5      70.200      0.088      33.471    CORE65LPSVT 
HS65_LS_SDFPRQNX4         115    1435.200      1.143     679.460    CORE65LPSVT 
HS65_LS_SDFPRQNX9          94    1173.120      1.024     560.919    CORE65LPSVT 
HS65_LS_SDFPRQX18         206    2678.000      2.888    2025.769    CORE65LPSVT 
HS65_LS_SDFPRQX35           2      29.120      0.042      14.797    CORE65LPSVT 
HS65_LS_SDFPRQX4          299    3731.520      2.921    2494.808    CORE65LPSVT 
HS65_LS_SDFPRQX9          613    7650.240      6.671    6534.940    CORE65LPSVT 
HS65_LS_XNOR2X18         1553   10498.280     34.076    6683.585    CORE65LPSVT 
HS65_LS_XNOR2X27          168    1747.200      5.311     952.456    CORE65LPSVT 
HS65_LS_XNOR2X35          247    2825.680     10.738    1813.614    CORE65LPSVT 
HS65_LS_XNOR2X4            57     266.760      0.323      98.580    CORE65LPSVT 
HS65_LS_XNOR2X9           409    2126.800      4.009     967.244    CORE65LPSVT 
HS65_LS_XNOR3X18            4      47.840      0.068      11.097    CORE65LPSVT 
HS65_LS_XNOR3X27           10     171.600      0.247      91.547    CORE65LPSVT 
HS65_LS_XNOR3X4             3      31.200      0.017       6.518    CORE65LPSVT 
HS65_LS_XNOR3X9             1      11.440      0.008       3.411    CORE65LPSVT 
HS65_LS_XOR2X18          1649   11147.240     36.234    7198.917    CORE65LPSVT 
HS65_LS_XOR2X27           409    4253.600     13.044    2492.513    CORE65LPSVT 
HS65_LS_XOR2X35           739    8454.160     32.409    6177.944    CORE65LPSVT 
HS65_LS_XOR2X4            256    1198.080      1.524     430.501    CORE65LPSVT 
HS65_LS_XOR2X9            489    2542.800      4.830    1122.296    CORE65LPSVT 
HS65_LS_XOR3X18            68     777.920      1.081     318.186    CORE65LPSVT 
HS65_LS_XOR3X27            11     171.600      0.259      86.324    CORE65LPSVT 
HS65_LS_XOR3X4              1       9.360      0.005       1.792    CORE65LPSVT 
HS65_LS_XOR3X9            126    1179.360      0.918     226.485    CORE65LPSVT 
--------------------------------------------------------------------------------
total                   85082  472685.200    964.696  201143.496                


                                             Leakage  Leakage  Internal  Internal 
     Type      Instances    Area    Area % Power (uW) Power % Power (uW)  Power % 
----------------------------------------------------------------------------------
sequential          1608  19702.280    4.2     17.453     1.8  14639.836      7.3 
inverter           15065  39850.200    8.4    114.853    11.9   9607.279      4.8 
buffer              1774   9710.480    2.1     38.496     4.0   4038.213      2.0 
logic              66635 403422.240   85.3    793.895    82.3 172858.169     85.9 
physical_cells         0      0.000    0.0      0.000     0.0      0.000      0.0 
----------------------------------------------------------------------------------
total              85082 472685.200  100.0    964.696   100.0 201143.496    100.0 

