============================================================
  Generated by:           Genus(TM) Synthesis Solution 17.10-p007_1
  Generated on:           Nov 22 2020  03:36:03 pm
  Module:                 top_level
  Technology libraries:   CORE65LPSVT 
                          CLOCK65LPSVT 
                          physical_cells 
  Operating conditions:   _nominal_ 
  Interconnect mode:      global
  Area mode:              physical library
============================================================

                                     Leakage   Internal      Net        Dynamic          Total       
                                                                    (Internal+Net) (Leakage+Dynamic) 
           Instance           Cells Power(uW)  Power(uW)  Power(uW)    Power(uW)       Power(uW)     
-----------------------------------------------------------------------------------------------------
top_level                     85082   964.696 201143.496 218940.084     420083.581        421048.277 
  GEN[5].U_MULTIi_SHRP         6569    75.835  14939.720  16987.380      31927.100         32002.936 
    csa_tree_U.._64_12_groupi   172     2.245    568.864    585.494       1154.358          1156.603 
    csa_tree_U.._64_12_groupi   144     2.202    578.061    590.406       1168.467          1170.669 
    csa_tree_U..d_64_8_groupi   144     2.105    569.461    538.404       1107.865          1109.970 
    csa_tree_U.._64_12_groupi   171     2.073    545.511    554.154       1099.666          1101.739 
    csa_tree_U..d_91_9_groupi   138     2.047    295.063    350.390        645.453           647.500 
    csa_tree_U.._64_12_groupi   168     2.045    557.549    563.879       1121.428          1123.474 
    csa_tree_fac2_groupi        135     1.858    380.770    433.129        813.900           815.757 
    csa_tree_U..d_64_8_groupi   104     1.827    330.680    389.880        720.559           722.386 
    csa_tree_U.._64_12_groupi   156     1.781    479.028    480.024        959.052           960.833 
    csa_tree_fac1_groupi        122     1.691    349.170    370.774        719.944           721.635 
    csa_tree_U..d_64_8_groupi   147     1.647    436.881    475.311        912.192           913.840 
    csa_tree_U..d_64_8_groupi   116     1.592    272.254    338.354        610.608           612.200 
    csa_tree_U..d_64_8_groupi   125     1.550    278.796    336.026        614.822           616.372 
    csa_tree_U..d_64_8_groupi    98     1.494    317.246    327.095        644.341           645.835 
    csa_tree_U..d_64_8_groupi    96     1.339    305.793    340.505        646.298           647.637 
    csa_tree_U.._64_12_groupi   115     1.273    340.012    355.306        695.318           696.591 
    csa_tree_U..d_64_8_groupi    81     1.177    223.610    194.070        417.680           418.858 
    csa_tree_U..d_64_8_groupi    78     1.127    209.288    174.596        383.884           385.010 
    csa_tree_U..d_91_9_groupi   120     1.125    230.802    250.310        481.112           482.237 
    csa_tree_U..d_91_9_groupi   111     1.045    179.180    192.147        371.327           372.372 
    csa_tree_U.._64_12_groupi    71     1.037    322.855    272.367        595.222           596.259 
    csa_tree_U..d_64_8_groupi    86     1.020    269.972    277.000        546.972           547.992 
    csa_tree_U..d_64_8_groupi    96     1.011    209.488    236.650        446.137           447.149 
    U_S3_7_add_64_8             100     0.903    210.306    280.014        490.320           491.223 
    U_S12_7_add_64_8             99     0.832    211.435    251.787        463.221           464.053 
    csa_tree_U..d_91_9_groupi    83     0.822    191.569    209.623        401.192           402.013 
    csa_tree_U..d_91_9_groupi    82     0.808    185.002    211.618        396.620           397.428 
    U_S13_7_add_64_8             97     0.804    180.801    257.649        438.449           439.253 
    csa_tree_U.._64_12_groupi    69     0.779    264.504    232.503        497.007           497.785 
    csa_tree_U..d_64_8_groupi    78     0.763    207.697    200.588        408.285           409.047 
    U_S6_7_add_64_8              97     0.752    189.721    237.962        427.683           428.436 
    U_S7_7_add_64_8              94     0.749    194.934    228.397        423.331           424.081 
    U_S9_7_add_64_8              92     0.746    199.176    248.788        447.964           448.710 
    U_S10_7_add_64_8             98     0.734    182.012    228.244        410.256           410.989 
    csa_tree_U.._64_12_groupi    44     0.606    229.416    186.187        415.604           416.209 
    csa_tree_U..d_64_8_groupi    72     0.598    167.716    181.505        349.221           349.819 
    U_S2_7_add_64_8              57     0.586    154.930    132.070        287.000           287.586 
    csa_tree_U..d_91_9_groupi    64     0.583    132.001    156.475        288.477           289.059 
    U_S14_7_add_64_8             57     0.571    150.027    130.148        280.175           280.746 
    U_S1_6_add_64_8              55     0.531    136.453    118.874        255.327           255.858 
    U_S11_7_add_64_8             91     0.519    141.920    195.154        337.073           337.592 
    csa_tree_U..d_91_9_groupi    47     0.511    125.817    120.323        246.140           246.651 
    csa_tree_U..d_91_9_groupi    49     0.509    118.548    118.844        237.391           237.900 
    csa_tree_U..d_91_9_groupi    42     0.495    109.386     98.124        207.509           208.004 
    csa_tree_U..d_91_9_groupi    60     0.491     82.057     89.757        171.814           172.305 
    csa_tree_U..d_91_9_groupi    48     0.486    106.385    107.915        214.300           214.786 
    U_S15_6_add_64_8             57     0.481    119.135    118.966        238.101           238.581 
    csa_tree_U..d_91_9_groupi    59     0.475     81.222     86.838        168.060           168.535 
  GEN[2].U_MULTIi_SHRP         6534    74.631  14953.878  16890.115      31843.993         31918.624 
    csa_tree_U.._64_12_groupi   153     2.209    594.775    561.109       1155.884          1158.093 
    csa_tree_U.._64_12_groupi   180     2.183    586.247    577.139       1163.385          1165.568 
    csa_tree_U.._64_12_groupi   155     2.055    529.225    498.077       1027.302          1029.357 
    csa_tree_U.._64_12_groupi   163     1.997    514.540    553.789       1068.329          1070.325 
    csa_tree_U..d_64_8_groupi   159     1.953    502.075    512.154       1014.229          1016.182 
    csa_tree_fac2_groupi        130     1.902    381.764    451.228        832.992           834.894 
    csa_tree_U.._64_12_groupi   169     1.852    534.005    522.068       1056.073          1057.925 
    csa_tree_U..d_64_8_groupi   141     1.846    509.839    487.769        997.608           999.453 
    csa_tree_U..d_64_8_groupi   121     1.842    335.942    414.705        750.647           752.490 
    csa_tree_U..d_64_8_groupi   111     1.809    330.508    412.928        743.437           745.246 
    csa_tree_fac1_groupi        122     1.775    364.428    375.237        739.665           741.440 
    csa_tree_U..d_64_8_groupi   128     1.719    332.260    391.790        724.049           725.769 
    csa_tree_U..d_91_9_groupi   136     1.604    248.795    276.684        525.479           527.083 
    csa_tree_U..d_91_9_groupi   117     1.283    254.808    251.565        506.373           507.657 
    csa_tree_U.._64_12_groupi   120     1.243    330.930    375.352        706.282           707.525 
    csa_tree_U..d_64_8_groupi    75     1.114    208.278    184.277        392.555           393.670 
    csa_tree_U..d_64_8_groupi    97     1.081    269.319    284.762        554.082           555.162 
    csa_tree_U..d_64_8_groupi    70     1.067    209.655    185.199        394.854           395.920 
    csa_tree_U..d_64_8_groupi    99     1.030    221.087    256.986        478.074           479.103 
    csa_tree_U.._64_12_groupi    67     1.010    314.427    269.856        584.284           585.294 
    csa_tree_U..d_91_9_groupi   119     1.005    179.781    195.789        375.570           376.575 
    U_S12_7_add_64_8             94     0.912    220.952    242.712        463.664           464.576 
    csa_tree_U..d_91_9_groupi    71     0.853    214.546    209.955        424.501           425.354 
    csa_tree_U..d_91_9_groupi    91     0.846    188.170    201.718        389.888           390.734 
    csa_tree_U..d_64_8_groupi    91     0.832    221.485    245.817        467.301           468.133 
    U_S13_7_add_64_8             98     0.824    194.241    249.165        443.406           444.230 
    csa_tree_U.._64_12_groupi    72     0.782    250.929    230.852        481.781           482.562 
    U_S7_7_add_64_8              96     0.778    193.997    241.531        435.528           436.305 
    U_S9_7_add_64_8              97     0.748    202.755    260.585        463.340           464.088 
    csa_tree_U..d_64_8_groupi    88     0.745    192.878    210.170        403.048           403.793 
    csa_tree_U..d_64_8_groupi    45     0.740    210.669    175.184        385.853           386.593 
    U_S6_7_add_64_8              93     0.700    180.471    224.022        404.493           405.193 
    U_S3_7_add_64_8              97     0.698    167.664    234.737        402.400           403.099 
    csa_tree_U..d_91_9_groupi    63     0.666    147.330    168.351        315.681           316.347 
    U_S10_7_add_64_8             93     0.658    171.636    218.524        390.160           390.818 
    csa_tree_U..d_64_8_groupi    75     0.654    181.557    193.971        375.528           376.182 
    csa_tree_U..d_91_9_groupi    61     0.633     89.817     95.168        184.985           185.618 
    U_S11_7_add_64_8             92     0.632    166.201    211.508        377.709           378.340 
    U_S2_7_add_64_8              90     0.618    154.872    193.125        347.997           348.615 
    csa_tree_U.._64_12_groupi    48     0.606    219.107    198.108        417.215           417.821 
    U_S14_7_add_64_8             90     0.606    159.517    196.549        356.066           356.672 
    csa_tree_U..d_91_9_groupi    61     0.604     95.615    102.827        198.442           199.046 
    csa_tree_U..d_91_9_groupi    38     0.579    126.780    111.330        238.110           238.689 
    csa_tree_U..d_91_9_groupi    38     0.530    138.828    120.419        259.247           259.777 
    csa_tree_U..d_91_9_groupi    49     0.513    119.830    111.166        230.996           231.508 
    U_S15_6_add_64_8             55     0.481    126.485    109.602        236.087           236.568 
    U_S1_6_add_64_8              56     0.480    122.572    111.922        234.494           234.974 
    csa_tree_U..d_91_9_groupi    45     0.471    109.004     98.267        207.271           207.742 
  GEN[4].U_MULTIi_SHRP         6605    74.460  14831.292  16932.416      31763.707         31838.167 
    csa_tree_U.._64_12_groupi   154     2.037    554.205    547.913       1102.118          1104.155 
    csa_tree_U..d_64_8_groupi   156     1.996    507.985    480.395        988.380           990.376 
    csa_tree_U.._64_12_groupi   171     1.993    506.771    551.048       1057.818          1059.811 
    csa_tree_U.._64_12_groupi   168     1.973    553.059    534.508       1087.568          1089.540 
    csa_tree_U.._64_12_groupi   165     1.917    530.072    552.442       1082.515          1084.431 
    csa_tree_U..d_64_8_groupi   153     1.890    504.908    513.531       1018.439          1020.329 
    csa_tree_fac2_groupi        128     1.775    364.302    406.966        771.268           773.043 
    csa_tree_U..d_91_9_groupi   135     1.770    287.819    325.304        613.123           614.893 
    csa_tree_U.._64_12_groupi   142     1.763    477.002    488.575        965.577           967.339 
    csa_tree_U..d_64_8_groupi   125     1.761    300.870    371.744        672.614           674.375 
    csa_tree_U..d_64_8_groupi   109     1.685    307.699    358.018        665.717           667.402 
    csa_tree_fac1_groupi        133     1.648    327.972    359.600        687.571           689.219 
    csa_tree_U..d_64_8_groupi   124     1.576    302.739    354.871        657.611           659.187 
    csa_tree_U.._64_12_groupi   120     1.339    347.316    386.944        734.260           735.599 
    csa_tree_U..d_64_8_groupi   110     1.271    287.591    303.692        591.284           592.555 
    csa_tree_U..d_64_8_groupi    73     1.200    232.571    190.884        423.455           424.655 
    csa_tree_U..d_64_8_groupi    83     1.122    201.723    186.849        388.572           389.694 
    csa_tree_U..d_64_8_groupi    99     1.087    224.744    268.352        493.096           494.182 
    csa_tree_U..d_91_9_groupi   102     1.038    201.403    204.673        406.076           407.115 
    csa_tree_U.._64_12_groupi    75     0.960    301.965    269.855        571.820           572.780 
    csa_tree_U..d_64_8_groupi    91     0.954    230.690    257.685        488.376           489.330 
    csa_tree_U..d_91_9_groupi    82     0.940    212.352    235.400        447.753           448.692 
    csa_tree_U..d_91_9_groupi    60     0.926    217.573    181.668        399.241           400.167 
    U_S12_7_add_64_8             96     0.882    213.929    250.112        464.041           464.924 
    csa_tree_U..d_91_9_groupi    77     0.879    189.954    191.501        381.456           382.335 
    U_S13_7_add_64_8             99     0.830    196.388    268.052        464.439           465.269 
    csa_tree_U.._64_12_groupi    70     0.819    260.695    234.104        494.800           495.618 
    U_S6_7_add_64_8              99     0.787    202.100    253.857        455.957           456.743 
    U_S7_7_add_64_8              94     0.781    203.040    239.655        442.694           443.475 
    csa_tree_U..d_64_8_groupi    51     0.776    227.786    197.146        424.932           425.708 
    U_S3_7_add_64_8              99     0.754    180.347    227.692        408.039           408.793 
    csa_tree_U..d_64_8_groupi    73     0.747    206.096    210.105        416.201           416.947 
    U_S10_7_add_64_8             96     0.736    188.865    233.951        422.816           423.552 
    csa_tree_U..d_64_8_groupi    87     0.707    186.915    219.960        406.875           407.582 
    csa_tree_U.._64_12_groupi    44     0.671    245.887    193.609        439.496           440.167 
    csa_tree_U..d_91_9_groupi    65     0.659    148.082    156.913        304.995           305.654 
    U_S2_7_add_64_8             101     0.640    157.224    227.107        384.330           384.970 
    U_S9_7_add_64_8              94     0.626    168.795    224.696        393.491           394.117 
    csa_tree_U..d_91_9_groupi    63     0.612     87.750     92.046        179.796           180.408 
    U_S14_7_add_64_8             98     0.604    141.936    205.182        347.118           347.721 
    csa_tree_U..d_91_9_groupi    60     0.593     91.628     97.139        188.767           189.359 
    U_S11_7_add_64_8             89     0.539    148.502    191.525        340.027           340.566 
    csa_tree_U..d_91_9_groupi    43     0.530    115.271    105.227        220.499           221.028 
    U_S1_6_add_64_8              60     0.519    127.850    120.393        248.243           248.762 
    csa_tree_U..d_91_9_groupi    45     0.514    122.814    114.102        236.915           237.430 
    csa_tree_U..d_91_9_groupi    48     0.483    103.249    102.672        205.921           206.404 
    csa_tree_U..d_91_9_groupi    51     0.480    103.861    112.739        216.600           217.080 
    U_S15_6_add_64_8             57     0.439    117.845    110.473        228.318           228.756 
  GEN[6].U_MULTIi_SHRP         6493    74.349  14715.667  16665.390      31381.056         31455.405 
    csa_tree_U.._64_12_groupi   171     2.246    594.519    608.225       1202.744          1204.991 
    csa_tree_U.._64_12_groupi   138     2.169    553.618    535.320       1088.938          1091.108 
    csa_tree_U..d_64_8_groupi   126     2.160    351.731    440.314        792.045           794.205 
    csa_tree_U..d_91_9_groupi   140     2.071    327.992    366.962        694.953           697.024 
    csa_tree_U.._64_12_groupi   167     2.054    565.437    558.361       1123.798          1125.852 
    csa_tree_U.._64_12_groupi   147     1.935    534.486    505.308       1039.794          1041.728 
    csa_tree_U..d_64_8_groupi   153     1.922    490.912    486.595        977.506           979.429 
    csa_tree_U..d_64_8_groupi   138     1.879    345.561    381.357        726.918           728.797 
    csa_tree_U.._64_12_groupi   169     1.875    487.893    529.443       1017.337          1019.211 
    csa_tree_U..d_64_8_groupi   114     1.773    308.923    374.616        683.539           685.312 
    csa_tree_U..d_64_8_groupi   151     1.769    470.410    492.520        962.929           964.699 
    csa_tree_fac2_groupi        129     1.722    359.509    401.589        761.099           762.821 
    csa_tree_fac1_groupi        123     1.623    328.488    355.912        684.401           686.023 
    csa_tree_U.._64_12_groupi   117     1.308    351.493    370.187        721.680           722.987 
    csa_tree_U..d_64_8_groupi   102     1.298    291.572    311.554        603.126           604.424 
    csa_tree_U..d_64_8_groupi    78     1.154    210.962    182.635        393.598           394.751 
    csa_tree_U..d_64_8_groupi    76     1.113    209.840    182.662        392.502           393.615 
    csa_tree_U..d_64_8_groupi    99     1.065    229.483    251.442        480.925           481.990 
    csa_tree_U..d_91_9_groupi   106     0.941    184.248    192.629        376.877           377.818 
    csa_tree_U..d_64_8_groupi    86     0.865    228.860    237.651        466.511           467.376 
    csa_tree_U..d_91_9_groupi    78     0.843    183.205    195.379        378.584           379.427 
    csa_tree_U.._64_12_groupi    68     0.822    256.950    247.500        504.450           505.272 
    U_S13_7_add_64_8             92     0.815    182.228    222.666        404.894           405.709 
    csa_tree_U..d_91_9_groupi    55     0.801    186.568    161.648        348.216           349.018 
    U_S7_7_add_64_8              94     0.798    208.464    252.259        460.722           461.521 
    csa_tree_U..d_64_8_groupi    51     0.794    227.333    198.582        425.914           426.708 
    csa_tree_U..d_91_9_groupi    76     0.792    172.110    185.982        358.093           358.885 
    U_S9_7_add_64_8              98     0.776    208.461    263.974        472.435           473.211 
    csa_tree_U.._64_12_groupi    68     0.775    255.772    226.134        481.906           482.681 
    csa_tree_U..d_64_8_groupi    86     0.750    194.534    215.243        409.776           410.527 
    U_S3_7_add_64_8              98     0.727    167.597    223.547        391.144           391.871 
    U_S12_7_add_64_8             94     0.724    188.652    215.737        404.389           405.114 
    U_S6_7_add_64_8              93     0.712    181.082    216.731        397.813           398.524 
    csa_tree_U.._64_12_groupi    44     0.643    232.417    198.184        430.601           431.244 
    csa_tree_U..d_91_9_groupi    67     0.641    129.267    141.595        270.862           271.503 
    U_S14_7_add_64_8             92     0.633    162.606    213.230        375.836           376.469 
    U_S2_7_add_64_8              92     0.631    159.644    205.153        364.798           365.429 
    U_S10_7_add_64_8             93     0.626    169.390    211.834        381.223           381.849 
    csa_tree_U..d_64_8_groupi    72     0.616    175.200    188.749        363.949           364.566 
    U_S11_7_add_64_8             93     0.614    163.296    217.428        380.724           381.337 
    csa_tree_U..d_91_9_groupi    62     0.602     84.289     91.296        175.585           176.187 
    csa_tree_U..d_91_9_groupi    61     0.583     87.717     96.799        184.516           185.099 
    U_S1_6_add_64_8              61     0.510    128.603    120.892        249.495           250.005 
    csa_tree_U..d_91_9_groupi    47     0.497    116.696    114.903        231.599           232.096 
    csa_tree_U..d_91_9_groupi    47     0.490    106.757    104.203        210.960           211.450 
    csa_tree_U..d_91_9_groupi    41     0.472     94.039     95.083        189.122           189.594 
    U_S15_6_add_64_8             56     0.430    112.322    107.133        219.455           219.886 
    csa_tree_U..d_91_9_groupi    48     0.430     89.382     92.349        181.731           182.160 
  GEN[7].U_MULTIi_SHRP         6392    74.034  14856.729  16720.567      31577.296         31651.330 
    csa_tree_U.._64_12_groupi   141     2.075    565.201    521.454       1086.655          1088.730 
    csa_tree_U.._64_12_groupi   170     2.070    582.833    555.326       1138.158          1140.228 
    csa_tree_U.._64_12_groupi   168     2.033    554.647    564.700       1119.348          1121.381 
    csa_tree_U.._64_12_groupi   138     2.025    546.079    509.371       1055.449          1057.474 
    csa_tree_U..d_64_8_groupi   127     2.018    335.559    425.524        761.083           763.101 
    csa_tree_U.._64_12_groupi   158     1.930    508.653    539.258       1047.911          1049.841 
    csa_tree_fac2_groupi        131     1.911    404.456    420.808        825.264           827.175 
    csa_tree_U..d_64_8_groupi   154     1.895    499.447    499.779        999.225          1001.120 
    csa_tree_U..d_64_8_groupi   109     1.855    329.823    442.198        772.020           773.875 
    csa_tree_U..d_91_9_groupi   136     1.816    277.314    340.221        617.535           619.352 
    csa_tree_U..d_64_8_groupi   127     1.747    331.723    364.634        696.357           698.104 
    csa_tree_fac1_groupi        123     1.640    354.423    375.644        730.067           731.706 
    csa_tree_U..d_64_8_groupi   152     1.575    429.647    448.576        878.223           879.798 
    csa_tree_U..d_64_8_groupi   105     1.467    316.464    307.851        624.315           625.782 
    csa_tree_U.._64_12_groupi   114     1.234    332.702    368.691        701.393           702.628 
    csa_tree_U..d_64_8_groupi    71     1.155    225.218    187.478        412.697           413.852 
    csa_tree_U..d_64_8_groupi   102     1.122    252.253    287.698        539.951           541.073 
    csa_tree_U..d_64_8_groupi    76     1.096    209.070    174.873        383.943           385.039 
    csa_tree_U.._64_12_groupi    70     0.955    293.569    247.657        541.226           542.181 
    csa_tree_U..d_64_8_groupi    82     0.921    250.081    252.072        502.153           503.074 
    csa_tree_U..d_91_9_groupi    72     0.875    206.471    201.452        407.923           408.797 
    U_S12_7_add_64_8             96     0.873    214.109    246.767        460.875           461.748 
    U_S7_7_add_64_8              95     0.854    218.996    239.080        458.076           458.930 
    csa_tree_U..d_91_9_groupi    60     0.839    191.273    159.644        350.918           351.757 
    U_S6_7_add_64_8              95     0.837    209.879    270.709        480.588           481.425 
    U_S10_7_add_64_8             97     0.828    207.982    273.377        481.359           482.187 
    csa_tree_U..d_64_8_groupi    41     0.806    243.652    191.525        435.176           435.982 
    csa_tree_U..d_91_9_groupi    80     0.784    174.767    197.054        371.822           372.605 
    csa_tree_U..d_91_9_groupi    56     0.771    166.025    136.395        302.420           303.191 
    csa_tree_U.._64_12_groupi    67     0.768    254.261    227.143        481.404           482.172 
    U_S13_7_add_64_8             91     0.765    174.187    220.400        394.587           395.351 
    csa_tree_U..d_64_8_groupi    90     0.726    184.334    212.109        396.443           397.168 
    U_S3_7_add_64_8              97     0.722    169.186    228.706        397.892           398.613 
    U_S9_7_add_64_8              90     0.682    181.995    226.993        408.988           409.670 
    csa_tree_U..d_64_8_groupi    72     0.665    189.151    197.810        386.961           387.625 
    U_S2_7_add_64_8              91     0.664    158.067    200.976        359.043           359.707 
    U_S14_7_add_64_8             90     0.647    163.169    206.342        369.511           370.158 
    csa_tree_U..d_91_9_groupi    62     0.603    135.646    153.708        289.354           289.957 
    csa_tree_U..d_91_9_groupi    65     0.600     88.239     99.487        187.726           188.326 
    csa_tree_U.._64_12_groupi    46     0.583    217.906    187.439        405.345           405.928 
    U_S11_7_add_64_8             91     0.579    159.438    204.458        363.896           364.475 
    csa_tree_U..d_91_9_groupi    62     0.552     85.512     96.533        182.045           182.597 
    csa_tree_U..d_91_9_groupi    44     0.550    113.680    101.775        215.455           216.005 
    U_S1_6_add_64_8              61     0.531    137.814    131.256        269.070           269.600 
    csa_tree_U..d_91_9_groupi    48     0.521    108.056    114.877        222.932           223.453 
    csa_tree_U..d_91_9_groupi    42     0.515    120.961    114.724        235.685           236.200 
    csa_tree_U..d_91_9_groupi    46     0.504    109.792    115.400        225.192           225.696 
    U_S15_6_add_64_8             56     0.401    109.570    104.134        213.704           214.105 
  GEN[3].U_MULTIi_SHRP         6429    72.194  14586.772  16690.899      31277.671         31349.865 
    csa_tree_U.._64_12_groupi   176     2.198    588.972    618.803       1207.775          1209.973 
    csa_tree_U..d_91_9_groupi   137     2.120    333.160    364.852        698.013           700.132 
    csa_tree_U.._64_12_groupi   171     2.082    541.972    558.059       1100.030          1102.113 
    csa_tree_U.._64_12_groupi   165     1.999    549.625    565.895       1115.520          1117.519 
    csa_tree_U.._64_12_groupi   139     1.986    540.046    531.646       1071.691          1073.678 
    csa_tree_U..d_64_8_groupi   153     1.874    494.692    500.808        995.501           997.375 
    csa_tree_U..d_64_8_groupi   109     1.791    305.186    358.856        664.042           665.833 
    csa_tree_U.._64_12_groupi   150     1.786    496.429    494.715        991.144           992.930 
    csa_tree_U..d_64_8_groupi   111     1.725    305.594    377.684        683.278           685.003 
    csa_tree_fac2_groupi        123     1.708    359.802    376.183        735.985           737.693 
    csa_tree_U..d_64_8_groupi   122     1.698    336.267    382.157        718.424           720.121 
    csa_tree_U..d_64_8_groupi   147     1.676    441.424    456.825        898.249           899.925 
    csa_tree_fac1_groupi        118     1.519    334.195    352.678        686.873           688.392 
    csa_tree_U..d_64_8_groupi   107     1.330    286.369    308.034        594.403           595.733 
    csa_tree_U..d_91_9_groupi   122     1.242    241.126    270.348        511.474           512.715 
    csa_tree_U.._64_12_groupi   117     1.143    312.567    346.545        659.113           660.255 
    csa_tree_U..d_64_8_groupi    95     0.994    223.451    253.656        477.107           478.102 
    csa_tree_U..d_64_8_groupi    67     0.989    197.387    176.984        374.372           375.361 
    csa_tree_U.._64_12_groupi   100     0.952    271.875    306.281        578.155           579.108 
    csa_tree_U..d_64_8_groupi    68     0.927    179.373    170.241        349.614           350.541 
    csa_tree_U.._64_12_groupi    69     0.918    274.278    256.449        530.727           531.645 
    csa_tree_U..d_64_8_groupi    94     0.916    224.497    258.935        483.432           484.347 
    U_S6_7_add_64_8             101     0.909    230.433    272.070        502.503           503.413 
    U_S10_7_add_64_8            100     0.868    207.835    249.751        457.586           458.455 
    csa_tree_U..d_91_9_groupi    87     0.826    192.894    229.808        422.701           423.527 
    csa_tree_U..d_91_9_groupi    68     0.799    179.204    184.333        363.537           364.337 
    csa_tree_U..d_64_8_groupi    87     0.754    202.328    221.201        423.529           424.283 
    U_S7_7_add_64_8              92     0.754    209.976    261.047        471.022           471.776 
    U_S9_7_add_64_8              90     0.751    195.999    224.390        420.389           421.141 
    csa_tree_U..d_64_8_groupi    50     0.738    217.820    198.979        416.799           417.537 
    csa_tree_U..d_91_9_groupi    56     0.731    164.564    124.179        288.743           289.473 
    U_S12_7_add_64_8             92     0.726    195.364    221.042        416.407           417.133 
    csa_tree_U..d_64_8_groupi    75     0.720    196.312    208.135        404.446           405.166 
    U_S2_7_add_64_8              92     0.718    169.471    221.371        390.842           391.560 
    U_S3_7_add_64_8             100     0.703    166.333    227.697        394.031           394.733 
    U_S14_7_add_64_8             90     0.669    166.563    210.766        377.330           377.998 
    U_S13_7_add_64_8             96     0.666    158.008    229.785        387.793           388.460 
    csa_tree_U..d_91_9_groupi    63     0.661     92.923     97.955        190.878           191.539 
    csa_tree_U.._64_12_groupi    49     0.655    238.618    205.455        444.072           444.727 
    csa_tree_U..d_91_9_groupi    61     0.647    129.138    144.852        273.990           274.637 
    csa_tree_U..d_91_9_groupi    62     0.608     96.755    104.153        200.908           201.516 
    csa_tree_U..d_91_9_groupi    44     0.540    135.549    128.087        263.636           264.175 
    U_S15_6_add_64_8             54     0.514    130.318    114.545        244.863           245.377 
    U_S11_7_add_64_8             91     0.512    140.058    189.014        329.072           329.584 
    U_S1_6_add_64_8              59     0.499    123.077    122.289        245.366           245.865 
    csa_tree_U..d_91_9_groupi    46     0.454     90.562     90.535        181.097           181.551 
    csa_tree_U..d_91_9_groupi    49     0.447     91.335     89.736        181.071           181.518 
    csa_tree_U..d_91_9_groupi    45     0.444    111.299    108.483        219.782           220.227 
  GEN[1].U_M.._64_12_groupi     175     2.388    618.488    651.099       1269.587          1271.975 
  GEN[0].U_M..d_64_8_groupi     134     2.367    392.076    474.853        866.929           869.295 
  GEN[0].U_M.._64_12_groupi     167     2.366    579.892    591.957       1171.849          1174.215 
  GEN[0].U_M.._64_12_groupi     177     2.357    610.968    663.158       1274.127          1276.484 
  GEN[0].U_M.._64_12_groupi     156     2.307    629.191    622.170       1251.361          1253.668 
  GEN[1].U_M..d_64_8_groupi     124     2.184    369.138    436.715        805.853           808.037 
  GEN[1].U_M..d_64_8_groupi     119     2.175    370.837    497.242        868.079           870.254 
  GEN[1].U_M..d_64_8_groupi     161     2.154    539.511    585.324       1124.835          1126.989 
  GEN[0].U_M.._64_12_groupi     142     2.149    565.183    535.091       1100.274          1102.424 
  GEN[2].U_M..d_91_9_groupi     168     2.144    426.598    461.667        888.265           890.408 
  GEN[1].U_M.._64_12_groupi     138     2.133    559.179    555.249       1114.427          1116.560 
  GEN[1].U_M..d_91_9_groupi     138     2.089    333.810    381.517        715.327           717.416 
  GEN[1].U_M..d_64_8_groupi     164     2.051    530.895    536.282       1067.177          1069.228 
  GEN[0].U_M.._64_12_groupi     143     2.048    527.528    517.955       1045.483          1047.531 
  GEN[5].U_M..d_91_9_groupi     174     2.045    402.127    461.870        863.998           866.043 
  GEN[0].U_M..d_91_9_groupi     136     2.040    317.577    360.829        678.406           680.446 
  GEN[3].U_M..d_91_9_groupi     177     2.038    406.823    453.013        859.837           861.875 
  GEN[0].U_M..d_64_8_groupi     115     2.031    343.037    433.757        776.795           778.826 
  GEN[0].U_M..d_64_8_groupi     160     2.012    515.312    567.349       1082.661          1084.673 
  GEN[7].U_M..d_91_9_groupi     167     1.991    419.486    472.392        891.878           893.869 
  GEN[4].U_M..d_91_9_groupi     166     1.973    419.770    470.050        889.819           891.792 
  GEN[1].U_M.._64_12_groupi     168     1.965    505.098    517.500       1022.598          1024.563 
  GEN[6].U_M..d_91_9_groupi     158     1.958    413.995    456.038        870.033           871.991 
  GEN[0].U_M..d_91_9_groupi     160     1.952    414.541    505.463        920.004           921.957 
  GEN[1].U_M.._64_12_groupi     158     1.921    533.426    537.146       1070.572          1072.493 
  GEN[1].U_M..d_91_9_groupi     151     1.894    387.380    436.812        824.193           826.087 
  GEN[0].U_M..e_fac2_groupi     138     1.882    383.104    427.115        810.219           812.101 
  GEN[0].U_M..d_64_8_groupi     114     1.877    343.105    358.190        701.295           703.172 
  GEN[1].U_M.._64_12_groupi     145     1.871    504.997    524.775       1029.772          1031.643 
  GEN[1].U_M..d_64_8_groupi     113     1.860    362.506    363.753        726.259           728.119 
  GEN[1].U_M..e_fac2_groupi     135     1.858    384.643    425.688        810.332           812.189 
  GEN[0].U_M..d_64_8_groupi     142     1.845    482.208    510.564        992.773           994.618 
  GEN[3].U_M..d_91_9_groupi     123     1.669    351.218    388.542        739.760           741.429 
  GEN[2].U_M..d_91_9_groupi     123     1.608    329.906    369.882        699.788           701.396 
  GEN[2].U_M..d_91_9_groupi     149     1.591    418.619    442.242        860.861           862.452 
  GEN[1].U_M..d_91_9_groupi     126     1.586    315.768    357.507        673.275           674.861 
  GEN[7].U_M..d_91_9_groupi     127     1.566    335.228    377.925        713.153           714.719 
  GEN[6].U_M..d_91_9_groupi     123     1.565    328.213    363.683        691.896           693.461 
  GEN[0].U_M.._64_12_groupi     120     1.540    408.330    416.454        824.784           826.324 
  GEN[6].U_M..d_91_9_groupi     115     1.525    341.187    354.414        695.602           697.126 
  GEN[5].U_M..d_91_9_groupi     120     1.514    319.094    356.070        675.164           676.678 
  GEN[1].U_M..d_64_8_groupi     113     1.510    318.569    338.097        656.665           658.175 
  GEN[3].U_M..d_91_9_groupi     150     1.492    409.440    434.808        844.248           845.740 
  GEN[0].U_M..d_91_9_groupi     145     1.491    400.286    420.878        821.164           822.655 
  GEN[5].U_M..d_91_9_groupi     140     1.488    293.878    345.642        639.519           641.007 
  GEN[4].U_M..d_91_9_groupi     121     1.478    329.743    361.398        691.141           692.619 
  GEN[1].U_M..d_91_9_groupi     110     1.475    302.153    340.962        643.115           644.589 
  GEN[1].U_M.._64_12_groupi     117     1.466    364.457    390.465        754.922           756.388 
  GEN[7].U_M..d_91_9_groupi     149     1.450    414.112    430.442        844.554           846.004 
  GEN[0].U_M..d_91_9_groupi     130     1.447    304.388    368.887        673.275           674.722 
  GEN[6].U_M..d_91_9_groupi     105     1.440    326.762    374.768        701.530           702.971 
  GEN[0].U_M..d_91_9_groupi     110     1.438    310.095    361.719        671.813           673.252 
  GEN[0].U_M..d_64_8_groupi     111     1.429    310.506    349.871        660.376           661.805 
  GEN[5].U_M..d_91_9_groupi     143     1.419    408.224    421.857        830.081           831.500 
  GEN[6].U_M..d_91_9_groupi     142     1.408    392.774    431.101        823.875           825.283 
  GEN[1].U_M..e_fac1_groupi     114     1.404    323.413    320.012        643.425           644.829 
  GEN[4].U_M..d_91_9_groupi     129     1.404    386.256    397.587        783.842           785.246 
  GEN[1].U_M..d_91_9_groupi     139     1.393    374.740    386.155        760.895           762.288 
  GEN[2].U_M..d_91_9_groupi     105     1.393    314.765    345.699        660.464           661.857 
  GEN[5].U_M..d_91_9_groupi     113     1.393    300.032    315.977        616.009           617.402 
  GEN[0].U_M..d_64_8_groupi     100     1.384    338.048    357.283        695.331           696.715 
  GEN[1].U_M..d_64_8_groupi      98     1.381    341.216    363.704        704.920           706.301 
  GEN[0].U_M..e_fac1_groupi     115     1.380    293.294    297.897        591.190           592.570 
  GEN[3].U_M..d_91_9_groupi     113     1.378    307.935    342.191        650.126           651.504 
  GEN[0].U_M..d_91_9_groupi     119     1.377    283.484    274.852        558.336           559.713 
  GEN[4].U_M..d_91_9_groupi     115     1.371    320.571    364.148        684.719           686.090 
  GEN[5].U_M..d_91_9_groupi     123     1.336    381.007    367.825        748.832           750.168 
  GEN[4].U_M..d_91_9_groupi     103     1.334    325.740    379.224        704.964           706.298 
  GEN[2].U_M..d_91_9_groupi     124     1.333    364.783    372.321        737.103           738.437 
  GEN[5].U_M..d_91_9_groupi     110     1.328    310.430    334.589        645.018           646.347 
  GEN[4].U_M..d_91_9_groupi     142     1.300    368.753    396.425        765.179           766.479 
  GEN[3].U_M..d_91_9_groupi     136     1.296    265.647    318.654        584.301           585.597 
  GEN[7].U_M..d_91_9_groupi     115     1.287    297.679    321.611        619.289           620.577 
  GEN[1].U_M..d_91_9_groupi     118     1.284    283.845    302.977        586.822           588.105 
  GEN[0].U_M..d_91_9_groupi     119     1.280    292.634    324.152        616.786           618.065 
  GEN[3].U_M..d_91_9_groupi     122     1.264    359.641    367.393        727.034           728.298 
  GEN[1].U_M..d_91_9_groupi     124     1.247    346.969    377.743        724.713           725.960 
  GEN[2].U_M..d_91_9_groupi     120     1.244    274.692    323.063        597.755           598.999 
  GEN[0].U_M..d_91_9_groupi     141     1.238    235.734    286.830        522.564           523.803 
  GEN[4].U_M..d_91_9_groupi     133     1.238    259.620    283.743        543.364           544.601 
  GEN[0].U_M..d_91_9_groupi     123     1.232    351.727    352.701        704.428           705.660 
  GEN[3].U_M..d_91_9_groupi     105     1.214    281.278    323.224        604.502           605.716 
  GEN[4].U_M..d_91_9_groupi     124     1.211    342.067    355.809        697.876           699.087 
  GEN[6].U_M..d_91_9_groupi     130     1.198    244.861    282.359        527.220           528.418 
  GEN[4].U_M..d_91_9_groupi     109     1.194    280.863    287.215        568.078           569.272 
  GEN[0].U_M..d_64_8_groupi      76     1.193    220.494    178.628        399.122           400.315 
  GEN[6].U_M..d_91_9_groupi     120     1.181    336.761    352.140        688.901           690.082 
  GEN[1].U_M..d_91_9_groupi     135     1.176    244.319    272.498        516.818           517.994 
  GEN[4].U_M..d_91_9_groupi      93     1.170    246.733    279.785        526.518           527.688 
  GEN[6].U_M..d_91_9_groupi     122     1.168    346.823    339.905        686.728           687.896 
  GEN[2].U_M..d_91_9_groupi     124     1.158    338.657    370.773        709.430           710.587 
  GEN[1].U_M..d_64_8_groupi      73     1.155    210.991    191.160        402.150           403.305 
  GEN[2].U_M..d_91_9_groupi     126     1.153    252.126    284.563        536.689           537.843 
  GEN[7].U_M..d_91_9_groupi      99     1.152    281.496    317.985        599.482           600.633 
  GEN[0].U_M..d_91_9_groupi     130     1.142    226.105    276.640        502.746           503.887 
  GEN[7].U_M..d_91_9_groupi     122     1.136    332.053    340.915        672.968           674.104 
  GEN[3].U_M..d_91_9_groupi     135     1.132    230.012    279.410        509.422           510.554 
  GEN[0].U_M..d_91_9_groupi     123     1.132    327.272    354.398        681.670           682.802 
  GEN[1].U_M..d_64_8_groupi      88     1.129    281.570    298.873        580.443           581.572 
  GEN[7].U_M..d_91_9_groupi     129     1.128    243.278    283.215        526.493           527.621 
  GEN[2].U_M..d_91_9_groupi     124     1.122    323.904    355.607        679.511           680.633 
  GEN[0].U_M..d_64_8_groupi      88     1.120    281.550    301.056        582.606           583.726 
  GEN[5].U_M..d_91_9_groupi      91     1.117    230.510    231.099        461.609           462.726 
  GEN[0].U_M..d_64_8_groupi      75     1.114    219.401    194.317        413.718           414.832 
  GEN[1].U_M..d_91_9_groupi     134     1.112    227.847    282.273        510.120           511.232 
  GEN[2].U_M..d_91_9_groupi      89     1.102    229.112    234.130        463.242           464.344 
  GEN[7].U_M..d_91_9_groupi     114     1.100    254.853    280.882        535.735           536.835 
  GEN[2].U_M..d_91_9_groupi     110     1.100    254.048    266.101        520.149           521.249 
  GEN[6].U_M..d_91_9_groupi     133     1.099    226.115    266.264        492.379           493.478 
  GEN[5].U_M..d_91_9_groupi     111     1.070    245.617    260.223        505.839           506.909 
  GEN[0].U_M..S9_7_add_64_8      91     1.069    260.368    282.763        543.131           544.200 
  GEN[2].U_M..d_91_9_groupi     138     1.066    227.981    288.715        516.696           517.763 
  GEN[1].U_M..d_64_8_groupi      72     1.063    208.725    182.310        391.034           392.097 
  GEN[7].U_M..d_91_9_groupi      89     1.061    230.269    235.951        466.219           467.280 
  GEN[0].U_M..d_91_9_groupi      82     1.057    322.279    281.828        604.107           605.165 
  GEN[5].U_M..d_91_9_groupi     118     1.048    313.921    328.510        642.431           643.479 
  GEN[5].U_M..d_91_9_groupi     135     1.041    212.074    266.337        478.411           479.451 
  GEN[1].U_M..d_91_9_groupi     122     1.040    303.625    330.754        634.380           635.419 
  GEN[0].U_M..S7_7_add_64_8      91     1.032    258.487    285.170        543.656           544.688 
  GEN[1].U_M..S7_7_add_64_8      91     1.028    250.809    275.232        526.041           527.068 
  GEN[1].U_M..d_91_9_groupi      54     1.023    229.052    182.858        411.910           412.934 
  GEN[6].U_M..d_91_9_groupi      90     1.013    211.106    210.659        421.765           422.778 
  GEN[1].U_M.._64_12_groupi      59     1.012    316.008    272.866        588.874           589.886 
  GEN[0].U_M..d_91_9_groupi     114     1.004    239.689    255.398        495.087           496.091 
  GEN[1].U_M..S3_7_add_64_8     113     0.994    225.299    290.518        515.818           516.812 
  GEN[3].U_M..d_91_9_groupi     112     0.992    238.470    260.059        498.529           499.521 
  GEN[7].U_M..d_91_9_groupi     113     0.988    299.681    330.028        629.709           630.697 
  GEN[6].U_M..d_91_9_groupi     107     0.988    248.668    260.783        509.451           510.439 
  GEN[0].U_M.._64_12_groupi      63     0.987    305.326    281.551        586.877           587.864 
  GEN[0].U_M..d_91_9_groupi     116     0.985    178.984    191.229        370.213           371.198 
  GEN[1].U_M..d_91_9_groupi      78     0.982    309.624    271.883        581.507           582.488 
  GEN[4].U_M..d_91_9_groupi      77     0.977    315.153    297.332        612.484           613.461 
  GEN[3].U_M..d_91_9_groupi      88     0.976    214.296    234.777        449.074           450.050 
  GEN[6].U_M..d_91_9_groupi      78     0.971    301.906    273.816        575.723           576.694 
  GEN[0].U_M..S6_7_add_64_8     100     0.971    244.367    292.618        536.986           537.956 
  GEN[0].U_M..S3_7_add_64_8     112     0.959    221.872    285.771        507.642           508.602 
  GEN[7].U_M..d_91_9_groupi     133     0.954    205.979    259.227        465.206           466.160 
  GEN[3].U_M..d_91_9_groupi     122     0.954    296.632    314.438        611.070           612.024 
  GEN[1].U_M..d_91_9_groupi     114     0.952    226.581    255.940        482.521           483.472 
  GEN[1].U_M..S6_7_add_64_8     100     0.942    233.321    273.083        506.404           507.346 
  GEN[5].U_M..d_91_9_groupi      77     0.942    295.287    272.797        568.084           569.026 
  GEN[0].U_M..d_64_8_groupi      92     0.940    201.214    245.514        446.728           447.667 
  GEN[0].U_M..12_7_add_64_8     102     0.924    217.754    259.121        476.875           477.799 
  GEN[1].U_M..d_64_8_groupi      89     0.918    192.709    236.339        429.048           429.966 
  GEN[0].U_M..10_7_add_64_8      99     0.913    224.193    260.121        484.314           485.227 
  GEN[7].U_M..d_91_9_groupi      77     0.911    306.023    266.294        572.317           573.228 
  GEN[1].U_M..d_91_9_groupi     133     0.907    138.712    184.206        322.918           323.825 
  GEN[3].U_M..d_91_9_groupi     133     0.907    144.845    187.677        332.522           333.429 
  GEN[4].U_M..d_91_9_groupi     135     0.892    189.087    242.939        432.026           432.918 
  GEN[1].U_M..d_91_9_groupi     117     0.888    174.157    205.568        379.725           380.613 
  GEN[3].U_M..d_91_9_groupi      77     0.885    295.570    269.371        564.940           565.825 
  GEN[5].U_M..d_91_9_groupi     125     0.872    141.589    189.215        330.805           331.677 
  GEN[6].U_M..d_91_9_groupi     129     0.864    136.560    188.903        325.464           326.327 
  GEN[0].U_M..d_91_9_groupi     140     0.859    131.953    189.409        321.363           322.222 
  GEN[0].U_M..11_7_add_64_8      96     0.846    192.176    242.362        434.538           435.383 
  GEN[1].U_M..d_91_9_groupi      75     0.845    189.668    202.234        391.902           392.747 
  GEN[1].U_M.._64_12_groupi      69     0.838    262.054    237.871        499.925           500.763 
  GEN[0].U_M..13_7_add_64_8     101     0.821    192.340    257.486        449.826           450.647 
  GEN[6].U_M..d_91_9_groupi      71     0.816    193.420    189.272        382.693           383.508 
  GEN[7].U_M..d_91_9_groupi     130     0.810    133.936    191.558        325.493           326.303 
  GEN[4].U_M..d_91_9_groupi     130     0.807    131.997    177.881        309.878           310.685 
  GEN[0].U_M..d_91_9_groupi      70     0.798    184.397    205.931        390.328           391.126 
  GEN[1].U_M..d_91_9_groupi      73     0.792    188.961    186.010        374.971           375.763 
  GEN[5].U_M..d_91_9_groupi      70     0.791    186.346    183.230        369.576           370.367 
  GEN[5].U_M..d_91_9_groupi      59     0.788    212.355    194.274        406.629           407.418 
  GEN[2].U_M..d_91_9_groupi     131     0.786    129.457    185.066        314.523           315.309 
  GEN[1].U_M..12_7_add_64_8      97     0.782    199.423    240.219        439.642           440.424 
  GEN[0].U_M.._64_12_groupi      70     0.778    252.314    215.823        468.137           468.915 
  GEN[0].U_M..d_91_9_groupi      81     0.768    181.699    216.005        397.705           398.473 
  GEN[0].U_M..S_25_add_64_8      96     0.768    173.939    223.742        397.681           398.448 
  GEN[7].U_M..d_91_9_groupi     128     0.761    171.239    243.163        414.402           415.164 
  GEN[1].U_M..d_91_9_groupi      78     0.761    171.596    194.445        366.041           366.802 
  GEN[0].U_M..d_91_9_groupi      69     0.761    175.726    170.665        346.391           347.151 
  GEN[3].U_M..d_91_9_groupi      72     0.759    177.203    175.566        352.769           353.528 
  GEN[1].U_M..S9_7_add_64_8      95     0.757    180.968    250.531        431.499           432.256 
  GEN[1].U_M..S_25_add_64_8      94     0.753    181.936    229.730        411.666           412.419 
  GEN[2].U_M..d_91_9_groupi      70     0.736    181.122    176.504        357.626           358.363 
  GEN[1].U_M..d_64_8_groupi      75     0.735    200.025    205.208        405.234           405.969 
  GEN[1].U_M..d_64_8_groupi      72     0.721    201.856    202.559        404.415           405.136 
  GEN[4].U_M..d_91_9_groupi      67     0.711    168.181    171.162        339.343           340.055 
  GEN[7].U_M..S_25_add_64_8      96     0.708    171.298    229.458        400.755           401.463 
  GEN[1].U_M..d_91_9_groupi      74     0.678    158.945    180.114        339.059           339.737 
  GEN[0].U_M..d_91_9_groupi      74     0.677    163.319    185.948        349.268           349.945 
  GEN[0].U_M..d_91_9_groupi      60     0.669    187.527    171.351        358.878           359.548 
  GEN[1].U_M..d_91_9_groupi      60     0.668    186.102    168.160        354.262           354.930 
  GEN[1].U_M..d_91_9_groupi      62     0.664    144.995    156.056        301.051           301.715 
  GEN[0].U_M..14_7_add_64_8      55     0.656    173.200    155.308        328.508           329.164 
  GEN[2].U_M..S_25_add_64_8      93     0.655    167.632    216.392        384.023           384.679 
  GEN[0].U_M..d_64_8_groupi      72     0.655    179.942    196.985        376.927           377.582 
  GEN[0].U_M.._S95_add_64_8      94     0.652    164.650    197.083        361.733           362.385 
  GEN[1].U_M.._S95_add_64_8      95     0.651    174.842    215.041        389.882           390.533 
  GEN[0].U_M..d_64_8_groupi      74     0.649    181.800    207.555        389.354           390.003 
  GEN[2].U_M..d_91_9_groupi      62     0.634    177.429    161.193        338.621           339.255 
  GEN[1].U_M..13_7_add_64_8      96     0.619    153.132    214.427        367.559           368.178 
  GEN[2].U_M.._S95_add_64_8      91     0.603    157.225    206.386        363.612           364.214 
  GEN[3].U_M..d_91_9_groupi      60     0.593    175.175    160.465        335.641           336.233 
  GEN[7].U_M.._S95_add_64_8      92     0.580    152.117    198.492        350.610           351.190 
  GEN[6].U_M..d_91_9_groupi      61     0.578    170.221    163.493        333.714           334.292 
  GEN[3].U_M.._S95_add_64_8      90     0.578    147.751    191.577        339.328           339.905 
  GEN[6].U_M..S_25_add_64_8      92     0.577    150.039    203.833        353.872           354.449 
  GEN[3].U_M..S_25_add_64_8      90     0.574    149.829    192.617        342.446           343.020 
  GEN[1].U_M..d_91_9_groupi      47     0.572    111.456    115.822        227.279           227.851 
  GEN[6].U_M.._S95_add_64_8      91     0.569    151.021    201.816        352.837           353.406 
  GEN[1].U_M.._64_12_groupi      48     0.563    199.224    196.996        396.220           396.783 
  GEN[0].U_M..U_S4_add_91_9      54     0.557    133.373    102.563        235.936           236.493 
  GEN[5].U_M.._S95_add_64_8      92     0.555    142.234    187.471        329.705           330.259 
  GEN[1].U_M..14_7_add_64_8      55     0.555    152.403    148.058        300.461           301.015 
  GEN[7].U_M..d_91_9_groupi      61     0.554    161.237    152.955        314.192           314.746 
  GEN[1].U_M..d_91_9_groupi      61     0.554     83.871     93.514        177.385           177.939 
  GEN[0].U_M..d_91_9_groupi      62     0.549     92.142     97.144        189.286           189.836 
  GEN[1].U_M..d_91_9_groupi      82     0.549     86.622    114.996        201.618           202.167 
  GEN[0].U_M..d_91_9_groupi      63     0.549    122.393    147.619        270.012           270.561 
  GEN[4].U_M.._S95_add_64_8      91     0.548    144.235    195.318        339.553           340.101 
  GEN[2].U_M..d_91_9_groupi      78     0.548    102.508    119.436        221.944           222.492 
  GEN[4].U_M..d_91_9_groupi      61     0.547    162.174    158.706        320.880           321.427 
  GEN[4].U_M..d_91_9_groupi      44     0.545    155.857    137.135        292.992           293.536 
  GEN[0].U_M.._64_12_groupi      48     0.544    198.869    191.488        390.357           390.901 
  GEN[0].U_M..d_91_9_groupi      82     0.543     91.501    117.581        209.082           209.625 
  GEN[2].U_M..d_91_9_groupi      44     0.542    153.018    143.431        296.449           296.990 
  GEN[1].U_M..d_91_9_groupi      50     0.541    109.144    109.769        218.913           219.454 
  GEN[0].U_M..d_91_9_groupi      48     0.537    142.656    132.753        275.409           275.946 
  GEN[1].U_M..11_7_add_64_8      49     0.531    156.291    124.921        281.212           281.744 
  GEN[6].U_M..d_91_9_groupi      46     0.518    147.324    135.075        282.399           282.916 
  GEN[5].U_M..d_91_9_groupi      42     0.517    152.671    127.274        279.945           280.462 
  GEN[1].U_M..S1_6_add_64_8      50     0.512    132.228    106.468        238.696           239.208 
  GEN[5].U_M..d_91_9_groupi      41     0.506    145.315    130.673        275.988           276.495 
  GEN[5].U_M..d_91_9_groupi      70     0.505     94.508    115.457        209.965           210.470 
  GEN[4].U_M..d_91_9_groupi      76     0.503     82.502    104.476        186.978           187.481 
  GEN[1].U_M..d_91_9_groupi      50     0.498    141.201    141.004        282.205           282.702 
  GEN[0].U_M..d_91_9_groupi      45     0.495     99.602    107.605        207.207           207.702 
  GEN[5].U_M..S_25_add_64_8      46     0.494    157.902    124.851        282.754           283.248 
  GEN[3].U_M..d_91_9_groupi      48     0.494    139.909    140.949        280.858           281.351 
  GEN[0].U_M..15_6_add_64_8      58     0.491    118.025    114.821        232.846           233.337 
  GEN[0].U_M..d_91_9_groupi      45     0.489    118.559    121.215        239.773           240.262 
  GEN[1].U_M..S2_7_add_64_8      56     0.486    129.615    134.237        263.852           264.338 
  GEN[6].U_M..d_91_9_groupi      42     0.485    143.780    124.605        268.385           268.869 
  GEN[3].U_M..d_91_9_groupi      78     0.484     87.853    111.436        199.289           199.774 
  GEN[4].U_M..d_91_9_groupi      42     0.484    147.249    121.877        269.127           269.611 
  GEN[0].U_M..S2_7_add_64_8      57     0.482    134.005    141.069        275.074           275.556 
  GEN[0].U_M..d_91_9_groupi      48     0.482    108.015    112.899        220.914           221.395 
  GEN[1].U_M..U_S4_add_91_9      55     0.481    118.515    103.666        222.181           222.662 
  GEN[0].U_M..S1_6_add_64_8      49     0.479    125.875     98.643        224.518           224.998 
  GEN[7].U_M..d_91_9_groupi      40     0.479    146.633    128.062        274.695           275.174 
  GEN[1].U_M..d_91_9_groupi      42     0.477    121.911    118.583        240.493           240.970 
  GEN[3].U_M..d_91_9_groupi      43     0.475    142.941    130.520        273.460           273.935 
  GEN[0].U_M..d_91_9_groupi      50     0.472    119.537    125.739        245.276           245.748 
  GEN[2].U_M..d_91_9_groupi      41     0.472    144.786    127.251        272.037           272.509 
  GEN[6].U_M..d_91_9_groupi      73     0.470     82.197    107.513        189.710           190.180 
  GEN[1].U_M..10_7_add_64_8      47     0.461    140.931    119.444        260.375           260.836 
  GEN[1].U_M..d_91_9_groupi      60     0.459     75.721     90.490        166.211           166.670 
  GEN[7].U_M..d_91_9_groupi      88     0.454    127.058    172.555        299.612           300.066 
  GEN[3].U_M..U_S4_add_91_9      43     0.448    114.093     90.218        204.311           204.760 
  GEN[1].U_M.._S14_add_91_9      49     0.444    127.178    106.922        234.100           234.544 
  GEN[0].U_M.._S14_add_91_9      49     0.444    125.549    106.854        232.403           232.847 
  GEN[7].U_M..d_91_9_groupi      74     0.440     79.861    110.201        190.061           190.501 
  GEN[1].U_M..15_6_add_64_8      57     0.438    115.935    112.933        228.868           229.305 
  GEN[4].U_M..S_25_add_64_8      42     0.436    145.244    109.465        254.709           255.145 
  GEN[0].U_M..d_91_9_groupi      45     0.426    118.569    118.993        237.562           237.988 
  GEN[0].U_M..d_91_9_groupi      60     0.425     71.598     89.624        161.221           161.646 
  GEN[1].U_M..S_44_add_64_8      47     0.415    117.632    104.266        221.898           222.314 
  GEN[4].U_M..U_S4_add_91_9      47     0.410    111.024     97.036        208.060           208.470 
  GEN[4].U_M.._S14_add_91_9      48     0.400    121.240    105.142        226.382           226.781 
  GEN[6].U_M..S_44_add_64_8      44     0.399    113.256     94.258        207.514           207.913 
  GEN[1].U_M..d_91_9_groupi      42     0.399    118.535    112.079        230.614           231.013 
  GEN[5].U_M..S_44_add_64_8      43     0.398    115.160     93.569        208.729           209.127 
  GEN[2].U_M.._S14_add_91_9      42     0.397    120.890     97.427        218.317           218.715 
  GEN[0].U_M..S_44_add_64_8      44     0.393    112.810     92.607        205.417           205.810 
  GEN[7].U_M..U_S4_add_91_9      49     0.391    114.341     99.595        213.936           214.326 
  GEN[7].U_M.._S14_add_91_9      46     0.387    120.217    110.063        230.280           230.667 
  GEN[6].U_M.._S14_add_91_9      45     0.387    114.675    100.989        215.664           216.051 
  GEN[5].U_M.._S14_add_91_9      43     0.385    117.435     97.032        214.467           214.852 
  GEN[7].U_M..S_44_add_64_8      41     0.381    113.738     82.534        196.272           196.654 
  GEN[7].U_M.._S85_add_64_8      39     0.372    132.767     91.409        224.176           224.548 
  GEN[2].U_M..S_35_add_64_8      45     0.371    114.517    100.377        214.894           215.264 
  GEN[7].U_M..S_15_add_64_8      39     0.367    131.699     90.023        221.723           222.089 
  GEN[4].U_M..S_44_add_64_8      41     0.366    111.049     83.171        194.220           194.586 
  GEN[0].U_M.._S85_add_64_8      49     0.363    115.034    103.459        218.493           218.856 
  GEN[1].U_M.._S85_add_64_8      49     0.362    120.064    106.445        226.508           226.871 
  GEN[3].U_M..S_15_add_64_8      47     0.360    117.997    103.132        221.128           221.488 
  GEN[4].U_M.._S85_add_64_8      44     0.355    115.895     97.228        213.123           213.478 
  GEN[6].U_M.._S85_add_64_8      43     0.354    115.263    100.153        215.415           215.770 
  GEN[3].U_M..S_35_add_64_8      45     0.353    109.845     98.307        208.153           208.506 
  GEN[4].U_M..S_35_add_64_8      43     0.350    109.359     99.519        208.878           209.228 
  GEN[4].U_M..S_15_add_64_8      47     0.349    116.877    104.229        221.106           221.455 
  GEN[3].U_M.._S14_add_91_9      48     0.348    105.803    104.543        210.346           210.695 
  GEN[5].U_M..U_S4_add_91_9      49     0.344     97.661     89.898        187.560           187.904 
  GEN[2].U_M..S_15_add_64_8      46     0.343    114.564    100.680        215.244           215.588 
  GEN[6].U_M..S_35_add_64_8      43     0.343    110.564     90.782        201.345           201.688 
  GEN[3].U_M..S_44_add_64_8      42     0.338    100.629     81.141        181.771           182.109 
  GEN[7].U_M..S_35_add_64_8      48     0.338     98.786     95.062        193.848           194.186 
  GEN[2].U_M..S_44_add_64_8      44     0.337    100.815     83.764        184.579           184.916 
  GEN[1].U_M..d_91_9_groupi      39     0.335     79.293     88.520        167.812           168.148 
  GEN[1].U_M..S_15_add_64_8      47     0.333    109.234     97.556        206.791           207.124 
  GEN[2].U_M.._S85_add_64_8      45     0.333    111.951     98.354        210.305           210.638 
  GEN[5].U_M.._S85_add_64_8      49     0.331    108.927    100.242        209.169           209.500 
  GEN[3].U_M.._S85_add_64_8      41     0.328    110.818     89.144        199.963           200.290 
  GEN[6].U_M..S_15_add_64_8      45     0.324    110.320     99.012        209.332           209.656 
  GEN[6].U_M..U_S4_add_91_9      49     0.324     90.512     87.845        178.358           178.682 
  GEN[0].U_M..S_15_add_64_8      47     0.323    104.192     95.837        200.029           200.351 
  GEN[5].U_M..S_15_add_64_8      44     0.319    106.456     88.124        194.580           194.898 
  GEN[5].U_M..S_35_add_64_8      44     0.312     98.791     93.604        192.394           192.706 
  GEN[1].U_M..S_35_add_64_8      42     0.311     97.418     83.476        180.894           181.205 
  GEN[2].U_M..U_S4_add_91_9      50     0.308     86.499     85.320        171.819           172.127 
  GEN[0].U_M..S_35_add_64_8      42     0.307    101.964     88.891        190.855           191.162 

