============================================================
  Generated by:           Genus(TM) Synthesis Solution 17.10-p007_1
  Generated on:           Nov 22 2019  04:13:06 pm
  Module:                 FME_PIPE_4
  Technology libraries:   CORE65LPSVT 
                          CLOCK65LPSVT 
                          physical_cells 
  Operating conditions:   _nominal_ 
  Interconnect mode:      global
  Area mode:              physical library
============================================================

                                            Leakage   Internal  
       Gate         Instances     Area    Power (uW) Power (uW)     Library    
-------------------------------------------------------------------------------
HS65_LSS_XNOR2X12          45     304.200      0.600     88.122    CORE65LPSVT 
HS65_LSS_XNOR2X18          91     946.400      2.161    152.507    CORE65LPSVT 
HS65_LSS_XNOR2X24           8      99.840      0.244     17.760    CORE65LPSVT 
HS65_LSS_XNOR2X6          647    2691.520      4.451    461.227    CORE65LPSVT 
HS65_LSS_XOR2X6           252    1048.320      1.388    184.328    CORE65LPSVT 
HS65_LS_AND2ABX9            2       7.280      0.009      0.303    CORE65LPSVT 
HS65_LS_AND2X18           108     393.120      0.873    100.716    CORE65LPSVT 
HS65_LS_AND2X27           176    1006.720      2.544    272.993    CORE65LPSVT 
HS65_LS_AND2X35           219    1366.560      4.422    484.699    CORE65LPSVT 
HS65_LS_AND2X4            493    1281.800      1.178    189.777    CORE65LPSVT 
HS65_LS_AND2X9            140     436.800      0.613     97.845    CORE65LPSVT 
HS65_LS_AND3X9              4      14.560      0.012      0.091    CORE65LPSVT 
HS65_LS_AND4X13             2      12.480      0.017      0.114    CORE65LPSVT 
HS65_LS_AND4X6              1       5.200      0.001      0.000    CORE65LPSVT 
HS65_LS_AO112X9             1       4.160      0.005      0.166    CORE65LPSVT 
HS65_LS_AO12X18            47     195.520      0.515     47.227    CORE65LPSVT 
HS65_LS_AO12X35             6      46.800      0.126     13.367    CORE65LPSVT 
HS65_LS_AO12X9             64     232.960      0.328     33.480    CORE65LPSVT 
HS65_LS_AO212X4            20      93.600      0.090     10.249    CORE65LPSVT 
HS65_LS_AO311X9            17      79.560      0.082     15.235    CORE65LPSVT 
HS65_LS_AO32X18            11      62.920      0.129     27.222    CORE65LPSVT 
HS65_LS_AOI12X12          110     572.000      0.784    120.057    CORE65LPSVT 
HS65_LS_AOI12X17          109     736.840      1.790    125.840    CORE65LPSVT 
HS65_LS_AOI12X23          134    1184.560      2.402    200.468    CORE65LPSVT 
HS65_LS_AOI12X35           78    1014.000      2.111    244.544    CORE65LPSVT 
HS65_LS_AOI12X6           113     352.560      0.488     48.437    CORE65LPSVT 
HS65_LS_AOI12X9             6      31.200      0.029      3.661    CORE65LPSVT 
HS65_LS_AOI13X5            38     138.320      0.226     21.410    CORE65LPSVT 
HS65_LS_AOI211X4            1       3.640      0.004      0.000    CORE65LPSVT 
HS65_LS_AOI21X12           36     187.200      0.311     27.079    CORE65LPSVT 
HS65_LS_AOI21X17           16     108.160      0.221     16.750    CORE65LPSVT 
HS65_LS_AOI21X23           24     212.160      0.424     31.801    CORE65LPSVT 
HS65_LS_AOI21X35            7      91.000      0.182     12.459    CORE65LPSVT 
HS65_LS_AOI21X6             7      21.840      0.022      2.769    CORE65LPSVT 
HS65_LS_AOI21X9            22     114.400      0.108      8.613    CORE65LPSVT 
HS65_LS_AOI312X4           37     192.400      0.186     23.086    CORE65LPSVT 
HS65_LS_AOI31X5            59     214.760      0.257     25.908    CORE65LPSVT 
HS65_LS_AOI31X8             4      24.960      0.020      1.440    CORE65LPSVT 
HS65_LS_BFX106             68     813.280      3.878    396.392    CORE65LPSVT 
HS65_LS_BFX142              8     124.800      0.623     99.821    CORE65LPSVT 
HS65_LS_BFX18             139     433.680      1.122    123.903    CORE65LPSVT 
HS65_LS_BFX213              5     111.800      0.590     76.722    CORE65LPSVT 
HS65_LS_BFX27             114     414.960      1.442    213.295    CORE65LPSVT 
HS65_LS_BFX284              1      30.160      0.159     20.503    CORE65LPSVT 
HS65_LS_BFX31               2      10.400      0.031      2.802    CORE65LPSVT 
HS65_LS_BFX35              20     104.000      0.348     63.274    CORE65LPSVT 
HS65_LS_BFX44              10      57.200      0.223     33.161    CORE65LPSVT 
HS65_LS_BFX53              10      62.400      0.270     23.847    CORE65LPSVT 
HS65_LS_BFX71               8      66.560      0.296     31.139    CORE65LPSVT 
HS65_LS_BFX9                7      14.560      0.025      6.140    CORE65LPSVT 
HS65_LS_CB4I1X18           26     135.200      0.304     27.727    CORE65LPSVT 
HS65_LS_CB4I6X18           11      57.200      0.101     27.352    CORE65LPSVT 
HS65_LS_CB4I6X27           14     116.480      0.205     30.113    CORE65LPSVT 
HS65_LS_CB4I6X35           27     252.720      0.613     67.345    CORE65LPSVT 
HS65_LS_CB4I6X9             1       4.160      0.004      0.805    CORE65LPSVT 
HS65_LS_CBI4I1X11           1       6.240      0.011      0.804    CORE65LPSVT 
HS65_LS_CBI4I1X5           95     345.800      0.462     56.768    CORE65LPSVT 
HS65_LS_CBI4I6X5           18      65.520      0.062      7.757    CORE65LPSVT 
HS65_LS_CNBFX124            1      18.200      0.071      6.169    CORE65LPSVT 
HS65_LS_CNBFX82             3      37.440      0.138     15.096    CORE65LPSVT 
HS65_LS_CNIVX103            5      59.800      0.239     18.815    CORE65LPSVT 
HS65_LS_CNIVX14            11      28.600      0.042      3.056    CORE65LPSVT 
HS65_LS_CNIVX17             4      12.480      0.022      1.277    CORE65LPSVT 
HS65_LS_CNIVX21           128     399.360      0.785     52.676    CORE65LPSVT 
HS65_LS_CNIVX27           170     618.800      1.536     97.847    CORE65LPSVT 
HS65_LS_CNIVX31             1       4.680      0.010      0.682    CORE65LPSVT 
HS65_LS_CNIVX34            55     257.400      0.760     26.839    CORE65LPSVT 
HS65_LS_CNIVX41            24     124.800      0.385     17.746    CORE65LPSVT 
HS65_LS_CNIVX45             2      12.480      0.036      1.516    CORE65LPSVT 
HS65_LS_CNIVX48             2      12.480      0.033      1.982    CORE65LPSVT 
HS65_LS_CNIVX52             1       6.760      0.023      0.907    CORE65LPSVT 
HS65_LS_CNIVX55            38     256.880      0.882     49.151    CORE65LPSVT 
HS65_LS_CNIVX58             4      29.120      0.101      4.188    CORE65LPSVT 
HS65_LS_CNIVX7            297     463.320      0.508     53.296    CORE65LPSVT 
HS65_LS_CNIVX82             1       9.880      0.037      1.392    CORE65LPSVT 
HS65_LS_DFPHQX9           200    2080.000      1.962   2038.955    CORE65LPSVT 
HS65_LS_DFPQNX9            34     282.880      0.333    301.103    CORE65LPSVT 
HS65_LS_DFPQX9           2176   16972.800     20.329  20486.753    CORE65LPSVT 
HS65_LS_DFPRQX18          432    4717.440      5.632   4670.215    CORE65LPSVT 
HS65_LS_DFPRQX4           526    5470.400      4.615   5008.522    CORE65LPSVT 
HS65_LS_DFPRQX9          3034   31553.600     30.031  29466.599    CORE65LPSVT 
HS65_LS_FA1X18            143    2007.720      3.370    561.395    CORE65LPSVT 
HS65_LS_FA1X27            267    5692.440      9.630   1698.108    CORE65LPSVT 
HS65_LS_FA1X35             18     477.360      0.886     99.940    CORE65LPSVT 
HS65_LS_FA1X9              68     742.560      0.744    146.432    CORE65LPSVT 
HS65_LS_HA1X18            229    1667.120      4.739    525.407    CORE65LPSVT 
HS65_LS_HA1X27              9     107.640      0.298     22.800    CORE65LPSVT 
HS65_LS_HA1X35              1      13.520      0.044      2.411    CORE65LPSVT 
HS65_LS_HA1X4             133     691.600      0.685     98.467    CORE65LPSVT 
HS65_LS_HA1X9              70     436.800      0.676    115.653    CORE65LPSVT 
HS65_LS_IVX106              9      79.560      0.378     14.265    CORE65LPSVT 
HS65_LS_IVX13              11      22.880      0.047      3.216    CORE65LPSVT 
HS65_LS_IVX142              8      95.680      0.454     17.395    CORE65LPSVT 
HS65_LS_IVX18            1543    3209.440      8.299    495.911    CORE65LPSVT 
HS65_LS_IVX2                1       1.560      0.001      0.019    CORE65LPSVT 
HS65_LS_IVX213              5      85.800      0.427     18.276    CORE65LPSVT 
HS65_LS_IVX27             650    2028.000      6.004    370.072    CORE65LPSVT 
HS65_LS_IVX284              2      44.720      0.238      7.461    CORE65LPSVT 
HS65_LS_IVX31              76     276.640      0.833     41.995    CORE65LPSVT 
HS65_LS_IVX35             118     429.520      1.476     62.835    CORE65LPSVT 
HS65_LS_IVX40              52     216.320      0.747     34.727    CORE65LPSVT 
HS65_LS_IVX44              28     116.480      0.452     21.564    CORE65LPSVT 
HS65_LS_IVX49               1       5.200      0.018      0.661    CORE65LPSVT 
HS65_LS_IVX53              33     171.600      0.662     24.229    CORE65LPSVT 
HS65_LS_IVX62               6      34.320      0.142     11.202    CORE65LPSVT 
HS65_LS_IVX7               10      15.600      0.019      1.448    CORE65LPSVT 
HS65_LS_IVX71              33     205.920      0.905     42.594    CORE65LPSVT 
HS65_LS_IVX9             1281    1998.360      3.328    353.050    CORE65LPSVT 
HS65_LS_MUX21I1X18         12     124.800      0.259     21.560    CORE65LPSVT 
HS65_LS_MUX21I1X24         31     386.880      0.965     66.581    CORE65LPSVT 
HS65_LS_MUX21X18            2      12.480      0.032      3.232    CORE65LPSVT 
HS65_LS_MUX21X4          1400    5824.000      6.649   2052.000    CORE65LPSVT 
HS65_LS_MUXI21X2         1800    6552.000      4.628   1048.086    CORE65LPSVT 
HS65_LS_NAND2AX14          59     245.440      0.438     40.255    CORE65LPSVT 
HS65_LS_NAND2AX21         328    1876.160      4.531    377.069    CORE65LPSVT 
HS65_LS_NAND2AX29          69     466.440      1.765     92.486    CORE65LPSVT 
HS65_LS_NAND2AX7          578    1803.360      2.772    289.016    CORE65LPSVT 
HS65_LS_NAND2X11           57     207.480      0.282     24.300    CORE65LPSVT 
HS65_LS_NAND2X14          895    3257.800      5.292    566.673    CORE65LPSVT 
HS65_LS_NAND2X21          372    1934.400      4.015    313.939    CORE65LPSVT 
HS65_LS_NAND2X29          357    2227.680      5.633    359.916    CORE65LPSVT 
HS65_LS_NAND2X4             2       4.160      0.003      0.102    CORE65LPSVT 
HS65_LS_NAND2X43          131    1158.040      3.058    222.468    CORE65LPSVT 
HS65_LS_NAND2X5             2       4.160      0.004      0.097    CORE65LPSVT 
HS65_LS_NAND2X57          115    1375.400      4.260    278.708    CORE65LPSVT 
HS65_LS_NAND2X7          2825    5876.000      7.724   1195.145    CORE65LPSVT 
HS65_LS_NAND3AX13          39     223.080      0.622     41.416    CORE65LPSVT 
HS65_LS_NAND3AX19          36     280.800      0.464     49.987    CORE65LPSVT 
HS65_LS_NAND3AX6           24      87.360      0.157      7.063    CORE65LPSVT 
HS65_LS_NAND3X13           71     369.200      0.756     48.705    CORE65LPSVT 
HS65_LS_NAND3X19          167    1128.920      0.646     95.521    CORE65LPSVT 
HS65_LS_NAND3X25           37     327.080      0.098     19.984    CORE65LPSVT 
HS65_LS_NAND3X38           34     442.000      1.340     74.513    CORE65LPSVT 
HS65_LS_NAND3X5            13      33.800      0.031      5.358    CORE65LPSVT 
HS65_LS_NAND3X6            10      31.200      0.062      3.449    CORE65LPSVT 
HS65_LS_NAND3X9             8      41.600      0.079      3.812    CORE65LPSVT 
HS65_LS_NAND4ABX13          6      40.560      0.048      2.388    CORE65LPSVT 
HS65_LS_NAND4ABX3          20      72.800      0.019      0.439    CORE65LPSVT 
HS65_LS_NAND4ABX6           2       8.320      0.005      0.030    CORE65LPSVT 
HS65_LS_NAND4X18            9      60.840      0.092      0.603    CORE65LPSVT 
HS65_LS_NOR2AX13          222     923.520      1.492     93.234    CORE65LPSVT 
HS65_LS_NOR2AX19          216    1235.520      1.896     42.030    CORE65LPSVT 
HS65_LS_NOR2AX25           17     114.920      0.223     20.020    CORE65LPSVT 
HS65_LS_NOR2AX3           777    2020.200      1.967    232.464    CORE65LPSVT 
HS65_LS_NOR2AX6           129     402.480      0.577     55.269    CORE65LPSVT 
HS65_LS_NOR2X13           596    2169.440      4.012    295.219    CORE65LPSVT 
HS65_LS_NOR2X19           311    1617.200      3.079    260.071    CORE65LPSVT 
HS65_LS_NOR2X25           199    1241.760      2.611    233.817    CORE65LPSVT 
HS65_LS_NOR2X38           215    1900.600      4.639    443.034    CORE65LPSVT 
HS65_LS_NOR2X5              1       2.080      0.002      0.058    CORE65LPSVT 
HS65_LS_NOR2X6           1646    3423.680      5.647    807.513    CORE65LPSVT 
HS65_LS_NOR2X9             44     160.160      0.260     12.723    CORE65LPSVT 
HS65_LS_NOR3X13            34     229.840      0.518     35.508    CORE65LPSVT 
HS65_LS_NOR3X4              1       2.600      0.005      0.000    CORE65LPSVT 
HS65_LS_NOR4ABX2           17      61.880      0.011      0.774    CORE65LPSVT 
HS65_LS_NOR4ABX4            4      16.640      0.009      0.299    CORE65LPSVT 
HS65_LS_NOR4ABX9           11      68.640      0.102      3.709    CORE65LPSVT 
HS65_LS_NOR4X18             1       6.760      0.010      0.066    CORE65LPSVT 
HS65_LS_NOR4X4              1       5.200      0.007      0.091    CORE65LPSVT 
HS65_LS_NOR4X9              1       5.720      0.005      0.000    CORE65LPSVT 
HS65_LS_OA112X9            24      99.840      0.120     18.760    CORE65LPSVT 
HS65_LS_OA12X18           164     682.240      1.818    228.981    CORE65LPSVT 
HS65_LS_OA12X27            49     356.720      0.870    101.921    CORE65LPSVT 
HS65_LS_OA12X35            34     265.200      0.718    101.247    CORE65LPSVT 
HS65_LS_OA12X9             58     211.120      0.276     31.257    CORE65LPSVT 
HS65_LS_OA212X18           15      93.600      0.182     20.855    CORE65LPSVT 
HS65_LS_OA212X9            11      62.920      0.063     10.112    CORE65LPSVT 
HS65_LS_OA311X9             1       4.680      0.003      0.000    CORE65LPSVT 
HS65_LS_OAI112X11          80     499.200      0.295    172.326    CORE65LPSVT 
HS65_LS_OAI112X5          168     611.520      0.295    164.402    CORE65LPSVT 
HS65_LS_OAI112X8            2      12.480      0.011      1.337    CORE65LPSVT 
HS65_LS_OAI12X12          716    3723.200      6.570   1102.222    CORE65LPSVT 
HS65_LS_OAI12X18          647    4373.720      7.905   1571.210    CORE65LPSVT 
HS65_LS_OAI12X24           89     786.760      1.587    195.679    CORE65LPSVT 
HS65_LS_OAI12X3            60     156.000      0.108     25.982    CORE65LPSVT 
HS65_LS_OAI12X37            2      26.000      0.071      4.902    CORE65LPSVT 
HS65_LS_OAI12X5             9      28.080      0.029      2.043    CORE65LPSVT 
HS65_LS_OAI12X6           802    2502.240      3.165    667.433    CORE65LPSVT 
HS65_LS_OAI12X9             4      20.800      0.030      2.132    CORE65LPSVT 
HS65_LS_OAI13X10          268    1672.320      2.513    637.159    CORE65LPSVT 
HS65_LS_OAI13X15           14     123.760      0.196     47.066    CORE65LPSVT 
HS65_LS_OAI13X5             8      29.120      0.035      9.571    CORE65LPSVT 
HS65_LS_OAI211X11           3      18.720      0.023      2.129    CORE65LPSVT 
HS65_LS_OAI211X5           18      65.520      0.126      6.165    CORE65LPSVT 
HS65_LS_OAI211X8            5      31.200      0.029      2.574    CORE65LPSVT 
HS65_LS_OAI212X5         1860    7737.600      4.231   2188.583    CORE65LPSVT 
HS65_LS_OAI21X12           23     119.600      0.211     17.095    CORE65LPSVT 
HS65_LS_OAI21X18          123     831.480      1.878    146.885    CORE65LPSVT 
HS65_LS_OAI21X24           19     167.960      0.393     30.181    CORE65LPSVT 
HS65_LS_OAI21X3          1898    4934.800      4.573    909.928    CORE65LPSVT 
HS65_LS_OAI21X37           15     195.000      0.498     32.957    CORE65LPSVT 
HS65_LS_OAI21X49           25     429.000      1.146     69.779    CORE65LPSVT 
HS65_LS_OAI21X6             3       9.360      0.011      1.504    CORE65LPSVT 
HS65_LS_OAI21X9            33     171.600      0.238     18.170    CORE65LPSVT 
HS65_LS_OAI22X11            5      31.200      0.040      7.578    CORE65LPSVT 
HS65_LS_OAI22X6            29     105.560      0.100     23.482    CORE65LPSVT 
HS65_LS_OR2ABX27            1       5.720      0.013      1.230    CORE65LPSVT 
HS65_LS_OR2X18             73     265.720      0.737     68.081    CORE65LPSVT 
HS65_LS_OR2X27            109     623.480      1.585    151.470    CORE65LPSVT 
HS65_LS_OR2X35             59     368.160      1.196    106.259    CORE65LPSVT 
HS65_LS_OR2X9             536    1672.320      2.575    440.225    CORE65LPSVT 
HS65_LS_OR3ABCX18           1       5.200      0.008      2.004    CORE65LPSVT 
HS65_LS_OR3X9              18      65.520      0.039      4.375    CORE65LPSVT 
HS65_LS_OR4X14              1       7.280      0.007      0.000    CORE65LPSVT 
HS65_LS_PAO2X18            33     188.760      0.375     66.852    CORE65LPSVT 
HS65_LS_PAO2X27             1       9.880      0.018      3.100    CORE65LPSVT 
HS65_LS_PAO2X9             17      79.560      0.062     10.061    CORE65LPSVT 
HS65_LS_PAOI2X1            31     112.840      0.033      5.213    CORE65LPSVT 
HS65_LS_PAOI2X11            5      39.000      0.035      5.357    CORE65LPSVT 
HS65_LS_PAOI2X17            1      10.920      0.012      2.269    CORE65LPSVT 
HS65_LS_PAOI2X22            9     135.720      0.132     26.167    CORE65LPSVT 
HS65_LS_PAOI2X6            32     133.120      0.097     17.846    CORE65LPSVT 
HS65_LS_SDFPRQX9          200    2496.000      2.116   2715.746    CORE65LPSVT 
HS65_LS_XNOR2X18          130     878.800      2.856    292.865    CORE65LPSVT 
HS65_LS_XNOR2X27           45     468.000      1.435    155.922    CORE65LPSVT 
HS65_LS_XNOR2X35           21     240.240      0.914     69.753    CORE65LPSVT 
HS65_LS_XNOR2X9            24     124.800      0.236     28.353    CORE65LPSVT 
HS65_LS_XOR2X18           246    1662.960      5.401    505.176    CORE65LPSVT 
HS65_LS_XOR2X27            68     707.200      2.170    229.474    CORE65LPSVT 
HS65_LS_XOR2X35           303    3466.320     13.282   1216.002    CORE65LPSVT 
HS65_LS_XOR2X9             79     410.800      0.785    113.309    CORE65LPSVT 
-------------------------------------------------------------------------------
total                   38975  200522.920    314.410  96189.252                


                                             Leakage  Leakage  Internal  Internal 
     Type      Instances    Area    Area % Power (uW) Power % Power (uW)  Power % 
----------------------------------------------------------------------------------
sequential          6602  63573.120   31.7     65.018    20.7  64687.893     67.3 
inverter            4610  11334.440    5.7     29.831     9.5   1852.290      1.9 
buffer               396   2299.440    1.1      9.216     2.9   1112.262      1.2 
logic              27367 123315.920   61.5    210.345    66.9  28536.806     29.7 
physical_cells         0      0.000    0.0      0.000     0.0      0.000      0.0 
----------------------------------------------------------------------------------
total              38975 200522.920  100.0    314.410   100.0  96189.252    100.0 

