============================================================
  Generated by:           Genus(TM) Synthesis Solution 17.10-p007_1
  Generated on:           Nov 22 2019  04:13:06 pm
  Module:                 FME_PIPE_4
  Technology libraries:   CORE65LPSVT 
                          CLOCK65LPSVT 
                          physical_cells 
  Operating conditions:   _nominal_ 
  Interconnect mode:      global
  Area mode:              physical library
============================================================

                                     Leakage   Internal    Net        Dynamic          Total       
                                                                  (Internal+Net) (Leakage+Dynamic) 
           Instance           Cells Power(uW) Power(uW) Power(uW)    Power(uW)       Power(uW)     
---------------------------------------------------------------------------------------------------
FME_PIPE_4                    38975   314.410 96189.252 61571.981     157761.233        158075.643 
  U_inter                     19458   195.955 38088.067 23356.223      61444.291         61640.246 
    addinc_PUs..S22_add_18_16   111     1.583   129.755   149.777        279.533           281.116 
    addinc_PUs.._S2_add_18_16   111     1.581   123.595   142.927        266.521           268.103 
    addinc_PUs.._S2_add_18_16   111     1.580   130.645   151.460        282.104           283.685 
    addinc_PUs.._S2_add_18_16   111     1.579   133.649   157.340        290.989           292.568 
    addinc_PUs.._S2_add_18_16   111     1.577   120.122   139.971        260.093           261.670 
    addinc_PUs..S22_add_18_16   111     1.574   130.569   149.056        279.626           281.200 
    addinc_PUs..S22_add_18_16   111     1.573   130.396   153.163        283.560           285.133 
    addinc_PUs.._S2_add_18_16   111     1.573   133.909   154.936        288.846           290.418 
    addinc_PUs..S22_add_18_16   111     1.568   130.115   152.717        282.832           284.399 
    addinc_PUs..S22_add_18_16   111     1.567   129.515   150.842        280.357           281.924 
    addinc_PUs.._S2_add_18_16   111     1.566   135.441   159.663        295.104           296.670 
    csa_tree_P.._18_10_groupi   109     1.543   203.969   238.404        442.373           443.916 
    addinc_PUs..S22_add_18_16   109     1.540   125.260   145.310        270.570           272.110 
    addinc_PUs..S22_add_18_16   109     1.537   132.214   149.440        281.653           283.191 
    addinc_PUs..S22_add_18_16   109     1.536   120.924   135.705        256.630           258.166 
    addinc_PUs..S22_add_18_16   109     1.535   131.618   149.812        281.430           282.965 
    addinc_PUs..S22_add_18_16   109     1.533   135.617   154.316        289.933           291.466 
    addinc_PUs.._S2_add_18_16   109     1.533   123.990   141.377        265.367           266.901 
    addinc_PUs.._S2_add_18_16   109     1.533   128.097   143.406        271.502           273.035 
    addinc_PUs..S22_add_18_16   109     1.532   131.494   148.118        279.612           281.144 
    addinc_PUs.._S2_add_18_16   109     1.532   125.485   143.645        269.130           270.662 
    csa_tree_P.._18_10_groupi   106     1.532   198.574   224.091        422.666           424.198 
    addinc_PUs.._S2_add_18_16   109     1.532   131.143   149.656        280.799           282.330 
    addinc_PUs.._S2_add_18_16   109     1.532   130.028   148.758        278.786           280.318 
    addinc_PUs.._S2_add_18_16   109     1.531   122.289   138.707        260.996           262.527 
    addinc_PUs..S22_add_18_16   109     1.531   129.748   146.565        276.313           277.844 
    addinc_PUs.._S2_add_18_16   109     1.530   129.700   149.378        279.078           280.608 
    addinc_PUs..S22_add_18_16   109     1.529   127.949   145.164        273.114           274.643 
    addinc_PUs..S22_add_18_16   109     1.526   131.707   150.469        282.175           283.702 
    addinc_PUs..S22_add_18_16   109     1.525   133.527   150.712        284.239           285.765 
    addinc_PUs.._S2_add_18_16   109     1.524   128.694   146.276        274.970           276.495 
    addinc_PUs.._S2_add_18_16   109     1.524   135.373   152.962        288.335           289.859 
    addinc_PUs.._S2_add_18_16   109     1.524   122.322   140.190        262.512           264.036 
    addinc_PUs..S22_add_18_16   109     1.523   130.476   147.229        277.705           279.227 
    addinc_PUs.._S2_add_18_16   109     1.522   133.879   151.415        285.294           286.816 
    addinc_PUs..S22_add_18_16   109     1.519   125.318   145.131        270.450           271.969 
    csa_tree_P.._18_10_groupi   106     1.515   197.739   226.560        424.300           425.815 
    csa_tree_P.._18_10_groupi   106     1.509   211.345   239.560        450.905           452.414 
    csa_tree_P.._18_10_groupi   106     1.480   201.706   233.341        435.047           436.528 
    csa_tree_P.._18_10_groupi   107     1.478   191.726   220.739        412.465           413.943 
    csa_tree_P.._18_10_groupi   106     1.477   204.876   234.541        439.417           440.894 
    csa_tree_P.._18_10_groupi   106     1.467   199.331   229.404        428.735           430.203 
    csa_tree_P.._18_10_groupi   108     1.460   191.839   222.557        414.396           415.856 
    csa_tree_P.._18_10_groupi   106     1.423   197.570   228.417        425.987           427.410 
    csa_tree_P.._18_10_groupi   108     1.295   183.229   194.206        377.435           378.730 
    csa_tree_P.._18_10_groupi   106     1.152   172.076   189.769        361.845           362.997 
    csa_tree_P.._18_10_groupi   106     1.152   164.261   181.362        345.623           346.774 
    csa_tree_P.._18_10_groupi   106     1.152   166.850   183.856        350.706           351.858 
    csa_tree_P.._18_10_groupi   106     1.150   157.798   176.088        333.886           335.036 
    csa_tree_P.._18_10_groupi   106     1.150   162.968   179.122        342.091           343.240 
    csa_tree_P.._18_10_groupi   106     1.149   165.659   181.802        347.460           348.609 
    csa_tree_P.._18_10_groupi   106     1.148   163.735   181.643        345.379           346.527 
    csa_tree_P.._18_10_groupi   106     1.148   165.056   182.612        347.668           348.815 
    csa_tree_P.._18_10_groupi   106     1.147   167.307   186.725        354.032           355.179 
    csa_tree_P.._18_10_groupi   106     1.146   167.828   185.114        352.941           354.087 
    csa_tree_P.._18_10_groupi   106     1.146   165.212   181.298        346.510           347.656 
    csa_tree_P.._18_10_groupi   106     1.146   164.098   180.310        344.408           345.554 
    csa_tree_P.._18_10_groupi   106     1.146   166.874   181.945        348.819           349.965 
    csa_tree_P.._18_10_groupi   106     1.146   165.861   183.416        349.277           350.422 
    csa_tree_P.._18_10_groupi   106     1.145   174.798   193.005        367.803           368.948 
    csa_tree_P.._18_10_groupi   106     1.145   161.531   177.310        338.842           339.987 
    csa_tree_P.._18_10_groupi   106     1.145   161.216   178.431        339.646           340.791 
    csa_tree_P.._18_10_groupi   106     1.144   166.450   184.028        350.478           351.623 
    csa_tree_P.._18_10_groupi   106     1.144   160.308   177.170        337.478           338.622 
    csa_tree_P.._18_10_groupi   106     1.144   165.091   181.435        346.526           347.670 
    csa_tree_P.._18_10_groupi   106     1.143   165.679   181.286        346.966           348.109 
    csa_tree_P.._18_10_groupi   106     1.141   164.513   180.491        345.004           346.145 
    csa_tree_P.._18_10_groupi   106     1.141   161.038   177.733        338.771           339.912 
    PUs[1].U_F.._S0_add_18_10    67     0.955    72.370    90.560        162.930           163.885 
    PUs[9].U_F.._S0_add_18_10    67     0.952    73.817    93.263        167.081           168.033 
    PUs[4].U_F.._S0_add_18_10    67     0.950    74.626    93.003        167.629           168.578 
    PUs[12].U_.._S0_add_18_10    66     0.945    70.040    87.526        157.567           158.512 
    PUs[6].U_F.._S0_add_18_10    67     0.944    66.414    80.673        147.087           148.031 
    PUs[13].U_.._S0_add_18_10    66     0.940    70.671    88.748        159.419           160.360 
    PUs[11].U_.._S0_add_18_10    67     0.938    73.384    91.630        165.014           165.952 
    PUs[10].U_.._S0_add_18_10    66     0.936    76.119    96.023        172.141           173.077 
    PUs[2].U_F.._S0_add_18_10    66     0.935    65.790    82.082        147.872           148.807 
    PUs[3].U_F.._S0_add_18_10    67     0.934    64.881    84.239        149.120           150.053 
    PUs[8].U_F.._S0_add_18_10    67     0.934    71.758    90.263        162.021           162.955 
    PUs[7].U_F.._S0_add_18_10    67     0.932    64.239    81.397        145.636           146.568 
    PUs[14].U_.._S0_add_18_10    67     0.930    75.860    93.024        168.884           169.813 
    PUs[15].U_.._S0_add_18_10    66     0.926    69.190    88.634        157.824           158.750 
    PUs[5].U_F.._S0_add_18_10    66     0.923    73.027    88.180        161.207           162.130 
    PUs[0].U_F.._S0_add_18_10    66     0.919    61.820    69.891        131.711           132.630 
    PUs[0].U_F.._S0_add_18_10    67     0.919    66.505    84.587        151.092           152.011 
    PUs[16].U_.._S0_add_18_10    66     0.910    73.301    83.955        157.256           158.166 
    addinc_PUs.._S2_add_18_16    94     0.731    51.395    71.419        122.814           123.546 
    addinc_PUs.._S2_add_18_16    95     0.722    53.608    74.024        127.632           128.354 
    addinc_PUs.._S2_add_18_16    95     0.690    51.635    72.216        123.851           124.541 
    addinc_PUs.._S2_add_18_16    94     0.689    53.959    74.968        128.927           129.616 
    addinc_PUs.._S2_add_18_16    94     0.682    51.246    73.619        124.865           125.547 
    addinc_PUs.._S2_add_18_16    93     0.678    47.435    66.571        114.006           114.684 
    addinc_PUs.._S2_add_18_16    95     0.676    50.709    71.513        122.222           122.897 
    addinc_PUs.._S2_add_18_16    94     0.667    49.010    71.850        120.860           121.527 
    addinc_PUs.._S2_add_18_16    95     0.666    52.572    75.216        127.789           128.454 
    addinc_PUs.._S2_add_18_16    95     0.660    49.620    71.267        120.887           121.548 
    addinc_PUs.._S2_add_18_16    95     0.659    52.195    73.628        125.822           126.482 
    addinc_PUs.._S2_add_18_16    93     0.648    46.018    64.947        110.965           111.613 
    addinc_PUs.._S2_add_18_16    94     0.646    49.501    70.270        119.771           120.417 
    addinc_PUs.._S0_add_18_16    72     0.643    46.395    60.527        106.922           107.565 
    addinc_PUs.._S2_add_18_16    94     0.642    48.964    72.380        121.344           121.986 
    addinc_PUs.._S2_add_18_16    93     0.640    48.246    68.659        116.905           117.545 
    addinc_PUs.._S2_add_18_16    95     0.640    50.042    72.303        122.345           122.985 
    addinc_PUs.._S0_add_18_16    74     0.638    44.701    61.516        106.217           106.855 
    addinc_PUs.._S0_add_18_16    72     0.636    47.931    71.313        119.244           119.880 
    addinc_PUs.._S0_add_18_16    73     0.634    47.588    64.067        111.654           112.289 
    addinc_PUs.._S0_add_18_16    74     0.632    45.723    62.860        108.582           109.214 
    addinc_PUs.._S2_add_18_16    94     0.626    46.911    64.926        111.836           112.462 
    addinc_PUs.._S2_add_18_16    93     0.621    50.025    69.284        119.309           119.930 
    addinc_PUs.._S0_add_18_16    72     0.615    40.973    56.455         97.428            98.044 
    addinc_PUs.._S0_add_18_16    74     0.612    44.915    61.873        106.788           107.400 
    addinc_PUs.._S0_add_18_16    74     0.611    43.505    60.579        104.084           104.695 
    addinc_PUs.._S0_add_18_16    75     0.606    43.583    60.037        103.620           104.227 
    addinc_PUs.._S0_add_18_16    72     0.604    45.053    64.109        109.162           109.766 
    addinc_PUs.._S0_add_18_16    73     0.604    43.825    59.244        103.069           103.672 
    csa_tree_P.._18_10_groupi    91     0.603    80.570   104.436        185.006           185.609 
    csa_tree_P.._18_10_groupi    91     0.602    78.364   101.811        180.175           180.777 
    csa_tree_P.._18_10_groupi    91     0.602    77.372   102.724        180.096           180.698 
    csa_tree_P.._18_10_groupi    91     0.602    83.041   107.954        190.995           191.597 
    csa_tree_P.._18_10_groupi    91     0.602    79.927   104.003        183.930           184.532 
    addinc_PUs.._S0_add_18_16    71     0.601    40.693    56.603         97.296            97.897 
    addinc_PUs.._S0_add_18_16    70     0.601    43.135    63.041        106.176           106.777 
    csa_tree_P.._18_10_groupi    91     0.600    79.423   104.043        183.465           184.065 
    addinc_PUs.._S0_add_18_16    71     0.598    41.433    57.900         99.333            99.931 
    addinc_PUs.._S0_add_18_16    71     0.593    46.442    68.092        114.534           115.127 
    addinc_PUs.._S0_add_18_16    71     0.589    41.098    57.521         98.618            99.207 
    addinc_PUs.._S0_add_18_16    71     0.587    41.247    57.679         98.927            99.514 
    addinc_PUs.._S0_add_18_16    72     0.576    40.980    57.811         98.791            99.367 
    csa_tree_P.._18_10_groupi    93     0.574    77.704   103.428        181.132           181.706 
    csa_tree_P.._18_10_groupi    93     0.573    75.098    99.847        174.945           175.518 
    csa_tree_P.._18_10_groupi    93     0.573    79.670   104.481        184.151           184.724 
    csa_tree_P.._18_10_groupi    93     0.573    78.055   103.420        181.475           182.048 
    csa_tree_P.._18_10_groupi    93     0.573    77.706   102.677        180.383           180.956 
    csa_tree_P.._18_10_groupi    93     0.573    78.104   102.024        180.128           180.700 
    csa_tree_P.._18_10_groupi    93     0.573    81.118   107.508        188.626           189.198 
    csa_tree_P.._18_10_groupi    93     0.572    83.503   110.661        194.163           194.736 
    csa_tree_P.._18_10_groupi    93     0.572    83.294   110.439        193.734           194.306 
    csa_tree_P.._18_10_groupi    93     0.572    75.551    99.530        175.081           175.653 
    csa_tree_P.._18_10_groupi    93     0.572    75.131    98.831        173.963           174.535 
    addinc_PUs.._S0_add_18_16    71     0.572    46.296    68.289        114.586           115.158 
    addinc_PUs.._S0_add_18_16    72     0.566    38.841    52.488         91.328            91.894 
    PUs[8].U_F.._S1_add_18_10    56     0.430    33.423    47.937         81.360            81.790 
    PUs[14].U_F4_U_S11           36     0.424    37.495    26.421         63.916            64.341 
      add_41_16                  36     0.424    37.495    26.421         63.916            64.341 
    PUs[13].U_.._S1_add_18_10    53     0.422    33.898    48.215         82.113            82.534 
    PUs[12].U_.._S1_add_18_10    53     0.420    34.479    51.064         85.543            85.963 
    PUs[1].U_F.._S1_add_18_10    55     0.419    35.155    49.339         84.495            84.914 
    PUs[5].U_F.._S1_add_18_10    53     0.419    34.303    47.657         81.960            82.379 
    PUs[4].U_F.._S1_add_18_10    54     0.418    32.153    45.914         78.067            78.485 
    PUs[6].U_F.._S1_add_18_10    54     0.418    30.869    44.253         75.121            75.539 
    PUs[11].U_.._S1_add_18_10    53     0.416    31.623    46.667         78.291            78.707 
    PUs[2].U_F.._S1_add_18_10    53     0.414    29.927    45.260         75.188            75.601 
    PUs[0].U_F.._S1_add_18_10    54     0.413    35.660    49.825         85.485            85.897 
    PUs[14].U_.._S1_add_18_10    56     0.405    33.931    48.041         81.972            82.377 
    PUs[9].U_F.._S1_add_18_10    54     0.404    32.863    46.911         79.774            80.179 
    PUs[15].U_.._S1_add_18_10    55     0.404    33.387    48.255         81.641            82.046 
    PUs[10].U_.._S1_add_18_10    53     0.404    37.437    53.344         90.781            91.185 
    PUs[4].U_F4_U_S11            36     0.402    34.983    24.624         59.607            60.009 
      add_41_16                  36     0.402    34.983    24.624         59.607            60.009 
    PUs[15].U_F4_U_S11           36     0.401    39.749    27.749         67.499            67.900 
      add_41_16                  36     0.401    39.749    27.749         67.499            67.900 
    PUs[1].U_F4_U_S11            36     0.401    35.948    25.612         61.560            61.961 
      add_41_16                  36     0.401    35.948    25.612         61.560            61.961 
    PUs[3].U_F4_U_S11            36     0.400    37.237    26.878         64.115            64.515 
      add_41_16                  36     0.400    37.237    26.878         64.115            64.515 
    PUs[8].U_F4_U_S11            36     0.400    37.128    27.474         64.602            65.002 
      add_41_16                  36     0.400    37.128    27.474         64.602            65.002 
    PUs[0].U_F4_U_S11            36     0.397    36.964    26.873         63.836            64.233 
      add_41_16                  36     0.397    36.964    26.873         63.836            64.233 
    PUs[11].U_F4_U_S11           36     0.396    37.354    26.136         63.490            63.886 
      add_41_16                  36     0.396    37.354    26.136         63.490            63.886 
    PUs[16].U_F4_U_S11           36     0.394    36.982    27.774         64.756            65.150 
      add_41_16                  36     0.394    36.982    27.774         64.756            65.150 
    PUs[13].U_F4_U_S11           36     0.394    35.301    25.273         60.574            60.968 
      add_41_16                  36     0.394    35.301    25.273         60.574            60.968 
    PUs[7].U_F.._S1_add_18_10    54     0.394    33.032    49.747         82.779            83.172 
    PUs[3].U_F.._S1_add_18_10    53     0.390    29.834    44.476         74.310            74.700 
    PUs[10].U_F4_U_S11           36     0.389    36.312    27.184         63.496            63.885 
      add_41_16                  36     0.389    36.312    27.184         63.496            63.885 
    PUs[0].U_F.._S1_add_18_10    53     0.389    30.913    41.892         72.806            73.194 
    PUs[9].U_F4_U_S11            36     0.388    37.579    27.085         64.664            65.052 
      add_41_16                  36     0.388    37.579    27.085         64.664            65.052 
    PUs[12].U_F4_U_S11           36     0.388    41.224    29.828         71.053            71.441 
      add_41_16                  36     0.388    41.224    29.828         71.053            71.441 
    PUs[6].U_F4_U_S11            36     0.386    34.778    25.430         60.208            60.594 
      add_41_16                  36     0.386    34.778    25.430         60.208            60.594 
    PUs[2].U_F4_U_S11            36     0.384    34.619    24.678         59.297            59.681 
      add_41_16                  36     0.384    34.619    24.678         59.297            59.681 
    PUs[5].U_F4_U_S11            36     0.383    36.357    24.976         61.332            61.715 
      add_41_16                  36     0.383    36.357    24.976         61.332            61.715 
    PUs[7].U_F4_U_S11            36     0.379    35.157    25.107         60.264            60.644 
      add_41_16                  36     0.379    35.157    25.107         60.264            60.644 
    PUs[16].U_.._S1_add_18_10    53     0.379    32.632    45.877         78.509            78.888 
    PUs[4].U_F..S10_add_41_16    75     0.337    36.749    50.268         87.017            87.354 
    PUs[8].U_F..S10_add_41_16    74     0.334    36.960    50.743         87.703            88.036 
    PUs[15].U_..S10_add_41_16    74     0.333    36.322    48.414         84.736            85.069 
    PUs[13].U_..S10_add_41_16    75     0.333    36.559    50.590         87.150            87.483 
    PUs[1].U_F..S10_add_41_16    74     0.331    36.042    48.998         85.040            85.371 
    PUs[5].U_F..S10_add_41_16    74     0.331    36.529    50.995         87.524            87.855 
    PUs[2].U_F..S10_add_41_16    74     0.329    35.552    49.544         85.096            85.425 
    PUs[6].U_F..S10_add_41_16    74     0.329    36.666    51.287         87.954            88.283 
    PUs[11].U_..S10_add_41_16    74     0.329    36.892    51.602         88.494            88.823 
    PUs[14].U_..S10_add_41_16    74     0.329    35.459    49.730         85.189            85.518 
    PUs[12].U_..S10_add_41_16    74     0.329    36.387    50.625         87.011            87.340 
    PUs[7].U_F..S10_add_41_16    74     0.328    33.526    47.641         81.167            81.495 
    PUs[3].U_F..S10_add_41_16    74     0.327    34.265    46.930         81.196            81.523 
    PUs[9].U_F..S10_add_41_16    74     0.326    34.955    48.241         83.196            83.522 
    PUs[0].U_F..S10_add_41_16    74     0.325    34.672    49.503         84.175            84.500 
    PUs[16].U_..S10_add_41_16    74     0.322    35.835    49.196         85.030            85.353 
    PUs[10].U_..S10_add_41_16    74     0.322    34.790    48.334         83.124            83.445 
    PUs[0].U_F.._S0_add_41_16    10     0.161    10.957     3.822         14.779            14.940 
    PUs[2].U_F4_U_p13            16     0.147   141.032    20.369        161.401           161.547 
    PUs[3].U_F4_U_p3             16     0.147   141.031    20.134        161.166           161.312 
    PUs[6].U_F4_U_p13            16     0.147   143.653    21.317        164.970           165.117 
    PUs[7].U_F4_U_p3             16     0.147   143.653    21.094        164.747           164.894 
    PUs[12].U_F4_U_p13           16     0.147   142.853    20.308        163.161           163.307 
    PUs[13].U_F4_U_p3            16     0.147   142.853    20.107        162.960           163.107 
    PUs[4].U_F4_U_p13            16     0.146   141.427    20.550        161.977           162.123 
    PUs[5].U_F4_U_p3             16     0.146   141.425    19.656        161.081           161.228 
    PUs[3].U_F4_U_p13            16     0.146   142.529    21.741        164.270           164.416 
    PUs[4].U_F4_U_p3             16     0.146   142.528    21.167        163.694           163.841 
    PUs[5].U_F4_U_p13            16     0.146   143.300    21.038        164.337           164.484 
    PUs[6].U_F4_U_p3             16     0.146   143.299    20.854        164.154           164.300 
    PUs[10].U_F4_U_p13           16     0.146   142.949    20.807        163.755           163.902 
    PUs[11].U_F4_U_p3            16     0.146   142.948    20.679        163.627           163.774 
    PUs[0].U_F4_U_p3             16     0.146   143.746    22.632        166.378           166.525 
    PUs[14].U_F4_U_p13           16     0.146   142.807    20.877        163.684           163.831 
    PUs[15].U_F4_U_p3            16     0.146   142.807    20.739        163.546           163.692 
    PUs[0].U_F4_U_p13            16     0.146   143.093    22.389        165.482           165.628 
    PUs[1].U_F4_U_p3             16     0.146   143.093    22.175        165.268           165.414 
    PUs[11].U_F4_U_p13           16     0.146   141.652    19.756        161.408           161.554 
    PUs[12].U_F4_U_p3            16     0.146   141.651    19.600        161.251           161.397 
    PUs[1].U_F4_U_p13            16     0.146   142.527    22.002        164.529           164.676 
    PUs[2].U_F4_U_p3             16     0.146   142.527    22.157        164.685           164.831 
    PUs[15].U_F4_U_p13           16     0.146   143.262    20.791        164.053           164.199 
    PUs[16].U_F4_U_p3            16     0.146   143.262    20.625        163.887           164.033 
    PUs[16].U_F4_U_p13           16     0.146   144.818    22.815        167.633           167.779 
    PUs[13].U_F4_U_p13           16     0.146   142.007    20.424        162.430           162.577 
    PUs[14].U_F4_U_p3            16     0.146   142.007    20.270        162.276           162.423 
    PUs[9].U_F4_U_p13            16     0.146   140.918    18.960        159.878           160.025 
    PUs[10].U_F4_U_p3            16     0.146   140.918    18.840        159.758           159.905 
    PUs[7].U_F4_U_p13            16     0.146   142.180    20.232        162.413           162.559 
    PUs[8].U_F4_U_p3             16     0.146   142.180    20.061        162.241           162.387 
    PUs[8].U_F4_U_p13            16     0.146   142.538    20.688        163.226           163.372 
    PUs[9].U_F4_U_p3             16     0.146   142.538    20.514        163.052           163.198 
    PUs[16].U_..S20_add_41_16    10     0.132     9.734     4.665         14.399            14.532 
    PUs[0].U_F4_U_p10            14     0.131   130.401    15.048        145.449           145.580 
    PUs[3].U_F4_U_p1             14     0.131   130.401    15.048        145.449           145.580 
    PUs[10].U_F4_U_p10           14     0.131   130.139    14.678        144.817           144.948 
    PUs[13].U_F4_U_p1            14     0.131   130.139    14.678        144.817           144.948 
    PUs[5].U_F4_U_p10            14     0.131   131.078    15.221        146.299           146.430 
    PUs[8].U_F4_U_p1             14     0.131   131.078    15.221        146.299           146.430 
    PUs[1].U_F4_U_p10            14     0.131   128.837    14.037        142.874           143.005 
    PUs[4].U_F4_U_p1             14     0.131   128.837    14.037        142.874           143.005 
    PUs[16].U_F4_U_p10           14     0.131   130.525    14.873        145.398           145.529 
    PUs[4].U_F4_U_p10            14     0.131   129.797    14.532        144.329           144.460 
    PUs[7].U_F4_U_p1             14     0.131   129.797    14.448        144.245           144.376 
    PUs[7].U_F4_U_p10            14     0.131   130.786    15.510        146.296           146.428 
    PUs[10].U_F4_U_p1            14     0.131   130.786    15.510        146.296           146.428 
    PUs[15].U_F4_U_p10           14     0.131   131.893    15.939        147.832           147.963 
    PUs[0].U_F4_U_p1             14     0.131   128.052    13.179        141.231           141.362 
    PUs[2].U_F4_U_p10            14     0.131   131.004    15.054        146.058           146.190 
    PUs[5].U_F4_U_p1             14     0.131   131.004    15.054        146.058           146.190 
    PUs[9].U_F4_U_p10            14     0.131   130.660    14.959        145.619           145.750 
    PUs[12].U_F4_U_p1            14     0.131   130.660    14.959        145.619           145.750 
    PUs[2].U_F4_U_p1             14     0.131   131.399    15.590        146.989           147.121 
    PUs[14].U_F4_U_p10           14     0.131   131.289    15.772        147.061           147.192 
    PUs[11].U_F4_U_p10           14     0.131   130.469    15.492        145.961           146.092 
    PUs[14].U_F4_U_p1            14     0.131   130.469    15.492        145.961           146.092 
    PUs[13].U_F4_U_p10           14     0.131   131.878    16.333        148.211           148.342 
    PUs[16].U_F4_U_p1            14     0.131   131.878    16.333        148.211           148.342 
    PUs[1].U_F4_U_p1             14     0.131   130.765    15.304        146.069           146.200 
    PUs[12].U_F4_U_p10           14     0.131   129.523    14.397        143.920           144.051 
    PUs[15].U_F4_U_p1            14     0.131   129.523    14.397        143.920           144.051 
    PUs[6].U_F4_U_p10            14     0.131   129.127    13.920        143.047           143.178 
    PUs[9].U_F4_U_p1             14     0.131   129.127    13.920        143.047           143.178 
    PUs[3].U_F4_U_p10            14     0.131   128.970    14.559        143.529           143.660 
    PUs[6].U_F4_U_p1             14     0.131   128.970    14.493        143.463           143.594 
    PUs[8].U_F4_U_p10            14     0.131   129.914    14.938        144.852           144.983 
    PUs[11].U_F4_U_p1            14     0.131   129.914    14.938        144.852           144.983 
    PUs[12].U_F4_U_p4            14     0.131   131.256    16.263        147.519           147.650 
    PUs[13].U_F4_U_p12           14     0.131   131.256    16.160        147.416           147.547 
    PUs[5].U_F4_U_p4             14     0.131   131.842    17.174        149.017           149.147 
    PUs[6].U_F4_U_p12            14     0.131   131.842    16.694        148.535           148.666 
    PUs[10].U_F4_U_p4            14     0.131   132.746    17.375        150.121           150.252 
    PUs[11].U_F4_U_p12           14     0.131   132.746    17.351        150.097           150.228 
    PUs[4].U_F4_U_p4             14     0.131   129.818    16.134        145.952           146.083 
    PUs[5].U_F4_U_p12            14     0.131   129.817    15.312        145.130           145.260 
    PUs[11].U_F4_U_p4            14     0.131   130.919    16.471        147.390           147.520 
    PUs[12].U_F4_U_p12           14     0.131   130.919    16.380        147.299           147.430 
    PUs[16].U_F4_U_p4            14     0.131   133.766    18.086        151.852           151.983 
    PUs[6].U_F4_U_p4             14     0.131   130.577    15.993        146.569           146.700 
    PUs[7].U_F4_U_p12            14     0.131   130.577    15.926        146.502           146.633 
    PUs[1].U_F4_U_p4             14     0.131   132.228    18.348        150.576           150.707 
    PUs[2].U_F4_U_p12            14     0.131   132.228    18.416        150.644           150.774 
    PUs[0].U_F4_U_p12            14     0.131   132.714    18.542        151.255           151.386 
    PUs[3].U_F4_U_p4             14     0.131   132.352    18.554        150.906           151.037 
    PUs[4].U_F4_U_p12            14     0.131   132.353    18.875        151.228           151.359 
    PUs[13].U_F4_U_p4            14     0.131   130.869    16.100        146.969           147.099 
    PUs[14].U_F4_U_p12           14     0.131   130.868    16.032        146.901           147.031 
    PUs[2].U_F4_U_p4             14     0.131   129.610    16.608        146.218           146.349 
    PUs[3].U_F4_U_p12            14     0.131   129.610    16.636        146.246           146.377 
    PUs[8].U_F4_U_p4             14     0.131   131.424    16.967        148.391           148.522 
    PUs[9].U_F4_U_p12            14     0.131   131.424    16.934        148.357           148.488 
    PUs[0].U_F4_U_p4             14     0.131   130.904    17.506        148.410           148.540 
    PUs[1].U_F4_U_p12            14     0.131   130.904    17.402        148.306           148.437 
    PUs[14].U_F4_U_p4            14     0.131   131.239    16.590        147.829           147.960 
    PUs[15].U_F4_U_p12           14     0.131   131.239    16.545        147.784           147.915 
    PUs[15].U_F4_U_p4            14     0.131   131.479    16.583        148.062           148.192 
    PUs[16].U_F4_U_p12           14     0.131   131.479    16.543        148.022           148.152 
    PUs[9].U_F4_U_p4             14     0.131   131.135    16.545        147.680           147.810 
    PUs[10].U_F4_U_p12           14     0.131   131.135    16.486        147.620           147.751 
    PUs[7].U_F4_U_p4             14     0.131   130.827    16.383        147.210           147.340 
    PUs[8].U_F4_U_p12            14     0.131   130.826    16.267        147.093           147.224 
    PUs[14].U_F4_U_p5            13     0.122   127.743    11.839        139.582           139.704 
    PUs[9].U_F4_U_p5             13     0.121   127.909    11.812        139.721           139.842 
    PUs[16].U_F4_U_p5            13     0.121   128.516    12.300        140.816           140.937 
    PUs[10].U_F4_U_p5            13     0.121   127.698    11.915        139.613           139.735 
    PUs[7].U_F4_U_p5             13     0.121   127.047    12.137        139.184           139.306 
    PUs[15].U_F4_U_p5            13     0.121   127.720    12.157        139.876           139.998 
    PUs[13].U_F4_U_p5            13     0.121   127.054    11.823        138.877           138.999 
    PUs[8].U_F4_U_p5             13     0.121   127.436    12.029        139.465           139.586 
    PUs[3].U_F4_U_p5             13     0.121   126.053    10.884        136.937           137.058 
    PUs[11].U_F4_U_p5            13     0.121   127.164    11.760        138.924           139.045 
    PUs[0].U_F4_U_p5             13     0.121   127.203    11.597        138.800           138.922 
    PUs[12].U_F4_U_p5            13     0.121   125.960    11.126        137.086           137.207 
    PUs[4].U_F4_U_p5             13     0.121   127.295    11.541        138.836           138.957 
    PUs[6].U_F4_U_p5             13     0.121   128.872    12.729        141.601           141.722 
    PUs[5].U_F4_U_p5             13     0.121   128.461    12.006        140.467           140.588 
    PUs[2].U_F4_U_p5             13     0.121   125.741    10.769        136.509           136.631 
    PUs[1].U_F4_U_p5             13     0.121   126.272    11.037        137.309           137.430 
    PUs[1].U_F..S20_add_41_16    10     0.121     8.191     5.088         13.279            13.399 
    PUs[2].U_F..S20_add_41_16    10     0.121    10.011     6.520         16.531            16.652 
    PUs[14].U_..S20_add_41_16    10     0.119     8.335     3.708         12.043            12.163 
    PUs[7].U_F..S20_add_41_16    10     0.117     8.362     5.361         13.723            13.841 
    PUs[3].U_F..S20_add_41_16    10     0.117     8.673     5.934         14.607            14.724 
    PUs[10].U_..S20_add_41_16    10     0.117     8.693     5.730         14.422            14.539 
    PUs[6].U_F..S20_add_41_16    10     0.117     7.603     4.888         12.491            12.608 
    PUs[0].U_F..S20_add_41_16    10     0.117     7.241     4.595         11.836            11.953 
    PUs[4].U_F..S20_add_41_16    10     0.116     8.051     5.417         13.468            13.585 
    PUs[13].U_..S20_add_41_16    10     0.116     8.901     5.662         14.563            14.679 
    PUs[8].U_F..S20_add_41_16    10     0.116     7.954     5.384         13.338            13.454 
    PUs[11].U_..S20_add_41_16    10     0.116     7.953     5.137         13.090            13.206 
    PUs[15].U_..S20_add_41_16    10     0.116     8.597     3.781         12.379            12.494 
    PUs[1].U_F.._S0_add_41_16    10     0.116     7.451     3.306         10.758            10.874 
    PUs[9].U_F..S20_add_41_16    10     0.115     8.556     5.442         13.999            14.114 
    PUs[5].U_F..S20_add_41_16    10     0.115     8.063     5.140         13.203            13.318 
    PUs[12].U_..S20_add_41_16    10     0.114     8.124     5.212         13.336            13.450 
    PUs[2].U_F.._S0_add_41_16    10     0.114     8.553     3.687         12.240            12.354 
    PUs[13].U_F4_U_p6            11     0.103   105.559     5.859        111.417           111.520 
    PUs[10].U_F4_U_p6            11     0.103   105.573     5.915        111.488           111.590 
    PUs[16].U_F4_U_p6            11     0.103   106.056     6.064        112.120           112.223 
    PUs[12].U_F4_U_p6            11     0.103   104.919     5.578        110.496           110.599 
    PUs[6].U_F4_U_p6             11     0.103   104.475     5.559        110.034           110.136 
    PUs[7].U_F4_U_p6             11     0.103   105.423     5.877        111.300           111.403 
    PUs[9].U_F4_U_p6             11     0.103   104.898     5.634        110.532           110.635 
    PUs[2].U_F4_U_p6             11     0.103   104.556     5.698        110.254           110.357 
    PUs[5].U_F4_U_p6             11     0.103   106.143     6.120        112.263           112.366 
    PUs[4].U_F4_U_p6             11     0.103   105.157     5.845        111.001           111.104 
    PUs[14].U_F4_U_p6            11     0.103   105.924     6.046        111.970           112.073 
    PUs[1].U_F4_U_p6             11     0.103   106.058     6.149        112.207           112.310 
    PUs[11].U_F4_U_p6            11     0.103   104.507     5.615        110.123           110.225 
    PUs[0].U_F4_U_p6             11     0.103   104.647     5.658        110.305           110.408 
    PUs[3].U_F4_U_p6             11     0.103   104.792     5.736        110.528           110.630 
    PUs[8].U_F4_U_p6             11     0.103   105.412     5.971        111.383           111.485 
    PUs[15].U_F4_U_p6            11     0.103   106.232     6.121        112.353           112.455 
    PUs[9].U_F4_U_p2             10     0.093    92.250     6.924         99.174            99.268 
    PUs[11].U_F4_U_p2            10     0.093    91.281     6.632         97.913            98.006 
    PUs[12].U_F4_U_p11           10     0.093    92.250     6.924         99.174            99.268 
    PUs[14].U_F4_U_p11           10     0.093    91.281     6.632         97.913            98.006 
    PUs[1].U_F4_U_p11            10     0.093    91.912     6.877         98.790            98.883 
    PUs[10].U_F4_U_p2            10     0.093    91.258     6.584         97.841            97.935 
    PUs[13].U_F4_U_p11           10     0.093    91.258     6.584         97.841            97.935 
    PUs[5].U_F4_U_p2             10     0.093    91.671     6.621         98.292            98.386 
    PUs[8].U_F4_U_p11            10     0.093    91.672     6.912         98.584            98.677 
    PUs[3].U_F4_U_p2             10     0.093    90.065     5.677         95.742            95.835 
    PUs[6].U_F4_U_p11            10     0.093    90.065     5.892         95.957            96.050 
    PUs[0].U_F4_U_p2             10     0.093    90.933     6.471         97.405            97.498 
    PUs[3].U_F4_U_p11            10     0.093    90.933     6.187         97.119            97.213 
    PUs[2].U_F4_U_p11            10     0.093    91.242     6.460         97.701            97.795 
    PUs[16].U_F4_U_p2            10     0.093    92.316     7.260         99.576            99.670 
    PUs[13].U_F4_U_p2            10     0.093    92.008     7.017         99.025            99.119 
    PUs[16].U_F4_U_p11           10     0.093    92.008     7.017         99.025            99.119 
    PUs[4].U_F4_U_p2             10     0.093    91.366     6.501         97.868            97.961 
    PUs[7].U_F4_U_p11            10     0.093    91.367     6.806         98.172            98.266 
    PUs[12].U_F4_U_p2            10     0.093    90.331     6.164         96.494            96.588 
    PUs[15].U_F4_U_p11           10     0.093    90.331     6.164         96.494            96.588 
    PUs[15].U_F4_U_p2            10     0.093    91.976     7.061         99.036            99.129 
    PUs[7].U_F4_U_p2             10     0.093    91.365     6.816         98.181            98.274 
    PUs[10].U_F4_U_p11           10     0.093    91.365     6.816         98.181            98.274 
    PUs[0].U_F4_U_p11            10     0.093    90.424     6.072         96.495            96.589 
    PUs[6].U_F4_U_p2             10     0.093    90.897     6.609         97.506            97.599 
    PUs[9].U_F4_U_p11            10     0.093    90.897     6.609         97.506            97.599 
    PUs[8].U_F4_U_p2             10     0.093    91.584     6.820         98.403            98.497 
    PUs[11].U_F4_U_p11           10     0.093    91.584     6.820         98.403            98.497 
    PUs[2].U_F4_U_p2             10     0.093    91.587     6.603         98.190            98.283 
    PUs[5].U_F4_U_p11            10     0.093    91.587     6.925         98.513            98.606 
    PUs[14].U_F4_U_p2            10     0.093    91.798     7.060         98.858            98.951 
    PUs[1].U_F4_U_p2             10     0.093    90.468     6.323         96.791            96.884 
    PUs[4].U_F4_U_p11            10     0.093    90.468     6.323         96.791            96.884 
  U_buffer                    17324    93.354 50974.564 23725.219      74699.783         74793.137 
  U_crtl                         93     0.492   217.223    45.652        262.875           263.367 
    inc_add_859_29                9     0.041     1.164     0.940          2.104             2.145 
    inc_add_829_29                8     0.036     1.176     0.923          2.099             2.135 
    inc_add_844_29                8     0.036     0.682     0.540          1.222             1.258 
    lt_757_18                     2     0.009     0.166     0.098          0.264             0.273 
    lt_764_18                     2     0.008     0.091     0.061          0.152             0.160 
    lt_771_18                     2     0.008     0.000     0.000          0.000             0.008 
  clipping[8].U_clip             15     0.134    15.929    15.551         31.480            31.614 
    gte_627_34                    6     0.074    10.146     7.723         17.869            17.943 
  clipping[9].U_clip             15     0.132    14.447    13.685         28.132            28.264 
    gte_627_34                    6     0.073     8.870     6.729         15.599            15.672 
  clipping[11].U_clip            15     0.130    13.883    12.719         26.602            26.732 
    gte_627_34                    6     0.071     8.810     6.709         15.519            15.590 
  clipping[15].U_clip            15     0.130    12.947    11.822         24.769            24.898 
    gte_627_34                    6     0.073     8.843     6.716         15.558            15.631 
  clipping[12].U_clip            15     0.129    13.561    12.620         26.181            26.310 
    gte_627_34                    6     0.071     8.715     6.494         15.210            15.281 
  clipping[5].U_clip             15     0.128    13.944    13.416         27.359            27.488 
    gte_627_34                    6     0.070     8.871     6.723         15.594            15.664 
  clipping[6].U_clip             15     0.127    12.734    12.201         24.935            25.063 
    gte_627_34                    6     0.069     7.881     5.917         13.798            13.867 
  clipping[2].U_clip             15     0.127    13.839    13.161         27.000            27.127 
    gte_627_34                    6     0.070     9.350     7.028         16.379            16.449 
  clipping[14].U_clip            15     0.127    11.049    10.348         21.397            21.524 
    gte_627_34                    6     0.070     7.166     5.366         12.532            12.602 
  clipping[3].U_clip             15     0.127    13.016    12.170         25.185            25.312 
    gte_627_34                    6     0.068     7.841     5.781         13.622            13.690 
  clipping[0].U_clip             15     0.122    10.760     9.505         20.265            20.387 
    gte_627_34                    6     0.066     7.241     5.330         12.571            12.637 
  clipping[2..ip_gte_627_34       6     0.071     8.642     6.188         14.830            14.901 
  clipping[3..ip_gte_627_34       6     0.071     9.521     6.877         16.398            16.469 
  clipping[5..ip_gte_627_34       6     0.070     9.278     6.647         15.925            15.995 
  clipping[2..ip_gte_627_34       6     0.070     8.954     6.340         15.294            15.364 
  clipping[2..ip_gte_627_34       6     0.070     9.346     6.766         16.112            16.182 
  clipping[4..ip_gte_627_34       6     0.070     9.088     6.507         15.595            15.665 
  clipping[3..ip_gte_627_34       6     0.070     8.571     6.064         14.635            14.704 
  clipping[2..ip_gte_627_34       6     0.069     8.607     6.125         14.732            14.801 
  clipping[2..ip_gte_627_34       6     0.069     8.712     6.210         14.921            14.990 
  clipping[2..ip_gte_627_34       6     0.069     7.280     5.212         12.492            12.561 
  clipping[3..ip_gte_627_34       6     0.068     8.518     6.044         14.562            14.630 
  clipping[1..ip_gte_627_34       6     0.068     7.525     5.341         12.867            12.935 
  clipping[1..ip_gte_627_34       6     0.068     8.269     5.817         14.086            14.154 
  clipping[3..ip_gte_627_34       6     0.068     8.805     6.239         15.044            15.112 
  clipping[4..ip_gte_627_34       6     0.067     9.069     6.499         15.567            15.635 
  clipping[4..ip_gte_627_34       6     0.067     8.204     5.832         14.035            14.103 
  clipping[2..ip_gte_627_34       6     0.067     7.296     5.223         12.519            12.586 
  clipping[3..ip_gte_627_34       6     0.067     9.323     6.689         16.012            16.079 
  clipping[4..ip_gte_627_34       6     0.067     7.820     5.564         13.384            13.451 
  clipping[4..ip_gte_627_34       6     0.067     7.517     5.407         12.923            12.990 
  clipping[3..ip_gte_627_34       6     0.067     6.978     5.035         12.013            12.079 
  clipping[3..ip_gte_627_34       6     0.066     7.412     5.220         12.632            12.698 
  clipping[4..ip_gte_627_34       6     0.065     7.938     5.641         13.580            13.645 
  clipping[4].U_clip             12     0.048     7.738     7.254         14.992            15.039 
    gte_627_34                    4     0.008     1.737     3.636          5.372             5.381 
  clipping[7].U_clip             12     0.047     7.531     7.085         14.616            14.664 
    gte_627_34                    4     0.008     1.746     3.606          5.352             5.361 
  clipping[13].U_clip            12     0.047     7.582     7.433         15.015            15.063 
    gte_627_34                    4     0.008     1.747     3.908          5.655             5.663 
  clipping[1].U_clip             12     0.047     7.701     7.542         15.243            15.290 
    gte_627_34                    4     0.009     1.980     4.093          6.073             6.082 
  clipping[16].U_clip            12     0.047     7.044     7.098         14.142            14.189 
    gte_627_34                    4     0.009     1.861     3.975          5.836             5.844 
  clipping[10].U_clip            12     0.047     6.783     6.709         13.492            13.539 
    gte_627_34                    4     0.008     1.643     3.601          5.244             5.252 
  clipping[3..ip_gte_627_34       4     0.008     1.855     4.132          5.987             5.996 
  clipping[2..ip_gte_627_34       4     0.008     1.965     4.373          6.338             6.346 
  clipping[4..ip_gte_627_34       4     0.008     2.122     4.615          6.737             6.745 
  clipping[2..ip_gte_627_34       4     0.008     1.900     4.130          6.031             6.039 
  clipping[4..ip_gte_627_34       4     0.008     1.893     4.291          6.184             6.192 
  clipping[3..ip_gte_627_34       4     0.008     1.829     4.067          5.897             5.905 
  clipping[2..ip_gte_627_34       4     0.008     1.914     4.342          6.257             6.265 
  clipping[4..ip_gte_627_34       4     0.008     1.914     4.293          6.207             6.215 
  clipping[3..ip_gte_627_34       4     0.008     1.887     4.340          6.227             6.235 
  clipping[4..ip_gte_627_34       4     0.008     1.615     3.793          5.408             5.416 
  clipping[1..ip_gte_627_34       4     0.008     1.880     4.278          6.158             6.166 

