============================================================
  Generated by:           Genus(TM) Synthesis Solution 17.10-p007_1
  Generated on:           Nov 22 2019  04:13:07 pm
  Module:                 FME_PIPE_4
  Technology libraries:   CORE65LPSVT 
                          CLOCK65LPSVT 
                          physical_cells 
  Operating conditions:   _nominal_ 
  Interconnect mode:      global
  Area mode:              physical library
============================================================

                                   Leakage    Dynamic     Total   
          Instance          Cells Power(uW)  Power(uW)  Power(uW) 
------------------------------------------------------------------
FME_PIPE_4                  38975   314.410 157761.233 158075.643 
  U_inter                   19458   195.955  61444.291  61640.246 
  U_buffer                  17324    93.354  74699.783  74793.137 
  U_crtl                       93     0.492    262.875    263.367 
  clipping[8].U_clip           15     0.134     31.480     31.614 
  clipping[9].U_clip           15     0.132     28.132     28.264 
  clipping[11].U_clip          15     0.130     26.602     26.732 
  clipping[15].U_clip          15     0.130     24.769     24.898 
  clipping[12].U_clip          15     0.129     26.181     26.310 
  clipping[5].U_clip           15     0.128     27.359     27.488 
  clipping[6].U_clip           15     0.127     24.935     25.063 
  clipping[2].U_clip           15     0.127     27.000     27.127 
  clipping[14].U_clip          15     0.127     21.397     21.524 
  clipping[3].U_clip           15     0.127     25.185     25.312 
  clipping[0].U_clip           15     0.122     20.265     20.387 
  clipping[2..ip_gte_627_34     6     0.071     14.830     14.901 
  clipping[3..ip_gte_627_34     6     0.071     16.398     16.469 
  clipping[5..ip_gte_627_34     6     0.070     15.925     15.995 
  clipping[2..ip_gte_627_34     6     0.070     15.294     15.364 
  clipping[2..ip_gte_627_34     6     0.070     16.112     16.182 
  clipping[4..ip_gte_627_34     6     0.070     15.595     15.665 
  clipping[3..ip_gte_627_34     6     0.070     14.635     14.704 
  clipping[2..ip_gte_627_34     6     0.069     14.732     14.801 
  clipping[2..ip_gte_627_34     6     0.069     14.921     14.990 
  clipping[2..ip_gte_627_34     6     0.069     12.492     12.561 
  clipping[3..ip_gte_627_34     6     0.068     14.562     14.630 
  clipping[1..ip_gte_627_34     6     0.068     12.867     12.935 
  clipping[1..ip_gte_627_34     6     0.068     14.086     14.154 
  clipping[3..ip_gte_627_34     6     0.068     15.044     15.112 
  clipping[4..ip_gte_627_34     6     0.067     15.567     15.635 
  clipping[4..ip_gte_627_34     6     0.067     14.035     14.103 
  clipping[2..ip_gte_627_34     6     0.067     12.519     12.586 
  clipping[3..ip_gte_627_34     6     0.067     16.012     16.079 
  clipping[4..ip_gte_627_34     6     0.067     13.384     13.451 
  clipping[4..ip_gte_627_34     6     0.067     12.923     12.990 
  clipping[3..ip_gte_627_34     6     0.067     12.013     12.079 
  clipping[3..ip_gte_627_34     6     0.066     12.632     12.698 
  clipping[4..ip_gte_627_34     6     0.065     13.580     13.645 
  clipping[4].U_clip           12     0.048     14.992     15.039 
  clipping[7].U_clip           12     0.047     14.616     14.664 
  clipping[13].U_clip          12     0.047     15.015     15.063 
  clipping[1].U_clip           12     0.047     15.243     15.290 
  clipping[16].U_clip          12     0.047     14.142     14.189 
  clipping[10].U_clip          12     0.047     13.492     13.539 
  clipping[3..ip_gte_627_34     4     0.008      5.987      5.996 
  clipping[2..ip_gte_627_34     4     0.008      6.338      6.346 
  clipping[4..ip_gte_627_34     4     0.008      6.737      6.745 
  clipping[2..ip_gte_627_34     4     0.008      6.031      6.039 
  clipping[4..ip_gte_627_34     4     0.008      6.184      6.192 
  clipping[3..ip_gte_627_34     4     0.008      5.897      5.905 
  clipping[2..ip_gte_627_34     4     0.008      6.257      6.265 
  clipping[4..ip_gte_627_34     4     0.008      6.207      6.215 
  clipping[3..ip_gte_627_34     4     0.008      6.227      6.235 
  clipping[4..ip_gte_627_34     4     0.008      5.408      5.416 
  clipping[1..ip_gte_627_34     4     0.008      6.158      6.166 

