============================================================
  Generated by:           Genus(TM) Synthesis Solution 17.10-p007_1
  Generated on:           Mar 03 2020  02:37:50 pm
  Module:                 INTER_4
  Technology libraries:   CORE65LPSVT 
                          CLOCK65LPSVT 
                          physical_cells 
  Operating conditions:   _nominal_ 
  Interconnect mode:      global
  Area mode:              physical library
============================================================

                             Leakage   Dynamic    Total   
       Instance       Cells Power(uW) Power(uW) Power(uW) 
----------------------------------------------------------
INTER_4               25924   260.048 29524.265 29784.313 
  gen_filter[1].U_S0    745     7.298   643.461   650.758 
  gen_filter[32].U_S0   753     7.254   606.122   613.376 
  gen_filter[31].U_S0   741     7.249   655.266   662.516 
  gen_filter[0].U_S0    751     7.230   660.132   667.362 
  gen_filter[30].U_S0   735     7.195   625.102   632.297 
  gen_filter[2].U_S0    735     7.191   624.432   631.623 
  gen_filter[22].U_S0   732     7.185   627.036   634.222 
  gen_filter[27].U_S0   732     7.182   610.701   617.882 
  gen_filter[11].U_S0   732     7.179   618.357   625.536 
  gen_filter[25].U_S0   732     7.178   598.051   605.229 
  gen_filter[26].U_S0   732     7.176   612.326   619.502 
  gen_filter[14].U_S0   732     7.175   576.730   583.906 
  gen_filter[28].U_S0   732     7.175   604.736   611.911 
  gen_filter[20].U_S0   732     7.173   633.571   640.744 
  gen_filter[8].U_S0    732     7.171   574.563   581.734 
  gen_filter[19].U_S0   732     7.169   621.755   628.924 
  gen_filter[21].U_S0   732     7.169   621.114   628.284 
  gen_filter[12].U_S0   732     7.169   617.681   624.850 
  gen_filter[10].U_S0   732     7.168   569.892   577.060 
  gen_filter[18].U_S0   732     7.164   613.989   621.152 
  gen_filter[13].U_S0   732     7.163   599.762   606.925 
  gen_filter[24].U_S0   732     7.163   619.350   626.513 
  gen_filter[15].U_S0   732     7.162   546.923   554.084 
  gen_filter[7].U_S0    732     7.161   559.215   566.376 
  gen_filter[16].U_S0   732     7.159   541.166   548.325 
  gen_filter[29].U_S0   732     7.158   631.618   638.776 
  gen_filter[5].U_S0    732     7.155   564.881   572.037 
  gen_filter[4].U_S0    732     7.153   561.135   568.288 
  gen_filter[23].U_S0   732     7.153   630.359   637.512 
  gen_filter[6].U_S0    732     7.151   577.287   584.439 
  gen_filter[9].U_S0    732     7.151   585.952   593.103 
  gen_filter[3].U_S0    732     7.150   579.393   586.543 
  gen_filter[17].U_S0   732     7.147   580.049   587.196 

