============================================================
  Generated by:           Genus(TM) Synthesis Solution 17.10-p007_1
  Generated on:           Mar 03 2020  02:37:50 pm
  Module:                 INTER_4
  Technology libraries:   CORE65LPSVT 
                          CLOCK65LPSVT 
                          physical_cells 
  Operating conditions:   _nominal_ 
  Interconnect mode:      global
  Area mode:              physical library
============================================================

                                     Leakage   Internal    Net        Dynamic          Total       
                                                                  (Internal+Net) (Leakage+Dynamic) 
           Instance           Cells Power(uW) Power(uW) Power(uW)    Power(uW)       Power(uW)     
---------------------------------------------------------------------------------------------------
INTER_4                       25924   260.048 17621.905 11902.361      29524.265         29784.313 
  gen_filter[1].U_S0            745     7.298   331.049   312.411        643.461           650.758 
    csa_tree_U.._18_10_groupi    69     1.029    85.498    61.443        146.940           147.969 
    csa_tree_U.._18_10_groupi    75     0.997    86.144    64.733        150.877           151.874 
    csa_tree_U.._18_10_groupi    89     0.903    15.226    20.209         35.435            36.337 
    addinc_U_S2_add_18_16        77     0.848    22.966    25.247         48.213            49.061 
    addinc_U_S22_add_18_16       77     0.844    20.704    22.669         43.373            44.217 
    csa_tree_U.._18_10_groupi    90     0.729    14.238    20.268         34.506            35.235 
    csa_tree_U.._18_10_groupi    44     0.439    38.696    32.161         70.858            71.297 
    U_S11_add_41_16              57     0.338     8.878     9.661         18.539            18.877 
    U_2_U_S1_add_18_10           18     0.232     8.534     9.043         17.577            17.809 
    U_1_U_S1_add_18_10           18     0.228     9.614     9.673         19.287            19.515 
    U_2_U_S0_add_18_10           31     0.176     6.015     7.671         13.686            13.862 
    U_1_U_S0_add_18_10           31     0.175     7.510     8.911         16.421            16.596 
  gen_filter[32].U_S0           753     7.254   308.601   297.521        606.122           613.376 
    csa_tree_U.._18_10_groupi    69     1.023    76.649    55.098        131.747           132.770 
    csa_tree_U.._18_10_groupi    75     1.009    76.818    57.075        133.893           134.903 
    csa_tree_U.._18_10_groupi    89     0.892    15.443    20.690         36.133            37.026 
    addinc_U_S2_add_18_16        77     0.849    23.768    26.610         50.377            51.226 
    addinc_U_S22_add_18_16       77     0.845    22.020    23.933         45.954            46.799 
    csa_tree_U.._18_10_groupi    90     0.731    17.105    23.479         40.584            41.314 
    csa_tree_U.._18_10_groupi    44     0.440    34.986    28.323         63.309            63.750 
    U_S11_add_41_16              57     0.335     8.689     9.486         18.175            18.510 
    U_2_U_S1_add_18_10           18     0.230     8.956     9.404         18.360            18.590 
    U_1_U_S1_add_18_10           18     0.228     7.893     8.267         16.160            16.388 
    U_1_U_S0_add_18_10           31     0.173     4.897     5.997         10.894            11.067 
    U_2_U_S0_add_18_10           31     0.173     5.387     6.992         12.379            12.552 
  gen_filter[31].U_S0           741     7.249   337.141   318.126        655.266           662.516 
    csa_tree_U.._18_10_groupi    69     1.031    86.790    62.672        149.462           150.493 
    csa_tree_U.._18_10_groupi    75     1.011    86.877    63.969        150.846           151.857 
    csa_tree_U.._18_10_groupi    89     0.903    17.702    24.394         42.096            43.000 
    addinc_U_S2_add_18_16        77     0.847    25.579    27.841         53.420            54.266 
    addinc_U_S22_add_18_16       77     0.846    25.077    26.521         51.599            52.445 
    csa_tree_U.._18_10_groupi    90     0.733    14.074    19.662         33.736            34.468 
    csa_tree_U.._18_10_groupi    44     0.440    36.960    30.304         67.264            67.704 
    U_S11_add_41_16              57     0.340     9.734    10.682         20.416            20.755 
    U_2_U_S1_add_18_10           18     0.228     7.892     8.267         16.159            16.387 
    U_1_U_S1_add_18_10           18     0.228     9.681    10.278         19.959            20.186 
    U_1_U_S0_add_18_10           31     0.174     6.080     7.275         13.356            13.529 
    U_2_U_S0_add_18_10           31     0.173     4.898     6.401         11.299            11.472 
  gen_filter[0].U_S0            751     7.230   336.727   323.405        660.132           667.362 
    csa_tree_U.._18_10_groupi    69     1.032    87.529    63.817        151.346           152.378 
    csa_tree_U.._18_10_groupi    75     0.995    83.709    62.972        146.680           147.675 
    csa_tree_U.._18_10_groupi    89     0.900    19.349    25.824         45.173            46.073 
    addinc_U_S2_add_18_16        77     0.853    25.357    27.045         52.402            53.255 
    addinc_U_S22_add_18_16       77     0.834    23.162    24.976         48.138            48.973 
    csa_tree_U.._18_10_groupi    90     0.729    14.104    20.000         34.104            34.833 
    csa_tree_U.._18_10_groupi    44     0.439    38.066    31.451         69.517            69.956 
    U_S11_add_41_16              57     0.336     8.991     9.641         18.632            18.968 
    U_1_U_S1_add_18_10           18     0.229     6.959     7.509         14.468            14.696 
    U_2_U_S1_add_18_10           18     0.228     9.614     9.673         19.287            19.515 
    U_1_U_S0_add_18_10           31     0.176     6.195     7.363         13.558            13.734 
    U_2_U_S0_add_18_10           31     0.175     7.511     9.526         17.037            17.212 
  gen_filter[30].U_S0           735     7.195   321.455   303.646        625.102           632.297 
    csa_tree_U.._18_10_groupi    69     1.026    83.986    60.841        144.826           145.853 
    csa_tree_U.._18_10_groupi    75     1.010    80.451    60.582        141.032           142.043 
    csa_tree_U.._18_10_groupi    89     0.897    16.986    22.970         39.957            40.854 
    addinc_U_S2_add_18_16        77     0.850    24.676    25.833         50.508            51.359 
    addinc_U_S22_add_18_16       77     0.849    22.492    24.436         46.928            47.777 
    csa_tree_U.._18_10_groupi    90     0.733    13.636    19.535         33.171            33.904 
    csa_tree_U.._18_10_groupi    44     0.439    36.976    30.200         67.176            67.615 
    U_S11_add_41_16              57     0.336     8.141     8.830         16.970            17.306 
    U_1_U_S1_add_18_10           18     0.228     7.690     8.505         16.195            16.423 
    U_2_U_S1_add_18_10           18     0.228     9.683    10.278         19.961            20.188 
    U_2_U_S0_add_18_10           31     0.174     6.081     7.798         13.879            14.053 
    U_1_U_S0_add_18_10           31     0.174     5.526     6.735         12.262            12.435 
  gen_filter[2].U_S0            735     7.191   320.162   304.270        624.432           631.623 
    csa_tree_U.._18_10_groupi    69     1.030    80.988    58.578        139.566           140.596 
    csa_tree_U.._18_10_groupi    75     0.996    83.322    62.575        145.897           146.892 
    csa_tree_U.._18_10_groupi    89     0.900    15.051    20.054         35.105            36.005 
    addinc_U_S2_add_18_16        77     0.843    25.379    27.867         53.245            54.088 
    addinc_U_S22_add_18_16       77     0.842    22.321    24.622         46.943            47.785 
    csa_tree_U.._18_10_groupi    90     0.731    17.135    23.871         41.007            41.738 
    csa_tree_U.._18_10_groupi    44     0.439    35.022    29.587         64.609            65.048 
    U_S11_add_41_16              57     0.336     9.063    10.181         19.245            19.581 
    U_2_U_S1_add_18_10           18     0.233     6.499     6.792         13.291            13.523 
    U_1_U_S1_add_18_10           18     0.232     8.532     9.043         17.575            17.807 
    U_2_U_S0_add_18_10           31     0.176     5.153     6.548         11.702            11.877 
    U_1_U_S0_add_18_10           31     0.176     6.014     7.160         13.174            13.350 
  gen_filter[22].U_S0           732     7.185   323.937   303.099        627.036           634.222 
    csa_tree_U.._18_10_groupi    69     1.030    86.606    62.270        148.877           149.906 
    csa_tree_U.._18_10_groupi    75     1.008    79.862    59.327        139.189           140.197 
    csa_tree_U.._18_10_groupi    89     0.901    16.632    21.995         38.627            39.529 
    addinc_U_S22_add_18_16       77     0.861    25.099    27.445         52.544            53.405 
    addinc_U_S2_add_18_16        77     0.850    23.415    25.686         49.101            49.951 
    csa_tree_U.._18_10_groupi    90     0.735    14.387    20.025         34.412            35.147 
    csa_tree_U.._18_10_groupi    44     0.438    37.067    30.546         67.613            68.050 
    U_S11_add_41_16              57     0.336     9.445    10.203         19.648            19.984 
    U_1_U_S1_add_18_10           18     0.232     8.075     8.285         16.361            16.593 
    U_2_U_S1_add_18_10           18     0.227     7.515     8.031         15.546            15.773 
    U_1_U_S0_add_18_10           31     0.176     6.225     7.372         13.597            13.773 
    U_2_U_S0_add_18_10           31     0.172     5.120     6.683         11.803            11.975 
  gen_filter[27].U_S0           732     7.182   314.706   295.994        610.701           617.882 
    csa_tree_U.._18_10_groupi    69     1.032    81.670    59.707        141.377           142.409 
    csa_tree_U.._18_10_groupi    75     1.010    80.410    60.440        140.850           141.860 
    csa_tree_U.._18_10_groupi    89     0.904    16.175    22.513         38.688            39.592 
    addinc_U_S22_add_18_16       77     0.855    22.364    24.581         46.945            47.800 
    addinc_U_S2_add_18_16        77     0.843    24.223    25.822         50.044            50.888 
    csa_tree_U.._18_10_groupi    90     0.731    15.350    20.857         36.206            36.937 
    csa_tree_U.._18_10_groupi    44     0.440    36.105    28.929         65.033            65.473 
    U_S11_add_41_16              57     0.337     8.602     9.458         18.060            18.397 
    U_1_U_S1_add_18_10           18     0.233     6.559     7.344         13.903            14.136 
    U_2_U_S1_add_18_10           18     0.230     8.733     9.276         18.009            18.239 
    U_1_U_S0_add_18_10           31     0.174     5.096     6.058         11.154            11.328 
    U_2_U_S0_add_18_10           31     0.174     5.141     6.792         11.933            12.106 
  gen_filter[11].U_S0           732     7.179   319.753   298.604        618.357           625.536 
    csa_tree_U.._18_10_groupi    69     1.033    81.067    58.459        139.526           140.559 
    csa_tree_U.._18_10_groupi    75     1.010    81.735    59.905        141.640           142.650 
    csa_tree_U.._18_10_groupi    89     0.908    17.754    22.782         40.537            41.444 
    addinc_U_S2_add_18_16        77     0.854    25.910    27.964         53.874            54.728 
    addinc_U_S22_add_18_16       77     0.841    23.845    26.812         50.657            51.498 
    csa_tree_U.._18_10_groupi    90     0.732    13.316    18.793         32.109            32.841 
    csa_tree_U.._18_10_groupi    44     0.439    33.870    27.847         61.717            62.156 
    U_S11_add_41_16              57     0.337     9.217     9.788         19.005            19.342 
    U_2_U_S1_add_18_10           18     0.231     9.105     9.017         18.122            18.353 
    U_1_U_S1_add_18_10           18     0.229     8.353     8.488         16.841            17.070 
    U_2_U_S0_add_18_10           31     0.175     5.658     7.291         12.949            13.124 
    U_1_U_S0_add_18_10           31     0.173     5.423     6.333         11.756            11.929 
  gen_filter[25].U_S0           732     7.178   307.811   290.240        598.051           605.229 
    csa_tree_U.._18_10_groupi    69     1.031    77.388    54.433        131.821           132.852 
    csa_tree_U.._18_10_groupi    75     1.009    78.114    58.667        136.781           137.789 
    csa_tree_U.._18_10_groupi    89     0.906    16.003    21.310         37.312            38.218 
    addinc_U_S22_add_18_16       77     0.852    22.295    24.737         47.032            47.884 
    addinc_U_S2_add_18_16        77     0.845    23.745    26.031         49.776            50.621 
    csa_tree_U.._18_10_groupi    90     0.732    13.401    18.993         32.394            33.126 
    csa_tree_U.._18_10_groupi    44     0.438    35.400    29.160         64.560            64.998 
    U_S11_add_41_16              57     0.336     9.107     9.578         18.685            19.021 
    U_2_U_S1_add_18_10           18     0.231     7.937     7.909         15.846            16.077 
    U_1_U_S1_add_18_10           18     0.229     7.888     8.767         16.656            16.885 
    U_1_U_S0_add_18_10           31     0.175     6.249     7.525         13.774            13.949 
    U_2_U_S0_add_18_10           31     0.174     5.952     7.488         13.440            13.614 
  gen_filter[26].U_S0           732     7.176   314.155   298.171        612.326           619.502 
    csa_tree_U.._18_10_groupi    69     1.031    78.700    56.981        135.682           136.712 
    csa_tree_U.._18_10_groupi    75     1.011    77.898    58.031        135.929           136.940 
    csa_tree_U.._18_10_groupi    89     0.902    17.663    23.494         41.157            42.059 
    addinc_U_S2_add_18_16        77     0.851    26.753    29.057         55.810            56.661 
    addinc_U_S22_add_18_16       77     0.849    24.977    27.423         52.400            53.249 
    csa_tree_U.._18_10_groupi    90     0.725    15.261    20.853         36.114            36.840 
    csa_tree_U.._18_10_groupi    44     0.440    33.899    28.553         62.453            62.892 
    U_S11_add_41_16              57     0.335     9.067     9.856         18.924            19.259 
    U_2_U_S1_add_18_10           18     0.233     6.561     7.344         13.904            14.138 
    U_1_U_S1_add_18_10           18     0.231     7.936     7.909         15.845            16.076 
    U_1_U_S0_add_18_10           31     0.174     5.952     6.983         12.934            13.109 
    U_2_U_S0_add_18_10           31     0.174     5.097     6.575         11.672            11.846 
  gen_filter[14].U_S0           732     7.175   296.333   280.397        576.730           583.906 
    csa_tree_U.._18_10_groupi    69     1.029    73.076    52.052        125.127           126.157 
    csa_tree_U.._18_10_groupi    75     1.007    74.207    56.129        130.336           131.343 
    csa_tree_U.._18_10_groupi    89     0.904    15.228    20.113         35.340            36.244 
    addinc_U_S2_add_18_16        77     0.850    25.186    27.510         52.695            53.545 
    addinc_U_S22_add_18_16       77     0.849    21.696    24.350         46.046            46.896 
    csa_tree_U.._18_10_groupi    90     0.734    14.567    19.917         34.485            35.219 
    csa_tree_U.._18_10_groupi    44     0.438    34.816    28.500         63.316            63.754 
    U_S11_add_41_16              57     0.333     7.474     8.255         15.729            16.062 
    U_1_U_S1_add_18_10           18     0.233     8.553     9.037         17.590            17.823 
    U_2_U_S1_add_18_10           18     0.230     5.383     5.701         11.085            11.315 
    U_1_U_S0_add_18_10           31     0.175     7.220     8.269         15.488            15.664 
    U_2_U_S0_add_18_10           31     0.174     4.914     6.276         11.189            11.363 
  gen_filter[28].U_S0           732     7.175   310.374   294.362        604.736           611.911 
    csa_tree_U.._18_10_groupi    69     1.031    78.799    56.748        135.546           136.577 
    csa_tree_U.._18_10_groupi    75     1.011    78.568    59.250        137.818           138.830 
    csa_tree_U.._18_10_groupi    89     0.901    17.312    22.892         40.203            41.105 
    addinc_U_S22_add_18_16       77     0.848    23.614    26.333         49.947            50.794 
    addinc_U_S2_add_18_16        77     0.846    25.060    27.614         52.675            53.521 
    csa_tree_U.._18_10_groupi    90     0.736    13.359    18.420         31.779            32.515 
    csa_tree_U.._18_10_groupi    44     0.439    33.816    28.358         62.174            62.613 
    U_S11_add_41_16              57     0.339     9.325     9.859         19.185            19.524 
    U_2_U_S1_add_18_10           18     0.230     7.483     8.050         15.533            15.763 
    U_1_U_S1_add_18_10           18     0.230     8.731     9.276         18.007            18.237 
    U_2_U_S0_add_18_10           31     0.174     4.990     6.529         11.518            11.693 
    U_1_U_S0_add_18_10           31     0.174     5.140     6.291         11.431            11.605 
  gen_filter[20].U_S0           732     7.173   325.113   308.458        633.571           640.744 
    csa_tree_U.._18_10_groupi    69     1.030    80.002    57.974        137.976           139.005 
    csa_tree_U.._18_10_groupi    75     1.010    84.442    64.313        148.755           149.765 
    csa_tree_U.._18_10_groupi    89     0.901    17.933    23.749         41.682            42.583 
    addinc_U_S2_add_18_16        77     0.849    23.387    25.767         49.154            50.003 
    addinc_U_S22_add_18_16       77     0.843    23.445    25.787         49.232            50.075 
    csa_tree_U.._18_10_groupi    90     0.731    16.048    22.079         38.127            38.858 
    csa_tree_U.._18_10_groupi    44     0.438    36.167    30.149         66.315            66.753 
    U_S11_add_41_16              57     0.338     9.447    10.225         19.672            20.010 
    U_2_U_S1_add_18_10           18     0.233     8.962     8.986         17.947            18.180 
    U_1_U_S1_add_18_10           18     0.232     9.177     9.285         18.462            18.694 
    U_2_U_S0_add_18_10           31     0.175     5.857     7.484         13.341            13.516 
    U_1_U_S0_add_18_10           31     0.174     5.727     6.743         12.470            12.644 
  gen_filter[8].U_S0            732     7.171   295.670   278.893        574.563           581.734 
    csa_tree_U.._18_10_groupi    69     1.031    77.668    56.191        133.859           134.890 
    csa_tree_U.._18_10_groupi    75     1.011    73.478    54.918        128.396           129.407 
    csa_tree_U.._18_10_groupi    89     0.903    16.216    21.808         38.025            38.928 
    addinc_U_S22_add_18_16       77     0.851    21.003    23.746         44.749            45.600 
    addinc_U_S2_add_18_16        77     0.845    23.624    25.212         48.836            49.681 
    csa_tree_U.._18_10_groupi    90     0.727    13.500    18.629         32.129            32.856 
    csa_tree_U.._18_10_groupi    44     0.438    33.039    27.147         60.185            60.624 
    U_S11_add_41_16              57     0.335     8.576     9.348         17.924            18.260 
    U_2_U_S1_add_18_10           18     0.232     6.262     6.571         12.833            13.065 
    U_1_U_S1_add_18_10           18     0.232     7.636     7.959         15.595            15.826 
    U_2_U_S0_add_18_10           31     0.175     4.448     5.694         10.142            10.317 
    U_1_U_S0_add_18_10           31     0.174     5.807     6.677         12.484            12.658 
  gen_filter[19].U_S0           732     7.169   319.775   301.980        621.755           628.924 
    csa_tree_U.._18_10_groupi    69     1.029    85.068    62.273        147.341           148.370 
    csa_tree_U.._18_10_groupi    75     1.011    79.676    60.840        140.516           141.527 
    csa_tree_U.._18_10_groupi    89     0.904    17.290    23.236         40.526            41.431 
    addinc_U_S2_add_18_16        77     0.848    23.659    25.789         49.448            50.296 
    addinc_U_S22_add_18_16       77     0.843    20.637    22.484         43.121            43.965 
    csa_tree_U.._18_10_groupi    90     0.731    13.536    18.945         32.481            33.212 
    csa_tree_U.._18_10_groupi    44     0.439    34.921    28.875         63.796            64.235 
    U_S11_add_41_16              57     0.336     9.388    10.149         19.536            19.873 
    U_2_U_S1_add_18_10           18     0.232     9.178     9.285         18.464            18.695 
    U_1_U_S1_add_18_10           18     0.229    10.192    10.096         20.288            20.517 
    U_2_U_S0_add_18_10           31     0.174     5.728     7.295         13.024            13.198 
    U_1_U_S0_add_18_10           31     0.173     6.126     7.351         13.476            13.649 
  gen_filter[21].U_S0           732     7.169   319.616   301.498        621.114           628.284 
    csa_tree_U.._18_10_groupi    69     1.030    84.796    61.599        146.395           147.424 
    csa_tree_U.._18_10_groupi    75     1.009    75.757    57.417        133.174           134.183 
    csa_tree_U.._18_10_groupi    89     0.899    18.544    24.246         42.790            43.689 
    addinc_U_S22_add_18_16       77     0.851    23.645    25.421         49.065            49.917 
    addinc_U_S2_add_18_16        77     0.842    23.618    25.145         48.764            49.606 
    csa_tree_U.._18_10_groupi    90     0.729    14.238    19.744         33.982            34.711 
    csa_tree_U.._18_10_groupi    44     0.439    36.876    30.603         67.479            67.918 
    U_S11_add_41_16              57     0.335     8.576     9.395         17.971            18.307 
    U_1_U_S1_add_18_10           18     0.233     8.960     8.986         17.946            18.178 
    U_2_U_S1_add_18_10           18     0.232     8.077     8.285         16.362            16.594 
    U_2_U_S0_add_18_10           31     0.176     6.226     7.966         14.192            14.368 
    U_1_U_S0_add_18_10           31     0.175     5.856     6.951         12.807            12.982 
  gen_filter[12].U_S0           732     7.169   316.235   301.445        617.681           624.850 
    csa_tree_U.._18_10_groupi    69     1.031    80.287    58.418        138.706           139.737 
    csa_tree_U.._18_10_groupi    75     1.009    78.249    60.045        138.294           139.303 
    csa_tree_U.._18_10_groupi    89     0.898    18.181    23.602         41.784            42.682 
    addinc_U_S2_add_18_16        77     0.851    25.725    28.292         54.017            54.868 
    addinc_U_S22_add_18_16       77     0.846    22.507    24.944         47.452            48.298 
    csa_tree_U.._18_10_groupi    90     0.730    15.644    21.346         36.990            37.720 
    csa_tree_U.._18_10_groupi    44     0.439    34.195    28.260         62.455            62.894 
    U_S11_add_41_16              57     0.332     8.703     9.359         18.062            18.394 
    U_2_U_S1_add_18_10           18     0.234     7.519     8.451         15.970            16.204 
    U_1_U_S1_add_18_10           18     0.231     9.104     9.017         18.120            18.351 
    U_2_U_S0_add_18_10           31     0.175     6.059     7.698         13.757            13.932 
    U_1_U_S0_add_18_10           31     0.175     5.657     6.828         12.485            12.659 
  gen_filter[10].U_S0           732     7.168   294.998   274.894        569.892           577.060 
    csa_tree_U.._18_10_groupi    69     1.032    75.639    54.357        129.996           131.028 
    csa_tree_U.._18_10_groupi    75     1.009    75.774    56.810        132.584           133.593 
    csa_tree_U.._18_10_groupi    89     0.906    16.191    21.543         37.734            38.641 
    addinc_U_S2_add_18_16        77     0.849    20.733    21.729         42.462            43.311 
    addinc_U_S22_add_18_16       77     0.848    22.083    24.254         46.337            47.186 
    csa_tree_U.._18_10_groupi    90     0.726    12.182    17.044         29.227            29.953 
    csa_tree_U.._18_10_groupi    44     0.439    34.578    26.982         61.560            61.999 
    U_S11_add_41_16              57     0.336     8.591     9.280         17.871            18.207 
    U_2_U_S1_add_18_10           18     0.229     8.354     8.488         16.842            17.071 
    U_1_U_S1_add_18_10           18     0.228     6.469     7.205         13.675            13.903 
    U_1_U_S0_add_18_10           31     0.173     5.107     6.174         11.281            11.454 
    U_2_U_S0_add_18_10           31     0.173     5.423     6.853         12.276            12.449 
  gen_filter[18].U_S0           732     7.164   317.146   296.843        613.989           621.152 
    csa_tree_U.._18_10_groupi    69     1.030    84.149    60.250        144.399           145.430 
    csa_tree_U.._18_10_groupi    75     1.008    76.789    57.229        134.017           135.026 
    csa_tree_U.._18_10_groupi    89     0.894    17.409    22.901         40.310            41.205 
    addinc_U_S2_add_18_16        77     0.851    22.961    24.758         47.719            48.571 
    addinc_U_S22_add_18_16       77     0.842    24.185    25.849         50.035            50.877 
    csa_tree_U.._18_10_groupi    90     0.733    14.386    19.606         33.992            34.725 
    csa_tree_U.._18_10_groupi    44     0.438    35.292    29.032         64.324            64.763 
    U_S11_add_41_16              57     0.339     8.304     9.163         17.467            17.806 
    U_1_U_S1_add_18_10           18     0.231     7.481     8.140         15.620            15.851 
    U_2_U_S1_add_18_10           18     0.229    10.193    10.096         20.289            20.519 
    U_1_U_S0_add_18_10           31     0.174     5.578     6.594         12.172            12.346 
    U_2_U_S0_add_18_10           31     0.173     6.126     7.910         14.036            14.209 
  gen_filter[13].U_S0           732     7.163   309.454   290.308        599.762           606.925 
    csa_tree_U.._18_10_groupi    69     1.029    81.153    57.822        138.976           140.005 
    csa_tree_U.._18_10_groupi    75     1.009    78.193    59.351        137.545           138.554 
    csa_tree_U.._18_10_groupi    89     0.890    15.245    19.862         35.108            35.997 
    addinc_U_S22_add_18_16       77     0.846    21.999    23.939         45.938            46.784 
    addinc_U_S2_add_18_16        77     0.845    22.088    24.005         46.093            46.938 
    csa_tree_U.._18_10_groupi    90     0.736    13.240    18.591         31.830            32.567 
    csa_tree_U.._18_10_groupi    44     0.440    36.351    29.698         66.049            66.490 
    U_S11_add_41_16              57     0.332     7.583     8.354         15.937            16.269 
    U_1_U_S1_add_18_10           18     0.234     7.517     8.451         15.968            16.202 
    U_2_U_S1_add_18_10           18     0.233     8.555     9.037         17.592            17.825 
    U_2_U_S0_add_18_10           31     0.175     7.221     8.981         16.201            16.377 
    U_1_U_S0_add_18_10           31     0.175     6.058     7.110         13.168            13.343 
  gen_filter[24].U_S0           732     7.163   318.600   300.751        619.350           626.513 
    csa_tree_U.._18_10_groupi    69     1.030    84.461    60.145        144.605           145.636 
    csa_tree_U.._18_10_groupi    75     1.007    76.141    57.218        133.359           134.366 
    csa_tree_U.._18_10_groupi    89     0.896    18.368    24.249         42.617            43.513 
    addinc_U_S2_add_18_16        77     0.848    23.573    25.998         49.571            50.419 
    addinc_U_S22_add_18_16       77     0.847    24.301    26.558         50.858            51.706 
    csa_tree_U.._18_10_groupi    90     0.731    15.263    21.154         36.417            37.148 
    csa_tree_U.._18_10_groupi    44     0.439    37.182    29.598         66.780            67.220 
    U_S11_add_41_16              57     0.332     8.268     9.131         17.399            17.731 
    U_1_U_S1_add_18_10           18     0.233     6.776     7.532         14.309            14.541 
    U_2_U_S1_add_18_10           18     0.229     7.891     8.767         16.658            16.888 
    U_2_U_S0_add_18_10           31     0.175     6.250     8.131         14.380            14.556 
    U_1_U_S0_add_18_10           31     0.175     5.371     6.261         11.632            11.807 
  gen_filter[15].U_S0           732     7.162   280.428   266.495        546.923           554.084 
    csa_tree_U.._18_10_groupi    69     1.031    68.683    48.887        117.570           118.601 
    csa_tree_U.._18_10_groupi    75     1.009    66.425    49.965        116.390           117.399 
    csa_tree_U.._18_10_groupi    89     0.899    16.860    22.337         39.197            40.096 
    addinc_U_S22_add_18_16       77     0.847    21.813    23.913         45.727            46.573 
    addinc_U_S2_add_18_16        77     0.844    23.268    25.150         48.417            49.261 
    csa_tree_U.._18_10_groupi    90     0.730    14.783    20.253         35.036            35.765 
    csa_tree_U.._18_10_groupi    44     0.439    33.356    26.812         60.168            60.608 
    U_S11_add_41_16              57     0.335     9.025     9.702         18.726            19.061 
    U_2_U_S1_add_18_10           18     0.231     6.734     7.503         14.237            14.467 
    U_1_U_S1_add_18_10           18     0.230     5.382     5.701         11.083            11.314 
    U_2_U_S0_add_18_10           31     0.175     5.046     6.412         11.458            11.632 
    U_1_U_S0_add_18_10           31     0.174     4.913     5.754         10.667            10.841 
  gen_filter[7].U_S0            732     7.161   289.335   269.880        559.215           566.376 
    csa_tree_U.._18_10_groupi    69     1.030    75.738    54.414        130.152           131.181 
    csa_tree_U.._18_10_groupi    75     1.010    73.658    54.914        128.572           129.582 
    csa_tree_U.._18_10_groupi    89     0.894    14.455    19.500         33.954            34.848 
    addinc_U_S2_add_18_16        77     0.851    21.366    23.891         45.257            46.108 
    addinc_U_S22_add_18_16       77     0.851    20.929    21.993         42.922            43.773 
    csa_tree_U.._18_10_groupi    90     0.728    12.928    17.643         30.571            31.299 
    csa_tree_U.._18_10_groupi    44     0.437    33.076    26.703         59.779            60.217 
    U_S11_add_41_16              57     0.333     6.997     7.676         14.673            15.007 
    U_2_U_S1_add_18_10           18     0.232     7.637     7.959         15.596            15.827 
    U_1_U_S1_add_18_10           18     0.229     7.872     8.244         16.115            16.345 
    U_1_U_S0_add_18_10           31     0.174     5.117     6.240         11.356            11.530 
    U_2_U_S0_add_18_10           31     0.174     5.808     7.283         13.091            13.265 
  gen_filter[16].U_S0           732     7.159   279.664   261.502        541.166           548.325 
    csa_tree_U.._18_10_groupi    69     1.031    74.038    53.352        127.391           128.422 
    csa_tree_U.._18_10_groupi    75     1.010    70.313    52.009        122.322           123.332 
    csa_tree_U.._18_10_groupi    89     0.901    16.499    21.781         38.280            39.182 
    addinc_U_S22_add_18_16       77     0.850    21.197    23.195         44.392            45.242 
    addinc_U_S2_add_18_16        77     0.842    21.712    22.843         44.555            45.397 
    csa_tree_U.._18_10_groupi    90     0.729    12.726    17.081         29.807            30.537 
    csa_tree_U.._18_10_groupi    44     0.439    28.595    23.882         52.477            52.916 
    U_S11_add_41_16              57     0.330     6.970     7.926         14.896            15.226 
    U_1_U_S1_add_18_10           18     0.231     6.732     7.503         14.236            14.466 
    U_2_U_S1_add_18_10           18     0.229     7.839     7.867         15.706            15.935 
    U_1_U_S0_add_18_10           31     0.175     5.045     5.879         10.924            11.099 
    U_2_U_S0_add_18_10           31     0.173     4.276     5.461          9.738             9.911 
  gen_filter[29].U_S0           732     7.158   324.124   307.494        631.618           638.776 
    csa_tree_U.._18_10_groupi    69     1.030    85.126    60.518        145.644           146.675 
    csa_tree_U.._18_10_groupi    75     1.010    79.033    60.794        139.827           140.837 
    csa_tree_U.._18_10_groupi    89     0.898    20.652    27.321         47.972            48.871 
    addinc_U_S22_add_18_16       77     0.845    26.482    28.778         55.260            56.105 
    addinc_U_S2_add_18_16        77     0.844    24.639    26.412         51.051            51.895 
    csa_tree_U.._18_10_groupi    90     0.733    14.616    20.419         35.035            35.768 
    csa_tree_U.._18_10_groupi    44     0.438    34.864    28.466         63.330            63.769 
    U_S11_add_41_16              57     0.334     8.802     9.615         18.417            18.750 
    U_1_U_S1_add_18_10           18     0.230     7.482     8.050         15.532            15.762 
    U_2_U_S1_add_18_10           18     0.228     7.691     8.505         16.197            16.424 
    U_1_U_S0_add_18_10           31     0.174     4.989     6.115         11.103            11.278 
    U_2_U_S0_add_18_10           31     0.174     5.527     7.262         12.788            12.962 
  gen_filter[5].U_S0            732     7.155   288.453   276.428        564.881           572.037 
    csa_tree_U.._18_10_groupi    69     1.032    72.626    52.965        125.592           126.624 
    csa_tree_U.._18_10_groupi    75     1.009    73.609    55.792        129.401           130.410 
    csa_tree_U.._18_10_groupi    89     0.891    16.240    21.366         37.606            38.497 
    addinc_U_S2_add_18_16        77     0.848    21.863    24.320         46.183            47.031 
    addinc_U_S22_add_18_16       77     0.847    23.494    25.896         49.390            50.237 
    csa_tree_U.._18_10_groupi    90     0.733    12.392    17.353         29.744            30.478 
    csa_tree_U.._18_10_groupi    44     0.439    30.859    26.215         57.074            57.513 
    U_S11_add_41_16              57     0.334     8.398     9.295         17.693            18.027 
    U_1_U_S1_add_18_10           18     0.228     8.184     8.601         16.785            17.013 
    U_2_U_S1_add_18_10           18     0.228     6.311     7.149         13.461            13.689 
    U_2_U_S0_add_18_10           31     0.174     4.862     6.251         11.114            11.288 
    U_1_U_S0_add_18_10           31     0.173     5.391     6.528         11.919            12.092 
  gen_filter[4].U_S0            732     7.153   289.090   272.044        561.135           568.288 
    csa_tree_U.._18_10_groupi    69     1.028    76.187    55.000        131.186           132.214 
    csa_tree_U.._18_10_groupi    75     1.010    70.588    53.993        124.581           125.591 
    csa_tree_U.._18_10_groupi    89     0.898    15.680    20.311         35.992            36.890 
    addinc_U_S22_add_18_16       77     0.850    21.478    23.772         45.250            46.100 
    addinc_U_S2_add_18_16        77     0.842    21.945    23.251         45.196            46.038 
    csa_tree_U.._18_10_groupi    90     0.730    12.634    17.551         30.185            30.915 
    csa_tree_U.._18_10_groupi    44     0.438    32.915    26.833         59.748            60.186 
    U_S11_add_41_16              57     0.334     7.700     8.293         15.993            16.327 
    U_2_U_S1_add_18_10           18     0.228     8.186     8.601         16.787            17.015 
    U_1_U_S1_add_18_10           18     0.228     7.163     7.543         14.706            14.934 
    U_2_U_S0_add_18_10           31     0.173     5.391     6.999         12.390            12.563 
    U_1_U_S0_add_18_10           31     0.173     5.037     6.082         11.119            11.292 
  gen_filter[23].U_S0           732     7.153   325.270   305.088        630.359           637.512 
    csa_tree_U.._18_10_groupi    69     1.031    83.425    58.850        142.275           143.306 
    csa_tree_U.._18_10_groupi    75     1.009    82.869    60.964        143.833           144.842 
    csa_tree_U.._18_10_groupi    89     0.890    18.667    24.187         42.854            43.745 
    addinc_U_S22_add_18_16       77     0.851    25.788    28.381         54.169            55.020 
    addinc_U_S2_add_18_16        77     0.842    25.431    27.850         53.281            54.122 
    csa_tree_U.._18_10_groupi    90     0.732    14.649    20.538         35.186            35.918 
    csa_tree_U.._18_10_groupi    44     0.438    35.690    29.994         65.684            66.122 
    U_S11_add_41_16              57     0.335     9.550    10.140         19.690            20.026 
    U_2_U_S1_add_18_10           18     0.233     6.778     7.532         14.310            14.543 
    U_1_U_S1_add_18_10           18     0.227     7.513     8.031         15.544            15.772 
    U_2_U_S0_add_18_10           31     0.175     5.372     6.876         12.248            12.423 
    U_1_U_S0_add_18_10           31     0.172     5.120     6.222         11.341            11.513 
  gen_filter[6].U_S0            732     7.151   295.197   282.090        577.287           584.439 
    csa_tree_U.._18_10_groupi    69     1.030    73.609    53.627        127.236           128.267 
    csa_tree_U.._18_10_groupi    75     1.009    71.827    54.799        126.626           127.635 
    csa_tree_U.._18_10_groupi    89     0.899    19.072    24.997         44.069            44.968 
    addinc_U_S22_add_18_16       77     0.842    24.899    26.451         51.351            52.193 
    addinc_U_S2_add_18_16        77     0.842    22.529    23.887         46.416            47.258 
    csa_tree_U.._18_10_groupi    90     0.729    13.844    19.718         33.562            34.291 
    csa_tree_U.._18_10_groupi    44     0.439    32.147    26.594         58.741            59.180 
    U_S11_add_41_16              57     0.336     8.550     9.288         17.838            18.174 
    U_2_U_S1_add_18_10           18     0.229     7.874     8.244         16.118            16.347 
    U_1_U_S1_add_18_10           18     0.228     6.310     7.149         13.459            13.687 
    U_1_U_S0_add_18_10           31     0.174     4.862     5.729         10.591            10.765 
    U_2_U_S0_add_18_10           31     0.174     5.117     6.616         11.733            11.907 
  gen_filter[9].U_S0            732     7.151   301.504   284.449        585.952           593.103 
    csa_tree_U.._18_10_groupi    69     1.030    76.506    54.345        130.851           131.881 
    csa_tree_U.._18_10_groupi    75     1.008    74.386    57.043        131.429           132.437 
    csa_tree_U.._18_10_groupi    89     0.898    18.860    24.915         43.774            44.672 
    addinc_U_S2_add_18_16        77     0.848    24.971    26.350         51.321            52.169 
    addinc_U_S22_add_18_16       77     0.836    24.165    26.424         50.588            51.425 
    csa_tree_U.._18_10_groupi    90     0.731    15.925    21.693         37.617            38.348 
    csa_tree_U.._18_10_groupi    44     0.438    32.772    26.034         58.806            59.244 
    U_S11_add_41_16              57     0.335     7.743     8.601         16.344            16.679 
    U_1_U_S1_add_18_10           18     0.232     6.260     6.571         12.832            13.064 
    U_2_U_S1_add_18_10           18     0.228     6.471     7.205         13.676            13.904 
    U_1_U_S0_add_18_10           31     0.175     4.447     5.175          9.622             9.797 
    U_2_U_S0_add_18_10           31     0.173     5.108     6.732         11.840            12.013 
  gen_filter[3].U_S0            732     7.150   295.991   283.402        579.393           586.543 
    csa_tree_U.._18_10_groupi    69     1.031    71.599    52.577        124.176           125.207 
    csa_tree_U.._18_10_groupi    75     1.008    73.962    55.819        129.781           130.789 
    csa_tree_U.._18_10_groupi    89     0.899    16.525    22.924         39.449            40.347 
    addinc_U_S22_add_18_16       77     0.845    22.434    24.851         47.285            48.131 
    addinc_U_S2_add_18_16        77     0.836    23.439    24.863         48.302            49.138 
    csa_tree_U.._18_10_groupi    90     0.732    16.514    22.430         38.945            39.677 
    csa_tree_U.._18_10_groupi    44     0.438    34.443    28.575         63.018            63.456 
    U_S11_add_41_16              57     0.334     8.857     9.430         18.286            18.620 
    U_1_U_S1_add_18_10           18     0.233     6.497     6.792         13.289            13.522 
    U_2_U_S1_add_18_10           18     0.228     7.164     7.543         14.707            14.935 
    U_1_U_S0_add_18_10           31     0.176     5.152     5.939         11.092            11.267 
    U_2_U_S0_add_18_10           31     0.173     5.037     6.496         11.533            11.706 
  gen_filter[17].U_S0           732     7.147   298.365   281.684        580.049           587.196 
    csa_tree_U.._18_10_groupi    69     1.030    76.688    56.180        132.868           133.898 
    csa_tree_U.._18_10_groupi    75     1.010    72.268    53.960        126.228           127.238 
    csa_tree_U.._18_10_groupi    89     0.896    18.923    25.026         43.949            44.845 
    addinc_U_S22_add_18_16       77     0.841    23.316    24.878         48.194            49.035 
    addinc_U_S2_add_18_16        77     0.838    23.842    25.503         49.345            50.183 
    csa_tree_U.._18_10_groupi    90     0.733    12.673    17.386         30.060            30.793 
    csa_tree_U.._18_10_groupi    44     0.438    32.464    26.625         59.089            59.527 
    U_S11_add_41_16              57     0.334     8.895     9.674         18.569            18.904 
    U_2_U_S1_add_18_10           18     0.231     7.482     8.140         15.622            15.853 
    U_1_U_S1_add_18_10           18     0.229     7.838     7.867         15.705            15.934 
    U_2_U_S0_add_18_10           31     0.174     5.578     7.105         12.683            12.858 
    U_1_U_S0_add_18_10           31     0.173     4.276     5.127          9.403             9.577 

