============================================================
  Generated by:           Genus(TM) Synthesis Solution 17.10-p007_1
  Generated on:           Feb 22 2020  12:15:25 pm
  Module:                 filter_regular
  Technology libraries:   CORE65LPSVT 
                          CLOCK65LPSVT 
                          physical_cells 
  Operating conditions:   _nominal_ 
  Interconnect mode:      global
  Area mode:              physical library
============================================================

                       Leakage    Dynamic     Total   
   Instance     Cells Power(uW)  Power(uW)  Power(uW) 
------------------------------------------------------
filter_regular 249500  1310.488 205645.337 206955.825 
  S0[60].U0      1744     8.243   1421.584   1429.827 
  S0[95].U0      1743     8.240   1441.150   1449.390 
  S0[104].U0     1743     8.238   1431.700   1439.938 
  S0[101].U0     1745     8.238   1372.450   1380.688 
  S0[82].U0      1745     8.237   1382.074   1390.311 
  S0[74].U0      1744     8.237   1407.727   1415.964 
  S0[81].U0      1742     8.236   1353.887   1362.124 
  S0[44].U0      1744     8.235   1424.569   1432.803 
  S0[79].U0      1745     8.233   1354.516   1362.749 
  S0[64].U0      1744     8.233   1453.272   1461.505 
  S0[97].U0      1744     8.232   1451.209   1459.441 
  S0[85].U0      1743     8.232   1453.325   1461.556 
  S0[87].U0      1745     8.232   1391.011   1399.243 
  S0[90].U0      1743     8.231   1392.730   1400.961 
  S0[98].U0      1745     8.231   1435.681   1443.912 
  S0[16].U0      1743     8.231   1390.635   1398.866 
  S0[73].U0      1742     8.229   1408.371   1416.600 
  S0[29].U0      1743     8.228   1423.735   1431.963 
  S0[78].U0      1745     8.228   1313.044   1321.272 
  S0[27].U0      1742     8.228   1427.414   1435.641 
  S0[102].U0     1742     8.227   1334.892   1343.120 
  S0[110].U0     1742     8.227   1460.130   1468.358 
  S0[128].U0     1742     8.227   1425.200   1433.427 
  S0[11].U0      1742     8.227   1378.530   1386.757 
  S0[35].U0      1742     8.226   1393.262   1401.489 
  S0[77].U0      1742     8.226   1331.249   1339.475 
  S0[107].U0     1742     8.226   1485.943   1494.169 
  S0[125].U0     1742     8.226   1293.894   1302.120 
  S0[63].U0      1742     8.226   1422.776   1431.002 
  S0[43].U0      1742     8.226   1394.545   1402.771 
  S0[14].U0      1742     8.226   1361.360   1369.586 
  S0[2].U0       1742     8.226   1372.327   1380.552 
  S0[38].U0      1742     8.224   1353.470   1361.694 
  S0[52].U0      1742     8.224   1276.748   1284.972 
  S0[32].U0      1742     8.224   1442.353   1450.577 
  S0[99].U0      1742     8.224   1382.422   1390.646 
  S0[58].U0      1742     8.224   1381.778   1390.001 
  S0[40].U0      1743     8.223   1378.680   1386.903 
  S0[83].U0      1744     8.223   1397.942   1406.166 
  S0[93].U0      1742     8.223   1422.928   1431.151 
  S0[47].U0      1742     8.223   1433.700   1441.923 
  S0[67].U0      1742     8.223   1421.052   1429.274 
  S0[119].U0     1742     8.222   1349.390   1357.612 
  S0[70].U0      1742     8.222   1448.178   1456.400 
  S0[24].U0      1743     8.222   1435.732   1443.954 
  S0[113].U0     1742     8.222   1414.500   1422.722 
  S0[49].U0      1743     8.221   1336.987   1345.208 
  S0[5].U0       1742     8.221   1459.920   1468.141 
  S0[122].U0     1742     8.221   1320.747   1328.968 
  S0[19].U0      1742     8.220   1410.355   1418.576 
  S0[100].U0     1743     8.219   1360.925   1369.144 
  S0[116].U0     1742     8.219   1392.145   1400.363 
  S0[8].U0       1742     8.218   1427.796   1436.014 
  S0[86].U0      1746     8.216   1445.439   1453.656 
  S0[22].U0      1742     8.216   1418.253   1426.470 
  S0[30].U0      1739     8.216   1392.324   1400.540 
  S0[88].U0      1742     8.216   1367.489   1375.705 
  S0[108].U0     1739     8.215   1470.564   1478.779 
  S0[45].U0      1739     8.215   1412.618   1420.833 
  S0[80].U0      1742     8.215   1324.089   1332.304 
  S0[56].U0      1739     8.214   1316.503   1324.718 
  S0[61].U0      1739     8.214   1393.007   1401.221 
  S0[55].U0      1742     8.214   1320.213   1328.427 
  S0[17].U0      1739     8.214   1381.894   1390.108 
  S0[105].U0     1739     8.212   1454.928   1463.140 
  S0[126].U0     1740     8.212   1365.064   1373.276 
  S0[41].U0      1739     8.212   1389.174   1397.386 
  S0[120].U0     1739     8.211   1315.925   1324.136 
  S0[75].U0      1739     8.210   1402.915   1411.125 
  S0[94].U0      1739     8.210   1418.590   1426.800 
  S0[33].U0      1739     8.209   1430.179   1438.388 
  S0[25].U0      1739     8.209   1430.090   1438.299 
  S0[111].U0     1739     8.209   1438.864   1447.072 
  S0[53].U0      1739     8.209   1327.295   1335.504 
  S0[42].U0      1737     8.208   1400.667   1408.875 
  S0[117].U0     1739     8.208   1350.846   1359.054 
  S0[59].U0      1739     8.207   1376.714   1384.921 
  S0[114].U0     1739     8.207   1387.558   1395.765 
  S0[91].U0      1739     8.207   1397.947   1406.153 
  S0[71].U0      1739     8.206   1460.966   1469.172 
  S0[36].U0      1739     8.206   1385.836   1394.042 
  S0[121].U0     1737     8.205   1301.435   1309.640 
  S0[51].U0      1737     8.205   1282.236   1290.442 
  S0[103].U0     1740     8.205   1371.646   1379.851 
  S0[12].U0      1739     8.205   1395.686   1403.891 
  S0[20].U0      1739     8.205   1417.136   1425.341 
  S0[84].U0      1740     8.205   1422.000   1430.205 
  S0[96].U0      1739     8.205   1434.290   1442.495 
  S0[26].U0      1737     8.205   1449.801   1458.006 
  S0[0].U0       1740     8.204   1396.021   1404.225 
  S0[50].U0      1739     8.204   1279.382   1287.586 
  S0[69].U0      1737     8.204   1456.549   1464.752 
  S0[65].U0      1739     8.203   1411.199   1419.402 
  S0[109].U0     1737     8.202   1496.263   1504.465 
  S0[7].U0       1737     8.202   1408.956   1417.158 
  S0[15].U0      1739     8.202   1351.225   1359.427 
  S0[6].U0       1739     8.202   1476.498   1484.700 
  S0[118].U0     1737     8.202   1322.310   1330.512 
  S0[89].U0      1740     8.201   1386.106   1394.307 
  S0[39].U0      1739     8.201   1330.750   1338.950 
  S0[46].U0      1737     8.200   1442.927   1451.127 
  S0[57].U0      1737     8.200   1318.797   1326.997 
  S0[23].U0      1739     8.199   1388.942   1397.141 
  S0[127].U0     1738     8.199   1386.716   1394.915 
  S0[1].U0       1738     8.199   1376.867   1385.067 
  S0[123].U0     1739     8.199   1285.756   1293.955 
  S0[9].U0       1739     8.199   1388.117   1396.316 
  S0[48].U0      1739     8.199   1363.202   1371.401 
  S0[37].U0      1737     8.199   1413.282   1421.481 
  S0[66].U0      1737     8.199   1423.458   1431.657 
  S0[72].U0      1737     8.198   1401.882   1410.080 
  S0[4].U0       1737     8.198   1453.469   1461.668 
  S0[76].U0      1737     8.198   1392.334   1400.532 
  S0[13].U0      1737     8.198   1408.457   1416.655 
  S0[124].U0     1737     8.197   1274.724   1282.921 
  S0[31].U0      1737     8.197   1428.049   1436.246 
  S0[62].U0      1737     8.197   1426.220   1434.417 
  S0[28].U0      1739     8.196   1430.626   1438.822 
  S0[92].U0      1737     8.196   1383.978   1392.174 
  S0[68].U0      1739     8.195   1457.269   1465.464 
  S0[21].U0      1737     8.195   1433.337   1441.532 
  S0[34].U0      1737     8.194   1426.343   1434.538 
  S0[106].U0     1737     8.194   1467.140   1475.334 
  S0[115].U0     1737     8.194   1369.251   1377.445 
  S0[54].U0      1737     8.194   1332.029   1340.222 
  S0[112].U0     1737     8.193   1410.831   1419.025 
  S0[3].U0       1739     8.193   1416.504   1424.697 
  S0[18].U0      1737     8.191   1395.430   1403.620 
  S0[10].U0      1737     8.190   1401.795   1409.985 

