============================================================
  Generated by:           Genus(TM) Synthesis Solution 17.10-p007_1
  Generated on:           Nov 20 2019  06:16:04 pm
  Module:                 filter_2
  Technology libraries:   CORE65LPSVT 
                          CLOCK65LPSVT 
                          physical_cells 
  Operating conditions:   _nominal_ 
  Interconnect mode:      global
  Area mode:              physical library
============================================================

             Instance                           Module               Cells  Cell Area  Net Area   Total Area 
-------------------------------------------------------------------------------------------------------------
filter_2                                                               175        989       473         1462 
  csa_tree_U_S21_add_18_10_groupi csa_tree_U_S21_add_18_10_group_13     39        248        73          321 
  csa_tree_U_S1_add_18_10_groupi  csa_tree_U_S1_add_18_10_group_15      39        248        73          321 
  addinc_U_1_U_S0_add_18_16       add_signed_carry                      22        108        28          137 
  addinc_U_0_U_S0_add_18_16       add_signed_carry_62                   22        108        28          137 
  addinc_U_1_U_S1_add_18_16       add_signed_carry_6                    14        109        18          127 
  addinc_U_0_U_S1_add_18_16       add_signed_carry_6_59                 14        109        18          127 
  U_S10                           somador_n_np1_bit_width8               3         24         3           27 
    addinc_add_41_28              add_unsigned_carry                     3         24         3           27 
