============================================================
  Generated by:           Genus(TM) Synthesis Solution 17.10-p007_1
  Generated on:           Nov 20 2019  06:16:04 pm
  Module:                 filter_2
  Technology libraries:   CORE65LPSVT 
                          CLOCK65LPSVT 
                          physical_cells 
  Operating conditions:   _nominal_ 
  Interconnect mode:      global
  Area mode:              physical library
============================================================

                                       Leakage   Internal  
      Gate        Instances   Area   Power (uW) Power (uW)     Library    
--------------------------------------------------------------------------
HS65_LSS_XNOR2X3          2    8.320      0.007      0.271    CORE65LPSVT 
HS65_LSS_XOR2X6           2    8.320      0.011      0.332    CORE65LPSVT 
HS65_LSS_XOR3X2           4   31.200      0.022      0.507    CORE65LPSVT 
HS65_LS_AO32X4            2    9.360      0.005      0.249    CORE65LPSVT 
HS65_LS_CNIVX3            2    3.120      0.002      0.040    CORE65LPSVT 
HS65_LS_FA1X4            72  673.920      0.451     55.447    CORE65LPSVT 
HS65_LS_HA1X4            21  109.200      0.109     10.064    CORE65LPSVT 
HS65_LS_IVX2             22   34.320      0.019      0.827    CORE65LPSVT 
HS65_LS_IVX9             32   49.920      0.081      1.618    CORE65LPSVT 
HS65_LS_NAND2X2           2    4.160      0.002      0.110    CORE65LPSVT 
HS65_LS_OAI21X2           2    5.200      0.002      0.239    CORE65LPSVT 
HS65_LS_OR2X4             2    6.240      0.004      0.205    CORE65LPSVT 
HS65_LS_PAO2X4            8   37.440      0.022      2.129    CORE65LPSVT 
HS65_LS_PAOI2X6           2    8.320      0.009      0.184    CORE65LPSVT 
--------------------------------------------------------------------------
total                   175  989.040      0.747     72.223                


                                          Leakage  Leakage  Internal  Internal 
     Type      Instances   Area  Area % Power (uW) Power % Power (uW)  Power % 
-------------------------------------------------------------------------------
inverter              56  87.360    8.8      0.102    13.6      2.486      3.4 
logic                119 901.680   91.2      0.645    86.4     69.737     96.6 
physical_cells         0   0.000    0.0      0.000     0.0      0.000      0.0 
-------------------------------------------------------------------------------
total                175 989.040  100.0      0.747   100.0     72.223    100.0 

