============================================================
  Generated by:           Genus(TM) Synthesis Solution 17.10-p007_1
  Generated on:           Nov 20 2019  06:16:04 pm
  Module:                 filter_2
  Technology libraries:   CORE65LPSVT 
                          CLOCK65LPSVT 
                          physical_cells 
  Operating conditions:   _nominal_ 
  Interconnect mode:      global
  Area mode:              physical library
============================================================

                                   Leakage   Internal    Net        Dynamic          Total       
                                                                (Internal+Net) (Leakage+Dynamic) 
          Instance          Cells Power(uW) Power(uW) Power(uW)    Power(uW)       Power(uW)     
-------------------------------------------------------------------------------------------------
filter_2                      175     0.747    72.223    88.739        160.962           161.709 
  csa_tree_U.._18_10_groupi    39     0.181    24.680    25.166         49.847            50.028 
  csa_tree_U.._18_10_groupi    39     0.181    26.993    27.432         54.424            54.605 
  addinc_U_1_U_S0_add_18_16    22     0.095     4.254     7.685         11.939            12.033 
  addinc_U_0_U_S0_add_18_16    22     0.094     3.872     7.017         10.889            10.983 
  addinc_U_0_U_S1_add_18_16    14     0.080     5.344     5.284         10.628            10.708 
  addinc_U_1_U_S1_add_18_16    14     0.080     5.138     5.107         10.245            10.325 
  U_S10                         3     0.018     1.107     0.681          1.788             1.806 
    addinc_add_41_28            3     0.018     1.107     0.681          1.788             1.806 

