============================================================
  Generated by:           Genus(TM) Synthesis Solution 17.10-p007_1
  Generated on:           Nov 24 2019  02:38:14 am
  Module:                 FME_PIPE_6
  Technology libraries:   CORE65LPSVT 
                          CLOCK65LPSVT 
                          physical_cells 
  Operating conditions:   _nominal_ 
  Interconnect mode:      global
  Area mode:              physical library
============================================================

            Instance                       Module           Cells  Cell Area  Net Area   Total Area 
----------------------------------------------------------------------------------------------------
FME_PIPE_6                                                  11649      60934     24776        85710 
  U_inter                        interpolation_bit_width10   8600      43830     17203        61033 
  U_buffer                       buffer_shift                2230      12462      4942        17404 
  U_crtl                         CRTL_bit_width10              95        519       178          697 
  clipping[4].U_clip             clip8_bit_width10_439         15         50        14           64 
  clipping[3].U_clip             clip8_bit_width10_440         15         50        14           64 
  clipping[2].U_clip             clip8_bit_width10_441         15         50        14           64 
  clipping[1].U_clip             clip8_bit_width10_442         15         50        14           64 
  clipping[0].U_clip             clip8_bit_width10             15         50        14           64 
  clipping[14].U_clip_gte_769_34 geq_signed_922                 6         21         7           28 
  clipping[13].U_clip_gte_769_34 geq_signed_922_1569            6         21         7           28 
  clipping[12].U_clip_gte_769_34 geq_signed_922_1568            6         21         7           28 
  clipping[11].U_clip_gte_769_34 geq_signed_922_1567            6         21         7           28 
  clipping[10].U_clip_gte_769_34 geq_signed_922_1566            6         21         7           28 
  clipping[9].U_clip_gte_769_34  geq_signed_922_1565            6         21         7           28 
  clipping[8].U_clip_gte_769_34  geq_signed_922_1564            6         21         7           28 
  clipping[7].U_clip_gte_769_34  geq_signed_922_1563            6         21         7           28 
  clipping[6].U_clip_gte_769_34  geq_signed_922_1562            6         21         7           28 
  clipping[5].U_clip_gte_769_34  geq_signed_922_1561            6         21         7           28 
