============================================================
  Generated by:           Genus(TM) Synthesis Solution 17.10-p007_1
  Generated on:           Jan 21 2020  10:54:07 pm
  Module:                 filter_regular
  Technology libraries:   CORE65LPSVT 
                          CLOCK65LPSVT 
                          physical_cells 
  Operating conditions:   _nominal_ 
  Interconnect mode:      global
  Area mode:              physical library
============================================================

                      Leakage    Dynamic     Total   
   Instance    Cells Power(uW)  Power(uW)  Power(uW) 
-----------------------------------------------------
filter_regular 96483   905.091 129846.574 130751.665 
  S0[31].U0     2773    26.016   2648.386   2674.402 
  S0[3].U0      2727    25.656   2631.075   2656.731 
  S0[16].U0     2725    25.274   2748.642   2773.916 
  S0[30].U0     2755    25.251   2679.750   2705.001 
  S0[8].U0      2672    25.233   2921.577   2946.810 
  S0[20].U0     2727    25.151   2756.312   2781.464 
  S0[4].U0      2736    25.047   2543.258   2568.305 
  S0[24].U0     2710    25.024   2847.041   2872.065 
  S0[1].U0      2713    25.006   2717.752   2742.758 
  S0[25].U0     2728    24.892   2916.382   2941.274 
  S0[27].U0     2706    24.853   2870.552   2895.405 
  S0[19].U0     2709    24.829   2756.613   2781.442 
  S0[17].U0     2713    24.816   2723.430   2748.247 
  S0[22].U0     2741    24.813   2760.742   2785.556 
  S0[7].U0      2726    24.789   2722.648   2747.437 
  S0[23].U0     2683    24.771   2842.385   2867.156 
  S0[26].U0     2665    24.747   2886.074   2910.821 
  S0[14].U0     2738    24.690   2891.403   2916.093 
  S0[12].U0     2752    24.681   3061.527   3086.209 
  S0[15].U0     2693    24.599   2731.707   2756.306 
  S0[5].U0      2675    24.578   2487.764   2512.342 
  S0[28].U0     2717    24.574   2778.261   2802.835 
  S0[32].U0     2715    24.551   2564.750   2589.301 
  S0[9].U0      2718    24.534   2992.341   3016.875 
  S0[29].U0     2700    24.521   2555.099   2579.620 
  S0[21].U0     2710    24.478   2708.705   2733.183 
  S0[6].U0      2702    24.475   2609.243   2633.718 
  S0[18].U0     2703    24.442   2776.801   2801.243 
  S0[11].U0     2724    24.432   3069.414   3093.846 
  S0[13].U0     2699    24.175   2950.699   2974.874 
  S0[2].U0      2695    24.158   2594.239   2618.397 
  S0[10].U0     2687    24.048   3037.498   3061.546 
  S0[0].U0      2700    24.001   2631.925   2655.926 

