Command: report datapath > reports/FME_PIPE_2_datapath_map.log
============================================================
  Generated by:           Genus(TM) Synthesis Solution 17.10-p007_1
  Generated on:           Nov 23 2019  04:44:44 am
  Module:                 FME_PIPE_2
  Technology libraries:   CORE65LPSVT 
                          CLOCK65LPSVT 
                          physical_cells 
  Operating conditions:   _nominal_ 
  Interconnect mode:      global
  Area mode:              physical library
============================================================


Inferred components

                      Operator   Signedness Inputs Outputs CellArea Line Col    Filename    
============================================================================================
FME_PIPE_2
 U_inter
  PUs[0].U_F2_csa_tree_U_S1_add_18_10_groupi
  module:csa_tree_U_S1_add_18_10_group_2_4984
   very_fast       csa_and_adder            16x16  16        326.56                         
--------------------------------------------------------------------------------------------
   U_S1_add_18_10        +       signed     16x7   16                 18  10 FME_PIPE_2.vhd 
   U_S0_add_18_10        +       signed     16x16  16                 18  10 FME_PIPE_2.vhd 
============================================================================================
FME_PIPE_2
 U_inter
  PUs[0].U_F2_csa_tree_U_S21_add_18_10_groupi
  module:csa_tree_U_S21_add_18_10_group_2_4985
   very_fast       csa_and_adder            16x16  16        328.12                         
--------------------------------------------------------------------------------------------
   U_S21_add_18_10       +       signed     16x7   16                 18  10 FME_PIPE_2.vhd 
   U_S20_add_18_10       +       signed     16x16  16                 18  10 FME_PIPE_2.vhd 
============================================================================================
FME_PIPE_2
 U_inter
  PUs[10].U_F2_csa_tree_U_S1_add_18_10_groupi
  module:csa_tree_U_S1_add_18_10_group_2_4984_10
   very_fast       csa_and_adder            16x16  16        324.48                         
--------------------------------------------------------------------------------------------
   U_S1_add_18_10        +       signed     16x7   16                 18  10 FME_PIPE_2.vhd 
   U_S0_add_18_10        +       signed     16x16  16                 18  10 FME_PIPE_2.vhd 
============================================================================================
FME_PIPE_2
 U_inter
  PUs[10].U_F2_csa_tree_U_S21_add_18_10_groupi
  module:csa_tree_U_S21_add_18_10_group_2_4985_10
   very_fast       csa_and_adder            16x16  16        333.84                         
--------------------------------------------------------------------------------------------
   U_S21_add_18_10       +       signed     16x7   16                 18  10 FME_PIPE_2.vhd 
   U_S20_add_18_10       +       signed     16x16  16                 18  10 FME_PIPE_2.vhd 
============================================================================================
FME_PIPE_2
 U_inter
  PUs[11].U_F2_csa_tree_U_S1_add_18_10_groupi
  module:csa_tree_U_S1_add_18_10_group_2_4984_11
   very_fast       csa_and_adder            16x16  16        325.52                         
--------------------------------------------------------------------------------------------
   U_S1_add_18_10        +       signed     16x7   16                 18  10 FME_PIPE_2.vhd 
   U_S0_add_18_10        +       signed     16x16  16                 18  10 FME_PIPE_2.vhd 
============================================================================================
FME_PIPE_2
 U_inter
  PUs[11].U_F2_csa_tree_U_S21_add_18_10_groupi
  module:csa_tree_U_S21_add_18_10_group_2_4985_11
   very_fast       csa_and_adder            16x16  16        340.08                         
--------------------------------------------------------------------------------------------
   U_S21_add_18_10       +       signed     16x7   16                 18  10 FME_PIPE_2.vhd 
   U_S20_add_18_10       +       signed     16x16  16                 18  10 FME_PIPE_2.vhd 
============================================================================================
FME_PIPE_2
 U_inter
  PUs[12].U_F2_csa_tree_U_S1_add_18_10_groupi
  module:csa_tree_U_S1_add_18_10_group_2_4984_12
   very_fast       csa_and_adder            16x16  16        325.52                         
--------------------------------------------------------------------------------------------
   U_S1_add_18_10        +       signed     16x7   16                 18  10 FME_PIPE_2.vhd 
   U_S0_add_18_10        +       signed     16x16  16                 18  10 FME_PIPE_2.vhd 
============================================================================================
FME_PIPE_2
 U_inter
  PUs[12].U_F2_csa_tree_U_S21_add_18_10_groupi
  module:csa_tree_U_S21_add_18_10_group_2_4985_12
   very_fast       csa_and_adder            16x16  16        334.88                         
--------------------------------------------------------------------------------------------
   U_S21_add_18_10       +       signed     16x7   16                 18  10 FME_PIPE_2.vhd 
   U_S20_add_18_10       +       signed     16x16  16                 18  10 FME_PIPE_2.vhd 
============================================================================================
FME_PIPE_2
 U_inter
  PUs[13].U_F2_csa_tree_U_S1_add_18_10_groupi
  module:csa_tree_U_S1_add_18_10_group_2_4984_13
   very_fast       csa_and_adder            16x16  16        330.72                         
--------------------------------------------------------------------------------------------
   U_S1_add_18_10        +       signed     16x7   16                 18  10 FME_PIPE_2.vhd 
   U_S0_add_18_10        +       signed     16x16  16                 18  10 FME_PIPE_2.vhd 
============================================================================================
FME_PIPE_2
 U_inter
  PUs[13].U_F2_csa_tree_U_S21_add_18_10_groupi
  module:csa_tree_U_S21_add_18_10_group_2_4985_13
   very_fast       csa_and_adder            16x16  16        341.12                         
--------------------------------------------------------------------------------------------
   U_S21_add_18_10       +       signed     16x7   16                 18  10 FME_PIPE_2.vhd 
   U_S20_add_18_10       +       signed     16x16  16                 18  10 FME_PIPE_2.vhd 
============================================================================================
FME_PIPE_2
 U_inter
  PUs[14].U_F2_csa_tree_U_S1_add_18_10_groupi
  module:csa_tree_U_S1_add_18_10_group_2_4984_14
   very_fast       csa_and_adder            16x16  16        328.64                         
--------------------------------------------------------------------------------------------
   U_S1_add_18_10        +       signed     16x7   16                 18  10 FME_PIPE_2.vhd 
   U_S0_add_18_10        +       signed     16x16  16                 18  10 FME_PIPE_2.vhd 
============================================================================================
FME_PIPE_2
 U_inter
  PUs[14].U_F2_csa_tree_U_S21_add_18_10_groupi
  module:csa_tree_U_S21_add_18_10_group_2_4985_14
   very_fast       csa_and_adder            16x16  16        335.40                         
--------------------------------------------------------------------------------------------
   U_S21_add_18_10       +       signed     16x7   16                 18  10 FME_PIPE_2.vhd 
   U_S20_add_18_10       +       signed     16x16  16                 18  10 FME_PIPE_2.vhd 
============================================================================================
FME_PIPE_2
 U_inter
  PUs[15].U_F2_csa_tree_U_S1_add_18_10_groupi
  module:csa_tree_U_S1_add_18_10_group_2_4984_15
   very_fast       csa_and_adder            16x16  16        324.48                         
--------------------------------------------------------------------------------------------
   U_S1_add_18_10        +       signed     16x7   16                 18  10 FME_PIPE_2.vhd 
   U_S0_add_18_10        +       signed     16x16  16                 18  10 FME_PIPE_2.vhd 
============================================================================================
FME_PIPE_2
 U_inter
  PUs[15].U_F2_csa_tree_U_S21_add_18_10_groupi
  module:csa_tree_U_S21_add_18_10_group_2_4985_15
   very_fast       csa_and_adder            16x16  16        340.60                         
--------------------------------------------------------------------------------------------
   U_S21_add_18_10       +       signed     16x7   16                 18  10 FME_PIPE_2.vhd 
   U_S20_add_18_10       +       signed     16x16  16                 18  10 FME_PIPE_2.vhd 
============================================================================================
FME_PIPE_2
 U_inter
  PUs[16].U_F2_csa_tree_U_S1_add_18_10_groupi
  module:csa_tree_U_S1_add_18_10_group_2_4984_16
   very_fast       csa_and_adder            16x16  16        329.68                         
--------------------------------------------------------------------------------------------
   U_S1_add_18_10        +       signed     16x7   16                 18  10 FME_PIPE_2.vhd 
   U_S0_add_18_10        +       signed     16x16  16                 18  10 FME_PIPE_2.vhd 
============================================================================================
FME_PIPE_2
 U_inter
  PUs[16].U_F2_csa_tree_U_S21_add_18_10_groupi
  module:csa_tree_U_S21_add_18_10_group_2_4985_16
   very_fast       csa_and_adder            16x16  16        317.72                         
--------------------------------------------------------------------------------------------
   U_S21_add_18_10       +       signed     16x7   16                 18  10 FME_PIPE_2.vhd 
   U_S20_add_18_10       +       signed     16x16  16                 18  10 FME_PIPE_2.vhd 
============================================================================================
FME_PIPE_2
 U_inter
  PUs[17].U_F2_csa_tree_U_S1_add_18_10_groupi
  module:csa_tree_U_S1_add_18_10_group_2_4984_17
   very_fast       csa_and_adder            16x16  16        325.52                         
--------------------------------------------------------------------------------------------
   U_S1_add_18_10        +       signed     16x7   16                 18  10 FME_PIPE_2.vhd 
   U_S0_add_18_10        +       signed     16x16  16                 18  10 FME_PIPE_2.vhd 
============================================================================================
FME_PIPE_2
 U_inter
  PUs[17].U_F2_csa_tree_U_S21_add_18_10_groupi
  module:csa_tree_U_S21_add_18_10_group_2_4985_17
   very_fast       csa_and_adder            16x16  16        317.72                         
--------------------------------------------------------------------------------------------
   U_S21_add_18_10       +       signed     16x7   16                 18  10 FME_PIPE_2.vhd 
   U_S20_add_18_10       +       signed     16x16  16                 18  10 FME_PIPE_2.vhd 
============================================================================================
FME_PIPE_2
 U_inter
  PUs[18].U_F2_csa_tree_U_S1_add_18_10_groupi
  module:csa_tree_U_S1_add_18_10_group_2_4984_18
   very_fast       csa_and_adder            16x16  16        326.04                         
--------------------------------------------------------------------------------------------
   U_S1_add_18_10        +       signed     16x7   16                 18  10 FME_PIPE_2.vhd 
   U_S0_add_18_10        +       signed     16x16  16                 18  10 FME_PIPE_2.vhd 
============================================================================================
FME_PIPE_2
 U_inter
  PUs[18].U_F2_csa_tree_U_S21_add_18_10_groupi
  module:csa_tree_U_S21_add_18_10_group_2_4985_18
   very_fast       csa_and_adder            16x16  16        317.72                         
--------------------------------------------------------------------------------------------
   U_S21_add_18_10       +       signed     16x7   16                 18  10 FME_PIPE_2.vhd 
   U_S20_add_18_10       +       signed     16x16  16                 18  10 FME_PIPE_2.vhd 
============================================================================================
FME_PIPE_2
 U_inter
  PUs[19].U_F2_csa_tree_U_S1_add_18_10_groupi
  module:csa_tree_U_S1_add_18_10_group_2_4984_19
   very_fast       csa_and_adder            16x16  16        324.48                         
--------------------------------------------------------------------------------------------
   U_S1_add_18_10        +       signed     16x7   16                 18  10 FME_PIPE_2.vhd 
   U_S0_add_18_10        +       signed     16x16  16                 18  10 FME_PIPE_2.vhd 
============================================================================================
FME_PIPE_2
 U_inter
  PUs[19].U_F2_csa_tree_U_S21_add_18_10_groupi
  module:csa_tree_U_S21_add_18_10_group_2_4985_19
   very_fast       csa_and_adder            16x16  16        317.72                         
--------------------------------------------------------------------------------------------
   U_S21_add_18_10       +       signed     16x7   16                 18  10 FME_PIPE_2.vhd 
   U_S20_add_18_10       +       signed     16x16  16                 18  10 FME_PIPE_2.vhd 
============================================================================================
FME_PIPE_2
 U_inter
  PUs[1].U_F2_csa_tree_U_S1_add_18_10_groupi
  module:csa_tree_U_S1_add_18_10_group_2_4984_1
   very_fast       csa_and_adder            16x16  16        328.64                         
--------------------------------------------------------------------------------------------
   U_S1_add_18_10        +       signed     16x7   16                 18  10 FME_PIPE_2.vhd 
   U_S0_add_18_10        +       signed     16x16  16                 18  10 FME_PIPE_2.vhd 
============================================================================================
FME_PIPE_2
 U_inter
  PUs[1].U_F2_csa_tree_U_S21_add_18_10_groupi
  module:csa_tree_U_S21_add_18_10_group_2_4985_1
   very_fast       csa_and_adder            16x16  16        332.80                         
--------------------------------------------------------------------------------------------
   U_S21_add_18_10       +       signed     16x7   16                 18  10 FME_PIPE_2.vhd 
   U_S20_add_18_10       +       signed     16x16  16                 18  10 FME_PIPE_2.vhd 
============================================================================================
FME_PIPE_2
 U_inter
  PUs[20].U_F2_csa_tree_U_S1_add_18_10_groupi
  module:csa_tree_U_S1_add_18_10_group_2_4984_20
   very_fast       csa_and_adder            16x16  16        330.72                         
--------------------------------------------------------------------------------------------
   U_S1_add_18_10        +       signed     16x7   16                 18  10 FME_PIPE_2.vhd 
   U_S0_add_18_10        +       signed     16x16  16                 18  10 FME_PIPE_2.vhd 
============================================================================================
FME_PIPE_2
 U_inter
  PUs[20].U_F2_csa_tree_U_S21_add_18_10_groupi
  module:csa_tree_U_S21_add_18_10_group_2_4985_20
   very_fast       csa_and_adder            16x16  16        341.12                         
--------------------------------------------------------------------------------------------
   U_S21_add_18_10       +       signed     16x7   16                 18  10 FME_PIPE_2.vhd 
   U_S20_add_18_10       +       signed     16x16  16                 18  10 FME_PIPE_2.vhd 
============================================================================================
FME_PIPE_2
 U_inter
  PUs[21].U_F2_csa_tree_U_S1_add_18_10_groupi
  module:csa_tree_U_S1_add_18_10_group_2_4984_21
   very_fast       csa_and_adder            16x16  16        324.48                         
--------------------------------------------------------------------------------------------
   U_S1_add_18_10        +       signed     16x7   16                 18  10 FME_PIPE_2.vhd 
   U_S0_add_18_10        +       signed     16x16  16                 18  10 FME_PIPE_2.vhd 
============================================================================================
FME_PIPE_2
 U_inter
  PUs[21].U_F2_csa_tree_U_S21_add_18_10_groupi
  module:csa_tree_U_S21_add_18_10_group_2_4985_21
   very_fast       csa_and_adder            16x16  16        250.12                         
--------------------------------------------------------------------------------------------
   U_S21_add_18_10       +       signed     16x7   16                 18  10 FME_PIPE_2.vhd 
   U_S20_add_18_10       +       signed     16x16  16                 18  10 FME_PIPE_2.vhd 
============================================================================================
FME_PIPE_2
 U_inter
  PUs[22].U_F2_csa_tree_U_S1_add_18_10_groupi
  module:csa_tree_U_S1_add_18_10_group_2_4984_22
   very_fast       csa_and_adder            16x16  16        248.04                         
--------------------------------------------------------------------------------------------
   U_S1_add_18_10        +       signed     16x7   16                 18  10 FME_PIPE_2.vhd 
   U_S0_add_18_10        +       signed     16x16  16                 18  10 FME_PIPE_2.vhd 
============================================================================================
FME_PIPE_2
 U_inter
  PUs[22].U_F2_csa_tree_U_S21_add_18_10_groupi
  module:csa_tree_U_S21_add_18_10_group_2_4985_22
   very_fast       csa_and_adder            16x16  16        250.12                         
--------------------------------------------------------------------------------------------
   U_S21_add_18_10       +       signed     16x7   16                 18  10 FME_PIPE_2.vhd 
   U_S20_add_18_10       +       signed     16x16  16                 18  10 FME_PIPE_2.vhd 
============================================================================================
FME_PIPE_2
 U_inter
  PUs[23].U_F2_csa_tree_U_S1_add_18_10_groupi
  module:csa_tree_U_S1_add_18_10_group_2_5032
   very_fast       csa_and_adder            16x16  16        248.04                         
--------------------------------------------------------------------------------------------
   U_S1_add_18_10        +       signed     16x7   16                 18  10 FME_PIPE_2.vhd 
   U_S0_add_18_10        +       signed     16x16  16                 18  10 FME_PIPE_2.vhd 
============================================================================================
FME_PIPE_2
 U_inter
  PUs[23].U_F2_csa_tree_U_S21_add_18_10_groupi
  module:csa_tree_U_S21_add_18_10_group_2_5033
   very_fast       csa_and_adder            16x16  16        251.68                         
--------------------------------------------------------------------------------------------
   U_S21_add_18_10       +       signed     16x7   16                 18  10 FME_PIPE_2.vhd 
   U_S20_add_18_10       +       signed     16x16  16                 18  10 FME_PIPE_2.vhd 
============================================================================================
FME_PIPE_2
 U_inter
  PUs[24].U_F2_csa_tree_U_S1_add_18_10_groupi
  module:csa_tree_U_S1_add_18_10_group_2_5032_1
   very_fast       csa_and_adder            16x16  16        248.04                         
--------------------------------------------------------------------------------------------
   U_S1_add_18_10        +       signed     16x7   16                 18  10 FME_PIPE_2.vhd 
   U_S0_add_18_10        +       signed     16x16  16                 18  10 FME_PIPE_2.vhd 
============================================================================================
FME_PIPE_2
 U_inter
  PUs[24].U_F2_csa_tree_U_S21_add_18_10_groupi
  module:csa_tree_U_S21_add_18_10_group_2_5033_1
   very_fast       csa_and_adder            16x16  16        251.68                         
--------------------------------------------------------------------------------------------
   U_S21_add_18_10       +       signed     16x7   16                 18  10 FME_PIPE_2.vhd 
   U_S20_add_18_10       +       signed     16x16  16                 18  10 FME_PIPE_2.vhd 
============================================================================================
FME_PIPE_2
 U_inter
  PUs[25].U_F2_csa_tree_U_S1_add_18_10_groupi
  module:csa_tree_U_S1_add_18_10_group_2_5032_2
   very_fast       csa_and_adder            16x16  16        248.04                         
--------------------------------------------------------------------------------------------
   U_S1_add_18_10        +       signed     16x7   16                 18  10 FME_PIPE_2.vhd 
   U_S0_add_18_10        +       signed     16x16  16                 18  10 FME_PIPE_2.vhd 
============================================================================================
FME_PIPE_2
 U_inter
  PUs[25].U_F2_csa_tree_U_S21_add_18_10_groupi
  module:csa_tree_U_S21_add_18_10_group_2_5033_2
   very_fast       csa_and_adder            16x16  16        251.68                         
--------------------------------------------------------------------------------------------
   U_S21_add_18_10       +       signed     16x7   16                 18  10 FME_PIPE_2.vhd 
   U_S20_add_18_10       +       signed     16x16  16                 18  10 FME_PIPE_2.vhd 
============================================================================================
FME_PIPE_2
 U_inter
  PUs[26].U_F2_csa_tree_U_S1_add_18_10_groupi
  module:csa_tree_U_S1_add_18_10_group_2_5032_3
   very_fast       csa_and_adder            16x16  16        248.04                         
--------------------------------------------------------------------------------------------
   U_S1_add_18_10        +       signed     16x7   16                 18  10 FME_PIPE_2.vhd 
   U_S0_add_18_10        +       signed     16x16  16                 18  10 FME_PIPE_2.vhd 
============================================================================================
FME_PIPE_2
 U_inter
  PUs[26].U_F2_csa_tree_U_S21_add_18_10_groupi
  module:csa_tree_U_S21_add_18_10_group_2_5033_3
   very_fast       csa_and_adder            16x16  16        251.68                         
--------------------------------------------------------------------------------------------
   U_S21_add_18_10       +       signed     16x7   16                 18  10 FME_PIPE_2.vhd 
   U_S20_add_18_10       +       signed     16x16  16                 18  10 FME_PIPE_2.vhd 
============================================================================================
FME_PIPE_2
 U_inter
  PUs[27].U_F2_csa_tree_U_S1_add_18_10_groupi
  module:csa_tree_U_S1_add_18_10_group_2_5032_4
   very_fast       csa_and_adder            16x16  16        248.04                         
--------------------------------------------------------------------------------------------
   U_S1_add_18_10        +       signed     16x7   16                 18  10 FME_PIPE_2.vhd 
   U_S0_add_18_10        +       signed     16x16  16                 18  10 FME_PIPE_2.vhd 
============================================================================================
FME_PIPE_2
 U_inter
  PUs[27].U_F2_csa_tree_U_S21_add_18_10_groupi
  module:csa_tree_U_S21_add_18_10_group_2_5033_4
   very_fast       csa_and_adder            16x16  16        251.68                         
--------------------------------------------------------------------------------------------
   U_S21_add_18_10       +       signed     16x7   16                 18  10 FME_PIPE_2.vhd 
   U_S20_add_18_10       +       signed     16x16  16                 18  10 FME_PIPE_2.vhd 
============================================================================================
FME_PIPE_2
 U_inter
  PUs[28].U_F2_csa_tree_U_S1_add_18_10_groupi
  module:csa_tree_U_S1_add_18_10_group_2_5032_5
   very_fast       csa_and_adder            16x16  16        248.04                         
--------------------------------------------------------------------------------------------
   U_S1_add_18_10        +       signed     16x7   16                 18  10 FME_PIPE_2.vhd 
   U_S0_add_18_10        +       signed     16x16  16                 18  10 FME_PIPE_2.vhd 
============================================================================================
FME_PIPE_2
 U_inter
  PUs[28].U_F2_csa_tree_U_S21_add_18_10_groupi
  module:csa_tree_U_S21_add_18_10_group_2_5033_5
   very_fast       csa_and_adder            16x16  16        251.68                         
--------------------------------------------------------------------------------------------
   U_S21_add_18_10       +       signed     16x7   16                 18  10 FME_PIPE_2.vhd 
   U_S20_add_18_10       +       signed     16x16  16                 18  10 FME_PIPE_2.vhd 
============================================================================================
FME_PIPE_2
 U_inter
  PUs[29].U_F2_csa_tree_U_S1_add_18_10_groupi
  module:csa_tree_U_S1_add_18_10_group_2_5032_6
   very_fast       csa_and_adder            16x16  16        248.04                         
--------------------------------------------------------------------------------------------
   U_S1_add_18_10        +       signed     16x7   16                 18  10 FME_PIPE_2.vhd 
   U_S0_add_18_10        +       signed     16x16  16                 18  10 FME_PIPE_2.vhd 
============================================================================================
FME_PIPE_2
 U_inter
  PUs[29].U_F2_csa_tree_U_S21_add_18_10_groupi
  module:csa_tree_U_S21_add_18_10_group_2_5033_6
   very_fast       csa_and_adder            16x16  16        251.68                         
--------------------------------------------------------------------------------------------
   U_S21_add_18_10       +       signed     16x7   16                 18  10 FME_PIPE_2.vhd 
   U_S20_add_18_10       +       signed     16x16  16                 18  10 FME_PIPE_2.vhd 
============================================================================================
FME_PIPE_2
 U_inter
  PUs[2].U_F2_csa_tree_U_S1_add_18_10_groupi
  module:csa_tree_U_S1_add_18_10_group_2_4984_2
   very_fast       csa_and_adder            16x16  16        329.68                         
--------------------------------------------------------------------------------------------
   U_S1_add_18_10        +       signed     16x7   16                 18  10 FME_PIPE_2.vhd 
   U_S0_add_18_10        +       signed     16x16  16                 18  10 FME_PIPE_2.vhd 
============================================================================================
FME_PIPE_2
 U_inter
  PUs[2].U_F2_csa_tree_U_S21_add_18_10_groupi
  module:csa_tree_U_S21_add_18_10_group_2_4985_2
   very_fast       csa_and_adder            16x16  16        331.24                         
--------------------------------------------------------------------------------------------
   U_S21_add_18_10       +       signed     16x7   16                 18  10 FME_PIPE_2.vhd 
   U_S20_add_18_10       +       signed     16x16  16                 18  10 FME_PIPE_2.vhd 
============================================================================================
FME_PIPE_2
 U_inter
  PUs[30].U_F2_csa_tree_U_S1_add_18_10_groupi
  module:csa_tree_U_S1_add_18_10_group_2_5032_7
   very_fast       csa_and_adder            16x16  16        248.04                         
--------------------------------------------------------------------------------------------
   U_S1_add_18_10        +       signed     16x7   16                 18  10 FME_PIPE_2.vhd 
   U_S0_add_18_10        +       signed     16x16  16                 18  10 FME_PIPE_2.vhd 
============================================================================================
FME_PIPE_2
 U_inter
  PUs[30].U_F2_csa_tree_U_S21_add_18_10_groupi
  module:csa_tree_U_S21_add_18_10_group_2_5033_7
   very_fast       csa_and_adder            16x16  16        251.68                         
--------------------------------------------------------------------------------------------
   U_S21_add_18_10       +       signed     16x7   16                 18  10 FME_PIPE_2.vhd 
   U_S20_add_18_10       +       signed     16x16  16                 18  10 FME_PIPE_2.vhd 
============================================================================================
FME_PIPE_2
 U_inter
  PUs[31].U_F2_csa_tree_U_S1_add_18_10_groupi
  module:csa_tree_U_S1_add_18_10_group_2_5032_8
   very_fast       csa_and_adder            16x16  16        248.04                         
--------------------------------------------------------------------------------------------
   U_S1_add_18_10        +       signed     16x7   16                 18  10 FME_PIPE_2.vhd 
   U_S0_add_18_10        +       signed     16x16  16                 18  10 FME_PIPE_2.vhd 
============================================================================================
FME_PIPE_2
 U_inter
  PUs[31].U_F2_csa_tree_U_S21_add_18_10_groupi
  module:csa_tree_U_S21_add_18_10_group_2_5033_8
   very_fast       csa_and_adder            16x16  16        251.68                         
--------------------------------------------------------------------------------------------
   U_S21_add_18_10       +       signed     16x7   16                 18  10 FME_PIPE_2.vhd 
   U_S20_add_18_10       +       signed     16x16  16                 18  10 FME_PIPE_2.vhd 
============================================================================================
FME_PIPE_2
 U_inter
  PUs[32].U_F2_csa_tree_U_S1_add_18_10_groupi
  module:csa_tree_U_S1_add_18_10_group_2_5032_9
   very_fast       csa_and_adder            16x16  16        248.04                         
--------------------------------------------------------------------------------------------
   U_S1_add_18_10        +       signed     16x7   16                 18  10 FME_PIPE_2.vhd 
   U_S0_add_18_10        +       signed     16x16  16                 18  10 FME_PIPE_2.vhd 
============================================================================================
FME_PIPE_2
 U_inter
  PUs[32].U_F2_csa_tree_U_S21_add_18_10_groupi
  module:csa_tree_U_S21_add_18_10_group_2_5033_9
   very_fast       csa_and_adder            16x16  16        251.68                         
--------------------------------------------------------------------------------------------
   U_S21_add_18_10       +       signed     16x7   16                 18  10 FME_PIPE_2.vhd 
   U_S20_add_18_10       +       signed     16x16  16                 18  10 FME_PIPE_2.vhd 
============================================================================================
FME_PIPE_2
 U_inter
  PUs[33].U_F2_csa_tree_U_S1_add_18_10_groupi
  module:csa_tree_U_S1_add_18_10_group_2_5032_10
   very_fast       csa_and_adder            16x16  16        248.04                         
--------------------------------------------------------------------------------------------
   U_S1_add_18_10        +       signed     16x7   16                 18  10 FME_PIPE_2.vhd 
   U_S0_add_18_10        +       signed     16x16  16                 18  10 FME_PIPE_2.vhd 
============================================================================================
FME_PIPE_2
 U_inter
  PUs[33].U_F2_csa_tree_U_S21_add_18_10_groupi
  module:csa_tree_U_S21_add_18_10_group_2_5033_10
   very_fast       csa_and_adder            16x16  16        251.68                         
--------------------------------------------------------------------------------------------
   U_S21_add_18_10       +       signed     16x7   16                 18  10 FME_PIPE_2.vhd 
   U_S20_add_18_10       +       signed     16x16  16                 18  10 FME_PIPE_2.vhd 
============================================================================================
FME_PIPE_2
 U_inter
  PUs[34].U_F2_csa_tree_U_S1_add_18_10_groupi
  module:csa_tree_U_S1_add_18_10_group_2_5032_11
   very_fast       csa_and_adder            16x16  16        248.04                         
--------------------------------------------------------------------------------------------
   U_S1_add_18_10        +       signed     16x7   16                 18  10 FME_PIPE_2.vhd 
   U_S0_add_18_10        +       signed     16x16  16                 18  10 FME_PIPE_2.vhd 
============================================================================================
FME_PIPE_2
 U_inter
  PUs[34].U_F2_csa_tree_U_S21_add_18_10_groupi
  module:csa_tree_U_S21_add_18_10_group_2_5033_11
   very_fast       csa_and_adder            16x16  16        251.68                         
--------------------------------------------------------------------------------------------
   U_S21_add_18_10       +       signed     16x7   16                 18  10 FME_PIPE_2.vhd 
   U_S20_add_18_10       +       signed     16x16  16                 18  10 FME_PIPE_2.vhd 
============================================================================================
FME_PIPE_2
 U_inter
  PUs[35].U_F2_csa_tree_U_S1_add_18_10_groupi
  module:csa_tree_U_S1_add_18_10_group_2_5032_12
   very_fast       csa_and_adder            16x16  16        248.04                         
--------------------------------------------------------------------------------------------
   U_S1_add_18_10        +       signed     16x7   16                 18  10 FME_PIPE_2.vhd 
   U_S0_add_18_10        +       signed     16x16  16                 18  10 FME_PIPE_2.vhd 
============================================================================================
FME_PIPE_2
 U_inter
  PUs[35].U_F2_csa_tree_U_S21_add_18_10_groupi
  module:csa_tree_U_S21_add_18_10_group_2_5033_12
   very_fast       csa_and_adder            16x16  16        251.68                         
--------------------------------------------------------------------------------------------
   U_S21_add_18_10       +       signed     16x7   16                 18  10 FME_PIPE_2.vhd 
   U_S20_add_18_10       +       signed     16x16  16                 18  10 FME_PIPE_2.vhd 
============================================================================================
FME_PIPE_2
 U_inter
  PUs[36].U_F2_csa_tree_U_S1_add_18_10_groupi
  module:csa_tree_U_S1_add_18_10_group_2_5032_13
   very_fast       csa_and_adder            16x16  16        248.04                         
--------------------------------------------------------------------------------------------
   U_S1_add_18_10        +       signed     16x7   16                 18  10 FME_PIPE_2.vhd 
   U_S0_add_18_10        +       signed     16x16  16                 18  10 FME_PIPE_2.vhd 
============================================================================================
FME_PIPE_2
 U_inter
  PUs[36].U_F2_csa_tree_U_S21_add_18_10_groupi
  module:csa_tree_U_S21_add_18_10_group_2_5033_13
   very_fast       csa_and_adder            16x16  16        251.68                         
--------------------------------------------------------------------------------------------
   U_S21_add_18_10       +       signed     16x7   16                 18  10 FME_PIPE_2.vhd 
   U_S20_add_18_10       +       signed     16x16  16                 18  10 FME_PIPE_2.vhd 
============================================================================================
FME_PIPE_2
 U_inter
  PUs[37].U_F2_csa_tree_U_S1_add_18_10_groupi
  module:csa_tree_U_S1_add_18_10_group_2_5032_14
   very_fast       csa_and_adder            16x16  16        248.04                         
--------------------------------------------------------------------------------------------
   U_S1_add_18_10        +       signed     16x7   16                 18  10 FME_PIPE_2.vhd 
   U_S0_add_18_10        +       signed     16x16  16                 18  10 FME_PIPE_2.vhd 
============================================================================================
FME_PIPE_2
 U_inter
  PUs[37].U_F2_csa_tree_U_S21_add_18_10_groupi
  module:csa_tree_U_S21_add_18_10_group_2_5033_14
   very_fast       csa_and_adder            16x16  16        251.68                         
--------------------------------------------------------------------------------------------
   U_S21_add_18_10       +       signed     16x7   16                 18  10 FME_PIPE_2.vhd 
   U_S20_add_18_10       +       signed     16x16  16                 18  10 FME_PIPE_2.vhd 
============================================================================================
FME_PIPE_2
 U_inter
  PUs[38].U_F2_csa_tree_U_S1_add_18_10_groupi
  module:csa_tree_U_S1_add_18_10_group_2_5032_15
   very_fast       csa_and_adder            16x16  16        248.04                         
--------------------------------------------------------------------------------------------
   U_S1_add_18_10        +       signed     16x7   16                 18  10 FME_PIPE_2.vhd 
   U_S0_add_18_10        +       signed     16x16  16                 18  10 FME_PIPE_2.vhd 
============================================================================================
FME_PIPE_2
 U_inter
  PUs[38].U_F2_csa_tree_U_S21_add_18_10_groupi
  module:csa_tree_U_S21_add_18_10_group_2_5033_15
   very_fast       csa_and_adder            16x16  16        251.68                         
--------------------------------------------------------------------------------------------
   U_S21_add_18_10       +       signed     16x7   16                 18  10 FME_PIPE_2.vhd 
   U_S20_add_18_10       +       signed     16x16  16                 18  10 FME_PIPE_2.vhd 
============================================================================================
FME_PIPE_2
 U_inter
  PUs[39].U_F2_csa_tree_U_S1_add_18_10_groupi
  module:csa_tree_U_S1_add_18_10_group_2_5032_16
   very_fast       csa_and_adder            16x16  16        248.04                         
--------------------------------------------------------------------------------------------
   U_S1_add_18_10        +       signed     16x7   16                 18  10 FME_PIPE_2.vhd 
   U_S0_add_18_10        +       signed     16x16  16                 18  10 FME_PIPE_2.vhd 
============================================================================================
FME_PIPE_2
 U_inter
  PUs[39].U_F2_csa_tree_U_S21_add_18_10_groupi
  module:csa_tree_U_S21_add_18_10_group_2_5033_16
   very_fast       csa_and_adder            16x16  16        251.68                         
--------------------------------------------------------------------------------------------
   U_S21_add_18_10       +       signed     16x7   16                 18  10 FME_PIPE_2.vhd 
   U_S20_add_18_10       +       signed     16x16  16                 18  10 FME_PIPE_2.vhd 
============================================================================================
FME_PIPE_2
 U_inter
  PUs[3].U_F2_csa_tree_U_S1_add_18_10_groupi
  module:csa_tree_U_S1_add_18_10_group_2_4984_3
   very_fast       csa_and_adder            16x16  16        324.48                         
--------------------------------------------------------------------------------------------
   U_S1_add_18_10        +       signed     16x7   16                 18  10 FME_PIPE_2.vhd 
   U_S0_add_18_10        +       signed     16x16  16                 18  10 FME_PIPE_2.vhd 
============================================================================================
FME_PIPE_2
 U_inter
  PUs[3].U_F2_csa_tree_U_S21_add_18_10_groupi
  module:csa_tree_U_S21_add_18_10_group_2_4985_3
   very_fast       csa_and_adder            16x16  16        318.24                         
--------------------------------------------------------------------------------------------
   U_S21_add_18_10       +       signed     16x7   16                 18  10 FME_PIPE_2.vhd 
   U_S20_add_18_10       +       signed     16x16  16                 18  10 FME_PIPE_2.vhd 
============================================================================================
FME_PIPE_2
 U_inter
  PUs[40].U_F2_csa_tree_U_S1_add_18_10_groupi
  module:csa_tree_U_S1_add_18_10_group_2_5032_17
   very_fast       csa_and_adder            16x16  16        248.04                         
--------------------------------------------------------------------------------------------
   U_S1_add_18_10        +       signed     16x7   16                 18  10 FME_PIPE_2.vhd 
   U_S0_add_18_10        +       signed     16x16  16                 18  10 FME_PIPE_2.vhd 
============================================================================================
FME_PIPE_2
 U_inter
  PUs[40].U_F2_csa_tree_U_S21_add_18_10_groupi
  module:csa_tree_U_S21_add_18_10_group_2_5033_17
   very_fast       csa_and_adder            16x16  16        251.68                         
--------------------------------------------------------------------------------------------
   U_S21_add_18_10       +       signed     16x7   16                 18  10 FME_PIPE_2.vhd 
   U_S20_add_18_10       +       signed     16x16  16                 18  10 FME_PIPE_2.vhd 
============================================================================================
FME_PIPE_2
 U_inter
  PUs[41].U_F2_csa_tree_U_S1_add_18_10_groupi
  module:csa_tree_U_S1_add_18_10_group_2_5032_18
   very_fast       csa_and_adder            16x16  16        248.04                         
--------------------------------------------------------------------------------------------
   U_S1_add_18_10        +       signed     16x7   16                 18  10 FME_PIPE_2.vhd 
   U_S0_add_18_10        +       signed     16x16  16                 18  10 FME_PIPE_2.vhd 
============================================================================================
FME_PIPE_2
 U_inter
  PUs[41].U_F2_csa_tree_U_S21_add_18_10_groupi
  module:csa_tree_U_S21_add_18_10_group_2_5033_18
   very_fast       csa_and_adder            16x16  16        251.68                         
--------------------------------------------------------------------------------------------
   U_S21_add_18_10       +       signed     16x7   16                 18  10 FME_PIPE_2.vhd 
   U_S20_add_18_10       +       signed     16x16  16                 18  10 FME_PIPE_2.vhd 
============================================================================================
FME_PIPE_2
 U_inter
  PUs[42].U_F2_csa_tree_U_S1_add_18_10_groupi
  module:csa_tree_U_S1_add_18_10_group_2_5032_19
   very_fast       csa_and_adder            16x16  16        248.04                         
--------------------------------------------------------------------------------------------
   U_S1_add_18_10        +       signed     16x7   16                 18  10 FME_PIPE_2.vhd 
   U_S0_add_18_10        +       signed     16x16  16                 18  10 FME_PIPE_2.vhd 
============================================================================================
FME_PIPE_2
 U_inter
  PUs[42].U_F2_csa_tree_U_S21_add_18_10_groupi
  module:csa_tree_U_S21_add_18_10_group_2_5033_19
   very_fast       csa_and_adder            16x16  16        251.68                         
--------------------------------------------------------------------------------------------
   U_S21_add_18_10       +       signed     16x7   16                 18  10 FME_PIPE_2.vhd 
   U_S20_add_18_10       +       signed     16x16  16                 18  10 FME_PIPE_2.vhd 
============================================================================================
FME_PIPE_2
 U_inter
  PUs[43].U_F2_csa_tree_U_S1_add_18_10_groupi
  module:csa_tree_U_S1_add_18_10_group_2_5032_20
   very_fast       csa_and_adder            16x16  16        248.04                         
--------------------------------------------------------------------------------------------
   U_S1_add_18_10        +       signed     16x7   16                 18  10 FME_PIPE_2.vhd 
   U_S0_add_18_10        +       signed     16x16  16                 18  10 FME_PIPE_2.vhd 
============================================================================================
FME_PIPE_2
 U_inter
  PUs[43].U_F2_csa_tree_U_S21_add_18_10_groupi
  module:csa_tree_U_S21_add_18_10_group_2_5033_20
   very_fast       csa_and_adder            16x16  16        251.68                         
--------------------------------------------------------------------------------------------
   U_S21_add_18_10       +       signed     16x7   16                 18  10 FME_PIPE_2.vhd 
   U_S20_add_18_10       +       signed     16x16  16                 18  10 FME_PIPE_2.vhd 
============================================================================================
FME_PIPE_2
 U_inter
  PUs[44].U_F2_csa_tree_U_S1_add_18_10_groupi
  module:csa_tree_U_S1_add_18_10_group_2_5032_21
   very_fast       csa_and_adder            16x16  16        248.04                         
--------------------------------------------------------------------------------------------
   U_S1_add_18_10        +       signed     16x7   16                 18  10 FME_PIPE_2.vhd 
   U_S0_add_18_10        +       signed     16x16  16                 18  10 FME_PIPE_2.vhd 
============================================================================================
FME_PIPE_2
 U_inter
  PUs[44].U_F2_csa_tree_U_S21_add_18_10_groupi
  module:csa_tree_U_S21_add_18_10_group_2_5033_21
   very_fast       csa_and_adder            16x16  16        251.68                         
--------------------------------------------------------------------------------------------
   U_S21_add_18_10       +       signed     16x7   16                 18  10 FME_PIPE_2.vhd 
   U_S20_add_18_10       +       signed     16x16  16                 18  10 FME_PIPE_2.vhd 
============================================================================================
FME_PIPE_2
 U_inter
  PUs[45].U_F2_csa_tree_U_S1_add_18_10_groupi
  module:csa_tree_U_S1_add_18_10_group_2_5032_22
   very_fast       csa_and_adder            16x16  16        248.04                         
--------------------------------------------------------------------------------------------
   U_S1_add_18_10        +       signed     16x7   16                 18  10 FME_PIPE_2.vhd 
   U_S0_add_18_10        +       signed     16x16  16                 18  10 FME_PIPE_2.vhd 
============================================================================================
FME_PIPE_2
 U_inter
  PUs[45].U_F2_csa_tree_U_S21_add_18_10_groupi
  module:csa_tree_U_S21_add_18_10_group_2_5033_22
   very_fast       csa_and_adder            16x16  16        251.68                         
--------------------------------------------------------------------------------------------
   U_S21_add_18_10       +       signed     16x7   16                 18  10 FME_PIPE_2.vhd 
   U_S20_add_18_10       +       signed     16x16  16                 18  10 FME_PIPE_2.vhd 
============================================================================================
FME_PIPE_2
 U_inter
  PUs[46].U_F2_csa_tree_U_S1_add_18_10_groupi
  module:csa_tree_U_S1_add_18_10_group_2
   very_fast       csa_and_adder            16x16  16        251.68                         
--------------------------------------------------------------------------------------------
   U_S1_add_18_10        +       signed     16x7   16                 18  10 FME_PIPE_2.vhd 
   U_S0_add_18_10        +       signed     16x16  16                 18  10 FME_PIPE_2.vhd 
============================================================================================
FME_PIPE_2
 U_inter
  PUs[46].U_F2_csa_tree_U_S21_add_18_10_groupi
  module:csa_tree_U_S21_add_18_10_group_2
   very_fast       csa_and_adder            16x16  16        244.40                         
--------------------------------------------------------------------------------------------
   U_S21_add_18_10       +       signed     16x7   16                 18  10 FME_PIPE_2.vhd 
   U_S20_add_18_10       +       signed     16x16  16                 18  10 FME_PIPE_2.vhd 
============================================================================================
FME_PIPE_2
 U_inter
  PUs[47].U_F2_csa_tree_U_S1_add_18_10_groupi
  module:csa_tree_U_S1_add_18_10_group_2_1
   very_fast       csa_and_adder            16x16  16        251.68                         
--------------------------------------------------------------------------------------------
   U_S1_add_18_10        +       signed     16x7   16                 18  10 FME_PIPE_2.vhd 
   U_S0_add_18_10        +       signed     16x16  16                 18  10 FME_PIPE_2.vhd 
============================================================================================
FME_PIPE_2
 U_inter
  PUs[47].U_F2_csa_tree_U_S21_add_18_10_groupi
  module:csa_tree_U_S21_add_18_10_group_2_1
   very_fast       csa_and_adder            16x16  16        244.40                         
--------------------------------------------------------------------------------------------
   U_S21_add_18_10       +       signed     16x7   16                 18  10 FME_PIPE_2.vhd 
   U_S20_add_18_10       +       signed     16x16  16                 18  10 FME_PIPE_2.vhd 
============================================================================================
FME_PIPE_2
 U_inter
  PUs[48].U_F2_csa_tree_U_S1_add_18_10_groupi
  module:csa_tree_U_S1_add_18_10_group_2_2
   very_fast       csa_and_adder            16x16  16        251.68                         
--------------------------------------------------------------------------------------------
   U_S1_add_18_10        +       signed     16x7   16                 18  10 FME_PIPE_2.vhd 
   U_S0_add_18_10        +       signed     16x16  16                 18  10 FME_PIPE_2.vhd 
============================================================================================
FME_PIPE_2
 U_inter
  PUs[48].U_F2_csa_tree_U_S21_add_18_10_groupi
  module:csa_tree_U_S21_add_18_10_group_2_2
   very_fast       csa_and_adder            16x16  16        244.40                         
--------------------------------------------------------------------------------------------
   U_S21_add_18_10       +       signed     16x7   16                 18  10 FME_PIPE_2.vhd 
   U_S20_add_18_10       +       signed     16x16  16                 18  10 FME_PIPE_2.vhd 
============================================================================================
FME_PIPE_2
 U_inter
  PUs[49].U_F2_csa_tree_U_S1_add_18_10_groupi
  module:csa_tree_U_S1_add_18_10_group_2_3
   very_fast       csa_and_adder            16x16  16        251.68                         
--------------------------------------------------------------------------------------------
   U_S1_add_18_10        +       signed     16x7   16                 18  10 FME_PIPE_2.vhd 
   U_S0_add_18_10        +       signed     16x16  16                 18  10 FME_PIPE_2.vhd 
============================================================================================
FME_PIPE_2
 U_inter
  PUs[49].U_F2_csa_tree_U_S21_add_18_10_groupi
  module:csa_tree_U_S21_add_18_10_group_2_3
   very_fast       csa_and_adder            16x16  16        244.40                         
--------------------------------------------------------------------------------------------
   U_S21_add_18_10       +       signed     16x7   16                 18  10 FME_PIPE_2.vhd 
   U_S20_add_18_10       +       signed     16x16  16                 18  10 FME_PIPE_2.vhd 
============================================================================================
FME_PIPE_2
 U_inter
  PUs[4].U_F2_csa_tree_U_S1_add_18_10_groupi
  module:csa_tree_U_S1_add_18_10_group_2_4984_4
   very_fast       csa_and_adder            16x16  16        324.48                         
--------------------------------------------------------------------------------------------
   U_S1_add_18_10        +       signed     16x7   16                 18  10 FME_PIPE_2.vhd 
   U_S0_add_18_10        +       signed     16x16  16                 18  10 FME_PIPE_2.vhd 
============================================================================================
FME_PIPE_2
 U_inter
  PUs[4].U_F2_csa_tree_U_S21_add_18_10_groupi
  module:csa_tree_U_S21_add_18_10_group_2_4985_4
   very_fast       csa_and_adder            16x16  16        318.24                         
--------------------------------------------------------------------------------------------
   U_S21_add_18_10       +       signed     16x7   16                 18  10 FME_PIPE_2.vhd 
   U_S20_add_18_10       +       signed     16x16  16                 18  10 FME_PIPE_2.vhd 
============================================================================================
FME_PIPE_2
 U_inter
  PUs[50].U_F2_csa_tree_U_S1_add_18_10_groupi
  module:csa_tree_U_S1_add_18_10_group_2_4
   very_fast       csa_and_adder            16x16  16        251.68                         
--------------------------------------------------------------------------------------------
   U_S1_add_18_10        +       signed     16x7   16                 18  10 FME_PIPE_2.vhd 
   U_S0_add_18_10        +       signed     16x16  16                 18  10 FME_PIPE_2.vhd 
============================================================================================
FME_PIPE_2
 U_inter
  PUs[50].U_F2_csa_tree_U_S21_add_18_10_groupi
  module:csa_tree_U_S21_add_18_10_group_2_4
   very_fast       csa_and_adder            16x16  16        244.40                         
--------------------------------------------------------------------------------------------
   U_S21_add_18_10       +       signed     16x7   16                 18  10 FME_PIPE_2.vhd 
   U_S20_add_18_10       +       signed     16x16  16                 18  10 FME_PIPE_2.vhd 
============================================================================================
FME_PIPE_2
 U_inter
  PUs[51].U_F2_csa_tree_U_S1_add_18_10_groupi
  module:csa_tree_U_S1_add_18_10_group_2_5
   very_fast       csa_and_adder            16x16  16        251.68                         
--------------------------------------------------------------------------------------------
   U_S1_add_18_10        +       signed     16x7   16                 18  10 FME_PIPE_2.vhd 
   U_S0_add_18_10        +       signed     16x16  16                 18  10 FME_PIPE_2.vhd 
============================================================================================
FME_PIPE_2
 U_inter
  PUs[51].U_F2_csa_tree_U_S21_add_18_10_groupi
  module:csa_tree_U_S21_add_18_10_group_2_5
   very_fast       csa_and_adder            16x16  16        244.40                         
--------------------------------------------------------------------------------------------
   U_S21_add_18_10       +       signed     16x7   16                 18  10 FME_PIPE_2.vhd 
   U_S20_add_18_10       +       signed     16x16  16                 18  10 FME_PIPE_2.vhd 
============================================================================================
FME_PIPE_2
 U_inter
  PUs[52].U_F2_csa_tree_U_S1_add_18_10_groupi
  module:csa_tree_U_S1_add_18_10_group_2_6
   very_fast       csa_and_adder            16x16  16        251.68                         
--------------------------------------------------------------------------------------------
   U_S1_add_18_10        +       signed     16x7   16                 18  10 FME_PIPE_2.vhd 
   U_S0_add_18_10        +       signed     16x16  16                 18  10 FME_PIPE_2.vhd 
============================================================================================
FME_PIPE_2
 U_inter
  PUs[52].U_F2_csa_tree_U_S21_add_18_10_groupi
  module:csa_tree_U_S21_add_18_10_group_2_6
   very_fast       csa_and_adder            16x16  16        244.40                         
--------------------------------------------------------------------------------------------
   U_S21_add_18_10       +       signed     16x7   16                 18  10 FME_PIPE_2.vhd 
   U_S20_add_18_10       +       signed     16x16  16                 18  10 FME_PIPE_2.vhd 
============================================================================================
FME_PIPE_2
 U_inter
  PUs[53].U_F2_csa_tree_U_S1_add_18_10_groupi
  module:csa_tree_U_S1_add_18_10_group_2_7
   very_fast       csa_and_adder            16x16  16        251.68                         
--------------------------------------------------------------------------------------------
   U_S1_add_18_10        +       signed     16x7   16                 18  10 FME_PIPE_2.vhd 
   U_S0_add_18_10        +       signed     16x16  16                 18  10 FME_PIPE_2.vhd 
============================================================================================
FME_PIPE_2
 U_inter
  PUs[53].U_F2_csa_tree_U_S21_add_18_10_groupi
  module:csa_tree_U_S21_add_18_10_group_2_7
   very_fast       csa_and_adder            16x16  16        244.40                         
--------------------------------------------------------------------------------------------
   U_S21_add_18_10       +       signed     16x7   16                 18  10 FME_PIPE_2.vhd 
   U_S20_add_18_10       +       signed     16x16  16                 18  10 FME_PIPE_2.vhd 
============================================================================================
FME_PIPE_2
 U_inter
  PUs[54].U_F2_csa_tree_U_S1_add_18_10_groupi
  module:csa_tree_U_S1_add_18_10_group_2_8
   very_fast       csa_and_adder            16x16  16        251.68                         
--------------------------------------------------------------------------------------------
   U_S1_add_18_10        +       signed     16x7   16                 18  10 FME_PIPE_2.vhd 
   U_S0_add_18_10        +       signed     16x16  16                 18  10 FME_PIPE_2.vhd 
============================================================================================
FME_PIPE_2
 U_inter
  PUs[54].U_F2_csa_tree_U_S21_add_18_10_groupi
  module:csa_tree_U_S21_add_18_10_group_2_8
   very_fast       csa_and_adder            16x16  16        244.40                         
--------------------------------------------------------------------------------------------
   U_S21_add_18_10       +       signed     16x7   16                 18  10 FME_PIPE_2.vhd 
   U_S20_add_18_10       +       signed     16x16  16                 18  10 FME_PIPE_2.vhd 
============================================================================================
FME_PIPE_2
 U_inter
  PUs[55].U_F2_csa_tree_U_S1_add_18_10_groupi
  module:csa_tree_U_S1_add_18_10_group_2_9
   very_fast       csa_and_adder            16x16  16        251.68                         
--------------------------------------------------------------------------------------------
   U_S1_add_18_10        +       signed     16x7   16                 18  10 FME_PIPE_2.vhd 
   U_S0_add_18_10        +       signed     16x16  16                 18  10 FME_PIPE_2.vhd 
============================================================================================
FME_PIPE_2
 U_inter
  PUs[55].U_F2_csa_tree_U_S21_add_18_10_groupi
  module:csa_tree_U_S21_add_18_10_group_2_9
   very_fast       csa_and_adder            16x16  16        244.40                         
--------------------------------------------------------------------------------------------
   U_S21_add_18_10       +       signed     16x7   16                 18  10 FME_PIPE_2.vhd 
   U_S20_add_18_10       +       signed     16x16  16                 18  10 FME_PIPE_2.vhd 
============================================================================================
FME_PIPE_2
 U_inter
  PUs[56].U_F2_csa_tree_U_S1_add_18_10_groupi
  module:csa_tree_U_S1_add_18_10_group_2_10
   very_fast       csa_and_adder            16x16  16        251.68                         
--------------------------------------------------------------------------------------------
   U_S1_add_18_10        +       signed     16x7   16                 18  10 FME_PIPE_2.vhd 
   U_S0_add_18_10        +       signed     16x16  16                 18  10 FME_PIPE_2.vhd 
============================================================================================
FME_PIPE_2
 U_inter
  PUs[56].U_F2_csa_tree_U_S21_add_18_10_groupi
  module:csa_tree_U_S21_add_18_10_group_2_10
   very_fast       csa_and_adder            16x16  16        244.40                         
--------------------------------------------------------------------------------------------
   U_S21_add_18_10       +       signed     16x7   16                 18  10 FME_PIPE_2.vhd 
   U_S20_add_18_10       +       signed     16x16  16                 18  10 FME_PIPE_2.vhd 
============================================================================================
FME_PIPE_2
 U_inter
  PUs[57].U_F2_csa_tree_U_S1_add_18_10_groupi
  module:csa_tree_U_S1_add_18_10_group_2_11
   very_fast       csa_and_adder            16x16  16        251.68                         
--------------------------------------------------------------------------------------------
   U_S1_add_18_10        +       signed     16x7   16                 18  10 FME_PIPE_2.vhd 
   U_S0_add_18_10        +       signed     16x16  16                 18  10 FME_PIPE_2.vhd 
============================================================================================
FME_PIPE_2
 U_inter
  PUs[57].U_F2_csa_tree_U_S21_add_18_10_groupi
  module:csa_tree_U_S21_add_18_10_group_2_11
   very_fast       csa_and_adder            16x16  16        244.40                         
--------------------------------------------------------------------------------------------
   U_S21_add_18_10       +       signed     16x7   16                 18  10 FME_PIPE_2.vhd 
   U_S20_add_18_10       +       signed     16x16  16                 18  10 FME_PIPE_2.vhd 
============================================================================================
FME_PIPE_2
 U_inter
  PUs[58].U_F2_csa_tree_U_S1_add_18_10_groupi
  module:csa_tree_U_S1_add_18_10_group_2_12
   very_fast       csa_and_adder            16x16  16        251.68                         
--------------------------------------------------------------------------------------------
   U_S1_add_18_10        +       signed     16x7   16                 18  10 FME_PIPE_2.vhd 
   U_S0_add_18_10        +       signed     16x16  16                 18  10 FME_PIPE_2.vhd 
============================================================================================
FME_PIPE_2
 U_inter
  PUs[58].U_F2_csa_tree_U_S21_add_18_10_groupi
  module:csa_tree_U_S21_add_18_10_group_2_12
   very_fast       csa_and_adder            16x16  16        244.40                         
--------------------------------------------------------------------------------------------
   U_S21_add_18_10       +       signed     16x7   16                 18  10 FME_PIPE_2.vhd 
   U_S20_add_18_10       +       signed     16x16  16                 18  10 FME_PIPE_2.vhd 
============================================================================================
FME_PIPE_2
 U_inter
  PUs[59].U_F2_csa_tree_U_S1_add_18_10_groupi
  module:csa_tree_U_S1_add_18_10_group_2_13
   very_fast       csa_and_adder            16x16  16        251.68                         
--------------------------------------------------------------------------------------------
   U_S1_add_18_10        +       signed     16x7   16                 18  10 FME_PIPE_2.vhd 
   U_S0_add_18_10        +       signed     16x16  16                 18  10 FME_PIPE_2.vhd 
============================================================================================
FME_PIPE_2
 U_inter
  PUs[59].U_F2_csa_tree_U_S21_add_18_10_groupi
  module:csa_tree_U_S21_add_18_10_group_2_13
   very_fast       csa_and_adder            16x16  16        244.40                         
--------------------------------------------------------------------------------------------
   U_S21_add_18_10       +       signed     16x7   16                 18  10 FME_PIPE_2.vhd 
   U_S20_add_18_10       +       signed     16x16  16                 18  10 FME_PIPE_2.vhd 
============================================================================================
FME_PIPE_2
 U_inter
  PUs[5].U_F2_csa_tree_U_S1_add_18_10_groupi
  module:csa_tree_U_S1_add_18_10_group_2_4984_5
   very_fast       csa_and_adder            16x16  16        329.68                         
--------------------------------------------------------------------------------------------
   U_S1_add_18_10        +       signed     16x7   16                 18  10 FME_PIPE_2.vhd 
   U_S0_add_18_10        +       signed     16x16  16                 18  10 FME_PIPE_2.vhd 
============================================================================================
FME_PIPE_2
 U_inter
  PUs[5].U_F2_csa_tree_U_S21_add_18_10_groupi
  module:csa_tree_U_S21_add_18_10_group_2_4985_5
   very_fast       csa_and_adder            16x16  16        340.60                         
--------------------------------------------------------------------------------------------
   U_S21_add_18_10       +       signed     16x7   16                 18  10 FME_PIPE_2.vhd 
   U_S20_add_18_10       +       signed     16x16  16                 18  10 FME_PIPE_2.vhd 
============================================================================================
FME_PIPE_2
 U_inter
  PUs[60].U_F2_csa_tree_U_S1_add_18_10_groupi
  module:csa_tree_U_S1_add_18_10_group_2_14
   very_fast       csa_and_adder            16x16  16        251.68                         
--------------------------------------------------------------------------------------------
   U_S1_add_18_10        +       signed     16x7   16                 18  10 FME_PIPE_2.vhd 
   U_S0_add_18_10        +       signed     16x16  16                 18  10 FME_PIPE_2.vhd 
============================================================================================
FME_PIPE_2
 U_inter
  PUs[60].U_F2_csa_tree_U_S21_add_18_10_groupi
  module:csa_tree_U_S21_add_18_10_group_2_14
   very_fast       csa_and_adder            16x16  16        244.40                         
--------------------------------------------------------------------------------------------
   U_S21_add_18_10       +       signed     16x7   16                 18  10 FME_PIPE_2.vhd 
   U_S20_add_18_10       +       signed     16x16  16                 18  10 FME_PIPE_2.vhd 
============================================================================================
FME_PIPE_2
 U_inter
  PUs[61].U_F2_csa_tree_U_S1_add_18_10_groupi
  module:csa_tree_U_S1_add_18_10_group_2_15
   very_fast       csa_and_adder            16x16  16        251.68                         
--------------------------------------------------------------------------------------------
   U_S1_add_18_10        +       signed     16x7   16                 18  10 FME_PIPE_2.vhd 
   U_S0_add_18_10        +       signed     16x16  16                 18  10 FME_PIPE_2.vhd 
============================================================================================
FME_PIPE_2
 U_inter
  PUs[61].U_F2_csa_tree_U_S21_add_18_10_groupi
  module:csa_tree_U_S21_add_18_10_group_2_15
   very_fast       csa_and_adder            16x16  16        244.40                         
--------------------------------------------------------------------------------------------
   U_S21_add_18_10       +       signed     16x7   16                 18  10 FME_PIPE_2.vhd 
   U_S20_add_18_10       +       signed     16x16  16                 18  10 FME_PIPE_2.vhd 
============================================================================================
FME_PIPE_2
 U_inter
  PUs[62].U_F2_csa_tree_U_S1_add_18_10_groupi
  module:csa_tree_U_S1_add_18_10_group_2_16
   very_fast       csa_and_adder            16x16  16        251.68                         
--------------------------------------------------------------------------------------------
   U_S1_add_18_10        +       signed     16x7   16                 18  10 FME_PIPE_2.vhd 
   U_S0_add_18_10        +       signed     16x16  16                 18  10 FME_PIPE_2.vhd 
============================================================================================
FME_PIPE_2
 U_inter
  PUs[62].U_F2_csa_tree_U_S21_add_18_10_groupi
  module:csa_tree_U_S21_add_18_10_group_2_16
   very_fast       csa_and_adder            16x16  16        244.40                         
--------------------------------------------------------------------------------------------
   U_S21_add_18_10       +       signed     16x7   16                 18  10 FME_PIPE_2.vhd 
   U_S20_add_18_10       +       signed     16x16  16                 18  10 FME_PIPE_2.vhd 
============================================================================================
FME_PIPE_2
 U_inter
  PUs[63].U_F2_csa_tree_U_S1_add_18_10_groupi
  module:csa_tree_U_S1_add_18_10_group_2_17
   very_fast       csa_and_adder            16x16  16        251.68                         
--------------------------------------------------------------------------------------------
   U_S1_add_18_10        +       signed     16x7   16                 18  10 FME_PIPE_2.vhd 
   U_S0_add_18_10        +       signed     16x16  16                 18  10 FME_PIPE_2.vhd 
============================================================================================
FME_PIPE_2
 U_inter
  PUs[63].U_F2_csa_tree_U_S21_add_18_10_groupi
  module:csa_tree_U_S21_add_18_10_group_2_17
   very_fast       csa_and_adder            16x16  16        244.40                         
--------------------------------------------------------------------------------------------
   U_S21_add_18_10       +       signed     16x7   16                 18  10 FME_PIPE_2.vhd 
   U_S20_add_18_10       +       signed     16x16  16                 18  10 FME_PIPE_2.vhd 
============================================================================================
FME_PIPE_2
 U_inter
  PUs[64].U_F2_csa_tree_U_S1_add_18_10_groupi
  module:csa_tree_U_S1_add_18_10_group_2_18
   very_fast       csa_and_adder            16x16  16        251.68                         
--------------------------------------------------------------------------------------------
   U_S1_add_18_10        +       signed     16x7   16                 18  10 FME_PIPE_2.vhd 
   U_S0_add_18_10        +       signed     16x16  16                 18  10 FME_PIPE_2.vhd 
============================================================================================
FME_PIPE_2
 U_inter
  PUs[64].U_F2_csa_tree_U_S21_add_18_10_groupi
  module:csa_tree_U_S21_add_18_10_group_2_18
   very_fast       csa_and_adder            16x16  16        244.40                         
--------------------------------------------------------------------------------------------
   U_S21_add_18_10       +       signed     16x7   16                 18  10 FME_PIPE_2.vhd 
   U_S20_add_18_10       +       signed     16x16  16                 18  10 FME_PIPE_2.vhd 
============================================================================================
FME_PIPE_2
 U_inter
  PUs[6].U_F2_csa_tree_U_S1_add_18_10_groupi
  module:csa_tree_U_S1_add_18_10_group_2_4984_6
   very_fast       csa_and_adder            16x16  16        330.72                         
--------------------------------------------------------------------------------------------
   U_S1_add_18_10        +       signed     16x7   16                 18  10 FME_PIPE_2.vhd 
   U_S0_add_18_10        +       signed     16x16  16                 18  10 FME_PIPE_2.vhd 
============================================================================================
FME_PIPE_2
 U_inter
  PUs[6].U_F2_csa_tree_U_S21_add_18_10_groupi
  module:csa_tree_U_S21_add_18_10_group_2_4985_6
   very_fast       csa_and_adder            16x16  16        335.40                         
--------------------------------------------------------------------------------------------
   U_S21_add_18_10       +       signed     16x7   16                 18  10 FME_PIPE_2.vhd 
   U_S20_add_18_10       +       signed     16x16  16                 18  10 FME_PIPE_2.vhd 
============================================================================================
FME_PIPE_2
 U_inter
  PUs[7].U_F2_csa_tree_U_S1_add_18_10_groupi
  module:csa_tree_U_S1_add_18_10_group_2_4984_7
   very_fast       csa_and_adder            16x16  16        324.48                         
--------------------------------------------------------------------------------------------
   U_S1_add_18_10        +       signed     16x7   16                 18  10 FME_PIPE_2.vhd 
   U_S0_add_18_10        +       signed     16x16  16                 18  10 FME_PIPE_2.vhd 
============================================================================================
FME_PIPE_2
 U_inter
  PUs[7].U_F2_csa_tree_U_S21_add_18_10_groupi
  module:csa_tree_U_S21_add_18_10_group_2_4985_7
   very_fast       csa_and_adder            16x16  16        340.08                         
--------------------------------------------------------------------------------------------
   U_S21_add_18_10       +       signed     16x7   16                 18  10 FME_PIPE_2.vhd 
   U_S20_add_18_10       +       signed     16x16  16                 18  10 FME_PIPE_2.vhd 
============================================================================================
FME_PIPE_2
 U_inter
  PUs[8].U_F2_csa_tree_U_S1_add_18_10_groupi
  module:csa_tree_U_S1_add_18_10_group_2_4984_8
   very_fast       csa_and_adder            16x16  16        324.48                         
--------------------------------------------------------------------------------------------
   U_S1_add_18_10        +       signed     16x7   16                 18  10 FME_PIPE_2.vhd 
   U_S0_add_18_10        +       signed     16x16  16                 18  10 FME_PIPE_2.vhd 
============================================================================================
FME_PIPE_2
 U_inter
  PUs[8].U_F2_csa_tree_U_S21_add_18_10_groupi
  module:csa_tree_U_S21_add_18_10_group_2_4985_8
   very_fast       csa_and_adder            16x16  16        340.08                         
--------------------------------------------------------------------------------------------
   U_S21_add_18_10       +       signed     16x7   16                 18  10 FME_PIPE_2.vhd 
   U_S20_add_18_10       +       signed     16x16  16                 18  10 FME_PIPE_2.vhd 
============================================================================================
FME_PIPE_2
 U_inter
  PUs[9].U_F2_csa_tree_U_S1_add_18_10_groupi
  module:csa_tree_U_S1_add_18_10_group_2_4984_9
   very_fast       csa_and_adder            16x16  16        324.48                         
--------------------------------------------------------------------------------------------
   U_S1_add_18_10        +       signed     16x7   16                 18  10 FME_PIPE_2.vhd 
   U_S0_add_18_10        +       signed     16x16  16                 18  10 FME_PIPE_2.vhd 
============================================================================================
FME_PIPE_2
 U_inter
  PUs[9].U_F2_csa_tree_U_S21_add_18_10_groupi
  module:csa_tree_U_S21_add_18_10_group_2_4985_9
   very_fast       csa_and_adder            16x16  16        340.08                         
--------------------------------------------------------------------------------------------
   U_S21_add_18_10       +       signed     16x7   16                 18  10 FME_PIPE_2.vhd 
   U_S20_add_18_10       +       signed     16x16  16                 18  10 FME_PIPE_2.vhd 
============================================================================================

      Type        CellArea Percentage 
--------------------------------------
datapath modules  35818.12       3.96 
external muxes        0.00       0.00 
others           868800.92      96.04 
--------------------------------------
total            904619.04     100.00 

