============================================================
  Generated by:           Genus(TM) Synthesis Solution 17.10-p007_1
  Generated on:           Nov 23 2019  04:49:08 am
  Module:                 FME_PIPE_2
  Technology libraries:   CORE65LPSVT 
                          CLOCK65LPSVT 
                          physical_cells 
  Operating conditions:   _nominal_ 
  Interconnect mode:      global
  Area mode:              physical library
============================================================

                Pin                             Type          Fanout  Load Slew Delay Arrival   
                                                                      (fF) (ps)  (ps)   (ps)    
------------------------------------------------------------------------------------------------
(clock clock_name)                         launch                                           0 R 
U_crtl_estado_atual_reg[0]/CP                                                 0             0 R 
U_crtl_estado_atual_reg[0]/QN              HS65_LS_DFPRQNX18       2  20.4   44  +181     181 F 
fopt1/A                                                                            +0     181   
fopt1/Z                                    HS65_LS_CNIVX34         1  22.6   27   +32     212 R 
g290119/B                                                                          +0     213   
g290119/Z                                  HS65_LS_NAND2X57       11  81.1   53   +48     261 F 
g290139/A                                                                          +0     261   
g290139/Z                                  HS65_LS_IVX142          2  95.8   33   +40     301 R 
g290122/A                                                                          +0     301   
g290122/Z                                  HS65_LS_IVX106          5  96.6   26   +33     334 F 
g290121/A                                                                          +0     335   
g290121/Z                                  HS65_LS_BFX213          4 118.1   21   +54     388 F 
g290120/A                                                                          +0     389   
g290120/Z                                  HS65_LS_IVX106         16 103.5   34   +31     420 R 
g290149/B                                                                          +0     420   
g290149/Z                                  HS65_LS_NAND2X21        1  12.4   31   +36     456 F 
g290148/B                                                                          +0     456   
g290148/Z                                  HS65_LS_NAND2X29       13  83.8   79   +60     516 R 
U_inter/linha[18][0] 
  PUs[47].U_F2_U_0/x[0] 
    g2407/A                                                                        +0     516   
    g2407/Z                                HS65_LS_IVX27           2  15.6   30   +44     560 F 
    g2406/A                                                                        +0     560   
    g2406/Z                                HS65_LS_NOR2X13         3  11.4   58   +50     610 R 
    g2415/B                                                                        +0     610   
    g2415/Z                                HS65_LS_NAND2X7         1  11.7   69   +72     683 F 
    g2405/A                                                                        +0     683   
    g2405/Z                                HS65_LS_NAND3X25        2  22.4   42   +52     736 R 
    g2404/B                                                                        +0     736   
    g2404/Z                                HS65_LS_AOI12X23        2  20.1   42   +43     779 F 
    g2403/B                                                                        +0     779   
    g2403/Z                                HS65_LS_OAI12X18        2  18.3   59   +54     833 R 
    g2402/B                                                                        +0     833   
    g2402/Z                                HS65_LS_AOI12X17        2  16.2   53   +52     885 F 
    g2401/B                                                                        +0     885   
    g2401/Z                                HS65_LS_OAI12X18        2  14.0   53   +53     938 R 
    g2414/A                                                                        +0     938   
    g2414/Z                                HS65_LS_IVX18           1   7.3   21   +32     970 F 
    g2400/B                                                                        +0     970   
    g2400/Z                                HS65_LS_OAI12X12        3  23.2   95   +65    1036 R 
    g2399/B                                                                        +0    1036   
    g2399/Z                                HS65_LS_AOI12X17        2   7.8   37   +52    1088 F 
    g2413/A                                                                        +0    1088   
    g2413/Z                                HS65_LS_NAND2AX14       1   9.6   54   +85    1173 F 
    g2398/A                                                                        +0    1173   
    g2398/Z                                HS65_LS_NAND2X21        3  19.6   42   +45    1218 R 
    g2397/B                                                                        +0    1218   
    g2397/Z                                HS65_LS_NOR2X19         3  17.4   34   +38    1256 F 
    g2396/A                                                                        +0    1256   
    g2396/Z                                HS65_LS_IVX18           2  12.0   30   +32    1289 R 
    g2412/B                                                                        +0    1289   
    g2412/Z                                HS65_LS_NAND3X19        1   7.3   39   +43    1332 F 
    g2411/B                                                                        +0    1332   
    g2411/Z                                HS65_LS_NAND2X14        1  11.6   40   +35    1367 R 
    g2395/C                                                                        +0    1367   
    g2395/Z                                HS65_LS_AOI21X23        2  16.6   40   +33    1400 F 
    g2410/B                                                                        +0    1400   
    g2410/Z                                HS65_LS_NOR2X25         2  15.5   43   +41    1441 R 
    g2409/B                                                                        +0    1441   
    g2409/Z                                HS65_LS_AOI12X17        2   7.8   30   +36    1477 F 
    g2394/D1                                                                       +0    1477   
    g2394/Z                                HS65_LS_MUX21I1X6       1   3.8   43   +74    1551 F 
  PUs[47].U_F2_U_0/y1[14] 
  PUs[47].U_F2_U_p1_output_reg[14]/D  <<<  HS65_LS_DFPQX9                          +0    1551   
  PUs[47].U_F2_U_p1_output_reg[14]/CP      setup                              0  +106    1657 R 
- - - - - - - - - - - - - - - - - - - - - - - - - - - - - - - - - - - - - - - - - - - - - - - - 
(clock clock_name)                         capture                                       1760 R 
                                           adjustments                           -100    1660   
------------------------------------------------------------------------------------------------
Exception    : 'path_adjusts/folga' path adjust    -100ps
Timing slack :       3ps 
Start-point  : U_crtl_estado_atual_reg[0]/CP
End-point    : U_inter/PUs[47].U_F2_U_p1_output_reg[14]/D
