============================================================
  Generated by:           Genus(TM) Synthesis Solution 17.10-p007_1
  Generated on:           Nov 22 2020  02:03:38 pm
  Module:                 top_level
  Technology libraries:   CORE65LPSVT 
                          CLOCK65LPSVT 
                          physical_cells 
  Operating conditions:   _nominal_ 
  Interconnect mode:      global
  Area mode:              physical library
============================================================

                       Instance                                         Module                   Cells  Cell Area  Net Area   Total Area 
-----------------------------------------------------------------------------------------------------------------------------------------
top_level                                                                                        46044     252509     98037       350546 
  GEN[0].U_MULTIi_SHRP                                 filter_sharp_bit_width10                   7080      38103     14408        52511 
    csa_tree_U_S7_6_add_64_12_groupi                   csa_tree_U_S7_6_add_64_12_group_277_221     184       1107       342         1449 
    csa_tree_U_S6_6_add_64_12_groupi                   csa_tree_U_S6_6_add_64_12_group_285_219     144       1100       277         1377 
    csa_tree_U_S9_6_add_64_12_groupi                   csa_tree_U_S9_6_add_64_12_group_275_226     181       1010       335         1345 
    csa_tree_U_S13_6_add_64_8_groupi                   csa_tree_U_S13_6_add_64_8_group_307_234     152        933       283         1216 
    csa_tree_U_S12_6_add_64_12_groupi                  csa_tree_U_S12_6_add_64_12_group_257_233    167        916       298         1214 
    csa_tree_U_S3_6_add_64_8_groupi                    csa_tree_U_S3_6_add_64_8_group_309_211      160        915       296         1211 
    csa_tree_U_S10_6_add_64_12_groupi                  csa_tree_U_S10_6_add_64_12_group_283_228    147        924       279         1203 
    csa_tree_U_S12_2_add_91_9_groupi                   csa_tree_U_S12_2_add_91_9_group_299_231     138        791       243         1034 
    csa_tree_U_S4_4_add_64_8_groupi                    csa_tree_U_S4_4_add_64_8_group_301_214      107        835       193         1027 
    csa_tree_U_S9_4_add_64_8_groupi                    csa_tree_U_S9_4_add_64_8_group_269_225      121        739       210          949 
    csa_tree_fac2_groupi                               csa_tree_fac2_group_253_241                 121        740       201          942 
    csa_tree_U_S3_5_add_64_8_groupi                    csa_tree_U_S3_5_add_64_8_group_323_210      128        725       213          938 
    csa_tree_fac1_groupi                               csa_tree_fac1_group_255_240                 121        681       199          880 
    csa_tree_U_S5_7_add_64_12_groupi                   csa_tree_U_S5_7_add_64_12_group_293_217     121        636       229          865 
    csa_tree_U_S4_3_add_91_9_groupi                    csa_tree_U_S4_3_add_91_9_group_301_213      117        654       210          864 
    csa_tree_U_S4_2_add_91_9_groupi                    csa_tree_U_S4_2_add_91_9_group_303_212      122        627       232          858 
    csa_tree_U_S11_6_add_64_12_groupi                  csa_tree_U_S11_6_add_64_12_group_261_230    120        623       222          846 
    csa_tree_U_S1_4_add_64_8_groupi                    csa_tree_U_S1_4_add_64_8_group_329_206      102        653       176          829 
    csa_tree_U_S14_5_add_64_8_groupi                   csa_tree_U_S14_5_add_64_8_group_267_236     111        625       194          819 
    csa_tree_U_S15_4_add_64_8_groupi                   csa_tree_U_S15_4_add_64_8_group_327_238     102        622       189          811 
    csa_tree_U_S1_5_add_64_8_groupi                    csa_tree_U_S1_5_add_64_8_group_325_207       94        550       173          723 
    csa_tree_U_S9_3_add_91_9_groupi                    csa_tree_U_S9_3_add_91_9_group_279_224       87        514       151          666 
    csa_tree_U_S4_7_add_64_12_groupi                   csa_tree_U_S4_7_add_64_12_group_295_215      70        540       125          665 
    csa_tree_U_S15_5_add_64_8_groupi                   csa_tree_U_S15_5_add_64_8_group_321_239      90        498       166          664 
    csa_tree_U_S8_5_add_64_8_groupi                    csa_tree_U_S8_5_add_64_8_group_273_222      102        474       187          661 
    csa_tree_U_S2_6_add_64_8_groupi                    csa_tree_U_S2_6_add_64_8_group_313_209       87        500       160          660 
    csa_tree_U_S14_6_add_64_8_groupi                   csa_tree_U_S14_6_add_64_8_group_311_237      89        499       157          656 
    csa_tree_U_S7_3_add_91_9_groupi                    csa_tree_U_S7_3_add_91_9_group_281_220       84        493       146          639 
    U_S12_7_add_64_8                                   add_signed_433_818                           97        469       164          633 
    U_S7_7_add_64_8                                    add_signed_393_834                           96        468       162          630 
    U_S3_7_add_64_8                                    add_signed_433_819                           99        441       167          608 
    U_S13_7_add_64_8                                   add_signed_433_817                           96        427       162          589 
    U_S9_7_add_64_8                                    add_signed_393_833                           98        421       163          584 
    U_S6_7_add_64_8                                    add_signed_393_784                           97        392       166          557 
    csa_tree_U_S12_3_add_91_9_groupi                   csa_tree_U_S12_3_add_91_9_group_259_232      61        431       112          543 
    U_S10_7_add_64_8                                   add_signed_393                               97        377       166          543 
    U_S14_7_add_64_8                                   add_signed_445_802                           92        376       153          529 
    U_S2_7_add_64_8                                    add_signed_445_803                           96        363       160          523 
    csa_tree_U_S14_3_add_91_9_groupi                   csa_tree_U_S14_3_add_91_9_group_317_235      65        405       114          519 
    U_S11_7_add_64_8                                   add_signed_393_831                           95        347       156          504 
    csa_tree_U_S2_3_add_91_9_groupi                    csa_tree_U_S2_3_add_91_9_group_319_208       69        381       122          502 
    csa_tree_U_S8_7_add_64_12_groupi                   csa_tree_U_S8_7_add_64_12_group_271_223      50        374        89          463 
    csa_tree_U_S5_2_add_91_9_groupi                    csa_tree_U_S5_2_add_91_9_group_291_216       48        375        79          454 
    csa_tree_U_S6_3_add_91_9_groupi                    csa_tree_U_S6_3_add_91_9_group_287_218       55        357        93          451 
    csa_tree_U_S10_3_add_91_9_groupi                   csa_tree_U_S10_3_add_91_9_group_265_227      53        331        89          419 
    csa_tree_U_S11_3_add_91_9_groupi                   csa_tree_U_S11_3_add_91_9_group_263_229      43        336        68          404 
    U_S1_6_add_64_8                                    add_signed_464_791                           54        311        77          389 
    U_S15_6_add_64_8                                   add_signed_464_790                           50        257        69          326 
  GEN[3].U_MULTIi_SHRP                                 filter_sharp_bit_width10_3                 7042      37706     14365        52071 
    csa_tree_U_S7_6_add_64_12_groupi                   csa_tree_U_S7_6_add_64_12_group_277         180       1130       334         1464 
    csa_tree_U_S9_6_add_64_12_groupi                   csa_tree_U_S9_6_add_64_12_group_275         175       1034       329         1363 
    csa_tree_U_S12_6_add_64_12_groupi                  csa_tree_U_S12_6_add_64_12_group_257        176        997       308         1305 
    csa_tree_U_S13_6_add_64_8_groupi                   csa_tree_U_S13_6_add_64_8_group_307         165        990       305         1295 
    csa_tree_U_S10_6_add_64_12_groupi                  csa_tree_U_S10_6_add_64_12_group_283        149        969       285         1255 
    csa_tree_U_S6_6_add_64_12_groupi                   csa_tree_U_S6_6_add_64_12_group_285         138        957       267         1224 
    csa_tree_U_S3_6_add_64_8_groupi                    csa_tree_U_S3_6_add_64_8_group_309          159        922       296         1219 
    csa_tree_U_S4_4_add_64_8_groupi                    csa_tree_U_S4_4_add_64_8_group_301          115        836       205         1041 
    csa_tree_U_S9_4_add_64_8_groupi                    csa_tree_U_S9_4_add_64_8_group_269          131        807       226         1033 
    csa_tree_U_S12_2_add_91_9_groupi                   csa_tree_U_S12_2_add_91_9_group_299         135        793       234         1027 
    csa_tree_fac2_groupi                               csa_tree_fac2_group_253                     129        757       215          972 
    csa_tree_U_S4_2_add_91_9_groupi                    csa_tree_U_S4_2_add_91_9_group_303          125        665       237          902 
    csa_tree_U_S3_5_add_64_8_groupi                    csa_tree_U_S3_5_add_64_8_group_323          121        691       204          895 
    csa_tree_fac1_groupi                               csa_tree_fac1_group_255                     116        681       195          876 
    csa_tree_U_S11_6_add_64_12_groupi                  csa_tree_U_S11_6_add_64_12_group_261        117        656       220          875 
    csa_tree_U_S14_5_add_64_8_groupi                   csa_tree_U_S14_5_add_64_8_group_267         111        647       198          845 
    csa_tree_U_S5_7_add_64_12_groupi                   csa_tree_U_S5_7_add_64_12_group_293         113        590       218          808 
    csa_tree_U_S15_4_add_64_8_groupi                   csa_tree_U_S15_4_add_64_8_group_327         101        600       186          786 
    csa_tree_U_S1_4_add_64_8_groupi                    csa_tree_U_S1_4_add_64_8_group_329           91        614       165          779 
    csa_tree_U_S1_5_add_64_8_groupi                    csa_tree_U_S1_5_add_64_8_group_325           97        516       177          692 
    csa_tree_U_S8_5_add_64_8_groupi                    csa_tree_U_S8_5_add_64_8_group_273          102        504       187          691 
    U_S6_7_add_64_8                                    add_signed_378_783                          104        511       176          687 
    csa_tree_U_S15_5_add_64_8_groupi                   csa_tree_U_S15_5_add_64_8_group_321          90        511       168          679 
    csa_tree_U_S2_6_add_64_8_groupi                    csa_tree_U_S2_6_add_64_8_group_313           83        522       155          677 
    U_S10_7_add_64_8                                   add_signed_378                              103        499       173          672 
    csa_tree_U_S7_3_add_91_9_groupi                    csa_tree_U_S7_3_add_91_9_group_281           90        493       157          650 
    U_S7_7_add_64_8                                    add_signed_378_818                           98        471       166          636 
    csa_tree_U_S9_3_add_91_9_groupi                    csa_tree_U_S9_3_add_91_9_group_279           88        483       151          634 
    U_S3_7_add_64_8                                    add_signed_418_803                          103        453       173          626 
    U_S13_7_add_64_8                                   add_signed_418_801                           97        461       162          623 
    csa_tree_U_S14_6_add_64_8_groupi                   csa_tree_U_S14_6_add_64_8_group_311          88        452       157          609 
    csa_tree_U_S4_7_add_64_12_groupi                   csa_tree_U_S4_7_add_64_12_group_295          67        471       122          593 
    U_S12_7_add_64_8                                   add_signed_418_802                           94        430       159          589 
    csa_tree_U_S4_3_add_91_9_groupi                    csa_tree_U_S4_3_add_91_9_group_301           63        458       108          566 
    csa_tree_U_S12_3_add_91_9_groupi                   csa_tree_U_S12_3_add_91_9_group_259          65        438       119          557 
    U_S9_7_add_64_8                                    add_signed_378_817                           94        393       156          549 
    U_S2_7_add_64_8                                    add_signed_430_787                           95        380       158          538 
    U_S14_7_add_64_8                                   add_signed_430_786                           92        373       153          526 
    U_S11_7_add_64_8                                   add_signed_378_815                           91        364       154          518 
    csa_tree_U_S14_3_add_91_9_groupi                   csa_tree_U_S14_3_add_91_9_group_317          68        386       121          507 
    csa_tree_U_S2_3_add_91_9_groupi                    csa_tree_U_S2_3_add_91_9_group_319           72        371       128          499 
    csa_tree_U_S8_7_add_64_12_groupi                   csa_tree_U_S8_7_add_64_12_group_271          57        388        97          485 
    csa_tree_U_S6_3_add_91_9_groupi                    csa_tree_U_S6_3_add_91_9_group_287           56        362        92          454 
    csa_tree_U_S5_2_add_91_9_groupi                    csa_tree_U_S5_2_add_91_9_group_291           50        372        82          454 
    csa_tree_U_S10_3_add_91_9_groupi                   csa_tree_U_S10_3_add_91_9_group_265          55        341        89          430 
    csa_tree_U_S11_3_add_91_9_groupi                   csa_tree_U_S11_3_add_91_9_group_263          44        324        70          394 
    U_S1_6_add_64_8                                    add_signed_449_775                           50        269        71          340 
    U_S15_6_add_64_8                                   add_signed_449_774                           49        256        69          325 
  GEN[2].U_MULTIi_SHRP                                 filter_sharp_bit_width10_2                 7022      37467     14322        51789 
    csa_tree_U_S7_6_add_64_12_groupi                   csa_tree_U_S7_6_add_64_12_group_277_283     183       1145       340         1485 
    csa_tree_U_S9_6_add_64_12_groupi                   csa_tree_U_S9_6_add_64_12_group_275_288     173       1069       325         1394 
    csa_tree_U_S12_6_add_64_12_groupi                  csa_tree_U_S12_6_add_64_12_group_257_295    165        971       301         1272 
    csa_tree_U_S10_6_add_64_12_groupi                  csa_tree_U_S10_6_add_64_12_group_283_290    153        980       288         1268 
    csa_tree_U_S4_4_add_64_8_groupi                    csa_tree_U_S4_4_add_64_8_group_301_276      140       1002       246         1248 
    csa_tree_U_S3_6_add_64_8_groupi                    csa_tree_U_S3_6_add_64_8_group_309_273      154        942       284         1226 
    csa_tree_U_S13_6_add_64_8_groupi                   csa_tree_U_S13_6_add_64_8_group_307_296     148        943       279         1222 
    csa_tree_U_S6_6_add_64_12_groupi                   csa_tree_U_S6_6_add_64_12_group_285_281     150        921       287         1208 
    csa_tree_U_S12_2_add_91_9_groupi                   csa_tree_U_S12_2_add_91_9_group_299_293     139        778       243         1021 
    csa_tree_fac2_groupi                               csa_tree_fac2_group_253_303                 123        732       206          937 
    csa_tree_fac1_groupi                               csa_tree_fac1_group_255_302                 121        727       207          934 
    csa_tree_U_S4_7_add_64_12_groupi                   csa_tree_U_S4_7_add_64_12_group_295_277     122        664       231          895 
    csa_tree_U_S9_4_add_64_8_groupi                    csa_tree_U_S9_4_add_64_8_group_269_287      107        684       188          872 
    csa_tree_U_S11_6_add_64_12_groupi                  csa_tree_U_S11_6_add_64_12_group_261_292    117        651       220          871 
    csa_tree_U_S5_7_add_64_12_groupi                   csa_tree_U_S5_7_add_64_12_group_293_279     115        631       222          853 
    csa_tree_U_S3_5_add_64_8_groupi                    csa_tree_U_S3_5_add_64_8_group_323_272      117        652       196          848 
    csa_tree_U_S4_2_add_91_9_groupi                    csa_tree_U_S4_2_add_91_9_group_303_274      123        588       233          821 
    csa_tree_U_S14_5_add_64_8_groupi                   csa_tree_U_S14_5_add_64_8_group_267_298     112        621       196          817 
    csa_tree_U_S15_4_add_64_8_groupi                   csa_tree_U_S15_4_add_64_8_group_327_300     105        608       194          802 
    csa_tree_U_S1_4_add_64_8_groupi                    csa_tree_U_S1_4_add_64_8_group_329_268       87        612       157          769 
    csa_tree_U_S4_3_add_91_9_groupi                    csa_tree_U_S4_3_add_91_9_group_301_275      113        525       204          729 
    csa_tree_U_S1_5_add_64_8_groupi                    csa_tree_U_S1_5_add_64_8_group_325_269       91        513       169          682 
    U_S6_7_add_64_8                                    add_signed_378_260_785                      103        504       171          675 
    csa_tree_U_S2_6_add_64_8_groupi                    csa_tree_U_S2_6_add_64_8_group_313_271       86        504       158          662 
    csa_tree_U_S15_5_add_64_8_groupi                   csa_tree_U_S15_5_add_64_8_group_321_301      91        491       167          658 
    U_S12_7_add_64_8                                   add_signed_418_802_264                      103        483       173          656 
    U_S10_7_add_64_8                                   add_signed_378_260                          102        479       170          649 
    csa_tree_U_S7_3_add_91_9_groupi                    csa_tree_U_S7_3_add_91_9_group_281_282       97        487       161          648 
    csa_tree_U_S9_3_add_91_9_groupi                    csa_tree_U_S9_3_add_91_9_group_279_286       86        493       148          641 
    csa_tree_U_S14_6_add_64_8_groupi                   csa_tree_U_S14_6_add_64_8_group_311_299      89        483       158          640 
    U_S13_7_add_64_8                                   add_signed_418_801_265                       97        454       164          618 
    csa_tree_U_S8_5_add_64_8_groupi                    csa_tree_U_S8_5_add_64_8_group_273_284       98        436       181          616 
    U_S7_7_add_64_8                                    add_signed_378_818_261                       92        460       156          616 
    U_S9_7_add_64_8                                    add_signed_378_817_262                       93        456       156          612 
    U_S3_7_add_64_8                                    add_signed_418_803_259                       99        437       168          605 
    U_S14_7_add_64_8                                   add_signed_430_786_266                       94        386       158          544 
    U_S2_7_add_64_8                                    add_signed_430_787_258                       97        372       162          534 
    csa_tree_U_S14_3_add_91_9_groupi                   csa_tree_U_S14_3_add_91_9_group_317_297      64        397       112          509 
    csa_tree_U_S12_3_add_91_9_groupi                   csa_tree_U_S12_3_add_91_9_group_259_294      59        394       109          502 
    U_S11_7_add_64_8                                   add_signed_378_815_263                       93        345       156          501 
    csa_tree_U_S2_3_add_91_9_groupi                    csa_tree_U_S2_3_add_91_9_group_319_270       70        363       124          487 
    csa_tree_U_S8_7_add_64_12_groupi                   csa_tree_U_S8_7_add_64_12_group_271_285      55        363        97          461 
    csa_tree_U_S5_2_add_91_9_groupi                    csa_tree_U_S5_2_add_91_9_group_291_278       55        365        93          458 
    csa_tree_U_S6_3_add_91_9_groupi                    csa_tree_U_S6_3_add_91_9_group_287_280       47        342        77          418 
    csa_tree_U_S11_3_add_91_9_groupi                   csa_tree_U_S11_3_add_91_9_group_263_291      45        332        71          403 
    csa_tree_U_S10_3_add_91_9_groupi                   csa_tree_U_S10_3_add_91_9_group_265_289      45        307        74          381 
    U_S1_6_add_64_8                                    add_signed_449_775_257                       53        253        74          328 
    U_S15_6_add_64_8                                   add_signed_449_774_267                       53        229        74          303 
  GEN[1].U_MULTIi_SHRP                                 filter_sharp_bit_width10_1                 6892      37263     14068        51330 
    csa_tree_U_S7_6_add_64_12_groupi                   csa_tree_U_S7_6_add_64_12_group_277_166     184       1185       340         1524 
    csa_tree_U_S9_6_add_64_12_groupi                   csa_tree_U_S9_6_add_64_12_group_275_171     174       1020       329         1349 
    csa_tree_U_S6_6_add_64_12_groupi                   csa_tree_U_S6_6_add_64_12_group_285_164     141       1067       272         1338 
    csa_tree_U_S12_6_add_64_12_groupi                  csa_tree_U_S12_6_add_64_12_group_257_178    179        973       318         1291 
    csa_tree_U_S3_6_add_64_8_groupi                    csa_tree_U_S3_6_add_64_8_group_309_156      162        984       297         1281 
    csa_tree_U_S10_6_add_64_12_groupi                  csa_tree_U_S10_6_add_64_12_group_283_173    155        978       292         1270 
    csa_tree_U_S13_6_add_64_8_groupi                   csa_tree_U_S13_6_add_64_8_group_307_179     144        924       268         1192 
    csa_tree_U_S4_4_add_64_8_groupi                    csa_tree_U_S4_4_add_64_8_group_301_159      123        931       217         1149 
    csa_tree_U_S12_2_add_91_9_groupi                   csa_tree_U_S12_2_add_91_9_group_299_176     147        834       257         1091 
    csa_tree_fac2_groupi                               csa_tree_fac2_group_253_186                 129        794       211         1005 
    csa_tree_U_S9_4_add_64_8_groupi                    csa_tree_U_S9_4_add_64_8_group_269_170      114        741       197          938 
    csa_tree_U_S3_5_add_64_8_groupi                    csa_tree_U_S3_5_add_64_8_group_323_155      123        723       207          930 
    csa_tree_U_S15_4_add_64_8_groupi                   csa_tree_U_S15_4_add_64_8_group_327_183     120        670       217          886 
    csa_tree_U_S5_7_add_64_12_groupi                   csa_tree_U_S5_7_add_64_12_group_293_162     114        655       220          875 
    csa_tree_fac1_groupi                               csa_tree_fac1_group_255_185                 122        659       206          866 
    csa_tree_U_S11_6_add_64_12_groupi                  csa_tree_U_S11_6_add_64_12_group_261_175    119        627       222          849 
    csa_tree_U_S14_5_add_64_8_groupi                   csa_tree_U_S14_5_add_64_8_group_267_181     115        604       202          806 
    csa_tree_U_S1_4_add_64_8_groupi                    csa_tree_U_S1_4_add_64_8_group_329_151       95        600       172          772 
    csa_tree_U_S4_3_add_91_9_groupi                    csa_tree_U_S4_3_add_91_9_group_301_158      109        542       202          743 
    csa_tree_U_S1_5_add_64_8_groupi                    csa_tree_U_S1_5_add_64_8_group_325_152       97        539       176          715 
    csa_tree_U_S2_6_add_64_8_groupi                    csa_tree_U_S2_6_add_64_8_group_313_154       85        529       158          688 
    csa_tree_U_S8_5_add_64_8_groupi                    csa_tree_U_S8_5_add_64_8_group_273_167       99        475       183          658 
    csa_tree_U_S7_3_add_91_9_groupi                    csa_tree_U_S7_3_add_91_9_group_281_165       88        504       147          651 
    csa_tree_U_S14_6_add_64_8_groupi                   csa_tree_U_S14_6_add_64_8_group_311_182      87        492       155          648 
    U_S6_7_add_64_8                                    add_signed_376_782                           99        470       168          637 
    U_S12_7_add_64_8                                   add_signed_416_800                          100        457       168          624 
    csa_tree_U_S15_5_add_64_8_groupi                   csa_tree_U_S15_5_add_64_8_group_321_184      92        453       169          621 
    csa_tree_U_S9_3_add_91_9_groupi                    csa_tree_U_S9_3_add_91_9_group_279_169       83        480       141          621 
    U_S3_7_add_64_8                                    add_signed_416_801                          100        450       169          618 
    U_S7_7_add_64_8                                    add_signed_376_816                           95        454       159          614 
    csa_tree_U_S4_7_add_64_12_groupi                   csa_tree_U_S4_7_add_64_12_group_295_160      68        483       122          604 
    U_S13_7_add_64_8                                   add_signed_416_799                           94        435       159          594 
    U_S9_7_add_64_8                                    add_signed_376_815                           93        430       155          585 
    U_S10_7_add_64_8                                   add_signed_376                               97        411       165          576 
    csa_tree_U_S4_2_add_91_9_groupi                    csa_tree_U_S4_2_add_91_9_group_303_157       61        452       114          565 
    U_S14_7_add_64_8                                   add_signed_428_784                           94        385       156          541 
    U_S2_7_add_64_8                                    add_signed_428_785                           96        378       160          538 
    csa_tree_U_S12_3_add_91_9_groupi                   csa_tree_U_S12_3_add_91_9_group_259_177      59        397       109          506 
    U_S11_7_add_64_8                                   add_signed_376_813                           91        347       152          499 
    csa_tree_U_S14_3_add_91_9_groupi                   csa_tree_U_S14_3_add_91_9_group_317_180      65        379       114          493 
    csa_tree_U_S8_7_add_64_12_groupi                   csa_tree_U_S8_7_add_64_12_group_271_168      46        405        83          488 
    csa_tree_U_S2_3_add_91_9_groupi                    csa_tree_U_S2_3_add_91_9_group_319_153       69        358       122          480 
    csa_tree_U_S5_2_add_91_9_groupi                    csa_tree_U_S5_2_add_91_9_group_291_161       46        355        74          430 
    csa_tree_U_S6_3_add_91_9_groupi                    csa_tree_U_S6_3_add_91_9_group_287_163       50        327        84          411 
    csa_tree_U_S11_3_add_91_9_groupi                   csa_tree_U_S11_3_add_91_9_group_263_174      44        331        69          400 
    U_S1_6_add_64_8                                    add_signed_447_773                           54        317        76          393 
    csa_tree_U_S10_3_add_91_9_groupi                   csa_tree_U_S10_3_add_91_9_group_265_172      45        304        73          377 
    U_S15_6_add_64_8                                   add_signed_447_772                           53        263        73          336 
  GEN[1].U_MULTIi_REGU_csa_tree_U_S63_add_91_9_groupi  csa_tree_U_S63_add_91_9_group_6483_194      167       1019       306         1324 
  GEN[0].U_MULTIi_REGU_csa_tree_U_S63_add_91_9_groupi  csa_tree_U_S63_add_91_9_group_6493          168        983       309         1292 
  GEN[2].U_MULTIi_REGU_csa_tree_U_S63_add_91_9_groupi  csa_tree_U_S63_add_91_9_group_6483_317      175        971       316         1287 
  GEN[3].U_MULTIi_REGU_csa_tree_U_S63_add_91_9_groupi  csa_tree_U_S63_add_91_9_group_6483          167        976       302         1278 
  GEN[1].U_MULTIi_REGU_csa_tree_U_S65_add_91_9_groupi  csa_tree_U_S65_add_91_9_group_133_193       150        914       288         1202 
  GEN[3].U_MULTIi_REGU_csa_tree_U_S65_add_91_9_groupi  csa_tree_U_S65_add_91_9_group_133           159        889       301         1190 
  GEN[2].U_MULTIi_REGU_csa_tree_U_S65_add_91_9_groupi  csa_tree_U_S65_add_91_9_group_133_316       150        875       290         1165 
  GEN[0].U_MULTIi_REGU_csa_tree_U_S65_add_91_9_groupi  csa_tree_U_S65_add_91_9_group_133_248       148        874       288         1162 
  GEN[1].U_MULTIi_REGU_csa_tree_U_S55_add_91_9_groupi  csa_tree_U_S55_add_91_9_group_137_195       124        748       248          996 
  GEN[0].U_MULTIi_REGU_csa_tree_U_S55_add_91_9_groupi  csa_tree_U_S55_add_91_9_group_137_249       126        740       252          992 
  GEN[0].U_MULTIi_REGU_csa_tree_U_S53_add_91_9_groupi  csa_tree_U_S53_add_91_9_group_6499          127        763       228          991 
  GEN[3].U_MULTIi_REGU_csa_tree_U_S55_add_91_9_groupi  csa_tree_U_S55_add_91_9_group_137           123        742       248          990 
  GEN[3].U_MULTIi_REGU_csa_tree_U_S53_add_91_9_groupi  csa_tree_U_S53_add_91_9_group_6489          127        754       227          981 
  GEN[2].U_MULTIi_REGU_csa_tree_U_S53_add_91_9_groupi  csa_tree_U_S53_add_91_9_group_6489_319      121        756       220          976 
  GEN[2].U_MULTIi_REGU_csa_tree_U_S55_add_91_9_groupi  csa_tree_U_S55_add_91_9_group_137_318       124        719       251          970 
  GEN[2].U_MULTIi_REGU_csa_tree_U_S35_add_91_9_groupi  csa_tree_U_S35_add_91_9_group_145_322       127        705       253          958 
  GEN[1].U_MULTIi_REGU_csa_tree_U_S94_add_91_9_groupi  csa_tree_U_S94_add_91_9_group_117_190       137        699       256          955 
  GEN[1].U_MULTIi_REGU_csa_tree_U_S53_add_91_9_groupi  csa_tree_U_S53_add_91_9_group_6489_196      122        728       220          948 
  GEN[3].U_MULTIi_REGU_csa_tree_U_S_24_add_91_9_groupi csa_tree_U_S_24_add_91_9_group_113          138        675       258          932 
  GEN[0].U_MULTIi_REGU_csa_tree_U_S45_add_91_9_groupi  csa_tree_U_S45_add_91_9_group_141_250       121        688       242          931 
  GEN[1].U_MULTIi_REGU_csa_tree_U_S35_add_91_9_groupi  csa_tree_U_S35_add_91_9_group_145_199       124        682       249          931 
  GEN[0].U_MULTIi_REGU_csa_tree_U_S_24_add_91_9_groupi csa_tree_U_S_24_add_91_9_group_113_243      138        671       258          929 
  GEN[0].U_MULTIi_REGU_csa_tree_U_S94_add_91_9_groupi  csa_tree_U_S94_add_91_9_group_117_245       139        665       260          925 
  GEN[3].U_MULTIi_REGU_csa_tree_U_S94_add_91_9_groupi  csa_tree_U_S94_add_91_9_group_117           138        666       259          925 
  GEN[3].U_MULTIi_REGU_csa_tree_U_S45_add_91_9_groupi  csa_tree_U_S45_add_91_9_group_141           124        677       248          924 
  GEN[1].U_MULTIi_REGU_csa_tree_U_S_24_add_91_9_groupi csa_tree_U_S_24_add_91_9_group_113_188      134        671       250          921 
  GEN[1].U_MULTIi_REGU_csa_tree_U_S45_add_91_9_groupi  csa_tree_U_S45_add_91_9_group_141_197       122        677       243          920 
  GEN[2].U_MULTIi_REGU_csa_tree_U_S94_add_91_9_groupi  csa_tree_U_S94_add_91_9_group_117_312       143        652       268          920 
  GEN[3].U_MULTIi_REGU_csa_tree_U_S35_add_91_9_groupi  csa_tree_U_S35_add_91_9_group_145           117        683       234          917 
  GEN[2].U_MULTIi_REGU_csa_tree_U_S23_add_91_9_groupi  csa_tree_U_S23_add_91_9_group_6503_323      116        712       202          914 
  GEN[0].U_MULTIi_REGU_csa_tree_U_S35_add_91_9_groupi  csa_tree_U_S35_add_91_9_group_145_251       115        682       231          914 
  GEN[1].U_MULTIi_REGU_csa_tree_U_S12_add_91_9_groupi  csa_tree_U_S12_add_91_9_group_153_202       117        686       226          912 
  GEN[2].U_MULTIi_REGU_csa_tree_U_S_24_add_91_9_groupi csa_tree_U_S_24_add_91_9_group_113_308      138        653       259          912 
  GEN[1].U_MULTIi_REGU_csa_tree_U_S43_add_91_9_groupi  csa_tree_U_S43_add_91_9_group_6495_198      128        665       239          903 
  GEN[2].U_MULTIi_REGU_csa_tree_U_S45_add_91_9_groupi  csa_tree_U_S45_add_91_9_group_141_320       121        661       241          902 
  GEN[0].U_MULTIi_REGU_csa_tree_U_S23_add_91_9_groupi  csa_tree_U_S23_add_91_9_group_6513          107        699       192          891 
  GEN[1].U_MULTIi_REGU_csa_tree_U_S23_add_91_9_groupi  csa_tree_U_S23_add_91_9_group_6503_200      112        685       200          885 
  GEN[2].U_MULTIi_REGU_csa_tree_U_S12_add_91_9_groupi  csa_tree_U_S12_add_91_9_group_153_326       107        658       213          871 
  GEN[2].U_MULTIi_REGU_csa_tree_U_S43_add_91_9_groupi  csa_tree_U_S43_add_91_9_group_6495_321      126        631       236          867 
  GEN[0].U_MULTIi_REGU_csa_tree_U_S12_add_91_9_groupi  csa_tree_U_S12_add_91_9_group_153_253       114        641       222          863 
  GEN[0].U_MULTIi_REGU_csa_tree_U_S43_add_91_9_groupi  csa_tree_U_S43_add_91_9_group_6505          120        625       229          854 
  GEN[3].U_MULTIi_REGU_csa_tree_U_S12_add_91_9_groupi  csa_tree_U_S12_add_91_9_group_153           112        631       216          848 
  GEN[3].U_MULTIi_REGU_csa_tree_U_S43_add_91_9_groupi  csa_tree_U_S43_add_91_9_group_6495          121        614       230          845 
  GEN[3].U_MULTIi_REGU_csa_tree_U_S23_add_91_9_groupi  csa_tree_U_S23_add_91_9_group_6503          107        625       194          818 
  GEN[3].U_MULTIi_REGU_csa_tree_U_S13_add_91_9_groupi  csa_tree_U_S13_add_91_9_group_151           138        534       261          795 
  GEN[0].U_MULTIi_REGU_csa_tree_U_S2_add_91_9_groupi   csa_tree_U_S2_add_91_9_group_163_255        100        593       187          780 
  GEN[2].U_MULTIi_REGU_csa_tree_U_S13_add_91_9_groupi  csa_tree_U_S13_add_91_9_group_151_327       134        506       250          756 
  GEN[2].U_MULTIi_REGU_csa_tree_U_S2_add_91_9_groupi   csa_tree_U_S2_add_91_9_group_163_329         97        574       181          755 
  GEN[0].U_MULTIi_REGU_csa_tree_U_S13_add_91_9_groupi  csa_tree_U_S13_add_91_9_group_151_254       131        502       245          747 
  GEN[1].U_MULTIi_REGU_csa_tree_U_S13_add_91_9_groupi  csa_tree_U_S13_add_91_9_group_151_203       127        492       245          737 
  GEN[3].U_MULTIi_REGU_csa_tree_U_S2_add_91_9_groupi   csa_tree_U_S2_add_91_9_group_163             94        527       176          703 
  GEN[1].U_MULTIi_REGU_csa_tree_U_S2_add_91_9_groupi   csa_tree_U_S2_add_91_9_group_163_204         89        520       167          687 
  GEN[2].U_MULTIi_REGU_csa_tree_U_S84_add_91_9_groupi  csa_tree_U_S84_add_91_9_group_119_314        83        514       145          658 
  GEN[1].U_MULTIi_REGU_csa_tree_U_S84_add_91_9_groupi  csa_tree_U_S84_add_91_9_group_119_191        79        482       141          622 
  GEN[0].U_MULTIi_REGU_csa_tree_U_S84_add_91_9_groupi  csa_tree_U_S84_add_91_9_group_119_246        81        469       147          616 
  GEN[3].U_MULTIi_REGU_csa_tree_U_S84_add_91_9_groupi  csa_tree_U_S84_add_91_9_group_119            79        473       139          612 
  GEN[2].U_MULTIi_REGU_csa_tree_U_S_14_add_91_9_groupi csa_tree_U_S_14_add_91_9_group_115_310       91        386       181          568 
  GEN[3].U_MULTIi_REGU_csa_tree_U_S_14_add_91_9_groupi csa_tree_U_S_14_add_91_9_group_115           93        377       178          555 
  GEN[1].U_MULTIi_REGU_U_S95_add_64_8                  add_signed_416_806                           94        388       157          545 
  GEN[3].U_MULTIi_REGU_U_S95_add_64_8                  add_signed_418_808                           92        374       154          528 
  GEN[2].U_MULTIi_REGU_U_S_25_add_64_8                 add_signed_418_806_307                       91        370       152          523 
  GEN[2].U_MULTIi_REGU_U_S95_add_64_8                  add_signed_418_808_311                       93        358       156          513 
  GEN[3].U_MULTIi_REGU_U_S_25_add_64_8                 add_signed_418_806                           91        356       153          509 
  GEN[2].U_MULTIi_REGU_csa_tree_U_S25_add_91_9_groupi  csa_tree_U_S25_add_91_9_group_147_324        62        398       110          508 
  GEN[0].U_MULTIi_REGU_U_S_25_add_64_8                 add_signed_433_822                           95        344       156          500 
  GEN[2].U_MULTIi_REGU_csa_tree_U_S_40_add_91_9_groupi csa_tree_U_S_40_add_91_9_group_111_305       84        335       156          491 
  GEN[1].U_MULTIi_REGU_U_S_25_add_64_8                 add_signed_416_804                           90        338       150          488 
  GEN[0].U_MULTIi_REGU_U_S95_add_64_8                  add_signed_433_824                           89        338       149          487 
  GEN[3].U_MULTIi_REGU_csa_tree_U_S25_add_91_9_groupi  csa_tree_U_S25_add_91_9_group_147            58        379       105          484 
  GEN[0].U_MULTIi_REGU_csa_tree_U_S25_add_91_9_groupi  csa_tree_U_S25_add_91_9_group_147_252        59        374       105          479 
  GEN[1].U_MULTIi_REGU_csa_tree_U_S_40_add_91_9_groupi csa_tree_U_S_40_add_91_9_group_111_187       78        334       144          477 
  GEN[1].U_MULTIi_REGU_csa_tree_U_S25_add_91_9_groupi  csa_tree_U_S25_add_91_9_group_147_201        57        367       101          469 
  GEN[3].U_MULTIi_REGU_csa_tree_U_S_40_add_91_9_groupi csa_tree_U_S_40_add_91_9_group_111           76        329       138          467 
  GEN[0].U_MULTIi_REGU_csa_tree_U_S_40_add_91_9_groupi csa_tree_U_S_40_add_91_9_group_111_242       74        327       135          462 
  GEN[1].U_MULTIi_REGU_csa_tree_U_S_14_add_91_9_groupi csa_tree_U_S_14_add_91_9_group_115_189       42        376        77          454 
  GEN[0].U_MULTIi_REGU_csa_tree_U_S_14_add_91_9_groupi csa_tree_U_S_14_add_91_9_group_115_244       47        350        87          437 
  GEN[1].U_MULTIi_REGU_csa_tree_U_S74_add_91_9_groupi  csa_tree_U_S74_add_91_9_group_121_192        46        317        83          400 
  GEN[3].U_MULTIi_REGU_csa_tree_U_S74_add_91_9_groupi  csa_tree_U_S74_add_91_9_group_121            46        315        83          397 
  GEN[2].U_MULTIi_REGU_csa_tree_U_S74_add_91_9_groupi  csa_tree_U_S74_add_91_9_group_121_315        46        307        83          391 
  GEN[0].U_MULTIi_REGU_csa_tree_U_S74_add_91_9_groupi  csa_tree_U_S74_add_91_9_group_121_247        44        304        78          382 
  GEN[2].U_MULTIi_REGU_U_S14_add_91_9                  add_signed_430_325                           43        285        56          341 
  GEN[3].U_MULTIi_REGU_U_S4_add_91_9                   add_signed_449                               56        256        81          337 
  GEN[0].U_MULTIi_REGU_U_S4_add_91_9                   add_signed_464                               41        274        60          333 
  GEN[1].U_MULTIi_REGU_U_S14_add_91_9                  add_signed_428                               42        276        57          333 
  GEN[2].U_MULTIi_REGU_U_S4_add_91_9                   add_signed_449_328                           47        258        65          323 
  GEN[0].U_MULTIi_REGU_U_S_44_add_64_8                 add_signed_433_820                           35        274        48          322 
  GEN[0].U_MULTIi_REGU_U_S14_add_91_9                  add_signed_445                               40        267        54          321 
  GEN[3].U_MULTIi_REGU_U_S14_add_91_9                  add_signed_430                               39        264        52          316 
  GEN[2].U_MULTIi_REGU_U_S_44_add_64_8                 add_signed_418_804_304                       51        236        69          305 
  GEN[1].U_MULTIi_REGU_U_S4_add_91_9                   add_signed_447                               48        234        67          301 
  GEN[0].U_MULTIi_REGU_U_S_15_add_64_8                 add_signed_433_823                           47        240        60          300 
  GEN[1].U_MULTIi_REGU_U_S_15_add_64_8                 add_signed_416_805                           42        244        54          299 
  GEN[3].U_MULTIi_REGU_U_S_44_add_64_8                 add_signed_418_804                           50        231        68          299 
  GEN[2].U_MULTIi_REGU_U_S_15_add_64_8                 add_signed_418_807_309                       45        239        60          298 
  GEN[3].U_MULTIi_REGU_U_S_15_add_64_8                 add_signed_418_807                           46        231        62          294 
  GEN[3].U_MULTIi_REGU_U_S85_add_64_8                  add_signed_418                               44        228        59          287 
  GEN[0].U_MULTIi_REGU_U_S85_add_64_8                  add_signed_433                               43        229        57          286 
  GEN[3].U_MULTIi_REGU_U_S_35_add_64_8                 add_signed_418_805                           45        225        60          285 
  GEN[2].U_MULTIi_REGU_U_S_35_add_64_8                 add_signed_418_805_306                       43        227        58          285 
  GEN[0].U_MULTIi_REGU_U_S_35_add_64_8                 add_signed_433_821                           47        218        66          285 
  GEN[1].U_MULTIi_REGU_U_S_44_add_64_8                 add_signed_416_802                           43        228        56          283 
  GEN[1].U_MULTIi_REGU_U_S_35_add_64_8                 add_signed_416_803                           44        216        58          274 
  GEN[1].U_MULTIi_REGU_U_S85_add_64_8                  add_signed_416                               44        216        58          274 
  GEN[2].U_MULTIi_REGU_U_S85_add_64_8                  add_signed_418_313                           44        211        60          271 
