============================================================
  Generated by:           Genus(TM) Synthesis Solution 17.10-p007_1
  Generated on:           Nov 22 2020  02:03:43 pm
  Module:                 top_level
  Technology libraries:   CORE65LPSVT 
                          CLOCK65LPSVT 
                          physical_cells 
  Operating conditions:   _nominal_ 
  Interconnect mode:      global
  Area mode:              physical library
============================================================

                                     Leakage   Internal      Net        Dynamic          Total       
                                                                    (Internal+Net) (Leakage+Dynamic) 
           Instance           Cells Power(uW)  Power(uW)  Power(uW)    Power(uW)       Power(uW)     
-----------------------------------------------------------------------------------------------------
top_level                     46044   520.519 109793.185 120361.179     230154.364        230674.883 
  GEN[0].U_MULTIi_SHRP         7080    81.065  16363.966  18929.973      35293.939         35375.005 
    csa_tree_U.._64_12_groupi   144     2.493    661.768    645.363       1307.132          1309.625 
    csa_tree_U.._64_12_groupi   184     2.283    610.504    614.926       1225.430          1227.714 
    csa_tree_U..d_64_8_groupi   107     2.058    356.296    433.421        789.717           791.775 
    csa_tree_U..d_64_8_groupi   152     2.033    540.877    545.240       1086.117          1088.150 
    csa_tree_U.._64_12_groupi   167     2.003    535.243    574.107       1109.350          1111.354 
    csa_tree_U.._64_12_groupi   181     1.976    564.045    582.076       1146.120          1148.096 
    csa_tree_U..d_64_8_groupi   160     1.907    509.412    519.537       1028.949          1030.856 
    csa_tree_U.._64_12_groupi   147     1.889    525.457    494.377       1019.833          1021.722 
    csa_tree_U..d_91_9_groupi   138     1.884    320.571    349.573        670.145           672.028 
    csa_tree_fac2_groupi        121     1.779    381.524    397.400        778.924           780.703 
    csa_tree_U..d_64_8_groupi   128     1.753    337.637    379.808        717.445           719.198 
    csa_tree_U..d_64_8_groupi   121     1.753    312.909    397.021        709.930           711.683 
    csa_tree_fac1_groupi        121     1.580    329.031    356.908        685.940           687.519 
    csa_tree_U..d_64_8_groupi   102     1.415    255.392    235.471        490.863           492.278 
    csa_tree_U..d_91_9_groupi   117     1.388    255.059    269.208        524.267           525.655 
    csa_tree_U..d_64_8_groupi   111     1.382    306.193    333.134        639.327           640.708 
    csa_tree_U..d_91_9_groupi   122     1.321    272.961    292.014        564.975           566.296 
    csa_tree_U..d_64_8_groupi   102     1.292    241.305    251.315        492.620           493.912 
    csa_tree_U.._64_12_groupi   120     1.254    348.161    384.847        733.008           734.262 
    csa_tree_U.._64_12_groupi   121     1.195    328.083    387.663        715.746           716.941 
    csa_tree_U..d_64_8_groupi    94     1.133    278.999    296.701        575.700           576.833 
    csa_tree_U..d_64_8_groupi   102     1.072    242.197    285.240        527.437           528.508 
    csa_tree_U.._64_12_groupi    70     1.019    317.518    301.606        619.123           620.142 
    csa_tree_U..d_64_8_groupi    87     1.015    268.870    266.543        535.413           536.427 
    csa_tree_U..d_64_8_groupi    89     1.006    263.065    269.378        532.443           533.449 
    csa_tree_U..d_64_8_groupi    90     0.980    245.521    283.918        529.439           530.419 
    U_S7_7_add_64_8              96     0.906    242.132    294.257        536.389           537.296 
    csa_tree_U..d_91_9_groupi    87     0.904    204.967    232.473        437.440           438.344 
    U_S12_7_add_64_8             97     0.880    233.328    290.791        524.119           524.999 
    csa_tree_U..d_91_9_groupi    84     0.876    205.279    234.337        439.616           440.491 
    U_S9_7_add_64_8              98     0.771    212.462    268.006        480.468           481.239 
    U_S13_7_add_64_8             96     0.764    192.286    246.137        438.423           439.188 
    csa_tree_U..d_91_9_groupi    61     0.759    172.467    179.873        352.340           353.098 
    U_S3_7_add_64_8              99     0.758    195.973    255.514        451.487           452.245 
    csa_tree_U..d_91_9_groupi    65     0.671    103.629    108.840        212.469           213.140 
    U_S6_7_add_64_8              97     0.653    180.474    253.003        433.478           434.130 
    U_S14_7_add_64_8             92     0.652    183.420    220.095        403.515           404.167 
    U_S2_7_add_64_8              96     0.649    168.450    221.622        390.072           390.720 
    csa_tree_U.._64_12_groupi    50     0.641    236.024    208.346        444.370           445.011 
    csa_tree_U..d_91_9_groupi    69     0.629     97.634    106.591        204.226           204.855 
    U_S11_7_add_64_8             95     0.627    167.985    207.816        375.801           376.428 
    csa_tree_U..d_91_9_groupi    48     0.612    156.453    151.305        307.758           308.370 
    U_S10_7_add_64_8             97     0.611    167.732    246.394        414.127           414.737 
    csa_tree_U..d_91_9_groupi    55     0.571    133.458    128.733        262.191           262.761 
    csa_tree_U..d_91_9_groupi    43     0.543    118.630     98.051        216.681           217.224 
    U_S1_6_add_64_8              54     0.542    146.195    140.404        286.599           287.141 
    csa_tree_U..d_91_9_groupi    53     0.508    115.055    111.625        226.680           227.188 
    U_S15_6_add_64_8             50     0.416    120.163    115.417        235.581           235.997 
  GEN[3].U_MULTIi_SHRP         7042    79.680  16125.126  18921.188      35046.314         35125.993 
    csa_tree_U.._64_12_groupi   180     2.327    626.004    635.766       1261.770          1264.097 
    csa_tree_U.._64_12_groupi   176     2.256    572.191    611.822       1184.013          1186.269 
    csa_tree_U..d_64_8_groupi   165     2.111    554.377    615.000       1169.377          1171.488 
    csa_tree_U.._64_12_groupi   149     2.109    580.838    572.147       1152.985          1155.094 
    csa_tree_U.._64_12_groupi   175     2.056    585.648    604.088       1189.736          1191.792 
    csa_tree_U..d_64_8_groupi   115     2.024    363.476    460.534        824.010           826.034 
    csa_tree_U.._64_12_groupi   138     2.012    545.524    543.629       1089.153          1091.165 
    csa_tree_U..d_64_8_groupi   159     1.960    517.053    528.485       1045.538          1047.498 
    csa_tree_U..d_64_8_groupi   131     1.911    324.666    449.229        773.894           775.805 
    csa_tree_U..d_91_9_groupi   135     1.902    312.443    353.742        666.185           668.087 
    csa_tree_fac2_groupi        129     1.743    372.488    432.207        804.695           806.439 
    csa_tree_fac1_groupi        116     1.587    345.297    367.819        713.116           714.703 
    csa_tree_U..d_64_8_groupi   121     1.560    315.832    356.599        672.431           673.991 
    csa_tree_U..d_64_8_groupi   111     1.417    314.122    337.839        651.961           653.379 
    csa_tree_U..d_91_9_groupi   125     1.385    262.327    288.604        550.931           552.316 
    csa_tree_U.._64_12_groupi   117     1.331    361.812    386.771        748.583           749.914 
    csa_tree_U..d_64_8_groupi    91     1.306    236.783    213.442        450.225           451.530 
    csa_tree_U..d_64_8_groupi   101     1.305    228.968    228.227        457.195           458.500 
    csa_tree_U..d_64_8_groupi   102     1.204    261.575    294.137        555.713           556.916 
    csa_tree_U.._64_12_groupi   113     1.116    309.450    350.784        660.233           661.349 
    csa_tree_U..d_64_8_groupi    83     1.080    286.977    275.805        562.782           563.862 
    csa_tree_U..d_64_8_groupi    97     1.025    253.820    288.531        542.350           543.375 
    csa_tree_U..d_64_8_groupi    90     1.011    260.839    283.910        544.749           545.760 
    U_S6_7_add_64_8             104     0.967    237.472    320.616        558.088           559.055 
    U_S10_7_add_64_8            103     0.947    228.130    307.579        535.709           536.656 
    csa_tree_U.._64_12_groupi    67     0.875    275.557    246.089        521.646           522.521 
    csa_tree_U..d_91_9_groupi    90     0.869    196.368    238.746        435.114           435.982 
    U_S13_7_add_64_8             97     0.866    204.676    253.832        458.509           459.375 
    csa_tree_U..d_64_8_groupi    88     0.865    225.644    272.212        497.856           498.721 
    U_S7_7_add_64_8              98     0.864    229.732    292.389        522.121           522.985 
    csa_tree_U..d_91_9_groupi    88     0.834    179.586    208.416        388.002           388.835 
    U_S3_7_add_64_8             103     0.829    204.937    276.534        481.471           482.300 
    csa_tree_U..d_91_9_groupi    63     0.806    187.123    161.419        348.542           349.347 
    U_S12_7_add_64_8             94     0.796    212.473    254.685        467.158           467.954 
    csa_tree_U..d_91_9_groupi    65     0.757    160.573    183.252        343.825           344.582 
    U_S9_7_add_64_8              94     0.732    195.241    234.070        429.311           430.043 
    U_S2_7_add_64_8              95     0.673    172.903    221.406        394.308           394.981 
    U_S14_7_add_64_8             92     0.669    166.704    207.959        374.664           375.332 
    csa_tree_U.._64_12_groupi    57     0.665    241.761    214.976        456.736           457.401 
    csa_tree_U..d_91_9_groupi    68     0.647     91.649    107.739        199.388           200.035 
    U_S11_7_add_64_8             91     0.625    168.106    212.158        380.264           380.888 
    csa_tree_U..d_91_9_groupi    50     0.617    147.875    142.082        289.957           290.573 
    csa_tree_U..d_91_9_groupi    72     0.613     89.898    106.393        196.291           196.903 
    csa_tree_U..d_91_9_groupi    56     0.534    129.509    143.483        272.992           273.526 
    csa_tree_U..d_91_9_groupi    55     0.518    110.195    123.486        233.681           234.198 
    csa_tree_U..d_91_9_groupi    44     0.512    113.254    102.957        216.211           216.723 
    U_S15_6_add_64_8             49     0.475    135.908    110.302        246.210           246.684 
    U_S1_6_add_64_8              50     0.443    127.185    117.148        244.333           244.776 
  GEN[2].U_MULTIi_SHRP         7022    79.127  16256.295  18792.520      35048.815         35127.942 
    csa_tree_U..d_64_8_groupi   140     2.440    419.317    571.574        990.890           993.330 
    csa_tree_U.._64_12_groupi   183     2.396    656.492    656.560       1313.052          1315.448 
    csa_tree_U.._64_12_groupi   165     2.253    579.501    601.366       1180.867          1183.120 
    csa_tree_U.._64_12_groupi   173     2.192    603.731    620.808       1224.539          1226.730 
    csa_tree_U.._64_12_groupi   153     2.116    580.088    579.759       1159.847          1161.963 
    csa_tree_U..d_64_8_groupi   148     2.047    546.453    545.269       1091.721          1093.768 
    csa_tree_U..d_64_8_groupi   154     2.024    539.989    516.870       1056.860          1058.884 
    csa_tree_U.._64_12_groupi   150     1.925    547.839    528.730       1076.569          1078.494 
    csa_tree_U..d_91_9_groupi   139     1.779    287.985    327.054        615.038           616.818 
    csa_tree_fac2_groupi        123     1.733    378.705    406.187        784.892           786.625 
    csa_tree_fac1_groupi        121     1.662    351.270    407.957        759.227           760.888 
    csa_tree_U..d_64_8_groupi   107     1.620    303.607    348.489        652.096           653.716 
    csa_tree_U..d_64_8_groupi   117     1.498    277.361    330.902        608.262           609.760 
    csa_tree_U..d_64_8_groupi   112     1.412    330.584    330.835        661.419           662.832 
    csa_tree_U.._64_12_groupi   117     1.343    378.184    391.349        769.533           770.875 
    csa_tree_U.._64_12_groupi   122     1.293    352.306    420.382        772.689           773.981 
    csa_tree_U..d_64_8_groupi   105     1.290    229.079    232.670        461.749           463.039 
    csa_tree_U..d_64_8_groupi    87     1.269    235.568    225.559        461.128           462.396 
    csa_tree_U.._64_12_groupi   115     1.208    320.841    374.009        694.850           696.058 
    csa_tree_U..d_91_9_groupi   123     1.181    245.338    277.988        523.326           524.507 
    csa_tree_U..d_64_8_groupi    86     1.033    275.282    269.000        544.282           545.315 
    csa_tree_U..d_64_8_groupi    91     1.027    278.235    282.414        560.649           561.676 
    U_S6_7_add_64_8             103     1.001    264.750    298.880        563.630           564.631 
    csa_tree_U..d_64_8_groupi    98     0.995    226.396    253.722        480.118           481.113 
    csa_tree_U..d_91_9_groupi   113     0.992    189.503    197.708        387.211           388.203 
    csa_tree_U..d_64_8_groupi    91     0.968    246.423    265.435        511.858           512.826 
    csa_tree_U..d_64_8_groupi    89     0.966    249.392    268.245        517.638           518.604 
    U_S10_7_add_64_8            102     0.940    244.108    281.793        525.901           526.842 
    U_S13_7_add_64_8             97     0.894    208.641    247.816        456.456           457.351 
    U_S12_7_add_64_8            103     0.888    225.577    295.645        521.222           522.110 
    U_S9_7_add_64_8              93     0.885    240.544    280.546        521.090           521.975 
    csa_tree_U..d_91_9_groupi    97     0.878    199.854    236.324        436.178           437.057 
    csa_tree_U..d_91_9_groupi    86     0.865    198.687    225.034        423.721           424.585 
    U_S7_7_add_64_8              92     0.864    230.208    297.636        527.844           528.707 
    U_S3_7_add_64_8              99     0.811    197.745    281.049        478.794           479.605 
    U_S14_7_add_64_8             94     0.677    179.809    233.184        412.993           413.670 
    U_S2_7_add_64_8              97     0.662    164.769    237.685        402.454           403.115 
    csa_tree_U..d_91_9_groupi    64     0.642    103.078    108.720        211.799           212.441 
    csa_tree_U..d_91_9_groupi    59     0.630    149.166    174.561        323.727           324.357 
    U_S11_7_add_64_8             93     0.607    166.755    211.824        378.579           379.186 
    csa_tree_U..d_91_9_groupi    70     0.583     92.284    106.116        198.400           198.982 
    csa_tree_U..d_91_9_groupi    55     0.580    138.531    143.031        281.562           282.142 
    csa_tree_U.._64_12_groupi    55     0.573    207.954    200.767        408.722           409.295 
    csa_tree_U..d_91_9_groupi    45     0.529    123.338    105.721        229.058           229.587 
    csa_tree_U..d_91_9_groupi    47     0.520    127.064    126.195        253.259           253.779 
    csa_tree_U..d_91_9_groupi    45     0.423    107.064    114.131        221.195           221.618 
    U_S1_6_add_64_8              53     0.410    115.218    121.257        236.475           236.886 
    U_S15_6_add_64_8             53     0.385    113.558    107.046        220.604           220.989 
  GEN[1].U_MULTIi_SHRP         6892    78.108  16128.379  18802.088      34930.467         35008.574 
    csa_tree_U.._64_12_groupi   184     2.520    668.203    698.186       1366.389          1368.909 
    csa_tree_U..d_64_8_groupi   123     2.331    404.280    539.853        944.133           946.465 
    csa_tree_U.._64_12_groupi   141     2.319    621.508    623.913       1245.421          1247.741 
    csa_tree_U.._64_12_groupi   179     2.093    550.056    639.235       1189.291          1191.384 
    csa_tree_U.._64_12_groupi   155     2.066    570.523    569.147       1139.670          1141.736 
    csa_tree_U..d_64_8_groupi   162     2.029    527.077    570.504       1097.581          1099.611 
    csa_tree_U.._64_12_groupi   174     2.017    578.240    582.459       1160.699          1162.717 
    csa_tree_U..d_64_8_groupi   144     1.991    523.858    545.151       1069.009          1071.000 
    csa_tree_U..d_91_9_groupi   147     1.984    337.617    406.616        744.233           746.217 
    csa_tree_fac2_groupi        129     1.928    419.735    440.751        860.486           862.414 
    csa_tree_U..d_64_8_groupi   114     1.762    309.773    359.929        669.702           671.463 
    csa_tree_U..d_64_8_groupi   123     1.698    334.017    378.944        712.962           714.660 
    csa_tree_U..d_64_8_groupi   120     1.531    249.378    254.453        503.831           505.362 
    csa_tree_fac1_groupi        122     1.422    309.955    361.000        670.954           672.376 
    csa_tree_U..d_64_8_groupi   115     1.315    298.816    322.485        621.300           622.616 
    csa_tree_U.._64_12_groupi   119     1.294    355.143    396.685        751.828           753.123 
    csa_tree_U.._64_12_groupi   114     1.285    339.746    406.952        746.698           747.983 
    csa_tree_U..d_64_8_groupi    95     1.203    229.594    214.520        444.114           445.317 
    csa_tree_U..d_64_8_groupi    99     1.155    252.374    259.302        511.677           512.832 
    csa_tree_U..d_64_8_groupi    85     1.082    285.792    287.758        573.550           574.631 
    csa_tree_U..d_64_8_groupi    97     1.056    273.808    300.875        574.683           575.739 
    csa_tree_U..d_91_9_groupi   109     1.052    222.811    222.078        444.888           445.940 
    csa_tree_U..d_64_8_groupi    87     1.008    270.660    279.133        549.793           550.801 
    csa_tree_U.._64_12_groupi    68     0.925    295.735    266.945        562.680           563.604 
    U_S7_7_add_64_8              95     0.909    234.684    266.514        501.198           502.107 
    U_S6_7_add_64_8              99     0.870    225.955    295.369        521.324           522.194 
    csa_tree_U..d_91_9_groupi    61     0.866    208.518    180.832        389.350           390.216 
    csa_tree_U..d_64_8_groupi    92     0.865    219.382    253.040        472.422           473.287 
    csa_tree_U..d_91_9_groupi    88     0.858    188.592    228.378        416.971           417.829 
    U_S12_7_add_64_8            100     0.830    216.197    271.062        487.259           488.089 
    csa_tree_U..d_91_9_groupi    83     0.828    193.367    219.895        413.262           414.090 
    U_S9_7_add_64_8              93     0.820    218.779    255.140        473.919           474.738 
    U_S13_7_add_64_8             94     0.799    197.292    253.335        450.627           451.426 
    U_S3_7_add_64_8             100     0.789    196.299    273.906        470.205           470.995 
    U_S10_7_add_64_8             97     0.734    191.078    258.671        449.749           450.484 
    csa_tree_U.._64_12_groupi    46     0.710    257.207    212.880        470.087           470.797 
    U_S2_7_add_64_8              96     0.703    174.496    225.284        399.779           400.483 
    U_S14_7_add_64_8             94     0.699    180.990    217.820        398.810           399.509 
    csa_tree_U..d_91_9_groupi    59     0.628    150.144    177.940        328.084           328.713 
    U_S11_7_add_64_8             91     0.610    161.644    206.580        368.224           368.833 
    csa_tree_U..d_91_9_groupi    65     0.603     94.642    107.441        202.083           202.687 
    csa_tree_U..d_91_9_groupi    69     0.594     87.196     97.835        185.031           185.625 
    csa_tree_U..d_91_9_groupi    46     0.553    140.261    138.794        279.055           279.608 
    U_S1_6_add_64_8              54     0.548    144.887    138.561        283.448           283.996 
    csa_tree_U..d_91_9_groupi    44     0.526    121.114    106.803        227.917           228.443 
    csa_tree_U..d_91_9_groupi    50     0.444    106.344    117.187        223.531           223.975 
    U_S15_6_add_64_8             53     0.419    113.804    120.345        234.149           234.568 
    csa_tree_U..d_91_9_groupi    45     0.414     98.349    101.596        199.945           200.359 
  GEN[1].U_M..d_91_9_groupi     167     2.229    467.889    546.707       1014.595          1016.825 
  GEN[0].U_M..d_91_9_groupi     168     2.168    452.007    523.976        975.983           978.151 
  GEN[2].U_M..d_91_9_groupi     175     2.166    449.846    504.761        954.607           956.773 
  GEN[3].U_M..d_91_9_groupi     167     2.115    429.221    503.527        932.748           934.863 
  GEN[1].U_M..d_91_9_groupi     150     1.696    457.423    467.529        924.952           926.648 
  GEN[3].U_M..d_91_9_groupi     159     1.680    454.976    469.888        924.864           926.544 
  GEN[3].U_M..d_91_9_groupi     127     1.660    347.913    377.544        725.457           727.117 
  GEN[0].U_M..d_91_9_groupi     127     1.650    341.493    391.301        732.794           734.444 
  GEN[2].U_M..d_91_9_groupi     121     1.646    364.231    382.453        746.684           748.329 
  GEN[2].U_M..d_91_9_groupi     150     1.643    451.115    464.219        915.334           916.977 
  GEN[2].U_M..d_91_9_groupi     116     1.639    373.244    415.372        788.616           790.255 
  GEN[0].U_M..d_91_9_groupi     148     1.585    421.952    452.951        874.904           876.489 
  GEN[1].U_M..d_91_9_groupi     122     1.582    320.871    354.811        675.682           677.264 
  GEN[0].U_M..d_91_9_groupi     107     1.565    361.089    395.662        756.751           758.316 
  GEN[1].U_M..d_91_9_groupi     112     1.535    337.736    364.625        702.362           703.897 
  GEN[1].U_M..d_91_9_groupi     137     1.382    276.012    306.195        582.207           583.589 
  GEN[1].U_M..d_91_9_groupi     128     1.375    307.575    338.008        645.583           646.958 
  GEN[3].U_M..d_91_9_groupi     107     1.364    310.960    364.698        675.658           677.022 
  GEN[1].U_M..d_91_9_groupi     124     1.363    365.937    364.427        730.364           731.727 
  GEN[1].U_M..d_91_9_groupi     117     1.339    306.274    320.357        626.632           627.971 
  GEN[1].U_M..d_91_9_groupi     134     1.335    269.658    297.737        567.396           568.730 
  GEN[0].U_M..d_91_9_groupi     126     1.317    368.605    401.245        769.850           771.167 
  GEN[3].U_M..d_91_9_groupi     123     1.316    382.683    387.139        769.823           771.138 
  GEN[0].U_M..d_91_9_groupi     139     1.310    265.027    292.643        557.671           558.981 
  GEN[0].U_M..d_91_9_groupi     138     1.307    274.465    321.405        595.870           597.177 
  GEN[3].U_M..d_91_9_groupi     138     1.306    271.853    337.611        609.464           610.769 
  GEN[3].U_M..d_91_9_groupi     138     1.292    271.911    301.081        572.992           574.284 
  GEN[2].U_M..d_91_9_groupi     126     1.285    286.486    327.477        613.963           615.248 
  GEN[2].U_M..d_91_9_groupi     127     1.273    370.875    359.877        730.752           732.026 
  GEN[2].U_M..d_91_9_groupi     107     1.273    304.057    311.526        615.584           616.857 
  GEN[2].U_M..d_91_9_groupi     138     1.265    271.146    306.390        577.536           578.801 
  GEN[2].U_M..d_91_9_groupi     143     1.259    259.180    303.443        562.623           563.881 
  GEN[2].U_M..d_91_9_groupi     124     1.252    352.626    375.862        728.487           729.739 
  GEN[0].U_M..d_91_9_groupi     120     1.228    291.936    333.299        625.235           626.463 
  GEN[3].U_M..d_91_9_groupi     121     1.226    273.118    319.205        592.323           593.549 
  GEN[0].U_M..d_91_9_groupi     100     1.225    268.103    290.189        558.292           559.517 
  GEN[0].U_M..d_91_9_groupi     114     1.215    292.726    301.611        594.337           595.552 
  GEN[3].U_M..d_91_9_groupi     112     1.212    281.784    290.776        572.559           573.771 
  GEN[0].U_M..d_91_9_groupi     121     1.207    345.035    348.016        693.051           694.258 
  GEN[2].U_M..d_91_9_groupi      97     1.198    245.697    287.826        533.523           534.721 
  GEN[3].U_M..d_91_9_groupi     117     1.192    338.459    349.698        688.157           689.348 
  GEN[1].U_M..d_91_9_groupi     122     1.189    331.991    340.693        672.684           673.872 
  GEN[3].U_M..d_91_9_groupi     124     1.183    349.282    358.623        707.905           709.088 
  GEN[1].U_M..d_91_9_groupi     124     1.175    346.608    361.488        708.096           709.271 
  GEN[0].U_M..d_91_9_groupi     115     1.166    335.666    360.348        696.014           697.180 
  GEN[2].U_M..d_91_9_groupi     121     1.136    330.669    339.799        670.468           671.604 
  GEN[3].U_M..d_91_9_groupi      94     1.078    234.947    239.059        474.005           475.083 
  GEN[1].U_M..d_91_9_groupi      89     1.046    229.135    240.419        469.554           470.600 
  GEN[3].U_M..d_91_9_groupi     138     0.942    150.833    214.701        365.534           366.475 
  GEN[0].U_M..d_91_9_groupi     131     0.899    145.419    194.620        340.038           340.938 
  GEN[2].U_M..d_91_9_groupi     134     0.880    141.451    193.265        334.717           335.597 
  GEN[2].U_M..d_91_9_groupi      83     0.859    204.097    213.563        417.660           418.518 
  GEN[1].U_M..d_91_9_groupi     127     0.844    140.251    188.424        328.675           329.519 
  GEN[1].U_M..d_91_9_groupi      79     0.837    191.871    196.626        388.496           389.333 
  GEN[3].U_M..d_91_9_groupi      79     0.819    190.516    185.891        376.407           377.227 
  GEN[0].U_M..d_91_9_groupi      81     0.769    178.850    179.075        357.925           358.694 
  GEN[1].U_M.._S95_add_64_8      94     0.707    177.127    218.365        395.492           396.199 
  GEN[2].U_M..d_91_9_groupi      62     0.656    188.290    188.154        376.444           377.099 
  GEN[3].U_M.._S95_add_64_8      92     0.654    172.831    210.610        383.441           384.095 
  GEN[2].U_M..S_25_add_64_8      91     0.636    159.710    207.253        366.964           367.600 
  GEN[3].U_M..d_91_9_groupi      58     0.614    182.008    166.827        348.835           349.448 
  GEN[1].U_M..d_91_9_groupi      42     0.612    160.896    143.804        304.700           305.312 
  GEN[0].U_M..d_91_9_groupi      59     0.605    181.060    172.571        353.631           354.237 
  GEN[2].U_M.._S95_add_64_8      93     0.602    156.609    197.265        353.874           354.476 
  GEN[3].U_M..S_25_add_64_8      91     0.595    158.719    206.129        364.848           365.442 
  GEN[1].U_M..d_91_9_groupi      57     0.588    177.517    155.278        332.795           333.383 
  GEN[0].U_M.._S95_add_64_8      89     0.562    142.335    177.446        319.781           320.342 
  GEN[1].U_M..S_25_add_64_8      90     0.546    146.100    190.514        336.614           337.159 
  GEN[2].U_M..d_91_9_groupi      91     0.544    148.125    193.248        341.372           341.917 
  GEN[0].U_M..S_25_add_64_8      95     0.527    145.868    194.028        339.896           340.423 
  GEN[3].U_M..d_91_9_groupi      76     0.521     91.005    111.137        202.142           202.663 
  GEN[0].U_M..d_91_9_groupi      74     0.516     90.861    105.633        196.494           197.010 
  GEN[2].U_M..d_91_9_groupi      84     0.514     90.538    126.046        216.583           217.098 
  GEN[1].U_M..d_91_9_groupi      78     0.500     87.817    112.021        199.838           200.338 
  GEN[0].U_M..d_91_9_groupi      47     0.498    141.791    143.023        284.813           285.312 
  GEN[3].U_M..d_91_9_groupi      93     0.497    139.363    190.302        329.665           330.161 
  GEN[2].U_M.._S14_add_91_9      43     0.478    140.367    110.817        251.184           251.661 
  GEN[1].U_M.._S14_add_91_9      42     0.473    141.699    116.569        258.268           258.741 
  GEN[3].U_M.._S14_add_91_9      39     0.462    138.604     96.508        235.112           235.574 
  GEN[0].U_M..S_44_add_64_8      35     0.448    135.379     99.778        235.157           235.605 
  GEN[0].U_M..U_S4_add_91_9      41     0.436    124.212    100.117        224.328           224.765 
  GEN[2].U_M..U_S4_add_91_9      47     0.431    110.570     96.875        207.444           207.875 
  GEN[1].U_M..d_91_9_groupi      46     0.430    121.042    122.616        243.658           244.088 
  GEN[0].U_M.._S14_add_91_9      40     0.430    130.949     92.323        223.272           223.702 
  GEN[0].U_M..d_91_9_groupi      44     0.429    125.014    119.829        244.843           245.272 
  GEN[3].U_M..d_91_9_groupi      46     0.425    134.466    130.522        264.988           265.414 
  GEN[1].U_M..S_15_add_64_8      42     0.410    131.460    100.859        232.319           232.729 
  GEN[3].U_M..U_S4_add_91_9      56     0.406    105.483    102.984        208.467           208.873 
  GEN[0].U_M..S_15_add_64_8      47     0.406    127.585    111.631        239.216           239.622 
  GEN[2].U_M..d_91_9_groupi      46     0.395    117.597    124.602        242.200           242.595 
  GEN[2].U_M..S_15_add_64_8      45     0.387    127.150    110.267        237.417           237.804 
  GEN[2].U_M..S_35_add_64_8      43     0.385    116.771     92.218        208.989           209.374 
  GEN[3].U_M..S_15_add_64_8      46     0.379    128.388     97.654        226.042           226.420 
  GEN[3].U_M..S_35_add_64_8      45     0.374    117.835     98.583        216.417           216.791 
  GEN[0].U_M.._S85_add_64_8      43     0.374    118.326    101.656        219.982           220.356 
  GEN[1].U_M..U_S4_add_91_9      48     0.372    110.229     94.179        204.408           204.780 
  GEN[2].U_M..S_44_add_64_8      51     0.370    100.615     99.037        199.652           200.021 
  GEN[3].U_M..S_44_add_64_8      50     0.369    105.396    100.913        206.309           206.678 
  GEN[1].U_M..S_44_add_64_8      43     0.366    109.586     84.634        194.220           194.586 
  GEN[0].U_M..S_35_add_64_8      47     0.363    112.322    100.882        213.204           213.567 
  GEN[3].U_M.._S85_add_64_8      44     0.363    128.687     94.495        223.182           223.545 
  GEN[1].U_M..S_35_add_64_8      44     0.341    102.804     88.159        190.963           191.304 
  GEN[1].U_M.._S85_add_64_8      44     0.333    109.480     96.735        206.214           206.547 
  GEN[2].U_M.._S85_add_64_8      44     0.325    115.201     98.762        213.964           214.289 

