============================================================
  Generated by:           Genus(TM) Synthesis Solution 17.10-p007_1
  Generated on:           Jan 27 2020  11:17:19 pm
  Module:                 INTER_6
  Technology libraries:   CORE65LPSVT 
                          CLOCK65LPSVT 
                          physical_cells 
  Operating conditions:   _nominal_ 
  Interconnect mode:      global
  Area mode:              physical library
============================================================

                                            Leakage   Internal  
       Gate         Instances     Area    Power (uW) Power (uW)     Library    
-------------------------------------------------------------------------------
HS65_LSS_XNOR2X12         330    2230.800      4.448    261.876    CORE65LPSVT 
HS65_LSS_XNOR2X6         1485    6177.600     10.002    731.847    CORE65LPSVT 
HS65_LSS_XOR2X6           495    2059.200      2.917    222.879    CORE65LPSVT 
HS65_LSS_XOR3X2            66     514.800      0.337     14.942    CORE65LPSVT 
HS65_LS_AND2X18           528    1921.920      5.200    236.822    CORE65LPSVT 
HS65_LS_AND2X27           165     943.800      2.632    106.482    CORE65LPSVT 
HS65_LS_AND2X4           1122    2917.200      2.641    212.923    CORE65LPSVT 
HS65_LS_AND2X9            429    1338.480      1.892    100.873    CORE65LPSVT 
HS65_LS_AND3X18            66     308.880      0.821     22.890    CORE65LPSVT 
HS65_LS_AND3X35            66     514.800      1.769     28.436    CORE65LPSVT 
HS65_LS_AND3X9             66     240.240      0.216      4.507    CORE65LPSVT 
HS65_LS_AO12X18           231     960.960      2.422    109.543    CORE65LPSVT 
HS65_LS_AO12X9            132     480.480      0.572     37.630    CORE65LPSVT 
HS65_LS_AO31X18            66     343.200      0.636     18.000    CORE65LPSVT 
HS65_LS_AO32X9             66     343.200      0.338     47.228    CORE65LPSVT 
HS65_LS_AOI12X12          330    1716.000      3.099     61.330    CORE65LPSVT 
HS65_LS_AOI12X17          264    1784.640      3.875    180.508    CORE65LPSVT 
HS65_LS_AOI12X2            66     171.600      0.097      6.239    CORE65LPSVT 
HS65_LS_AOI12X35           66     858.000      2.054     37.374    CORE65LPSVT 
HS65_LS_AOI12X6           462    1441.440      2.042     90.939    CORE65LPSVT 
HS65_LS_AOI13X10           33     205.920      0.225     35.609    CORE65LPSVT 
HS65_LS_AOI13X5            66     240.240      0.411     12.692    CORE65LPSVT 
HS65_LS_AOI21X6            66     205.920      0.268     15.800    CORE65LPSVT 
HS65_LS_BFX106            155    1853.800      8.852    159.208    CORE65LPSVT 
HS65_LS_BFX142             28     436.800      2.161     34.980    CORE65LPSVT 
HS65_LS_BFX18              70     218.400      0.554     18.518    CORE65LPSVT 
HS65_LS_BFX27              20      72.800      0.253      5.355    CORE65LPSVT 
HS65_LS_BFX35              37     192.400      0.644     12.586    CORE65LPSVT 
HS65_LS_BFX44               3      17.160      0.067      1.012    CORE65LPSVT 
HS65_LS_BFX53              47     293.280      1.266     23.700    CORE65LPSVT 
HS65_LS_BFX71               5      41.600      0.185      3.234    CORE65LPSVT 
HS65_LS_CB4I1X18          165     858.000      1.882     62.369    CORE65LPSVT 
HS65_LS_CB4I6X18           66     343.200      0.710     82.652    CORE65LPSVT 
HS65_LS_CB4I6X9            66     274.560      0.317     42.136    CORE65LPSVT 
HS65_LS_CBI4I1X11          99     617.760      0.883     34.603    CORE65LPSVT 
HS65_LS_CBI4I1X5           66     240.240      0.336     33.080    CORE65LPSVT 
HS65_LS_CBI4I6X14          33     291.720      0.186      9.666    CORE65LPSVT 
HS65_LS_CBI4I6X5           33     120.120      0.116     12.309    CORE65LPSVT 
HS65_LS_CNIVX21           137     427.440      0.843     16.798    CORE65LPSVT 
HS65_LS_CNIVX27           194     706.160      1.659     40.635    CORE65LPSVT 
HS65_LS_CNIVX34           199     931.320      2.431     33.629    CORE65LPSVT 
HS65_LS_CNIVX41             2      10.400      0.035      0.277    CORE65LPSVT 
HS65_LS_CNIVX62             1       7.280      0.026      0.213    CORE65LPSVT 
HS65_LS_DFPRQNX9           56     582.400      0.551    268.039    CORE65LPSVT 
HS65_LS_DFPRQX18          226    2467.920      2.984   1115.507    CORE65LPSVT 
HS65_LS_DFPRQX27           56     669.760      0.932    282.072    CORE65LPSVT 
HS65_LS_DFPRQX4           693    7207.200      6.057   4291.412    CORE65LPSVT 
HS65_LS_DFPRQX9           339    3525.600      3.357   1865.450    CORE65LPSVT 
HS65_LS_FA1X18           1947   27335.880     46.665   3963.100    CORE65LPSVT 
HS65_LS_FA1X27            495   10553.400     18.407   1745.341    CORE65LPSVT 
HS65_LS_FA1X4             264    2471.040      1.665    141.873    CORE65LPSVT 
HS65_LS_FA1X9             792    8648.640      8.578    999.688    CORE65LPSVT 
HS65_LS_HA1X18             99     720.720      2.020     74.326    CORE65LPSVT 
HS65_LS_HA1X4             528    2745.600      2.709    127.216    CORE65LPSVT 
HS65_LS_HA1X9             198    1235.520      1.866    104.571    CORE65LPSVT 
HS65_LS_IVX18            2187    4548.960     11.755    194.653    CORE65LPSVT 
HS65_LS_IVX2                1       1.560      0.001      0.054    CORE65LPSVT 
HS65_LS_IVX27             925    2886.000      8.554    168.166    CORE65LPSVT 
HS65_LS_IVX31              66     240.240      0.723     13.716    CORE65LPSVT 
HS65_LS_IVX35             386    1405.040      4.846     68.972    CORE65LPSVT 
HS65_LS_IVX44              95     395.200      1.531     15.289    CORE65LPSVT 
HS65_LS_IVX53              36     187.200      0.723      6.176    CORE65LPSVT 
HS65_LS_IVX71              25     156.000      0.681      5.230    CORE65LPSVT 
HS65_LS_IVX9             2978    4645.680      7.266    220.070    CORE65LPSVT 
HS65_LS_MUX21I1X12         33     223.080      0.408     10.594    CORE65LPSVT 
HS65_LS_MUX21X9            33     154.440      0.266     10.328    CORE65LPSVT 
HS65_LS_NAND2AX14        1216    5058.560     10.228    222.280    CORE65LPSVT 
HS65_LS_NAND2AX21         627    3586.440      8.633    406.602    CORE65LPSVT 
HS65_LS_NAND2AX29          66     446.160      1.162     11.665    CORE65LPSVT 
HS65_LS_NAND2AX7         1160    3619.200      5.366    204.613    CORE65LPSVT 
HS65_LS_NAND2X14         2211    8048.040     15.984    439.867    CORE65LPSVT 
HS65_LS_NAND2X21          627    3260.400      6.586    226.298    CORE65LPSVT 
HS65_LS_NAND2X29          165    1029.600      3.760    112.168    CORE65LPSVT 
HS65_LS_NAND2X43           33     291.720      1.167     36.292    CORE65LPSVT 
HS65_LS_NAND2X7          4059    8442.720     10.512    491.950    CORE65LPSVT 
HS65_LS_NAND3AX13          33     188.760      0.651      6.539    CORE65LPSVT 
HS65_LS_NAND3X13           33     171.600      0.054      4.265    CORE65LPSVT 
HS65_LS_NAND3X19           99     669.240      1.876     66.459    CORE65LPSVT 
HS65_LS_NAND3X6            33     102.960      0.250      5.308    CORE65LPSVT 
HS65_LS_NAND4ABX19         66     652.080      1.544    104.014    CORE65LPSVT 
HS65_LS_NAND4ABX25         66     789.360      1.766    126.290    CORE65LPSVT 
HS65_LS_NOR2AX13          561    2333.760      5.390    181.358    CORE65LPSVT 
HS65_LS_NOR2AX19          198    1132.560      2.035     94.497    CORE65LPSVT 
HS65_LS_NOR2AX25           99     669.240      1.332     68.219    CORE65LPSVT 
HS65_LS_NOR2AX3          1980    5148.000      5.093    322.521    CORE65LPSVT 
HS65_LS_NOR2AX6           495    1544.400      2.125     85.731    CORE65LPSVT 
HS65_LS_NOR2X13          1518    5525.520      9.557    390.252    CORE65LPSVT 
HS65_LS_NOR2X19           561    2917.200      5.303    232.239    CORE65LPSVT 
HS65_LS_NOR2X25           561    3500.640      7.999    332.788    CORE65LPSVT 
HS65_LS_NOR2X38           165    1458.600      3.912    107.271    CORE65LPSVT 
HS65_LS_NOR2X6           3404    7080.320     10.282    394.289    CORE65LPSVT 
HS65_LS_NOR2X9             94     342.160      0.520     23.097    CORE65LPSVT 
HS65_LS_NOR3AX13           33     257.400      0.144      6.669    CORE65LPSVT 
HS65_LS_NOR3AX4            33     120.120      0.048      0.910    CORE65LPSVT 
HS65_LS_NOR3X13            33     223.080      0.486     24.963    CORE65LPSVT 
HS65_LS_OA112X9           132     549.120      0.617     22.652    CORE65LPSVT 
HS65_LS_OA12X18           231     960.960      2.584    112.230    CORE65LPSVT 
HS65_LS_OA12X27           264    1921.920      4.660    275.788    CORE65LPSVT 
HS65_LS_OA12X9            297    1081.080      1.547     77.475    CORE65LPSVT 
HS65_LS_OA212X9            66     377.520      0.377      9.064    CORE65LPSVT 
HS65_LS_OA22X9             99     463.320      0.436     35.631    CORE65LPSVT 
HS65_LS_OA31X18            66     343.200      0.732     92.499    CORE65LPSVT 
HS65_LS_OAI12X12          693    3603.600      7.177    232.462    CORE65LPSVT 
HS65_LS_OAI12X18          429    2900.040      7.033    220.113    CORE65LPSVT 
HS65_LS_OAI12X24          132    1166.880      3.286     77.431    CORE65LPSVT 
HS65_LS_OAI12X6           363    1132.560      1.864     60.720    CORE65LPSVT 
HS65_LS_OAI212X5           66     274.560      0.326     25.436    CORE65LPSVT 
HS65_LS_OAI21X3           528    1372.800      1.031     98.480    CORE65LPSVT 
HS65_LS_OAI21X6            66     205.920      0.155      7.118    CORE65LPSVT 
HS65_LS_OAI22X6            66     240.240      0.295     19.557    CORE65LPSVT 
HS65_LS_OAI32X5            66     274.560      0.300     21.384    CORE65LPSVT 
HS65_LS_OAI32X9            66     514.800      0.651     48.106    CORE65LPSVT 
HS65_LS_OR2X18            264     960.960      2.489    158.341    CORE65LPSVT 
HS65_LS_OR2X35             66     411.840      1.523     41.988    CORE65LPSVT 
HS65_LS_OR2X9             627    1956.240      2.646    154.237    CORE65LPSVT 
HS65_LS_PAO2X9            198     926.640      0.904     59.045    CORE65LPSVT 
HS65_LS_PAOI2X17           33     360.360      0.409     31.833    CORE65LPSVT 
HS65_LS_PAOI2X6            99     411.840      0.362     46.367    CORE65LPSVT 
HS65_LS_XNOR2X18          891    6023.160     19.592    812.307    CORE65LPSVT 
HS65_LS_XNOR2X27           33     343.200      1.037     95.526    CORE65LPSVT 
HS65_LS_XNOR2X9           231    1201.200      2.275    121.541    CORE65LPSVT 
HS65_LS_XOR2X18          1749   11823.240     38.447   1380.187    CORE65LPSVT 
HS65_LS_XOR2X27            33     343.200      1.054     92.389    CORE65LPSVT 
HS65_LS_XOR2X35           132    1510.080      5.786    132.115    CORE65LPSVT 
HS65_LS_XOR2X4            396    1853.280      2.397     88.055    CORE65LPSVT 
HS65_LS_XOR2X9            165     858.000      1.639     82.916    CORE65LPSVT 
-------------------------------------------------------------------------------
total                   49326  233857.000    442.259  28378.577                


                                             Leakage  Leakage  Internal  Internal 
     Type      Instances    Area    Area % Power (uW) Power % Power (uW)  Power % 
----------------------------------------------------------------------------------
sequential          1370  14452.880    6.2     13.882     3.1   7822.481     27.6 
inverter            7232  16548.480    7.1     41.075     9.3    783.878      2.8 
buffer               365   3126.240    1.3     13.980     3.2    258.594      0.9 
logic              40359 199729.400   85.4    373.322    84.4  19513.624     68.8 
physical_cells         0      0.000    0.0      0.000     0.0      0.000      0.0 
----------------------------------------------------------------------------------
total              49326 233857.000  100.0    442.259   100.0  28378.577    100.0 

