============================================================
  Generated by:           Genus(TM) Synthesis Solution 17.10-p007_1
  Generated on:           Mar 01 2020  05:04:51 pm
  Module:                 INTER_8
  Technology libraries:   CORE65LPSVT 
                          CLOCK65LPSVT 
                          physical_cells 
  Operating conditions:   _nominal_ 
  Interconnect mode:      global
  Area mode:              physical library
============================================================

      Instance               Module          Cells  Cell Area  Net Area   Total Area 
-------------------------------------------------------------------------------------
INTER_8                                      13626      76855     29167       106022 
  gen_filter[7].U_S0 filter_8_bit_width10_7   1439       7907      2855        10762 
  gen_filter[6].U_S0 filter_8_bit_width10_6   1437       7898      2847        10745 
  gen_filter[8].U_S0 filter_8_bit_width10_8   1443       7844      2870        10714 
  gen_filter[0].U_S0 filter_8_bit_width10     1440       7827      2862        10689 
  gen_filter[1].U_S0 filter_8_bit_width10_1   1437       7836      2852        10688 
  gen_filter[2].U_S0 filter_8_bit_width10_2   1435       7827      2845        10671 
  gen_filter[5].U_S0 filter_8_bit_width10_5   1434       7814      2842        10656 
  gen_filter[3].U_S0 filter_8_bit_width10_3   1434       7813      2842        10655 
  gen_filter[4].U_S0 filter_8_bit_width10_4   1432       7811      2839        10650 
