============================================================
  Generated by:           Genus(TM) Synthesis Solution 17.10-p007_1
  Generated on:           Feb 26 2020  08:37:30 pm
  Module:                 INTER_8
  Technology libraries:   CORE65LPSVT 
                          CLOCK65LPSVT 
                          physical_cells 
  Operating conditions:   _nominal_ 
  Interconnect mode:      global
  Area mode:              physical library
============================================================

                                           Leakage   Internal  
       Gate         Instances    Area    Power (uW) Power (uW)     Library    
------------------------------------------------------------------------------
HS65_LSS_XNOR2X12         176   1189.760      2.294      0.000    CORE65LPSVT 
HS65_LSS_XNOR2X18          33    343.200      0.724      0.000    CORE65LPSVT 
HS65_LSS_XNOR2X6          301   1252.160      1.970      0.000    CORE65LPSVT 
HS65_LSS_XOR2X6           288   1198.080      1.703      0.000    CORE65LPSVT 
HS65_LS_AND2X18            54    196.560      0.567      0.000    CORE65LPSVT 
HS65_LS_AND2X27            36    205.920      0.570      0.000    CORE65LPSVT 
HS65_LS_AND2X35            27    168.480      0.599      0.000    CORE65LPSVT 
HS65_LS_AND2X4            153    397.800      0.349      0.000    CORE65LPSVT 
HS65_LS_AND2X9            108    336.960      0.506      0.000    CORE65LPSVT 
HS65_LS_AND3X18            18     84.240      0.168      0.000    CORE65LPSVT 
HS65_LS_AND3X35             9     70.200      0.142      0.000    CORE65LPSVT 
HS65_LS_AND3X9             18     65.520      0.078      0.000    CORE65LPSVT 
HS65_LS_AO112X9            18     74.880      0.067      0.000    CORE65LPSVT 
HS65_LS_AO12X18            29    120.640      0.287      0.000    CORE65LPSVT 
HS65_LS_AO12X27            38    256.880      0.632      0.000    CORE65LPSVT 
HS65_LS_AO12X35             2     15.600      0.043      0.000    CORE65LPSVT 
HS65_LS_AO12X9             31    112.840      0.149      0.000    CORE65LPSVT 
HS65_LS_AO32X4             18     84.240      0.055      0.000    CORE65LPSVT 
HS65_LS_AO32X9             18     93.600      0.091      0.000    CORE65LPSVT 
HS65_LS_AOI12X12           70    364.000      0.604      0.000    CORE65LPSVT 
HS65_LS_AOI12X17           52    351.520      0.699      0.000    CORE65LPSVT 
HS65_LS_AOI12X2            17     44.200      0.026      0.000    CORE65LPSVT 
HS65_LS_AOI12X23           34    300.560      0.700      0.000    CORE65LPSVT 
HS65_LS_AOI12X3             1      3.120      0.002      0.000    CORE65LPSVT 
HS65_LS_AOI12X35           11    143.000      0.317      0.000    CORE65LPSVT 
HS65_LS_AOI12X6            37    115.440      0.152      0.000    CORE65LPSVT 
HS65_LS_AOI211X4           18     65.520      0.076      0.000    CORE65LPSVT 
HS65_LS_AOI21X12           36    187.200      0.273      0.000    CORE65LPSVT 
HS65_LS_AOI21X17           22    148.720      0.277      0.000    CORE65LPSVT 
HS65_LS_AOI21X23           11     97.240      0.215      0.000    CORE65LPSVT 
HS65_LS_AOI21X35            9    117.000      0.214      0.000    CORE65LPSVT 
HS65_LS_AOI21X9             2     10.400      0.018      0.000    CORE65LPSVT 
HS65_LS_AOI22X6             9     32.760      0.040      0.000    CORE65LPSVT 
HS65_LS_AOI31X20            9    107.640      0.146      0.000    CORE65LPSVT 
HS65_LS_BFX106             41    490.360      2.368      0.000    CORE65LPSVT 
HS65_LS_BFX142             14    218.400      1.075      0.000    CORE65LPSVT 
HS65_LS_BFX18              25     78.000      0.198      0.000    CORE65LPSVT 
HS65_LS_BFX213              1     22.360      0.116      0.000    CORE65LPSVT 
HS65_LS_BFX27              49    178.360      0.620      0.000    CORE65LPSVT 
HS65_LS_BFX31               9     46.800      0.140      0.000    CORE65LPSVT 
HS65_LS_BFX35              14     72.800      0.244      0.000    CORE65LPSVT 
HS65_LS_BFX44              15     85.800      0.336      0.000    CORE65LPSVT 
HS65_LS_BFX53              13     81.120      0.354      0.000    CORE65LPSVT 
HS65_LS_BFX62               5     39.000      0.162      0.000    CORE65LPSVT 
HS65_LS_BFX71              24    199.680      0.896      0.000    CORE65LPSVT 
HS65_LS_CB4I1X18           31    161.200      0.372      0.000    CORE65LPSVT 
HS65_LS_CB4I1X35            2     18.720      0.050      0.000    CORE65LPSVT 
HS65_LS_CB4I6X9             9     37.440      0.039      0.000    CORE65LPSVT 
HS65_LS_CBI4I1X11           2     12.480      0.016      0.000    CORE65LPSVT 
HS65_LS_CBI4I1X5           34    123.760      0.164      0.000    CORE65LPSVT 
HS65_LS_CNBFX45             1      8.320      0.023      0.000    CORE65LPSVT 
HS65_LS_CNIVX21            45    140.400      0.341      0.000    CORE65LPSVT 
HS65_LS_CNIVX24             9     32.760      0.065      0.000    CORE65LPSVT 
HS65_LS_CNIVX27            27     98.280      0.297      0.000    CORE65LPSVT 
HS65_LS_CNIVX34            72    336.960      0.950      0.000    CORE65LPSVT 
HS65_LS_CNIVX41             5     26.000      0.082      0.000    CORE65LPSVT 
HS65_LS_CNIVX55             1      6.760      0.026      0.000    CORE65LPSVT 
HS65_LS_CNIVX62             7     50.960      0.194      0.000    CORE65LPSVT 
HS65_LS_CNIVX7             18     28.080      0.032      0.000    CORE65LPSVT 
HS65_LS_CNIVX82             3     29.640      0.106      0.000    CORE65LPSVT 
HS65_LS_DFPRQNX18           2     21.840      0.030      0.000    CORE65LPSVT 
HS65_LS_DFPRQNX9           16    166.400      0.189      0.000    CORE65LPSVT 
HS65_LS_DFPRQX18          134   1463.280      1.964      0.000    CORE65LPSVT 
HS65_LS_DFPRQX27            2     23.920      0.036      0.000    CORE65LPSVT 
HS65_LS_DFPRQX4           188   1955.200      1.998      0.000    CORE65LPSVT 
HS65_LS_DFPRQX9            88    915.200      1.022      0.001    CORE65LPSVT 
HS65_LS_FA1X18            412   5784.480      9.991      0.000    CORE65LPSVT 
HS65_LS_FA1X27            497  10596.040     18.639      0.000    CORE65LPSVT 
HS65_LS_FA1X4               9     84.240      0.053      0.000    CORE65LPSVT 
HS65_LS_FA1X9             270   2948.400      2.963      0.000    CORE65LPSVT 
HS65_LS_HA1X18            101    735.280      2.136      0.000    CORE65LPSVT 
HS65_LS_HA1X27              9    107.640      0.299      0.000    CORE65LPSVT 
HS65_LS_HA1X35             18    243.360      0.803      0.000    CORE65LPSVT 
HS65_LS_HA1X4              45    234.000      0.235      0.000    CORE65LPSVT 
HS65_LS_HA1X9              70    436.800      0.678      0.000    CORE65LPSVT 
HS65_LS_IVX106              2     17.680      0.085      0.000    CORE65LPSVT 
HS65_LS_IVX13              27     56.160      0.116      0.000    CORE65LPSVT 
HS65_LS_IVX18             921   1915.680      5.003      0.000    CORE65LPSVT 
HS65_LS_IVX2                1      1.560      0.001      0.000    CORE65LPSVT 
HS65_LS_IVX22               9     28.080      0.068      0.000    CORE65LPSVT 
HS65_LS_IVX27             315    982.800      2.922      0.000    CORE65LPSVT 
HS65_LS_IVX31              34    123.760      0.375      0.000    CORE65LPSVT 
HS65_LS_IVX35             119    433.160      1.495      0.000    CORE65LPSVT 
HS65_LS_IVX44              39    162.240      0.629      0.000    CORE65LPSVT 
HS65_LS_IVX49               9     46.800      0.166      0.000    CORE65LPSVT 
HS65_LS_IVX53              15     78.000      0.301      0.000    CORE65LPSVT 
HS65_LS_IVX7                9     14.040      0.017      0.000    CORE65LPSVT 
HS65_LS_IVX71               2     12.480      0.054      0.000    CORE65LPSVT 
HS65_LS_IVX9              781   1218.360      1.960      0.000    CORE65LPSVT 
HS65_LS_MUX21I1X12          7     47.320      0.086      0.000    CORE65LPSVT 
HS65_LS_MUX21I1X18         11    114.400      0.235      0.000    CORE65LPSVT 
HS65_LS_MUX21I1X6          10     41.600      0.063      0.000    CORE65LPSVT 
HS65_LS_MUX21X18           32    199.680      0.599      0.000    CORE65LPSVT 
HS65_LS_MUX21X27            1      9.360      0.028      0.000    CORE65LPSVT 
HS65_LS_MUX21X35            1     10.400      0.039      0.000    CORE65LPSVT 
HS65_LS_MUXI21X15           9     93.600      0.200      0.000    CORE65LPSVT 
HS65_LS_NAND2AX14         168    698.880      1.501      0.000    CORE65LPSVT 
HS65_LS_NAND2AX21         143    817.960      1.807      0.000    CORE65LPSVT 
HS65_LS_NAND2AX29          63    425.880      1.052      0.000    CORE65LPSVT 
HS65_LS_NAND2AX4            2      6.240      0.007      0.000    CORE65LPSVT 
HS65_LS_NAND2AX7          253    789.360      1.155      0.000    CORE65LPSVT 
HS65_LS_NAND2X11           53    192.920      0.328      0.000    CORE65LPSVT 
HS65_LS_NAND2X14          607   2209.480      4.217      0.000    CORE65LPSVT 
HS65_LS_NAND2X21          333   1731.600      3.643      0.000    CORE65LPSVT 
HS65_LS_NAND2X29          146    911.040      2.377      0.000    CORE65LPSVT 
HS65_LS_NAND2X43           15    132.600      0.475      0.000    CORE65LPSVT 
HS65_LS_NAND2X7           589   1225.120      1.798      0.000    CORE65LPSVT 
HS65_LS_NAND3AX13          27    154.440      0.234      0.000    CORE65LPSVT 
HS65_LS_NAND3AX19          34    265.200      0.343      0.000    CORE65LPSVT 
HS65_LS_NAND3AX25          20    197.600      0.305      0.000    CORE65LPSVT 
HS65_LS_NAND3AX6           18     65.520      0.066      0.000    CORE65LPSVT 
HS65_LS_NAND3X13           30    156.000      0.291      0.000    CORE65LPSVT 
HS65_LS_NAND3X19           16    108.160      0.291      0.000    CORE65LPSVT 
HS65_LS_NAND3X25           11     97.240      0.106      0.000    CORE65LPSVT 
HS65_LS_NAND3X38            9    117.000      0.475      0.000    CORE65LPSVT 
HS65_LS_NAND4ABX13          9     60.840      0.079      0.000    CORE65LPSVT 
HS65_LS_NAND4ABX19          9     88.920      0.134      0.000    CORE65LPSVT 
HS65_LS_NAND4ABX25          9    107.640      0.251      0.000    CORE65LPSVT 
HS65_LS_NOR2AX13          153    636.480      1.375      0.000    CORE65LPSVT 
HS65_LS_NOR2AX19          126    720.720      1.508      0.000    CORE65LPSVT 
HS65_LS_NOR2AX25           63    425.880      1.084      0.000    CORE65LPSVT 
HS65_LS_NOR2AX3           281    730.600      0.704      0.000    CORE65LPSVT 
HS65_LS_NOR2AX6           106    330.720      0.481      0.000    CORE65LPSVT 
HS65_LS_NOR2X13           342   1244.880      2.117      0.000    CORE65LPSVT 
HS65_LS_NOR2X19           143    743.600      1.287      0.000    CORE65LPSVT 
HS65_LS_NOR2X25           228   1422.720      3.131      0.000    CORE65LPSVT 
HS65_LS_NOR2X38           175   1547.000      3.832      0.000    CORE65LPSVT 
HS65_LS_NOR2X50            45    538.200      1.181      0.000    CORE65LPSVT 
HS65_LS_NOR2X6            450    936.000      1.190      0.000    CORE65LPSVT 
HS65_LS_NOR2X9              6     21.840      0.032      0.000    CORE65LPSVT 
HS65_LS_NOR3AX13            9     70.200      0.059      0.000    CORE65LPSVT 
HS65_LS_NOR3AX9             9     51.480      0.056      0.000    CORE65LPSVT 
HS65_LS_NOR3X4             18     46.800      0.043      0.000    CORE65LPSVT 
HS65_LS_OA12X18            81    336.960      0.880      0.000    CORE65LPSVT 
HS65_LS_OA12X27            36    262.080      0.609      0.000    CORE65LPSVT 
HS65_LS_OA12X35            27    210.600      0.650      0.000    CORE65LPSVT 
HS65_LS_OA12X9             54    196.560      0.277      0.000    CORE65LPSVT 
HS65_LS_OAI112X16           9     79.560      0.136      0.000    CORE65LPSVT 
HS65_LS_OAI112X5           27     98.280      0.144      0.000    CORE65LPSVT 
HS65_LS_OAI12X12          269   1398.800      2.579      0.000    CORE65LPSVT 
HS65_LS_OAI12X18          158   1068.080      2.391      0.000    CORE65LPSVT 
HS65_LS_OAI12X24           88    777.920      1.882      0.000    CORE65LPSVT 
HS65_LS_OAI12X3            23     59.800      0.047      0.000    CORE65LPSVT 
HS65_LS_OAI12X37           11    143.000      0.342      0.000    CORE65LPSVT 
HS65_LS_OAI12X6            74    230.880      0.341      0.000    CORE65LPSVT 
HS65_LS_OAI12X9             9     46.800      0.086      0.000    CORE65LPSVT 
HS65_LS_OAI13X5             9     32.760      0.025      0.000    CORE65LPSVT 
HS65_LS_OAI211X5            7     25.480      0.011      0.000    CORE65LPSVT 
HS65_LS_OAI211X8            2     12.480      0.007      0.000    CORE65LPSVT 
HS65_LS_OAI21X12           18     93.600      0.158      0.000    CORE65LPSVT 
HS65_LS_OAI21X18           12     81.120      0.179      0.000    CORE65LPSVT 
HS65_LS_OAI21X24            2     17.680      0.048      0.000    CORE65LPSVT 
HS65_LS_OAI21X3           130    338.000      0.278      0.000    CORE65LPSVT 
HS65_LS_OAI21X6             9     28.080      0.032      0.000    CORE65LPSVT 
HS65_LS_OAI21X9            25    130.000      0.178      0.000    CORE65LPSVT 
HS65_LS_OAI22X6             9     32.760      0.042      0.000    CORE65LPSVT 
HS65_LS_OAI31X15            9     79.560      0.109      0.000    CORE65LPSVT 
HS65_LS_OR2X18            108    393.120      0.975      0.000    CORE65LPSVT 
HS65_LS_OR2X27             27    154.440      0.396      0.000    CORE65LPSVT 
HS65_LS_OR2X35             42    262.080      0.813      0.000    CORE65LPSVT 
HS65_LS_OR2X9             198    617.760      0.811      0.000    CORE65LPSVT 
HS65_LS_PAO2X18            20    114.400      0.237      0.000    CORE65LPSVT 
HS65_LS_PAO2X27             3     29.640      0.052      0.000    CORE65LPSVT 
HS65_LS_PAO2X35             1     10.400      0.028      0.000    CORE65LPSVT 
HS65_LS_PAO2X9             18     84.240      0.086      0.000    CORE65LPSVT 
HS65_LS_PAOI2X1            18     65.520      0.020      0.000    CORE65LPSVT 
HS65_LS_PAOI2X11           18    140.400      0.195      0.000    CORE65LPSVT 
HS65_LS_PAOI2X17            6     65.520      0.106      0.000    CORE65LPSVT 
HS65_LS_PAOI2X44            9    257.400      0.300      0.000    CORE65LPSVT 
HS65_LS_PAOI2X6            52    216.320      0.246      0.000    CORE65LPSVT 
HS65_LS_PAOI2X8             2     15.600      0.018      0.000    CORE65LPSVT 
HS65_LS_XNOR2X18          199   1345.240      4.360      0.000    CORE65LPSVT 
HS65_LS_XNOR2X35           10    114.400      0.435      0.000    CORE65LPSVT 
HS65_LS_XNOR2X4            18     84.240      0.102      0.000    CORE65LPSVT 
HS65_LS_XNOR2X9           126    655.200      1.230      0.000    CORE65LPSVT 
HS65_LS_XOR2X18           207   1399.320      4.535      0.000    CORE65LPSVT 
HS65_LS_XOR2X27            18    187.200      0.572      0.000    CORE65LPSVT 
HS65_LS_XOR2X35           153   1750.320      6.712      0.000    CORE65LPSVT 
HS65_LS_XOR2X4             27    126.360      0.160      0.000    CORE65LPSVT 
HS65_LS_XOR2X9            126    655.200      1.247      0.000    CORE65LPSVT 
------------------------------------------------------------------------------
total                   13626  76855.480    153.583      0.001                


                                            Leakage  Leakage  Internal  Internal 
     Type      Instances    Area   Area % Power (uW) Power % Power (uW)  Power % 
---------------------------------------------------------------------------------
sequential           430  4545.840    5.9      5.240     3.4      0.001    100.0 
inverter            2470  5840.640    7.6     15.286    10.0      0.000      0.0 
buffer               211  1521.000    2.0      6.532     4.3      0.000      0.0 
logic              10515 64948.000   84.5    126.525    82.4      0.000      0.0 
physical_cells         0     0.000    0.0      0.000     0.0      0.000      0.0 
---------------------------------------------------------------------------------
total              13626 76855.480  100.0    153.583   100.0      0.001    100.0 

