Command: report datapath > datapath.log
============================================================
  Generated by:           Genus(TM) Synthesis Solution 17.10-p007_1
  Generated on:           Mar 01 2020  09:18:37 pm
  Module:                 INTER_6
  Technology libraries:   CORE65LPSVT 
                          CLOCK65LPSVT 
                          physical_cells 
  Operating conditions:   _nominal_ 
  Interconnect mode:      global
  Area mode:              physical library
============================================================


Inferred components

                      Operator   Signedness   Inputs   Outputs CellArea Line Col   Filename  
=============================================================================================
INTER_6
 gen_filter[0].U_S0
  U_1_U_S0_add_18_10
  module:add_signed_199_508
   very_fast             +       signed     12x10      12        322.40  511  66 INTER_6.vhd 
=============================================================================================
INTER_6
 gen_filter[0].U_S0
  U_2_U_S0_add_18_10
  module:add_signed_199_507
   slow                  +       signed     12x10      12        152.88  511  66 INTER_6.vhd 
=============================================================================================
INTER_6
 gen_filter[0].U_S0
  U_2_U_S1_add_18_10
  module:add_signed_194_526
   very_fast             +       signed     14x10      14        178.88  511  66 INTER_6.vhd 
=============================================================================================
INTER_6
 gen_filter[0].U_S0
  U_3_U_S0_add_18_10
  module:add_signed_199_507_650
   slow                  +       signed     12x10      12        152.88  511  66 INTER_6.vhd 
=============================================================================================
INTER_6
 gen_filter[0].U_S0
  U_3_U_S1_add_18_10
  module:add_signed_194
   very_fast             +       signed     14x10      14        178.88  511  66 INTER_6.vhd 
=============================================================================================
INTER_6
 gen_filter[0].U_S0
  U_4_U_S0_add_18_10
  module:add_signed_199
   very_fast             +       signed     12x10      12        322.40  511  66 INTER_6.vhd 
=============================================================================================
INTER_6
 gen_filter[0].U_S0
  U_S0_add_41_16
  module:add_unsigned_175
   very_fast             +       unsigned   10x10      11         24.44  511  66 INTER_6.vhd 
=============================================================================================
INTER_6
 gen_filter[0].U_S0
  U_S20_add_41_16
  module:add_unsigned_175_668
   very_fast             +       unsigned   10x10      11         24.44  511  66 INTER_6.vhd 
=============================================================================================
INTER_6
 gen_filter[0].U_S0
  addinc_U_0_U_S0_add_18_16
  module:add_signed_carry_168
   very_fast             +       signed     12x12x1    12        344.76                      
---------------------------------------------------------------------------------------------
   U_0_U_S0_add_18_16
                         +       signed     12x2       12                 18  16 INTER_6.vhd 
   U_0_U_S0_add_18_10
                         +       signed     12x12      12                 18  10 INTER_6.vhd 
=============================================================================================
INTER_6
 gen_filter[0].U_S0
  addinc_U_1_U_S1_add_18_16
  module:add_signed_carry_32
   very_fast             +       signed     12x14x1    14        299.00                      
---------------------------------------------------------------------------------------------
   U_1_U_S1_add_18_16
                         +       signed     14x2       14                 18  16 INTER_6.vhd 
   U_1_U_S1_add_18_10
                         +       signed     12x14      14                 18  10 INTER_6.vhd 
=============================================================================================
INTER_6
 gen_filter[0].U_S0
  addinc_U_4_U_S1_add_18_16
  module:add_signed_carry_32_547
   very_fast             +       signed     12x14x1    14        299.00                      
---------------------------------------------------------------------------------------------
   U_4_U_S1_add_18_16
                         +       signed     14x2       14                 18  16 INTER_6.vhd 
   U_4_U_S1_add_18_10
                         +       signed     12x14      14                 18  10 INTER_6.vhd 
=============================================================================================
INTER_6
 gen_filter[0].U_S0
  addinc_U_5_U_S0_add_18_16
  module:add_signed_carry_168_489
   very_fast             +       signed     12x12x1    12        344.76                      
---------------------------------------------------------------------------------------------
   U_5_U_S0_add_18_16
                         +       signed     12x2       12                 18  16 INTER_6.vhd 
   U_5_U_S0_add_18_10
                         +       signed     12x12      12                 18  10 INTER_6.vhd 
=============================================================================================
INTER_6
 gen_filter[0].U_S0
  addinc_U_S22_add_18_16
  module:add_signed_carry_10_641
   very_fast             +       signed     14x14x1    14        229.32                      
---------------------------------------------------------------------------------------------
   U_S22_add_18_16       +       signed     14x2       14                 18  16 INTER_6.vhd 
   U_S22_add_18_10       +       signed     14x14      14                 18  10 INTER_6.vhd 
=============================================================================================
INTER_6
 gen_filter[0].U_S0
  addinc_U_S2_add_18_16
  module:add_signed_carry_10
   very_fast             +       signed     14x14x1    14        229.32                      
---------------------------------------------------------------------------------------------
   U_S2_add_18_16        +       signed     14x2       14                 18  16 INTER_6.vhd 
   U_S2_add_18_10        +       signed     14x14      14                 18  10 INTER_6.vhd 
=============================================================================================
INTER_6
 gen_filter[0].U_S0
  csa_tree_U_S13_add_18_10_groupi
  module:csa_tree_U_S13_add_18_10_group_41_575
   very_fast       csa_and_adder            12x12      13        412.88                      
---------------------------------------------------------------------------------------------
   U_S13_add_18_10       +       signed     7x13       13                 18  10 INTER_6.vhd 
   U_S11_add_41_16       +       unsigned   12x12      13                 41  16 INTER_6.vhd 
=============================================================================================
INTER_6
 gen_filter[0].U_S0
  csa_tree_U_S14_add_18_10_groupi
  module:csa_tree_U_S14_add_18_10_group_39_584
   very_fast       csa_and_adder            13x14x14   15        600.08                      
---------------------------------------------------------------------------------------------
   U_S14_add_18_10       +       signed     15x13      15                 18  10 INTER_6.vhd 
   U_S12_add_41_16       +       unsigned   14x14      15                 41  16 INTER_6.vhd 
=============================================================================================
INTER_6
 gen_filter[0].U_S0
  csa_tree_U_S15_add_41_16_groupi
  module:csa_tree_U_S15_add_41_16_group_37
   very_fast       csa_and_adder            16x15x15   17        455.52                      
---------------------------------------------------------------------------------------------
   U_S15_add_41_16       +       unsigned   16x16      17                 41  16 INTER_6.vhd 
   U_S10_add_41_16       +       unsigned   15x15      16                 41  16 INTER_6.vhd 
=============================================================================================
INTER_6
 gen_filter[0].U_S0
  csa_tree_U_S23_add_18_10_groupi
  module:csa_tree_U_S23_add_18_10_group_530_580
   very_fast       csa_and_adder            11x12x12   12        433.16                      
---------------------------------------------------------------------------------------------
   U_S23_add_18_10       +       signed     11x12      12                 18  10 INTER_6.vhd 
   U_S21_add_18_16       +       signed     12x2       12                 18  16 INTER_6.vhd 
   U_S21_add_18_10       +       signed     12x12      12                 18  10 INTER_6.vhd 
=============================================================================================
INTER_6
 gen_filter[0].U_S0
  csa_tree_U_S25_add_18_10_groupi
  module:csa_tree_U_S25_add_18_10_group_43
   very_fast       csa_and_adder            12x14x16x1 16        561.60                      
                                            6                                                
---------------------------------------------------------------------------------------------
   U_S25_add_18_10       +       signed     12x16      16                 18  10 INTER_6.vhd 
   U_s24_add_18_10       +       signed     14x16      16                 18  10 INTER_6.vhd 
   U_3_U_S2_add_18_16_pad
                         +       signed     16x3       16                 18  16 INTER_6.vhd 
   U_3_U_S2_add_18_10_pad
                         +       signed     16x16      16                 18  10 INTER_6.vhd 
=============================================================================================
INTER_6
 gen_filter[0].U_S0
  csa_tree_U_S3_add_18_10_groupi
  module:csa_tree_U_S3_add_18_10_group_532_571
   very_fast       csa_and_adder            11x12x12   12        433.16                      
---------------------------------------------------------------------------------------------
   U_S3_add_18_10        +       signed     11x12      12                 18  10 INTER_6.vhd 
   U_S1_add_18_16        +       signed     12x2       12                 18  16 INTER_6.vhd 
   U_S1_add_18_10        +       signed     12x12      12                 18  10 INTER_6.vhd 
=============================================================================================
INTER_6
 gen_filter[0].U_S0
  csa_tree_U_S5_add_18_10_groupi
  module:csa_tree_U_S5_add_18_10_group_45
   very_fast       csa_and_adder            12x14x16x1 16        561.60                      
                                            6                                                
---------------------------------------------------------------------------------------------
   U_S5_add_18_10        +       signed     12x16      16                 18  10 INTER_6.vhd 
   U_S4_add_18_10        +       signed     14x16      16                 18  10 INTER_6.vhd 
   U_2_U_S2_add_18_16_pad
                         +       signed     16x3       16                 18  16 INTER_6.vhd 
   U_2_U_S2_add_18_10_pad
                         +       signed     16x16      16                 18  10 INTER_6.vhd 
=============================================================================================
INTER_6
 gen_filter[1].U_S0
  U_1_U_S0_add_18_10
  module:add_signed_199_504
   very_fast             +       signed     12x10      12        322.40  511  66 INTER_6.vhd 
=============================================================================================
INTER_6
 gen_filter[1].U_S0
  U_2_U_S0_add_18_10
  module:add_signed_199_507_649
   slow                  +       signed     12x10      12        152.88  511  66 INTER_6.vhd 
=============================================================================================
INTER_6
 gen_filter[1].U_S0
  U_2_U_S1_add_18_10
  module:add_signed_194_524
   very_fast             +       signed     14x10      14        178.88  511  66 INTER_6.vhd 
=============================================================================================
INTER_6
 gen_filter[1].U_S0
  U_3_U_S0_add_18_10
  module:add_signed_199_507_648
   slow                  +       signed     12x10      12        152.88  511  66 INTER_6.vhd 
=============================================================================================
INTER_6
 gen_filter[1].U_S0
  U_3_U_S1_add_18_10
  module:add_signed_194_525
   very_fast             +       signed     14x10      14        178.88  511  66 INTER_6.vhd 
=============================================================================================
INTER_6
 gen_filter[1].U_S0
  U_4_U_S0_add_18_10
  module:add_signed_199_505
   very_fast             +       signed     12x10      12        322.40  511  66 INTER_6.vhd 
=============================================================================================
INTER_6
 gen_filter[1].U_S0
  U_S0_add_41_16
  module:add_unsigned_175_667
   very_fast             +       unsigned   10x10      11         24.44  511  66 INTER_6.vhd 
=============================================================================================
INTER_6
 gen_filter[1].U_S0
  U_S20_add_41_16
  module:add_unsigned_175_666
   very_fast             +       unsigned   10x10      11         24.44  511  66 INTER_6.vhd 
=============================================================================================
INTER_6
 gen_filter[1].U_S0
  addinc_U_0_U_S0_add_18_16
  module:add_signed_carry_168_488
   very_fast             +       signed     12x12x1    12        344.76                      
---------------------------------------------------------------------------------------------
   U_0_U_S0_add_18_16
                         +       signed     12x2       12                 18  16 INTER_6.vhd 
   U_0_U_S0_add_18_10
                         +       signed     12x12      12                 18  10 INTER_6.vhd 
=============================================================================================
INTER_6
 gen_filter[1].U_S0
  addinc_U_1_U_S1_add_18_16
  module:add_signed_carry_32_546
   very_fast             +       signed     12x14x1    14        299.00                      
---------------------------------------------------------------------------------------------
   U_1_U_S1_add_18_16
                         +       signed     14x2       14                 18  16 INTER_6.vhd 
   U_1_U_S1_add_18_10
                         +       signed     12x14      14                 18  10 INTER_6.vhd 
=============================================================================================
INTER_6
 gen_filter[1].U_S0
  addinc_U_4_U_S1_add_18_16
  module:add_signed_carry_32_545
   very_fast             +       signed     12x14x1    14        299.00                      
---------------------------------------------------------------------------------------------
   U_4_U_S1_add_18_16
                         +       signed     14x2       14                 18  16 INTER_6.vhd 
   U_4_U_S1_add_18_10
                         +       signed     12x14      14                 18  10 INTER_6.vhd 
=============================================================================================
INTER_6
 gen_filter[1].U_S0
  addinc_U_5_U_S0_add_18_16
  module:add_signed_carry_168_487
   very_fast             +       signed     12x12x1    12        344.76                      
---------------------------------------------------------------------------------------------
   U_5_U_S0_add_18_16
                         +       signed     12x2       12                 18  16 INTER_6.vhd 
   U_5_U_S0_add_18_10
                         +       signed     12x12      12                 18  10 INTER_6.vhd 
=============================================================================================
INTER_6
 gen_filter[1].U_S0
  addinc_U_S22_add_18_16
  module:add_signed_carry_10_639
   very_fast             +       signed     14x14x1    14        229.32                      
---------------------------------------------------------------------------------------------
   U_S22_add_18_16       +       signed     14x2       14                 18  16 INTER_6.vhd 
   U_S22_add_18_10       +       signed     14x14      14                 18  10 INTER_6.vhd 
=============================================================================================
INTER_6
 gen_filter[1].U_S0
  addinc_U_S2_add_18_16
  module:add_signed_carry_10_640
   very_fast             +       signed     14x14x1    14        229.32                      
---------------------------------------------------------------------------------------------
   U_S2_add_18_16        +       signed     14x2       14                 18  16 INTER_6.vhd 
   U_S2_add_18_10        +       signed     14x14      14                 18  10 INTER_6.vhd 
=============================================================================================
INTER_6
 gen_filter[1].U_S0
  csa_tree_U_S13_add_18_10_groupi
  module:csa_tree_U_S13_add_18_10_group_41_576
   very_fast       csa_and_adder            12x12      13        412.88                      
---------------------------------------------------------------------------------------------
   U_S13_add_18_10       +       signed     7x13       13                 18  10 INTER_6.vhd 
   U_S11_add_41_16       +       unsigned   12x12      13                 41  16 INTER_6.vhd 
=============================================================================================
INTER_6
 gen_filter[1].U_S0
  csa_tree_U_S14_add_18_10_groupi
  module:csa_tree_U_S14_add_18_10_group_39_585
   very_fast       csa_and_adder            13x14x14   15        600.08                      
---------------------------------------------------------------------------------------------
   U_S14_add_18_10       +       signed     15x13      15                 18  10 INTER_6.vhd 
   U_S12_add_41_16       +       unsigned   14x14      15                 41  16 INTER_6.vhd 
=============================================================================================
INTER_6
 gen_filter[1].U_S0
  csa_tree_U_S15_add_41_16_groupi
  module:csa_tree_U_S15_add_41_16_group_37_1
   very_fast       csa_and_adder            16x15x15   17        455.52                      
---------------------------------------------------------------------------------------------
   U_S15_add_41_16       +       unsigned   16x16      17                 41  16 INTER_6.vhd 
   U_S10_add_41_16       +       unsigned   15x15      16                 41  16 INTER_6.vhd 
=============================================================================================
INTER_6
 gen_filter[1].U_S0
  csa_tree_U_S23_add_18_10_groupi
  module:csa_tree_U_S23_add_18_10_group_530_581
   very_fast       csa_and_adder            11x12x12   12        433.16                      
---------------------------------------------------------------------------------------------
   U_S23_add_18_10       +       signed     11x12      12                 18  10 INTER_6.vhd 
   U_S21_add_18_16       +       signed     12x2       12                 18  16 INTER_6.vhd 
   U_S21_add_18_10       +       signed     12x12      12                 18  10 INTER_6.vhd 
=============================================================================================
INTER_6
 gen_filter[1].U_S0
  csa_tree_U_S25_add_18_10_groupi
  module:csa_tree_U_S25_add_18_10_group_43_1
   very_fast       csa_and_adder            12x14x16x1 16        561.60                      
                                            6                                                
---------------------------------------------------------------------------------------------
   U_S25_add_18_10       +       signed     12x16      16                 18  10 INTER_6.vhd 
   U_s24_add_18_10       +       signed     14x16      16                 18  10 INTER_6.vhd 
   U_3_U_S2_add_18_16_pad
                         +       signed     16x3       16                 18  16 INTER_6.vhd 
   U_3_U_S2_add_18_10_pad
                         +       signed     16x16      16                 18  10 INTER_6.vhd 
=============================================================================================
INTER_6
 gen_filter[1].U_S0
  csa_tree_U_S3_add_18_10_groupi
  module:csa_tree_U_S3_add_18_10_group_532_572
   very_fast       csa_and_adder            11x12x12   12        433.16                      
---------------------------------------------------------------------------------------------
   U_S3_add_18_10        +       signed     11x12      12                 18  10 INTER_6.vhd 
   U_S1_add_18_16        +       signed     12x2       12                 18  16 INTER_6.vhd 
   U_S1_add_18_10        +       signed     12x12      12                 18  10 INTER_6.vhd 
=============================================================================================
INTER_6
 gen_filter[1].U_S0
  csa_tree_U_S5_add_18_10_groupi
  module:csa_tree_U_S5_add_18_10_group_45_1
   very_fast       csa_and_adder            12x14x16x1 16        561.60                      
                                            6                                                
---------------------------------------------------------------------------------------------
   U_S5_add_18_10        +       signed     12x16      16                 18  10 INTER_6.vhd 
   U_S4_add_18_10        +       signed     14x16      16                 18  10 INTER_6.vhd 
   U_2_U_S2_add_18_16_pad
                         +       signed     16x3       16                 18  16 INTER_6.vhd 
   U_2_U_S2_add_18_10_pad
                         +       signed     16x16      16                 18  10 INTER_6.vhd 
=============================================================================================
INTER_6
 gen_filter[2].U_S0
  U_1_U_S0_add_18_10
  module:add_signed_199_500
   very_fast             +       signed     12x10      12        322.40  511  66 INTER_6.vhd 
=============================================================================================
INTER_6
 gen_filter[2].U_S0
  U_2_U_S0_add_18_10
  module:add_signed_199_507_647
   slow                  +       signed     12x10      12        152.88  511  66 INTER_6.vhd 
=============================================================================================
INTER_6
 gen_filter[2].U_S0
  U_2_U_S1_add_18_10
  module:add_signed_194_522
   very_fast             +       signed     14x10      14        178.88  511  66 INTER_6.vhd 
=============================================================================================
INTER_6
 gen_filter[2].U_S0
  U_3_U_S0_add_18_10
  module:add_signed_199_507_646
   slow                  +       signed     12x10      12        152.88  511  66 INTER_6.vhd 
=============================================================================================
INTER_6
 gen_filter[2].U_S0
  U_3_U_S1_add_18_10
  module:add_signed_194_523
   very_fast             +       signed     14x10      14        178.88  511  66 INTER_6.vhd 
=============================================================================================
INTER_6
 gen_filter[2].U_S0
  U_4_U_S0_add_18_10
  module:add_signed_199_501
   very_fast             +       signed     12x10      12        322.40  511  66 INTER_6.vhd 
=============================================================================================
INTER_6
 gen_filter[2].U_S0
  U_S0_add_41_16
  module:add_unsigned_175_665
   very_fast             +       unsigned   10x10      11         24.44  511  66 INTER_6.vhd 
=============================================================================================
INTER_6
 gen_filter[2].U_S0
  U_S20_add_41_16
  module:add_unsigned_175_664
   very_fast             +       unsigned   10x10      11         24.44  511  66 INTER_6.vhd 
=============================================================================================
INTER_6
 gen_filter[2].U_S0
  addinc_U_0_U_S0_add_18_16
  module:add_signed_carry_168_486
   very_fast             +       signed     12x12x1    12        344.76                      
---------------------------------------------------------------------------------------------
   U_0_U_S0_add_18_16
                         +       signed     12x2       12                 18  16 INTER_6.vhd 
   U_0_U_S0_add_18_10
                         +       signed     12x12      12                 18  10 INTER_6.vhd 
=============================================================================================
INTER_6
 gen_filter[2].U_S0
  addinc_U_1_U_S1_add_18_16
  module:add_signed_carry_32_544
   very_fast             +       signed     12x14x1    14        299.00                      
---------------------------------------------------------------------------------------------
   U_1_U_S1_add_18_16
                         +       signed     14x2       14                 18  16 INTER_6.vhd 
   U_1_U_S1_add_18_10
                         +       signed     12x14      14                 18  10 INTER_6.vhd 
=============================================================================================
INTER_6
 gen_filter[2].U_S0
  addinc_U_4_U_S1_add_18_16
  module:add_signed_carry_32_543
   very_fast             +       signed     12x14x1    14        299.00                      
---------------------------------------------------------------------------------------------
   U_4_U_S1_add_18_16
                         +       signed     14x2       14                 18  16 INTER_6.vhd 
   U_4_U_S1_add_18_10
                         +       signed     12x14      14                 18  10 INTER_6.vhd 
=============================================================================================
INTER_6
 gen_filter[2].U_S0
  addinc_U_5_U_S0_add_18_16
  module:add_signed_carry_168_485
   very_fast             +       signed     12x12x1    12        344.76                      
---------------------------------------------------------------------------------------------
   U_5_U_S0_add_18_16
                         +       signed     12x2       12                 18  16 INTER_6.vhd 
   U_5_U_S0_add_18_10
                         +       signed     12x12      12                 18  10 INTER_6.vhd 
=============================================================================================
INTER_6
 gen_filter[2].U_S0
  addinc_U_S22_add_18_16
  module:add_signed_carry_10_637
   very_fast             +       signed     14x14x1    14        229.32                      
---------------------------------------------------------------------------------------------
   U_S22_add_18_16       +       signed     14x2       14                 18  16 INTER_6.vhd 
   U_S22_add_18_10       +       signed     14x14      14                 18  10 INTER_6.vhd 
=============================================================================================
INTER_6
 gen_filter[2].U_S0
  addinc_U_S2_add_18_16
  module:add_signed_carry_10_638
   very_fast             +       signed     14x14x1    14        229.32                      
---------------------------------------------------------------------------------------------
   U_S2_add_18_16        +       signed     14x2       14                 18  16 INTER_6.vhd 
   U_S2_add_18_10        +       signed     14x14      14                 18  10 INTER_6.vhd 
=============================================================================================
INTER_6
 gen_filter[2].U_S0
  csa_tree_U_S13_add_18_10_groupi
  module:csa_tree_U_S13_add_18_10_group_41_577
   very_fast       csa_and_adder            12x12      13        412.88                      
---------------------------------------------------------------------------------------------
   U_S13_add_18_10       +       signed     7x13       13                 18  10 INTER_6.vhd 
   U_S11_add_41_16       +       unsigned   12x12      13                 41  16 INTER_6.vhd 
=============================================================================================
INTER_6
 gen_filter[2].U_S0
  csa_tree_U_S14_add_18_10_groupi
  module:csa_tree_U_S14_add_18_10_group_39_586
   very_fast       csa_and_adder            13x14x14   15        600.08                      
---------------------------------------------------------------------------------------------
   U_S14_add_18_10       +       signed     15x13      15                 18  10 INTER_6.vhd 
   U_S12_add_41_16       +       unsigned   14x14      15                 41  16 INTER_6.vhd 
=============================================================================================
INTER_6
 gen_filter[2].U_S0
  csa_tree_U_S15_add_41_16_groupi
  module:csa_tree_U_S15_add_41_16_group_37_2
   very_fast       csa_and_adder            16x15x15   17        455.52                      
---------------------------------------------------------------------------------------------
   U_S15_add_41_16       +       unsigned   16x16      17                 41  16 INTER_6.vhd 
   U_S10_add_41_16       +       unsigned   15x15      16                 41  16 INTER_6.vhd 
=============================================================================================
INTER_6
 gen_filter[2].U_S0
  csa_tree_U_S23_add_18_10_groupi
  module:csa_tree_U_S23_add_18_10_group_530_582
   very_fast       csa_and_adder            11x12x12   12        433.16                      
---------------------------------------------------------------------------------------------
   U_S23_add_18_10       +       signed     11x12      12                 18  10 INTER_6.vhd 
   U_S21_add_18_16       +       signed     12x2       12                 18  16 INTER_6.vhd 
   U_S21_add_18_10       +       signed     12x12      12                 18  10 INTER_6.vhd 
=============================================================================================
INTER_6
 gen_filter[2].U_S0
  csa_tree_U_S25_add_18_10_groupi
  module:csa_tree_U_S25_add_18_10_group_43_2
   very_fast       csa_and_adder            12x14x16x1 16        561.60                      
                                            6                                                
---------------------------------------------------------------------------------------------
   U_S25_add_18_10       +       signed     12x16      16                 18  10 INTER_6.vhd 
   U_s24_add_18_10       +       signed     14x16      16                 18  10 INTER_6.vhd 
   U_3_U_S2_add_18_16_pad
                         +       signed     16x3       16                 18  16 INTER_6.vhd 
   U_3_U_S2_add_18_10_pad
                         +       signed     16x16      16                 18  10 INTER_6.vhd 
=============================================================================================
INTER_6
 gen_filter[2].U_S0
  csa_tree_U_S3_add_18_10_groupi
  module:csa_tree_U_S3_add_18_10_group_532_573
   very_fast       csa_and_adder            11x12x12   12        433.16                      
---------------------------------------------------------------------------------------------
   U_S3_add_18_10        +       signed     11x12      12                 18  10 INTER_6.vhd 
   U_S1_add_18_16        +       signed     12x2       12                 18  16 INTER_6.vhd 
   U_S1_add_18_10        +       signed     12x12      12                 18  10 INTER_6.vhd 
=============================================================================================
INTER_6
 gen_filter[2].U_S0
  csa_tree_U_S5_add_18_10_groupi
  module:csa_tree_U_S5_add_18_10_group_45_2
   very_fast       csa_and_adder            12x14x16x1 16        561.60                      
                                            6                                                
---------------------------------------------------------------------------------------------
   U_S5_add_18_10        +       signed     12x16      16                 18  10 INTER_6.vhd 
   U_S4_add_18_10        +       signed     14x16      16                 18  10 INTER_6.vhd 
   U_2_U_S2_add_18_16_pad
                         +       signed     16x3       16                 18  16 INTER_6.vhd 
   U_2_U_S2_add_18_10_pad
                         +       signed     16x16      16                 18  10 INTER_6.vhd 
=============================================================================================
INTER_6
 gen_filter[3].U_S0
  U_1_U_S0_add_18_10
  module:add_signed_199_496
   very_fast             +       signed     12x10      12        322.40  511  66 INTER_6.vhd 
=============================================================================================
INTER_6
 gen_filter[3].U_S0
  U_2_U_S0_add_18_10
  module:add_signed_199_507_645
   slow                  +       signed     12x10      12        152.88  511  66 INTER_6.vhd 
=============================================================================================
INTER_6
 gen_filter[3].U_S0
  U_2_U_S1_add_18_10
  module:add_signed_194_520
   very_fast             +       signed     14x10      14        178.88  511  66 INTER_6.vhd 
=============================================================================================
INTER_6
 gen_filter[3].U_S0
  U_3_U_S0_add_18_10
  module:add_signed_199_507_644
   slow                  +       signed     12x10      12        152.88  511  66 INTER_6.vhd 
=============================================================================================
INTER_6
 gen_filter[3].U_S0
  U_3_U_S1_add_18_10
  module:add_signed_194_521
   very_fast             +       signed     14x10      14        178.88  511  66 INTER_6.vhd 
=============================================================================================
INTER_6
 gen_filter[3].U_S0
  U_4_U_S0_add_18_10
  module:add_signed_199_497
   very_fast             +       signed     12x10      12        322.40  511  66 INTER_6.vhd 
=============================================================================================
INTER_6
 gen_filter[3].U_S0
  U_S0_add_41_16
  module:add_unsigned_175_663
   very_fast             +       unsigned   10x10      11         24.44  511  66 INTER_6.vhd 
=============================================================================================
INTER_6
 gen_filter[3].U_S0
  U_S20_add_41_16
  module:add_unsigned_175_662
   very_fast             +       unsigned   10x10      11         24.44  511  66 INTER_6.vhd 
=============================================================================================
INTER_6
 gen_filter[3].U_S0
  addinc_U_0_U_S0_add_18_16
  module:add_signed_carry_168_484
   very_fast             +       signed     12x12x1    12        344.76                      
---------------------------------------------------------------------------------------------
   U_0_U_S0_add_18_16
                         +       signed     12x2       12                 18  16 INTER_6.vhd 
   U_0_U_S0_add_18_10
                         +       signed     12x12      12                 18  10 INTER_6.vhd 
=============================================================================================
INTER_6
 gen_filter[3].U_S0
  addinc_U_1_U_S1_add_18_16
  module:add_signed_carry_32_542
   very_fast             +       signed     12x14x1    14        299.00                      
---------------------------------------------------------------------------------------------
   U_1_U_S1_add_18_16
                         +       signed     14x2       14                 18  16 INTER_6.vhd 
   U_1_U_S1_add_18_10
                         +       signed     12x14      14                 18  10 INTER_6.vhd 
=============================================================================================
INTER_6
 gen_filter[3].U_S0
  addinc_U_4_U_S1_add_18_16
  module:add_signed_carry_32_541
   very_fast             +       signed     12x14x1    14        299.00                      
---------------------------------------------------------------------------------------------
   U_4_U_S1_add_18_16
                         +       signed     14x2       14                 18  16 INTER_6.vhd 
   U_4_U_S1_add_18_10
                         +       signed     12x14      14                 18  10 INTER_6.vhd 
=============================================================================================
INTER_6
 gen_filter[3].U_S0
  addinc_U_5_U_S0_add_18_16
  module:add_signed_carry_168_483
   very_fast             +       signed     12x12x1    12        344.76                      
---------------------------------------------------------------------------------------------
   U_5_U_S0_add_18_16
                         +       signed     12x2       12                 18  16 INTER_6.vhd 
   U_5_U_S0_add_18_10
                         +       signed     12x12      12                 18  10 INTER_6.vhd 
=============================================================================================
INTER_6
 gen_filter[3].U_S0
  addinc_U_S22_add_18_16
  module:add_signed_carry_10_635
   very_fast             +       signed     14x14x1    14        229.32                      
---------------------------------------------------------------------------------------------
   U_S22_add_18_16       +       signed     14x2       14                 18  16 INTER_6.vhd 
   U_S22_add_18_10       +       signed     14x14      14                 18  10 INTER_6.vhd 
=============================================================================================
INTER_6
 gen_filter[3].U_S0
  addinc_U_S2_add_18_16
  module:add_signed_carry_10_636
   very_fast             +       signed     14x14x1    14        229.32                      
---------------------------------------------------------------------------------------------
   U_S2_add_18_16        +       signed     14x2       14                 18  16 INTER_6.vhd 
   U_S2_add_18_10        +       signed     14x14      14                 18  10 INTER_6.vhd 
=============================================================================================
INTER_6
 gen_filter[3].U_S0
  csa_tree_U_S13_add_18_10_groupi
  module:csa_tree_U_S13_add_18_10_group_41_578
   very_fast       csa_and_adder            12x12      13        412.88                      
---------------------------------------------------------------------------------------------
   U_S13_add_18_10       +       signed     7x13       13                 18  10 INTER_6.vhd 
   U_S11_add_41_16       +       unsigned   12x12      13                 41  16 INTER_6.vhd 
=============================================================================================
INTER_6
 gen_filter[3].U_S0
  csa_tree_U_S14_add_18_10_groupi
  module:csa_tree_U_S14_add_18_10_group_39_587
   very_fast       csa_and_adder            13x14x14   15        600.08                      
---------------------------------------------------------------------------------------------
   U_S14_add_18_10       +       signed     15x13      15                 18  10 INTER_6.vhd 
   U_S12_add_41_16       +       unsigned   14x14      15                 41  16 INTER_6.vhd 
=============================================================================================
INTER_6
 gen_filter[3].U_S0
  csa_tree_U_S15_add_41_16_groupi
  module:csa_tree_U_S15_add_41_16_group_37_3
   very_fast       csa_and_adder            16x15x15   17        455.52                      
---------------------------------------------------------------------------------------------
   U_S15_add_41_16       +       unsigned   16x16      17                 41  16 INTER_6.vhd 
   U_S10_add_41_16       +       unsigned   15x15      16                 41  16 INTER_6.vhd 
=============================================================================================
INTER_6
 gen_filter[3].U_S0
  csa_tree_U_S23_add_18_10_groupi
  module:csa_tree_U_S23_add_18_10_group_530_583
   very_fast       csa_and_adder            11x12x12   12        433.16                      
---------------------------------------------------------------------------------------------
   U_S23_add_18_10       +       signed     11x12      12                 18  10 INTER_6.vhd 
   U_S21_add_18_16       +       signed     12x2       12                 18  16 INTER_6.vhd 
   U_S21_add_18_10       +       signed     12x12      12                 18  10 INTER_6.vhd 
=============================================================================================
INTER_6
 gen_filter[3].U_S0
  csa_tree_U_S25_add_18_10_groupi
  module:csa_tree_U_S25_add_18_10_group_43_3
   very_fast       csa_and_adder            12x14x16x1 16        561.60                      
                                            6                                                
---------------------------------------------------------------------------------------------
   U_S25_add_18_10       +       signed     12x16      16                 18  10 INTER_6.vhd 
   U_s24_add_18_10       +       signed     14x16      16                 18  10 INTER_6.vhd 
   U_3_U_S2_add_18_16_pad
                         +       signed     16x3       16                 18  16 INTER_6.vhd 
   U_3_U_S2_add_18_10_pad
                         +       signed     16x16      16                 18  10 INTER_6.vhd 
=============================================================================================
INTER_6
 gen_filter[3].U_S0
  csa_tree_U_S3_add_18_10_groupi
  module:csa_tree_U_S3_add_18_10_group_532_574
   very_fast       csa_and_adder            11x12x12   12        433.16                      
---------------------------------------------------------------------------------------------
   U_S3_add_18_10        +       signed     11x12      12                 18  10 INTER_6.vhd 
   U_S1_add_18_16        +       signed     12x2       12                 18  16 INTER_6.vhd 
   U_S1_add_18_10        +       signed     12x12      12                 18  10 INTER_6.vhd 
=============================================================================================
INTER_6
 gen_filter[3].U_S0
  csa_tree_U_S5_add_18_10_groupi
  module:csa_tree_U_S5_add_18_10_group_45_3
   very_fast       csa_and_adder            12x14x16x1 16        561.60                      
                                            6                                                
---------------------------------------------------------------------------------------------
   U_S5_add_18_10        +       signed     12x16      16                 18  10 INTER_6.vhd 
   U_S4_add_18_10        +       signed     14x16      16                 18  10 INTER_6.vhd 
   U_2_U_S2_add_18_16_pad
                         +       signed     16x3       16                 18  16 INTER_6.vhd 
   U_2_U_S2_add_18_10_pad
                         +       signed     16x16      16                 18  10 INTER_6.vhd 
=============================================================================================
INTER_6
 gen_filter[4].U_S0
  U_1_U_S0_add_18_10
  module:add_signed_199_492
   very_fast             +       signed     12x10      12        322.40  511  66 INTER_6.vhd 
=============================================================================================
INTER_6
 gen_filter[4].U_S0
  U_2_U_S0_add_18_10
  module:add_signed_199_507_643
   slow                  +       signed     12x10      12        152.88  511  66 INTER_6.vhd 
=============================================================================================
INTER_6
 gen_filter[4].U_S0
  U_2_U_S1_add_18_10
  module:add_signed_194_518
   very_fast             +       signed     14x10      14        178.88  511  66 INTER_6.vhd 
=============================================================================================
INTER_6
 gen_filter[4].U_S0
  U_3_U_S0_add_18_10
  module:add_signed_199_507_642
   slow                  +       signed     12x10      12        152.88  511  66 INTER_6.vhd 
=============================================================================================
INTER_6
 gen_filter[4].U_S0
  U_3_U_S1_add_18_10
  module:add_signed_194_519
   very_fast             +       signed     14x10      14        178.88  511  66 INTER_6.vhd 
=============================================================================================
INTER_6
 gen_filter[4].U_S0
  U_4_U_S0_add_18_10
  module:add_signed_199_493
   very_fast             +       signed     12x10      12        322.40  511  66 INTER_6.vhd 
=============================================================================================
INTER_6
 gen_filter[4].U_S0
  U_S0_add_41_16
  module:add_unsigned_175_661
   very_fast             +       unsigned   10x10      11         24.44  511  66 INTER_6.vhd 
=============================================================================================
INTER_6
 gen_filter[4].U_S0
  U_S20_add_41_16
  module:add_unsigned_175_660
   very_fast             +       unsigned   10x10      11         24.44  511  66 INTER_6.vhd 
=============================================================================================
INTER_6
 gen_filter[4].U_S0
  addinc_U_0_U_S0_add_18_16
  module:add_signed_carry_168_482
   very_fast             +       signed     12x12x1    12        344.76                      
---------------------------------------------------------------------------------------------
   U_0_U_S0_add_18_16
                         +       signed     12x2       12                 18  16 INTER_6.vhd 
   U_0_U_S0_add_18_10
                         +       signed     12x12      12                 18  10 INTER_6.vhd 
=============================================================================================
INTER_6
 gen_filter[4].U_S0
  addinc_U_1_U_S1_add_18_16
  module:add_signed_carry_32_540
   very_fast             +       signed     12x14x1    14        299.00                      
---------------------------------------------------------------------------------------------
   U_1_U_S1_add_18_16
                         +       signed     14x2       14                 18  16 INTER_6.vhd 
   U_1_U_S1_add_18_10
                         +       signed     12x14      14                 18  10 INTER_6.vhd 
=============================================================================================
INTER_6
 gen_filter[4].U_S0
  addinc_U_4_U_S1_add_18_16
  module:add_signed_carry_32_539
   very_fast             +       signed     12x14x1    14        299.00                      
---------------------------------------------------------------------------------------------
   U_4_U_S1_add_18_16
                         +       signed     14x2       14                 18  16 INTER_6.vhd 
   U_4_U_S1_add_18_10
                         +       signed     12x14      14                 18  10 INTER_6.vhd 
=============================================================================================
INTER_6
 gen_filter[4].U_S0
  addinc_U_5_U_S0_add_18_16
  module:add_signed_carry_168_481
   very_fast             +       signed     12x12x1    12        344.76                      
---------------------------------------------------------------------------------------------
   U_5_U_S0_add_18_16
                         +       signed     12x2       12                 18  16 INTER_6.vhd 
   U_5_U_S0_add_18_10
                         +       signed     12x12      12                 18  10 INTER_6.vhd 
=============================================================================================
INTER_6
 gen_filter[4].U_S0
  addinc_U_S22_add_18_16
  module:add_signed_carry_10_633
   very_fast             +       signed     14x14x1    14        229.32                      
---------------------------------------------------------------------------------------------
   U_S22_add_18_16       +       signed     14x2       14                 18  16 INTER_6.vhd 
   U_S22_add_18_10       +       signed     14x14      14                 18  10 INTER_6.vhd 
=============================================================================================
INTER_6
 gen_filter[4].U_S0
  addinc_U_S2_add_18_16
  module:add_signed_carry_10_634
   very_fast             +       signed     14x14x1    14        229.32                      
---------------------------------------------------------------------------------------------
   U_S2_add_18_16        +       signed     14x2       14                 18  16 INTER_6.vhd 
   U_S2_add_18_10        +       signed     14x14      14                 18  10 INTER_6.vhd 
=============================================================================================
INTER_6
 gen_filter[4].U_S0
  csa_tree_U_S13_add_18_10_groupi
  module:csa_tree_U_S13_add_18_10_group_41
   very_fast       csa_and_adder            12x12      13        412.88                      
---------------------------------------------------------------------------------------------
   U_S13_add_18_10       +       signed     7x13       13                 18  10 INTER_6.vhd 
   U_S11_add_41_16       +       unsigned   12x12      13                 41  16 INTER_6.vhd 
=============================================================================================
INTER_6
 gen_filter[4].U_S0
  csa_tree_U_S14_add_18_10_groupi
  module:csa_tree_U_S14_add_18_10_group_39
   very_fast       csa_and_adder            13x14x14   15        600.08                      
---------------------------------------------------------------------------------------------
   U_S14_add_18_10       +       signed     15x13      15                 18  10 INTER_6.vhd 
   U_S12_add_41_16       +       unsigned   14x14      15                 41  16 INTER_6.vhd 
=============================================================================================
INTER_6
 gen_filter[4].U_S0
  csa_tree_U_S15_add_41_16_groupi
  module:csa_tree_U_S15_add_41_16_group_37_4
   very_fast       csa_and_adder            16x15x15   17        455.52                      
---------------------------------------------------------------------------------------------
   U_S15_add_41_16       +       unsigned   16x16      17                 41  16 INTER_6.vhd 
   U_S10_add_41_16       +       unsigned   15x15      16                 41  16 INTER_6.vhd 
=============================================================================================
INTER_6
 gen_filter[4].U_S0
  csa_tree_U_S23_add_18_10_groupi
  module:csa_tree_U_S23_add_18_10_group_530
   very_fast       csa_and_adder            11x12x12   12        433.16                      
---------------------------------------------------------------------------------------------
   U_S23_add_18_10       +       signed     11x12      12                 18  10 INTER_6.vhd 
   U_S21_add_18_16       +       signed     12x2       12                 18  16 INTER_6.vhd 
   U_S21_add_18_10       +       signed     12x12      12                 18  10 INTER_6.vhd 
=============================================================================================
INTER_6
 gen_filter[4].U_S0
  csa_tree_U_S25_add_18_10_groupi
  module:csa_tree_U_S25_add_18_10_group_43_4
   very_fast       csa_and_adder            12x14x16x1 16        561.60                      
                                            6                                                
---------------------------------------------------------------------------------------------
   U_S25_add_18_10       +       signed     12x16      16                 18  10 INTER_6.vhd 
   U_s24_add_18_10       +       signed     14x16      16                 18  10 INTER_6.vhd 
   U_3_U_S2_add_18_16_pad
                         +       signed     16x3       16                 18  16 INTER_6.vhd 
   U_3_U_S2_add_18_10_pad
                         +       signed     16x16      16                 18  10 INTER_6.vhd 
=============================================================================================
INTER_6
 gen_filter[4].U_S0
  csa_tree_U_S3_add_18_10_groupi
  module:csa_tree_U_S3_add_18_10_group_532
   very_fast       csa_and_adder            11x12x12   12        433.16                      
---------------------------------------------------------------------------------------------
   U_S3_add_18_10        +       signed     11x12      12                 18  10 INTER_6.vhd 
   U_S1_add_18_16        +       signed     12x2       12                 18  16 INTER_6.vhd 
   U_S1_add_18_10        +       signed     12x12      12                 18  10 INTER_6.vhd 
=============================================================================================
INTER_6
 gen_filter[4].U_S0
  csa_tree_U_S5_add_18_10_groupi
  module:csa_tree_U_S5_add_18_10_group_45_4
   very_fast       csa_and_adder            12x14x16x1 16        561.60                      
                                            6                                                
---------------------------------------------------------------------------------------------
   U_S5_add_18_10        +       signed     12x16      16                 18  10 INTER_6.vhd 
   U_S4_add_18_10        +       signed     14x16      16                 18  10 INTER_6.vhd 
   U_2_U_S2_add_18_16_pad
                         +       signed     16x3       16                 18  16 INTER_6.vhd 
   U_2_U_S2_add_18_10_pad
                         +       signed     16x16      16                 18  10 INTER_6.vhd 
=============================================================================================

      Type       CellArea Percentage 
-------------------------------------
datapath modules 32806.80      89.19 
external muxes       0.00       0.00 
others            3975.92      10.81 
-------------------------------------
total            36782.72     100.00 

