============================================================
  Generated by:           Genus(TM) Synthesis Solution 17.10-p007_1
  Generated on:           Nov 20 2019  08:49:07 am
  Module:                 FME_INTER_2
  Technology libraries:   CORE65LPSVT 
                          CLOCK65LPSVT 
                          physical_cells 
  Operating conditions:   _nominal_ 
  Interconnect mode:      global
  Area mode:              physical library
============================================================

                    Instance                                        Module                      Cells  Cell Area  Net Area   Total Area 
----------------------------------------------------------------------------------------------------------------------------------------
FME_INTER_2                                                                                      9308      50746     20490        71236 
  U_buffer                                      buffer_shift                                     4363      22311      9550        31861 
  U_inter                                       interpolation_bit_width10                        3888      22189      7747        29936 
    csa_tree_PUs_0__U_F2_U_S1_add_18_10_groupi  csa_tree_PUs_0__U_F2_U_S1_add_18_10_group_223     115        816       217         1032 
    csa_tree_PUs_0__U_F2_U_S21_add_18_10_groupi csa_tree_PUs_0__U_F2_U_S21_add_18_10_group_221    115        751       221          972 
    csa_tree_PUs_2__U_F2_U_S21_add_18_10_groupi csa_tree_PUs_2__U_F2_U_S21_add_18_10_group_213    114        723       219          942 
    csa_tree_PUs_1__U_F2_U_S1_add_18_10_groupi  csa_tree_PUs_1__U_F2_U_S1_add_18_10_group_219     114        721       219          939 
    csa_tree_PUs_2__U_F2_U_S1_add_18_10_groupi  csa_tree_PUs_2__U_F2_U_S1_add_18_10_group_215     114        716       219          935 
    csa_tree_PUs_1__U_F2_U_S21_add_18_10_groupi csa_tree_PUs_1__U_F2_U_S21_add_18_10_group_217    114        713       219          931 
    csa_tree_PUs_8__U_F2_U_S1_add_18_10_groupi  csa_tree_PUs_8__U_F2_U_S1_add_18_10_group_191     114        697       217          915 
    csa_tree_PUs_7__U_F2_U_S21_add_18_10_groupi csa_tree_PUs_7__U_F2_U_S21_add_18_10_group_193    113        683       215          898 
    csa_tree_PUs_6__U_F2_U_S1_add_18_10_groupi  csa_tree_PUs_6__U_F2_U_S1_add_18_10_group_199     113        683       215          898 
    csa_tree_PUs_4__U_F2_U_S21_add_18_10_groupi csa_tree_PUs_4__U_F2_U_S21_add_18_10_group_205    113        683       215          898 
    csa_tree_PUs_3__U_F2_U_S1_add_18_10_groupi  csa_tree_PUs_3__U_F2_U_S1_add_18_10_group_211     113        683       215          898 
    csa_tree_PUs_7__U_F2_U_S1_add_18_10_groupi  csa_tree_PUs_7__U_F2_U_S1_add_18_10_group_195     113        681       215          896 
    csa_tree_PUs_6__U_F2_U_S21_add_18_10_groupi csa_tree_PUs_6__U_F2_U_S21_add_18_10_group_197    113        681       215          896 
    csa_tree_PUs_5__U_F2_U_S21_add_18_10_groupi csa_tree_PUs_5__U_F2_U_S21_add_18_10_group_201    113        681       215          896 
    csa_tree_PUs_5__U_F2_U_S1_add_18_10_groupi  csa_tree_PUs_5__U_F2_U_S1_add_18_10_group_203     113        681       215          896 
    csa_tree_PUs_4__U_F2_U_S1_add_18_10_groupi  csa_tree_PUs_4__U_F2_U_S1_add_18_10_group_207     113        681       215          896 
    csa_tree_PUs_3__U_F2_U_S21_add_18_10_groupi csa_tree_PUs_3__U_F2_U_S21_add_18_10_group_209    113        681       215          896 
    csa_tree_PUs_8__U_F2_U_S21_add_18_10_groupi csa_tree_PUs_8__U_F2_U_S21_add_18_10_group_189    113        681       215          896 
    addinc_PUs[8].U_F2_U_1_U_S0_add_18_16       add_signed_carry_194_1594                          81        446       134          580 
    addinc_PUs[5].U_F2_U_1_U_S0_add_18_16       add_signed_carry_194_1600                          81        446       134          580 
    addinc_PUs[3].U_F2_U_1_U_S0_add_18_16       add_signed_carry_194_1604                          81        446       134          580 
    addinc_PUs[0].U_F2_U_1_U_S0_add_18_16       add_signed_carry_194                               81        446       134          580 
    addinc_PUs[4].U_F2_U_1_U_S0_add_18_16       add_signed_carry_194_1602                          81        446       133          579 
    addinc_PUs[2].U_F2_U_1_U_S0_add_18_16       add_signed_carry_194_1606                          81        446       133          579 
    addinc_PUs[1].U_F2_U_1_U_S0_add_18_16       add_signed_carry_194_1608                          81        446       133          579 
    addinc_PUs[0].U_F2_U_0_U_S0_add_18_16       add_signed_carry_194_1609                          81        446       133          579 
    addinc_PUs[7].U_F2_U_1_U_S0_add_18_16       add_signed_carry_194_1596                          81        446       133          578 
    addinc_PUs[6].U_F2_U_1_U_S0_add_18_16       add_signed_carry_194_1598                          81        446       133          578 
    addinc_PUs[7].U_F2_U_1_U_S1_add_18_16       add_signed_carry_1579                              79        436       127          563 
    addinc_PUs[6].U_F2_U_1_U_S1_add_18_16       add_signed_carry_1581                              79        436       127          563 
    addinc_PUs[5].U_F2_U_1_U_S1_add_18_16       add_signed_carry_1583                              79        436       127          563 
    addinc_PUs[4].U_F2_U_1_U_S1_add_18_16       add_signed_carry_1585                              79        436       127          563 
    addinc_PUs[3].U_F2_U_1_U_S1_add_18_16       add_signed_carry_1587                              79        436       127          563 
    addinc_PUs[2].U_F2_U_1_U_S1_add_18_16       add_signed_carry_1589                              79        436       127          563 
    addinc_PUs[1].U_F2_U_1_U_S1_add_18_16       add_signed_carry_1591                              79        436       127          563 
    addinc_PUs[0].U_F2_U_1_U_S1_add_18_16       add_signed_carry                                   79        436       127          563 
    addinc_PUs[0].U_F2_U_0_U_S1_add_18_16       add_signed_carry_1592                              79        432       127          559 
    addinc_PUs[8].U_F2_U_1_U_S1_add_18_16       add_signed_carry_1577                              77        369       123          491 
    addinc_PUs[2].U_F2_U_S10_add_41_28          add_unsigned_carry_2887                             3         28         3           31 
    addinc_PUs[1].U_F2_U_S10_add_41_28          add_unsigned_carry_2888                             3         28         3           31 
    addinc_PUs[0].U_F2_U_S10_add_41_28          add_unsigned_carry                                  3         28         3           31 
    addinc_PUs[8].U_F2_U_S10_add_41_28          add_unsigned_carry_1615_2891                        3         24         3           27 
    addinc_PUs[7].U_F2_U_S10_add_41_28          add_unsigned_carry_1615_2892                        3         24         3           27 
    addinc_PUs[6].U_F2_U_S10_add_41_28          add_unsigned_carry_1615_2893                        3         24         3           27 
    addinc_PUs[5].U_F2_U_S10_add_41_28          add_unsigned_carry_1615_2894                        3         24         3           27 
    addinc_PUs[4].U_F2_U_S10_add_41_28          add_unsigned_carry_1615_2895                        3         24         3           27 
    addinc_PUs[3].U_F2_U_S10_add_41_28          add_unsigned_carry_1615                             3         24         3           27 
  U_crtl                                        CRTL_bit_width10                                   93        510       176          685 
    inc_add_679_29                              increment_unsigned_22_23                            9         41         9           50 
    inc_add_664_29                              increment_unsigned_19_2884                          8         34         8           42 
    inc_add_649_29                              increment_unsigned_19                               8         34         8           42 
    lt_591_18                                   lt_signed_1042                                      2          9         1           11 
    lt_584_18                                   lt_signed_1044                                      2          9         1           11 
    lt_577_18                                   lt_signed_1046                                      2          9         1           11 
  clipping[6].U_clip                            clip8_bit_width10_406                              15         66        14           80 
    gte_446_34                                  geq_signed_936_2870                                 6         35         7           42 
  clipping[5].U_clip                            clip8_bit_width10_407                              15         66        14           80 
    gte_446_34                                  geq_signed_936_2869                                 6         35         7           42 
  clipping[3].U_clip                            clip8_bit_width10_408                              15         66        14           80 
    gte_446_34                                  geq_signed_936_2868                                 6         35         7           42 
  clipping[8].U_clip                            clip8_bit_width10_405                              15         63        14           78 
    gte_446_34                                  geq_signed_936_2871                                 6         33         7           40 
  clipping[2].U_clip                            clip8_bit_width10_409                              15         63        14           78 
    gte_446_34                                  geq_signed_936_2867                                 6         33         7           40 
  clipping[0].U_clip                            clip8_bit_width10                                  15         63        14           78 
    gte_446_34                                  geq_signed_936_2872                                 6         33         7           40 
  clipping[26].U_clip_gte_446_34                geq_signed_936                                      6         33         7           40 
  clipping[24].U_clip_gte_446_34                geq_signed_936_2883                                 6         33         7           40 
  clipping[23].U_clip_gte_446_34                geq_signed_936_2882                                 6         33         7           40 
  clipping[21].U_clip_gte_446_34                geq_signed_936_2881                                 6         33         7           40 
  clipping[20].U_clip_gte_446_34                geq_signed_936_2880                                 6         33         7           40 
  clipping[18].U_clip_gte_446_34                geq_signed_936_2879                                 6         33         7           40 
  clipping[17].U_clip_gte_446_34                geq_signed_936_2878                                 6         33         7           40 
  clipping[15].U_clip_gte_446_34                geq_signed_936_2877                                 6         33         7           40 
  clipping[14].U_clip_gte_446_34                geq_signed_936_2876                                 6         33         7           40 
  clipping[12].U_clip_gte_446_34                geq_signed_936_2875                                 6         33         7           40 
  clipping[11].U_clip_gte_446_34                geq_signed_936_2874                                 6         33         7           40 
  clipping[9].U_clip_gte_446_34                 geq_signed_936_2873                                 6         33         7           40 
  clipping[7].U_clip                            clip8_bit_width10_1_416                             3          9         0            9 
  clipping[4].U_clip                            clip8_bit_width10_1_417                             3          9         0            9 
  clipping[1].U_clip                            clip8_bit_width10_1                                 3          9         0            9 
