============================================================
  Generated by:           Genus(TM) Synthesis Solution 17.10-p007_1
  Generated on:           Nov 20 2019  08:49:08 am
  Module:                 FME_INTER_2
  Technology libraries:   CORE65LPSVT 
                          CLOCK65LPSVT 
                          physical_cells 
  Operating conditions:   _nominal_ 
  Interconnect mode:      global
  Area mode:              physical library
============================================================

                                     Leakage   Internal    Net        Dynamic          Total       
                                                                  (Internal+Net) (Leakage+Dynamic) 
           Instance           Cells Power(uW) Power(uW) Power(uW)    Power(uW)       Power(uW)     
---------------------------------------------------------------------------------------------------
FME_INTER_2                    9308    82.249 14834.401  9895.179      24729.580         24811.829 
  U_inter                      3888    48.434  2820.803  3736.729       6557.532          6605.966 
    csa_tree_P.._18_10_groupi   115     1.733   119.032   151.724        270.756           272.489 
    csa_tree_P.._18_10_groupi   115     1.488   107.519   133.783        241.302           242.791 
    csa_tree_P.._18_10_groupi   114     1.447   108.094   136.124        244.218           245.665 
    csa_tree_P.._18_10_groupi   114     1.439   101.933   129.941        231.874           233.313 
    csa_tree_P.._18_10_groupi   114     1.438   111.134   139.263        250.396           251.835 
    csa_tree_P.._18_10_groupi   114     1.427   107.602   136.598        244.201           245.628 
    csa_tree_P.._18_10_groupi   114     1.318    93.028   113.934        206.962           208.280 
    csa_tree_P.._18_10_groupi   113     1.285    86.172    99.677        185.849           187.133 
    csa_tree_P.._18_10_groupi   113     1.284    88.537   102.903        191.440           192.723 
    csa_tree_P.._18_10_groupi   113     1.284    91.067   103.429        194.496           195.779 
    csa_tree_P.._18_10_groupi   113     1.281   101.547   116.740        218.287           219.569 
    csa_tree_P.._18_10_groupi   113     1.279    89.187    99.147        188.334           189.613 
    csa_tree_P.._18_10_groupi   113     1.275    89.162   104.315        193.476           194.751 
    csa_tree_P.._18_10_groupi   113     1.269    86.351   100.923        187.274           188.543 
    csa_tree_P.._18_10_groupi   113     1.269    93.511   108.588        202.098           203.367 
    csa_tree_P.._18_10_groupi   113     1.269    93.739   111.062        204.801           206.070 
    csa_tree_P.._18_10_groupi   113     1.265    86.386   101.175        187.560           188.826 
    csa_tree_P.._18_10_groupi   113     1.264    87.975   102.517        190.492           191.756 
    addinc_PUs.._S0_add_18_16    81     1.171    49.669    57.819        107.488           108.659 
    addinc_PUs.._S0_add_18_16    81     1.165    52.190    65.194        117.384           118.548 
    addinc_PUs.._S0_add_18_16    81     1.164    54.263    68.241        122.504           123.668 
    addinc_PUs.._S0_add_18_16    81     1.160    51.263    63.490        114.754           115.914 
    addinc_PUs.._S0_add_18_16    81     1.160    51.783    63.461        115.244           116.404 
    addinc_PUs.._S0_add_18_16    81     1.159    50.074    63.654        113.728           114.887 
    addinc_PUs.._S0_add_18_16    81     1.158    50.742    61.946        112.687           113.845 
    addinc_PUs.._S0_add_18_16    81     1.156    48.095    60.660        108.754           109.910 
    addinc_PUs.._S0_add_18_16    81     1.151    47.512    58.218        105.730           106.882 
    addinc_PUs.._S0_add_18_16    81     1.147    49.287    61.768        111.054           112.202 
    addinc_PUs.._S1_add_18_16    79     1.103    49.749    59.577        109.326           110.429 
    addinc_PUs.._S1_add_18_16    79     1.095    48.287    57.996        106.283           107.377 
    addinc_PUs.._S1_add_18_16    79     1.094    52.295    62.057        114.352           115.446 
    addinc_PUs.._S1_add_18_16    79     1.093    52.500    64.459        116.959           118.051 
    addinc_PUs.._S1_add_18_16    79     1.090    52.344    63.600        115.944           117.034 
    addinc_PUs.._S1_add_18_16    79     1.090    49.668    60.672        110.340           111.430 
    addinc_PUs.._S1_add_18_16    79     1.090    47.024    56.611        103.635           104.725 
    addinc_PUs.._S1_add_18_16    79     1.089    47.616    56.729        104.345           105.434 
    addinc_PUs.._S1_add_18_16    79     1.075    47.631    53.278        100.909           101.984 
    addinc_PUs.._S1_add_18_16    77     0.853    40.076    45.538         85.614            86.467 
    addinc_PUs..S10_add_41_28     3     0.031     3.262    12.987         16.249            16.280 
    addinc_PUs..S10_add_41_28     3     0.030     3.175    11.927         15.102            15.133 
    addinc_PUs..S10_add_41_28     3     0.030     3.073    11.988         15.061            15.091 
    addinc_PUs..S10_add_41_28     3     0.018     2.082     2.404          4.487             4.504 
    addinc_PUs..S10_add_41_28     3     0.017     1.992     2.286          4.277             4.295 
    addinc_PUs..S10_add_41_28     3     0.017     1.812     2.026          3.838             3.855 
    addinc_PUs..S10_add_41_28     3     0.017     1.859     2.162          4.021             4.039 
    addinc_PUs..S10_add_41_28     3     0.017     1.871     1.991          3.862             3.879 
    addinc_PUs..S10_add_41_28     3     0.017     1.703     1.825          3.528             3.546 
  U_buffer                     4363    23.372  9954.894  3885.068      13839.962         13863.334 
  U_crtl                         93     0.560   149.262    52.120        201.383           201.943 
    inc_add_679_29                9     0.041     0.351     0.293          0.644             0.685 
    inc_add_649_29                8     0.036     0.688     0.557          1.245             1.280 
    inc_add_664_29                8     0.036     0.444     0.352          0.795             0.831 
    lt_584_18                     2     0.011     0.055     0.036          0.091             0.103 
    lt_577_18                     2     0.011     0.000     0.000          0.000             0.011 
    lt_591_18                     2     0.010     0.000     0.000          0.000             0.010 
  clipping[6].U_clip             15     0.116     7.546     7.647         15.193            15.309 
    gte_446_34                    6     0.050     3.147     3.335          6.482             6.531 
  clipping[5].U_clip             15     0.116     7.478     7.617         15.095            15.210 
    gte_446_34                    6     0.050     3.119     3.335          6.454             6.504 
  clipping[3].U_clip             15     0.115     7.135     6.874         14.009            14.124 
    gte_446_34                    6     0.049     2.631     2.884          5.515             5.564 
  clipping[0].U_clip             15     0.115     6.517     6.507         13.024            13.139 
    gte_446_34                    6     0.049     2.437     2.502          4.939             4.988 
  clipping[2].U_clip             15     0.114     7.143     7.439         14.582            14.697 
    gte_446_34                    6     0.049     3.106     3.323          6.429             6.478 
  clipping[8].U_clip             15     0.114     7.208     7.362         14.570            14.684 
    gte_446_34                    6     0.048     2.845     2.937          5.782             5.830 
  clipping[1..ip_gte_446_34       6     0.051     2.717     2.922          5.638             5.689 
  clipping[2..ip_gte_446_34       6     0.049     3.328     3.201          6.529             6.579 
  clipping[1..ip_gte_446_34       6     0.049     2.501     2.572          5.073             5.123 
  clipping[1..ip_gte_446_34       6     0.049     2.405     2.409          4.814             4.863 
  clipping[2..ip_gte_446_34       6     0.049     2.945     3.135          6.081             6.130 
  clipping[1..ip_gte_446_34       6     0.049     3.306     3.328          6.634             6.683 
  clipping[2..ip_gte_446_34       6     0.049     2.458     2.541          4.999             5.048 
  clipping[1..ip_gte_446_34       6     0.048     2.856     2.973          5.829             5.877 
  clipping[1..ip_gte_446_34       6     0.048     2.157     2.146          4.303             4.351 
  clipping[2..ip_gte_446_34       6     0.048     2.815     2.675          5.490             5.538 
  clipping[2..ip_gte_446_34       6     0.048     2.582     2.437          5.019             5.067 
  clipping[9..ip_gte_446_34       6     0.047     2.520     2.399          4.920             4.966 
  clipping[1].U_clip              3     0.014     1.081     0.649          1.731             1.745 
  clipping[4].U_clip              3     0.014     1.166     0.696          1.862             1.877 
  clipping[7].U_clip              3     0.014     0.977     0.588          1.565             1.579 

