============================================================
  Generated by:           Genus(TM) Synthesis Solution 17.10-p007_1
  Generated on:           Feb 20 2020  01:57:20 pm
  Module:                 filter_regular
  Technology libraries:   CORE65LPSVT 
                          CLOCK65LPSVT 
                          physical_cells 
  Operating conditions:   _nominal_ 
  Interconnect mode:      global
  Area mode:              physical library
============================================================

                                         Leakage   Internal  
      Gate        Instances    Area    Power (uW) Power (uW)     Library    
----------------------------------------------------------------------------
HS65_LSS_XNOR2X6         65    270.400      0.423     10.588    CORE65LPSVT 
HS65_LSS_XNOR3X2          5     41.600      0.023      0.340    CORE65LPSVT 
HS65_LSS_XOR2X6         180    748.800      1.056     55.030    CORE65LPSVT 
HS65_LSS_XOR3X2          30    234.000      0.162      4.396    CORE65LPSVT 
HS65_LS_AND2X18           5     18.200      0.040      0.954    CORE65LPSVT 
HS65_LS_AND2X4            5     13.000      0.010      0.352    CORE65LPSVT 
HS65_LS_AO12X9           70    254.800      0.324     16.631    CORE65LPSVT 
HS65_LS_AO31X9            5     20.800      0.019      0.601    CORE65LPSVT 
HS65_LS_AO32X4           60    280.800      0.139     10.563    CORE65LPSVT 
HS65_LS_BFX18             9     28.080      0.073      2.451    CORE65LPSVT 
HS65_LS_BFX27            19     69.160      0.240      3.865    CORE65LPSVT 
HS65_LS_BFX35             1      5.200      0.017      0.194    CORE65LPSVT 
HS65_LS_BFX44            43    245.960      0.959     14.685    CORE65LPSVT 
HS65_LS_BFX53            14     87.360      0.377      6.089    CORE65LPSVT 
HS65_LS_CNIVX7           13     20.280      0.024      0.460    CORE65LPSVT 
HS65_LS_DFPHQX9         790   8216.000      7.946   2899.837    CORE65LPSVT 
HS65_LS_DFPRQNX9         27    280.800      0.266     60.690    CORE65LPSVT 
HS65_LS_DFPRQX18         21    229.320      0.277     49.638    CORE65LPSVT 
HS65_LS_DFPRQX27          2     23.920      0.033      4.683    CORE65LPSVT 
HS65_LS_DFPRQX35         29    361.920      0.584     74.418    CORE65LPSVT 
HS65_LS_DFPRQX9          21    218.400      0.210     48.059    CORE65LPSVT 
HS65_LS_FA1X4          3960  37065.600     24.706   2329.405    CORE65LPSVT 
HS65_LS_FA1X9           100   1092.000      1.095     40.224    CORE65LPSVT 
HS65_LS_HA1X4           415   2158.000      2.173     87.023    CORE65LPSVT 
HS65_LS_HA1X9            30    187.200      0.289     10.707    CORE65LPSVT 
HS65_LS_IVX18           127    264.160      0.663      7.132    CORE65LPSVT 
HS65_LS_IVX35            35    127.400      0.445      4.418    CORE65LPSVT 
HS65_LS_IVX44             1      4.160      0.016      0.139    CORE65LPSVT 
HS65_LS_IVX71             3     18.720      0.082      0.608    CORE65LPSVT 
HS65_LS_IVX9           2199   3430.440      5.255    118.392    CORE65LPSVT 
HS65_LS_NAND2X7           5     10.400      0.005      0.081    CORE65LPSVT 
HS65_LS_NOR2X6           65    135.200      0.177      4.857    CORE65LPSVT 
HS65_LS_NOR3X4            5     13.000      0.014      0.317    CORE65LPSVT 
HS65_LS_OA12X9            5     18.200      0.026      1.504    CORE65LPSVT 
HS65_LS_OR2X9            70    218.400      0.307     15.777    CORE65LPSVT 
HS65_LS_PAO2X18           5     28.600      0.059      0.819    CORE65LPSVT 
HS65_LS_PAO2X9          285   1333.800      1.326    127.685    CORE65LPSVT 
HS65_LS_PAOI2X1          80    291.200      0.101      6.357    CORE65LPSVT 
HS65_LS_PAOI2X6          25    104.000      0.120      2.900    CORE65LPSVT 
HS65_LS_XNOR2X4          20     93.600      0.115      5.275    CORE65LPSVT 
HS65_LS_XNOR2X9          20    104.000      0.197      9.432    CORE65LPSVT 
HS65_LS_XOR2X9           15     78.000      0.149      3.479    CORE65LPSVT 
HS65_LS_XOR3X9          145   1357.200      1.054     36.462    CORE65LPSVT 
----------------------------------------------------------------------------
total                  9029  59802.080     51.578   6077.515                


                                            Leakage  Leakage  Internal  Internal 
     Type      Instances    Area   Area % Power (uW) Power % Power (uW)  Power % 
---------------------------------------------------------------------------------
sequential           890  9330.360   15.6      9.317    18.1   3137.325     51.6 
inverter            2378  3865.160    6.5      6.486    12.6    131.148      2.2 
buffer                86   435.760    0.7      1.667     3.2     27.284      0.4 
logic               5675 46170.800   77.2     34.108    66.1   2781.758     45.8 
physical_cells         0     0.000    0.0      0.000     0.0      0.000      0.0 
---------------------------------------------------------------------------------
total               9029 59802.080  100.0     51.578   100.0   6077.515    100.0 

