============================================================
  Generated by:           Genus(TM) Synthesis Solution 17.10-p007_1
  Generated on:           Feb 20 2020  01:57:20 pm
  Module:                 filter_regular
  Technology libraries:   CORE65LPSVT 
                          CLOCK65LPSVT 
                          physical_cells 
  Operating conditions:   _nominal_ 
  Interconnect mode:      global
  Area mode:              physical library
============================================================

                      Leakage   Dynamic    Total   
   Instance    Cells Power(uW) Power(uW) Power(uW) 
---------------------------------------------------
filter_regular  9029    51.578 10284.730 10336.308 
  S0[0].U0      1611     8.077  1287.351  1295.428 
  S0[4].U0      1600     8.047  1273.513  1281.560 
  S0[1].U0      1593     8.034  1300.522  1308.556 
  S0[3].U0      1593     8.030  1239.987  1248.017 
  S0[2].U0      1593     8.030  1280.471  1288.501 

