============================================================
  Generated by:           Genus(TM) Synthesis Solution 17.10-p007_1
  Generated on:           Feb 21 2020  08:56:34 pm
  Module:                 filter_regular
  Technology libraries:   CORE65LPSVT 
                          CLOCK65LPSVT 
                          physical_cells 
  Operating conditions:   _nominal_ 
  Interconnect mode:      global
  Area mode:              physical library
============================================================

                       Leakage    Dynamic     Total   
   Instance     Cells Power(uW)  Power(uW)  Power(uW) 
------------------------------------------------------
filter_regular 125683   681.950 131265.142 131947.092 
  S0[0].U0       1735     8.466   1425.474   1433.941 
  S0[62].U0      1739     8.459   1324.516   1332.975 
  S0[49].U0      1745     8.449   1375.751   1384.200 
  S0[42].U0      1741     8.447   1412.817   1421.264 
  S0[33].U0      1741     8.446   1369.541   1377.988 
  S0[19].U0      1742     8.446   1413.452   1421.898 
  S0[43].U0      1742     8.446   1420.708   1429.154 
  S0[48].U0      1745     8.446   1379.783   1388.229 
  S0[29].U0      1741     8.446   1398.717   1407.162 
  S0[52].U0      1742     8.445   1331.081   1339.526 
  S0[8].U0       1742     8.444   1361.244   1369.688 
  S0[41].U0      1741     8.444   1403.371   1411.814 
  S0[31].U0      1742     8.444   1378.914   1387.358 
  S0[47].U0      1745     8.443   1393.397   1401.840 
  S0[27].U0      1741     8.443   1401.294   1409.736 
  S0[32].U0      1741     8.443   1387.491   1395.934 
  S0[30].U0      1741     8.443   1359.744   1368.187 
  S0[64].U0      1740     8.442   1311.072   1319.515 
  S0[6].U0       1741     8.442   1373.568   1382.010 
  S0[28].U0      1742     8.442   1405.572   1414.014 
  S0[18].U0      1741     8.442   1391.284   1399.725 
  S0[21].U0      1741     8.441   1425.555   1433.997 
  S0[22].U0      1742     8.441   1406.435   1414.876 
  S0[51].U0      1741     8.441   1353.240   1361.681 
  S0[36].U0      1741     8.440   1249.808   1258.248 
  S0[37].U0      1742     8.439   1230.906   1239.346 
  S0[20].U0      1741     8.439   1448.719   1457.158 
  S0[34].U0      1742     8.439   1375.169   1383.608 
  S0[44].U0      1741     8.439   1388.436   1396.874 
  S0[59].U0      1741     8.438   1275.224   1283.662 
  S0[50].U0      1741     8.438   1386.026   1394.464 
  S0[53].U0      1741     8.438   1362.953   1371.391 
  S0[63].U0      1739     8.438   1340.725   1349.162 
  S0[35].U0      1741     8.438   1304.010   1312.447 
  S0[17].U0      1741     8.437   1291.668   1300.105 
  S0[54].U0      1741     8.437   1366.737   1375.174 
  S0[16].U0      1742     8.437   1267.233   1275.671 
  S0[40].U0      1742     8.437   1366.920   1375.357 
  S0[55].U0      1742     8.437   1391.244   1399.681 
  S0[7].U0       1741     8.437   1377.562   1385.999 
  S0[3].U0       1742     8.437   1383.459   1391.896 
  S0[39].U0      1741     8.436   1300.669   1309.105 
  S0[60].U0      1741     8.436   1296.211   1304.647 
  S0[38].U0      1741     8.436   1264.375   1272.811 
  S0[14].U0      1741     8.436   1261.856   1270.292 
  S0[5].U0       1742     8.435   1373.399   1381.835 
  S0[4].U0       1741     8.435   1364.105   1372.540 
  S0[46].U0      1742     8.435   1400.133   1408.567 
  S0[58].U0      1742     8.435   1292.823   1301.257 
  S0[61].U0      1742     8.434   1296.082   1304.517 
  S0[24].U0      1741     8.434   1373.379   1381.813 
  S0[10].U0      1741     8.434   1322.037   1330.471 
  S0[15].U0      1741     8.434   1253.003   1261.437 
  S0[45].U0      1741     8.433   1393.654   1402.087 
  S0[12].U0      1741     8.433   1313.336   1321.769 
  S0[2].U0       1742     8.432   1376.940   1385.372 
  S0[1].U0       1739     8.432   1393.630   1402.062 
  S0[56].U0      1741     8.432   1393.128   1401.560 
  S0[57].U0      1741     8.430   1324.781   1333.211 
  S0[23].U0      1741     8.428   1385.923   1394.351 
  S0[13].U0      1742     8.428   1271.695   1280.123 
  S0[25].U0      1742     8.428   1400.710   1409.138 
  S0[26].U0      1741     8.428   1397.984   1406.412 
  S0[11].U0      1741     8.427   1321.485   1329.912 
  S0[9].U0       1741     8.426   1323.329   1331.755 

