============================================================
  Generated by:           Genus(TM) Synthesis Solution 17.10-p007_1
  Generated on:           Nov 22 2020  11:23:28 pm
  Module:                 top_level
  Technology libraries:   CORE65LPSVT 
                          CLOCK65LPSVT 
                          physical_cells 
  Operating conditions:   _nominal_ 
  Interconnect mode:      global
  Area mode:              physical library
============================================================

                                   Leakage    Dynamic     Total   
          Instance          Cells Power(uW)  Power(uW)  Power(uW) 
------------------------------------------------------------------
top_level                   97832   851.799 378144.880 378996.678 
  GEN[13].U_MULTIi_SHRP      3653    33.254  14213.558  14246.812 
  GEN[5].U_MULTIi_SHRP       3663    32.750  13966.421  13999.171 
  GEN[10].U_MULTIi_SHRP      3570    32.634  13897.286  13929.920 
  GEN[8].U_MULTIi_SHRP       3614    32.410  13534.047  13566.457 
  GEN[7].U_MULTIi_SHRP       3664    31.979  13853.510  13885.490 
  GEN[9].U_MULTIi_SHRP       3534    31.966  13550.640  13582.605 
  GEN[12].U_MULTIi_SHRP      3575    31.797  13801.950  13833.746 
  GEN[11].U_MULTIi_SHRP      3600    31.796  13826.203  13857.999 
  GEN[1].U_MULTIi_SHRP       3600    31.774  13659.029  13690.803 
  GEN[3].U_MULTIi_SHRP       3609    31.624  14029.802  14061.426 
  GEN[6].U_M..d_64_8_groupi    79     1.061    400.916    401.977 
  GEN[4].U_M..d_64_8_groupi    79     1.060    420.280    421.340 
  GEN[14].U_..d_64_8_groupi    81     1.020    395.227    396.247 
  GEN[14].U_..d_64_8_groupi    77     1.019    370.267    371.286 
  GEN[15].U_..d_64_8_groupi    81     1.019    364.237    365.256 
  GEN[15].U_..d_64_8_groupi    77     1.010    360.507    361.517 
  GEN[0].U_M..d_64_8_groupi    74     0.960    346.519    347.479 
  GEN[2].U_M..d_64_8_groupi    79     0.953    379.764    380.717 
  GEN[2].U_M..d_64_8_groupi    74     0.949    319.929    320.878 
  GEN[4].U_M..d_91_9_groupi   112     0.928    398.415    399.342 
  GEN[6].U_M..d_64_8_groupi    79     0.914    355.338    356.252 
  GEN[4].U_M..d_64_8_groupi    79     0.913    367.101    368.014 
  GEN[0].U_M..d_64_8_groupi    78     0.907    393.463    394.370 
  GEN[0].U_M.._64_12_groupi    61     0.902    525.142    526.044 
  GEN[4].U_M..e_fac2_groupi    84     0.893    381.900    382.793 
  GEN[0].U_M..d_64_8_groupi    46     0.889    525.455    526.344 
  GEN[2].U_M..d_64_8_groupi    46     0.889    523.671    524.560 
  GEN[6].U_M..e_fac2_groupi    84     0.887    357.283    358.169 
  GEN[12].U_..d_91_9_groupi   104     0.882    395.754    396.636 
  GEN[6].U_M.._64_12_groupi    67     0.882    527.227    528.109 
  GEN[2].U_M.._64_12_groupi    61     0.882    498.042    498.924 
  GEN[15].U_..d_64_8_groupi    47     0.880    505.097    505.977 
  GEN[14].U_..d_64_8_groupi    47     0.880    515.934    516.814 
  GEN[0].U_M..d_91_9_groupi   114     0.879    394.111    394.990 
  GEN[6].U_M..d_64_8_groupi    46     0.878    517.050    517.928 
  GEN[4].U_M..d_64_8_groupi    46     0.878    513.505    514.383 
  GEN[4].U_M.._64_12_groupi    67     0.871    524.895    525.766 
  GEN[14].U_..e_fac2_groupi    86     0.856    376.659    377.515 
  GEN[15].U_..e_fac2_groupi    86     0.855    361.097    361.952 
  GEN[14].U_.._64_12_groupi    62     0.851    488.302    489.153 
  GEN[14].U_.._64_12_groupi    66     0.840    504.968    505.808 
  GEN[6].U_M..d_64_8_groupi    63     0.820    469.554    470.374 
  GEN[0].U_M.._64_12_groupi    66     0.816    508.135    508.951 
  GEN[14].U_..e_fac1_groupi    91     0.814    366.884    367.698 
  GEN[15].U_.._64_12_groupi    63     0.814    484.083    484.897 
  GEN[4].U_M..d_64_8_groupi    62     0.814    477.413    478.227 
  GEN[15].U_..e_fac1_groupi    91     0.814    356.118    356.931 
  GEN[15].U_.._64_12_groupi    60     0.809    460.312    461.120 
  GEN[2].U_M.._64_12_groupi    66     0.806    489.245    490.051 
  GEN[1].U_M..d_91_9_groupi    67     0.800    353.906    354.706 
  GEN[4].U_M.._64_12_groupi    59     0.795    495.908    496.703 
  GEN[4].U_M.._64_12_groupi    65     0.786    468.791    469.577 
  GEN[0].U_M..d_64_8_groupi    68     0.783    466.967    467.750 
  GEN[6].U_M..d_91_9_groupi   111     0.782    363.824    364.605 
  GEN[6].U_M.._64_12_groupi    64     0.779    464.279    465.058 
  GEN[1].U_M..d_91_9_groupi    91     0.778    377.903    378.681 
  GEN[11].U_..d_91_9_groupi    93     0.772    358.593    359.365 
  GEN[15].U_..d_91_9_groupi   111     0.768    363.559    364.327 
  GEN[13].U_..d_91_9_groupi   109     0.768    361.831    362.599 
  GEN[2].U_M..d_91_9_groupi   111     0.767    380.515    381.282 
  GEN[2].U_M..d_64_8_groupi    66     0.766    440.769    441.535 
  GEN[6].U_M.._64_12_groupi    62     0.765    459.066    459.831 
  GEN[3].U_M..d_91_9_groupi    71     0.765    338.032    338.797 
  GEN[4].U_M..d_91_9_groupi    88     0.764    370.370    371.133 
  GEN[6].U_M..d_91_9_groupi    88     0.763    360.973    361.736 
  GEN[14].U_..d_64_8_groupi    59     0.748    466.480    467.228 
  GEN[15].U_.._64_12_groupi    60     0.746    453.616    454.362 
  GEN[5].U_M..d_91_9_groupi    90     0.744    364.455    365.199 
  GEN[15].U_..d_64_8_groupi    59     0.738    452.489    453.227 
  GEN[3].U_M..d_91_9_groupi    98     0.736    343.363    344.099 
  GEN[5].U_M..d_91_9_groupi    74     0.732    323.656    324.388 
  GEN[14].U_.._64_12_groupi    69     0.728    452.115    452.843 
  GEN[2].U_M..e_fac2_groupi    81     0.720    337.312    338.033 
  GEN[0].U_M..e_fac2_groupi    81     0.720    346.325    347.046 
  GEN[10].U_..d_91_9_groupi    65     0.717    315.050    315.767 
  GEN[14].U_..d_64_8_groupi    82     0.713    349.980    350.693 
  GEN[15].U_..d_64_8_groupi    82     0.713    328.719    329.432 
  GEN[14].U_..d_64_8_groupi    78     0.708    317.128    317.835 
  GEN[12].U_..d_91_9_groupi    97     0.707    321.058    321.765 
  GEN[15].U_..d_64_8_groupi    78     0.707    298.396    299.103 
  GEN[0].U_M..d_64_8_groupi    81     0.705    302.593    303.299 
  GEN[11].U_..d_91_9_groupi    62     0.705    318.850    319.555 
  GEN[2].U_M..d_64_8_groupi    81     0.689    283.052    283.742 
  GEN[15].U_.._64_12_groupi    59     0.686    444.745    445.432 
  GEN[14].U_.._64_12_groupi    59     0.686    449.085    449.771 
  GEN[8].U_M..d_91_9_groupi    92     0.685    346.787    347.472 
  GEN[4].U_M..d_91_9_groupi    98     0.682    315.559    316.241 
  GEN[0].U_M.._64_12_groupi    57     0.682    432.158    432.839 
  GEN[2].U_M.._64_12_groupi    57     0.681    436.443    437.124 
  GEN[6].U_M.._64_12_groupi    58     0.680    425.294    425.974 
  GEN[7].U_M..d_91_9_groupi    93     0.680    342.422    343.102 
  GEN[4].U_M.._64_12_groupi    58     0.679    432.298    432.977 
  GEN[9].U_M..d_91_9_groupi    91     0.675    338.329    339.004 
  GEN[3].U_M..d_91_9_groupi    65     0.673    408.235    408.908 
  GEN[4].U_M..e_fac1_groupi    81     0.672    352.611    353.283 
  GEN[15].U_..d_64_8_groupi    61     0.672    235.211    235.883 
  GEN[6].U_M..e_fac1_groupi    81     0.672    323.788    324.460 
  GEN[0].U_M.._64_12_groupi    55     0.671    415.155    415.825 
  GEN[14].U_..d_91_9_groupi   111     0.668    329.198    329.866 
  GEN[8].U_M..d_91_9_groupi    63     0.667    296.318    296.986 
  GEN[6].U_M..d_91_9_groupi   100     0.659    312.562    313.221 
  GEN[15].U_..d_91_9_groupi    40     0.657    223.827    224.485 
  GEN[1].U_M..d_91_9_groupi    57     0.657    405.695    406.353 
  GEN[14].U_..d_91_9_groupi    40     0.657    214.888    215.545 
  GEN[10].U_..d_91_9_groupi    93     0.654    342.861    343.515 
  GEN[7].U_M..d_91_9_groupi    61     0.648    302.227    302.874 
  GEN[2].U_M..e_fac1_groupi    81     0.643    323.186    323.829 
  GEN[0].U_M.._64_12_groupi    64     0.640    405.298    405.939 
  GEN[4].U_M..d_64_8_groupi    79     0.639    305.886    306.526 
  GEN[6].U_M..d_64_8_groupi    79     0.638    285.562    286.201 
  GEN[2].U_M.._64_12_groupi    55     0.634    402.511    403.144 
  GEN[14].U_.._64_12_groupi    56     0.631    402.424    403.055 
  GEN[15].U_..d_64_8_groupi    60     0.626    217.009    217.636 
  GEN[3].U_M..d_91_9_groupi    42     0.623    313.071    313.694 
  GEN[1].U_M..d_91_9_groupi    97     0.616    317.708    318.324 
  GEN[12].U_..d_91_9_groupi    90     0.616    315.949    316.565 
  GEN[9].U_M..d_91_9_groupi    66     0.614    279.656    280.270 
  GEN[4].U_M..d_91_9_groupi    56     0.611    400.205    400.815 
  GEN[7].U_M..d_91_9_groupi    98     0.610    298.404    299.013 
  GEN[14].U_..d_64_8_groupi    60     0.609    224.591    225.200 
  GEN[15].U_.._64_12_groupi    60     0.605    389.551    390.156 
  GEN[6].U_M.._64_12_groupi    50     0.604    383.975    384.579 
  GEN[0].U_M..d_91_9_groupi    98     0.601    310.765    311.366 
  GEN[3].U_M..d_91_9_groupi    58     0.600    358.426    359.027 
  GEN[2].U_M.._64_12_groupi    64     0.599    381.264    381.863 
  GEN[4].U_M..d_91_9_groupi    36     0.598    204.567    205.165 
  GEN[14].U_..d_91_9_groupi    35     0.597    279.350    279.947 
  GEN[4].U_M.._64_12_groupi    50     0.597    383.725    384.322 
  GEN[15].U_..d_91_9_groupi    35     0.597    283.266    283.863 
  GEN[6].U_M..d_91_9_groupi    36     0.597    197.523    198.120 
  GEN[10].U_..d_91_9_groupi    98     0.596    284.864    285.460 
  GEN[11].U_..d_91_9_groupi    53     0.592    350.272    350.864 
  GEN[11].U_..d_91_9_groupi    81     0.588    289.410    289.998 
  GEN[6].U_M..d_91_9_groupi    57     0.585    364.017    364.602 
  GEN[3].U_M..d_91_9_groupi    83     0.585    271.821    272.406 
  GEN[2].U_M..d_91_9_groupi   108     0.582    196.150    196.733 
  GEN[2].U_M..d_64_8_groupi    71     0.581    203.688    204.269 
  GEN[5].U_M..d_91_9_groupi    83     0.576    277.580    278.156 
  GEN[4].U_M..d_64_8_groupi    76     0.576    269.851    270.427 
  GEN[2].U_M..d_64_8_groupi    63     0.575    208.421    208.995 
  GEN[11].U_..d_91_9_groupi    98     0.575    295.611    296.185 
  GEN[0].U_M..e_fac1_groupi    81     0.571    323.013    323.584 
  GEN[5].U_M..d_91_9_groupi    98     0.568    286.717    287.285 
  GEN[14].U_..d_64_8_groupi    61     0.567    210.885    211.452 
  GEN[7].U_M..d_91_9_groupi    64     0.564    357.563    358.127 
  GEN[13].U_..d_91_9_groupi    33     0.560    272.162    272.722 
  GEN[13].U_..d_91_9_groupi    47     0.558    250.920    251.478 
  GEN[2].U_M..d_64_8_groupi    75     0.553    262.099    262.652 
  GEN[0].U_M..d_64_8_groupi    75     0.553    266.824    267.377 
  GEN[4].U_M..d_91_9_groupi    56     0.552    353.663    354.215 
  GEN[11].U_..d_91_9_groupi    64     0.551    360.916    361.467 
  GEN[12].U_..d_91_9_groupi    61     0.549    366.887    367.437 
  GEN[4].U_M..d_64_8_groupi    61     0.546    198.241    198.788 
  GEN[15].U_..d_91_9_groupi    97     0.546    292.267    292.814 
  GEN[10].U_..d_91_9_groupi    57     0.545    347.331    347.877 
  GEN[10].U_..d_91_9_groupi    81     0.544    270.589    271.132 
  GEN[8].U_M..d_91_9_groupi    81     0.539    267.043    267.582 
  GEN[15].U_..d_91_9_groupi    81     0.537    262.819    263.356 
  GEN[4].U_M..d_64_8_groupi    61     0.536    208.115    208.651 
  GEN[12].U_..d_91_9_groupi    57     0.534    346.423    346.957 
  GEN[4].U_M..d_91_9_groupi    48     0.534    339.233    339.768 
  GEN[3].U_M..d_91_9_groupi    48     0.530    335.224    335.754 
  GEN[13].U_..d_91_9_groupi    81     0.529    269.172    269.700 
  GEN[14].U_..d_91_9_groupi    81     0.524    259.670    260.195 
  GEN[9].U_M..d_91_9_groupi    97     0.522    268.897    269.419 
  GEN[7].U_M..d_91_9_groupi    61     0.520    328.848    329.368 
  GEN[2].U_M..d_91_9_groupi    51     0.518    262.350    262.868 
  GEN[12].U_..d_91_9_groupi    81     0.517    259.883    260.400 
  GEN[9].U_M..d_91_9_groupi    64     0.516    333.347    333.863 
  GEN[13].U_..d_91_9_groupi   109     0.513    180.973    181.487 
  GEN[14].U_..d_91_9_groupi    96     0.512    266.869    267.382 
  GEN[2].U_M..d_91_9_groupi    37     0.511    198.807    199.318 
  GEN[2].U_M..d_91_9_groupi    34     0.510    278.635    279.145 
  GEN[0].U_M..d_91_9_groupi    34     0.510    277.485    277.996 
  GEN[5].U_M..d_91_9_groupi    53     0.510    332.651    333.161 
  GEN[0].U_M..d_91_9_groupi    36     0.508    179.337    179.844 
  GEN[8].U_M..d_91_9_groupi    97     0.507    267.101    267.608 
  GEN[6].U_M..d_91_9_groupi    82     0.506    251.883    252.389 
  GEN[1].U_M..d_91_9_groupi    64     0.504    328.227    328.731 
  GEN[7].U_M..d_91_9_groupi    83     0.504    253.339    253.843 
  GEN[2].U_M..d_91_9_groupi    56     0.503    351.319    351.822 
  GEN[9].U_M..d_91_9_groupi    57     0.501    322.409    322.910 
  GEN[6].U_M..d_64_8_groupi    61     0.500    199.837    200.337 
  GEN[5].U_M..d_91_9_groupi   109     0.499    186.260    186.760 
  GEN[10].U_..d_91_9_groupi    64     0.499    322.073    322.572 
  GEN[8].U_M..d_91_9_groupi    64     0.499    324.675    325.173 
  GEN[0].U_M..d_91_9_groupi    82     0.498    256.133    256.631 
  GEN[8].U_M..d_91_9_groupi   109     0.498    177.517    178.015 
  GEN[13].U_..d_91_9_groupi    61     0.497    339.889    340.385 
  GEN[14].U_..d_91_9_groupi   111     0.496    189.909    190.405 
  GEN[2].U_M..d_91_9_groupi    60     0.493    339.767    340.261 
  GEN[14].U_..d_64_8_groupi    27     0.492    285.983    286.475 
  GEN[6].U_M..d_64_8_groupi    61     0.491    191.825    192.316 
  GEN[14].U_..d_91_9_groupi    56     0.490    327.661    328.151 
  GEN[6].U_M..d_91_9_groupi    56     0.481    322.426    322.907 
  GEN[0].U_M..d_91_9_groupi    56     0.480    319.969    320.450 
  GEN[0].U_M..d_91_9_groupi   108     0.479    190.884    191.363 
  GEN[15].U_..d_64_8_groupi    27     0.479    268.033    268.512 
  GEN[12].U_..d_91_9_groupi   109     0.478    174.714    175.192 
  GEN[15].U_..d_91_9_groupi   110     0.475    193.904    194.379 
  GEN[14].U_..d_64_8_groupi    27     0.474    262.141    262.614 
  GEN[15].U_..d_64_8_groupi    27     0.473    250.273    250.746 
  GEN[6].U_M..d_64_8_groupi    32     0.473    245.370    245.843 
  GEN[4].U_M..d_64_8_groupi    32     0.472    243.758    244.231 
  GEN[7].U_M..d_91_9_groupi   110     0.472    170.623    171.095 
  GEN[8].U_M..d_91_9_groupi    57     0.470    311.670    312.139 
  GEN[9].U_M..d_91_9_groupi   109     0.468    173.875    174.343 
  GEN[4].U_M..d_91_9_groupi    82     0.464    254.812    255.276 
  GEN[5].U_M..d_91_9_groupi    64     0.464    297.531    297.995 
  GEN[6].U_M..d_64_8_groupi    27     0.463    251.653    252.116 
  GEN[3].U_M..d_91_9_groupi   109     0.463    186.609    187.072 
  GEN[1].U_M..d_91_9_groupi   109     0.463    182.199    182.661 
  GEN[4].U_M..d_64_8_groupi    27     0.462    265.486    265.949 
  GEN[0].U_M..d_91_9_groupi    56     0.459    314.751    315.210 
  GEN[0].U_M..d_64_8_groupi    32     0.458    243.615    244.073 
  GEN[2].U_M..d_64_8_groupi    32     0.457    254.700    255.157 
  GEN[0].U_M..d_64_8_groupi    27     0.456    267.625    268.081 
  GEN[1].U_M..d_91_9_groupi    51     0.456    305.960    306.416 
  GEN[2].U_M..d_64_8_groupi    27     0.456    262.628    263.084 
  GEN[0].U_M..d_64_8_groupi    72     0.452    175.100    175.552 
  GEN[10].U_..d_91_9_groupi    42     0.451    147.804    148.255 
  GEN[9].U_M..d_91_9_groupi    83     0.449    241.603    242.052 
  GEN[5].U_M..d_91_9_groupi    70     0.448    218.077    218.526 
  GEN[15].U_..d_64_8_groupi    29     0.447    229.268    229.715 
  GEN[4].U_M..d_91_9_groupi    50     0.446    289.798    290.244 
  GEN[2].U_M..d_91_9_groupi    48     0.444    306.858    307.302 
  GEN[6].U_M..d_64_8_groupi    75     0.443    232.712    233.155 
  GEN[11].U_..d_91_9_groupi    48     0.442    299.291    299.734 
  GEN[8].U_M..d_91_9_groupi    72     0.442    217.324    217.767 
  GEN[1].U_M..d_91_9_groupi    81     0.442    252.720    253.162 
  GEN[4].U_M..d_64_8_groupi    27     0.442    253.160    253.602 
  GEN[10].U_..d_91_9_groupi    70     0.442    223.715    224.157 
  GEN[13].U_..d_91_9_groupi    37     0.441    224.908    225.349 
  GEN[6].U_M..d_64_8_groupi    27     0.441    250.367    250.808 
  GEN[15].U_..d_91_9_groupi    56     0.441    299.721    300.162 
  GEN[6].U_M..d_64_8_groupi    32     0.441    240.476    240.917 
  GEN[4].U_M..d_64_8_groupi    32     0.441    237.845    238.285 
  GEN[7].U_M..d_91_9_groupi    48     0.439    286.343    286.782 
  GEN[9].U_M..d_91_9_groupi    71     0.437    218.071    218.509 
  GEN[9].U_M..d_91_9_groupi    50     0.437    299.432    299.869 
  GEN[14].U_..d_64_8_groupi    29     0.433    231.190    231.623 
  GEN[14].U_..d_91_9_groupi    50     0.429    303.212    303.642 
  GEN[2].U_M..d_91_9_groupi    81     0.427    251.255    251.682 
  GEN[6].U_M.._64_12_groupi    38     0.427    294.272    294.699 
  GEN[7].U_M..d_91_9_groupi    70     0.421    212.696    213.117 
  GEN[0].U_M..d_64_8_groupi    64     0.418    180.552    180.970 
  GEN[2].U_M..d_64_8_groupi    69     0.417    256.154    256.571 
  GEN[9].U_M..d_91_9_groupi    37     0.417    224.272    224.688 
  GEN[10].U_..d_91_9_groupi    48     0.416    276.150    276.567 
  GEN[12].U_..d_91_9_groupi    50     0.416    289.555    289.971 
  GEN[1].U_M..d_91_9_groupi    50     0.416    285.839    286.255 
  GEN[8].U_M..d_91_9_groupi    37     0.414    217.331    217.744 
  GEN[2].U_M..d_91_9_groupi    71     0.411    217.761    218.172 
  GEN[0].U_M..d_91_9_groupi    71     0.410    207.724    208.135 
  GEN[14].U_..d_64_8_groupi    28     0.409    217.510    217.919 
  GEN[15].U_..d_64_8_groupi    28     0.409    217.028    217.437 
  GEN[5].U_M..d_91_9_groupi    52     0.408    271.440    271.848 
  GEN[8].U_M..d_91_9_groupi    50     0.407    272.520    272.927 
  GEN[13].U_..d_91_9_groupi    59     0.406    287.034    287.441 
  GEN[4].U_M..d_91_9_groupi    71     0.405    205.246    205.651 
  GEN[6].U_M..d_91_9_groupi    71     0.405    207.449    207.854 
  GEN[13].U_..d_91_9_groupi    70     0.403    205.444    205.847 
  GEN[6].U_M..d_91_9_groupi    50     0.403    278.798    279.200 
  GEN[4].U_M..d_91_9_groupi    40     0.401    133.365    133.765 
  GEN[11].U_..d_91_9_groupi    42     0.399    137.636    138.036 
  GEN[1].U_M..d_91_9_groupi    72     0.398    214.994    215.392 
  GEN[0].U_M..d_64_8_groupi    69     0.391    248.955    249.346 
  GEN[9].U_M..d_91_9_groupi    38     0.389    201.944    202.333 
  GEN[14].U_..d_91_9_groupi    40     0.388    165.102    165.490 
  GEN[14].U_..d_91_9_groupi    57     0.386    277.897    278.284 
  GEN[15].U_..d_91_9_groupi    57     0.386    278.301    278.687 
  GEN[15].U_.._64_12_groupi    39     0.385    266.364    266.749 
  GEN[14].U_..d_91_9_groupi    71     0.383    202.550    202.933 
  GEN[15].U_..d_91_9_groupi    71     0.383    194.796    195.179 
  GEN[10].U_..d_91_9_groupi    39     0.382    179.358    179.740 
  GEN[14].U_..d_91_9_groupi    50     0.382    260.636    261.017 
  GEN[4].U_M..d_91_9_groupi    40     0.381    178.170    178.551 
  GEN[4].U_M.._64_12_groupi    32     0.380    265.888    266.268 
  GEN[10].U_..d_91_9_groupi    37     0.378    194.831    195.209 
  GEN[1].U_M..d_91_9_groupi    31     0.375    203.241    203.617 
  GEN[2].U_M..d_91_9_groupi    38     0.373    189.057    189.430 
  GEN[13].U_..d_91_9_groupi    48     0.373    255.060    255.432 
  GEN[0].U_M..d_91_9_groupi    44     0.372    169.977    170.348 
  GEN[15].U_..d_64_8_groupi    32     0.371    177.710    178.081 
  GEN[14].U_..d_64_8_groupi    32     0.371    189.615    189.986 
  GEN[11].U_..d_91_9_groupi    71     0.370    211.956    212.326 
  GEN[14].U_..d_91_9_groupi    34     0.370    192.773    193.143 
  GEN[12].U_..d_91_9_groupi    31     0.369    197.014    197.383 
  GEN[3].U_M..d_91_9_groupi    50     0.369    257.504    257.872 
  GEN[2].U_M..d_91_9_groupi    50     0.368    263.126    263.494 
  GEN[8].U_M..d_91_9_groupi    38     0.367    191.285    191.653 
  GEN[3].U_M..d_91_9_groupi    70     0.366    204.423    204.788 
  GEN[4].U_M..d_91_9_groupi    47     0.365    175.719    176.084 
  GEN[3].U_M..d_91_9_groupi    34     0.364    189.821    190.185 
  GEN[11].U_..d_91_9_groupi    31     0.361    192.163    192.524 
  GEN[12].U_..d_91_9_groupi    39     0.360    172.515    172.875 
  GEN[8].U_M..d_91_9_groupi    39     0.360    180.047    180.407 
  GEN[2].U_M.._64_12_groupi    33     0.359    245.712    246.072 
  GEN[0].U_M..d_91_9_groupi    32     0.359    198.464    198.823 
  GEN[10].U_..d_91_9_groupi    38     0.358    183.674    184.032 
  GEN[4].U_M.._64_12_groupi    42     0.357    270.771    271.128 
  GEN[6].U_M.._64_12_groupi    42     0.357    263.676    264.033 
  GEN[6].U_M..d_91_9_groupi    40     0.357    123.492    123.849 
  GEN[12].U_..d_91_9_groupi    71     0.356    192.231    192.588 
  GEN[7].U_M..d_91_9_groupi    37     0.356    190.528    190.883 
  GEN[12].U_..d_91_9_groupi    50     0.355    256.422    256.777 
  GEN[0].U_M..d_91_9_groupi    48     0.354    257.154    257.508 
  GEN[2].U_M..d_64_8_groupi    30     0.353    175.890    176.242 
  GEN[0].U_M..d_64_8_groupi    30     0.353    185.677    186.030 
  GEN[12].U_..d_91_9_groupi    38     0.352    178.115    178.467 
  GEN[13].U_..d_91_9_groupi    50     0.351    263.921    264.272 
  GEN[8].U_M..d_91_9_groupi    50     0.350    249.219    249.569 
  GEN[9].U_M..d_91_9_groupi    50     0.350    252.564    252.914 
  GEN[14].U_.._64_12_groupi    39     0.348    258.370    258.718 
  GEN[15].U_..d_91_9_groupi    47     0.347    151.811    152.159 
  GEN[0].U_M.._64_12_groupi    43     0.347    266.257    266.603 
  GEN[4].U_M..d_64_8_groupi    32     0.346    189.382    189.728 
  GEN[6].U_M..d_64_8_groupi    32     0.346    186.294    186.641 
  GEN[10].U_..d_91_9_groupi    50     0.346    247.856    248.202 
  GEN[9].U_M..d_91_9_groupi    39     0.346    184.041    184.387 
  GEN[6].U_M..d_91_9_groupi    34     0.344    180.707    181.051 
  GEN[5].U_M..d_91_9_groupi    31     0.343    182.753    183.096 
  GEN[0].U_M..d_91_9_groupi    50     0.341    263.052    263.393 
  GEN[6].U_M..d_91_9_groupi    50     0.341    248.483    248.824 
  GEN[2].U_M..d_91_9_groupi    34     0.341    191.236    191.576 
  GEN[2].U_M.._64_12_groupi    43     0.340    257.732    258.072 
  GEN[0].U_M.._64_12_groupi    36     0.339    247.626    247.965 
  GEN[12].U_..d_91_9_groupi    67     0.339    118.187    118.526 
  GEN[13].U_..d_91_9_groupi    38     0.338    185.148    185.486 
  GEN[1].U_M..d_91_9_groupi    42     0.338    156.052    156.391 
  GEN[2].U_M..d_91_9_groupi    36     0.338    140.249    140.587 
  GEN[4].U_M..d_91_9_groupi    34     0.338    185.640    185.978 
  GEN[10].U_..d_91_9_groupi    66     0.338    122.181    122.519 
  GEN[2].U_M..d_91_9_groupi    39     0.337    170.923    171.261 
  GEN[6].U_M..10_7_add_64_8    33     0.337    192.195    192.532 
  GEN[6].U_M..S6_7_add_64_8    33     0.337    188.088    188.425 
  GEN[15].U_..d_91_9_groupi    68     0.337    128.624    128.960 
  GEN[4].U_M..S6_7_add_64_8    33     0.336    194.544    194.880 
  GEN[9].U_M..d_91_9_groupi    42     0.336    162.097    162.433 
  GEN[4].U_M..10_7_add_64_8    33     0.336    196.413    196.748 
  GEN[14].U_..d_91_9_groupi    68     0.336    117.505    117.840 
  GEN[8].U_M..d_91_9_groupi    42     0.335    160.364    160.699 
  GEN[0].U_M..d_91_9_groupi    33     0.333    180.929    181.261 
  GEN[14].U_..d_91_9_groupi    39     0.332    181.826    182.158 
  GEN[5].U_M..d_91_9_groupi    50     0.332    242.251    242.583 
  GEN[15].U_..d_91_9_groupi    50     0.331    242.434    242.765 
  GEN[11].U_..d_91_9_groupi    50     0.331    250.282    250.614 
  GEN[7].U_M..d_91_9_groupi    50     0.331    242.412    242.743 
  GEN[8].U_M..d_91_9_groupi    67     0.331    114.900    115.231 
  GEN[4].U_M.._64_12_groupi    36     0.331    242.141    242.472 
  GEN[15].U_..d_91_9_groupi    50     0.331    248.370    248.701 
  GEN[7].U_M..d_91_9_groupi    39     0.331    154.166    154.496 
  GEN[15].U_..d_91_9_groupi    34     0.330    172.546    172.876 
  GEN[6].U_M..d_91_9_groupi    39     0.328    153.338    153.666 
  GEN[13].U_..d_91_9_groupi    39     0.328    180.044    180.372 
  GEN[11].U_..d_91_9_groupi    40     0.327    154.806    155.133 
  GEN[7].U_M..d_91_9_groupi    42     0.325    146.136    146.461 
  GEN[7].U_M..d_91_9_groupi    38     0.323    155.172    155.495 
  GEN[0].U_M..d_64_8_groupi    27     0.323    204.137    204.460 
  GEN[2].U_M..d_64_8_groupi    27     0.322    201.361    201.683 
  GEN[6].U_M..d_91_9_groupi    44     0.322    137.639    137.961 
  GEN[0].U_M..d_91_9_groupi    44     0.322    165.785    166.107 
  GEN[0].U_M..d_91_9_groupi    67     0.322    131.454    131.777 
  GEN[2].U_M..d_91_9_groupi    67     0.322    118.750    119.072 
  GEN[14].U_..d_91_9_groupi    44     0.321    161.048    161.369 
  GEN[2].U_M..d_91_9_groupi    44     0.320    152.358    152.678 
  GEN[0].U_M.._64_12_groupi    40     0.320    239.802    240.121 
  GEN[11].U_..d_91_9_groupi    38     0.318    158.024    158.342 
  GEN[5].U_M..d_91_9_groupi    64     0.318    117.658    117.975 
  GEN[14].U_..d_91_9_groupi    51     0.317    145.783    146.100 
  GEN[14].U_..d_91_9_groupi    38     0.316    174.740    175.057 
  GEN[6].U_M..d_91_9_groupi    44     0.314    151.986    152.300 
  GEN[4].U_M..d_91_9_groupi    38     0.312    161.136    161.447 
  GEN[9].U_M..d_91_9_groupi    66     0.312    117.674    117.985 
  GEN[7].U_M..d_91_9_groupi    66     0.311    107.172    107.483 
  GEN[15].U_..d_91_9_groupi    39     0.311    159.927    160.238 
  GEN[0].U_M..d_91_9_groupi    36     0.311    124.037    124.348 
  GEN[5].U_M..d_91_9_groupi    39     0.311    154.400    154.710 
  GEN[11].U_..d_91_9_groupi    42     0.310    142.211    142.521 
  GEN[6].U_M.._64_12_groupi    36     0.309    237.931    238.239 
  GEN[3].U_M..d_91_9_groupi    38     0.307    164.977    165.285 
  GEN[13].U_..d_91_9_groupi    42     0.307    154.853    155.160 
  GEN[2].U_M.._64_12_groupi    34     0.306    226.713    227.019 
  GEN[5].U_M..d_91_9_groupi    38     0.306    154.562    154.868 
  GEN[3].U_M..d_91_9_groupi    39     0.304    166.994    167.299 
  GEN[6].U_M..d_91_9_groupi    36     0.304    120.096    120.400 
  GEN[4].U_M..d_91_9_groupi    36     0.304    119.022    119.326 
  GEN[15].U_..d_91_9_groupi    44     0.303    142.768    143.072 
  GEN[13].U_..d_91_9_groupi    67     0.302    113.592    113.894 
  GEN[2].U_M..d_91_9_groupi    44     0.297    149.325    149.622 
  GEN[4].U_M..d_91_9_groupi    44     0.294    147.393    147.687 
  GEN[14].U_..d_91_9_groupi    38     0.293    119.358    119.652 
  GEN[0].U_M..S6_7_add_64_8    34     0.293    180.003    180.297 
  GEN[2].U_M..d_91_9_groupi    44     0.292    145.764    146.057 
  GEN[14].U_.._64_12_groupi    37     0.288    222.403    222.691 
  GEN[11].U_..d_91_9_groupi    67     0.286    111.717    112.004 
  GEN[4].U_M..d_91_9_groupi    66     0.286    114.593    114.879 
  GEN[6].U_M..S3_7_add_64_8    38     0.285    175.649    175.935 
  GEN[6].U_M..d_91_9_groupi    66     0.285    118.418    118.703 
  GEN[4].U_M..S3_7_add_64_8    38     0.285    169.359    169.644 
  GEN[14].U_..d_91_9_groupi    46     0.285    144.533    144.818 
  GEN[15].U_.._64_12_groupi    41     0.285    228.612    228.897 
  GEN[1].U_M..d_91_9_groupi    63     0.284    115.392    115.677 
  GEN[14].U_..d_91_9_groupi    35     0.284    128.910    129.194 
  GEN[15].U_..d_91_9_groupi    35     0.284    123.606    123.890 
  GEN[15].U_..d_91_9_groupi    38     0.282    152.961    153.244 
  GEN[6].U_M..d_91_9_groupi    38     0.282    147.771    148.053 
  GEN[14].U_.._64_12_groupi    41     0.281    227.359    227.640 
  GEN[4].U_M..d_91_9_groupi    33     0.277    145.578    145.856 
  GEN[2].U_M..d_91_9_groupi    38     0.276    124.761    125.038 
  GEN[12].U_..d_91_9_groupi    42     0.276    141.965    142.241 
  GEN[6].U_M..d_91_9_groupi    44     0.274    152.943    153.217 
  GEN[5].U_M..d_91_9_groupi    42     0.274    138.770    139.043 
  GEN[0].U_M..13_7_add_64_8    29     0.273    156.382    156.655 
  GEN[2].U_M..13_7_add_64_8    29     0.272    165.092    165.364 
  GEN[15].U_..d_91_9_groupi    44     0.272    144.761    145.033 
  GEN[1].U_M..d_91_9_groupi    39     0.272    153.268    153.540 
  GEN[0].U_M..d_91_9_groupi    44     0.272    141.517    141.788 
  GEN[0].U_M..12_7_add_64_8    37     0.271    177.566    177.838 
  GEN[1].U_M..d_91_9_groupi    38     0.271    151.470    151.741 
  GEN[10].U_..d_91_9_groupi    42     0.270    139.836    140.106 
  GEN[4].U_M..d_91_9_groupi    44     0.269    140.430    140.699 
  GEN[3].U_M..d_91_9_groupi    67     0.269    108.097    108.366 
  GEN[2].U_M..d_91_9_groupi    36     0.269    136.831    137.100 
  GEN[15].U_..d_91_9_groupi    33     0.266    140.863    141.129 
  GEN[6].U_M..d_91_9_groupi    38     0.266    130.197    130.463 
  GEN[3].U_M..d_91_9_groupi    42     0.262    142.795    143.058 
  GEN[0].U_M..d_91_9_groupi    38     0.261    134.405    134.667 
  GEN[6].U_M..13_7_add_64_8    35     0.260    162.619    162.879 
  GEN[4].U_M..13_7_add_64_8    35     0.259    156.865    157.124 
  GEN[0].U_M..d_91_9_groupi    38     0.259    157.015    157.274 
  GEN[2].U_M..12_7_add_64_8    36     0.258    161.399    161.658 
  GEN[4].U_M..d_91_9_groupi    38     0.257    111.735    111.991 
  GEN[15].U_..d_91_9_groupi    38     0.256    120.678    120.934 
  GEN[6].U_M..d_91_9_groupi    34     0.256    159.106    159.362 
  GEN[4].U_M..d_91_9_groupi    34     0.256    165.072    165.328 
  GEN[0].U_M..d_91_9_groupi    39     0.255    155.395    155.650 
  GEN[6].U_M..d_91_9_groupi    36     0.250    145.909    146.159 
  GEN[15].U_.._64_12_groupi    38     0.249    201.162    201.411 
  GEN[1].U_M..d_91_9_groupi    37     0.246    163.094    163.340 
  GEN[0].U_M..S3_7_add_64_8    32     0.245    157.807    158.053 
  GEN[2].U_M..S3_7_add_64_8    32     0.244    153.810    154.054 
  GEN[14].U_..S6_7_add_64_8    32     0.242    151.350    151.592 
  GEN[15].U_..S6_7_add_64_8    32     0.241    157.388    157.629 
  GEN[15].U_..10_7_add_64_8    32     0.241    157.142    157.383 
  GEN[14].U_..10_7_add_64_8    32     0.241    154.359    154.600 
  GEN[0].U_M..S2_7_add_64_8    29     0.238    144.991    145.229 
  GEN[0].U_M..14_7_add_64_8    29     0.238    140.902    141.140 
  GEN[2].U_M..14_7_add_64_8    29     0.237    145.054    145.292 
  GEN[2].U_M..S2_7_add_64_8    29     0.237    136.549    136.786 
  GEN[4].U_M..d_91_9_groupi    41     0.236     77.734     77.970 
  GEN[4].U_M..12_7_add_64_8    31     0.235    150.932    151.167 
  GEN[2].U_M..d_91_9_groupi    41     0.234     80.982     81.216 
  GEN[6].U_M..12_7_add_64_8    31     0.234    151.116    151.350 
  GEN[2].U_M..S6_7_add_64_8    29     0.233    150.096    150.330 
  GEN[0].U_M..d_91_9_groupi    41     0.232     86.381     86.613 
  GEN[6].U_M..S9_7_add_64_8    26     0.229    156.922    157.152 
  GEN[2].U_M..d_91_9_groupi    41     0.229     85.183     85.412 
  GEN[4].U_M..S9_7_add_64_8    26     0.228    147.278    147.506 
  GEN[0].U_M..10_7_add_64_8    29     0.228    152.586    152.814 
  GEN[2].U_M..10_7_add_64_8    29     0.227    148.544    148.771 
  GEN[14].U_..d_91_9_groupi    41     0.227     75.814     76.041 
  GEN[14].U_..d_91_9_groupi    41     0.227     80.085     80.312 
  GEN[15].U_..d_91_9_groupi    41     0.227     79.769     79.997 
  GEN[14].U_..S3_7_add_64_8    32     0.227    152.205    152.432 
  GEN[15].U_..S3_7_add_64_8    32     0.227    152.038    152.264 
  GEN[6].U_M..d_91_9_groupi    41     0.224     82.724     82.948 
  GEN[4].U_M..d_91_9_groupi    41     0.224     84.933     85.157 
  GEN[0].U_M..d_91_9_groupi    41     0.220     90.101     90.321 
  GEN[15].U_..d_91_9_groupi    41     0.219     81.623     81.842 
  GEN[12].U_..d_91_9_groupi    34     0.217    138.589    138.806 
  GEN[0].U_M..d_91_9_groupi    34     0.216    146.267    146.483 
  GEN[2].U_M..d_91_9_groupi    34     0.216    139.687    139.903 
  GEN[11].U_..d_91_9_groupi    37     0.215    138.790    139.005 
  GEN[6].U_M..d_91_9_groupi    41     0.215     77.576     77.791 
  GEN[10].U_..d_91_9_groupi    37     0.214    145.658    145.872 
  GEN[5].U_M..d_91_9_groupi    37     0.210    137.337    137.547 
  GEN[13].U_..d_91_9_groupi    37     0.210    136.838    137.048 
  GEN[14].U_..d_91_9_groupi    37     0.210    138.579    138.789 
  GEN[3].U_M..d_91_9_groupi    37     0.210    141.442    141.651 
  GEN[14].U_..12_7_add_64_8    30     0.210    147.867    148.077 
  GEN[15].U_..d_91_9_groupi    37     0.210    133.467    133.677 
  GEN[0].U_M.._64_12_groupi    30     0.210    174.763    174.972 
  GEN[15].U_..12_7_add_64_8    30     0.209    142.183    142.393 
  GEN[2].U_M.._64_12_groupi    30     0.209    170.615    170.824 
  GEN[8].U_M..d_91_9_groupi    34     0.209    134.737    134.946 
  GEN[9].U_M..d_91_9_groupi    34     0.209    136.851    137.060 
  GEN[7].U_M..d_91_9_groupi    34     0.206    133.199    133.405 
  GEN[6].U_M.._64_12_groupi    30     0.200    172.709    172.909 
  GEN[4].U_M.._64_12_groupi    30     0.199    163.867    164.066 
  GEN[4].U_M..d_91_9_groupi    30     0.198    106.431    106.629 
  GEN[0].U_M..d_91_9_groupi    30     0.197    116.847    117.044 
  GEN[6].U_M..S2_7_add_64_8    27     0.197    128.287    128.484 
  GEN[6].U_M..14_7_add_64_8    27     0.196    124.402    124.598 
  GEN[0].U_M..S7_7_add_64_8    28     0.196    139.220    139.415 
  GEN[4].U_M..S2_7_add_64_8    27     0.196    127.095    127.290 
  GEN[2].U_M..S7_7_add_64_8    28     0.196    134.432    134.627 
  GEN[15].U_..13_7_add_64_8    30     0.195    130.356    130.551 
  GEN[4].U_M..14_7_add_64_8    27     0.195    124.109    124.304 
  GEN[14].U_..13_7_add_64_8    30     0.195    123.183    123.377 
  GEN[15].U_..d_91_9_groupi    30     0.194    105.325    105.519 
  GEN[14].U_..d_91_9_groupi    30     0.194    100.549    100.743 
  GEN[6].U_M..d_91_9_groupi    30     0.189    102.591    102.780 
  GEN[2].U_M..d_91_9_groupi    30     0.189     99.806     99.995 
  GEN[4].U_M..S7_7_add_64_8    28     0.187    137.443    137.631 
  GEN[6].U_M..S7_7_add_64_8    28     0.186    133.064    133.250 
  GEN[1].U_M..d_91_9_groupi    27     0.185    112.478    112.663 
  GEN[14].U_.._64_12_groupi    31     0.185    164.743    164.928 
  GEN[15].U_.._64_12_groupi    31     0.184    159.685    159.869 
  GEN[2].U_M..d_91_9_groupi    27     0.182    107.195    107.376 
  GEN[0].U_M..d_91_9_groupi    27     0.181    113.399    113.580 
  GEN[15].U_..S2_7_add_64_8    30     0.179    122.387    122.566 
  GEN[14].U_..S2_7_add_64_8    30     0.179    124.315    124.494 
  GEN[12].U_..d_91_9_groupi    27     0.177    106.566    106.743 
  GEN[9].U_M..d_91_9_groupi    27     0.177    113.686    113.863 
  GEN[8].U_M..d_91_9_groupi    27     0.177    109.457    109.634 
  GEN[13].U_..d_91_9_groupi    27     0.177    116.607    116.783 
  GEN[7].U_M..d_91_9_groupi    27     0.177     99.697     99.873 
  GEN[0].U_M..S9_7_add_64_8    24     0.177    124.226    124.403 
  GEN[2].U_M..S9_7_add_64_8    24     0.177    122.639    122.816 
  GEN[2].U_M..d_91_9_groupi    27     0.176    109.728    109.904 
  GEN[0].U_M..S1_6_add_64_8    26     0.176    106.485    106.662 
  GEN[1].U_M..d_91_9_groupi    27     0.176    114.916    115.092 
  GEN[15].U_..S9_7_add_64_8    28     0.175    131.842    132.017 
  GEN[14].U_..S9_7_add_64_8    28     0.175    128.663    128.838 
  GEN[14].U_..S7_7_add_64_8    25     0.174    117.220    117.394 
  GEN[15].U_..14_7_add_64_8    27     0.174    119.903    120.076 
  GEN[15].U_..S7_7_add_64_8    25     0.173    122.161    122.335 
  GEN[0].U_M..S_25_add_64_8    19     0.173    109.296    109.469 
  GEN[14].U_..d_91_9_groupi    30     0.173     86.296     86.469 
  GEN[14].U_..14_7_add_64_8    27     0.173    117.016    117.189 
  GEN[2].U_M..S_25_add_64_8    19     0.173    109.393    109.566 
  GEN[0].U_M..d_91_9_groupi    29     0.173     90.256     90.428 
  GEN[11].U_..d_91_9_groupi    27     0.173    104.100    104.273 
  GEN[10].U_..d_91_9_groupi    27     0.172    105.757    105.929 
  GEN[5].U_M..d_91_9_groupi    27     0.172    108.225    108.397 
  GEN[4].U_M..d_91_9_groupi    27     0.172    105.622    105.794 
  GEN[15].U_..d_91_9_groupi    27     0.172    106.809    106.981 
  GEN[13].U_..d_91_9_groupi    27     0.172    111.512    111.684 
  GEN[12].U_..d_91_9_groupi    27     0.172    107.203    107.375 
  GEN[6].U_M..d_91_9_groupi    27     0.172    101.164    101.336 
  GEN[14].U_..d_91_9_groupi    27     0.172    111.787    111.959 
  GEN[15].U_..d_91_9_groupi    29     0.169     89.616     89.785 
  GEN[4].U_M..d_91_9_groupi    29     0.168     98.255     98.423 
  GEN[0].U_M.._S95_add_64_8    19     0.168    104.897    105.064 
  GEN[11].U_..d_91_9_groupi    27     0.168    101.824    101.992 
  GEN[2].U_M.._S95_add_64_8    19     0.167    102.218    102.385 
  GEN[14].U_..d_91_9_groupi    27     0.167    111.929    112.096 
  GEN[14].U_..d_91_9_groupi    29     0.164     88.897     89.062 
  GEN[6].U_M..d_91_9_groupi    29     0.164     92.996     93.161 
  GEN[3].U_M..d_91_9_groupi    27     0.164    106.939    107.102 
  GEN[4].U_M..d_91_9_groupi    27     0.163    103.378    103.541 
  GEN[3].U_M..d_91_9_groupi    27     0.163    106.105    106.268 
  GEN[8].U_M..d_91_9_groupi    27     0.163    102.740    102.903 
  GEN[10].U_..d_91_9_groupi    27     0.163    102.639    102.802 
  GEN[4].U_M..d_91_9_groupi    28     0.163     77.086     77.249 
  GEN[9].U_M..d_91_9_groupi    27     0.163    109.373    109.536 
  GEN[0].U_M..d_91_9_groupi    27     0.163    111.407    111.570 
  GEN[6].U_M..15_6_add_64_8    26     0.161    100.893    101.055 
  GEN[6].U_M..S1_6_add_64_8    26     0.161     96.431     96.592 
  GEN[2].U_M..d_91_9_groupi    28     0.161     77.434     77.595 
  GEN[4].U_M..d_91_9_groupi    29     0.161     82.130     82.291 
  GEN[4].U_M..15_6_add_64_8    26     0.161     94.522     94.683 
  GEN[6].U_M..d_91_9_groupi    29     0.161     91.610     91.771 
  GEN[4].U_M..S1_6_add_64_8    26     0.160     95.359     95.519 
  GEN[2].U_M..d_91_9_groupi    29     0.159     86.292     86.452 
  GEN[5].U_M..d_91_9_groupi    27     0.158    101.421    101.579 
  GEN[15].U_..d_91_9_groupi    27     0.158    108.626    108.784 
  GEN[7].U_M..d_91_9_groupi    27     0.158     95.535     95.694 
  GEN[6].U_M..d_91_9_groupi    27     0.158     97.272     97.430 
  GEN[14].U_..d_91_9_groupi    28     0.158     77.500     77.658 
  GEN[6].U_M..d_91_9_groupi    28     0.158     83.761     83.919 
  GEN[0].U_M..11_7_add_64_8    23     0.157    110.220    110.378 
  GEN[2].U_M..11_7_add_64_8    23     0.157    107.428    107.585 
  GEN[4].U_M..11_7_add_64_8    25     0.156    108.822    108.978 
  GEN[6].U_M..11_7_add_64_8    25     0.156    110.406    110.561 
  GEN[15].U_..d_91_9_groupi    28     0.153     79.247     79.401 
  GEN[0].U_M..d_91_9_groupi    29     0.152     87.277     87.429 
  GEN[2].U_M..d_91_9_groupi    29     0.152     80.497     80.648 
  GEN[15].U_..d_91_9_groupi    29     0.152     83.670     83.822 
  GEN[15].U_..11_7_add_64_8    25     0.150    117.963    118.114 
  GEN[14].U_..11_7_add_64_8    25     0.150    112.698    112.848 
  GEN[10].U_..S_25_add_64_8    28     0.149    103.105    103.254 
  GEN[0].U_M..d_91_9_groupi    28     0.149     82.375     82.524 
  GEN[13].U_.._S95_add_64_8    19     0.148     95.342     95.490 
  GEN[12].U_..S_25_add_64_8    28     0.144    104.872    105.017 
  GEN[9].U_M..S_25_add_64_8    28     0.144     99.217     99.361 
  GEN[0].U_M..15_6_add_64_8    26     0.144     91.209     91.353 
  GEN[8].U_M..S_25_add_64_8    28     0.144    100.136    100.280 
  GEN[8].U_M.._S95_add_64_8    26     0.144     98.565     98.709 
  GEN[2].U_M..15_6_add_64_8    26     0.143     86.922     87.065 
  GEN[9].U_M.._S95_add_64_8    26     0.143     95.386     95.529 
  GEN[2].U_M..S1_6_add_64_8    26     0.143     88.419     88.562 
  GEN[10].U_.._S95_add_64_8    26     0.143     98.826     98.969 
  GEN[2].U_M..U_S4_add_91_9    19     0.142     75.141     75.284 
  GEN[5].U_M..S_15_add_64_8    26     0.142     93.530     93.672 
  GEN[1].U_M..S_15_add_64_8    28     0.141     98.537     98.678 
  GEN[7].U_M..U_S4_add_91_9    24     0.141     71.164     71.304 
  GEN[8].U_M..U_S4_add_91_9    24     0.140     71.928     72.069 
  GEN[15].U_..15_6_add_64_8    26     0.140     90.742     90.882 
  GEN[14].U_..S1_6_add_64_8    26     0.140     88.419     88.558 
  GEN[1].U_M..U_S4_add_91_9    24     0.140     78.747     78.887 
  GEN[1].U_M.._S85_add_64_8    28     0.140     96.321     96.461 
  GEN[15].U_..S1_6_add_64_8    26     0.139     84.366     84.505 
  GEN[6].U_M..U_S4_add_91_9    21     0.139     70.982     71.121 
  GEN[4].U_M..U_S4_add_91_9    21     0.139     71.503     71.642 
  GEN[12].U_.._S95_add_64_8    26     0.139     95.681     95.820 
  GEN[14].U_..15_6_add_64_8    26     0.139     89.946     90.085 
  GEN[5].U_M.._S85_add_64_8    28     0.138     94.492     94.630 
  GEN[0].U_M..U_S4_add_91_9    21     0.138     76.240     76.378 
  GEN[11].U_.._S14_add_91_9    24     0.138     85.054     85.192 
  GEN[3].U_M..U_S4_add_91_9    21     0.136     74.619     74.755 
  GEN[3].U_M..S_25_add_64_8    19     0.136     92.564     92.700 
  GEN[3].U_M.._S14_add_91_9    24     0.135     85.219     85.355 
  GEN[5].U_M..U_S4_add_91_9    24     0.135     73.534     73.669 
  GEN[10].U_..U_S4_add_91_9    24     0.135     71.957     72.092 
  GEN[2].U_M.._S14_add_91_9    21     0.135     83.319     83.454 
  GEN[9].U_M..U_S4_add_91_9    24     0.135     71.888     72.022 
  GEN[1].U_M..S_25_add_64_8    19     0.133     91.511     91.644 
  GEN[7].U_M..S_25_add_64_8    19     0.133     88.456     88.589 
  GEN[11].U_..S_25_add_64_8    19     0.133     89.460     89.593 
  GEN[8].U_M.._S14_add_91_9    24     0.132     85.424     85.557 
  GEN[7].U_M.._S14_add_91_9    21     0.132     77.958     78.090 
  GEN[15].U_..S_44_add_64_8    20     0.132     79.069     79.201 
  GEN[1].U_M..S_35_add_64_8    20     0.132     80.590     80.722 
  GEN[14].U_..S_44_add_64_8    20     0.131     77.462     77.593 
  GEN[11].U_..U_S4_add_91_9    24     0.130     74.494     74.625 
  GEN[14].U_..U_S4_add_91_9    21     0.130     71.348     71.479 
  GEN[15].U_..U_S4_add_91_9    22     0.130     70.064     70.194 
  GEN[12].U_..S_35_add_64_8    20     0.129     78.045     78.175 
  GEN[13].U_..S_35_add_64_8    20     0.129     79.836     79.965 
  GEN[6].U_M..S_35_add_64_8    20     0.129     77.790     77.919 
  GEN[2].U_M..S_35_add_64_8    20     0.129     78.688     78.817 
  GEN[0].U_M..S_35_add_64_8    20     0.129     81.495     81.624 
  GEN[9].U_M.._S14_add_91_9    21     0.129     80.534     80.662 
  GEN[0].U_M.._S14_add_91_9    21     0.129     82.005     82.134 
  GEN[4].U_M.._S14_add_91_9    21     0.129     78.901     79.029 
  GEN[4].U_M..S_35_add_64_8    20     0.129     72.853     72.981 
  GEN[0].U_M..S_44_add_64_8    21     0.128     80.340     80.468 
  GEN[6].U_M.._S14_add_91_9    21     0.128     79.938     80.066 
  GEN[14].U_..S_25_add_64_8    21     0.128     91.885     92.013 
  GEN[13].U_..S_25_add_64_8    21     0.128     92.711     92.839 
  GEN[2].U_M..S_44_add_64_8    21     0.128     80.987     81.115 
  GEN[4].U_M..S_25_add_64_8    21     0.128     89.077     89.205 
  GEN[6].U_M..S_25_add_64_8    21     0.128     89.767     89.894 
  GEN[13].U_..U_S4_add_91_9    22     0.127     72.746     72.873 
  GEN[15].U_..S_25_add_64_8    21     0.127     89.908     90.036 
  GEN[1].U_M.._S95_add_64_8    19     0.127     85.923     86.050 
  GEN[14].U_.._S95_add_64_8    19     0.127     86.122     86.249 
  GEN[3].U_M..S_15_add_64_8    23     0.127     85.853     85.980 
  GEN[15].U_.._S95_add_64_8    19     0.127     86.100     86.227 
  GEN[5].U_M.._S14_add_91_9    24     0.127     80.453     80.580 
  GEN[3].U_M.._S85_add_64_8    23     0.126     87.048     87.175 
  GEN[0].U_M.._S85_add_64_8    23     0.126     89.662     89.788 
  GEN[2].U_M.._S85_add_64_8    23     0.126     92.232     92.358 
  GEN[0].U_M..S_15_add_64_8    23     0.126     88.776     88.902 
  GEN[2].U_M..S_15_add_64_8    23     0.126     87.128     87.254 
  GEN[10].U_.._S14_add_91_9    24     0.126     78.712     78.838 
  GEN[3].U_M..S_35_add_64_8    19     0.126     78.041     78.167 
  GEN[15].U_.._S14_add_91_9    21     0.125     82.158     82.284 
  GEN[3].U_M.._S95_add_64_8    19     0.125     84.946     85.071 
  GEN[4].U_M.._S85_add_64_8    21     0.125     86.438     86.563 
  GEN[13].U_.._S14_add_91_9    21     0.125     76.905     77.030 
  GEN[12].U_.._S14_add_91_9    21     0.125     78.817     78.942 
  GEN[6].U_M.._S85_add_64_8    21     0.125     83.292     83.416 
  GEN[10].U_..S_35_add_64_8    20     0.125     78.272     78.396 
  GEN[14].U_.._S14_add_91_9    21     0.125     79.600     79.725 
  GEN[12].U_..U_S4_add_91_9    24     0.124     67.310     67.435 
  GEN[13].U_..S_44_add_64_8    21     0.124     74.952     75.077 
  GEN[3].U_M..S_44_add_64_8    21     0.124     72.125     72.248 
  GEN[5].U_M..S_25_add_64_8    21     0.124     87.483     87.606 
  GEN[4].U_M.._S95_add_64_8    19     0.123     85.415     85.538 
  GEN[6].U_M.._S95_add_64_8    19     0.123     81.957     82.080 
  GEN[7].U_M.._S95_add_64_8    19     0.122     80.701     80.823 
  GEN[5].U_M.._S95_add_64_8    19     0.122     81.326     81.449 
  GEN[1].U_M.._S14_add_91_9    21     0.122     79.292     79.414 
  GEN[11].U_..S_35_add_64_8    20     0.122     75.385     75.507 
  GEN[10].U_..S_44_add_64_8    21     0.122     75.115     75.237 
  GEN[6].U_M..S_44_add_64_8    21     0.122     71.425     71.547 
  GEN[12].U_.._S85_add_64_8    21     0.122     86.041     86.162 
  GEN[12].U_..S_15_add_64_8    21     0.122     83.416     83.537 
  GEN[11].U_..S_15_add_64_8    23     0.122     84.443     84.565 
  GEN[6].U_M..S_15_add_64_8    23     0.121     84.388     84.509 
  GEN[4].U_M..S_15_add_64_8    23     0.121     86.194     86.316 
  GEN[11].U_.._S85_add_64_8    23     0.121     87.031     87.152 
  GEN[8].U_M.._S85_add_64_8    23     0.121     84.550     84.671 
  GEN[4].U_M..S_44_add_64_8    21     0.121     74.256     74.377 
  GEN[8].U_M..S_15_add_64_8    23     0.121     80.924     81.046 
  GEN[11].U_..S_44_add_64_8    21     0.121     75.000     75.121 
  GEN[7].U_M..S_15_add_64_8    23     0.121     83.819     83.940 
  GEN[7].U_M..S_44_add_64_8    21     0.121     76.123     76.244 
  GEN[12].U_..S_44_add_64_8    21     0.121     73.079     73.199 
  GEN[1].U_M..S_44_add_64_8    21     0.121     77.192     77.313 
  GEN[8].U_M..S_44_add_64_8    21     0.121     76.507     76.628 
  GEN[9].U_M..S_44_add_64_8    21     0.121     76.486     76.607 
  GEN[9].U_M.._S85_add_64_8    23     0.121     82.122     82.243 
  GEN[9].U_M..S_15_add_64_8    23     0.120     80.817     80.937 
  GEN[7].U_M.._S85_add_64_8    23     0.120     83.395     83.515 
  GEN[5].U_M..S_44_add_64_8    21     0.120     73.715     73.835 
  GEN[10].U_..S_15_add_64_8    23     0.119     81.979     82.098 
  GEN[13].U_.._S85_add_64_8    23     0.118     87.224     87.343 
  GEN[10].U_.._S85_add_64_8    23     0.118     82.679     82.797 
  GEN[13].U_..S_15_add_64_8    23     0.118     84.540     84.659 
  GEN[11].U_.._S95_add_64_8    19     0.118     79.261     79.379 
  GEN[14].U_..S_35_add_64_8    18     0.117     74.890     75.008 
  GEN[7].U_M..S_35_add_64_8    20     0.117     74.351     74.468 
  GEN[8].U_M..S_35_add_64_8    20     0.117     73.423     73.540 
  GEN[5].U_M..S_35_add_64_8    20     0.117     71.568     71.685 
  GEN[9].U_M..S_35_add_64_8    20     0.117     74.879     74.995 
  GEN[15].U_..S_35_add_64_8    18     0.117     76.631     76.748 
  GEN[14].U_.._S85_add_64_8    21     0.115     84.341     84.455 
  GEN[15].U_..S_15_add_64_8    21     0.115     82.897     83.012 
  GEN[14].U_..S_15_add_64_8    21     0.114     82.784     82.898 
  GEN[15].U_.._S85_add_64_8    21     0.114     84.755     84.869 

