============================================================
  Generated by:           Genus(TM) Synthesis Solution 17.10-p007_1
  Generated on:           Nov 22 2020  11:23:13 pm
  Module:                 top_level
  Technology libraries:   CORE65LPSVT 
                          CLOCK65LPSVT 
                          physical_cells 
  Operating conditions:   _nominal_ 
  Interconnect mode:      global
  Area mode:              physical library
============================================================

                  Pin                               Type          Fanout  Load Slew Delay Arrival   
                                                                          (fF) (ps)  (ps)   (ps)    
----------------------------------------------------------------------------------------------------
(clock clock_name)                             launch                                           0 R 
GEN[11].U_MULTIi_array_sharp_reg[7][3]/CP                                         0             0 R 
GEN[11].U_MULTIi_array_sharp_reg[7][3]/QN      HS65_LS_SDFPRQNX4       1  12.6   77  +188     188 F 
g52894/A                                                                               +0     188   
g52894/Z                                       HS65_LS_IVX35          63 362.4  302  +208     396 R 
GEN[12].U_MULTIi_SHRP/in_sharp[6][3] 
  csa_tree_U_S1_4_add_64_8_groupi/in_2[4] 
    g823/A                                                                             +0     396   
    g823/Z                                     HS65_LS_PAO2X9          1  11.6   58  +210     606 R 
    g808/A0                                                                            +0     606   
    g808/S0                                    HS65_LS_FA1X18          2   8.8   35  +159     766 F 
    g413/B                                                                             +0     766   
    g413/Z                                     HS65_LS_NOR2X6          3  13.7  107   +81     847 R 
    g400/A                                                                             +0     847   
    g400/Z                                     HS65_LS_OR2X18          1   8.8   26   +91     937 R 
    g390/A                                                                             +0     938   
    g390/Z                                     HS65_LS_NOR2X19         2  15.3   31   +32     969 F 
    g386/B                                                                             +0     969   
    g386/Z                                     HS65_LS_NOR2X19         2  11.5   42   +38    1007 R 
    g384/B                                                                             +0    1007   
    g384/Z                                     HS65_LS_XNOR2X9         1   7.8   40  +102    1109 F 
  csa_tree_U_S1_4_add_64_8_groupi/out_0[6] 
  csa_tree_U_S1_5_add_64_8_groupi/in_0[6] 
    g417/A0                                                                            +0    1109   
    g417/S0                                    HS65_LS_FA1X9           2   8.8   50  +188    1297 R 
    g501/B                                                                             +0    1297   
    g501/Z                                     HS65_LS_NAND2X7         3  10.0   60   +64    1361 F 
    g485/A                                                                             +0    1361   
    g485/Z                                     HS65_LS_NOR2AX3         1   6.2   62   +99    1460 F 
    g460/B                                                                             +0    1460   
    g460/Z                                     HS65_LSS_XNOR2X6        1  11.8   77  +106    1566 F 
  csa_tree_U_S1_5_add_64_8_groupi/out_0[6] 
  U_S1_6_add_64_8/A[6] 
    g307/B                                                                             +0    1566   
    g307/Z                                     HS65_LS_PAOI2X11        2   9.9   66   +75    1641 R 
    g305/B                                                                             +0    1641   
    g305/Z                                     HS65_LS_OAI12X6         1   7.8   59   +64    1705 F 
    g304/A0                                                                            +0    1705   
    g304/CO                                    HS65_LS_FA1X9           1   7.8   43  +131    1837 F 
    g303/A0                                                                            +0    1837   
    g303/CO                                    HS65_LS_FA1X9           1   7.8   44  +125    1961 F 
    g302/A0                                                                            +0    1962   
    g302/CO                                    HS65_LS_FA1X9           1   7.8   44  +125    2086 F 
    g301/A0                                                                            +0    2086   
    g301/CO                                    HS65_LS_FA1X9           1   7.8   44  +125    2211 F 
    g300/A0                                                                            +0    2211   
    g300/CO                                    HS65_LS_FA1X9           1   6.6   42  +121    2332 F 
    g299/A0                                                                            +0    2333   
    g299/CO                                    HS65_LS_FA1X4           1   6.5   64  +156    2489 F 
    g298/CI                                                                            +0    2489   
    g298/CO                                    HS65_LS_FA1X9           2  11.7   54  +139    2628 F 
    g296/A                                                                             +0    2628   
    g296/Z                                     HS65_LS_PAOI2X6         1   6.6   82   +74    2702 R 
    g295/A0                                                                            +0    2702   
    g295/S0                                    HS65_LS_FA1X4           1   5.0   55  +234    2936 R 
    g294/A                                                                             +0    2936   
    g294/Z                                     HS65_LS_IVX9            2   6.4   30   +42    2978 F 
  U_S1_6_add_64_8/Z[16] 
GEN[12].U_MULTIi_SHRP/f0[9] 
g52305/D0                                                                              +0    2978   
g52305/Z                                       HS65_LS_MUX21X4         1   3.8   46  +105    3084 F 
GEN[12].U_MULTIi_out_multi_reg[0][11]/D   <<<  HS65_LS_DFPRQX4                         +0    3084   
GEN[12].U_MULTIi_out_multi_reg[0][11]/CP       setup                              0  +116    3200 R 
- - - - - - - - - - - - - - - - - - - - - - - - - - - - - - - - - - - - - - - - - - - - - - - - - - 
(clock clock_name)                             capture                                       3300 R 
                                               adjustments                           -100    3200   
----------------------------------------------------------------------------------------------------
Exception    : 'path_adjusts/folga' path adjust    -100ps
Timing slack :       0ps 
Start-point  : GEN[11].U_MULTIi_array_sharp_reg[7][3]/CP
End-point    : GEN[12].U_MULTIi_out_multi_reg[0][11]/D
