============================================================
  Generated by:           Genus(TM) Synthesis Solution 17.10-p007_1
  Generated on:           Feb 21 2020  01:39:53 pm
  Module:                 filter_regular
  Technology libraries:   CORE65LPSVT 
                          CLOCK65LPSVT 
                          physical_cells 
  Operating conditions:   _nominal_ 
  Interconnect mode:      global
  Area mode:              physical library
============================================================

                                           Leakage   Internal  
       Gate        Instances     Area    Power (uW) Power (uW)     Library    
------------------------------------------------------------------------------
HS65_LSS_XNOR2X6        1347    5603.520      9.035    266.665    CORE65LPSVT 
HS65_LSS_XNOR3X2          66     549.120      0.301     12.435    CORE65LPSVT 
HS65_LSS_XOR2X6         1283    5337.280      7.426    354.268    CORE65LPSVT 
HS65_LSS_XOR3X2          625    4875.000      3.413    111.662    CORE65LPSVT 
HS65_LS_AND2ABX27         23     131.560      0.313     17.602    CORE65LPSVT 
HS65_LS_AND2ABX35         10      62.400      0.190     10.535    CORE65LPSVT 
HS65_LS_AND2ABX9          67     243.880      0.316     11.796    CORE65LPSVT 
HS65_LS_AND2X18           32     116.480      0.257      7.921    CORE65LPSVT 
HS65_LS_AND2X4           446    1159.600      1.057     37.755    CORE65LPSVT 
HS65_LS_AO112X9          102     424.320      0.463     17.085    CORE65LPSVT 
HS65_LS_AO12X18           33     137.280      0.355     17.026    CORE65LPSVT 
HS65_LS_AO12X9           597    2173.080      2.764    122.761    CORE65LPSVT 
HS65_LS_AO31X9             3      12.480      0.012      0.399    CORE65LPSVT 
HS65_LS_AO32X4           364    1703.520      0.832     76.887    CORE65LPSVT 
HS65_LS_AOI112X4           3      10.920      0.011      0.316    CORE65LPSVT 
HS65_LS_AOI12X2          541    1406.600      0.813     27.922    CORE65LPSVT 
HS65_LS_AOI211X4           3      10.920      0.009      0.214    CORE65LPSVT 
HS65_LS_AOI212X4          29     120.640      0.116     11.964    CORE65LPSVT 
HS65_LS_AOI21X2           28      72.800      0.029      1.625    CORE65LPSVT 
HS65_LS_AOI22X6           96     349.440      0.283     22.203    CORE65LPSVT 
HS65_LS_AOI312X4          30     156.000      0.151      2.979    CORE65LPSVT 
HS65_LS_BFX142             1      15.600      0.078      1.242    CORE65LPSVT 
HS65_LS_BFX18            257     801.840      2.079     43.972    CORE65LPSVT 
HS65_LS_BFX27             95     345.800      1.202     24.622    CORE65LPSVT 
HS65_LS_BFX44             12      68.640      0.267      4.936    CORE65LPSVT 
HS65_LS_BFX53             66     411.840      1.778     32.143    CORE65LPSVT 
HS65_LS_BFX9               3       6.240      0.011      0.317    CORE65LPSVT 
HS65_LS_CB4I1X9           99     411.840      0.477     13.855    CORE65LPSVT 
HS65_LS_CB4I6X9          342    1422.720      1.585     45.808    CORE65LPSVT 
HS65_LS_CBI4I1X5          99     360.360      0.448     17.398    CORE65LPSVT 
HS65_LS_CBI4I6X5          33     120.120      0.075     10.181    CORE65LPSVT 
HS65_LS_CNIVX7             6       9.360      0.012      0.240    CORE65LPSVT 
HS65_LS_DFPHQX9         5214   54225.600     52.423  15742.121    CORE65LPSVT 
HS65_LS_DFPRQNX9          66     686.400      0.650    106.939    CORE65LPSVT 
HS65_LS_DFPRQX18          20     218.400      0.264     33.790    CORE65LPSVT 
HS65_LS_DFPRQX27          35     418.600      0.582     64.044    CORE65LPSVT 
HS65_LS_DFPRQX35         235    2932.800      4.733    466.181    CORE65LPSVT 
HS65_LS_DFPRQX9           24     249.600      0.240     38.584    CORE65LPSVT 
HS65_LS_FA1X4          23444  219435.840    146.158  15489.213    CORE65LPSVT 
HS65_LS_FA1X9            462    5045.040      5.035    212.821    CORE65LPSVT 
HS65_LS_HA1X4           2533   13171.600     13.227    694.261    CORE65LPSVT 
HS65_LS_HA1X9            231    1441.440      2.212     86.730    CORE65LPSVT 
HS65_LS_IVX18            949    1973.920      5.045     93.018    CORE65LPSVT 
HS65_LS_IVX27            217     677.040      1.981     34.498    CORE65LPSVT 
HS65_LS_IVX35            401    1459.640      4.992     73.794    CORE65LPSVT 
HS65_LS_IVX44              1       4.160      0.016      0.119    CORE65LPSVT 
HS65_LS_IVX53             29     150.800      0.581      5.730    CORE65LPSVT 
HS65_LS_IVX9           12152   18957.120     29.568    795.692    CORE65LPSVT 
HS65_LS_MUX21I1X6         63     262.080      0.401     11.214    CORE65LPSVT 
HS65_LS_MUX21X4           12      49.920      0.059      2.293    CORE65LPSVT 
HS65_LS_NAND2AX7         288     898.560      1.359     35.157    CORE65LPSVT 
HS65_LS_NAND2X7         1706    3548.480      4.195    104.334    CORE65LPSVT 
HS65_LS_NAND3AX6          45     163.800      0.251      4.476    CORE65LPSVT 
HS65_LS_NAND3X5           30      78.000      0.034      0.178    CORE65LPSVT 
HS65_LS_NAND4ABX3         15      54.600      0.063      1.330    CORE65LPSVT 
HS65_LS_NOR2AX3         1001    2602.600      2.497     82.613    CORE65LPSVT 
HS65_LS_NOR2X6          1949    4053.920      5.506    129.370    CORE65LPSVT 
HS65_LS_NOR3X4            33      85.800      0.125      2.161    CORE65LPSVT 
HS65_LS_NOR4ABX2           3      10.920      0.007      0.147    CORE65LPSVT 
HS65_LS_OA112X9           67     278.720      0.373     12.284    CORE65LPSVT 
HS65_LS_OA12X9           195     709.800      0.974     36.847    CORE65LPSVT 
HS65_LS_OAI112X5           7      25.480      0.043      0.823    CORE65LPSVT 
HS65_LS_OAI12X3          802    2085.200      1.644     47.465    CORE65LPSVT 
HS65_LS_OAI21X3          330     858.000      0.681     23.409    CORE65LPSVT 
HS65_LS_OAI22X6           65     236.600      0.258     27.556    CORE65LPSVT 
HS65_LS_OR2X9            747    2330.640      3.537    176.034    CORE65LPSVT 
HS65_LS_PAO2X9          1734    8115.120      7.987    891.243    CORE65LPSVT 
HS65_LS_PAOI2X1          570    2074.800      0.705     35.837    CORE65LPSVT 
HS65_LS_PAOI2X6           18      74.880      0.091      3.419    CORE65LPSVT 
HS65_LS_XNOR2X18          30     202.800      0.657     15.855    CORE65LPSVT 
HS65_LS_XNOR2X4          165     772.200      0.938     35.450    CORE65LPSVT 
HS65_LS_XNOR2X9           77     400.400      0.755     25.296    CORE65LPSVT 
HS65_LS_XOR2X18           42     283.920      0.923     17.847    CORE65LPSVT 
HS65_LS_XOR2X4           324    1516.320      1.930     73.639    CORE65LPSVT 
HS65_LS_XOR2X9           113     587.600      1.114     35.502    CORE65LPSVT 
HS65_LS_XOR3X9           345    3229.200      2.509    123.715    CORE65LPSVT 
------------------------------------------------------------------------------
total                  63530  385269.560    343.481  37219.762                


                                             Leakage  Leakage  Internal  Internal 
     Type      Instances    Area    Area % Power (uW) Power % Power (uW)  Power % 
----------------------------------------------------------------------------------
sequential          5594  58731.400   15.2     58.893    17.1  16451.660     44.2 
inverter           13755  23232.040    6.0     42.195    12.3   1003.090      2.7 
buffer               434   1649.960    0.4      5.416     1.6    107.231      0.3 
logic              43747 301656.160   78.3    236.976    69.0  19657.780     52.8 
physical_cells         0      0.000    0.0      0.000     0.0      0.000      0.0 
----------------------------------------------------------------------------------
total              63530 385269.560  100.0    343.481   100.0  37219.762    100.0 

