============================================================
  Generated by:           Genus(TM) Synthesis Solution 17.10-p007_1
  Generated on:           Mar 03 2020  07:44:17 pm
  Module:                 INTER_4
  Technology libraries:   CORE65LPSVT 
                          CLOCK65LPSVT 
                          physical_cells 
  Operating conditions:   _nominal_ 
  Interconnect mode:      global
  Area mode:              physical library
============================================================

                                       
      Gate        Instances    Area        Library    
------------------------------------------------------
HS65_LSS_XNOR2X6         34    141.440    CORE65LPSVT 
HS65_LSS_XOR2X6         102    424.320    CORE65LPSVT 
HS65_LSS_XOR3X2          51    397.800    CORE65LPSVT 
HS65_LS_AO12X9           68    247.520    CORE65LPSVT 
HS65_LS_AO32X4           34    159.120    CORE65LPSVT 
HS65_LS_CNIVX7           51     79.560    CORE65LPSVT 
HS65_LS_DFPRQX18        165   1801.800    CORE65LPSVT 
HS65_LS_DFPRQX4         510   5304.000    CORE65LPSVT 
HS65_LS_DFPRQX9          35    364.000    CORE65LPSVT 
HS65_LS_FA1X4          2737  25618.320    CORE65LPSVT 
HS65_LS_HA1X4           476   2475.200    CORE65LPSVT 
HS65_LS_IVX18            17     35.360    CORE65LPSVT 
HS65_LS_IVX2              1      1.560    CORE65LPSVT 
HS65_LS_IVX9           1547   2413.320    CORE65LPSVT 
HS65_LS_NAND2X7          17     35.360    CORE65LPSVT 
HS65_LS_NOR2X6           68    141.440    CORE65LPSVT 
HS65_LS_OAI21X3          17     44.200    CORE65LPSVT 
HS65_LS_OR2X9            34    106.080    CORE65LPSVT 
HS65_LS_PAO2X9          153    716.040    CORE65LPSVT 
HS65_LS_PAO3X18          17    114.920    CORE65LPSVT 
HS65_LS_PAOI2X1          34    123.760    CORE65LPSVT 
HS65_LS_XNOR2X4          34    159.120    CORE65LPSVT 
------------------------------------------------------
total                  6202  40904.240                


                                          
     Type      Instances    Area   Area % 
------------------------------------------
sequential           710  7469.800   18.3 
inverter            1616  2529.800    6.2 
logic               3876 30904.640   75.6 
physical_cells         0     0.000    0.0 
------------------------------------------
total               6202 40904.240  100.0 

