============================================================
  Generated by:           Genus(TM) Synthesis Solution 17.10-p007_1
  Generated on:           Jan 27 2020  11:10:18 pm
  Module:                 INTER_6
  Technology libraries:   CORE65LPSVT 
                          CLOCK65LPSVT 
                          physical_cells 
  Operating conditions:   _nominal_ 
  Interconnect mode:      global
  Area mode:              physical library
============================================================

                             Leakage   Dynamic    Total   
       Instance       Cells Power(uW) Power(uW) Power(uW) 
----------------------------------------------------------
INTER_6               25454   228.124 26137.808 26365.932 
  gen_filter[15].U_S0  1440    12.584  1144.703  1157.287 
  gen_filter[1].U_S0   1440    12.565  1225.695  1238.260 
  gen_filter[0].U_S0   1442    12.535  1179.121  1191.656 
  gen_filter[16].U_S0  1440    12.502  1128.173  1140.675 
  gen_filter[2].U_S0   1436    12.485  1229.144  1241.629 
  gen_filter[14].U_S0  1436    12.481  1230.949  1243.429 
  gen_filter[10].U_S0  1436    12.474  1244.794  1257.268 
  gen_filter[9].U_S0   1436    12.474  1243.261  1255.735 
  gen_filter[5].U_S0   1436    12.473  1202.634  1215.107 
  gen_filter[8].U_S0   1436    12.467  1232.650  1245.117 
  gen_filter[3].U_S0   1436    12.466  1215.136  1227.602 
  gen_filter[7].U_S0   1436    12.465  1217.160  1229.624 
  gen_filter[13].U_S0  1436    12.461  1254.082  1266.543 
  gen_filter[4].U_S0   1436    12.459  1216.062  1228.522 
  gen_filter[6].U_S0   1436    12.453  1148.117  1160.571 
  gen_filter[12].U_S0  1436    12.450  1259.178  1271.627 
  gen_filter[11].U_S0  1436    12.449  1240.616  1253.065 

