============================================================
  Generated by:           Genus(TM) Synthesis Solution 17.10-p007_1
  Generated on:           Jan 27 2020  11:10:18 pm
  Module:                 INTER_6
  Technology libraries:   CORE65LPSVT 
                          CLOCK65LPSVT 
                          physical_cells 
  Operating conditions:   _nominal_ 
  Interconnect mode:      global
  Area mode:              physical library
============================================================

                                     Leakage   Internal    Net        Dynamic          Total       
                                                                  (Internal+Net) (Leakage+Dynamic) 
           Instance           Cells Power(uW) Power(uW) Power(uW)    Power(uW)       Power(uW)     
---------------------------------------------------------------------------------------------------
INTER_6                       25454   228.124 13956.204 12181.603      26137.808         26365.932 
  gen_filter[15].U_S0          1440    12.584   537.484   607.219       1144.703          1157.287 
    csa_tree_U.._18_10_groupi   103     1.250    72.777    70.455        143.232           144.482 
    csa_tree_U.._18_10_groupi   104     0.945    84.313    86.028        170.341           171.286 
    csa_tree_U.._18_10_groupi   104     0.943    83.558    84.097        167.655           168.598 
    addinc_U_0_U_S0_add_18_16    77     0.842    12.625    17.687         30.312            31.154 
    addinc_U_5_U_S0_add_18_16    77     0.828     9.821    13.735         23.556            24.384 
    csa_tree_U.._18_10_groupi    60     0.774    35.981    34.105         70.086            70.860 
    csa_tree_U.._18_10_groupi    60     0.770    34.534    32.033         66.567            67.336 
    csa_tree_U.._18_10_groupi    81     0.731    19.237    22.572         41.809            42.540 
    csa_tree_U.._41_16_groupi    93     0.731    67.992    69.989        137.982           138.713 
    addinc_U_4_U_S1_add_18_16    68     0.689    13.843    14.757         28.601            29.290 
    addinc_U_1_U_S1_add_18_16    68     0.685    17.561    19.372         36.933            37.618 
    U_1_U_S0_add_18_10           76     0.628    13.068    19.770         32.838            33.466 
    U_4_U_S0_add_18_10           76     0.620    12.118    18.872         30.990            31.609 
    addinc_U_S2_add_18_16        75     0.332    12.925    22.564         35.489            35.821 
    addinc_U_S22_add_18_16       75     0.330    11.748    20.560         32.308            32.637 
    U_2_U_S1_add_18_10           50     0.289     6.802    10.724         17.526            17.815 
    U_3_U_S1_add_18_10           50     0.285     7.129    11.368         18.498            18.783 
    U_3_U_S0_add_18_10           32     0.236     7.087     8.344         15.431            15.668 
    U_2_U_S0_add_18_10           32     0.235     5.911     6.792         12.703            12.938 
    U_S0_add_41_16                5     0.029     0.607     0.879          1.486             1.514 
    U_S20_add_41_16               5     0.028     0.843     1.252          2.094             2.122 
  gen_filter[1].U_S0           1440    12.565   578.918   646.777       1225.695          1238.260 
    csa_tree_U.._18_10_groupi   103     1.249    85.094    80.983        166.076           167.325 
    csa_tree_U.._18_10_groupi   104     0.943    84.596    85.200        169.796           170.738 
    csa_tree_U.._18_10_groupi   104     0.943    93.759    94.635        188.394           189.337 
    addinc_U_0_U_S0_add_18_16    77     0.824    12.195    17.208         29.403            30.227 
    addinc_U_5_U_S0_add_18_16    77     0.812    13.812    18.687         32.499            33.311 
    csa_tree_U.._18_10_groupi    60     0.773    39.165    37.635         76.801            77.574 
    csa_tree_U.._18_10_groupi    60     0.772    38.777    37.123         75.900            76.672 
    csa_tree_U.._41_16_groupi    93     0.735    73.103    75.813        148.917           149.651 
    csa_tree_U.._18_10_groupi    81     0.732    26.136    29.829         55.964            56.696 
    addinc_U_1_U_S1_add_18_16    68     0.689    12.869    14.647         27.516            28.205 
    addinc_U_4_U_S1_add_18_16    68     0.688    15.844    16.744         32.588            33.276 
    U_4_U_S0_add_18_10           76     0.624    10.674    16.407         27.082            27.705 
    U_1_U_S0_add_18_10           76     0.623     9.980    15.649         25.629            26.252 
    addinc_U_S22_add_18_16       75     0.334    13.032    22.196         35.228            35.562 
    addinc_U_S2_add_18_16        75     0.332    12.347    21.472         33.819            34.151 
    U_3_U_S1_add_18_10           50     0.291     7.947    12.428         20.376            20.667 
    U_2_U_S1_add_18_10           50     0.288     6.652    10.444         17.096            17.383 
    U_2_U_S0_add_18_10           32     0.238     6.233     7.127         13.360            13.598 
    U_3_U_S0_add_18_10           32     0.237     7.597     9.065         16.662            16.899 
    U_S20_add_41_16               5     0.028     0.951     1.278          2.229             2.257 
    U_S0_add_41_16                5     0.028     0.844     1.244          2.088             2.116 
  gen_filter[0].U_S0           1442    12.535   554.716   624.405       1179.121          1191.656 
    csa_tree_U.._18_10_groupi   103     1.249    82.133    78.649        160.782           162.031 
    csa_tree_U.._18_10_groupi   104     0.941    85.805    86.740        172.545           173.486 
    csa_tree_U.._18_10_groupi   104     0.939    85.038    84.072        169.110           170.049 
    addinc_U_5_U_S0_add_18_16    77     0.831    13.111    17.697         30.808            31.639 
    addinc_U_0_U_S0_add_18_16    77     0.822    12.320    17.156         29.476            30.298 
    csa_tree_U.._18_10_groupi    60     0.776    35.937    33.731         69.668            70.443 
    csa_tree_U.._18_10_groupi    60     0.771    38.766    37.134         75.900            76.671 
    csa_tree_U.._41_16_groupi    93     0.733    65.303    67.909        133.212           133.945 
    csa_tree_U.._18_10_groupi    81     0.731    22.706    26.674         49.380            50.112 
    addinc_U_1_U_S1_add_18_16    68     0.692    12.506    13.445         25.951            26.643 
    addinc_U_4_U_S1_add_18_16    68     0.692    17.887    20.153         38.039            38.731 
    U_4_U_S0_add_18_10           76     0.632    14.032    21.734         35.767            36.398 
    U_1_U_S0_add_18_10           76     0.626    11.691    18.616         30.306            30.932 
    addinc_U_S22_add_18_16       75     0.333    13.165    22.479         35.644            35.977 
    addinc_U_S2_add_18_16        75     0.331    12.172    20.964         33.136            33.467 
    U_3_U_S1_add_18_10           50     0.288     6.652    10.444         17.096            17.383 
    U_2_U_S1_add_18_10           50     0.286     6.649    10.326         16.975            17.261 
    U_2_U_S0_add_18_10           32     0.241     5.155     5.739         10.894            11.135 
    U_3_U_S0_add_18_10           32     0.238     6.233     7.193         13.426            13.664 
    U_S20_add_41_16               5     0.028     0.527     0.835          1.362             1.390 
    U_S0_add_41_16                5     0.028     0.689     0.997          1.686             1.714 
  gen_filter[16].U_S0          1440    12.502   532.875   595.298       1128.173          1140.675 
    csa_tree_U.._18_10_groupi   103     1.248    76.299    73.790        150.089           151.337 
    csa_tree_U.._18_10_groupi   104     0.943    84.426    84.432        168.857           169.800 
    csa_tree_U.._18_10_groupi   104     0.940    81.010    81.139        162.149           163.090 
    addinc_U_5_U_S0_add_18_16    77     0.826    12.008    16.593         28.602            29.427 
    addinc_U_0_U_S0_add_18_16    77     0.824    13.956    19.392         33.348            34.173 
    csa_tree_U.._18_10_groupi    60     0.774    37.053    34.778         71.831            72.605 
    csa_tree_U.._18_10_groupi    60     0.771    35.592    33.852         69.443            70.214 
    csa_tree_U.._41_16_groupi    93     0.734    66.207    67.318        133.525           134.259 
    csa_tree_U.._18_10_groupi    81     0.734    24.728    28.611         53.339            54.073 
    addinc_U_4_U_S1_add_18_16    68     0.689    11.162    12.256         23.419            24.108 
    addinc_U_1_U_S1_add_18_16    68     0.685    14.135    15.302         29.437            30.122 
    U_1_U_S0_add_18_10           76     0.630    11.195    17.750         28.945            29.575 
    U_4_U_S0_add_18_10           76     0.621     9.322    14.607         23.930            24.551 
    addinc_U_S2_add_18_16        75     0.331    10.824    18.774         29.597            29.928 
    addinc_U_S22_add_18_16       75     0.330    10.781    18.071         28.852            29.182 
    U_3_U_S1_add_18_10           50     0.287     6.056     9.440         15.496            15.783 
    U_2_U_S1_add_18_10           50     0.285     7.129    11.368         18.498            18.783 
    U_3_U_S0_add_18_10           32     0.238     6.389     7.417         13.806            14.044 
    U_2_U_S0_add_18_10           32     0.236     7.087     8.286         15.373            15.610 
    U_S0_add_41_16                5     0.029     0.974     1.396          2.370             2.399 
    U_S20_add_41_16               5     0.028     0.888     1.262          2.151             2.179 
  gen_filter[2].U_S0           1436    12.485   578.758   650.386       1229.144          1241.629 
    csa_tree_U.._18_10_groupi   103     1.251    81.115    78.297        159.411           160.663 
    csa_tree_U.._18_10_groupi   104     0.944    89.679    90.519        180.199           181.142 
    csa_tree_U.._18_10_groupi   104     0.943    95.436    95.954        191.391           192.334 
    addinc_U_5_U_S0_add_18_16    77     0.826    12.485    17.426         29.910            30.737 
    addinc_U_0_U_S0_add_18_16    77     0.820    11.563    16.233         27.796            28.616 
    csa_tree_U.._18_10_groupi    60     0.776    36.159    33.951         70.109            70.885 
    csa_tree_U.._18_10_groupi    60     0.771    38.158    37.037         75.194            75.966 
    csa_tree_U.._18_10_groupi    81     0.735    20.300    23.459         43.759            44.494 
    csa_tree_U.._41_16_groupi    93     0.735    72.227    74.399        146.626           147.360 
    addinc_U_4_U_S1_add_18_16    68     0.689    17.385    18.551         35.936            36.625 
    addinc_U_1_U_S1_add_18_16    68     0.688    15.025    16.491         31.516            32.204 
    U_4_U_S0_add_18_10           76     0.634    14.531    22.290         36.822            37.456 
    U_1_U_S0_add_18_10           76     0.625    12.203    19.093         31.296            31.921 
    addinc_U_S22_add_18_16       75     0.332    14.335    24.283         38.618            38.950 
    addinc_U_S2_add_18_16        75     0.331    12.693    21.527         34.220            34.552 
    U_2_U_S1_add_18_10           50     0.291     7.947    12.428         20.376            20.667 
    U_3_U_S1_add_18_10           50     0.288     7.244    10.815         18.060            18.347 
    U_2_U_S0_add_18_10           32     0.237     7.597     9.010         16.607            16.844 
    U_3_U_S0_add_18_10           32     0.236     5.758     6.670         12.428            12.665 
    U_S0_add_41_16                5     0.028     0.694     1.031          1.726             1.754 
    U_S20_add_41_16               5     0.028     0.547     0.836          1.383             1.411 
  gen_filter[14].U_S0          1436    12.481   580.730   650.219       1230.949          1243.429 
    csa_tree_U.._18_10_groupi   103     1.252    79.980    77.588        157.568           158.820 
    csa_tree_U.._18_10_groupi   104     0.944    84.024    84.080        168.104           169.048 
    csa_tree_U.._18_10_groupi   104     0.944    93.334    93.755        187.089           188.033 
    addinc_U_0_U_S0_add_18_16    77     0.831    15.059    20.630         35.689            36.520 
    addinc_U_5_U_S0_add_18_16    77     0.830    13.355    18.173         31.527            32.357 
    csa_tree_U.._18_10_groupi    60     0.773    45.446    43.029         88.475            89.248 
    csa_tree_U.._18_10_groupi    60     0.768    36.702    34.905         71.607            72.375 
    csa_tree_U.._18_10_groupi    81     0.732    26.832    31.784         58.616            59.348 
    csa_tree_U.._41_16_groupi    93     0.730    71.840    73.715        145.554           146.284 
    addinc_U_1_U_S1_add_18_16    68     0.698    15.519    16.855         32.373            33.071 
    addinc_U_4_U_S1_add_18_16    68     0.687    16.089    18.182         34.271            34.957 
    U_4_U_S0_add_18_10           76     0.624    13.656    21.229         34.885            35.509 
    U_1_U_S0_add_18_10           76     0.621     9.925    15.279         25.204            25.825 
    addinc_U_S22_add_18_16       75     0.332    13.553    23.534         37.087            37.419 
    addinc_U_S2_add_18_16        75     0.331    11.489    19.485         30.974            31.305 
    U_3_U_S1_add_18_10           50     0.289     6.802    10.724         17.526            17.815 
    U_2_U_S1_add_18_10           50     0.289     7.532    11.639         19.171            19.460 
    U_2_U_S0_add_18_10           32     0.237     7.030     7.816         14.845            15.082 
    U_3_U_S0_add_18_10           32     0.235     5.911     6.846         12.757            12.992 
    U_S0_add_41_16                5     0.029     0.881     1.255          2.136             2.165 
    U_S20_add_41_16               5     0.028     0.564     0.871          1.435             1.464 
  gen_filter[10].U_S0          1436    12.474   586.748   658.046       1244.794          1257.268 
    csa_tree_U.._18_10_groupi   103     1.248    81.678    79.602        161.280           162.528 
    csa_tree_U.._18_10_groupi   104     0.945    92.082    92.558        184.640           185.585 
    csa_tree_U.._18_10_groupi   104     0.941    93.405    94.083        187.488           188.428 
    addinc_U_5_U_S0_add_18_16    77     0.837    12.599    17.568         30.166            31.004 
    addinc_U_0_U_S0_add_18_16    77     0.827    12.345    17.527         29.872            30.698 
    csa_tree_U.._18_10_groupi    60     0.772    38.397    36.119         74.516            75.288 
    csa_tree_U.._18_10_groupi    60     0.766    39.794    36.744         76.538            77.304 
    csa_tree_U.._41_16_groupi    93     0.734    70.847    71.962        142.809           143.543 
    csa_tree_U.._18_10_groupi    81     0.728    21.415    24.878         46.294            47.022 
    addinc_U_1_U_S1_add_18_16    68     0.691    16.132    17.659         33.790            34.481 
    addinc_U_4_U_S1_add_18_16    68     0.687    16.914    18.624         35.538            36.225 
    U_4_U_S0_add_18_10           76     0.629    12.821    19.718         32.538            33.167 
    U_1_U_S0_add_18_10           76     0.626    12.973    19.109         32.082            32.708 
    addinc_U_S2_add_18_16        75     0.332    14.675    25.499         40.174            40.506 
    addinc_U_S22_add_18_16       75     0.330    14.006    23.434         37.440            37.770 
    U_3_U_S1_add_18_10           50     0.288     7.781    12.161         19.942            20.230 
    U_2_U_S1_add_18_10           50     0.288     7.691    11.900         19.592            19.879 
    U_2_U_S0_add_18_10           32     0.237     6.930     8.220         15.151            15.387 
    U_3_U_S0_add_18_10           32     0.237     6.831     7.587         14.419            14.655 
    U_S0_add_41_16                5     0.028     0.843     1.252          2.094             2.122 
    U_S20_add_41_16               5     0.028     0.790     1.208          1.998             2.026 
  gen_filter[9].U_S0           1436    12.474   586.470   656.792       1243.261          1255.735 
    csa_tree_U.._18_10_groupi   103     1.244    79.967    75.795        155.763           157.006 
    csa_tree_U.._18_10_groupi   104     0.944    91.533    93.088        184.621           185.564 
    csa_tree_U.._18_10_groupi   104     0.943    89.228    88.817        178.045           178.988 
    addinc_U_0_U_S0_add_18_16    77     0.832    13.302    18.154         31.456            32.288 
    addinc_U_5_U_S0_add_18_16    77     0.826    15.017    20.442         35.459            36.285 
    csa_tree_U.._18_10_groupi    60     0.770    36.919    36.465         73.384            74.155 
    csa_tree_U.._18_10_groupi    60     0.764    40.132    38.432         78.564            79.328 
    csa_tree_U.._41_16_groupi    93     0.734    78.807    80.266        159.074           159.807 
    csa_tree_U.._18_10_groupi    81     0.728    26.864    31.165         58.030            58.757 
    addinc_U_1_U_S1_add_18_16    68     0.691    13.513    14.787         28.300            28.991 
    addinc_U_4_U_S1_add_18_16    68     0.689    17.398    19.391         36.789            37.478 
    U_1_U_S0_add_18_10           76     0.628    11.079    17.300         28.379            29.007 
    U_4_U_S0_add_18_10           76     0.626    12.567    19.702         32.269            32.895 
    addinc_U_S22_add_18_16       75     0.333    12.353    20.807         33.160            33.493 
    addinc_U_S2_add_18_16        75     0.332    12.752    21.845         34.597            34.929 
    U_2_U_S1_add_18_10           50     0.288     6.756    10.673         17.429            17.717 
    U_3_U_S1_add_18_10           50     0.288     7.691    11.900         19.592            19.879 
    U_2_U_S0_add_18_10           32     0.243     6.887     7.837         14.724            14.967 
    U_3_U_S0_add_18_10           32     0.237     6.930     8.269         15.199            15.436 
    U_S0_add_41_16                5     0.028     0.564     0.871          1.435             1.464 
    U_S20_add_41_16               5     0.028     0.561     0.873          1.434             1.462 
  gen_filter[5].U_S0           1436    12.473   566.664   635.970       1202.634          1215.107 
    csa_tree_U.._18_10_groupi   103     1.249    78.477    76.256        154.734           155.983 
    csa_tree_U.._18_10_groupi   104     0.938    85.849    85.988        171.837           172.775 
    csa_tree_U.._18_10_groupi   104     0.938    88.023    88.549        176.572           177.510 
    addinc_U_0_U_S0_add_18_16    77     0.836    13.149    17.863         31.012            31.848 
    addinc_U_5_U_S0_add_18_16    77     0.822    12.315    17.473         29.788            30.610 
    csa_tree_U.._18_10_groupi    60     0.775    40.191    38.570         78.761            79.535 
    csa_tree_U.._18_10_groupi    60     0.773    39.028    37.858         76.886            77.659 
    csa_tree_U.._18_10_groupi    81     0.730    22.572    25.929         48.501            49.232 
    csa_tree_U.._41_16_groupi    93     0.729    70.877    72.316        143.193           143.923 
    addinc_U_1_U_S1_add_18_16    68     0.690    17.372    18.778         36.150            36.841 
    addinc_U_4_U_S1_add_18_16    68     0.690    15.030    15.830         30.860            31.550 
    U_1_U_S0_add_18_10           76     0.634    14.531    22.242         36.773            37.407 
    U_4_U_S0_add_18_10           76     0.623    11.145    17.077         28.222            28.845 
    addinc_U_S2_add_18_16        75     0.331    13.409    23.302         36.711            37.042 
    addinc_U_S22_add_18_16       75     0.330    12.638    21.532         34.171            34.501 
    U_2_U_S1_add_18_10           50     0.290     6.887    10.698         17.585            17.875 
    U_3_U_S1_add_18_10           50     0.284     6.810    10.724         17.534            17.818 
    U_3_U_S0_add_18_10           32     0.240     6.090     7.205         13.295            13.535 
    U_2_U_S0_add_18_10           32     0.238     5.378     6.328         11.706            11.945 
    U_S0_add_41_16                5     0.028     0.790     1.208          1.998             2.026 
    U_S20_add_41_16               5     0.028     0.689     0.997          1.686             1.714 
  gen_filter[8].U_S0           1436    12.467   581.479   651.171       1232.650          1245.117 
    csa_tree_U.._18_10_groupi   103     1.249    82.686    79.625        162.311           163.560 
    csa_tree_U.._18_10_groupi   104     0.942    88.688    89.593        178.281           179.223 
    csa_tree_U.._18_10_groupi   104     0.940    91.836    92.248        184.083           185.023 
    addinc_U_0_U_S0_add_18_16    77     0.829    14.027    19.528         33.555            34.384 
    addinc_U_5_U_S0_add_18_16    77     0.818    13.443    18.278         31.721            32.539 
    csa_tree_U.._18_10_groupi    60     0.773    38.127    36.807         74.934            75.707 
    csa_tree_U.._18_10_groupi    60     0.770    40.639    39.364         80.003            80.773 
    csa_tree_U.._41_16_groupi    93     0.735    73.155    75.293        148.448           149.184 
    csa_tree_U.._18_10_groupi    81     0.733    25.756    29.734         55.490            56.223 
    addinc_U_1_U_S1_add_18_16    68     0.692    15.016    16.146         31.163            31.855 
    addinc_U_4_U_S1_add_18_16    68     0.682    14.801    15.902         30.703            31.385 
    U_4_U_S0_add_18_10           76     0.628    13.468    20.605         34.073            34.701 
    U_1_U_S0_add_18_10           76     0.623    11.145    17.036         28.181            28.804 
    addinc_U_S2_add_18_16        75     0.332    12.326    21.291         33.616            33.948 
    addinc_U_S22_add_18_16       75     0.331    12.248    21.003         33.251            33.582 
    U_2_U_S1_add_18_10           50     0.290     7.239    10.988         18.227            18.518 
    U_3_U_S1_add_18_10           50     0.288     6.756    10.673         17.429            17.717 
    U_3_U_S0_add_18_10           32     0.243     6.887     7.902         14.789            15.032 
    U_2_U_S0_add_18_10           32     0.236     5.715     6.539         12.254            12.490 
    U_S20_add_41_16               5     0.028     0.874     1.274          2.148             2.176 
    U_S0_add_41_16                5     0.028     1.074     1.527          2.602             2.629 
  gen_filter[3].U_S0           1436    12.466   571.572   643.564       1215.136          1227.602 
    csa_tree_U.._18_10_groupi   103     1.247    78.171    75.596        153.767           155.014 
    csa_tree_U.._18_10_groupi   104     0.944    89.762    90.153        179.915           180.859 
    csa_tree_U.._18_10_groupi   104     0.942    89.155    90.207        179.362           180.304 
    addinc_U_5_U_S0_add_18_16    77     0.825    13.977    19.472         33.449            34.274 
    addinc_U_0_U_S0_add_18_16    77     0.818    12.568    17.644         30.211            31.029 
    csa_tree_U.._18_10_groupi    60     0.771    34.710    32.966         67.676            68.447 
    csa_tree_U.._18_10_groupi    60     0.766    40.226    37.775         78.001            78.767 
    csa_tree_U.._41_16_groupi    93     0.733    70.695    73.172        143.867           144.600 
    csa_tree_U.._18_10_groupi    81     0.731    23.479    26.939         50.418            51.149 
    addinc_U_1_U_S1_add_18_16    68     0.693    17.878    20.455         38.333            39.026 
    addinc_U_4_U_S1_add_18_16    68     0.689    13.920    14.990         28.910            29.599 
    U_1_U_S0_add_18_10           76     0.632    14.032    21.677         35.709            36.341 
    U_4_U_S0_add_18_10           76     0.625    10.282    15.889         26.170            26.796 
    addinc_U_S2_add_18_16        75     0.334    15.256    26.182         41.438            41.772 
    addinc_U_S22_add_18_16       75     0.329    12.258    20.628         32.886            33.216 
    U_3_U_S1_add_18_10           50     0.289     7.654    11.917         19.571            19.860 
    U_2_U_S1_add_18_10           50     0.288     7.244    10.815         18.060            18.347 
    U_3_U_S0_add_18_10           32     0.237     7.476     8.848         16.324            16.562 
    U_2_U_S0_add_18_10           32     0.236     5.758     6.641         12.399            12.635 
    U_S20_add_41_16               5     0.028     0.726     1.006          1.732             1.760 
    U_S0_add_41_16                5     0.028     0.874     1.274          2.148             2.176 
  gen_filter[7].U_S0           1436    12.465   573.212   643.948       1217.160          1229.624 
    csa_tree_U.._18_10_groupi   103     1.247    78.350    76.720        155.070           156.317 
    csa_tree_U.._18_10_groupi   104     0.942    91.227    90.696        181.924           182.866 
    csa_tree_U.._18_10_groupi   104     0.941    89.838    90.167        180.005           180.945 
    addinc_U_0_U_S0_add_18_16    77     0.831    12.530    17.564         30.094            30.925 
    addinc_U_5_U_S0_add_18_16    77     0.818    12.606    18.004         30.609            31.428 
    csa_tree_U.._18_10_groupi    60     0.773    40.920    38.553         79.473            80.246 
    csa_tree_U.._18_10_groupi    60     0.770    37.297    35.507         72.804            73.574 
    csa_tree_U.._41_16_groupi    93     0.733    72.240    75.763        148.004           148.737 
    csa_tree_U.._18_10_groupi    81     0.729    23.259    27.147         50.406            51.135 
    addinc_U_1_U_S1_add_18_16    68     0.690    15.356    17.300         32.656            33.346 
    addinc_U_4_U_S1_add_18_16    68     0.689    16.143    17.422         33.565            34.254 
    U_4_U_S0_add_18_10           76     0.626    12.973    19.261         32.234            32.860 
    U_1_U_S0_add_18_10           76     0.620    11.931    18.597         30.529            31.149 
    addinc_U_S2_add_18_16        75     0.333    13.277    22.620         35.898            36.231 
    addinc_U_S22_add_18_16       75     0.331    12.995    22.480         35.475            35.806 
    U_3_U_S1_add_18_10           50     0.290     7.239    10.988         18.227            18.518 
    U_2_U_S1_add_18_10           50     0.287     6.389     9.854         16.244            16.531 
    U_2_U_S0_add_18_10           32     0.239     5.606     6.311         11.917            12.156 
    U_3_U_S0_add_18_10           32     0.236     5.715     6.623         12.338            12.573 
    U_S20_add_41_16               5     0.028     0.694     1.031          1.726             1.754 
    U_S0_add_41_16                5     0.028     0.854     1.225          2.078             2.106 
  gen_filter[13].U_S0          1436    12.461   592.461   661.622       1254.082          1266.543 
    csa_tree_U.._18_10_groupi   103     1.248    88.220    84.816        173.036           174.285 
    csa_tree_U.._18_10_groupi   104     0.942    88.773    88.873        177.647           178.588 
    csa_tree_U.._18_10_groupi   104     0.939    92.539    92.291        184.830           185.769 
    addinc_U_5_U_S0_add_18_16    77     0.824    14.378    19.777         34.155            34.979 
    addinc_U_0_U_S0_add_18_16    77     0.822    13.474    18.383         31.858            32.680 
    csa_tree_U.._18_10_groupi    60     0.772    37.809    36.195         74.005            74.777 
    csa_tree_U.._18_10_groupi    60     0.772    45.988    44.790         90.778            91.551 
    csa_tree_U.._41_16_groupi    93     0.732    71.645    74.038        145.683           146.415 
    csa_tree_U.._18_10_groupi    81     0.732    25.799    29.758         55.557            56.289 
    addinc_U_1_U_S1_add_18_16    68     0.689    16.908    18.955         35.863            36.552 
    addinc_U_4_U_S1_add_18_16    68     0.683    14.142    15.086         29.227            29.910 
    U_4_U_S0_add_18_10           76     0.630    11.195    17.795         28.990            29.620 
    U_1_U_S0_add_18_10           76     0.629    12.820    19.659         32.479            33.108 
    addinc_U_S2_add_18_16        75     0.332    14.747    25.356         40.103            40.435 
    addinc_U_S22_add_18_16       75     0.331    11.755    20.294         32.049            32.380 
    U_3_U_S1_add_18_10           50     0.289     7.532    11.639         19.171            19.460 
    U_2_U_S1_add_18_10           50     0.285     5.671     8.988         14.658            14.944 
    U_3_U_S0_add_18_10           32     0.237     7.030     7.896         14.925            15.163 
    U_2_U_S0_add_18_10           32     0.236     5.112     5.877         10.989            11.225 
    U_S20_add_41_16               5     0.028     1.074     1.527          2.602             2.629 
    U_S0_add_41_16                5     0.028     0.589     0.950          1.539             1.566 
  gen_filter[4].U_S0           1436    12.459   574.392   641.670       1216.062          1228.522 
    csa_tree_U.._18_10_groupi   103     1.253    85.451    80.545        165.997           167.250 
    csa_tree_U.._18_10_groupi   104     0.944    91.521    90.973        182.494           183.438 
    csa_tree_U.._18_10_groupi   104     0.941    84.363    83.685        168.048           168.989 
    addinc_U_5_U_S0_add_18_16    77     0.827    13.272    18.035         31.307            32.134 
    addinc_U_0_U_S0_add_18_16    77     0.812    13.822    19.549         33.371            34.183 
    csa_tree_U.._18_10_groupi    60     0.773    38.660    36.791         75.451            76.224 
    csa_tree_U.._18_10_groupi    60     0.771    38.990    37.948         76.938            77.709 
    csa_tree_U.._18_10_groupi    81     0.734    22.748    26.372         49.121            49.854 
    csa_tree_U.._41_16_groupi    93     0.730    72.062    75.971        148.033           148.763 
    addinc_U_1_U_S1_add_18_16    68     0.689    15.833    16.963         32.796            33.485 
    addinc_U_4_U_S1_add_18_16    68     0.689    15.361    17.107         32.468            33.156 
    U_1_U_S0_add_18_10           76     0.624    10.674    16.351         27.024            27.648 
    U_4_U_S0_add_18_10           76     0.620    11.932    18.654         30.586            31.206 
    addinc_U_S2_add_18_16        75     0.334    13.002    22.162         35.164            35.498 
    addinc_U_S22_add_18_16       75     0.329    12.588    21.917         34.506            34.834 
    U_3_U_S1_add_18_10           50     0.290     6.887    10.698         17.585            17.875 
    U_2_U_S1_add_18_10           50     0.289     7.654    11.917         19.571            19.860 
    U_3_U_S0_add_18_10           32     0.238     5.378     6.376         11.754            11.993 
    U_2_U_S0_add_18_10           32     0.237     7.476     8.821         16.297            16.534 
    U_S0_add_41_16                5     0.028     0.561     0.873          1.434             1.462 
    U_S20_add_41_16               5     0.028     0.758     1.089          1.846             1.874 
  gen_filter[6].U_S0           1436    12.453   541.682   606.436       1148.117          1160.571 
    csa_tree_U.._18_10_groupi   103     1.245    75.714    72.655        148.369           149.614 
    csa_tree_U.._18_10_groupi   104     0.944    83.857    84.946        168.803           169.747 
    csa_tree_U.._18_10_groupi   104     0.939    83.463    83.395        166.858           167.797 
    addinc_U_5_U_S0_add_18_16    77     0.822    14.196    19.176         33.372            34.194 
    addinc_U_0_U_S0_add_18_16    77     0.816    13.842    18.882         32.724            33.540 
    csa_tree_U.._18_10_groupi    60     0.770    36.064    34.960         71.024            71.794 
    csa_tree_U.._18_10_groupi    60     0.768    38.714    36.241         74.955            75.723 
    csa_tree_U.._18_10_groupi    81     0.734    24.266    28.490         52.756            53.490 
    csa_tree_U.._41_16_groupi    93     0.733    67.946    69.786        137.732           138.465 
    addinc_U_1_U_S1_add_18_16    68     0.690    13.916    15.307         29.223            29.913 
    addinc_U_4_U_S1_add_18_16    68     0.689    13.516    14.568         28.084            28.773 
    U_4_U_S0_add_18_10           76     0.628    11.079    17.357         28.436            29.064 
    U_1_U_S0_add_18_10           76     0.625    10.281    15.842         26.123            26.749 
    addinc_U_S22_add_18_16       75     0.332    11.785    20.197         31.982            32.314 
    addinc_U_S2_add_18_16        75     0.332    11.385    19.903         31.289            31.620 
    U_3_U_S1_add_18_10           50     0.287     6.389     9.854         16.244            16.531 
    U_2_U_S1_add_18_10           50     0.284     6.810    10.724         17.534            17.818 
    U_2_U_S0_add_18_10           32     0.240     6.090     7.172         13.262            13.502 
    U_3_U_S0_add_18_10           32     0.239     5.606     6.348         11.955            12.193 
    U_S0_add_41_16                5     0.028     0.816     1.189          2.005             2.033 
    U_S20_add_41_16               5     0.028     0.844     1.244          2.088             2.116 
  gen_filter[12].U_S0          1436    12.450   594.950   664.228       1259.178          1271.627 
    csa_tree_U.._18_10_groupi   103     1.245    81.888    78.013        159.901           161.147 
    csa_tree_U.._18_10_groupi   104     0.942    94.327    92.920        187.247           188.189 
    csa_tree_U.._18_10_groupi   104     0.940    97.700    97.895        195.594           196.535 
    addinc_U_5_U_S0_add_18_16    77     0.822    13.115    17.775         30.890            31.712 
    addinc_U_0_U_S0_add_18_16    77     0.822    12.621    18.094         30.715            31.538 
    csa_tree_U.._18_10_groupi    60     0.773    40.316    38.451         78.767            79.540 
    csa_tree_U.._18_10_groupi    60     0.767    41.047    39.561         80.608            81.375 
    csa_tree_U.._18_10_groupi    81     0.733    24.953    29.766         54.719            55.452 
    csa_tree_U.._41_16_groupi    93     0.733    70.274    71.979        142.253           142.986 
    addinc_U_1_U_S1_add_18_16    68     0.691    17.392    19.661         37.053            37.744 
    addinc_U_4_U_S1_add_18_16    68     0.683    17.573    19.202         36.775            37.458 
    U_4_U_S0_add_18_10           76     0.628    13.069    19.881         32.949            33.577 
    U_1_U_S0_add_18_10           76     0.626    12.567    19.661         32.228            32.854 
    addinc_U_S2_add_18_16        75     0.332    12.438    21.176         33.614            33.946 
    addinc_U_S22_add_18_16       75     0.330    14.237    24.676         38.913            39.243 
    U_2_U_S1_add_18_10           50     0.287     7.214    11.231         18.445            18.732 
    U_3_U_S1_add_18_10           50     0.285     5.671     8.988         14.658            14.944 
    U_2_U_S0_add_18_10           32     0.239     6.482     7.813         14.295            14.534 
    U_3_U_S0_add_18_10           32     0.236     5.112     5.887         10.999            11.235 
    U_S0_add_41_16                5     0.028     0.580     0.894          1.474             1.502 
    U_S20_add_41_16               5     0.028     0.854     1.225          2.078             2.106 
  gen_filter[11].U_S0          1436    12.449   585.827   654.788       1240.616          1253.065 
    csa_tree_U.._18_10_groupi   103     1.248    80.485    77.142        157.627           158.875 
    csa_tree_U.._18_10_groupi   104     0.943    90.220    90.797        181.017           181.960 
    csa_tree_U.._18_10_groupi   104     0.940    94.989    96.165        191.154           192.094 
    addinc_U_0_U_S0_add_18_16    77     0.826    14.235    19.341         33.576            34.402 
    addinc_U_5_U_S0_add_18_16    77     0.820    13.907    19.197         33.103            33.924 
    csa_tree_U.._18_10_groupi    60     0.771    38.772    36.684         75.456            76.227 
    csa_tree_U.._18_10_groupi    60     0.767    41.561    39.981         81.542            82.309 
    csa_tree_U.._41_16_groupi    93     0.731    73.162    75.199        148.360           149.091 
    csa_tree_U.._18_10_groupi    81     0.728    23.148    27.003         50.151            50.880 
    addinc_U_4_U_S1_add_18_16    68     0.696    15.525    16.620         32.145            32.842 
    addinc_U_1_U_S1_add_18_16    68     0.684    14.795    16.129         30.924            31.607 
    U_1_U_S0_add_18_10           76     0.628    13.467    20.544         34.012            34.640 
    U_4_U_S0_add_18_10           76     0.621     9.925    15.336         25.261            25.882 
    addinc_U_S22_add_18_16       75     0.331    12.833    21.358         34.190            34.522 
    addinc_U_S2_add_18_16        75     0.331    13.651    23.577         37.228            37.559 
    U_2_U_S1_add_18_10           50     0.288     7.781    12.161         19.942            20.230 
    U_3_U_S1_add_18_10           50     0.287     7.214    11.231         18.445            18.732 
    U_3_U_S0_add_18_10           32     0.239     6.482     7.829         14.311            14.550 
    U_2_U_S0_add_18_10           32     0.237     6.831     7.527         14.359            14.595 
    U_S20_add_41_16               5     0.028     0.816     1.189          2.005             2.033 
    U_S0_add_41_16                5     0.028     0.888     1.262          2.151             2.179 

