============================================================
  Generated by:           Genus(TM) Synthesis Solution 17.10-p007_1
  Generated on:           Mar 03 2020  09:33:07 pm
  Module:                 INTER_6
  Technology libraries:   CORE65LPSVT 
                          CLOCK65LPSVT 
                          physical_cells 
  Operating conditions:   _nominal_ 
  Interconnect mode:      global
  Area mode:              physical library
============================================================

       Instance                Module          Cells  Cell Area  Net Area   Total Area 
---------------------------------------------------------------------------------------
INTER_6                                        10261      66641     26193        92833 
  gen_filter[1].U_S0  filter_6_bit_width10_1     556       3449      1257         4706 
  gen_filter[15].U_S0 filter_6_bit_width10_15    556       3447      1257         4704 
  gen_filter[0].U_S0  filter_6_bit_width10       556       3444      1257         4702 
  gen_filter[16].U_S0 filter_6_bit_width10_16    556       3443      1257         4700 
  gen_filter[14].U_S0 filter_6_bit_width10_14    553       3443      1251         4694 
  gen_filter[13].U_S0 filter_6_bit_width10_13    552       3436      1245         4681 
  gen_filter[3].U_S0  filter_6_bit_width10_3     552       3436      1245         4681 
  gen_filter[12].U_S0 filter_6_bit_width10_12    552       3435      1245         4680 
  gen_filter[11].U_S0 filter_6_bit_width10_11    552       3435      1245         4680 
  gen_filter[10].U_S0 filter_6_bit_width10_10    552       3435      1245         4680 
  gen_filter[9].U_S0  filter_6_bit_width10_9     552       3435      1245         4680 
  gen_filter[8].U_S0  filter_6_bit_width10_8     552       3435      1245         4680 
  gen_filter[7].U_S0  filter_6_bit_width10_7     552       3435      1245         4680 
  gen_filter[6].U_S0  filter_6_bit_width10_6     552       3435      1245         4680 
  gen_filter[5].U_S0  filter_6_bit_width10_5     552       3435      1245         4680 
  gen_filter[4].U_S0  filter_6_bit_width10_4     552       3435      1245         4680 
  gen_filter[2].U_S0  filter_6_bit_width10_2     552       3435      1245         4680 
