============================================================
  Generated by:           Genus(TM) Synthesis Solution 17.10-p007_1
  Generated on:           Mar 03 2020  09:33:08 pm
  Module:                 INTER_6
  Technology libraries:   CORE65LPSVT 
                          CLOCK65LPSVT 
                          physical_cells 
  Operating conditions:   _nominal_ 
  Interconnect mode:      global
  Area mode:              physical library
============================================================

                                          Leakage   Internal  
       Gate        Instances    Area    Power (uW) Power (uW)     Library    
-----------------------------------------------------------------------------
HS65_LSS_XNOR2X12         34    229.840      0.447     13.066    CORE65LPSVT 
HS65_LSS_XNOR2X6          68    282.880      0.460     10.670    CORE65LPSVT 
HS65_LSS_XOR2X6           51    212.160      0.304      8.694    CORE65LPSVT 
HS65_LSS_XOR3X2           34    265.200      0.186      5.819    CORE65LPSVT 
HS65_LSS_XOR3X4           34    353.600      0.344     13.981    CORE65LPSVT 
HS65_LS_AND2X4            68    176.800      0.169      5.325    CORE65LPSVT 
HS65_LS_AND2X9            34    106.080      0.186      4.166    CORE65LPSVT 
HS65_LS_AND3X9            34    123.760      0.116      3.952    CORE65LPSVT 
HS65_LS_AO12X18           68    282.880      0.779     15.208    CORE65LPSVT 
HS65_LS_AO12X9            68    247.520      0.301     17.821    CORE65LPSVT 
HS65_LS_AO32X4            34    159.120      0.092      6.084    CORE65LPSVT 
HS65_LS_AO32X9            34    176.800      0.178      8.464    CORE65LPSVT 
HS65_LS_AOI12X2           68    176.800      0.102      3.041    CORE65LPSVT 
HS65_LS_AOI12X6           34    106.080      0.160      2.285    CORE65LPSVT 
HS65_LS_BFX106             1     11.960      0.058      1.370    CORE65LPSVT 
HS65_LS_BFX27             46    167.440      0.582     11.006    CORE65LPSVT 
HS65_LS_BFX35             23    119.600      0.400      7.070    CORE65LPSVT 
HS65_LS_BFX44              2     11.440      0.045      0.721    CORE65LPSVT 
HS65_LS_BFX53              2     12.480      0.054      0.694    CORE65LPSVT 
HS65_LS_BFX62              1      7.800      0.032      0.820    CORE65LPSVT 
HS65_LS_BFX71             11     91.520      0.407      6.520    CORE65LPSVT 
HS65_LS_DFPRQNX9          24    249.600      0.236     76.145    CORE65LPSVT 
HS65_LS_DFPRQX18         123   1343.160      1.624    400.588    CORE65LPSVT 
HS65_LS_DFPRQX4          510   5304.000      4.460   2219.344    CORE65LPSVT 
HS65_LS_DFPRQX9           73    759.200      0.731    231.219    CORE65LPSVT 
HS65_LS_FA1X18           187   2625.480      4.532    294.611    CORE65LPSVT 
HS65_LS_FA1X27            85   1812.200      3.109    151.737    CORE65LPSVT 
HS65_LS_FA1X4           3179  29755.440     19.803   2020.089    CORE65LPSVT 
HS65_LS_FA1X9            663   7239.960      7.232    718.213    CORE65LPSVT 
HS65_LS_HA1X27            34    406.640      1.130     23.116    CORE65LPSVT 
HS65_LS_HA1X4            357   1856.400      1.830     78.120    CORE65LPSVT 
HS65_LS_HA1X9             17    106.080      0.160      4.240    CORE65LPSVT 
HS65_LS_IVX18            324    673.920      1.708     33.558    CORE65LPSVT 
HS65_LS_IVX2               1      1.560      0.001      0.038    CORE65LPSVT 
HS65_LS_IVX27             74    230.880      0.677     11.321    CORE65LPSVT 
HS65_LS_IVX31             31    112.840      0.340      4.318    CORE65LPSVT 
HS65_LS_IVX35              2      7.280      0.025      0.254    CORE65LPSVT 
HS65_LS_IVX44             92    382.720      1.481     16.519    CORE65LPSVT 
HS65_LS_IVX7              17     26.520      0.031      0.538    CORE65LPSVT 
HS65_LS_IVX9            1594   2486.640      3.860     87.436    CORE65LPSVT 
HS65_LS_MUX21X4           34    141.440      0.170      7.860    CORE65LPSVT 
HS65_LS_MUXI21X5          34    159.120      0.195      5.459    CORE65LPSVT 
HS65_LS_MX41X7            34    265.200      0.294      6.269    CORE65LPSVT 
HS65_LS_NAND2AX7         306    954.720      1.375     22.251    CORE65LPSVT 
HS65_LS_NAND2X7          238    495.040      0.692     13.202    CORE65LPSVT 
HS65_LS_NOR2AX13          17     70.720      0.085     10.966    CORE65LPSVT 
HS65_LS_NOR2AX3          272    707.200      0.634     15.555    CORE65LPSVT 
HS65_LS_NOR2X13           34    123.760      0.201      2.091    CORE65LPSVT 
HS65_LS_NOR2X6           170    353.600      0.533     12.237    CORE65LPSVT 
HS65_LS_OA22X9            34    159.120      0.183      4.054    CORE65LPSVT 
HS65_LS_OAI112X5          34    123.760      0.209      4.075    CORE65LPSVT 
HS65_LS_OAI13X10          34    212.160      0.357     13.896    CORE65LPSVT 
HS65_LS_OAI21X3          102    265.200      0.196      5.653    CORE65LPSVT 
HS65_LS_OAI22X11          34    212.160      0.316      9.667    CORE65LPSVT 
HS65_LS_OAI22X6           34    123.760      0.104      3.479    CORE65LPSVT 
HS65_LS_OR2X9            204    636.480      0.876     26.788    CORE65LPSVT 
HS65_LS_PAO2X9           137    641.160      0.641     61.398    CORE65LPSVT 
HS65_LS_PAO3X4            16     74.880      0.043      2.731    CORE65LPSVT 
HS65_LS_PAOI2X1           51    185.640      0.068      8.785    CORE65LPSVT 
HS65_LS_PAOI2X6           34    141.440      0.173     17.494    CORE65LPSVT 
HS65_LS_XNOR2X18          34    229.840      0.744     13.425    CORE65LPSVT 
HS65_LS_XNOR2X9          102    530.400      1.003     30.615    CORE65LPSVT 
HS65_LS_XOR2X9            34    176.800      0.337      9.407    CORE65LPSVT 
HS65_LS_XOR3X9           102    954.720      0.749     33.433    CORE65LPSVT 
-----------------------------------------------------------------------------
total                  10261  66640.600     68.555   6858.970                


                                            Leakage  Leakage  Internal  Internal 
     Type      Instances    Area   Area % Power (uW) Power % Power (uW)  Power % 
---------------------------------------------------------------------------------
sequential           730  7655.960   11.5      7.052    10.3   2927.296     42.7 
inverter            2135  3922.360    5.9      8.124    11.8    153.981      2.2 
buffer                86   422.240    0.6      1.578     2.3     28.201      0.4 
logic               7310 54640.040   82.0     51.802    75.6   3749.491     54.7 
physical_cells         0     0.000    0.0      0.000     0.0      0.000      0.0 
---------------------------------------------------------------------------------
total              10261 66640.600  100.0     68.555   100.0   6858.970    100.0 

