============================================================
  Generated by:           Genus(TM) Synthesis Solution 17.10-p007_1
  Generated on:           Mar 03 2020  09:33:08 pm
  Module:                 INTER_6
  Technology libraries:   CORE65LPSVT 
                          CLOCK65LPSVT 
                          physical_cells 
  Operating conditions:   _nominal_ 
  Interconnect mode:      global
  Area mode:              physical library
============================================================

                             Leakage   Dynamic    Total   
       Instance       Cells Power(uW) Power(uW) Power(uW) 
----------------------------------------------------------
INTER_6               10261    68.555 11912.650 11981.205 
  gen_filter[1].U_S0    556     3.541   477.101   480.642 
  gen_filter[15].U_S0   556     3.537   444.387   447.924 
  gen_filter[14].U_S0   553     3.526   484.049   487.575 
  gen_filter[0].U_S0    556     3.517   456.049   459.566 
  gen_filter[16].U_S0   556     3.517   443.053   446.570 
  gen_filter[13].U_S0   552     3.498   487.304   490.802 
  gen_filter[10].U_S0   552     3.498   484.339   487.836 
  gen_filter[3].U_S0    552     3.496   473.125   476.621 
  gen_filter[12].U_S0   552     3.495   486.028   489.523 
  gen_filter[7].U_S0    552     3.494   474.349   477.844 
  gen_filter[2].U_S0    552     3.492   476.919   480.411 
  gen_filter[5].U_S0    552     3.492   467.027   470.518 
  gen_filter[9].U_S0    552     3.491   485.670   489.161 
  gen_filter[8].U_S0    552     3.490   477.319   480.808 
  gen_filter[6].U_S0    552     3.487   450.805   454.293 
  gen_filter[4].U_S0    552     3.486   476.388   479.874 
  gen_filter[11].U_S0   552     3.483   482.869   486.351 

