============================================================
  Generated by:           Genus(TM) Synthesis Solution 17.10-p007_1
  Generated on:           Mar 03 2020  09:33:08 pm
  Module:                 INTER_6
  Technology libraries:   CORE65LPSVT 
                          CLOCK65LPSVT 
                          physical_cells 
  Operating conditions:   _nominal_ 
  Interconnect mode:      global
  Area mode:              physical library
============================================================

                                     Leakage   Internal    Net        Dynamic          Total       
                                                                  (Internal+Net) (Leakage+Dynamic) 
           Instance           Cells Power(uW) Power(uW) Power(uW)    Power(uW)       Power(uW)     
---------------------------------------------------------------------------------------------------
INTER_6                       10261    68.555  6858.970  5053.680      11912.650         11981.205 
  gen_filter[1].U_S0            556     3.541   232.125   244.976        477.101           480.642 
    csa_tree_U.._18_10_groupi    51     0.299    37.764    37.117         74.881            75.180 
    csa_tree_U.._18_10_groupi    51     0.299    40.533    39.876         80.410            80.709 
    addinc_U_0_U_S0_add_18_16    49     0.279     5.402     7.983         13.385            13.664 
    addinc_U_5_U_S0_add_18_16    49     0.276     6.155     8.966         15.121            15.397 
    csa_tree_U.._18_10_groupi    24     0.268    19.217    16.415         35.632            35.900 
    csa_tree_U.._18_10_groupi    24     0.267    19.041    16.600         35.641            35.908 
    csa_tree_U.._18_10_groupi    20     0.215    11.964     9.995         21.959            22.174 
    U_4_U_S0_add_18_10           32     0.210     5.384     6.312         11.697            11.907 
    U_1_U_S0_add_18_10           32     0.209     4.539     5.811         10.350            10.559 
    csa_tree_U.._18_10_groupi    32     0.204    21.634    21.235         42.868            43.073 
    csa_tree_U.._41_16_groupi    24     0.147    24.904    22.817         47.721            47.867 
    addinc_U_S22_add_18_16       15     0.094     6.176     6.323         12.499            12.593 
    addinc_U_S2_add_18_16        15     0.093     5.783     5.992         11.775            11.868 
    addinc_U_4_U_S1_add_18_16    13     0.085     3.843     3.951          7.794             7.879 
    addinc_U_1_U_S1_add_18_16    13     0.085     2.969     2.929          5.898             5.983 
    U_3_U_S0_add_18_10            9     0.055     3.021     4.746          7.767             7.822 
    U_3_U_S1_add_18_10            9     0.055     2.801     4.572          7.372             7.427 
    U_2_U_S1_add_18_10            9     0.054     2.335     3.791          6.126             6.180 
    U_2_U_S0_add_18_10            9     0.054     2.430     3.849          6.279             6.334 
    U_S20_add_41_16               4     0.021     0.702     0.833          1.535             1.555 
    U_S0_add_41_16                4     0.020     0.639     0.768          1.407             1.427 
  gen_filter[15].U_S0           556     3.537   215.449   228.938        444.387           447.924 
    csa_tree_U.._18_10_groupi    51     0.299    37.113    36.395         73.508            73.807 
    csa_tree_U.._18_10_groupi    51     0.298    37.305    36.306         73.612            73.910 
    addinc_U_0_U_S0_add_18_16    49     0.281     5.818     8.454         14.272            14.552 
    addinc_U_5_U_S0_add_18_16    49     0.279     4.251     6.624         10.874            11.153 
    csa_tree_U.._18_10_groupi    24     0.267    16.801    14.526         31.327            31.593 
    csa_tree_U.._18_10_groupi    24     0.267    18.109    15.430         33.539            33.805 
    csa_tree_U.._18_10_groupi    20     0.214     9.146     7.109         16.255            16.469 
    U_1_U_S0_add_18_10           32     0.211     5.985     7.529         13.514            13.725 
    U_4_U_S0_add_18_10           32     0.211     5.685     7.222         12.907            13.118 
    csa_tree_U.._18_10_groupi    32     0.205    19.373    18.867         38.240            38.445 
    csa_tree_U.._41_16_groupi    24     0.146    22.164    20.391         42.555            42.701 
    addinc_U_S2_add_18_16        15     0.094     5.765     6.059         11.825            11.918 
    addinc_U_S22_add_18_16       15     0.094     5.320     5.556         10.875            10.969 
    addinc_U_1_U_S1_add_18_16    13     0.085     4.117     3.920          8.037             8.122 
    addinc_U_4_U_S1_add_18_16    13     0.085     2.942     3.077          6.019             6.103 
    U_2_U_S0_add_18_10            9     0.055     2.276     3.562          5.838             5.893 
    U_2_U_S1_add_18_10            9     0.055     2.390     3.840          6.231             6.285 
    U_3_U_S0_add_18_10            9     0.054     2.846     4.503          7.349             7.403 
    U_3_U_S1_add_18_10            9     0.054     2.427     4.010          6.436             6.490 
    U_S0_add_41_16                4     0.021     0.450     0.547          0.997             1.017 
    U_S20_add_41_16               4     0.021     0.643     0.792          1.435             1.456 
  gen_filter[14].U_S0           553     3.526   235.449   248.600        484.049           487.575 
    csa_tree_U.._18_10_groupi    51     0.299    37.441    36.514         73.955            74.254 
    csa_tree_U.._18_10_groupi    51     0.299    39.637    39.235         78.873            79.171 
    addinc_U_5_U_S0_add_18_16    49     0.279     6.135     9.373         15.507            15.786 
    addinc_U_0_U_S0_add_18_16    49     0.276     6.772     9.924         16.696            16.971 
    csa_tree_U.._18_10_groupi    24     0.267    22.792    19.856         42.648            42.915 
    csa_tree_U.._18_10_groupi    24     0.267    18.489    15.910         34.399            34.666 
    csa_tree_U.._18_10_groupi    20     0.214    12.028     9.895         21.922            22.137 
    U_4_U_S0_add_18_10           32     0.212     6.306     8.092         14.399            14.611 
    U_1_U_S0_add_18_10           32     0.209     5.004     5.915         10.919            11.128 
    csa_tree_U.._18_10_groupi    32     0.204    21.355    20.841         42.197            42.400 
    csa_tree_U.._41_16_groupi    24     0.146    24.468    22.251         46.718            46.864 
    addinc_U_S22_add_18_16       15     0.094     6.078     6.432         12.511            12.604 
    addinc_U_S2_add_18_16        15     0.093     5.408     5.625         11.032            11.125 
    addinc_U_4_U_S1_add_18_16    13     0.085     3.886     4.000          7.887             7.972 
    addinc_U_1_U_S1_add_18_16    13     0.085     3.820     3.712          7.531             7.616 
    U_3_U_S0_add_18_10            9     0.055     2.276     3.588          5.863             5.918 
    U_3_U_S1_add_18_10            9     0.055     2.390     3.840          6.231             6.285 
    U_2_U_S0_add_18_10            9     0.054     2.692     4.288          6.980             7.035 
    U_2_U_S1_add_18_10            9     0.054     2.675     4.428          7.102             7.157 
    U_S0_add_41_16                4     0.021     0.662     0.812          1.474             1.494 
    U_S20_add_41_16               4     0.020     0.428     0.531          0.959             0.979 
  gen_filter[0].U_S0            556     3.517   220.792   235.257        456.049           459.566 
    csa_tree_U.._18_10_groupi    51     0.299    36.804    36.315         73.119            73.418 
    csa_tree_U.._18_10_groupi    51     0.299    36.134    35.749         71.883            72.181 
    addinc_U_5_U_S0_add_18_16    49     0.279     6.040     8.746         14.786            15.065 
    addinc_U_0_U_S0_add_18_16    49     0.277     5.368     7.985         13.353            13.630 
    csa_tree_U.._18_10_groupi    24     0.267    19.322    16.465         35.787            36.054 
    csa_tree_U.._18_10_groupi    24     0.267    17.708    15.327         33.035            33.302 
    csa_tree_U.._18_10_groupi    20     0.212    10.261     8.635         18.896            19.108 
    U_4_U_S0_add_18_10           32     0.212     6.870     8.776         15.646            15.858 
    U_1_U_S0_add_18_10           32     0.210     5.549     6.977         12.527            12.736 
    csa_tree_U.._18_10_groupi    32     0.204    21.858    21.363         43.221            43.425 
    csa_tree_U.._41_16_groupi    24     0.146    22.107    19.900         42.007            42.154 
    addinc_U_S22_add_18_16       15     0.094     5.728     5.940         11.667            11.762 
    addinc_U_S2_add_18_16        15     0.094     5.341     5.578         10.919            11.013 
    addinc_U_4_U_S1_add_18_16    13     0.085     4.409     4.526          8.935             9.020 
    addinc_U_1_U_S1_add_18_16    13     0.084     2.740     2.635          5.375             5.459 
    U_3_U_S1_add_18_10            9     0.054     2.335     3.791          6.126             6.180 
    U_2_U_S1_add_18_10            9     0.054     2.264     3.748          6.012             6.066 
    U_3_U_S0_add_18_10            9     0.054     2.431     3.891          6.322             6.376 
    U_2_U_S0_add_18_10            9     0.054     1.951     3.159          5.110             5.164 
    U_S0_add_41_16                4     0.020     0.507     0.639          1.146             1.166 
    U_S20_add_41_16               4     0.020     0.392     0.510          0.901             0.922 
  gen_filter[16].U_S0           556     3.517   215.250   227.803        443.053           446.570 
    csa_tree_U.._18_10_groupi    51     0.299    35.909    35.258         71.167            71.466 
    csa_tree_U.._18_10_groupi    51     0.298    36.633    36.072         72.706            73.004 
    addinc_U_5_U_S0_add_18_16    49     0.278     5.367     8.165         13.531            13.810 
    addinc_U_0_U_S0_add_18_16    49     0.277     6.305     9.227         15.532            15.809 
    csa_tree_U.._18_10_groupi    24     0.267    18.244    15.774         34.017            34.284 
    csa_tree_U.._18_10_groupi    24     0.267    17.494    15.003         32.497            32.764 
    csa_tree_U.._18_10_groupi    20     0.215    11.351     9.093         20.444            20.659 
    U_1_U_S0_add_18_10           32     0.212     5.647     6.834         12.481            12.692 
    U_4_U_S0_add_18_10           32     0.210     4.458     5.494          9.952            10.162 
    csa_tree_U.._18_10_groupi    32     0.204    19.743    19.427         39.169            39.373 
    csa_tree_U.._41_16_groupi    24     0.147    22.122    20.136         42.258            42.405 
    addinc_U_S2_add_18_16        15     0.094     5.482     5.796         11.278            11.372 
    addinc_U_S22_add_18_16       15     0.094     4.869     5.174         10.043            10.136 
    addinc_U_1_U_S1_add_18_16    13     0.086     3.495     3.406          6.901             6.987 
    addinc_U_4_U_S1_add_18_16    13     0.085     2.779     2.752          5.531             5.616 
    U_3_U_S1_add_18_10            9     0.055     1.950     3.213          5.163             5.217 
    U_3_U_S0_add_18_10            9     0.055     2.458     3.931          6.389             6.443 
    U_2_U_S0_add_18_10            9     0.054     2.846     4.452          7.299             7.353 
    U_2_U_S1_add_18_10            9     0.054     2.427     4.010          6.436             6.490 
    U_S0_add_41_16                4     0.021     0.753     0.883          1.637             1.657 
    U_S20_add_41_16               4     0.020     0.677     0.797          1.474             1.494 
  gen_filter[13].U_S0           552     3.498   237.028   250.276        487.304           490.802 
    csa_tree_U.._18_10_groupi    51     0.299    40.436    39.481         79.917            80.216 
    csa_tree_U.._18_10_groupi    51     0.298    38.589    38.213         76.802            77.101 
    addinc_U_5_U_S0_add_18_16    49     0.277     6.460     9.683         16.142            16.420 
    addinc_U_0_U_S0_add_18_16    49     0.277     5.913     8.824         14.737            15.014 
    csa_tree_U.._18_10_groupi    24     0.267    22.423    19.665         42.089            42.356 
    csa_tree_U.._18_10_groupi    24     0.267    17.650    15.420         33.070            33.337 
    csa_tree_U.._18_10_groupi    20     0.214    11.761     9.607         21.368            21.582 
    U_1_U_S0_add_18_10           32     0.212     6.451     7.697         14.148            14.360 
    U_4_U_S0_add_18_10           32     0.212     5.647     6.879         12.526            12.737 
    csa_tree_U.._18_10_groupi    32     0.204    23.076    22.697         45.773            45.977 
    csa_tree_U.._41_16_groupi    24     0.146    24.000    22.071         46.071            46.217 
    addinc_U_S22_add_18_16       15     0.094     5.600     5.965         11.565            11.659 
    addinc_U_S2_add_18_16        15     0.094     6.560     6.959         13.519            13.613 
    addinc_U_4_U_S1_add_18_16    13     0.086     3.495     3.530          7.025             7.111 
    addinc_U_1_U_S1_add_18_16    13     0.085     4.268     4.163          8.431             8.517 
    U_2_U_S0_add_18_10            9     0.055     1.921     3.060          4.981             5.036 
    U_2_U_S1_add_18_10            9     0.055     1.878     3.255          5.133             5.188 
    U_3_U_S0_add_18_10            9     0.054     2.692     4.316          7.008             7.062 
    U_3_U_S1_add_18_10            9     0.054     2.675     4.428          7.102             7.157 
    U_S20_add_41_16               4     0.020     0.789     0.961          1.751             1.771 
    U_S0_add_41_16                4     0.020     0.437     0.577          1.014             1.034 
  gen_filter[10].U_S0           552     3.498   234.810   249.529        484.339           487.836 
    csa_tree_U.._18_10_groupi    51     0.299    40.110    39.728         79.837            80.136 
    csa_tree_U.._18_10_groupi    51     0.299    40.277    39.188         79.465            79.764 
    addinc_U_5_U_S0_add_18_16    49     0.281     5.818     8.569         14.387            14.668 
    addinc_U_0_U_S0_add_18_16    49     0.278     5.637     8.265         13.902            14.180 
    csa_tree_U.._18_10_groupi    24     0.267    18.618    16.272         34.889            35.156 
    csa_tree_U.._18_10_groupi    24     0.267    19.854    17.209         37.063            37.330 
    csa_tree_U.._18_10_groupi    20     0.214     9.933     7.899         17.832            18.046 
    U_4_U_S0_add_18_10           32     0.212     6.451     7.756         14.207            14.419 
    U_1_U_S0_add_18_10           32     0.212     6.205     7.537         13.742            13.954 
    csa_tree_U.._18_10_groupi    32     0.204    21.318    20.882         42.199            42.403 
    csa_tree_U.._41_16_groupi    24     0.145    23.168    21.359         44.527            44.672 
    addinc_U_S22_add_18_16       15     0.094     6.248     6.623         12.872            12.966 
    addinc_U_S2_add_18_16        15     0.094     6.628     6.965         13.593            13.687 
    addinc_U_4_U_S1_add_18_16    13     0.085     4.269     4.367          8.636             8.721 
    addinc_U_1_U_S1_add_18_16    13     0.085     3.547     3.433          6.980             7.065 
    U_2_U_S1_add_18_10            9     0.055     2.734     4.495          7.228             7.283 
    U_2_U_S0_add_18_10            9     0.054     2.837     4.428          7.266             7.320 
    U_3_U_S0_add_18_10            9     0.054     2.644     4.203          6.847             6.902 
    U_3_U_S1_add_18_10            9     0.054     2.718     4.521          7.239             7.293 
    U_S0_add_41_16                4     0.021     0.643     0.792          1.435             1.456 
    U_S20_add_41_16               4     0.020     0.600     0.756          1.356             1.376 
  gen_filter[3].U_S0            552     3.496   229.066   244.059        473.125           476.621 
    csa_tree_U.._18_10_groupi    51     0.299    38.471    37.800         76.271            76.570 
    csa_tree_U.._18_10_groupi    51     0.299    38.640    38.101         76.741            77.040 
    addinc_U_5_U_S0_add_18_16    49     0.277     6.165     9.111         15.277            15.554 
    addinc_U_0_U_S0_add_18_16    49     0.276     5.831     8.449         14.280            14.556 
    csa_tree_U.._18_10_groupi    24     0.267    16.631    14.857         31.488            31.755 
    csa_tree_U.._18_10_groupi    24     0.267    19.697    17.155         36.852            37.119 
    csa_tree_U.._18_10_groupi    20     0.213    10.425     8.779         19.204            19.418 
    U_4_U_S0_add_18_10           32     0.212     5.045     6.142         11.187            11.399 
    U_1_U_S0_add_18_10           32     0.212     6.870     8.719         15.589            15.801 
    csa_tree_U.._18_10_groupi    32     0.204    20.533    20.254         40.787            40.991 
    csa_tree_U.._41_16_groupi    24     0.146    24.199    21.892         46.092            46.238 
    addinc_U_S22_add_18_16       15     0.094     5.420     5.645         11.065            11.159 
    addinc_U_S2_add_18_16        15     0.093     7.338     7.712         15.050            15.143 
    addinc_U_1_U_S1_add_18_16    13     0.085     4.409     4.330          8.739             8.824 
    addinc_U_4_U_S1_add_18_16    13     0.085     3.479     3.558          7.037             7.122 
    U_3_U_S0_add_18_10            9     0.055     2.989     4.664          7.653             7.707 
    U_3_U_S1_add_18_10            9     0.055     2.663     4.334          6.997             7.052 
    U_2_U_S0_add_18_10            9     0.054     2.181     3.541          5.722             5.776 
    U_2_U_S1_add_18_10            9     0.054     2.436     4.171          6.607             6.661 
    U_S20_add_41_16               4     0.020     0.543     0.629          1.172             1.192 
    U_S0_add_41_16                4     0.020     0.635     0.802          1.437             1.458 
  gen_filter[12].U_S0           552     3.495   236.803   249.225        486.028           489.523 
    csa_tree_U.._18_10_groupi    51     0.299    40.580    39.837         80.417            80.716 
    csa_tree_U.._18_10_groupi    51     0.299    41.674    40.963         82.637            82.936 
    addinc_U_0_U_S0_add_18_16    49     0.278     6.215     8.792         15.007            15.285 
    addinc_U_5_U_S0_add_18_16    49     0.278     6.285     8.960         15.245            15.522 
    csa_tree_U.._18_10_groupi    24     0.267    19.477    16.590         36.067            36.333 
    csa_tree_U.._18_10_groupi    24     0.266    20.336    17.625         37.961            38.227 
    csa_tree_U.._18_10_groupi    20     0.216    11.375     9.309         20.684            20.900 
    U_4_U_S0_add_18_10           32     0.211     5.985     7.580         13.565            13.776 
    U_1_U_S0_add_18_10           32     0.211     6.008     7.559         13.568            13.778 
    csa_tree_U.._18_10_groupi    32     0.204    21.531    21.288         42.820            43.024 
    csa_tree_U.._41_16_groupi    24     0.148    23.475    21.258         44.733            44.881 
    addinc_U_S2_add_18_16        15     0.094     5.473     5.872         11.344            11.438 
    addinc_U_S22_add_18_16       15     0.093     6.146     6.398         12.544            12.638 
    addinc_U_4_U_S1_add_18_16    13     0.085     4.117     4.103          8.221             8.306 
    addinc_U_1_U_S1_add_18_16    13     0.085     3.981     3.893          7.874             7.959 
    U_3_U_S0_add_18_10            9     0.055     1.921     3.037          4.958             5.013 
    U_3_U_S1_add_18_10            9     0.055     1.878     3.255          5.133             5.188 
    U_2_U_S0_add_18_10            9     0.054     2.581     4.017          6.598             6.652 
    U_2_U_S1_add_18_10            9     0.054     2.515     4.268          6.783             6.837 
    U_S0_add_41_16                4     0.020     0.443     0.548          0.991             1.011 
    U_S20_add_41_16               4     0.020     0.617     0.766          1.383             1.403 
  gen_filter[7].U_S0            552     3.494   230.657   243.692        474.349           477.844 
    csa_tree_U.._18_10_groupi    51     0.299    40.010    39.166         79.176            79.475 
    csa_tree_U.._18_10_groupi    51     0.299    39.288    38.600         77.888            78.187 
    addinc_U_5_U_S0_add_18_16    49     0.278     6.215     8.925         15.141            15.419 
    addinc_U_0_U_S0_add_18_16    49     0.278     5.386     8.055         13.441            13.719 
    csa_tree_U.._18_10_groupi    24     0.267    19.787    17.238         37.025            37.292 
    csa_tree_U.._18_10_groupi    24     0.266    18.136    15.670         33.806            34.072 
    csa_tree_U.._18_10_groupi    20     0.215    10.942     8.906         19.848            20.063 
    U_4_U_S0_add_18_10           32     0.212     6.205     7.594         13.799            14.011 
    U_1_U_S0_add_18_10           32     0.209     5.818     6.877         12.695            12.904 
    csa_tree_U.._18_10_groupi    32     0.205    20.600    20.371         40.971            41.176 
    csa_tree_U.._41_16_groupi    24     0.146    24.096    22.103         46.199            46.345 
    addinc_U_S22_add_18_16       15     0.094     6.232     6.510         12.742            12.836 
    addinc_U_S2_add_18_16        15     0.093     6.346     6.615         12.962            13.055 
    addinc_U_1_U_S1_add_18_16    13     0.085     3.553     3.442          6.996             7.081 
    addinc_U_4_U_S1_add_18_16    13     0.085     3.548     3.588          7.136             7.220 
    U_3_U_S1_add_18_10            9     0.055     2.426     4.099          6.524             6.579 
    U_3_U_S0_add_18_10            9     0.055     2.252     3.702          5.954             6.009 
    U_2_U_S1_add_18_10            9     0.054     2.125     3.528          5.653             5.708 
    U_2_U_S0_add_18_10            9     0.054     2.152     3.482          5.634             5.688 
    U_S0_add_41_16                4     0.020     0.617     0.766          1.383             1.403 
    U_S20_add_41_16               4     0.020     0.523     0.642          1.166             1.186 
  gen_filter[2].U_S0            552     3.492   231.048   245.871        476.919           480.411 
    csa_tree_U.._18_10_groupi    51     0.299    39.141    38.170         77.311            77.609 
    csa_tree_U.._18_10_groupi    51     0.299    41.441    40.838         82.279            82.578 
    addinc_U_5_U_S0_add_18_16    49     0.278     5.386     8.106         13.492            13.770 
    addinc_U_0_U_S0_add_18_16    49     0.277     5.325     7.942         13.267            13.544 
    csa_tree_U.._18_10_groupi    24     0.267    18.345    15.609         33.954            34.221 
    csa_tree_U.._18_10_groupi    24     0.267    18.903    16.493         35.397            35.663 
    csa_tree_U.._18_10_groupi    20     0.214     9.187     7.675         16.862            17.076 
    U_4_U_S0_add_18_10           32     0.212     7.160     8.775         15.935            16.147 
    U_1_U_S0_add_18_10           32     0.210     5.578     7.255         12.833            13.043 
    csa_tree_U.._18_10_groupi    32     0.205    20.963    20.561         41.523            41.728 
    csa_tree_U.._41_16_groupi    24     0.146    23.849    21.893         45.742            45.888 
    addinc_U_S2_add_18_16        15     0.093     5.817     6.169         11.986            12.080 
    addinc_U_S22_add_18_16       15     0.093     6.295     6.628         12.924            13.017 
    addinc_U_4_U_S1_add_18_16    13     0.085     4.130     4.173          8.303             8.388 
    addinc_U_1_U_S1_add_18_16    13     0.085     3.818     3.620          7.438             7.523 
    U_2_U_S0_add_18_10            9     0.055     3.021     4.712          7.733             7.787 
    U_2_U_S1_add_18_10            9     0.055     2.801     4.572          7.372             7.427 
    U_3_U_S0_add_18_10            9     0.054     2.181     3.570          5.750             5.805 
    U_3_U_S1_add_18_10            9     0.054     2.436     4.171          6.607             6.661 
    U_S20_add_41_16               4     0.020     0.381     0.510          0.891             0.912 
    U_S0_add_41_16                4     0.020     0.523     0.642          1.166             1.186 
  gen_filter[5].U_S0            552     3.492   227.232   239.794        467.027           470.518 
    csa_tree_U.._18_10_groupi    51     0.299    37.909    36.971         74.880            75.179 
    csa_tree_U.._18_10_groupi    51     0.299    37.905    37.198         75.103            75.402 
    addinc_U_0_U_S0_add_18_16    49     0.279     6.040     8.680         14.720            14.999 
    addinc_U_5_U_S0_add_18_16    49     0.278     5.637     8.375         14.012            14.290 
    csa_tree_U.._18_10_groupi    24     0.267    19.709    17.042         36.751            37.018 
    csa_tree_U.._18_10_groupi    24     0.267    18.398    16.160         34.557            34.824 
    csa_tree_U.._18_10_groupi    20     0.213    10.633     8.564         19.197            19.410 
    U_1_U_S0_add_18_10           32     0.212     7.160     8.726         15.886            16.098 
    U_4_U_S0_add_18_10           32     0.209     5.294     6.459         11.753            11.963 
    csa_tree_U.._18_10_groupi    32     0.204    20.719    20.291         41.010            41.214 
    csa_tree_U.._41_16_groupi    24     0.147    23.374    21.349         44.723            44.870 
    addinc_U_S2_add_18_16        15     0.094     6.548     6.891         13.440            13.534 
    addinc_U_S22_add_18_16       15     0.094     5.786     6.019         11.805            11.899 
    addinc_U_1_U_S1_add_18_16    13     0.085     4.129     3.983          8.112             8.198 
    addinc_U_4_U_S1_add_18_16    13     0.085     3.515     3.528          7.044             7.129 
    U_2_U_S0_add_18_10            9     0.055     2.120     3.375          5.495             5.549 
    U_2_U_S1_add_18_10            9     0.054     2.370     3.903          6.273             6.327 
    U_3_U_S1_add_18_10            9     0.054     2.268     3.754          6.022             6.076 
    U_3_U_S0_add_18_10            9     0.054     2.359     3.830          6.189             6.243 
    U_S0_add_41_16                4     0.020     0.600     0.756          1.356             1.376 
    U_S20_add_41_16               4     0.020     0.507     0.639          1.146             1.166 
  gen_filter[9].U_S0            552     3.491   235.847   249.823        485.670           489.161 
    csa_tree_U.._18_10_groupi    51     0.299    39.530    38.685         78.215            78.514 
    csa_tree_U.._18_10_groupi    51     0.299    39.824    39.244         79.068            79.366 
    addinc_U_0_U_S0_add_18_16    49     0.278     5.919     8.570         14.489            14.768 
    addinc_U_5_U_S0_add_18_16    49     0.276     6.772    10.010         16.781            17.057 
    csa_tree_U.._18_10_groupi    24     0.267    19.911    17.017         36.928            37.195 
    csa_tree_U.._18_10_groupi    24     0.267    18.517    15.858         34.375            34.643 
    csa_tree_U.._18_10_groupi    20     0.213    11.861     9.986         21.848            22.060 
    U_4_U_S0_add_18_10           32     0.211     6.008     7.600         13.608            13.819 
    U_1_U_S0_add_18_10           32     0.210     5.432     6.682         12.114            12.325 
    csa_tree_U.._18_10_groupi    32     0.204    21.028    20.419         41.446            41.651 
    csa_tree_U.._41_16_groupi    24     0.146    26.517    24.249         50.766            50.912 
    addinc_U_S2_add_18_16        15     0.094     5.933     6.298         12.231            12.325 
    addinc_U_S22_add_18_16       15     0.094     5.528     5.758         11.287            11.380 
    addinc_U_4_U_S1_add_18_16    13     0.085     3.982     4.079          8.060             8.146 
    addinc_U_1_U_S1_add_18_16    13     0.085     2.986     2.996          5.982             6.066 
    U_2_U_S1_add_18_10            9     0.055     2.339     3.907          6.247             6.301 
    U_3_U_S1_add_18_10            9     0.055     2.734     4.495          7.228             7.283 
    U_3_U_S0_add_18_10            9     0.054     2.837     4.464          7.301             7.356 
    U_2_U_S0_add_18_10            9     0.054     2.807     4.532          7.338             7.393 
    U_S0_add_41_16                4     0.020     0.428     0.531          0.959             0.979 
    U_S20_add_41_16               4     0.020     0.427     0.544          0.971             0.991 
  gen_filter[8].U_S0            552     3.490   231.880   245.439        477.319           480.808 
    csa_tree_U.._18_10_groupi    51     0.299    40.492    39.857         80.349            80.648 
    csa_tree_U.._18_10_groupi    51     0.299    38.282    37.409         75.691            75.990 
    addinc_U_0_U_S0_add_18_16    49     0.277     6.165     8.997         15.162            15.440 
    addinc_U_5_U_S0_add_18_16    49     0.277     5.913     8.893         14.807            15.084 
    csa_tree_U.._18_10_groupi    24     0.267    18.641    15.583         34.224            34.491 
    csa_tree_U.._18_10_groupi    24     0.267    19.770    17.218         36.989            37.256 
    csa_tree_U.._18_10_groupi    20     0.214    11.255     9.447         20.702            20.916 
    U_4_U_S0_add_18_10           32     0.211     6.664     7.950         14.614            14.825 
    U_1_U_S0_add_18_10           32     0.209     5.294     6.418         11.713            11.922 
    csa_tree_U.._18_10_groupi    32     0.204    21.665    21.185         42.850            43.055 
    csa_tree_U.._41_16_groupi    24     0.146    23.776    21.830         45.606            45.752 
    addinc_U_S2_add_18_16        15     0.094     5.992     6.321         12.313            12.407 
    addinc_U_S22_add_18_16       15     0.093     5.371     5.693         11.064            11.157 
    addinc_U_4_U_S1_add_18_16    13     0.085     3.432     3.598          7.031             7.116 
    addinc_U_1_U_S1_add_18_16    13     0.085     3.515     3.418          6.933             7.018 
    U_2_U_S1_add_18_10            9     0.055     2.426     4.099          6.524             6.579 
    U_2_U_S0_add_18_10            9     0.055     2.252     3.657          5.909             5.964 
    U_3_U_S1_add_18_10            9     0.055     2.339     3.907          6.247             6.301 
    U_3_U_S0_add_18_10            9     0.054     2.807     4.580          7.387             7.441 
    U_S0_add_41_16                4     0.020     0.789     0.961          1.751             1.771 
    U_S20_add_41_16               4     0.020     0.635     0.802          1.437             1.458 
  gen_filter[6].U_S0            552     3.487   218.722   232.083        450.805           454.293 
    csa_tree_U.._18_10_groupi    51     0.299    36.753    36.411         73.165            73.464 
    csa_tree_U.._18_10_groupi    51     0.299    36.547    35.980         72.527            72.826 
    addinc_U_0_U_S0_add_18_16    49     0.276     6.155     8.915         15.070            15.346 
    addinc_U_5_U_S0_add_18_16    49     0.274     6.379     9.425         15.804            16.079 
    csa_tree_U.._18_10_groupi    24     0.267    17.562    15.312         32.874            33.141 
    csa_tree_U.._18_10_groupi    24     0.267    18.576    16.165         34.741            35.008 
    csa_tree_U.._18_10_groupi    20     0.214    10.870     8.943         19.813            20.027 
    U_1_U_S0_add_18_10           32     0.212     5.045     6.095         11.140            11.352 
    U_4_U_S0_add_18_10           32     0.210     5.432     6.739         12.171            12.382 
    csa_tree_U.._18_10_groupi    32     0.204    20.278    19.848         40.126            40.330 
    csa_tree_U.._41_16_groupi    24     0.147    23.125    20.919         44.044            44.190 
    addinc_U_S22_add_18_16       15     0.094     5.943     6.324         12.267            12.361 
    addinc_U_S2_add_18_16        15     0.094     5.309     5.626         10.935            11.030 
    addinc_U_1_U_S1_add_18_16    13     0.085     3.479     3.455          6.934             7.019 
    addinc_U_4_U_S1_add_18_16    13     0.085     2.986     3.138          6.123             6.208 
    U_3_U_S1_add_18_10            9     0.054     2.125     3.528          5.653             5.708 
    U_2_U_S1_add_18_10            9     0.054     2.268     3.754          6.022             6.076 
    U_3_U_S0_add_18_10            9     0.054     2.152     3.525          5.676             5.731 
    U_2_U_S0_add_18_10            9     0.054     2.359     3.799          6.158             6.212 
    U_S0_add_41_16                4     0.020     0.598     0.730          1.329             1.349 
    U_S20_add_41_16               4     0.020     0.639     0.768          1.407             1.427 
  gen_filter[4].U_S0            552     3.486   232.730   243.658        476.388           479.874 
    csa_tree_U.._18_10_groupi    51     0.299    40.003    39.623         79.626            79.926 
    csa_tree_U.._18_10_groupi    51     0.299    36.808    35.968         72.776            73.075 
    addinc_U_5_U_S0_add_18_16    49     0.278     5.919     8.631         14.550            14.828 
    addinc_U_0_U_S0_add_18_16    49     0.275     6.907     9.674         16.581            16.856 
    csa_tree_U.._18_10_groupi    24     0.267    20.252    17.048         37.299            37.566 
    csa_tree_U.._18_10_groupi    24     0.267    19.510    16.471         35.982            36.249 
    csa_tree_U.._18_10_groupi    20     0.212    11.008     8.740         19.748            19.961 
    U_1_U_S0_add_18_10           32     0.210     5.384     6.255         11.640            11.850 
    U_4_U_S0_add_18_10           32     0.209     5.818     6.934         12.752            12.961 
    csa_tree_U.._18_10_groupi    32     0.205    22.622    22.091         44.713            44.918 
    csa_tree_U.._41_16_groupi    24     0.146    24.144    22.241         46.385            46.531 
    addinc_U_S2_add_18_16        15     0.094     5.982     6.208         12.190            12.284 
    addinc_U_S22_add_18_16       15     0.093     5.643     5.865         11.509            11.602 
    addinc_U_1_U_S1_add_18_16    13     0.085     3.842     3.737          7.579             7.664 
    addinc_U_4_U_S1_add_18_16    13     0.085     3.554     3.667          7.220             7.305 
    U_2_U_S0_add_18_10            9     0.055     2.989     4.623          7.612             7.667 
    U_2_U_S1_add_18_10            9     0.055     2.663     4.334          6.997             7.052 
    U_3_U_S0_add_18_10            9     0.055     2.120     3.409          5.529             5.583 
    U_3_U_S1_add_18_10            9     0.054     2.370     3.903          6.273             6.327 
    U_S20_add_41_16               4     0.020     0.557     0.671          1.228             1.248 
    U_S0_add_41_16                4     0.020     0.427     0.544          0.971             0.991 
  gen_filter[11].U_S0           552     3.483   235.338   247.530        482.869           486.351 
    csa_tree_U.._18_10_groupi    51     0.299    40.992    39.904         80.896            81.194 
    csa_tree_U.._18_10_groupi    51     0.299    39.782    38.976         78.758            79.057 
    addinc_U_5_U_S0_add_18_16    49     0.277     6.305     9.301         15.606            15.883 
    addinc_U_0_U_S0_add_18_16    49     0.274     6.379     9.340         15.719            15.993 
    csa_tree_U.._18_10_groupi    24     0.267    19.088    16.287         35.375            35.642 
    csa_tree_U.._18_10_groupi    24     0.267    19.696    16.962         36.658            36.925 
    csa_tree_U.._18_10_groupi    20     0.213    10.657     8.704         19.361            19.574 
    U_1_U_S0_add_18_10           32     0.211     6.664     7.889         14.553            14.764 
    U_4_U_S0_add_18_10           32     0.209     5.004     5.972         10.976            11.185 
    csa_tree_U.._18_10_groupi    32     0.204    21.975    21.481         43.456            43.660 
    csa_tree_U.._41_16_groupi    24     0.146    24.509    22.417         46.926            47.072 
    addinc_U_S22_add_18_16       15     0.094     5.450     5.767         11.217            11.311 
    addinc_U_S2_add_18_16        15     0.093     5.740     6.085         11.825            11.918 
    addinc_U_1_U_S1_add_18_16    13     0.085     3.432     3.398          6.830             6.915 
    addinc_U_4_U_S1_add_18_16    13     0.085     3.820     3.866          7.686             7.771 
    U_3_U_S0_add_18_10            9     0.054     2.581     4.090          6.671             6.725 
    U_2_U_S0_add_18_10            9     0.054     2.644     4.162          6.806             6.860 
    U_2_U_S1_add_18_10            9     0.054     2.718     4.521          7.239             7.293 
    U_3_U_S1_add_18_10            9     0.054     2.515     4.268          6.783             6.837 
    U_S20_add_41_16               4     0.020     0.598     0.730          1.329             1.349 
    U_S0_add_41_16                4     0.020     0.677     0.797          1.474             1.494 

