============================================================
  Generated by:           Genus(TM) Synthesis Solution 17.10-p007_1
  Generated on:           Nov 20 2019  06:12:39 pm
  Module:                 filter_4
  Technology libraries:   CORE65LPSVT 
                          CLOCK65LPSVT 
                          physical_cells 
  Operating conditions:   _nominal_ 
  Interconnect mode:      global
  Area mode:              physical library
============================================================

                                        Leakage   Internal  
      Gate        Instances    Area   Power (uW) Power (uW)     Library    
---------------------------------------------------------------------------
HS65_LSS_XNOR2X6          2     8.320      0.013      0.274    CORE65LPSVT 
HS65_LSS_XOR2X3           2     8.320      0.007      0.273    CORE65LPSVT 
HS65_LSS_XOR3X2           3    23.400      0.016      0.851    CORE65LPSVT 
HS65_LS_AO12X4            4    14.560      0.012      0.911    CORE65LPSVT 
HS65_LS_AO32X4            2     9.360      0.005      0.354    CORE65LPSVT 
HS65_LS_FA1X4           163  1525.680      1.020    156.097    CORE65LPSVT 
HS65_LS_HA1X4            32   166.400      0.167     14.154    CORE65LPSVT 
HS65_LS_IVX2             56    87.360      0.048      1.907    CORE65LPSVT 
HS65_LS_IVX9             55    85.800      0.137      3.688    CORE65LPSVT 
HS65_LS_NAND2X2           1     2.080      0.001      0.059    CORE65LPSVT 
HS65_LS_NOR2AX3           2     5.200      0.004      0.095    CORE65LPSVT 
HS65_LS_NOR2X2            4     8.320      0.004      0.133    CORE65LPSVT 
HS65_LS_OAI21X2           1     2.600      0.001      0.140    CORE65LPSVT 
HS65_LS_OR2X4             2     6.240      0.005      0.222    CORE65LPSVT 
HS65_LS_PAO2X4            9    42.120      0.025      4.607    CORE65LPSVT 
HS65_LS_PAO3X18           1     6.760      0.011      0.656    CORE65LPSVT 
---------------------------------------------------------------------------
total                   339  2002.520      1.476    184.422                


                                           Leakage  Leakage  Internal  Internal 
     Type      Instances   Area   Area % Power (uW) Power % Power (uW)  Power % 
--------------------------------------------------------------------------------
inverter             111  173.160    8.6      0.185    12.5      5.595      3.0 
logic                228 1829.360   91.4      1.291    87.5    178.828     97.0 
physical_cells         0    0.000    0.0      0.000     0.0      0.000      0.0 
--------------------------------------------------------------------------------
total                339 2002.520  100.0      1.476   100.0    184.422    100.0 

