============================================================
  Generated by:           Genus(TM) Synthesis Solution 17.10-p007_1
  Generated on:           Nov 20 2019  06:12:38 pm
  Module:                 filter_4
  Technology libraries:   CORE65LPSVT 
                          CLOCK65LPSVT 
                          physical_cells 
  Operating conditions:   _nominal_ 
  Interconnect mode:      global
  Area mode:              physical library
============================================================

   Pin           Type         Fanout Load Slew Delay Arrival   
                                     (fF) (ps)  (ps)   (ps)    
---------------------------------------------------------------
e3[0]        in port               5 14.5    0    +0       0 R 
addinc_U_3_U_S0_add_18_16/A[0] 
  g256/A                                          +0       0   
  g256/Z     HS65_LS_NOR2AX3       1  6.6  104   +90      90 R 
  g254/A0                                         +0      90   
  g254/CO    HS65_LS_FA1X4         1  6.6   64  +164     254 R 
  g252/A0                                         +0     254   
  g252/S0    HS65_LS_FA1X4         1  5.0   54  +226     480 R 
  g251/A                                          +0     480   
  g251/Z     HS65_LS_IVX9          2  6.1   29   +41     521 F 
addinc_U_3_U_S0_add_18_16/Z[5] 
csa_tree_U_S22_add_18_16_groupi/in_1[5] 
  g175/B                                          +0     521   
  g175/Z     HS65_LS_NOR2X2        2  7.4  162  +109     630 R 
  g174/C                                          +0     630   
  g174/Z     HS65_LS_AO12X4        1  6.4   56  +148     778 R 
  g253/B0                                         +0     778   
  g253/CO    HS65_LS_FA1X4         1  6.6   64  +145     923 R 
  g252/A0                                         +0     923   
  g252/S0    HS65_LS_FA1X4         1  5.4   57  +228    1151 R 
csa_tree_U_S22_add_18_16_groupi/out_0[6] 
csa_tree_U_s23_add_18_10_groupi/in_0[6] 
  g1131/CI                                        +0    1151   
  g1131/S0   HS65_LS_FA1X4         1  6.6   64  +228    1380 R 
  g1111/A0                                        +0    1380   
  g1111/S0   HS65_LS_FA1X4         1  6.4   61  +209    1588 F 
  g286/B0                                         +0    1588   
  g286/CO    HS65_LS_FA1X4         1  6.6   64  +167    1755 F 
  g285/A0                                         +0    1755   
  g285/CO    HS65_LS_FA1X4         1  6.6   64  +167    1922 F 
  g284/A0                                         +0    1922   
  g284/CO    HS65_LS_FA1X4         1  6.6   64  +167    2090 F 
  g283/A0                                         +0    2090   
  g283/CO    HS65_LS_FA1X4         1  6.6   64  +167    2257 F 
  g282/A0                                         +0    2257   
  g282/CO    HS65_LS_FA1X4         1  6.6   64  +167    2424 F 
  g281/A0                                         +0    2424   
  g281/CO    HS65_LS_FA1X4         1  6.6   64  +167    2591 F 
  g280/A0                                         +0    2591   
  g280/CO    HS65_LS_FA1X4         1  6.6   64  +167    2758 F 
  g279/A0                                         +0    2758   
  g279/CO    HS65_LS_FA1X4         1  6.6   64  +167    2926 F 
  g278/A0                                         +0    2926   
  g278/CO    HS65_LS_FA1X4         1  6.3   62  +166    3091 F 
  g277/A                                          +0    3091   
  g277/Z     HS65_LSS_XOR3X2       1  2.6   81  +148    3239 F 
csa_tree_U_s23_add_18_10_groupi/out_0[15] 
f3[9]        interconnect                   81    +0    3239 F 
             out port                             +0    3239 F 
---------------------------------------------------------------
Timing slack :  UNCONSTRAINED
Start-point  : e3[0]
End-point    : f3[9]
