============================================================
  Generated by:           Genus(TM) Synthesis Solution 17.10-p007_1
  Generated on:           Nov 19 2019  11:38:06 pm
  Module:                 FME_INTER_4
  Technology libraries:   CORE65LPSVT 
                          CLOCK65LPSVT 
                          physical_cells 
  Operating conditions:   _nominal_ 
  Interconnect mode:      global
  Area mode:              physical library
============================================================

                    Instance                                          Module                       Cells  Cell Area  Net Area   Total Area 
-------------------------------------------------------------------------------------------------------------------------------------------
FME_INTER_4                                                                                        92345     469004    211771       680775 
  U_buffer                                       buffer_shift                                      60481     285650    138477       424126 
  U_inter                                        interpolation_bit_width10                         27843     157236     57759       214995 
    csa_tree_PUs_10__U_F8_U_s3_add_18_10_groupi  csa_tree_PUs_10__U_F8_U_s3_add_18_10_group_1427     136       1049       263         1312 
    csa_tree_PUs_10__U_F8_U_s23_add_18_10_groupi csa_tree_PUs_10__U_F8_U_s23_add_18_10_group_1425    135       1048       261         1309 
    csa_tree_PUs_5__U_F8_U_s23_add_18_10_groupi  csa_tree_PUs_5__U_F8_U_s23_add_18_10_group_1445     136       1044       263         1306 
    csa_tree_PUs_3__U_F8_U_s3_add_18_10_groupi   csa_tree_PUs_3__U_F8_U_s3_add_18_10_group_1455      136       1040       263         1303 
    csa_tree_PUs_7__U_F8_U_s23_add_18_10_groupi  csa_tree_PUs_7__U_F8_U_s23_add_18_10_group_1437     136       1038       263         1301 
    csa_tree_PUs_5__U_F8_U_s3_add_18_10_groupi   csa_tree_PUs_5__U_F8_U_s3_add_18_10_group_1447      136       1035       263         1298 
    csa_tree_PUs_6__U_F8_U_s23_add_18_10_groupi  csa_tree_PUs_6__U_F8_U_s23_add_18_10_group_1441     136       1033       263         1295 
    csa_tree_PUs_7__U_F8_U_s3_add_18_10_groupi   csa_tree_PUs_7__U_F8_U_s3_add_18_10_group_1439      136       1031       263         1293 
    csa_tree_PUs_3__U_F8_U_s23_add_18_10_groupi  csa_tree_PUs_3__U_F8_U_s23_add_18_10_group_1453     135       1031       262         1293 
    csa_tree_PUs_9__U_F8_U_s3_add_18_10_groupi   csa_tree_PUs_9__U_F8_U_s3_add_18_10_group_1431      135       1031       262         1293 
    csa_tree_PUs_2__U_F8_U_s3_add_18_10_groupi   csa_tree_PUs_2__U_F8_U_s3_add_18_10_group_1459      135       1030       261         1291 
    csa_tree_PUs_2__U_F8_U_s23_add_18_10_groupi  csa_tree_PUs_2__U_F8_U_s23_add_18_10_group_1457     136       1028       263         1291 
    csa_tree_PUs_8__U_F8_U_s23_add_18_10_groupi  csa_tree_PUs_8__U_F8_U_s23_add_18_10_group_1433     136       1028       263         1290 
    csa_tree_PUs_1__U_F8_U_s3_add_18_10_groupi   csa_tree_PUs_1__U_F8_U_s3_add_18_10_group_1463      136       1026       263         1290 
    csa_tree_PUs_1__U_F8_U_s23_add_18_10_groupi  csa_tree_PUs_1__U_F8_U_s23_add_18_10_group_1461     135       1023       261         1285 
    csa_tree_PUs_6__U_F8_U_s3_add_18_10_groupi   csa_tree_PUs_6__U_F8_U_s3_add_18_10_group_1443      135       1020       261         1282 
    csa_tree_PUs_4__U_F8_U_s3_add_18_10_groupi   csa_tree_PUs_4__U_F8_U_s3_add_18_10_group_1451      135       1017       261         1278 
    csa_tree_PUs_9__U_F8_U_s23_add_18_10_groupi  csa_tree_PUs_9__U_F8_U_s23_add_18_10_group_1429     136       1009       263         1272 
    csa_tree_PUs_4__U_F8_U_s23_add_18_10_groupi  csa_tree_PUs_4__U_F8_U_s23_add_18_10_group_1449     135       1004       261         1265 
    csa_tree_PUs_8__U_F8_U_s3_add_18_10_groupi   csa_tree_PUs_8__U_F8_U_s3_add_18_10_group_1435      135        998       262         1260 
    csa_tree_PUs_0__U_F8_U_s23_add_18_10_groupi  csa_tree_PUs_0__U_F8_U_s23_add_18_10_group_1465     135        954       261         1215 
    csa_tree_PUs_13__U_F8_U_s23_add_18_10_groupi csa_tree_PUs_13__U_F8_U_s23_add_18_10_group_1413    126        933       251         1184 
    csa_tree_PUs_11__U_F8_U_s23_add_18_10_groupi csa_tree_PUs_11__U_F8_U_s23_add_18_10_group_1421    126        931       251         1182 
    csa_tree_PUs_19__U_F8_U_s3_add_18_10_groupi  csa_tree_PUs_19__U_F8_U_s3_add_18_10_group_1391     126        929       251         1180 
    csa_tree_PUs_16__U_F8_U_s23_add_18_10_groupi csa_tree_PUs_16__U_F8_U_s23_add_18_10_group_1401    126        929       251         1180 
    csa_tree_PUs_12__U_F8_U_s23_add_18_10_groupi csa_tree_PUs_12__U_F8_U_s23_add_18_10_group_1417    126        929       251         1180 
    csa_tree_PUs_14__U_F8_U_s23_add_18_10_groupi csa_tree_PUs_14__U_F8_U_s23_add_18_10_group_1409    126        929       251         1180 
    csa_tree_PUs_20__U_F8_U_s23_add_18_10_groupi csa_tree_PUs_20__U_F8_U_s23_add_18_10_group_1385    126        926       251         1177 
    csa_tree_PUs_27__U_F8_U_s3_add_18_10_groupi  csa_tree_PUs_27__U_F8_U_s3_add_18_10_group_1359     126        925       251         1176 
    csa_tree_PUs_22__U_F8_U_s3_add_18_10_groupi  csa_tree_PUs_22__U_F8_U_s3_add_18_10_group_1379     126        925       251         1176 
    csa_tree_PUs_29__U_F8_U_s3_add_18_10_groupi  csa_tree_PUs_29__U_F8_U_s3_add_18_10_group_1351     126        923       251         1174 
    csa_tree_PUs_28__U_F8_U_s23_add_18_10_groupi csa_tree_PUs_28__U_F8_U_s23_add_18_10_group_1353    126        922       251         1174 
    csa_tree_PUs_19__U_F8_U_s23_add_18_10_groupi csa_tree_PUs_19__U_F8_U_s23_add_18_10_group_1389    126        922       251         1174 
    csa_tree_PUs_28__U_F8_U_s3_add_18_10_groupi  csa_tree_PUs_28__U_F8_U_s3_add_18_10_group_1355     126        922       251         1173 
    csa_tree_PUs_25__U_F8_U_s23_add_18_10_groupi csa_tree_PUs_25__U_F8_U_s23_add_18_10_group_1365    126        922       251         1173 
    csa_tree_PUs_18__U_F8_U_s3_add_18_10_groupi  csa_tree_PUs_18__U_F8_U_s3_add_18_10_group_1395     126        922       251         1173 
    csa_tree_PUs_17__U_F8_U_s3_add_18_10_groupi  csa_tree_PUs_17__U_F8_U_s3_add_18_10_group_1399     126        922       251         1173 
    csa_tree_PUs_16__U_F8_U_s3_add_18_10_groupi  csa_tree_PUs_16__U_F8_U_s3_add_18_10_group_1403     126        922       251         1173 
    csa_tree_PUs_31__U_F8_U_s3_add_18_10_groupi  csa_tree_PUs_31__U_F8_U_s3_add_18_10_group_1343     126        922       250         1173 
    csa_tree_PUs_26__U_F8_U_s23_add_18_10_groupi csa_tree_PUs_26__U_F8_U_s23_add_18_10_group_1361    126        921       251         1173 
    csa_tree_PUs_23__U_F8_U_s3_add_18_10_groupi  csa_tree_PUs_23__U_F8_U_s3_add_18_10_group_1375     126        921       251         1173 
    csa_tree_PUs_20__U_F8_U_s3_add_18_10_groupi  csa_tree_PUs_20__U_F8_U_s3_add_18_10_group_1387     126        921       251         1173 
    csa_tree_PUs_26__U_F8_U_s3_add_18_10_groupi  csa_tree_PUs_26__U_F8_U_s3_add_18_10_group_1363     126        921       251         1172 
    csa_tree_PUs_23__U_F8_U_s23_add_18_10_groupi csa_tree_PUs_23__U_F8_U_s23_add_18_10_group_1373    126        921       251         1172 
    csa_tree_PUs_25__U_F8_U_s3_add_18_10_groupi  csa_tree_PUs_25__U_F8_U_s3_add_18_10_group_1367     126        920       251         1171 
    csa_tree_PUs_22__U_F8_U_s23_add_18_10_groupi csa_tree_PUs_22__U_F8_U_s23_add_18_10_group_1377    126        919       251         1170 
    csa_tree_PUs_29__U_F8_U_s23_add_18_10_groupi csa_tree_PUs_29__U_F8_U_s23_add_18_10_group_1349    126        918       251         1169 
    csa_tree_PUs_24__U_F8_U_s3_add_18_10_groupi  csa_tree_PUs_24__U_F8_U_s3_add_18_10_group_1371     126        918       251         1169 
    csa_tree_PUs_21__U_F8_U_s23_add_18_10_groupi csa_tree_PUs_21__U_F8_U_s23_add_18_10_group_1381    126        918       251         1169 
    csa_tree_PUs_24__U_F8_U_s23_add_18_10_groupi csa_tree_PUs_24__U_F8_U_s23_add_18_10_group_1369    126        919       250         1169 
    csa_tree_PUs_27__U_F8_U_s23_add_18_10_groupi csa_tree_PUs_27__U_F8_U_s23_add_18_10_group_1357    126        918       251         1169 
    csa_tree_PUs_30__U_F8_U_s3_add_18_10_groupi  csa_tree_PUs_30__U_F8_U_s3_add_18_10_group_1347     126        918       250         1169 
    csa_tree_PUs_15__U_F8_U_s23_add_18_10_groupi csa_tree_PUs_15__U_F8_U_s23_add_18_10_group_1405    126        914       251         1165 
    csa_tree_PUs_17__U_F8_U_s23_add_18_10_groupi csa_tree_PUs_17__U_F8_U_s23_add_18_10_group_1397    126        914       251         1165 
    csa_tree_PUs_14__U_F8_U_s3_add_18_10_groupi  csa_tree_PUs_14__U_F8_U_s3_add_18_10_group_1411     126        913       251         1164 
    csa_tree_PUs_15__U_F8_U_s3_add_18_10_groupi  csa_tree_PUs_15__U_F8_U_s3_add_18_10_group_1407     126        913       251         1164 
    csa_tree_PUs_21__U_F8_U_s3_add_18_10_groupi  csa_tree_PUs_21__U_F8_U_s3_add_18_10_group_1383     126        911       251         1162 
    csa_tree_PUs_18__U_F8_U_s23_add_18_10_groupi csa_tree_PUs_18__U_F8_U_s23_add_18_10_group_1393    126        911       251         1162 
    csa_tree_PUs_0__U_F8_U_s3_add_18_10_groupi   csa_tree_PUs_0__U_F8_U_s3_add_18_10_group_1467      122        902       243         1145 
    csa_tree_PUs_32__U_F8_U_s3_add_18_10_groupi  csa_tree_PUs_32__U_F8_U_s3_add_18_10_group_1339     127        885       252         1137 
    csa_tree_PUs_30__U_F8_U_s23_add_18_10_groupi csa_tree_PUs_30__U_F8_U_s23_add_18_10_group_1345    133        841       261         1102 
    csa_tree_PUs_13__U_F8_U_s3_add_18_10_groupi  csa_tree_PUs_13__U_F8_U_s3_add_18_10_group_1415     126        848       251         1099 
    csa_tree_PUs_32__U_F8_U_s23_add_18_10_groupi csa_tree_PUs_32__U_F8_U_s23_add_18_10_group_1337    125        850       248         1098 
    csa_tree_PUs_31__U_F8_U_s23_add_18_10_groupi csa_tree_PUs_31__U_F8_U_s23_add_18_10_group_1341    126        846       250         1096 
    csa_tree_PUs_12__U_F8_U_s3_add_18_10_groupi  csa_tree_PUs_12__U_F8_U_s3_add_18_10_group_1419     126        844       251         1096 
    csa_tree_PUs_11__U_F8_U_s3_add_18_10_groupi  csa_tree_PUs_11__U_F8_U_s3_add_18_10_group_1423     126        828       251         1079 
    csa_tree_PUs_5__U_F8_U_S22_add_18_16_groupi  csa_tree_PUs_5__U_F8_U_S22_add_18_16_group_1643     105        698       186          884 
    csa_tree_PUs_8__U_F8_U_S22_add_18_16_groupi  csa_tree_PUs_8__U_F8_U_S22_add_18_16_group_1631     104        686       184          870 
    csa_tree_PUs_4__U_F8_U_S22_add_18_16_groupi  csa_tree_PUs_4__U_F8_U_S22_add_18_16_group_1647     105        647       186          832 
    csa_tree_PUs_4__U_F8_U_S2_add_18_16_groupi   csa_tree_PUs_4__U_F8_U_S2_add_18_16_group_1649      105        647       186          832 
    csa_tree_PUs_7__U_F8_U_S2_add_18_16_groupi   csa_tree_PUs_7__U_F8_U_S2_add_18_16_group_1637      103        644       182          826 
    csa_tree_PUs_2__U_F8_U_S22_add_18_16_groupi  csa_tree_PUs_2__U_F8_U_S22_add_18_16_group_1655     104        642       184          826 
    csa_tree_PUs_1__U_F8_U_S22_add_18_16_groupi  csa_tree_PUs_1__U_F8_U_S22_add_18_16_group_1659     104        638       184          822 
    csa_tree_PUs_6__U_F8_U_S2_add_18_16_groupi   csa_tree_PUs_6__U_F8_U_S2_add_18_16_group_1641      101        641       179          820 
    csa_tree_PUs_9__U_F8_U_S22_add_18_16_groupi  csa_tree_PUs_9__U_F8_U_S22_add_18_16_group_1627     101        640       179          819 
    csa_tree_PUs_10__U_F8_U_S2_add_18_16_groupi  csa_tree_PUs_10__U_F8_U_S2_add_18_16_group_1625     104        635       183          818 
    csa_tree_PUs_9__U_F8_U_S2_add_18_16_groupi   csa_tree_PUs_9__U_F8_U_S2_add_18_16_group_1629      103        635       181          816 
    csa_tree_PUs_3__U_F8_U_S2_add_18_16_groupi   csa_tree_PUs_3__U_F8_U_S2_add_18_16_group_1653      104        631       184          814 
    csa_tree_PUs_7__U_F8_U_S22_add_18_16_groupi  csa_tree_PUs_7__U_F8_U_S22_add_18_16_group_1635     104        630       184          814 
    csa_tree_PUs_3__U_F8_U_S22_add_18_16_groupi  csa_tree_PUs_3__U_F8_U_S22_add_18_16_group_1651     103        632       181          813 
    csa_tree_PUs_8__U_F8_U_S2_add_18_16_groupi   csa_tree_PUs_8__U_F8_U_S2_add_18_16_group_1633      103        629       181          811 
    csa_tree_PUs_6__U_F8_U_S22_add_18_16_groupi  csa_tree_PUs_6__U_F8_U_S22_add_18_16_group_1639     104        625       184          808 
    csa_tree_PUs_5__U_F8_U_S2_add_18_16_groupi   csa_tree_PUs_5__U_F8_U_S2_add_18_16_group_1645      104        621       183          804 
    csa_tree_PUs_2__U_F8_U_S2_add_18_16_groupi   csa_tree_PUs_2__U_F8_U_S2_add_18_16_group_1657       94        624       171          795 
    csa_tree_PUs_10__U_F8_U_S22_add_18_16_groupi csa_tree_PUs_10__U_F8_U_S22_add_18_16_group_1623     92        627       167          794 
    csa_tree_PUs_1__U_F8_U_S2_add_18_16_groupi   csa_tree_PUs_1__U_F8_U_S2_add_18_16_group_1661       94        613       171          784 
    addinc_PUs[24].U_F8_U_3_U_S0_add_18_16       add_signed_carry_11836                               93        612       154          766 
    addinc_PUs[16].U_F8_U_3_U_S0_add_18_16       add_signed_carry_11852                               93        611       154          765 
    addinc_PUs[15].U_F8_U_3_U_S0_add_18_16       add_signed_carry_11854                               93        611       154          765 
    addinc_PUs[29].U_F8_U_3_U_S0_add_18_16       add_signed_carry_11826                               93        609       154          764 
    addinc_PUs[22].U_F8_U_3_U_S0_add_18_16       add_signed_carry_11840                               93        609       154          764 
    addinc_PUs[21].U_F8_U_3_U_S0_add_18_16       add_signed_carry_11842                               93        609       154          764 
    addinc_PUs[19].U_F8_U_3_U_S0_add_18_16       add_signed_carry_11846                               93        609       154          764 
    addinc_PUs[1].U_F8_U_0_U_S0_add_18_16        add_signed_carry_11883                               93        609       154          764 
    addinc_PUs[20].U_F8_U_3_U_S0_add_18_16       add_signed_carry_11844                               93        609       154          763 
    addinc_PUs[30].U_F8_U_3_U_S0_add_18_16       add_signed_carry_11824                               95        605       158          763 
    addinc_PUs[2].U_F8_U_0_U_S0_add_18_16        add_signed_carry_11881                               95        605       157          762 
    addinc_PUs[14].U_F8_U_3_U_S0_add_18_16       add_signed_carry_11856                               93        607       154          762 
    addinc_PUs[13].U_F8_U_3_U_S0_add_18_16       add_signed_carry_11858                               93        607       154          761 
    addinc_PUs[12].U_F8_U_3_U_S0_add_18_16       add_signed_carry_11860                               93        607       154          761 
    addinc_PUs[0].U_F8_U_0_U_S0_add_18_16        add_signed_carry                                     93        607       154          761 
    addinc_PUs[11].U_F8_U_3_U_S0_add_18_16       add_signed_carry_11862                               93        605       154          760 
    addinc_PUs[23].U_F8_U_3_U_S0_add_18_16       add_signed_carry_11838                               93        605       154          759 
    addinc_PUs[27].U_F8_U_3_U_S0_add_18_16       add_signed_carry_11830                               93        605       154          759 
    addinc_PUs[18].U_F8_U_3_U_S0_add_18_16       add_signed_carry_11848                               93        605       154          759 
    addinc_PUs[31].U_F8_U_3_U_S0_add_18_16       add_signed_carry_11822                               95        601       158          758 
    addinc_PUs[28].U_F8_U_3_U_S0_add_18_16       add_signed_carry_11828                               95        601       158          758 
    addinc_PUs[25].U_F8_U_3_U_S0_add_18_16       add_signed_carry_11834                               95        601       158          758 
    addinc_PUs[32].U_F8_U_3_U_S0_add_18_16       add_signed_carry_11820                               95        601       157          758 
    addinc_PUs[26].U_F8_U_3_U_S0_add_18_16       add_signed_carry_11832                               93        603       154          756 
    addinc_PUs[17].U_F8_U_3_U_S0_add_18_16       add_signed_carry_11850                               93        603       154          756 
    csa_tree_PUs_0__U_F8_U_S22_add_18_16_groupi  csa_tree_PUs_0__U_F8_U_S22_add_18_16_group_1663      93        563       169          732 
    csa_tree_PUs_30__U_F8_U_S22_add_18_16_groupi csa_tree_PUs_30__U_F8_U_S22_add_18_16_group_1543     93        515       170          685 
    csa_tree_PUs_0__U_F8_U_S2_add_18_16_groupi   csa_tree_PUs_0__U_F8_U_S2_add_18_16_group_1665       92        497       167          664 
    csa_tree_PUs_32__U_F8_U_S22_add_18_16_groupi csa_tree_PUs_32__U_F8_U_S22_add_18_16_group_1535     91        490       167          657 
    csa_tree_PUs_31__U_F8_U_S22_add_18_16_groupi csa_tree_PUs_31__U_F8_U_S22_add_18_16_group_1539     90        487       165          652 
    csa_tree_PUs_12__U_F8_U_S2_add_18_16_groupi  csa_tree_PUs_12__U_F8_U_S2_add_18_16_group_1617      90        484       165          649 
    csa_tree_PUs_25__U_F8_U_S22_add_18_16_groupi csa_tree_PUs_25__U_F8_U_S22_add_18_16_group_1563     90        479       166          645 
    csa_tree_PUs_31__U_F8_U_S2_add_18_16_groupi  csa_tree_PUs_31__U_F8_U_S2_add_18_16_group_1541      90        476       166          642 
    csa_tree_PUs_29__U_F8_U_S2_add_18_16_groupi  csa_tree_PUs_29__U_F8_U_S2_add_18_16_group_1549      90        476       166          642 
    csa_tree_PUs_22__U_F8_U_S2_add_18_16_groupi  csa_tree_PUs_22__U_F8_U_S2_add_18_16_group_1577      90        476       166          642 
    csa_tree_PUs_30__U_F8_U_S2_add_18_16_groupi  csa_tree_PUs_30__U_F8_U_S2_add_18_16_group_1545      90        476       165          641 
    csa_tree_PUs_28__U_F8_U_S22_add_18_16_groupi csa_tree_PUs_28__U_F8_U_S22_add_18_16_group_1551     90        475       166          641 
    csa_tree_PUs_26__U_F8_U_S22_add_18_16_groupi csa_tree_PUs_26__U_F8_U_S22_add_18_16_group_1559     90        475       166          641 
    csa_tree_PUs_25__U_F8_U_S2_add_18_16_groupi  csa_tree_PUs_25__U_F8_U_S2_add_18_16_group_1565      90        475       166          641 
    csa_tree_PUs_24__U_F8_U_S2_add_18_16_groupi  csa_tree_PUs_24__U_F8_U_S2_add_18_16_group_1569      90        475       166          641 
    csa_tree_PUs_23__U_F8_U_S2_add_18_16_groupi  csa_tree_PUs_23__U_F8_U_S2_add_18_16_group_1573      90        475       166          641 
    csa_tree_PUs_21__U_F8_U_S22_add_18_16_groupi csa_tree_PUs_21__U_F8_U_S22_add_18_16_group_1579     90        475       166          641 
    csa_tree_PUs_20__U_F8_U_S22_add_18_16_groupi csa_tree_PUs_20__U_F8_U_S22_add_18_16_group_1583     90        475       166          641 
    csa_tree_PUs_20__U_F8_U_S2_add_18_16_groupi  csa_tree_PUs_20__U_F8_U_S2_add_18_16_group_1585      90        475       166          641 
    csa_tree_PUs_19__U_F8_U_S22_add_18_16_groupi csa_tree_PUs_19__U_F8_U_S22_add_18_16_group_1587     90        475       166          641 
    csa_tree_PUs_16__U_F8_U_S22_add_18_16_groupi csa_tree_PUs_16__U_F8_U_S22_add_18_16_group_1599     90        475       166          641 
    csa_tree_PUs_16__U_F8_U_S2_add_18_16_groupi  csa_tree_PUs_16__U_F8_U_S2_add_18_16_group_1601      90        475       166          641 
    csa_tree_PUs_27__U_F8_U_S22_add_18_16_groupi csa_tree_PUs_27__U_F8_U_S22_add_18_16_group_1555     90        475       165          640 
    csa_tree_PUs_18__U_F8_U_S2_add_18_16_groupi  csa_tree_PUs_18__U_F8_U_S2_add_18_16_group_1593      90        475       165          640 
    csa_tree_PUs_28__U_F8_U_S2_add_18_16_groupi  csa_tree_PUs_28__U_F8_U_S2_add_18_16_group_1553      90        474       166          640 
    csa_tree_PUs_22__U_F8_U_S22_add_18_16_groupi csa_tree_PUs_22__U_F8_U_S22_add_18_16_group_1575     90        474       166          640 
    csa_tree_PUs_13__U_F8_U_S2_add_18_16_groupi  csa_tree_PUs_13__U_F8_U_S2_add_18_16_group_1613      90        474       165          639 
    csa_tree_PUs_11__U_F8_U_S2_add_18_16_groupi  csa_tree_PUs_11__U_F8_U_S2_add_18_16_group_1621      90        474       165          639 
    csa_tree_PUs_27__U_F8_U_S2_add_18_16_groupi  csa_tree_PUs_27__U_F8_U_S2_add_18_16_group_1557      90        473       166          638 
    csa_tree_PUs_14__U_F8_U_S22_add_18_16_groupi csa_tree_PUs_14__U_F8_U_S22_add_18_16_group_1607     90        473       166          638 
    csa_tree_PUs_24__U_F8_U_S22_add_18_16_groupi csa_tree_PUs_24__U_F8_U_S22_add_18_16_group_1567     90        472       166          638 
    csa_tree_PUs_19__U_F8_U_S2_add_18_16_groupi  csa_tree_PUs_19__U_F8_U_S2_add_18_16_group_1589      90        472       166          638 
    csa_tree_PUs_23__U_F8_U_S22_add_18_16_groupi csa_tree_PUs_23__U_F8_U_S22_add_18_16_group_1571     90        472       166          637 
    csa_tree_PUs_17__U_F8_U_S2_add_18_16_groupi  csa_tree_PUs_17__U_F8_U_S2_add_18_16_group_1597      90        471       166          637 
    csa_tree_PUs_29__U_F8_U_S22_add_18_16_groupi csa_tree_PUs_29__U_F8_U_S22_add_18_16_group_1547     90        470       166          636 
    csa_tree_PUs_26__U_F8_U_S2_add_18_16_groupi  csa_tree_PUs_26__U_F8_U_S2_add_18_16_group_1561      90        470       166          636 
    csa_tree_PUs_21__U_F8_U_S2_add_18_16_groupi  csa_tree_PUs_21__U_F8_U_S2_add_18_16_group_1581      90        469       166          635 
    csa_tree_PUs_18__U_F8_U_S22_add_18_16_groupi csa_tree_PUs_18__U_F8_U_S22_add_18_16_group_1591     90        469       166          635 
    csa_tree_PUs_17__U_F8_U_S22_add_18_16_groupi csa_tree_PUs_17__U_F8_U_S22_add_18_16_group_1595     90        469       166          635 
    csa_tree_PUs_15__U_F8_U_S22_add_18_16_groupi csa_tree_PUs_15__U_F8_U_S22_add_18_16_group_1603     90        469       165          634 
    csa_tree_PUs_14__U_F8_U_S2_add_18_16_groupi  csa_tree_PUs_14__U_F8_U_S2_add_18_16_group_1609      90        469       165          634 
    csa_tree_PUs_15__U_F8_U_S2_add_18_16_groupi  csa_tree_PUs_15__U_F8_U_S2_add_18_16_group_1605      90        467       166          633 
    csa_tree_PUs_32__U_F8_U_S2_add_18_16_groupi  csa_tree_PUs_32__U_F8_U_S2_add_18_16_group_1537      87        467       160          627 
    addinc_PUs[2].U_F8_U_3_U_S0_add_18_16        add_signed_carry_11880                               89        469       145          614 
    addinc_PUs[5].U_F8_U_3_U_S0_add_18_16        add_signed_carry_11874                               89        467       146          613 
    addinc_PUs[3].U_F8_U_3_U_S0_add_18_16        add_signed_carry_11878                               89        466       145          611 
    csa_tree_PUs_13__U_F8_U_S22_add_18_16_groupi csa_tree_PUs_13__U_F8_U_S22_add_18_16_group_1611     89        444       164          608 
    addinc_PUs[6].U_F8_U_3_U_S0_add_18_16        add_signed_carry_11872                               89        463       145          608 
    addinc_PUs[1].U_F8_U_3_U_S0_add_18_16        add_signed_carry_11882                               89        461       146          608 
    csa_tree_PUs_12__U_F8_U_S22_add_18_16_groupi csa_tree_PUs_12__U_F8_U_S22_add_18_16_group_1615     89        443       164          607 
    csa_tree_PUs_11__U_F8_U_S22_add_18_16_groupi csa_tree_PUs_11__U_F8_U_S22_add_18_16_group_1619     89        443       164          607 
    addinc_PUs[0].U_F8_U_3_U_S0_add_18_16        add_signed_carry_11884                               89        460       146          606 
    addinc_PUs[9].U_F8_U_3_U_S0_add_18_16        add_signed_carry_11866                               89        457       145          602 
    addinc_PUs[10].U_F8_U_3_U_S0_add_18_16       add_signed_carry_11864                               89        456       145          601 
    addinc_PUs[7].U_F8_U_3_U_S0_add_18_16        add_signed_carry_11870                               89        456       145          601 
    addinc_PUs[8].U_F8_U_3_U_S0_add_18_16        add_signed_carry_11868                               89        454       145          600 
    addinc_PUs[4].U_F8_U_3_U_S0_add_18_16        add_signed_carry_11876                               89        454       145          600 
    csa_tree_PUs_7__U_F8_U_S13_add_18_10_groupi  csa_tree_PUs_7__U_F8_U_S13_add_18_10_group_1519      72        444       136          580 
    csa_tree_PUs_6__U_F8_U_S13_add_18_10_groupi  csa_tree_PUs_6__U_F8_U_S13_add_18_10_group_1521      72        444       136          580 
    csa_tree_PUs_10__U_F8_U_S13_add_18_10_groupi csa_tree_PUs_10__U_F8_U_S13_add_18_10_group_1513     69        441       131          572 
    csa_tree_PUs_4__U_F8_U_S13_add_18_10_groupi  csa_tree_PUs_4__U_F8_U_S13_add_18_10_group_1525      69        441       131          572 
    csa_tree_PUs_2__U_F8_U_S13_add_18_10_groupi  csa_tree_PUs_2__U_F8_U_S13_add_18_10_group_1529      69        441       131          572 
    csa_tree_PUs_1__U_F8_U_S13_add_18_10_groupi  csa_tree_PUs_1__U_F8_U_S13_add_18_10_group_1531      69        441       131          572 
    csa_tree_PUs_3__U_F8_U_S13_add_18_10_groupi  csa_tree_PUs_3__U_F8_U_S13_add_18_10_group_1527      69        438       131          568 
    csa_tree_PUs_5__U_F8_U_S13_add_18_10_groupi  csa_tree_PUs_5__U_F8_U_S13_add_18_10_group_1523      69        434       131          565 
    csa_tree_PUs_8__U_F8_U_S13_add_18_10_groupi  csa_tree_PUs_8__U_F8_U_S13_add_18_10_group_1517      69        433       131          564 
    csa_tree_PUs_9__U_F8_U_S13_add_18_10_groupi  csa_tree_PUs_9__U_F8_U_S13_add_18_10_group_1515      69        428       131          559 
    csa_tree_PUs_31__U_F8_U_S13_add_18_10_groupi csa_tree_PUs_31__U_F8_U_S13_add_18_10_group_1471     68        412       133          545 
    csa_tree_PUs_26__U_F8_U_S13_add_18_10_groupi csa_tree_PUs_26__U_F8_U_S13_add_18_10_group_1481     68        412       133          545 
    csa_tree_PUs_23__U_F8_U_S13_add_18_10_groupi csa_tree_PUs_23__U_F8_U_S13_add_18_10_group_1487     68        412       133          545 
    csa_tree_PUs_18__U_F8_U_S13_add_18_10_groupi csa_tree_PUs_18__U_F8_U_S13_add_18_10_group_1497     68        412       133          545 
    csa_tree_PUs_17__U_F8_U_S13_add_18_10_groupi csa_tree_PUs_17__U_F8_U_S13_add_18_10_group_1499     68        412       133          545 
    csa_tree_PUs_32__U_F8_U_S13_add_18_10_groupi csa_tree_PUs_32__U_F8_U_S13_add_18_10_group_1469     68        410       133          543 
    csa_tree_PUs_30__U_F8_U_S13_add_18_10_groupi csa_tree_PUs_30__U_F8_U_S13_add_18_10_group_1473     68        410       133          543 
    csa_tree_PUs_29__U_F8_U_S13_add_18_10_groupi csa_tree_PUs_29__U_F8_U_S13_add_18_10_group_1475     68        410       133          543 
    csa_tree_PUs_28__U_F8_U_S13_add_18_10_groupi csa_tree_PUs_28__U_F8_U_S13_add_18_10_group_1477     68        410       133          543 
    csa_tree_PUs_27__U_F8_U_S13_add_18_10_groupi csa_tree_PUs_27__U_F8_U_S13_add_18_10_group_1479     68        410       133          543 
    csa_tree_PUs_25__U_F8_U_S13_add_18_10_groupi csa_tree_PUs_25__U_F8_U_S13_add_18_10_group_1483     68        410       133          543 
    csa_tree_PUs_24__U_F8_U_S13_add_18_10_groupi csa_tree_PUs_24__U_F8_U_S13_add_18_10_group_1485     68        410       133          543 
    csa_tree_PUs_22__U_F8_U_S13_add_18_10_groupi csa_tree_PUs_22__U_F8_U_S13_add_18_10_group_1489     68        410       133          543 
    csa_tree_PUs_21__U_F8_U_S13_add_18_10_groupi csa_tree_PUs_21__U_F8_U_S13_add_18_10_group_1491     68        410       133          543 
    csa_tree_PUs_20__U_F8_U_S13_add_18_10_groupi csa_tree_PUs_20__U_F8_U_S13_add_18_10_group_1493     68        410       133          543 
    csa_tree_PUs_19__U_F8_U_S13_add_18_10_groupi csa_tree_PUs_19__U_F8_U_S13_add_18_10_group_1495     68        410       133          543 
    csa_tree_PUs_16__U_F8_U_S13_add_18_10_groupi csa_tree_PUs_16__U_F8_U_S13_add_18_10_group_1501     68        410       133          543 
    csa_tree_PUs_15__U_F8_U_S13_add_18_10_groupi csa_tree_PUs_15__U_F8_U_S13_add_18_10_group_1503     68        410       133          543 
    csa_tree_PUs_14__U_F8_U_S13_add_18_10_groupi csa_tree_PUs_14__U_F8_U_S13_add_18_10_group_1505     68        410       133          543 
    csa_tree_PUs_12__U_F8_U_S13_add_18_10_groupi csa_tree_PUs_12__U_F8_U_S13_add_18_10_group_1509     68        410       133          543 
    csa_tree_PUs_11__U_F8_U_S13_add_18_10_groupi csa_tree_PUs_11__U_F8_U_S13_add_18_10_group_1511     68        410       133          543 
    csa_tree_PUs_0__U_F8_U_S13_add_18_10_groupi  csa_tree_PUs_0__U_F8_U_S13_add_18_10_group_1533      67        408       129          537 
    csa_tree_PUs_13__U_F8_U_S13_add_18_10_groupi csa_tree_PUs_13__U_F8_U_S13_add_18_10_group_1507     65        398       128          526 
    PUs[1].U_F8_U_S11_add_41_16                  add_unsigned_8920_11754                              70        252       117          368 
    PUs[13].U_F8_U_S11_add_41_16                 add_unsigned_8920_11742                              70        251       117          368 
    PUs[9].U_F8_U_S11_add_41_16                  add_unsigned_8920_11746                              70        251       117          368 
    PUs[5].U_F8_U_S11_add_41_16                  add_unsigned_8920_11750                              70        251       117          368 
    PUs[4].U_F8_U_S11_add_41_16                  add_unsigned_8920_11751                              70        251       117          368 
    PUs[3].U_F8_U_S11_add_41_16                  add_unsigned_8920_11752                              70        251       117          368 
    PUs[0].U_F8_U_S11_add_41_16                  add_unsigned_8920                                    70        251       117          368 
    PUs[10].U_F8_U_S11_add_41_16                 add_unsigned_8920_11745                              70        250       117          367 
    PUs[8].U_F8_U_S11_add_41_16                  add_unsigned_8920_11747                              70        250       117          367 
    PUs[6].U_F8_U_S11_add_41_16                  add_unsigned_8920_11749                              70        250       117          367 
    PUs[2].U_F8_U_S11_add_41_16                  add_unsigned_8920_11753                              70        250       117          367 
    PUs[32].U_F8_U_S11_add_41_16                 add_unsigned_8920_11723                              70        248       117          365 
    PUs[31].U_F8_U_S11_add_41_16                 add_unsigned_8920_11724                              70        248       117          365 
    PUs[30].U_F8_U_S11_add_41_16                 add_unsigned_8920_11725                              70        248       117          365 
    PUs[29].U_F8_U_S11_add_41_16                 add_unsigned_8920_11726                              70        248       117          365 
    PUs[28].U_F8_U_S11_add_41_16                 add_unsigned_8920_11727                              70        248       117          365 
    PUs[27].U_F8_U_S11_add_41_16                 add_unsigned_8920_11728                              70        248       117          365 
    PUs[26].U_F8_U_S11_add_41_16                 add_unsigned_8920_11729                              70        248       117          365 
    PUs[25].U_F8_U_S11_add_41_16                 add_unsigned_8920_11730                              70        248       117          365 
    PUs[24].U_F8_U_S11_add_41_16                 add_unsigned_8920_11731                              70        248       117          365 
    PUs[23].U_F8_U_S11_add_41_16                 add_unsigned_8920_11732                              70        248       117          365 
    PUs[22].U_F8_U_S11_add_41_16                 add_unsigned_8920_11733                              70        248       117          365 
    PUs[21].U_F8_U_S11_add_41_16                 add_unsigned_8920_11734                              70        248       117          365 
    PUs[20].U_F8_U_S11_add_41_16                 add_unsigned_8920_11735                              70        248       117          365 
    PUs[19].U_F8_U_S11_add_41_16                 add_unsigned_8920_11736                              70        248       117          365 
    PUs[18].U_F8_U_S11_add_41_16                 add_unsigned_8920_11737                              70        248       117          365 
    PUs[17].U_F8_U_S11_add_41_16                 add_unsigned_8920_11738                              70        248       117          365 
    PUs[16].U_F8_U_S11_add_41_16                 add_unsigned_8920_11739                              70        248       117          365 
    PUs[15].U_F8_U_S11_add_41_16                 add_unsigned_8920_11740                              70        248       117          365 
    PUs[14].U_F8_U_S11_add_41_16                 add_unsigned_8920_11741                              70        248       117          365 
    PUs[12].U_F8_U_S11_add_41_16                 add_unsigned_8920_11743                              70        248       117          365 
    PUs[11].U_F8_U_S11_add_41_16                 add_unsigned_8920_11744                              70        248       117          365 
    PUs[7].U_F8_U_S11_add_41_16                  add_unsigned_8920_11748                              70        248       117          365 
    PUs[2].U_F8_U_2_U_S0_add_18_10               add_signed_8943_11815                                47        193        79          272 
    PUs[25].U_F8_U_2_U_S0_add_18_10              add_signed_8943_11769                                47        191        79          270 
    PUs[0].U_F8_U_2_U_S0_add_18_10               add_signed_8943_11819                                47        190        79          269 
    PUs[10].U_F8_U_2_U_S0_add_18_10              add_signed_8943_11799                                47        189        79          269 
    PUs[7].U_F8_U_2_U_S0_add_18_10               add_signed_8943_11805                                47        189        79          269 
    PUs[4].U_F8_U_2_U_S0_add_18_10               add_signed_8943_11811                                47        189        79          269 
    PUs[0].U_F8_U_1_U_S0_add_18_10               add_signed_8943                                      47        189        79          269 
    PUs[32].U_F8_U_2_U_S0_add_18_10              add_signed_8943_11755                                47        188        79          267 
    PUs[31].U_F8_U_2_U_S0_add_18_10              add_signed_8943_11757                                47        188        79          267 
    PUs[30].U_F8_U_2_U_S0_add_18_10              add_signed_8943_11759                                47        188        79          267 
    PUs[29].U_F8_U_2_U_S0_add_18_10              add_signed_8943_11761                                47        188        79          267 
    PUs[28].U_F8_U_2_U_S0_add_18_10              add_signed_8943_11763                                47        188        79          267 
    PUs[27].U_F8_U_2_U_S0_add_18_10              add_signed_8943_11765                                47        188        79          267 
    PUs[26].U_F8_U_2_U_S0_add_18_10              add_signed_8943_11767                                47        188        79          267 
    PUs[24].U_F8_U_2_U_S0_add_18_10              add_signed_8943_11771                                47        188        79          267 
    PUs[23].U_F8_U_2_U_S0_add_18_10              add_signed_8943_11773                                47        188        79          267 
    PUs[22].U_F8_U_2_U_S0_add_18_10              add_signed_8943_11775                                47        188        79          267 
    PUs[21].U_F8_U_2_U_S0_add_18_10              add_signed_8943_11777                                47        188        79          267 
    PUs[20].U_F8_U_2_U_S0_add_18_10              add_signed_8943_11779                                47        188        79          267 
    PUs[19].U_F8_U_2_U_S0_add_18_10              add_signed_8943_11781                                47        188        79          267 
    PUs[18].U_F8_U_2_U_S0_add_18_10              add_signed_8943_11783                                47        188        79          267 
    PUs[17].U_F8_U_2_U_S0_add_18_10              add_signed_8943_11785                                47        188        79          267 
    PUs[16].U_F8_U_2_U_S0_add_18_10              add_signed_8943_11787                                47        188        79          267 
    PUs[15].U_F8_U_2_U_S0_add_18_10              add_signed_8943_11789                                47        188        79          267 
    PUs[14].U_F8_U_2_U_S0_add_18_10              add_signed_8943_11791                                47        188        79          267 
    PUs[13].U_F8_U_2_U_S0_add_18_10              add_signed_8943_11793                                47        188        79          267 
    PUs[12].U_F8_U_2_U_S0_add_18_10              add_signed_8943_11795                                47        188        79          267 
    PUs[11].U_F8_U_2_U_S0_add_18_10              add_signed_8943_11797                                47        188        79          267 
    PUs[9].U_F8_U_2_U_S0_add_18_10               add_signed_8943_11801                                47        188        79          267 
    PUs[8].U_F8_U_2_U_S0_add_18_10               add_signed_8943_11803                                47        188        79          267 
    PUs[6].U_F8_U_2_U_S0_add_18_10               add_signed_8943_11807                                47        188        79          267 
    PUs[5].U_F8_U_2_U_S0_add_18_10               add_signed_8943_11809                                47        188        79          267 
    PUs[3].U_F8_U_2_U_S0_add_18_10               add_signed_8943_11813                                47        188        79          267 
    PUs[1].U_F8_U_2_U_S0_add_18_10               add_signed_8943_11817                                47        188        79          267 
    PUs[7].U_F8_U_2_U_S1_add_18_10               add_signed_8942_27317                                48        185        80          265 
    PUs[5].U_F8_U_2_U_S1_add_18_10               add_signed_8942_27319                                48        181        80          262 
    PUs[31].U_F8_U_2_U_S1_add_18_10              add_signed_8942_27293                                48        180        80          261 
    PUs[1].U_F8_U_2_U_S1_add_18_10               add_signed_8942_27323                                48        179        80          260 
    PUs[6].U_F8_U_2_U_S1_add_18_10               add_signed_8942_27318                                48        179        80          259 
    PUs[4].U_F8_U_2_U_S1_add_18_10               add_signed_8942_27320                                48        178        80          258 
    PUs[2].U_F8_U_2_U_S1_add_18_10               add_signed_8942_27322                                48        178        80          258 
    PUs[26].U_F8_U_2_U_S1_add_18_10              add_signed_8942_27298                                48        177        80          257 
    PUs[8].U_F8_U_2_U_S1_add_18_10               add_signed_8942_27316                                48        177        80          257 
    PUs[0].U_F8_U_2_U_S1_add_18_10               add_signed_8942                                      48        177        80          257 
    PUs[30].U_F8_U_2_U_S1_add_18_10              add_signed_8942_27294                                48        176        80          256 
    PUs[28].U_F8_U_2_U_S1_add_18_10              add_signed_8942_27296                                48        176        80          256 
    PUs[27].U_F8_U_2_U_S1_add_18_10              add_signed_8942_27297                                48        176        80          256 
    PUs[25].U_F8_U_2_U_S1_add_18_10              add_signed_8942_27299                                48        176        80          256 
    PUs[24].U_F8_U_2_U_S1_add_18_10              add_signed_8942_27300                                48        176        80          256 
    PUs[23].U_F8_U_2_U_S1_add_18_10              add_signed_8942_27301                                48        176        80          256 
    PUs[22].U_F8_U_2_U_S1_add_18_10              add_signed_8942_27302                                48        176        80          256 
    PUs[21].U_F8_U_2_U_S1_add_18_10              add_signed_8942_27303                                48        176        80          256 
    PUs[20].U_F8_U_2_U_S1_add_18_10              add_signed_8942_27304                                48        176        80          256 
    PUs[19].U_F8_U_2_U_S1_add_18_10              add_signed_8942_27305                                48        176        80          256 
    PUs[18].U_F8_U_2_U_S1_add_18_10              add_signed_8942_27306                                48        176        80          256 
    PUs[17].U_F8_U_2_U_S1_add_18_10              add_signed_8942_27307                                48        176        80          256 
    PUs[16].U_F8_U_2_U_S1_add_18_10              add_signed_8942_27308                                48        176        80          256 
    PUs[15].U_F8_U_2_U_S1_add_18_10              add_signed_8942_27309                                48        176        80          256 
    PUs[14].U_F8_U_2_U_S1_add_18_10              add_signed_8942_27310                                48        176        80          256 
    PUs[13].U_F8_U_2_U_S1_add_18_10              add_signed_8942_27311                                48        176        80          256 
    PUs[11].U_F8_U_2_U_S1_add_18_10              add_signed_8942_27313                                48        176        80          256 
    PUs[9].U_F8_U_2_U_S1_add_18_10               add_signed_8942_27315                                48        176        80          256 
    PUs[3].U_F8_U_2_U_S1_add_18_10               add_signed_8942_27321                                48        176        80          256 
    PUs[32].U_F8_U_2_U_S1_add_18_10              add_signed_8942_27292                                48        174        80          254 
    PUs[29].U_F8_U_2_U_S1_add_18_10              add_signed_8942_27295                                48        174        80          254 
    PUs[12].U_F8_U_2_U_S1_add_18_10              add_signed_8942_27312                                48        174        80          254 
    PUs[10].U_F8_U_2_U_S1_add_18_10              add_signed_8942_27314                                48        174        80          254 
    PUs[0].U_F8_U_1_U_S1_add_18_10               add_signed_8942_27324                                48        174        80          254 
  U_crtl                                         CRTL_bit_width10                                     91        477       173          650 
    inc_add_824_29                               increment_unsigned_19798_19799                        9         41         9           50 
    inc_add_809_29                               increment_unsigned_19795_27258                        8         34         8           42 
    inc_add_794_29                               increment_unsigned_19795                              8         34         8           42 
    lt_722_18                                    lt_signed_7525                                        3         10         3           13 
    lt_736_18                                    lt_signed_7521                                        2          9         1           10 
    lt_729_18                                    lt_signed_7523                                        2          8         1            9 
  clipping[2].U_clip                             clip8_bit_width10_3066                               15         68        14           82 
    gte_592_34                                   geq_signed_7127_27193                                 6         40         7           46 
  clipping[0].U_clip                             clip8_bit_width10                                    15         65        14           79 
    gte_592_34                                   geq_signed_7127_27214                                 6         35         7           42 
  clipping[6].U_clip                             clip8_bit_width10_3062                               15         64        14           78 
    gte_592_34                                   geq_signed_7127_27196                                 6         35         7           42 
  clipping[15].U_clip                            clip8_bit_width10_3053                               15         62        14           76 
    gte_592_34                                   geq_signed_7127_27202                                 6         33         7           40 
  clipping[8].U_clip                             clip8_bit_width10_3060                               15         62        14           76 
    gte_592_34                                   geq_signed_7127_27197                                 6         33         7           40 
  clipping[3].U_clip                             clip8_bit_width10_3065                               15         62        14           76 
    gte_592_34                                   geq_signed_7127_27194                                 6         33         7           40 
  clipping[24].U_clip                            clip8_bit_width10_3044                               15         61        14           75 
    gte_592_34                                   geq_signed_7127_27208                                 6         33         7           40 
  clipping[20].U_clip                            clip8_bit_width10_3048                               15         61        14           75 
    gte_592_34                                   geq_signed_7127_27205                                 6         33         7           40 
  clipping[18].U_clip                            clip8_bit_width10_3050                               15         61        14           75 
    gte_592_34                                   geq_signed_7127_27204                                 6         33         7           40 
  clipping[14].U_clip                            clip8_bit_width10_3054                               15         61        14           75 
    gte_592_34                                   geq_signed_7127_27201                                 6         33         7           40 
  clipping[29].U_clip                            clip8_bit_width10_3039                               15         60        14           74 
    gte_592_34                                   geq_signed_7127_27211                                 6         31         7           38 
  clipping[27].U_clip                            clip8_bit_width10_3041                               15         60        14           74 
    gte_592_34                                   geq_signed_7127_27210                                 6         31         7           38 
  clipping[26].U_clip                            clip8_bit_width10_3042                               15         60        14           74 
    gte_592_34                                   geq_signed_7127_27209                                 6         31         7           38 
  clipping[23].U_clip                            clip8_bit_width10_3045                               15         60        14           74 
    gte_592_34                                   geq_signed_7127_27207                                 6         31         7           38 
  clipping[21].U_clip                            clip8_bit_width10_3047                               15         60        14           74 
    gte_592_34                                   geq_signed_7127_27206                                 6         31         7           38 
  clipping[11].U_clip                            clip8_bit_width10_3057                               15         60        14           74 
    gte_592_34                                   geq_signed_7127_27199                                 6         31         7           38 
  clipping[32].U_clip                            clip8_bit_width10_3036                               15         58        14           72 
    gte_592_34                                   geq_signed_7127_27213                                 6         30         7           36 
  clipping[30].U_clip                            clip8_bit_width10_3038                               15         58        14           72 
    gte_592_34                                   geq_signed_7127_27212                                 6         30         7           36 
  clipping[17].U_clip                            clip8_bit_width10_3051                               15         58        14           72 
    gte_592_34                                   geq_signed_7127_27203                                 6         30         7           36 
  clipping[12].U_clip                            clip8_bit_width10_3056                               15         58        14           72 
    gte_592_34                                   geq_signed_7127_27200                                 6         30         7           36 
  clipping[9].U_clip                             clip8_bit_width10_3059                               15         58        14           72 
    gte_592_34                                   geq_signed_7127_27198                                 6         30         7           36 
  clipping[5].U_clip                             clip8_bit_width10_3063                               15         58        14           72 
    gte_592_34                                   geq_signed_7127_27195                                 6         30         7           36 
  clipping[31].U_clip                            clip8_bit_width10_3037                               12         43        10           53 
    gte_592_34                                   geq_signed_7127_11722_27171                           4         18         4           22 
  clipping[28].U_clip                            clip8_bit_width10_3040                               12         43        10           53 
    gte_592_34                                   geq_signed_7127_11722_27170                           4         18         4           22 
  clipping[25].U_clip                            clip8_bit_width10_3043                               12         43        10           53 
    gte_592_34                                   geq_signed_7127_11722_27169                           4         18         4           22 
  clipping[22].U_clip                            clip8_bit_width10_3046                               12         43        10           53 
    gte_592_34                                   geq_signed_7127_11722_27168                           4         18         4           22 
  clipping[19].U_clip                            clip8_bit_width10_3049                               12         43        10           53 
    gte_592_34                                   geq_signed_7127_11722_27167                           4         18         4           22 
  clipping[16].U_clip                            clip8_bit_width10_3052                               12         43        10           53 
    gte_592_34                                   geq_signed_7127_11722_27166                           4         18         4           22 
  clipping[13].U_clip                            clip8_bit_width10_3055                               12         43        10           53 
    gte_592_34                                   geq_signed_7127_11722_27165                           4         18         4           22 
  clipping[10].U_clip                            clip8_bit_width10_3058                               12         43        10           53 
    gte_592_34                                   geq_signed_7127_11722_27164                           4         18         4           22 
  clipping[7].U_clip                             clip8_bit_width10_3061                               12         43        10           53 
    gte_592_34                                   geq_signed_7127_11722_27163                           4         18         4           22 
  clipping[4].U_clip                             clip8_bit_width10_3064                               12         43        10           53 
    gte_592_34                                   geq_signed_7127_11722_27162                           4         18         4           22 
  clipping[1].U_clip                             clip8_bit_width10_3067                               12         43        10           53 
    gte_592_34                                   geq_signed_7127_11722_27161                           4         18         4           22 
  clipping[98].U_clip_gte_592_34                 geq_signed_7127                                       6         35         7           42 
  clipping[92].U_clip_gte_592_34                 geq_signed_7127_27254                                 6         35         7           42 
  clipping[74].U_clip_gte_592_34                 geq_signed_7127_27242                                 6         33         7           40 
  clipping[72].U_clip_gte_592_34                 geq_signed_7127_27241                                 6         33         7           40 
  clipping[65].U_clip_gte_592_34                 geq_signed_7127_27236                                 6         33         7           40 
  clipping[47].U_clip_gte_592_34                 geq_signed_7127_27224                                 6         33         7           40 
  clipping[95].U_clip_gte_592_34                 geq_signed_7127_27256                                 6         32         7           39 
  clipping[93].U_clip_gte_592_34                 geq_signed_7127_27255                                 6         32         7           39 
  clipping[86].U_clip_gte_592_34                 geq_signed_7127_27250                                 6         32         7           39 
  clipping[84].U_clip_gte_592_34                 geq_signed_7127_27249                                 6         32         7           39 
  clipping[81].U_clip_gte_592_34                 geq_signed_7127_27247                                 6         32         7           39 
  clipping[78].U_clip_gte_592_34                 geq_signed_7127_27245                                 6         32         7           39 
  clipping[77].U_clip_gte_592_34                 geq_signed_7127_27244                                 6         32         7           39 
  clipping[71].U_clip_gte_592_34                 geq_signed_7127_27240                                 6         32         7           39 
  clipping[66].U_clip_gte_592_34                 geq_signed_7127_27237                                 6         32         7           39 
  clipping[62].U_clip_gte_592_34                 geq_signed_7127_27234                                 6         32         7           39 
  clipping[59].U_clip_gte_592_34                 geq_signed_7127_27232                                 6         32         7           39 
  clipping[57].U_clip_gte_592_34                 geq_signed_7127_27231                                 6         32         7           39 
  clipping[54].U_clip_gte_592_34                 geq_signed_7127_27229                                 6         32         7           39 
  clipping[51].U_clip_gte_592_34                 geq_signed_7127_27227                                 6         32         7           39 
  clipping[50].U_clip_gte_592_34                 geq_signed_7127_27226                                 6         32         7           39 
  clipping[48].U_clip_gte_592_34                 geq_signed_7127_27225                                 6         32         7           39 
  clipping[45].U_clip_gte_592_34                 geq_signed_7127_27223                                 6         32         7           39 
  clipping[44].U_clip_gte_592_34                 geq_signed_7127_27222                                 6         32         7           39 
  clipping[42].U_clip_gte_592_34                 geq_signed_7127_27221                                 6         32         7           39 
  clipping[41].U_clip_gte_592_34                 geq_signed_7127_27220                                 6         32         7           39 
  clipping[39].U_clip_gte_592_34                 geq_signed_7127_27219                                 6         32         7           39 
  clipping[38].U_clip_gte_592_34                 geq_signed_7127_27218                                 6         32         7           39 
  clipping[36].U_clip_gte_592_34                 geq_signed_7127_27217                                 6         32         7           39 
  clipping[35].U_clip_gte_592_34                 geq_signed_7127_27216                                 6         32         7           39 
  clipping[83].U_clip_gte_592_34                 geq_signed_7127_27248                                 6         31         7           38 
  clipping[53].U_clip_gte_592_34                 geq_signed_7127_27228                                 6         31         7           38 
  clipping[96].U_clip_gte_592_34                 geq_signed_7127_27257                                 6         30         7           36 
  clipping[90].U_clip_gte_592_34                 geq_signed_7127_27253                                 6         30         7           36 
  clipping[89].U_clip_gte_592_34                 geq_signed_7127_27252                                 6         30         7           36 
  clipping[87].U_clip_gte_592_34                 geq_signed_7127_27251                                 6         30         7           36 
  clipping[80].U_clip_gte_592_34                 geq_signed_7127_27246                                 6         30         7           36 
  clipping[75].U_clip_gte_592_34                 geq_signed_7127_27243                                 6         30         7           36 
  clipping[69].U_clip_gte_592_34                 geq_signed_7127_27239                                 6         30         7           36 
  clipping[68].U_clip_gte_592_34                 geq_signed_7127_27238                                 6         30         7           36 
  clipping[63].U_clip_gte_592_34                 geq_signed_7127_27235                                 6         30         7           36 
  clipping[60].U_clip_gte_592_34                 geq_signed_7127_27233                                 6         30         7           36 
  clipping[56].U_clip_gte_592_34                 geq_signed_7127_27230                                 6         30         7           36 
  clipping[33].U_clip_gte_592_34                 geq_signed_7127_27215                                 6         30         7           36 
  clipping[97].U_clip_gte_592_34                 geq_signed_7127_11722                                 4         18         4           22 
  clipping[94].U_clip_gte_592_34                 geq_signed_7127_11722_27192                           4         18         4           22 
  clipping[91].U_clip_gte_592_34                 geq_signed_7127_11722_27191                           4         18         4           22 
  clipping[88].U_clip_gte_592_34                 geq_signed_7127_11722_27190                           4         18         4           22 
  clipping[85].U_clip_gte_592_34                 geq_signed_7127_11722_27189                           4         18         4           22 
  clipping[82].U_clip_gte_592_34                 geq_signed_7127_11722_27188                           4         18         4           22 
  clipping[79].U_clip_gte_592_34                 geq_signed_7127_11722_27187                           4         18         4           22 
  clipping[76].U_clip_gte_592_34                 geq_signed_7127_11722_27186                           4         18         4           22 
  clipping[73].U_clip_gte_592_34                 geq_signed_7127_11722_27185                           4         18         4           22 
  clipping[70].U_clip_gte_592_34                 geq_signed_7127_11722_27184                           4         18         4           22 
  clipping[67].U_clip_gte_592_34                 geq_signed_7127_11722_27183                           4         18         4           22 
  clipping[64].U_clip_gte_592_34                 geq_signed_7127_11722_27182                           4         18         4           22 
  clipping[61].U_clip_gte_592_34                 geq_signed_7127_11722_27181                           4         18         4           22 
  clipping[58].U_clip_gte_592_34                 geq_signed_7127_11722_27180                           4         18         4           22 
  clipping[55].U_clip_gte_592_34                 geq_signed_7127_11722_27179                           4         18         4           22 
  clipping[52].U_clip_gte_592_34                 geq_signed_7127_11722_27178                           4         18         4           22 
  clipping[49].U_clip_gte_592_34                 geq_signed_7127_11722_27177                           4         18         4           22 
  clipping[46].U_clip_gte_592_34                 geq_signed_7127_11722_27176                           4         18         4           22 
  clipping[43].U_clip_gte_592_34                 geq_signed_7127_11722_27175                           4         18         4           22 
  clipping[40].U_clip_gte_592_34                 geq_signed_7127_11722_27174                           4         18         4           22 
  clipping[37].U_clip_gte_592_34                 geq_signed_7127_11722_27173                           4         18         4           22 
  clipping[34].U_clip_gte_592_34                 geq_signed_7127_11722_27172                           4         18         4           22 
