============================================================
  Generated by:           Genus(TM) Synthesis Solution 17.10-p007_1
  Generated on:           Nov 19 2019  11:38:06 pm
  Module:                 FME_INTER_4
  Technology libraries:   CORE65LPSVT 
                          CLOCK65LPSVT 
                          physical_cells 
  Operating conditions:   _nominal_ 
  Interconnect mode:      global
  Area mode:              physical library
============================================================

            Instance                        Module            Cells  Cell Area  Net Area   Total Area 
------------------------------------------------------------------------------------------------------
FME_INTER_4                                                   92345     469004    211771       680775 
  U_buffer                       buffer_shift                 60481     285650    138477       424126 
  U_inter                        interpolation_bit_width10    27843     157236     57759       214995 
  U_crtl                         CRTL_bit_width10                91        477       173          650 
  clipping[2].U_clip             clip8_bit_width10_3066          15         68        14           82 
  clipping[0].U_clip             clip8_bit_width10               15         65        14           79 
  clipping[6].U_clip             clip8_bit_width10_3062          15         64        14           78 
  clipping[15].U_clip            clip8_bit_width10_3053          15         62        14           76 
  clipping[8].U_clip             clip8_bit_width10_3060          15         62        14           76 
  clipping[3].U_clip             clip8_bit_width10_3065          15         62        14           76 
  clipping[24].U_clip            clip8_bit_width10_3044          15         61        14           75 
  clipping[20].U_clip            clip8_bit_width10_3048          15         61        14           75 
  clipping[18].U_clip            clip8_bit_width10_3050          15         61        14           75 
  clipping[14].U_clip            clip8_bit_width10_3054          15         61        14           75 
  clipping[29].U_clip            clip8_bit_width10_3039          15         60        14           74 
  clipping[27].U_clip            clip8_bit_width10_3041          15         60        14           74 
  clipping[26].U_clip            clip8_bit_width10_3042          15         60        14           74 
  clipping[23].U_clip            clip8_bit_width10_3045          15         60        14           74 
  clipping[21].U_clip            clip8_bit_width10_3047          15         60        14           74 
  clipping[11].U_clip            clip8_bit_width10_3057          15         60        14           74 
  clipping[32].U_clip            clip8_bit_width10_3036          15         58        14           72 
  clipping[30].U_clip            clip8_bit_width10_3038          15         58        14           72 
  clipping[17].U_clip            clip8_bit_width10_3051          15         58        14           72 
  clipping[12].U_clip            clip8_bit_width10_3056          15         58        14           72 
  clipping[9].U_clip             clip8_bit_width10_3059          15         58        14           72 
  clipping[5].U_clip             clip8_bit_width10_3063          15         58        14           72 
  clipping[31].U_clip            clip8_bit_width10_3037          12         43        10           53 
  clipping[28].U_clip            clip8_bit_width10_3040          12         43        10           53 
  clipping[25].U_clip            clip8_bit_width10_3043          12         43        10           53 
  clipping[22].U_clip            clip8_bit_width10_3046          12         43        10           53 
  clipping[19].U_clip            clip8_bit_width10_3049          12         43        10           53 
  clipping[16].U_clip            clip8_bit_width10_3052          12         43        10           53 
  clipping[13].U_clip            clip8_bit_width10_3055          12         43        10           53 
  clipping[10].U_clip            clip8_bit_width10_3058          12         43        10           53 
  clipping[7].U_clip             clip8_bit_width10_3061          12         43        10           53 
  clipping[4].U_clip             clip8_bit_width10_3064          12         43        10           53 
  clipping[1].U_clip             clip8_bit_width10_3067          12         43        10           53 
  clipping[98].U_clip_gte_592_34 geq_signed_7127                  6         35         7           42 
  clipping[92].U_clip_gte_592_34 geq_signed_7127_27254            6         35         7           42 
  clipping[74].U_clip_gte_592_34 geq_signed_7127_27242            6         33         7           40 
  clipping[72].U_clip_gte_592_34 geq_signed_7127_27241            6         33         7           40 
  clipping[65].U_clip_gte_592_34 geq_signed_7127_27236            6         33         7           40 
  clipping[47].U_clip_gte_592_34 geq_signed_7127_27224            6         33         7           40 
  clipping[95].U_clip_gte_592_34 geq_signed_7127_27256            6         32         7           39 
  clipping[93].U_clip_gte_592_34 geq_signed_7127_27255            6         32         7           39 
  clipping[86].U_clip_gte_592_34 geq_signed_7127_27250            6         32         7           39 
  clipping[84].U_clip_gte_592_34 geq_signed_7127_27249            6         32         7           39 
  clipping[81].U_clip_gte_592_34 geq_signed_7127_27247            6         32         7           39 
  clipping[78].U_clip_gte_592_34 geq_signed_7127_27245            6         32         7           39 
  clipping[77].U_clip_gte_592_34 geq_signed_7127_27244            6         32         7           39 
  clipping[71].U_clip_gte_592_34 geq_signed_7127_27240            6         32         7           39 
  clipping[66].U_clip_gte_592_34 geq_signed_7127_27237            6         32         7           39 
  clipping[62].U_clip_gte_592_34 geq_signed_7127_27234            6         32         7           39 
  clipping[59].U_clip_gte_592_34 geq_signed_7127_27232            6         32         7           39 
  clipping[57].U_clip_gte_592_34 geq_signed_7127_27231            6         32         7           39 
  clipping[54].U_clip_gte_592_34 geq_signed_7127_27229            6         32         7           39 
  clipping[51].U_clip_gte_592_34 geq_signed_7127_27227            6         32         7           39 
  clipping[50].U_clip_gte_592_34 geq_signed_7127_27226            6         32         7           39 
  clipping[48].U_clip_gte_592_34 geq_signed_7127_27225            6         32         7           39 
  clipping[45].U_clip_gte_592_34 geq_signed_7127_27223            6         32         7           39 
  clipping[44].U_clip_gte_592_34 geq_signed_7127_27222            6         32         7           39 
  clipping[42].U_clip_gte_592_34 geq_signed_7127_27221            6         32         7           39 
  clipping[41].U_clip_gte_592_34 geq_signed_7127_27220            6         32         7           39 
  clipping[39].U_clip_gte_592_34 geq_signed_7127_27219            6         32         7           39 
  clipping[38].U_clip_gte_592_34 geq_signed_7127_27218            6         32         7           39 
  clipping[36].U_clip_gte_592_34 geq_signed_7127_27217            6         32         7           39 
  clipping[35].U_clip_gte_592_34 geq_signed_7127_27216            6         32         7           39 
  clipping[83].U_clip_gte_592_34 geq_signed_7127_27248            6         31         7           38 
  clipping[53].U_clip_gte_592_34 geq_signed_7127_27228            6         31         7           38 
  clipping[96].U_clip_gte_592_34 geq_signed_7127_27257            6         30         7           36 
  clipping[90].U_clip_gte_592_34 geq_signed_7127_27253            6         30         7           36 
  clipping[89].U_clip_gte_592_34 geq_signed_7127_27252            6         30         7           36 
  clipping[87].U_clip_gte_592_34 geq_signed_7127_27251            6         30         7           36 
  clipping[80].U_clip_gte_592_34 geq_signed_7127_27246            6         30         7           36 
  clipping[75].U_clip_gte_592_34 geq_signed_7127_27243            6         30         7           36 
  clipping[69].U_clip_gte_592_34 geq_signed_7127_27239            6         30         7           36 
  clipping[68].U_clip_gte_592_34 geq_signed_7127_27238            6         30         7           36 
  clipping[63].U_clip_gte_592_34 geq_signed_7127_27235            6         30         7           36 
  clipping[60].U_clip_gte_592_34 geq_signed_7127_27233            6         30         7           36 
  clipping[56].U_clip_gte_592_34 geq_signed_7127_27230            6         30         7           36 
  clipping[33].U_clip_gte_592_34 geq_signed_7127_27215            6         30         7           36 
  clipping[97].U_clip_gte_592_34 geq_signed_7127_11722            4         18         4           22 
  clipping[94].U_clip_gte_592_34 geq_signed_7127_11722_27192      4         18         4           22 
  clipping[91].U_clip_gte_592_34 geq_signed_7127_11722_27191      4         18         4           22 
  clipping[88].U_clip_gte_592_34 geq_signed_7127_11722_27190      4         18         4           22 
  clipping[85].U_clip_gte_592_34 geq_signed_7127_11722_27189      4         18         4           22 
  clipping[82].U_clip_gte_592_34 geq_signed_7127_11722_27188      4         18         4           22 
  clipping[79].U_clip_gte_592_34 geq_signed_7127_11722_27187      4         18         4           22 
  clipping[76].U_clip_gte_592_34 geq_signed_7127_11722_27186      4         18         4           22 
  clipping[73].U_clip_gte_592_34 geq_signed_7127_11722_27185      4         18         4           22 
  clipping[70].U_clip_gte_592_34 geq_signed_7127_11722_27184      4         18         4           22 
  clipping[67].U_clip_gte_592_34 geq_signed_7127_11722_27183      4         18         4           22 
  clipping[64].U_clip_gte_592_34 geq_signed_7127_11722_27182      4         18         4           22 
  clipping[61].U_clip_gte_592_34 geq_signed_7127_11722_27181      4         18         4           22 
  clipping[58].U_clip_gte_592_34 geq_signed_7127_11722_27180      4         18         4           22 
  clipping[55].U_clip_gte_592_34 geq_signed_7127_11722_27179      4         18         4           22 
  clipping[52].U_clip_gte_592_34 geq_signed_7127_11722_27178      4         18         4           22 
  clipping[49].U_clip_gte_592_34 geq_signed_7127_11722_27177      4         18         4           22 
  clipping[46].U_clip_gte_592_34 geq_signed_7127_11722_27176      4         18         4           22 
  clipping[43].U_clip_gte_592_34 geq_signed_7127_11722_27175      4         18         4           22 
  clipping[40].U_clip_gte_592_34 geq_signed_7127_11722_27174      4         18         4           22 
  clipping[37].U_clip_gte_592_34 geq_signed_7127_11722_27173      4         18         4           22 
  clipping[34].U_clip_gte_592_34 geq_signed_7127_11722_27172      4         18         4           22 
