============================================================
  Generated by:           Genus(TM) Synthesis Solution 17.10-p007_1
  Generated on:           Nov 19 2019  11:38:18 pm
  Module:                 FME_INTER_4
  Technology libraries:   CORE65LPSVT 
                          CLOCK65LPSVT 
                          physical_cells 
  Operating conditions:   _nominal_ 
  Interconnect mode:      global
  Area mode:              physical library
============================================================

                                            Leakage    Internal  
       Gate         Instances     Area    Power (uW)  Power (uW)     Library    
--------------------------------------------------------------------------------
HS65_LSS_XNOR2X12         112     757.120      1.506     134.462    CORE65LPSVT 
HS65_LSS_XNOR2X18          78     811.200      1.717     130.249    CORE65LPSVT 
HS65_LSS_XNOR2X24          23     287.040      0.681      62.869    CORE65LPSVT 
HS65_LSS_XNOR2X3           10      41.600      0.036       4.052    CORE65LPSVT 
HS65_LSS_XNOR2X6          309    1285.440      2.096     242.998    CORE65LPSVT 
HS65_LSS_XOR2X3            40     166.400      0.142      11.105    CORE65LPSVT 
HS65_LSS_XOR2X6           173     719.680      1.047     139.694    CORE65LPSVT 
HS65_LS_AND2ABX18           5      20.800      0.044       1.172    CORE65LPSVT 
HS65_LS_AND2ABX35           4      24.960      0.085      12.378    CORE65LPSVT 
HS65_LS_AND2X18            78     283.920      0.716      61.066    CORE65LPSVT 
HS65_LS_AND2X27            47     268.840      0.765      58.396    CORE65LPSVT 
HS65_LS_AND2X35            37     230.880      0.815      74.653    CORE65LPSVT 
HS65_LS_AND2X4            606    1575.600      1.268     163.045    CORE65LPSVT 
HS65_LS_AND2X9            107     333.840      0.524      58.580    CORE65LPSVT 
HS65_LS_AND3X9              5      18.200      0.015       0.151    CORE65LPSVT 
HS65_LS_AO112X9            34     141.440      0.177      15.786    CORE65LPSVT 
HS65_LS_AO12X18            85     353.600      0.902      84.275    CORE65LPSVT 
HS65_LS_AO12X9            293    1066.520      1.321     144.589    CORE65LPSVT 
HS65_LS_AO311X27           33     343.200      0.511      52.053    CORE65LPSVT 
HS65_LS_AO312X18          103     642.720      1.023     105.397    CORE65LPSVT 
HS65_LS_AO312X9            66     377.520      0.301      35.480    CORE65LPSVT 
HS65_LS_AO31X18            34     176.800      0.328      31.486    CORE65LPSVT 
HS65_LS_AO31X9             34     141.440      0.142      12.566    CORE65LPSVT 
HS65_LS_AOI12X12          129     670.800      1.359      72.399    CORE65LPSVT 
HS65_LS_AOI12X17          164    1108.640      2.674     129.260    CORE65LPSVT 
HS65_LS_AOI12X2            33      85.800      0.046       5.947    CORE65LPSVT 
HS65_LS_AOI12X23           68     601.120      1.545      69.069    CORE65LPSVT 
HS65_LS_AOI12X3             1       3.120      0.002       0.282    CORE65LPSVT 
HS65_LS_AOI12X35           47     611.000      1.561     118.819    CORE65LPSVT 
HS65_LS_AOI12X46            8     137.280      0.366      17.783    CORE65LPSVT 
HS65_LS_AOI12X6            75     234.000      0.258      23.421    CORE65LPSVT 
HS65_LS_AOI13X5            33     120.120      0.100      18.092    CORE65LPSVT 
HS65_LS_AOI212X4           11      45.760      0.065       3.091    CORE65LPSVT 
HS65_LS_AOI21X12           21     109.200      0.200      21.473    CORE65LPSVT 
HS65_LS_AOI21X17            2      13.520      0.031       2.270    CORE65LPSVT 
HS65_LS_AOI21X35           24     312.000      0.714      42.603    CORE65LPSVT 
HS65_LS_AOI21X46            1      17.160      0.035       1.857    CORE65LPSVT 
HS65_LS_AOI21X6            34     106.080      0.115      10.188    CORE65LPSVT 
HS65_LS_AOI311X4            1       4.160      0.004       0.000    CORE65LPSVT 
HS65_LS_AOI31X5             1       3.640      0.003       0.000    CORE65LPSVT 
HS65_LS_BFX106            142    1698.320      8.109     636.480    CORE65LPSVT 
HS65_LS_BFX142             44     686.400      3.369     117.223    CORE65LPSVT 
HS65_LS_BFX18              90     280.800      0.722      88.828    CORE65LPSVT 
HS65_LS_BFX213             60    1341.600      7.147     565.678    CORE65LPSVT 
HS65_LS_BFX27              81     294.840      1.025      76.737    CORE65LPSVT 
HS65_LS_BFX284             13     392.080      2.123     119.610    CORE65LPSVT 
HS65_LS_BFX31              10      52.000      0.156      10.558    CORE65LPSVT 
HS65_LS_BFX35              35     182.000      0.609      43.902    CORE65LPSVT 
HS65_LS_BFX44              57     326.040      1.270     158.796    CORE65LPSVT 
HS65_LS_BFX49              13      81.120      0.322      50.064    CORE65LPSVT 
HS65_LS_BFX53              31     193.440      0.835      92.468    CORE65LPSVT 
HS65_LS_BFX62              14     109.200      0.447      35.850    CORE65LPSVT 
HS65_LS_BFX71              60     499.200      2.217     159.449    CORE65LPSVT 
HS65_LS_BFX9              169     351.520      0.609     103.235    CORE65LPSVT 
HS65_LS_CB4I1X35            1       9.360      0.020       4.186    CORE65LPSVT 
HS65_LS_CB4I6X9             2       8.320      0.009       1.388    CORE65LPSVT 
HS65_LS_CBI4I1X11           4      24.960      0.036       4.044    CORE65LPSVT 
HS65_LS_CBI4I1X16          21     185.640      0.325      23.018    CORE65LPSVT 
HS65_LS_CBI4I1X5           65     236.600      0.260      46.253    CORE65LPSVT 
HS65_LS_CBI4I6X14          44     388.960      0.609      75.722    CORE65LPSVT 
HS65_LS_CBI4I6X5            1       3.640      0.003       0.460    CORE65LPSVT 
HS65_LS_CNBFX124            8     145.600      0.581       6.324    CORE65LPSVT 
HS65_LS_CNBFX31             1       6.240      0.016       3.383    CORE65LPSVT 
HS65_LS_CNBFX52             1       8.840      0.028       4.242    CORE65LPSVT 
HS65_LS_CNBFX55             3      26.520      0.092      13.104    CORE65LPSVT 
HS65_LS_CNIVX10             3       7.800      0.011       1.163    CORE65LPSVT 
HS65_LS_CNIVX124            2      28.080      0.115       6.463    CORE65LPSVT 
HS65_LS_CNIVX14            11      28.600      0.041       4.646    CORE65LPSVT 
HS65_LS_CNIVX21            67     209.040      0.479      21.651    CORE65LPSVT 
HS65_LS_CNIVX24            20      72.800      0.192       6.883    CORE65LPSVT 
HS65_LS_CNIVX27            53     192.920      0.470      36.904    CORE65LPSVT 
HS65_LS_CNIVX31             1       4.680      0.009       0.665    CORE65LPSVT 
HS65_LS_CNIVX34            10      46.800      0.137       7.047    CORE65LPSVT 
HS65_LS_CNIVX41            50     260.000      0.716      34.110    CORE65LPSVT 
HS65_LS_CNIVX45             1       6.240      0.016       1.049    CORE65LPSVT 
HS65_LS_CNIVX55            25     169.000      0.619      14.111    CORE65LPSVT 
HS65_LS_CNIVX62            12      87.360      0.271      14.950    CORE65LPSVT 
HS65_LS_CNIVX7            242     377.520      0.429      44.301    CORE65LPSVT 
HS65_LS_DFPHQX9           360    3744.000      3.538    2479.642    CORE65LPSVT 
HS65_LS_DFPRQNX9           34     353.600      0.333     227.549    CORE65LPSVT 
HS65_LS_DFPRQX4           264    2745.600      2.314    1565.408    CORE65LPSVT 
HS65_LS_DFPRQX9         12686  131934.400    125.561   82843.320    CORE65LPSVT 
HS65_LS_FA1X18            811   11386.440     19.470    2951.734    CORE65LPSVT 
HS65_LS_FA1X27            687   14646.840     25.626    3571.597    CORE65LPSVT 
HS65_LS_FA1X35             43    1140.360      2.138     248.075    CORE65LPSVT 
HS65_LS_FA1X4             172    1609.920      1.084     171.498    CORE65LPSVT 
HS65_LS_FA1X9             401    4378.920      4.423     723.475    CORE65LPSVT 
HS65_LS_HA1X18            343    2497.040      7.214     754.306    CORE65LPSVT 
HS65_LS_HA1X27            121    1447.160      4.134     388.312    CORE65LPSVT 
HS65_LS_HA1X35            203    2744.560      9.591     889.179    CORE65LPSVT 
HS65_LS_HA1X4             164     852.800      0.851     130.221    CORE65LPSVT 
HS65_LS_HA1X9             345    2152.800      3.325     441.474    CORE65LPSVT 
HS65_LS_IVX106             87     769.080      3.736      72.133    CORE65LPSVT 
HS65_LS_IVX13              39      81.120      0.158      10.494    CORE65LPSVT 
HS65_LS_IVX142             34     406.640      1.917      57.238    CORE65LPSVT 
HS65_LS_IVX18            3776    7854.080     20.564     894.689    CORE65LPSVT 
HS65_LS_IVX2                1       1.560      0.001       0.019    CORE65LPSVT 
HS65_LS_IVX213              6     102.960      0.514      27.039    CORE65LPSVT 
HS65_LS_IVX22              25      78.000      0.188       5.891    CORE65LPSVT 
HS65_LS_IVX27             787    2455.440      7.313     403.379    CORE65LPSVT 
HS65_LS_IVX284              3      67.080      0.355      18.109    CORE65LPSVT 
HS65_LS_IVX31              40     145.600      0.447      18.229    CORE65LPSVT 
HS65_LS_IVX35             354    1288.560      4.420     186.614    CORE65LPSVT 
HS65_LS_IVX44             117     486.720      1.883      82.392    CORE65LPSVT 
HS65_LS_IVX49               2      10.400      0.037       2.065    CORE65LPSVT 
HS65_LS_IVX53             144     748.800      2.890     120.494    CORE65LPSVT 
HS65_LS_IVX62              21     120.120      0.496      30.343    CORE65LPSVT 
HS65_LS_IVX7               24      37.440      0.046       3.502    CORE65LPSVT 
HS65_LS_IVX71             176    1098.240      4.807     188.868    CORE65LPSVT 
HS65_LS_IVX9             3968    6190.080     10.155     852.522    CORE65LPSVT 
HS65_LS_MUX21I1X12         46     310.960      0.617      57.279    CORE65LPSVT 
HS65_LS_MUX21I1X18        104    1081.600      2.262     216.233    CORE65LPSVT 
HS65_LS_MUX21I1X24         59     736.320      1.790     163.603    CORE65LPSVT 
HS65_LS_MUX21I1X6          59     245.440      0.384      38.890    CORE65LPSVT 
HS65_LS_MUX21X4          3744   15575.040     17.770    3907.917    CORE65LPSVT 
HS65_LS_MUXI21X10          34     282.880      0.424      41.445    CORE65LPSVT 
HS65_LS_MUXI21X15           2      20.800      0.037       2.969    CORE65LPSVT 
HS65_LS_MUXI21X2         7740   28173.600     19.897    3181.984    CORE65LPSVT 
HS65_LS_NAND2AX14         289    1202.240      2.788     215.614    CORE65LPSVT 
HS65_LS_NAND2AX21         248    1418.560      3.192     229.988    CORE65LPSVT 
HS65_LS_NAND2AX29         202    1365.520      3.830     293.092    CORE65LPSVT 
HS65_LS_NAND2AX7         2594    8093.280     14.563    1475.177    CORE65LPSVT 
HS65_LS_NAND2X11           86     313.040      0.340      33.608    CORE65LPSVT 
HS65_LS_NAND2X14         1423    5179.720      9.122     629.512    CORE65LPSVT 
HS65_LS_NAND2X2             1       2.080      0.001       0.020    CORE65LPSVT 
HS65_LS_NAND2X21          714    3712.800      7.430     502.507    CORE65LPSVT 
HS65_LS_NAND2X29          485    3026.400      8.017     413.507    CORE65LPSVT 
HS65_LS_NAND2X4             1       2.080      0.001       0.039    CORE65LPSVT 
HS65_LS_NAND2X43          319    2819.960      8.457     417.494    CORE65LPSVT 
HS65_LS_NAND2X5             3       6.240      0.011       0.753    CORE65LPSVT 
HS65_LS_NAND2X57          200    2392.000      7.638     389.101    CORE65LPSVT 
HS65_LS_NAND2X7          5916   12305.280     17.217    2002.182    CORE65LPSVT 
HS65_LS_NAND3AX13           5      28.600      0.065       2.614    CORE65LPSVT 
HS65_LS_NAND3AX19          59     460.200      1.266      65.365    CORE65LPSVT 
HS65_LS_NAND3AX25           4      39.520      0.113       7.378    CORE65LPSVT 
HS65_LS_NAND3AX6           87     316.680      0.361      12.872    CORE65LPSVT 
HS65_LS_NAND3X13          105     546.000      0.754      54.506    CORE65LPSVT 
HS65_LS_NAND3X19          138     932.880      1.490      57.407    CORE65LPSVT 
HS65_LS_NAND3X25           85     751.400      1.807     106.978    CORE65LPSVT 
HS65_LS_NAND3X38           55     715.000      1.709     104.380    CORE65LPSVT 
HS65_LS_NAND3X5             2       5.200      0.000       0.000    CORE65LPSVT 
HS65_LS_NAND3X50           19     326.040      0.824      51.930    CORE65LPSVT 
HS65_LS_NAND4ABX3          36     131.040      0.025       0.401    CORE65LPSVT 
HS65_LS_NAND4X18           15     101.400      0.147       1.008    CORE65LPSVT 
HS65_LS_NAND4X27            1       8.320      0.015       0.000    CORE65LPSVT 
HS65_LS_NOR2AX13          126     524.160      1.353     121.047    CORE65LPSVT 
HS65_LS_NOR2AX19           96     549.120      1.471     102.437    CORE65LPSVT 
HS65_LS_NOR2AX25           94     635.440      1.809      97.765    CORE65LPSVT 
HS65_LS_NOR2AX3           732    1903.200      1.813     179.522    CORE65LPSVT 
HS65_LS_NOR2AX6           327    1020.240      1.463     112.988    CORE65LPSVT 
HS65_LS_NOR2X13           523    1903.720      3.271     239.263    CORE65LPSVT 
HS65_LS_NOR2X19           564    2932.800      5.971     386.316    CORE65LPSVT 
HS65_LS_NOR2X25           433    2701.920      6.360     447.604    CORE65LPSVT 
HS65_LS_NOR2X3              2       4.160      0.003       0.305    CORE65LPSVT 
HS65_LS_NOR2X38           443    3916.120     10.381     687.146    CORE65LPSVT 
HS65_LS_NOR2X5              2       4.160      0.005       0.720    CORE65LPSVT 
HS65_LS_NOR2X50           221    2643.160      6.749     394.958    CORE65LPSVT 
HS65_LS_NOR2X6           5592   11631.360     18.111    2217.263    CORE65LPSVT 
HS65_LS_NOR2X9             14      50.960      0.071       5.200    CORE65LPSVT 
HS65_LS_NOR3X13             6      40.560      0.063       2.316    CORE65LPSVT 
HS65_LS_NOR3X18            83     733.720      1.184      53.928    CORE65LPSVT 
HS65_LS_NOR3X26            36     411.840      0.632      21.100    CORE65LPSVT 
HS65_LS_NOR3X9              9      42.120      0.064       3.104    CORE65LPSVT 
HS65_LS_NOR4ABX13          32     316.160      0.118       4.535    CORE65LPSVT 
HS65_LS_NOR4ABX18          34     406.640      0.154       8.860    CORE65LPSVT 
HS65_LS_NOR4ABX2           33     120.120      0.021       0.913    CORE65LPSVT 
HS65_LS_NOR4X18            19     128.440      0.185       0.800    CORE65LPSVT 
HS65_LS_OA112X18           21      98.280      0.173      17.686    CORE65LPSVT 
HS65_LS_OA12X18            28     116.480      0.326      34.480    CORE65LPSVT 
HS65_LS_OA12X27            87     633.360      1.559     123.765    CORE65LPSVT 
HS65_LS_OA12X35            23     179.400      0.613      47.746    CORE65LPSVT 
HS65_LS_OA12X9             72     262.080      0.367      37.942    CORE65LPSVT 
HS65_LS_OA22X9             42     196.560      0.230      37.013    CORE65LPSVT 
HS65_LS_OA31X9              1       4.160      0.003       0.000    CORE65LPSVT 
HS65_LS_OAI112X11          53     330.720      0.703      48.501    CORE65LPSVT 
HS65_LS_OAI112X4            2       7.280      0.002       0.989    CORE65LPSVT 
HS65_LS_OAI112X5          600    2184.000      0.977     362.849    CORE65LPSVT 
HS65_LS_OAI112X8           16      99.840      0.041      14.750    CORE65LPSVT 
HS65_LS_OAI12X12         2263   11767.600     17.437    2543.480    CORE65LPSVT 
HS65_LS_OAI12X18          532    3596.320      9.149     551.926    CORE65LPSVT 
HS65_LS_OAI12X24          245    2165.800      5.934     387.571    CORE65LPSVT 
HS65_LS_OAI12X3           117     304.200      0.218      38.337    CORE65LPSVT 
HS65_LS_OAI12X37          106    1378.000      3.877     204.061    CORE65LPSVT 
HS65_LS_OAI12X49           38     652.080      2.019     148.575    CORE65LPSVT 
HS65_LS_OAI12X5           144     449.280      0.584      62.957    CORE65LPSVT 
HS65_LS_OAI12X6          3947   12314.640     15.037    2400.885    CORE65LPSVT 
HS65_LS_OAI12X9            27     140.400      0.152      25.612    CORE65LPSVT 
HS65_LS_OAI13X5            65     236.600      0.364      44.410    CORE65LPSVT 
HS65_LS_OAI13X7             1       6.240      0.009       1.159    CORE65LPSVT 
HS65_LS_OAI211X11           8      49.920      0.088       5.102    CORE65LPSVT 
HS65_LS_OAI211X16           2      17.680      0.027       2.370    CORE65LPSVT 
HS65_LS_OAI211X8           27     168.480      0.259      13.843    CORE65LPSVT 
HS65_LS_OAI212X10           6      49.920      0.027       9.457    CORE65LPSVT 
HS65_LS_OAI212X15           6      65.520      0.085       8.559    CORE65LPSVT 
HS65_LS_OAI212X3          203     844.480      0.210      81.102    CORE65LPSVT 
HS65_LS_OAI212X5         7533   31337.280     15.437    5333.540    CORE65LPSVT 
HS65_LS_OAI21X12           67     348.400      0.555      51.016    CORE65LPSVT 
HS65_LS_OAI21X18           63     425.880      0.963      68.000    CORE65LPSVT 
HS65_LS_OAI21X24           37     327.080      0.808      47.250    CORE65LPSVT 
HS65_LS_OAI21X3          6557   17048.200     15.970    2275.347    CORE65LPSVT 
HS65_LS_OAI21X37           74     962.000      2.467     146.622    CORE65LPSVT 
HS65_LS_OAI21X49           12     205.920      0.545      28.450    CORE65LPSVT 
HS65_LS_OAI21X5             3       9.360      0.008       1.096    CORE65LPSVT 
HS65_LS_OAI21X6           210     655.200      1.070     114.588    CORE65LPSVT 
HS65_LS_OAI21X9             3      15.600      0.022       1.033    CORE65LPSVT 
HS65_LS_OAI22X17            2      17.680      0.023       2.735    CORE65LPSVT 
HS65_LS_OAI22X33            3      51.480      0.075       9.092    CORE65LPSVT 
HS65_LS_OAI22X44           20     457.600      0.660      68.591    CORE65LPSVT 
HS65_LS_OR2ABX27           37     211.640      0.496      58.451    CORE65LPSVT 
HS65_LS_OR2X18             71     258.440      0.691      63.115    CORE65LPSVT 
HS65_LS_OR2X27            106     606.320      1.612     123.877    CORE65LPSVT 
HS65_LS_OR2X35            161    1004.640      3.072     268.940    CORE65LPSVT 
HS65_LS_OR2X4              70     218.400      0.216      39.771    CORE65LPSVT 
HS65_LS_OR2X9            1116    3481.920      5.461     758.527    CORE65LPSVT 
HS65_LS_OR3ABCX35           2      12.480      0.042       3.437    CORE65LPSVT 
HS65_LS_OR4X14              1       7.280      0.007       0.000    CORE65LPSVT 
HS65_LS_OR4X4               1       5.200      0.007       0.309    CORE65LPSVT 
HS65_LS_PAO2X18             9      51.480      0.106      14.488    CORE65LPSVT 
HS65_LS_PAO2X27            21     207.480      0.380      39.142    CORE65LPSVT 
HS65_LS_PAO2X35            26     270.400      0.636      53.186    CORE65LPSVT 
HS65_LS_PAO3X18             1       6.760      0.011       1.713    CORE65LPSVT 
HS65_LS_PAOI2X1           104     378.560      0.160      17.839    CORE65LPSVT 
HS65_LS_PAOI2X11          102     795.600      0.779     123.880    CORE65LPSVT 
HS65_LS_PAOI2X22            8     120.640      0.089       7.804    CORE65LPSVT 
HS65_LS_PAOI2X3             8      33.280      0.019       2.797    CORE65LPSVT 
HS65_LS_PAOI2X33            9     196.560      0.165      19.260    CORE65LPSVT 
HS65_LS_PAOI2X6            26     108.160      0.113      16.109    CORE65LPSVT 
HS65_LS_PAOI3X4             1       5.200      0.005       0.485    CORE65LPSVT 
HS65_LS_SDFPRQX9          360    4492.800      3.811    3402.252    CORE65LPSVT 
HS65_LS_XNOR2X18          562    3799.120     12.329     920.227    CORE65LPSVT 
HS65_LS_XNOR2X27           16     166.400      0.507      26.226    CORE65LPSVT 
HS65_LS_XNOR2X35            4      45.760      0.174      13.726    CORE65LPSVT 
HS65_LS_XNOR2X4            11      51.480      0.063      10.346    CORE65LPSVT 
HS65_LS_XNOR2X9           104     540.800      1.027      90.567    CORE65LPSVT 
HS65_LS_XOR2X18           513    3467.880     11.281     906.590    CORE65LPSVT 
HS65_LS_XOR2X27           140    1456.000      4.465     339.331    CORE65LPSVT 
HS65_LS_XOR2X35           333    3809.520     14.599    1146.313    CORE65LPSVT 
HS65_LS_XOR2X4             57     266.760      0.339      51.754    CORE65LPSVT 
HS65_LS_XOR2X9            124     644.800      1.228     117.415    CORE65LPSVT 
--------------------------------------------------------------------------------
total                   92345  469003.600    687.794  148974.015                


                                             Leakage  Leakage  Internal  Internal 
     Type      Instances    Area    Area % Power (uW) Power % Power (uW)  Power % 
----------------------------------------------------------------------------------
sequential         13704 143270.400   30.5    135.557    19.7  90518.171     60.8 
inverter           10101  23432.760    5.0     63.433     9.2   3167.962      2.1 
buffer               832   6675.760    1.4     29.679     4.3   2285.933      1.5 
logic              67708 295624.680   63.0    459.126    66.8  53001.948     35.6 
physical_cells         0      0.000    0.0      0.000     0.0      0.000      0.0 
----------------------------------------------------------------------------------
total              92345 469003.600  100.0    687.794   100.0 148974.015    100.0 

