============================================================
  Generated by:           Genus(TM) Synthesis Solution 17.10-p007_1
  Generated on:           Nov 19 2019  11:38:18 pm
  Module:                 FME_INTER_4
  Technology libraries:   CORE65LPSVT 
                          CLOCK65LPSVT 
                          physical_cells 
  Operating conditions:   _nominal_ 
  Interconnect mode:      global
  Area mode:              physical library
============================================================

                                     Leakage   Internal      Net        Dynamic          Total       
                                                                    (Internal+Net) (Leakage+Dynamic) 
           Instance           Cells Power(uW)  Power(uW)  Power(uW)    Power(uW)       Power(uW)     
-----------------------------------------------------------------------------------------------------
FME_INTER_4                   92345   687.794 148974.015 112464.265     261438.280        262126.074 
  U_inter                     27843   348.363  29236.100  36239.979      65476.079         65824.442 
    csa_tree_P.._18_10_groupi   135     2.439    268.937    303.546        572.483           574.921 
    csa_tree_P.._18_10_groupi   136     2.429    267.461    308.730        576.191           578.619 
    csa_tree_P.._18_10_groupi   136     2.403    255.397    293.771        549.168           551.571 
    csa_tree_P.._18_10_groupi   136     2.396    240.370    278.764        519.134           521.530 
    csa_tree_P.._18_10_groupi   136     2.395    264.430    304.010        568.441           570.836 
    csa_tree_P.._18_10_groupi   136     2.394    232.173    267.301        499.474           501.868 
    csa_tree_P.._18_10_groupi   136     2.385    239.473    276.300        515.773           518.158 
    csa_tree_P.._18_10_groupi   136     2.368    250.223    293.710        543.933           546.301 
    csa_tree_P.._18_10_groupi   136     2.361    237.719    279.983        517.702           520.063 
    csa_tree_P.._18_10_groupi   135     2.349    236.573    272.468        509.042           511.391 
    csa_tree_P.._18_10_groupi   135     2.349    231.966    270.346        502.312           504.660 
    csa_tree_P.._18_10_groupi   136     2.348    252.269    296.957        549.226           551.574 
    csa_tree_P.._18_10_groupi   135     2.347    228.671    263.234        491.905           494.253 
    csa_tree_P.._18_10_groupi   135     2.346    237.108    271.037        508.145           510.491 
    csa_tree_P.._18_10_groupi   135     2.340    249.417    286.204        535.621           537.961 
    csa_tree_P.._18_10_groupi   135     2.340    230.627    267.780        498.407           500.747 
    csa_tree_P.._18_10_groupi   136     2.331    237.315    278.816        516.131           518.462 
    csa_tree_P.._18_10_groupi   136     2.288    246.388    293.866        540.254           542.542 
    csa_tree_P.._18_10_groupi   135     2.269    248.831    293.623        542.455           544.724 
    csa_tree_P.._18_10_groupi   135     2.260    227.230    277.814        505.044           507.304 
    csa_tree_P.._18_10_groupi   135     2.051    206.218    260.719        466.937           468.987 
    csa_tree_P.._18_10_groupi   126     1.853    202.031    233.274        435.305           437.157 
    csa_tree_P.._18_10_groupi   126     1.850    180.562    207.179        387.741           389.591 
    csa_tree_P.._18_10_groupi   126     1.849    197.448    228.139        425.587           427.436 
    csa_tree_P.._18_16_groupi   105     1.848    116.443    128.243        244.686           246.534 
    csa_tree_P.._18_10_groupi   126     1.839    196.449    218.388        414.837           416.676 
    csa_tree_P.._18_10_groupi   126     1.835    192.131    212.992        405.122           406.958 
    csa_tree_P.._18_10_groupi   126     1.832    196.477    220.689        417.166           418.998 
    csa_tree_P.._18_16_groupi   104     1.830    122.055    134.521        256.576           258.406 
    csa_tree_P.._18_10_groupi   126     1.828    197.301    217.344        414.646           416.474 
    csa_tree_P.._18_10_groupi   126     1.824    190.957    215.464        406.421           408.246 
    csa_tree_P.._18_10_groupi   126     1.824    186.968    206.251        393.219           395.043 
    csa_tree_P.._18_10_groupi   126     1.820    195.127    220.787        415.914           417.734 
    csa_tree_P.._18_10_groupi   126     1.819    187.752    205.737        393.489           395.308 
    csa_tree_P.._18_10_groupi   126     1.817    177.659    196.842        374.500           376.317 
    csa_tree_P.._18_10_groupi   126     1.817    180.601    201.200        381.801           383.618 
    csa_tree_P.._18_10_groupi   126     1.817    189.750    212.491        402.241           404.057 
    csa_tree_P.._18_10_groupi   126     1.813    187.776    209.320        397.096           398.909 
    csa_tree_P.._18_10_groupi   126     1.813    197.961    221.486        419.446           421.259 
    csa_tree_P.._18_10_groupi   126     1.812    190.387    210.272        400.659           402.471 
    csa_tree_P.._18_10_groupi   126     1.812    183.869    205.251        389.120           390.932 
    csa_tree_P.._18_10_groupi   126     1.811    190.750    212.703        403.453           405.265 
    csa_tree_P.._18_10_groupi   126     1.810    191.931    214.547        406.478           408.288 
    csa_tree_P.._18_10_groupi   126     1.810    182.453    200.621        383.074           384.885 
    csa_tree_P.._18_10_groupi   126     1.810    191.813    215.383        407.196           409.006 
    csa_tree_P.._18_10_groupi   126     1.808    191.505    215.900        407.405           409.213 
    csa_tree_P.._18_10_groupi   126     1.808    195.039    217.993        413.032           414.839 
    csa_tree_P.._18_10_groupi   126     1.807    175.611    199.891        375.501           377.309 
    csa_tree_P.._18_10_groupi   126     1.807    185.156    207.006        392.163           393.969 
    csa_tree_P.._18_10_groupi   126     1.805    187.477    206.999        394.476           396.281 
    csa_tree_P.._18_10_groupi   126     1.802    193.614    219.913        413.527           415.328 
    csa_tree_P.._18_10_groupi   126     1.801    185.328    204.686        390.013           391.815 
    csa_tree_P.._18_10_groupi   126     1.796    188.642    210.187        398.829           400.626 
    csa_tree_P.._18_10_groupi   126     1.795    182.424    199.126        381.550           383.345 
    csa_tree_P.._18_10_groupi   126     1.795    186.406    210.461        396.867           398.662 
    csa_tree_P.._18_10_groupi   126     1.792    195.127    215.617        410.744           412.536 
    csa_tree_P.._18_10_groupi   126     1.792    197.295    221.691        418.986           420.778 
    csa_tree_P.._18_10_groupi   126     1.789    187.246    210.750        397.996           399.785 
    csa_tree_P.._18_10_groupi   126     1.788    193.360    212.499        405.859           407.647 
    csa_tree_P.._18_10_groupi   126     1.788    174.062    194.155        368.217           370.005 
    csa_tree_P.._18_10_groupi   122     1.768    196.113    203.432        399.545           401.313 
    addinc_PUs.._S0_add_18_16    93     1.751     97.176    124.352        221.528           223.279 
    addinc_PUs.._S0_add_18_16    93     1.748     89.778    116.452        206.230           207.978 
    addinc_PUs.._S0_add_18_16    93     1.737     85.628    107.422        193.050           194.787 
    addinc_PUs.._S0_add_18_16    93     1.733     90.993    120.464        211.458           213.191 
    addinc_PUs.._S0_add_18_16    93     1.733     86.895    114.498        201.393           203.126 
    addinc_PUs.._S0_add_18_16    93     1.727     83.485    104.767        188.252           189.979 
    addinc_PUs.._S0_add_18_16    93     1.726     88.126    109.520        197.647           199.373 
    csa_tree_P.._18_16_groupi   105     1.726    121.434    135.777        257.211           258.937 
    addinc_PUs.._S0_add_18_16    93     1.724     83.234    108.100        191.334           193.057 
    csa_tree_P.._18_10_groupi   127     1.723    178.400    197.249        375.649           377.372 
    csa_tree_P.._18_16_groupi   105     1.722    112.418    120.925        233.343           235.065 
    addinc_PUs.._S0_add_18_16    93     1.721     90.315    114.182        204.497           206.218 
    addinc_PUs.._S0_add_18_16    93     1.720     91.979    121.927        213.906           215.626 
    addinc_PUs.._S0_add_18_16    93     1.717     90.737    116.207        206.944           208.661 
    addinc_PUs.._S0_add_18_16    93     1.714     89.096    109.438        198.534           200.248 
    csa_tree_P.._18_16_groupi   104     1.713    120.569    126.637        247.207           248.919 
    addinc_PUs.._S0_add_18_16    93     1.712     84.161    108.958        193.119           194.831 
    addinc_PUs.._S0_add_18_16    93     1.711     86.547    112.776        199.323           201.034 
    addinc_PUs.._S0_add_18_16    93     1.710     89.348    114.665        204.013           205.723 
    addinc_PUs.._S0_add_18_16    93     1.708    102.562    129.395        231.957           233.664 
    addinc_PUs.._S0_add_18_16    93     1.707     87.198    113.853        201.051           202.758 
    addinc_PUs.._S0_add_18_16    93     1.706     87.589    112.889        200.478           202.184 
    addinc_PUs.._S0_add_18_16    95     1.704     94.226    120.520        214.746           216.450 
    csa_tree_P.._18_16_groupi   103     1.703    108.541    113.844        222.385           224.088 
    csa_tree_P.._18_16_groupi   104     1.703    112.733    121.347        234.080           235.783 
    addinc_PUs.._S0_add_18_16    93     1.701     91.846    112.824        204.670           206.371 
    csa_tree_P.._18_16_groupi   103     1.695    109.420    114.117        223.537           225.232 
    csa_tree_P.._18_16_groupi   103     1.693    110.665    111.290        221.955           223.648 
    csa_tree_P.._18_16_groupi   103     1.690    115.479    114.592        230.072           231.762 
    csa_tree_P.._18_16_groupi   101     1.690    109.043    119.290        228.333           230.023 
    addinc_PUs.._S0_add_18_16    95     1.688     92.696    114.612        207.308           208.996 
    addinc_PUs.._S0_add_18_16    95     1.686     79.795     96.465        176.260           177.946 
    csa_tree_P.._18_16_groupi   104     1.684    112.129    121.014        233.143           234.828 
    addinc_PUs.._S0_add_18_16    95     1.681     78.960    102.825        181.784           183.465 
    csa_tree_P.._18_16_groupi    92     1.676    112.948    128.696        241.643           243.320 
    addinc_PUs.._S0_add_18_16    95     1.673     83.589    110.593        194.182           195.855 
    addinc_PUs.._S0_add_18_16    95     1.673     88.731    110.073        198.804           200.477 
    csa_tree_P.._18_16_groupi   101     1.668    107.847    117.357        225.205           226.872 
    csa_tree_P.._18_16_groupi   104     1.653    110.188    117.072        227.260           228.913 
    csa_tree_P.._18_16_groupi   104     1.645     99.515    105.565        205.080           206.725 
    csa_tree_P.._18_16_groupi    94     1.645    108.438    113.509        221.947           223.592 
    csa_tree_P.._18_16_groupi   104     1.643    109.436    120.810        230.246           231.890 
    csa_tree_P.._18_16_groupi    94     1.626    109.818    115.002        224.820           226.446 
    csa_tree_P.._18_10_groupi   125     1.626    183.034    190.339        373.374           374.999 
    csa_tree_P.._18_10_groupi   133     1.599    170.065    186.798        356.863           358.461 
    csa_tree_P.._18_16_groupi   104     1.594    104.016    114.274        218.290           219.884 
    csa_tree_P.._18_10_groupi   126     1.591    166.271    180.889        347.161           348.752 
    csa_tree_P.._18_10_groupi   126     1.574    175.076    194.100        369.176           370.750 
    csa_tree_P.._18_10_groupi   126     1.566    176.697    184.251        360.948           362.514 
    csa_tree_P.._18_10_groupi   126     1.533    182.867    199.058        381.924           383.458 
    csa_tree_P.._18_16_groupi    93     1.446     86.284     96.217        182.501           183.947 
    csa_tree_P.._18_16_groupi    93     1.320    100.954    107.522        208.476           209.796 
    addinc_PUs.._S0_add_18_16    89     1.261     67.548     90.854        158.403           159.664 
    addinc_PUs.._S0_add_18_16    89     1.256     70.701     94.891        165.591           166.848 
    csa_tree_P.._18_16_groupi    91     1.250     87.357     96.393        183.750           185.000 
    addinc_PUs.._S0_add_18_16    89     1.247     70.487     92.695        163.182           164.429 
    addinc_PUs.._S0_add_18_16    89     1.244     69.454     97.714        167.168           168.411 
    addinc_PUs.._S0_add_18_16    89     1.240     65.694     88.761        154.456           155.695 
    addinc_PUs.._S0_add_18_16    89     1.235     60.121     79.628        139.750           140.985 
    addinc_PUs.._S0_add_18_16    89     1.230     74.249     96.977        171.226           172.456 
    addinc_PUs.._S0_add_18_16    89     1.229     72.157     95.988        168.145           169.374 
    addinc_PUs.._S0_add_18_16    89     1.225     73.637    102.618        176.255           177.479 
    csa_tree_P.._18_16_groupi    90     1.222     81.631     92.257        173.888           175.110 
    addinc_PUs.._S0_add_18_16    89     1.220     67.588     89.513        157.102           158.322 
    addinc_PUs.._S0_add_18_16    89     1.207     67.493     88.208        155.701           156.908 
    csa_tree_P.._18_16_groupi    92     1.201     82.657     99.394        182.051           183.253 
    csa_tree_P.._18_16_groupi    90     1.200     79.882     87.896        167.778           168.978 
    csa_tree_P.._18_16_groupi    90     1.175     75.333     83.979        159.312           160.487 
    csa_tree_P.._18_16_groupi    90     1.173     79.083     89.598        168.681           169.854 
    csa_tree_P.._18_16_groupi    90     1.169     79.472     90.246        169.718           170.887 
    csa_tree_P.._18_16_groupi    90     1.169     88.425    100.526        188.951           190.120 
    csa_tree_P.._18_16_groupi    90     1.167     76.509     88.325        164.833           166.001 
    csa_tree_P.._18_16_groupi    90     1.166     79.877     89.873        169.750           170.916 
    csa_tree_P.._18_16_groupi    90     1.165     88.336    100.062        188.398           189.563 
    csa_tree_P.._18_16_groupi    90     1.165     79.495     90.543        170.039           171.203 
    csa_tree_P.._18_16_groupi    90     1.164     77.280     89.342        166.622           167.786 
    csa_tree_P.._18_16_groupi    90     1.163     77.105     88.184        165.289           166.452 
    csa_tree_P.._18_16_groupi    90     1.163     80.400     94.069        174.470           175.632 
    csa_tree_P.._18_16_groupi    90     1.162     87.866    101.214        189.080           190.242 
    csa_tree_P.._18_16_groupi    90     1.162     82.228     95.544        177.771           178.933 
    csa_tree_P.._18_16_groupi    90     1.161     84.517     94.714        179.231           180.392 
    csa_tree_P.._18_16_groupi    90     1.161     81.711     91.799        173.510           174.671 
    csa_tree_P.._18_16_groupi    90     1.160     76.587     86.262        162.849           164.010 
    csa_tree_P.._18_16_groupi    90     1.160     83.544     95.587        179.130           180.291 
    csa_tree_P.._18_16_groupi    90     1.160     84.896     96.074        180.970           182.130 
    csa_tree_P.._18_16_groupi    90     1.160     83.310     94.697        178.008           179.168 
    csa_tree_P.._18_16_groupi    90     1.158     72.579     84.908        157.487           158.645 
    csa_tree_P.._18_16_groupi    90     1.158     80.743     92.379        173.122           174.280 
    csa_tree_P.._18_16_groupi    90     1.158     77.248     89.224        166.472           167.630 
    csa_tree_P.._18_16_groupi    90     1.156     84.565     94.771        179.336           180.492 
    csa_tree_P.._18_16_groupi    90     1.155     77.494     90.506        167.999           169.155 
    csa_tree_P.._18_16_groupi    90     1.154     81.644     91.885        173.529           174.683 
    csa_tree_P.._18_16_groupi    90     1.153     81.079     91.178        172.257           173.410 
    csa_tree_P.._18_16_groupi    90     1.152     87.029    100.202        187.231           188.383 
    csa_tree_P.._18_16_groupi    90     1.151     79.004     91.663        170.667           171.819 
    csa_tree_P.._18_16_groupi    90     1.151     77.188     86.001        163.189           164.340 
    csa_tree_P.._18_16_groupi    90     1.150     81.995     94.517        176.513           177.662 
    csa_tree_P.._18_16_groupi    90     1.149     85.128     98.352        183.480           184.630 
    csa_tree_P.._18_16_groupi    90     1.149     77.205     88.072        165.277           166.427 
    csa_tree_P.._18_16_groupi    90     1.148     79.893     90.736        170.629           171.776 
    csa_tree_P.._18_16_groupi    90     1.147     80.661     90.602        171.263           172.410 
    csa_tree_P.._18_16_groupi    90     1.147     80.279     95.290        175.569           176.715 
    csa_tree_P.._18_16_groupi    90     1.144     76.151     88.261        164.412           165.556 
    csa_tree_P.._18_16_groupi    87     1.128     81.808     91.465        173.273           174.401 
    csa_tree_P.._18_16_groupi    89     1.070     71.774     85.708        157.482           158.552 
    csa_tree_P.._18_16_groupi    89     1.068     74.865     88.443        163.308           164.376 
    csa_tree_P.._18_16_groupi    89     1.067     76.731     89.553        166.284           167.351 
    csa_tree_P.._18_10_groupi    69     0.803     90.494     81.419        171.913           172.716 
    csa_tree_P.._18_10_groupi    69     0.802     91.793     83.043        174.836           175.638 
    csa_tree_P.._18_10_groupi    69     0.802     97.706     88.375        186.082           186.883 
    csa_tree_P.._18_10_groupi    69     0.791     93.461     85.986        179.447           180.237 
    csa_tree_P.._18_10_groupi    69     0.791     94.221     86.159        180.380           181.171 
    csa_tree_P.._18_10_groupi    69     0.789     94.429     86.130        180.558           181.347 
    csa_tree_P.._18_10_groupi    69     0.786     97.755     88.419        186.173           186.959 
    csa_tree_P.._18_10_groupi    72     0.783     94.640     87.682        182.323           183.105 
    csa_tree_P.._18_10_groupi    69     0.782    100.020     92.670        192.690           193.472 
    csa_tree_P.._18_10_groupi    72     0.780     97.284     91.785        189.069           189.849 
    csa_tree_P.._18_10_groupi    67     0.722     89.204     84.430        173.634           174.356 
    csa_tree_P.._18_10_groupi    68     0.661     81.295     83.586        164.882           165.542 
    csa_tree_P.._18_10_groupi    68     0.661     77.828     80.513        158.341           159.002 
    csa_tree_P.._18_10_groupi    68     0.661     82.718     86.299        169.018           169.678 
    csa_tree_P.._18_10_groupi    68     0.660     84.577     87.375        171.953           172.613 
    csa_tree_P.._18_10_groupi    68     0.658     83.899     88.062        171.961           172.619 
    csa_tree_P.._18_10_groupi    68     0.657     85.847     89.552        175.400           176.056 
    csa_tree_P.._18_10_groupi    68     0.657     84.027     86.567        170.594           171.251 
    csa_tree_P.._18_10_groupi    68     0.657     78.869     80.888        159.757           160.413 
    csa_tree_P.._18_10_groupi    68     0.656     84.504     87.211        171.715           172.371 
    csa_tree_P.._18_10_groupi    68     0.656     85.280     88.013        173.293           173.949 
    csa_tree_P.._18_10_groupi    68     0.656     82.316     84.951        167.267           167.923 
    csa_tree_P.._18_10_groupi    68     0.656     80.791     83.881        164.672           165.328 
    csa_tree_P.._18_10_groupi    68     0.656     83.974     86.888        170.863           171.518 
    csa_tree_P.._18_10_groupi    68     0.655     83.378     86.281        169.659           170.314 
    csa_tree_P.._18_10_groupi    68     0.655     85.989     88.269        174.258           174.913 
    csa_tree_P.._18_10_groupi    68     0.655     87.856     90.310        178.166           178.821 
    csa_tree_P.._18_10_groupi    68     0.655     82.076     84.796        166.873           167.528 
    csa_tree_P.._18_10_groupi    68     0.655     86.248     89.197        175.445           176.100 
    csa_tree_P.._18_10_groupi    68     0.655     80.112     84.213        164.325           164.980 
    csa_tree_P.._18_10_groupi    68     0.655     81.640     84.296        165.936           166.591 
    csa_tree_P.._18_10_groupi    68     0.654     77.731     80.107        157.839           158.493 
    csa_tree_P.._18_10_groupi    65     0.634     77.643     80.487        158.130           158.764 
    PUs[1].U_F..S11_add_41_16    70     0.453     36.915     43.482         80.397            80.850 
    PUs[0].U_F..S11_add_41_16    70     0.452     36.028     43.196         79.224            79.676 
    PUs[5].U_F..S11_add_41_16    70     0.451     34.872     42.065         76.937            77.389 
    PUs[4].U_F..S11_add_41_16    70     0.449     36.213     41.584         77.798            78.247 
    PUs[13].U_..S11_add_41_16    70     0.449     33.040     38.643         71.683            72.132 
    PUs[9].U_F..S11_add_41_16    70     0.448     34.201     40.729         74.929            75.377 
    PUs[3].U_F..S11_add_41_16    70     0.448     35.198     40.729         75.927            76.374 
    PUs[8].U_F..S11_add_41_16    70     0.442     33.938     39.306         73.244            73.686 
    PUs[6].U_F..S11_add_41_16    70     0.440     32.653     39.743         72.396            72.837 
    PUs[2].U_F..S11_add_41_16    70     0.440     34.081     42.186         76.266            76.706 
    PUs[20].U_..S11_add_41_16    70     0.437     33.652     39.830         73.481            73.918 
    PUs[10].U_..S11_add_41_16    70     0.437     35.744     43.228         78.972            79.409 
    PUs[18].U_..S11_add_41_16    70     0.435     36.621     43.448         80.069            80.504 
    PUs[11].U_..S11_add_41_16    70     0.435     33.349     40.719         74.068            74.503 
    PUs[14].U_..S11_add_41_16    70     0.435     35.039     42.207         77.246            77.681 
    PUs[31].U_..S11_add_41_16    70     0.434     32.800     40.128         72.928            73.363 
    PUs[15].U_..S11_add_41_16    70     0.434     35.622     43.562         79.184            79.618 
    PUs[23].U_..S11_add_41_16    70     0.434     34.807     42.418         77.225            77.659 
    PUs[7].U_F..S11_add_41_16    70     0.433     34.285     43.175         77.460            77.893 
    PUs[12].U_..S11_add_41_16    70     0.433     33.887     41.561         75.448            75.881 
    PUs[30].U_..S11_add_41_16    70     0.432     37.223     45.796         83.019            83.451 
    PUs[32].U_..S11_add_41_16    70     0.432     34.299     43.165         77.464            77.895 
    PUs[24].U_..S11_add_41_16    70     0.432     32.582     39.763         72.346            72.778 
    PUs[29].U_..S11_add_41_16    70     0.431     34.337     40.938         75.275            75.706 
    PUs[16].U_..S11_add_41_16    70     0.431     31.525     39.660         71.185            71.616 
    PUs[25].U_..S11_add_41_16    70     0.431     33.586     41.224         74.810            75.240 
    PUs[21].U_..S11_add_41_16    70     0.431     33.875     42.318         76.193            76.623 
    PUs[28].U_..S11_add_41_16    70     0.430     31.980     39.156         71.136            71.566 
    PUs[17].U_..S11_add_41_16    70     0.430     33.431     41.933         75.364            75.794 
    PUs[27].U_..S11_add_41_16    70     0.430     34.529     43.313         77.842            78.271 
    PUs[19].U_..S11_add_41_16    70     0.430     32.662     39.998         72.660            73.089 
    PUs[22].U_..S11_add_41_16    70     0.429     31.738     38.388         70.126            70.555 
    PUs[26].U_..S11_add_41_16    70     0.426     33.007     41.906         74.912            75.339 
    PUs[7].U_F.._S1_add_18_10    48     0.334     28.408     58.583         86.991            87.325 
    PUs[5].U_F.._S1_add_18_10    48     0.328     27.107     59.831         86.938            87.266 
    PUs[2].U_F.._S0_add_18_10    47     0.325     29.509     41.919         71.428            71.753 
    PUs[25].U_.._S0_add_18_10    47     0.323     27.841     38.871         66.712            67.035 
    PUs[0].U_F.._S0_add_18_10    47     0.322     28.503     38.581         67.084            67.407 
    PUs[7].U_F.._S0_add_18_10    47     0.322     28.064     40.220         68.284            68.605 
    PUs[13].U_.._S0_add_18_10    47     0.321     26.472     37.184         63.656            63.978 
    PUs[8].U_F.._S0_add_18_10    47     0.321     26.836     37.745         64.581            64.902 
    PUs[11].U_.._S0_add_18_10    47     0.321     29.115     39.752         68.867            69.188 
    PUs[18].U_.._S0_add_18_10    47     0.321     28.060     38.154         66.215            66.535 
    PUs[31].U_.._S0_add_18_10    47     0.320     28.891     39.759         68.650            68.970 
    PUs[0].U_F.._S0_add_18_10    47     0.320     27.884     32.131         60.015            60.336 
    PUs[32].U_.._S0_add_18_10    47     0.320     26.881     33.412         60.293            60.613 
    PUs[27].U_.._S0_add_18_10    47     0.320     23.631     32.808         56.439            56.759 
    PUs[10].U_.._S0_add_18_10    47     0.320     28.948     40.637         69.585            69.905 
    PUs[1].U_F.._S0_add_18_10    47     0.320     25.113     35.962         61.076            61.396 
    PUs[20].U_.._S0_add_18_10    47     0.320     26.655     36.005         62.660            62.980 
    PUs[15].U_.._S0_add_18_10    47     0.320     29.491     40.133         69.625            69.944 
    PUs[6].U_F.._S1_add_18_10    48     0.320     27.760     59.726         87.486            87.805 
    PUs[17].U_.._S0_add_18_10    47     0.320     25.624     35.861         61.486            61.805 
    PUs[5].U_F.._S0_add_18_10    47     0.320     28.408     40.717         69.125            69.444 
    PUs[29].U_.._S0_add_18_10    47     0.320     28.708     39.262         67.970            68.290 
    PUs[28].U_.._S0_add_18_10    47     0.319     29.562     40.071         69.633            69.953 
    PUs[3].U_F.._S0_add_18_10    47     0.319     24.904     35.696         60.600            60.919 
    PUs[16].U_.._S0_add_18_10    47     0.319     30.339     41.390         71.729            72.048 
    PUs[24].U_.._S0_add_18_10    47     0.319     25.551     35.671         61.222            61.541 
    PUs[21].U_.._S0_add_18_10    47     0.319     25.411     35.138         60.550            60.869 
    PUs[19].U_.._S0_add_18_10    47     0.319     30.205     41.157         71.361            71.680 
    PUs[30].U_.._S0_add_18_10    47     0.319     25.916     36.659         62.576            62.894 
    PUs[26].U_.._S0_add_18_10    47     0.319     25.054     34.987         60.041            60.360 
    PUs[6].U_F.._S0_add_18_10    47     0.318     27.595     39.073         66.668            66.987 
    PUs[23].U_.._S0_add_18_10    47     0.318     27.735     37.363         65.098            65.416 
    PUs[14].U_.._S0_add_18_10    47     0.318     26.434     37.246         63.680            63.998 
    PUs[4].U_F.._S0_add_18_10    47     0.318     25.466     36.494         61.959            62.277 
    PUs[26].U_.._S1_add_18_10    48     0.318     26.398     56.822         83.220            83.538 
    PUs[9].U_F.._S0_add_18_10    47     0.317     28.032     40.403         68.435            68.752 
    PUs[12].U_.._S0_add_18_10    47     0.317     25.059     35.485         60.544            60.862 
    PUs[22].U_.._S0_add_18_10    47     0.317     27.063     38.174         65.237            65.554 
    PUs[4].U_F.._S1_add_18_10    48     0.317     22.341     50.607         72.948            73.265 
    PUs[31].U_.._S1_add_18_10    48     0.317     27.453     63.783         91.237            91.553 
    PUs[1].U_F.._S1_add_18_10    48     0.313     22.886     50.706         73.592            73.905 
    PUs[2].U_F.._S1_add_18_10    48     0.308     26.007     59.589         85.597            85.905 
    PUs[18].U_.._S1_add_18_10    48     0.308     25.702     57.458         83.160            83.468 
    PUs[3].U_F.._S1_add_18_10    48     0.308     26.534     59.661         86.195            86.502 
    PUs[24].U_.._S1_add_18_10    48     0.307     24.124     54.927         79.051            79.358 
    PUs[27].U_.._S1_add_18_10    48     0.307     24.002     53.902         77.903            78.211 
    PUs[0].U_F.._S1_add_18_10    48     0.307     24.354     56.179         80.533            80.840 
    PUs[17].U_.._S1_add_18_10    48     0.307     24.849     56.004         80.853            81.160 
    PUs[25].U_.._S1_add_18_10    48     0.307     26.145     57.809         83.954            84.261 
    PUs[20].U_.._S1_add_18_10    48     0.307     26.219     60.271         86.490            86.797 
    PUs[28].U_.._S1_add_18_10    48     0.307     26.291     59.824         86.116            86.422 
    PUs[15].U_.._S1_add_18_10    48     0.306     25.736     59.329         85.065            85.371 
    PUs[16].U_.._S1_add_18_10    48     0.306     28.506     61.005         89.511            89.817 
    PUs[23].U_.._S1_add_18_10    48     0.306     25.174     57.081         82.254            82.560 
    PUs[11].U_.._S1_add_18_10    48     0.306     25.043     54.008         79.052            79.357 
    PUs[30].U_.._S1_add_18_10    48     0.305     26.068     60.221         86.289            86.594 
    PUs[13].U_.._S1_add_18_10    48     0.305     25.399     55.771         81.170            81.475 
    PUs[14].U_.._S1_add_18_10    48     0.305     24.413     58.944         83.357            83.662 
    PUs[19].U_.._S1_add_18_10    48     0.305     25.034     57.715         82.748            83.053 
    PUs[22].U_.._S1_add_18_10    48     0.304     26.189     57.871         84.060            84.365 
    PUs[9].U_F.._S1_add_18_10    48     0.304     27.024     61.846         88.869            89.174 
    PUs[8].U_F.._S1_add_18_10    48     0.304     26.844     60.488         87.332            87.635 
    PUs[21].U_.._S1_add_18_10    48     0.303     24.549     55.892         80.441            80.745 
    PUs[32].U_.._S1_add_18_10    48     0.297     22.332     35.507         57.838            58.135 
    PUs[29].U_.._S1_add_18_10    48     0.297     24.601     55.896         80.497            80.793 
    PUs[0].U_F.._S1_add_18_10    48     0.296     24.297     38.288         62.586            62.881 
    PUs[10].U_.._S1_add_18_10    48     0.295     24.481     56.831         81.312            81.607 
    PUs[12].U_.._S1_add_18_10    48     0.294     23.871     54.508         78.380            78.673 
  U_buffer                    60481   294.652 111101.842  57640.080     168741.921        169036.573 
  U_crtl                         91     0.466    144.909     40.880        185.788           186.254 
    inc_add_824_29                9     0.041      1.981      1.421          3.402             3.443 
    inc_add_794_29                8     0.036      1.589      1.177          2.766             2.802 
    inc_add_809_29                8     0.036      0.868      0.649          1.517             1.553 
    lt_722_18                     3     0.012      0.212      0.114          0.326             0.338 
    lt_736_18                     2     0.009      0.309      0.287          0.596             0.605 
    lt_729_18                     2     0.007      0.000      0.000          0.000             0.007 
  clipping[0].U_clip             15     0.107      8.117     10.615         18.731            18.839 
    gte_592_34                    6     0.044      2.893      4.817          7.710             7.754 
  clipping[14].U_clip            15     0.098      7.091      9.263         16.354            16.452 
    gte_592_34                    6     0.042      2.393      3.665          6.058             6.100 
  clipping[20].U_clip            15     0.094      6.223      7.422         13.646            13.740 
    gte_592_34                    6     0.040      2.396      3.175          5.571             5.611 
  clipping[2].U_clip             15     0.094      5.709      7.742         13.451            13.545 
    gte_592_34                    6     0.039      2.111      3.675          5.786             5.825 
  clipping[18].U_clip            15     0.094      5.905      8.024         13.928            14.022 
    gte_592_34                    6     0.040      2.553      3.410          5.963             6.003 
  clipping[24].U_clip            15     0.094      6.776      9.336         16.111            16.205 
    gte_592_34                    6     0.041      3.065      4.208          7.273             7.313 
  clipping[15].U_clip            15     0.092      7.309      9.491         16.800            16.893 
    gte_592_34                    6     0.036      2.704      3.743          6.447             6.484 
  clipping[29].U_clip            15     0.092      8.025      9.799         17.825            17.917 
    gte_592_34                    6     0.036      2.522      3.576          6.098             6.133 
  clipping[27].U_clip            15     0.090      6.743      9.101         15.844            15.934 
    gte_592_34                    6     0.035      2.383      3.586          5.969             6.003 
  clipping[21].U_clip            15     0.089      6.716      8.635         15.351            15.440 
    gte_592_34                    6     0.035      2.773      3.818          6.591             6.626 
  clipping[11].U_clip            15     0.088      5.411      6.439         11.851            11.939 
    gte_592_34                    6     0.035      2.056      2.890          4.946             4.982 
  clipping[6].U_clip             15     0.088      5.498      7.980         13.478            13.566 
    gte_592_34                    6     0.035      2.120      3.337          5.457             5.492 
  clipping[23].U_clip            15     0.088      7.054      9.462         16.517            16.605 
    gte_592_34                    6     0.034      2.789      3.831          6.621             6.655 
  clipping[30].U_clip            15     0.087      7.528      9.815         17.343            17.431 
    gte_592_34                    6     0.031      2.279      3.645          5.924             5.955 
  clipping[8].U_clip             15     0.087      5.567      7.273         12.840            12.927 
    gte_592_34                    6     0.034      1.920      2.846          4.766             4.800 
  clipping[26].U_clip            15     0.087      6.453      9.244         15.697            15.784 
    gte_592_34                    6     0.034      2.872      4.128          7.001             7.034 
  clipping[3].U_clip             15     0.086      5.628      7.512         13.139            13.226 
    gte_592_34                    6     0.033      2.301      3.408          5.708             5.741 
  clipping[17].U_clip            15     0.083      5.282      6.817         12.099            12.183 
    gte_592_34                    6     0.029      1.845      2.953          4.798             4.827 
  clipping[32].U_clip            15     0.082      6.226      8.830         15.056            15.139 
    gte_592_34                    6     0.028      2.372      3.740          6.112             6.140 
  clipping[5].U_clip             15     0.082      5.350      7.811         13.161            13.243 
    gte_592_34                    6     0.029      2.100      3.416          5.515             5.544 
  clipping[12].U_clip            15     0.081      4.668      6.203         10.871            10.952 
    gte_592_34                    6     0.027      1.900      2.872          4.772             4.799 
  clipping[9].U_clip             15     0.081      5.411      7.569         12.980            13.061 
    gte_592_34                    6     0.028      1.785      2.984          4.770             4.798 
  clipping[28].U_clip            12     0.058      8.358      6.572         14.930            14.988 
    gte_592_34                    4     0.019      2.452      3.000          5.452             5.471 
  clipping[1].U_clip             12     0.058      7.280      5.765         13.046            13.104 
    gte_592_34                    4     0.019      2.177      2.688          4.865             4.884 
  clipping[16].U_clip            12     0.058      7.472      5.963         13.435            13.493 
    gte_592_34                    4     0.019      2.306      2.840          5.145             5.164 
  clipping[4].U_clip             12     0.058      7.524      6.083         13.607            13.665 
    gte_592_34                    4     0.019      2.474      3.021          5.495             5.514 
  clipping[7].U_clip             12     0.058      7.540      5.935         13.475            13.533 
    gte_592_34                    4     0.019      2.284      2.765          5.049             5.068 
  clipping[13].U_clip            12     0.058      7.066      5.760         12.826            12.884 
    gte_592_34                    4     0.019      2.374      2.915          5.289             5.308 
  clipping[31].U_clip            12     0.058      8.149      6.489         14.637            14.695 
    gte_592_34                    4     0.019      2.519      3.087          5.606             5.625 
  clipping[19].U_clip            12     0.058      7.291      5.889         13.180            13.238 
    gte_592_34                    4     0.019      2.423      2.951          5.374             5.393 
  clipping[25].U_clip            12     0.058      7.733      6.261         13.994            14.051 
    gte_592_34                    4     0.019      2.570      3.138          5.708             5.726 
  clipping[10].U_clip            12     0.057      6.463      5.284         11.747            11.805 
    gte_592_34                    4     0.019      2.171      2.687          4.858             4.877 
  clipping[22].U_clip            12     0.057      6.645      5.229         11.874            11.931 
    gte_592_34                    4     0.019      2.083      2.485          4.567             4.586 
  clipping[9..ip_gte_592_34       6     0.041      2.581      4.148          6.729             6.770 
  clipping[9..ip_gte_592_34       6     0.039      2.408      3.930          6.338             6.376 
  clipping[6..ip_gte_592_34       6     0.036      1.927      3.040          4.967             5.003 
  clipping[7..ip_gte_592_34       6     0.035      2.429      3.834          6.264             6.299 
  clipping[7..ip_gte_592_34       6     0.035      3.177      4.396          7.572             7.607 
  clipping[8..ip_gte_592_34       6     0.034      2.554      3.562          6.116             6.150 
  clipping[5..ip_gte_592_34       6     0.033      2.736      3.680          6.416             6.450 
  clipping[4..ip_gte_592_34       6     0.033      1.761      2.526          4.287             4.320 
  clipping[7..ip_gte_592_34       6     0.032      2.918      4.599          7.517             7.549 
  clipping[8..ip_gte_592_34       6     0.032      2.429      4.194          6.622             6.654 
  clipping[8..ip_gte_592_34       6     0.032      2.549      4.139          6.688             6.720 
  clipping[5..ip_gte_592_34       6     0.031      2.267      3.536          5.803             5.834 
  clipping[8..ip_gte_592_34       6     0.031      2.372      3.832          6.205             6.236 
  clipping[4..ip_gte_592_34       6     0.031      2.473      4.053          6.526             6.557 
  clipping[8..ip_gte_592_34       6     0.031      2.086      3.345          5.431             5.462 
  clipping[6..ip_gte_592_34       6     0.031      2.082      3.337          5.419             5.450 
  clipping[4..ip_gte_592_34       6     0.030      2.291      4.199          6.491             6.521 
  clipping[5..ip_gte_592_34       6     0.030      2.333      4.281          6.614             6.644 
  clipping[6..ip_gte_592_34       6     0.030      2.073      3.504          5.577             5.607 
  clipping[6..ip_gte_592_34       6     0.030      2.702      4.439          7.141             7.171 
  clipping[8..ip_gte_592_34       6     0.030      2.020      3.370          5.389             5.419 
  clipping[7..ip_gte_592_34       6     0.030      2.463      3.946          6.409             6.439 
  clipping[3..ip_gte_592_34       6     0.030      1.940      2.979          4.920             4.950 
  clipping[3..ip_gte_592_34       6     0.030      2.723      4.662          7.385             7.415 
  clipping[5..ip_gte_592_34       6     0.030      2.204      3.640          5.845             5.874 
  clipping[6..ip_gte_592_34       6     0.030      2.042      3.846          5.888             5.918 
  clipping[7..ip_gte_592_34       6     0.030      2.069      3.157          5.226             5.255 
  clipping[9..ip_gte_592_34       6     0.030      2.521      4.539          7.060             7.089 
  clipping[4..ip_gte_592_34       6     0.030      2.468      4.310          6.778             6.807 
  clipping[5..ip_gte_592_34       6     0.029      2.391      3.853          6.244             6.274 
  clipping[3..ip_gte_592_34       6     0.029      2.127      3.768          5.895             5.925 
  clipping[6..ip_gte_592_34       6     0.029      1.767      2.872          4.639             4.668 
  clipping[3..ip_gte_592_34       6     0.029      2.199      3.661          5.860             5.889 
  clipping[9..ip_gte_592_34       6     0.029      1.877      3.018          4.895             4.924 
  clipping[7..ip_gte_592_34       6     0.029      2.139      4.021          6.161             6.189 
  clipping[5..ip_gte_592_34       6     0.029      2.291      3.739          6.030             6.059 
  clipping[3..ip_gte_592_34       6     0.029      2.082      3.300          5.382             5.411 
  clipping[4..ip_gte_592_34       6     0.029      2.248      4.170          6.418             6.447 
  clipping[4..ip_gte_592_34       6     0.029      2.807      4.397          7.204             7.233 
  clipping[6..ip_gte_592_34       6     0.028      2.094      3.282          5.376             5.405 
  clipping[9..ip_gte_592_34       6     0.028      2.131      3.384          5.514             5.543 
  clipping[5..ip_gte_592_34       6     0.028      2.182      3.593          5.774             5.803 
  clipping[9..ip_gte_592_34       6     0.028      2.197      3.388          5.585             5.613 
  clipping[8..ip_gte_592_34       6     0.028      1.642      2.563          4.205             4.233 
  clipping[4..ip_gte_592_34       4     0.019      2.314      2.968          5.282             5.301 
  clipping[3..ip_gte_592_34       4     0.019      2.600      3.280          5.881             5.900 
  clipping[6..ip_gte_592_34       4     0.019      2.570      3.272          5.842             5.861 
  clipping[8..ip_gte_592_34       4     0.019      2.210      2.787          4.997             5.016 
  clipping[5..ip_gte_592_34       4     0.019      2.001      2.508          4.510             4.529 
  clipping[6..ip_gte_592_34       4     0.019      2.456      3.113          5.568             5.587 
  clipping[7..ip_gte_592_34       4     0.019      2.380      3.004          5.384             5.403 
  clipping[5..ip_gte_592_34       4     0.019      2.247      2.886          5.133             5.152 
  clipping[5..ip_gte_592_34       4     0.019      2.210      2.790          5.000             5.019 
  clipping[3..ip_gte_592_34       4     0.019      2.256      2.838          5.093             5.112 
  clipping[9..ip_gte_592_34       4     0.019      2.457      3.169          5.626             5.645 
  clipping[9..ip_gte_592_34       4     0.019      2.574      3.271          5.845             5.864 
  clipping[7..ip_gte_592_34       4     0.019      2.172      2.747          4.919             4.938 
  clipping[7..ip_gte_592_34       4     0.019      2.681      3.464          6.146             6.164 
  clipping[8..ip_gte_592_34       4     0.019      2.365      3.054          5.419             5.438 
  clipping[4..ip_gte_592_34       4     0.019      2.440      3.162          5.602             5.621 
  clipping[6..ip_gte_592_34       4     0.019      2.282      2.908          5.190             5.209 
  clipping[4..ip_gte_592_34       4     0.019      2.083      2.651          4.734             4.753 
  clipping[7..ip_gte_592_34       4     0.019      2.225      2.844          5.069             5.087 
  clipping[9..ip_gte_592_34       4     0.019      2.122      2.674          4.796             4.815 
  clipping[8..ip_gte_592_34       4     0.019      2.215      2.794          5.010             5.028 
  clipping[4..ip_gte_592_34       4     0.018      2.286      2.892          5.179             5.197 

