============================================================
  Generated by:           Genus(TM) Synthesis Solution 17.10-p007_1
  Generated on:           Nov 13 2020  11:41:46 am
  Module:                 filter_sharp
  Technology libraries:   CORE65LPSVT 
                          CLOCK65LPSVT 
                          physical_cells 
  Operating conditions:   _nominal_ 
  Interconnect mode:      global
  Area mode:              physical library
============================================================

                                            Leakage   Internal  
       Gate         Instances     Area    Power (uW) Power (uW)     Library    
-------------------------------------------------------------------------------
HS65_LSS_XNOR2X12         195    1318.200      2.605    180.489    CORE65LPSVT 
HS65_LSS_XNOR2X18         125    1300.000      2.782    203.672    CORE65LPSVT 
HS65_LSS_XNOR2X24          52     648.960      1.555    107.275    CORE65LPSVT 
HS65_LSS_XNOR2X3           26     108.160      0.092      5.070    CORE65LPSVT 
HS65_LSS_XNOR2X6          819    3407.040      5.526    459.141    CORE65LPSVT 
HS65_LSS_XNOR3X12           6     146.640      0.157     13.612    CORE65LPSVT 
HS65_LSS_XOR2X12           13      81.120      0.169     12.028    CORE65LPSVT 
HS65_LSS_XOR2X6           658    2737.280      3.810    351.010    CORE65LPSVT 
HS65_LSS_XOR3X12           13     331.240      0.404      7.611    CORE65LPSVT 
HS65_LSS_XOR3X2            10      78.000      0.054      2.403    CORE65LPSVT 
HS65_LS_AND2ABX18           4      16.640      0.034      2.556    CORE65LPSVT 
HS65_LS_AND2ABX35           1       6.240      0.019      1.455    CORE65LPSVT 
HS65_LS_AND2X18           237     862.680      2.349    119.677    CORE65LPSVT 
HS65_LS_AND2X27           112     640.640      1.758     78.636    CORE65LPSVT 
HS65_LS_AND2X35            72     449.280      1.441     79.740    CORE65LPSVT 
HS65_LS_AND2X4            381     990.600      0.890     87.179    CORE65LPSVT 
HS65_LS_AND2X9            201     627.120      0.969     74.538    CORE65LPSVT 
HS65_LS_AND3X18            20      93.600      0.244      8.441    CORE65LPSVT 
HS65_LS_AND3X27             6      40.560      0.107      4.175    CORE65LPSVT 
HS65_LS_AND3X35            25     195.000      0.653     37.179    CORE65LPSVT 
HS65_LS_AND3X9             19      69.160      0.106      5.232    CORE65LPSVT 
HS65_LS_AND4X13             7      43.680      0.129      3.101    CORE65LPSVT 
HS65_LS_AND4X19            10     109.200      0.289      7.627    CORE65LPSVT 
HS65_LS_AND4X25             8     104.000      0.284      9.742    CORE65LPSVT 
HS65_LS_AO112X18           10      46.800      0.107      3.068    CORE65LPSVT 
HS65_LS_AO112X9            10      41.600      0.047      1.169    CORE65LPSVT 
HS65_LS_AO12X18            35     145.600      0.374     28.559    CORE65LPSVT 
HS65_LS_AO12X9             75     273.000      0.359     12.855    CORE65LPSVT 
HS65_LS_AO311X9            10      46.800      0.046      1.480    CORE65LPSVT 
HS65_LS_AO312X9             5      28.600      0.024      0.835    CORE65LPSVT 
HS65_LS_AO31X18             5      26.000      0.048      1.123    CORE65LPSVT 
HS65_LS_AO31X9             10      41.600      0.043      1.390    CORE65LPSVT 
HS65_LS_AO32X18            11      62.920      0.127      3.556    CORE65LPSVT 
HS65_LS_AO32X4             10      46.800      0.022      3.275    CORE65LPSVT 
HS65_LS_AO32X9              4      20.800      0.021      0.680    CORE65LPSVT 
HS65_LS_AOI12X12          151     785.200      1.317     50.957    CORE65LPSVT 
HS65_LS_AOI12X17          161    1088.360      2.454     99.656    CORE65LPSVT 
HS65_LS_AOI12X2            15      39.000      0.021      0.678    CORE65LPSVT 
HS65_LS_AOI12X23           72     636.480      1.534     63.037    CORE65LPSVT 
HS65_LS_AOI12X3            15      46.800      0.031      0.771    CORE65LPSVT 
HS65_LS_AOI12X35           26     338.000      0.839     33.682    CORE65LPSVT 
HS65_LS_AOI12X46           11     188.760      0.494     15.085    CORE65LPSVT 
HS65_LS_AOI12X6           119     371.280      0.484     15.703    CORE65LPSVT 
HS65_LS_AOI12X9             1       5.200      0.008      0.480    CORE65LPSVT 
HS65_LS_AOI13X5             1       3.640      0.003      0.449    CORE65LPSVT 
HS65_LS_AOI13X8             6      37.440      0.030      4.493    CORE65LPSVT 
HS65_LS_AOI21X12           38     197.600      0.348     14.587    CORE65LPSVT 
HS65_LS_AOI21X17          103     696.280      1.381     80.610    CORE65LPSVT 
HS65_LS_AOI21X23           35     309.400      0.608     42.557    CORE65LPSVT 
HS65_LS_AOI21X35           41     533.000      1.046     44.192    CORE65LPSVT 
HS65_LS_AOI21X46            5      85.800      0.199      4.116    CORE65LPSVT 
HS65_LS_AOI21X6            21      65.520      0.081      5.067    CORE65LPSVT 
HS65_LS_AOI21X9            14      72.800      0.087      5.628    CORE65LPSVT 
HS65_LS_AOI22X11            5      31.200      0.046      1.250    CORE65LPSVT 
HS65_LS_AOI22X6            10      36.400      0.039      1.198    CORE65LPSVT 
HS65_LS_AOI312X13           5      65.000      0.092      4.635    CORE65LPSVT 
HS65_LS_AOI312X4           12      62.400      0.054      7.220    CORE65LPSVT 
HS65_LS_AOI312X8            3      26.520      0.023      4.524    CORE65LPSVT 
HS65_LS_AOI31X10           10      62.400      0.100      8.168    CORE65LPSVT 
HS65_LS_AOI31X15            5      44.200      0.053      5.379    CORE65LPSVT 
HS65_LS_AOI31X20            5      59.800      0.074      7.294    CORE65LPSVT 
HS65_LS_AOI31X41            5     111.800      0.199      9.774    CORE65LPSVT 
HS65_LS_AOI31X5            11      40.040      0.052      4.065    CORE65LPSVT 
HS65_LS_AOI31X8             2      12.480      0.013      0.897    CORE65LPSVT 
HS65_LS_AOI32X5            15      62.400      0.037      6.258    CORE65LPSVT 
HS65_LS_BFX106             46     550.160      2.639     56.442    CORE65LPSVT 
HS65_LS_BFX142              7     109.200      0.538      8.659    CORE65LPSVT 
HS65_LS_BFX18            1081    3372.720      8.691    248.198    CORE65LPSVT 
HS65_LS_BFX213              7     156.520      0.822     13.915    CORE65LPSVT 
HS65_LS_BFX27             669    2435.160      8.465    215.976    CORE65LPSVT 
HS65_LS_BFX284              1      30.160      0.160      1.861    CORE65LPSVT 
HS65_LS_BFX31              35     182.000      0.543     17.449    CORE65LPSVT 
HS65_LS_BFX35              49     254.800      0.853     35.888    CORE65LPSVT 
HS65_LS_BFX40              30     171.600      0.602     10.752    CORE65LPSVT 
HS65_LS_BFX44              13      74.360      0.290      4.185    CORE65LPSVT 
HS65_LS_BFX53             122     761.280      3.292     65.127    CORE65LPSVT 
HS65_LS_BFX7                5      10.400      0.013      2.513    CORE65LPSVT 
HS65_LS_BFX71              46     382.720      1.705     29.195    CORE65LPSVT 
HS65_LS_BFX9               54     112.320      0.193     12.553    CORE65LPSVT 
HS65_LS_CB4I1X18           45     234.000      0.529     41.741    CORE65LPSVT 
HS65_LS_CB4I1X27            5      44.200      0.087      5.759    CORE65LPSVT 
HS65_LS_CB4I1X35           23     215.280      0.550     27.812    CORE65LPSVT 
HS65_LS_CB4I1X9             9      37.440      0.047      7.664    CORE65LPSVT 
HS65_LS_CB4I6X18           27     140.400      0.276     12.985    CORE65LPSVT 
HS65_LS_CB4I6X27            6      49.920      0.094      6.158    CORE65LPSVT 
HS65_LS_CB4I6X35            4      37.440      0.090      8.818    CORE65LPSVT 
HS65_LS_CB4I6X9            24      99.840      0.116      5.905    CORE65LPSVT 
HS65_LS_CBI4I1X11          10      62.400      0.107      4.867    CORE65LPSVT 
HS65_LS_CBI4I1X16          11      97.240      0.132      6.075    CORE65LPSVT 
HS65_LS_CBI4I1X21           6      71.760      0.129      5.542    CORE65LPSVT 
HS65_LS_CBI4I1X5           45     163.800      0.232     14.349    CORE65LPSVT 
HS65_LS_CBI4I6X14           5      44.200      0.057      2.506    CORE65LPSVT 
HS65_LS_CBI4I6X18          24     287.040      0.397     28.148    CORE65LPSVT 
HS65_LS_CBI4I6X5           11      40.040      0.038      5.400    CORE65LPSVT 
HS65_LS_CBI4I6X9            5      31.200      0.037      3.539    CORE65LPSVT 
HS65_LS_CNBFX24             1       5.200      0.012      0.236    CORE65LPSVT 
HS65_LS_CNBFX31             2      12.480      0.031      1.604    CORE65LPSVT 
HS65_LS_CNBFX38             1       6.760      0.020      0.176    CORE65LPSVT 
HS65_LS_CNBFX41             3      20.280      0.066      1.133    CORE65LPSVT 
HS65_LS_CNIVX10             3       7.800      0.008      0.121    CORE65LPSVT 
HS65_LS_CNIVX124            3      42.120      0.144      1.326    CORE65LPSVT 
HS65_LS_CNIVX14            62     161.200      0.244      3.848    CORE65LPSVT 
HS65_LS_CNIVX17            50     156.000      0.243      5.195    CORE65LPSVT 
HS65_LS_CNIVX21           209     652.080      1.353     41.695    CORE65LPSVT 
HS65_LS_CNIVX24            20      72.800      0.158      4.414    CORE65LPSVT 
HS65_LS_CNIVX27           231     840.840      2.134     70.372    CORE65LPSVT 
HS65_LS_CNIVX31            16      74.880      0.160      3.911    CORE65LPSVT 
HS65_LS_CNIVX34           149     697.320      1.740     61.623    CORE65LPSVT 
HS65_LS_CNIVX41            78     405.600      1.103     17.221    CORE65LPSVT 
HS65_LS_CNIVX45             4      24.960      0.061      1.389    CORE65LPSVT 
HS65_LS_CNIVX48            13      81.120      0.219      4.546    CORE65LPSVT 
HS65_LS_CNIVX52            15     101.400      0.261      7.944    CORE65LPSVT 
HS65_LS_CNIVX55            10      67.600      0.198      2.112    CORE65LPSVT 
HS65_LS_CNIVX58             3      21.840      0.064      0.439    CORE65LPSVT 
HS65_LS_CNIVX62            33     240.240      0.758     13.234    CORE65LPSVT 
HS65_LS_CNIVX7             47      73.320      0.083      2.135    CORE65LPSVT 
HS65_LS_CNIVX82            21     207.480      0.685      7.998    CORE65LPSVT 
HS65_LS_DFPHQX9           235    2444.000      2.362   1691.029    CORE65LPSVT 
HS65_LS_DFPRQNX18          17     185.640      0.223     83.093    CORE65LPSVT 
HS65_LS_DFPRQNX9           13     135.200      0.128     62.586    CORE65LPSVT 
HS65_LS_DFPRQX18           52     567.840      0.686    260.210    CORE65LPSVT 
HS65_LS_DFPRQX27           15     179.400      0.250     77.471    CORE65LPSVT 
HS65_LS_DFPRQX35            4      49.920      0.081     20.981    CORE65LPSVT 
HS65_LS_DFPRQX9            19     197.600      0.190     93.309    CORE65LPSVT 
HS65_LS_FA1X18            712    9996.480     17.315   1305.700    CORE65LPSVT 
HS65_LS_FA1X27            847   18058.040     31.873   2780.698    CORE65LPSVT 
HS65_LS_FA1X35             76    2015.520      3.940    251.064    CORE65LPSVT 
HS65_LS_FA1X4             283    2648.880      1.789    124.719    CORE65LPSVT 
HS65_LS_FA1X9             413    4509.960      4.523    321.416    CORE65LPSVT 
HS65_LS_HA1X18            339    2467.920      7.218    406.153    CORE65LPSVT 
HS65_LS_HA1X27             31     370.760      1.063     51.932    CORE65LPSVT 
HS65_LS_HA1X35             25     338.000      1.168     94.097    CORE65LPSVT 
HS65_LS_HA1X4             437    2272.400      2.276    154.515    CORE65LPSVT 
HS65_LS_HA1X9             370    2308.800      3.569    213.902    CORE65LPSVT 
HS65_LS_IVX106              8      70.720      0.337      1.907    CORE65LPSVT 
HS65_LS_IVX13              48      99.840      0.204      6.778    CORE65LPSVT 
HS65_LS_IVX142              1      11.960      0.058      0.489    CORE65LPSVT 
HS65_LS_IVX18            2366    4921.280     12.729    295.737    CORE65LPSVT 
HS65_LS_IVX22              27      84.240      0.207      7.122    CORE65LPSVT 
HS65_LS_IVX27            1114    3475.680     10.305    286.979    CORE65LPSVT 
HS65_LS_IVX31             268     975.520      2.962     60.900    CORE65LPSVT 
HS65_LS_IVX35             374    1361.360      4.685    105.883    CORE65LPSVT 
HS65_LS_IVX40              12      49.920      0.176      4.764    CORE65LPSVT 
HS65_LS_IVX44             145     603.200      2.335     53.897    CORE65LPSVT 
HS65_LS_IVX49              14      72.800      0.259      2.219    CORE65LPSVT 
HS65_LS_IVX53              70     364.000      1.405     22.239    CORE65LPSVT 
HS65_LS_IVX62              19     108.680      0.448     11.167    CORE65LPSVT 
HS65_LS_IVX7              306     477.360      0.594     11.565    CORE65LPSVT 
HS65_LS_IVX71              23     143.520      0.634      6.403    CORE65LPSVT 
HS65_LS_IVX9             2192    3419.520      5.471    136.049    CORE65LPSVT 
HS65_LS_MUX21I1X12         66     446.160      0.856     50.748    CORE65LPSVT 
HS65_LS_MUX21I1X18        104    1081.600      2.194    129.566    CORE65LPSVT 
HS65_LS_MUX21I1X24         81    1010.880      2.369    159.358    CORE65LPSVT 
HS65_LS_MUX21I1X6          55     228.800      0.374     24.313    CORE65LPSVT 
HS65_LS_MUX21X18           16      99.840      0.287      7.147    CORE65LPSVT 
HS65_LS_MUX21X27            5      46.800      0.128      3.356    CORE65LPSVT 
HS65_LS_MUX21X35           21     218.400      0.752     20.809    CORE65LPSVT 
HS65_LS_MUX21X9             5      23.400      0.039      3.835    CORE65LPSVT 
HS65_LS_MUXI21X10           2      16.640      0.023      0.521    CORE65LPSVT 
HS65_LS_MUXI21X15          41     426.400      0.755     56.427    CORE65LPSVT 
HS65_LS_MUXI21X2            5      18.200      0.014      0.283    CORE65LPSVT 
HS65_LS_MUXI21X20           5      70.200      0.113      5.248    CORE65LPSVT 
HS65_LS_MUXI21X5           38     177.840      0.213     18.426    CORE65LPSVT 
HS65_LS_NAND2AX14         609    2533.440      5.331    245.788    CORE65LPSVT 
HS65_LS_NAND2AX21         700    4004.000      9.185    423.504    CORE65LPSVT 
HS65_LS_NAND2AX29         397    2683.720      7.489    385.536    CORE65LPSVT 
HS65_LS_NAND2AX7          471    1469.520      2.159    136.735    CORE65LPSVT 
HS65_LS_NAND2X11          245     891.800      1.246     69.639    CORE65LPSVT 
HS65_LS_NAND2X14         1342    4884.880      8.974    409.568    CORE65LPSVT 
HS65_LS_NAND2X21          867    4508.400      8.831    376.958    CORE65LPSVT 
HS65_LS_NAND2X29          546    3407.040      7.667    322.148    CORE65LPSVT 
HS65_LS_NAND2X43          190    1679.600      4.642    171.819    CORE65LPSVT 
HS65_LS_NAND2X5            10      20.800      0.028      2.709    CORE65LPSVT 
HS65_LS_NAND2X57           68     813.280      2.307     54.588    CORE65LPSVT 
HS65_LS_NAND2X7          1851    3850.080      5.256    268.074    CORE65LPSVT 
HS65_LS_NAND3AX13          35     200.200      0.373     11.516    CORE65LPSVT 
HS65_LS_NAND3AX19         119     928.200      1.813     93.377    CORE65LPSVT 
HS65_LS_NAND3AX25          62     612.560      1.012     41.592    CORE65LPSVT 
HS65_LS_NAND3AX6           39     141.960      0.140      6.899    CORE65LPSVT 
HS65_LS_NAND3X13          108     561.600      1.113     42.268    CORE65LPSVT 
HS65_LS_NAND3X19           85     574.600      1.573     63.329    CORE65LPSVT 
HS65_LS_NAND3X25          136    1202.240      3.695    129.235    CORE65LPSVT 
HS65_LS_NAND3X38           77    1001.000      2.560    107.347    CORE65LPSVT 
HS65_LS_NAND3X50           16     274.560      0.662     27.611    CORE65LPSVT 
HS65_LS_NAND3X6             3       9.360      0.015      0.545    CORE65LPSVT 
HS65_LS_NAND3X9            10      52.000      0.051      1.645    CORE65LPSVT 
HS65_LS_NAND4ABX13          8      54.080      0.110      3.241    CORE65LPSVT 
HS65_LS_NAND4ABX19         42     414.960      0.872     27.906    CORE65LPSVT 
HS65_LS_NAND4ABX25          5      59.800      0.151      4.218    CORE65LPSVT 
HS65_LS_NOR2AX13          373    1551.680      3.658    180.349    CORE65LPSVT 
HS65_LS_NOR2AX19          196    1121.120      2.890    155.386    CORE65LPSVT 
HS65_LS_NOR2AX25          134     905.840      2.338    172.184    CORE65LPSVT 
HS65_LS_NOR2AX3           669    1739.400      1.657    109.156    CORE65LPSVT 
HS65_LS_NOR2AX6           292     911.040      1.309     90.953    CORE65LPSVT 
HS65_LS_NOR2X13           526    1914.640      3.453    178.241    CORE65LPSVT 
HS65_LS_NOR2X19           447    2324.400      4.460    254.935    CORE65LPSVT 
HS65_LS_NOR2X25           623    3887.520      8.562    470.194    CORE65LPSVT 
HS65_LS_NOR2X38           470    4154.800     10.678    480.770    CORE65LPSVT 
HS65_LS_NOR2X5              4       8.320      0.011      0.253    CORE65LPSVT 
HS65_LS_NOR2X50           225    2691.000      6.820    267.458    CORE65LPSVT 
HS65_LS_NOR2X6            949    1973.920      2.751    125.964    CORE65LPSVT 
HS65_LS_NOR2X9            127     462.280      0.674     25.384    CORE65LPSVT 
HS65_LS_NOR3AX18           10      98.800      0.073     17.215    CORE65LPSVT 
HS65_LS_NOR3AX2            15      46.800      0.023      2.801    CORE65LPSVT 
HS65_LS_NOR3AX4             2       7.280      0.007      0.179    CORE65LPSVT 
HS65_LS_NOR3AX9             8      45.760      0.069      1.281    CORE65LPSVT 
HS65_LS_NOR3X13             3      20.280      0.035      1.068    CORE65LPSVT 
HS65_LS_NOR3X18            40     353.600      0.327     37.259    CORE65LPSVT 
HS65_LS_NOR3X35            20     301.600      0.746     27.013    CORE65LPSVT 
HS65_LS_NOR3X4             19      49.400      0.027      1.400    CORE65LPSVT 
HS65_LS_NOR3X7              1       4.680      0.001      0.041    CORE65LPSVT 
HS65_LS_NOR3X9             27     126.360      0.109      8.424    CORE65LPSVT 
HS65_LS_NOR4ABX13          15     148.200      0.109     13.640    CORE65LPSVT 
HS65_LS_NOR4ABX18           6      71.760      0.052      4.781    CORE65LPSVT 
HS65_LS_NOR4ABX9            4      24.960      0.017      2.730    CORE65LPSVT 
HS65_LS_NOR4X18             5      33.800      0.067      1.558    CORE65LPSVT 
HS65_LS_NOR4X9              5      28.600      0.035      0.950    CORE65LPSVT 
HS65_LS_OA112X18           25     117.000      0.280     12.547    CORE65LPSVT 
HS65_LS_OA12X18           291    1210.560      3.179    249.716    CORE65LPSVT 
HS65_LS_OA12X27           128     931.840      2.194    134.591    CORE65LPSVT 
HS65_LS_OA12X35            75     585.000      1.814    121.217    CORE65LPSVT 
HS65_LS_OA12X9            120     436.800      0.584     34.950    CORE65LPSVT 
HS65_LS_OA212X18            5      31.200      0.059      1.072    CORE65LPSVT 
HS65_LS_OA22X18             5      28.600      0.050      1.387    CORE65LPSVT 
HS65_LS_OAI112X11          10      62.400      0.079      3.723    CORE65LPSVT 
HS65_LS_OAI112X16          19     167.960      0.265     20.025    CORE65LPSVT 
HS65_LS_OAI112X22          11     137.280      0.220     17.882    CORE65LPSVT 
HS65_LS_OAI112X33           4      70.720      0.128      3.314    CORE65LPSVT 
HS65_LS_OAI112X44           1      23.400      0.043      1.323    CORE65LPSVT 
HS65_LS_OAI112X5           15      54.600      0.113      7.804    CORE65LPSVT 
HS65_LS_OAI12X12          412    2142.400      4.216    157.778    CORE65LPSVT 
HS65_LS_OAI12X18          291    1967.160      4.302    198.571    CORE65LPSVT 
HS65_LS_OAI12X24          166    1467.440      3.483    166.010    CORE65LPSVT 
HS65_LS_OAI12X3             7      18.200      0.014      0.306    CORE65LPSVT 
HS65_LS_OAI12X37           56     728.000      1.849     74.792    CORE65LPSVT 
HS65_LS_OAI12X49           14     240.240      0.581     24.713    CORE65LPSVT 
HS65_LS_OAI12X5            16      49.920      0.047      2.605    CORE65LPSVT 
HS65_LS_OAI12X6           193     602.160      0.893     50.502    CORE65LPSVT 
HS65_LS_OAI12X9            21     109.200      0.168     11.392    CORE65LPSVT 
HS65_LS_OAI13X10           20     124.800      0.242      7.114    CORE65LPSVT 
HS65_LS_OAI13X15            9      79.560      0.139     12.431    CORE65LPSVT 
HS65_LS_OAI211X16           5      44.200      0.077      6.013    CORE65LPSVT 
HS65_LS_OAI211X22           4      49.920      0.052      1.181    CORE65LPSVT 
HS65_LS_OAI211X33           5      88.400      0.184      6.459    CORE65LPSVT 
HS65_LS_OAI211X44           1      23.400      0.059      2.423    CORE65LPSVT 
HS65_LS_OAI211X5           15      54.600      0.107      5.055    CORE65LPSVT 
HS65_LS_OAI212X10           2      16.640      0.024      2.306    CORE65LPSVT 
HS65_LS_OAI212X15          11     120.120      0.211     12.196    CORE65LPSVT 
HS65_LS_OAI212X5           25     104.000      0.119      3.224    CORE65LPSVT 
HS65_LS_OAI21X12           87     452.400      0.725     33.726    CORE65LPSVT 
HS65_LS_OAI21X18          263    1777.880      3.654    176.587    CORE65LPSVT 
HS65_LS_OAI21X24           63     556.920      1.200     67.646    CORE65LPSVT 
HS65_LS_OAI21X3           162     421.200      0.333     19.686    CORE65LPSVT 
HS65_LS_OAI21X37           21     273.000      0.667     29.066    CORE65LPSVT 
HS65_LS_OAI21X49           10     171.600      0.457     15.148    CORE65LPSVT 
HS65_LS_OAI21X6            38     118.560      0.187     14.411    CORE65LPSVT 
HS65_LS_OAI21X9            43     223.600      0.299     19.043    CORE65LPSVT 
HS65_LS_OAI22X6            50     182.000      0.200     18.929    CORE65LPSVT 
HS65_LS_OAI311X5           10      41.600      0.064      6.036    CORE65LPSVT 
HS65_LS_OAI31X15            1       8.840      0.013      1.324    CORE65LPSVT 
HS65_LS_OAI32X5             5      20.800      0.023      1.947    CORE65LPSVT 
HS65_LS_OAI32X9            15     117.000      0.145     11.440    CORE65LPSVT 
HS65_LS_OR2ABX27            2      11.440      0.026      1.679    CORE65LPSVT 
HS65_LS_OR2X18            196     713.440      1.794     98.042    CORE65LPSVT 
HS65_LS_OR2X27             71     406.120      1.026     61.869    CORE65LPSVT 
HS65_LS_OR2X35            122     761.280      2.454    149.196    CORE65LPSVT 
HS65_LS_OR2X9             408    1272.960      1.640     84.226    CORE65LPSVT 
HS65_LS_OR3X18             10      46.800      0.068      3.434    CORE65LPSVT 
HS65_LS_OR3X9              15      54.600      0.040      4.727    CORE65LPSVT 
HS65_LS_OR4X14              5      36.400      0.077      3.059    CORE65LPSVT 
HS65_LS_PAO2X18           102     583.440      1.195     76.211    CORE65LPSVT 
HS65_LS_PAO2X27             5      49.400      0.093      4.898    CORE65LPSVT 
HS65_LS_PAO2X35             7      72.800      0.178     18.793    CORE65LPSVT 
HS65_LS_PAO2X9            100     468.000      0.479     29.084    CORE65LPSVT 
HS65_LS_PAOI2X1            14      50.960      0.016      0.921    CORE65LPSVT 
HS65_LS_PAOI2X11           98     764.400      0.937     56.690    CORE65LPSVT 
HS65_LS_PAOI2X17           52     567.840      0.806     56.539    CORE65LPSVT 
HS65_LS_PAOI2X22           30     452.400      0.581     39.474    CORE65LPSVT 
HS65_LS_PAOI2X3             6      24.960      0.010      1.748    CORE65LPSVT 
HS65_LS_PAOI2X33           37     808.080      1.081     49.019    CORE65LPSVT 
HS65_LS_PAOI2X4             8      33.280      0.030      1.466    CORE65LPSVT 
HS65_LS_PAOI2X44            3      85.800      0.134      7.196    CORE65LPSVT 
HS65_LS_PAOI2X6           131     544.960      0.538     42.937    CORE65LPSVT 
HS65_LS_PAOI2X8            24     187.200      0.162     10.369    CORE65LPSVT 
HS65_LS_SDFPQX18            4      41.600      0.055     79.485    CORE65LPSVT 
HS65_LS_SDFPQX27           66     755.040      1.154   1453.117    CORE65LPSVT 
HS65_LS_SDFPQX4            86     849.680      0.804   1317.033    CORE65LPSVT 
HS65_LS_SDFPQX9           429    4238.520      4.542   6202.295    CORE65LPSVT 
HS65_LS_XNOR2X18          533    3603.080     11.697    557.511    CORE65LPSVT 
HS65_LS_XNOR2X27           61     634.400      1.925     98.031    CORE65LPSVT 
HS65_LS_XNOR2X35           95    1086.800      4.129    194.110    CORE65LPSVT 
HS65_LS_XNOR2X4            30     140.400      0.171     14.932    CORE65LPSVT 
HS65_LS_XNOR2X9            84     436.800      0.826     46.400    CORE65LPSVT 
HS65_LS_XNOR3X27            4      68.640      0.099     14.252    CORE65LPSVT 
HS65_LS_XOR2X18           500    3380.000     10.979    540.775    CORE65LPSVT 
HS65_LS_XOR2X27           179    1861.600      5.708    266.721    CORE65LPSVT 
HS65_LS_XOR2X35           611    6989.840     26.789   1261.914    CORE65LPSVT 
HS65_LS_XOR2X4            207     968.760      1.234     83.816    CORE65LPSVT 
HS65_LS_XOR2X9            132     686.400      1.303     77.385    CORE65LPSVT 
HS65_LS_XOR3X18            31     354.640      0.493     41.284    CORE65LPSVT 
HS65_LS_XOR3X27             3      46.800      0.071      6.476    CORE65LPSVT 
HS65_LS_XOR3X9             41     383.760      0.300     14.835    CORE65LPSVT 
-------------------------------------------------------------------------------
total                   39394  217002.760    458.048  34012.572                


                                             Leakage  Leakage  Internal  Internal 
     Type      Instances    Area    Area % Power (uW) Power % Power (uW)  Power % 
----------------------------------------------------------------------------------
sequential           940   9644.440    4.4     10.476     2.3  11340.609     33.3 
inverter            7954  20168.200    9.3     52.423    11.4   1263.620      3.7 
buffer              2172   8648.120    4.0     28.937     6.3    725.861      2.1 
logic              28328 178542.000   82.3    366.212    80.0  20682.482     60.8 
physical_cells         0      0.000    0.0      0.000     0.0      0.000      0.0 
----------------------------------------------------------------------------------
total              39394 217002.760  100.0    458.048   100.0  34012.572    100.0 

