============================================================
  Generated by:           Genus(TM) Synthesis Solution 17.10-p007_1
  Generated on:           Nov 13 2020  11:41:47 am
  Module:                 filter_sharp
  Technology libraries:   CORE65LPSVT 
                          CLOCK65LPSVT 
                          physical_cells 
  Operating conditions:   _nominal_ 
  Interconnect mode:      global
  Area mode:              physical library
============================================================

                    Leakage   Dynamic    Total   
  Instance   Cells Power(uW) Power(uW) Power(uW) 
-------------------------------------------------
filter_sharp 39394   458.048 62685.130 63143.177 
  S0[1].U0    7665    88.707  9684.976  9773.683 
  S0[3].U0    7662    88.554  9659.878  9748.431 
  S0[2].U0    7655    88.393  9751.836  9840.229 
  S0[0].U0    7652    88.298  9690.013  9778.310 
  S0[4].U0    7604    87.364  9731.081  9818.445 

