============================================================
  Generated by:           Genus(TM) Synthesis Solution 17.10-p007_1
  Generated on:           Jan 27 2020  09:50:23 pm
  Module:                 INTER_8
  Technology libraries:   CORE65LPSVT 
                          CLOCK65LPSVT 
                          physical_cells 
  Operating conditions:   _nominal_ 
  Interconnect mode:      global
  Area mode:              physical library
============================================================

                                            Leakage   Internal  
       Gate         Instances     Area    Power (uW) Power (uW)     Library    
-------------------------------------------------------------------------------
HS65_LSS_XNOR2X12         208    1406.080      2.806    152.486    CORE65LPSVT 
HS65_LSS_XNOR2X18          19     197.600      0.418     19.159    CORE65LPSVT 
HS65_LSS_XNOR2X24          53     661.440      1.604    141.246    CORE65LPSVT 
HS65_LSS_XNOR2X6          543    2258.880      3.652    271.953    CORE65LPSVT 
HS65_LSS_XOR2X6           595    2475.200      3.535    302.584    CORE65LPSVT 
HS65_LS_AND2X18           187     680.680      1.937    141.319    CORE65LPSVT 
HS65_LS_AND2X27            43     245.960      0.754     44.638    CORE65LPSVT 
HS65_LS_AND2X35            34     212.160      0.858     48.064    CORE65LPSVT 
HS65_LS_AND2X4            180     468.000      0.401     25.587    CORE65LPSVT 
HS65_LS_AND2X9            119     371.280      0.540     22.426    CORE65LPSVT 
HS65_LS_AND3X18            34     159.120      0.249      3.080    CORE65LPSVT 
HS65_LS_AND3X35            34     265.200      0.620     22.729    CORE65LPSVT 
HS65_LS_AO12X18            53     220.480      0.545     12.758    CORE65LPSVT 
HS65_LS_AO12X27            15     101.400      0.233      6.593    CORE65LPSVT 
HS65_LS_AO12X35            27     210.600      0.559     59.296    CORE65LPSVT 
HS65_LS_AO12X9              9      32.760      0.042      1.270    CORE65LPSVT 
HS65_LS_AO32X4             34     159.120      0.100      4.040    CORE65LPSVT 
HS65_LS_AO32X9             34     176.800      0.182     19.109    CORE65LPSVT 
HS65_LS_AOI12X12          172     894.400      1.410     40.515    CORE65LPSVT 
HS65_LS_AOI12X17           77     520.520      1.279     77.708    CORE65LPSVT 
HS65_LS_AOI12X23          103     910.520      2.320    119.691    CORE65LPSVT 
HS65_LS_AOI12X35           10     130.000      0.367     20.509    CORE65LPSVT 
HS65_LS_AOI12X6            39     121.680      0.138      3.889    CORE65LPSVT 
HS65_LS_AOI211X4           34     123.760      0.135      3.999    CORE65LPSVT 
HS65_LS_AOI21X12           68     353.600      0.585     26.020    CORE65LPSVT 
HS65_LS_AOI21X17           49     331.240      0.634     18.531    CORE65LPSVT 
HS65_LS_AOI21X23           32     282.880      0.560     43.844    CORE65LPSVT 
HS65_LS_AOI21X35            5      65.000      0.156     17.973    CORE65LPSVT 
HS65_LS_AOI21X9             8      41.600      0.045      1.025    CORE65LPSVT 
HS65_LS_AOI22X6            17      61.880      0.069      1.868    CORE65LPSVT 
HS65_LS_AOI31X20           24     287.040      0.374     28.967    CORE65LPSVT 
HS65_LS_AOI31X31           10     171.600      0.232     10.232    CORE65LPSVT 
HS65_LS_BFX106             41     490.360      2.361     35.484    CORE65LPSVT 
HS65_LS_BFX142             24     374.400      1.852     29.655    CORE65LPSVT 
HS65_LS_BFX18              21      65.520      0.170     14.290    CORE65LPSVT 
HS65_LS_BFX27              50     182.000      0.633     32.271    CORE65LPSVT 
HS65_LS_BFX35               9      46.800      0.157      2.030    CORE65LPSVT 
HS65_LS_BFX44              25     143.000      0.557      9.414    CORE65LPSVT 
HS65_LS_BFX49               1       6.240      0.025      0.323    CORE65LPSVT 
HS65_LS_BFX53              58     361.920      1.563     25.438    CORE65LPSVT 
HS65_LS_BFX62              23     179.400      0.739     12.533    CORE65LPSVT 
HS65_LS_BFX71              23     191.360      0.854     13.520    CORE65LPSVT 
HS65_LS_CB4I1X18           26     135.200      0.313     28.336    CORE65LPSVT 
HS65_LS_CB4I1X35           17     159.120      0.409     16.062    CORE65LPSVT 
HS65_LS_CB4I6X9            17      70.720      0.082     11.420    CORE65LPSVT 
HS65_LS_CBI4I1X16          17     150.280      0.282     19.544    CORE65LPSVT 
HS65_LS_CBI4I1X3           11      40.040      0.029      2.857    CORE65LPSVT 
HS65_LS_CBI4I1X5           40     145.600      0.194      7.152    CORE65LPSVT 
HS65_LS_CNBFX45             1       8.320      0.024      0.448    CORE65LPSVT 
HS65_LS_CNBFX82             1      12.480      0.045      0.598    CORE65LPSVT 
HS65_LS_CNIVX10             5      13.000      0.012      0.372    CORE65LPSVT 
HS65_LS_CNIVX14             1       2.600      0.004      0.051    CORE65LPSVT 
HS65_LS_CNIVX17             8      24.960      0.040      0.744    CORE65LPSVT 
HS65_LS_CNIVX21            30      93.600      0.205      5.956    CORE65LPSVT 
HS65_LS_CNIVX24            17      61.880      0.125      5.601    CORE65LPSVT 
HS65_LS_CNIVX27            99     360.360      0.938     26.580    CORE65LPSVT 
HS65_LS_CNIVX31             3      14.040      0.030      0.746    CORE65LPSVT 
HS65_LS_CNIVX34           119     556.920      1.382     35.949    CORE65LPSVT 
HS65_LS_CNIVX41             9      46.800      0.156      1.148    CORE65LPSVT 
HS65_LS_CNIVX48             6      37.440      0.123      1.050    CORE65LPSVT 
HS65_LS_CNIVX55            11      74.360      0.209      3.807    CORE65LPSVT 
HS65_LS_CNIVX62            29     211.120      0.774      5.672    CORE65LPSVT 
HS65_LS_CNIVX7             17      26.520      0.030      0.941    CORE65LPSVT 
HS65_LS_CNIVX82            12     118.560      0.383      5.446    CORE65LPSVT 
HS65_LS_DFPRQNX18           3      32.760      0.039     13.677    CORE65LPSVT 
HS65_LS_DFPRQNX9           34     353.600      0.335    159.631    CORE65LPSVT 
HS65_LS_DFPRQX18          185    2020.200      2.436    933.712    CORE65LPSVT 
HS65_LS_DFPRQX27           30     358.800      0.498    157.148    CORE65LPSVT 
HS65_LS_DFPRQX4           345    3588.000      3.017   2202.725    CORE65LPSVT 
HS65_LS_DFPRQX9           153    1591.200      1.519    811.298    CORE65LPSVT 
HS65_LS_FA1X18            967   13576.680     23.191   1539.282    CORE65LPSVT 
HS65_LS_FA1X27            891   18996.120     33.401   2814.697    CORE65LPSVT 
HS65_LS_FA1X35              6     159.120      0.314     32.671    CORE65LPSVT 
HS65_LS_FA1X4               5      46.800      0.031      4.828    CORE65LPSVT 
HS65_LS_FA1X9             409    4466.280      4.436    383.507    CORE65LPSVT 
HS65_LS_HA1X18            218    1587.040      4.532    269.817    CORE65LPSVT 
HS65_LS_HA1X27             33     394.680      1.133    153.705    CORE65LPSVT 
HS65_LS_HA1X35             38     513.760      1.671    117.011    CORE65LPSVT 
HS65_LS_HA1X4             152     790.400      0.785     34.975    CORE65LPSVT 
HS65_LS_HA1X9             144     898.560      1.400    112.407    CORE65LPSVT 
HS65_LS_IVX13              73     151.840      0.303      8.179    CORE65LPSVT 
HS65_LS_IVX18            1825    3796.000      9.761    191.455    CORE65LPSVT 
HS65_LS_IVX2                1       1.560      0.001      0.034    CORE65LPSVT 
HS65_LS_IVX27             579    1806.480      5.314    119.613    CORE65LPSVT 
HS65_LS_IVX31              78     283.920      0.853     17.116    CORE65LPSVT 
HS65_LS_IVX35             182     662.480      2.294     34.009    CORE65LPSVT 
HS65_LS_IVX40               1       4.160      0.014      0.330    CORE65LPSVT 
HS65_LS_IVX44              33     137.280      0.531     17.562    CORE65LPSVT 
HS65_LS_IVX49              17      88.400      0.314      4.934    CORE65LPSVT 
HS65_LS_IVX53              49     254.800      0.983     20.558    CORE65LPSVT 
HS65_LS_IVX62              11      62.920      0.259      2.212    CORE65LPSVT 
HS65_LS_IVX71              24     149.760      0.654      5.088    CORE65LPSVT 
HS65_LS_IVX9             1538    2399.280      3.745     89.938    CORE65LPSVT 
HS65_LS_MUX21I1X12         59     398.840      0.765     47.759    CORE65LPSVT 
HS65_LS_MUX21I1X18         51     530.400      1.083     62.883    CORE65LPSVT 
HS65_LS_MUX21I1X6          23      95.680      0.144      5.044    CORE65LPSVT 
HS65_LS_MUX21X18           23     143.520      0.407      9.371    CORE65LPSVT 
HS65_LS_MUX21X27           10      93.600      0.252      6.575    CORE65LPSVT 
HS65_LS_MUXI21X15          17     176.800      0.314     18.562    CORE65LPSVT 
HS65_LS_NAND2AX14         517    2150.720      4.837    153.967    CORE65LPSVT 
HS65_LS_NAND2AX21         205    1172.600      3.022    120.646    CORE65LPSVT 
HS65_LS_NAND2AX29         155    1047.800      2.248    168.436    CORE65LPSVT 
HS65_LS_NAND2AX7          491    1531.920      2.293     67.148    CORE65LPSVT 
HS65_LS_NAND2X11           97     353.080      0.543     25.666    CORE65LPSVT 
HS65_LS_NAND2X14         1054    3836.560      7.055    315.694    CORE65LPSVT 
HS65_LS_NAND2X21          461    2397.200      4.598    208.927    CORE65LPSVT 
HS65_LS_NAND2X29          318    1984.320      4.333    215.486    CORE65LPSVT 
HS65_LS_NAND2X43           40     353.600      0.980     50.436    CORE65LPSVT 
HS65_LS_NAND2X7          1208    2512.640      3.267    132.477    CORE65LPSVT 
HS65_LS_NAND3AX13          47     268.840      0.531     20.699    CORE65LPSVT 
HS65_LS_NAND3AX19          51     397.800      0.748     25.438    CORE65LPSVT 
HS65_LS_NAND3AX25          34     335.920      0.581     18.998    CORE65LPSVT 
HS65_LS_NAND3AX6           38     138.320      0.156      5.544    CORE65LPSVT 
HS65_LS_NAND3X13           68     353.600      0.681     24.978    CORE65LPSVT 
HS65_LS_NAND3X25           17     150.280      0.374      7.909    CORE65LPSVT 
HS65_LS_NAND3X38           17     221.000      0.817     26.273    CORE65LPSVT 
HS65_LS_NAND3X6            30      93.600      0.023      1.774    CORE65LPSVT 
HS65_LS_NAND4ABX13         17     114.920      0.192      8.020    CORE65LPSVT 
HS65_LS_NAND4ABX19         30     296.400      0.150     19.677    CORE65LPSVT 
HS65_LS_NAND4ABX25          4      47.840      0.029      3.919    CORE65LPSVT 
HS65_LS_NOR2AX13          418    1738.880      3.701    162.847    CORE65LPSVT 
HS65_LS_NOR2AX19          161     920.920      1.867     76.826    CORE65LPSVT 
HS65_LS_NOR2AX25          102     689.520      1.312    102.293    CORE65LPSVT 
HS65_LS_NOR2AX3           298     774.800      0.759     25.675    CORE65LPSVT 
HS65_LS_NOR2AX6           263     820.560      1.148     62.952    CORE65LPSVT 
HS65_LS_NOR2X13           532    1936.480      3.531    103.035    CORE65LPSVT 
HS65_LS_NOR2X19           382    1986.400      3.821    159.624    CORE65LPSVT 
HS65_LS_NOR2X25           421    2627.040      6.032    295.639    CORE65LPSVT 
HS65_LS_NOR2X38           297    2625.480      6.154    245.370    CORE65LPSVT 
HS65_LS_NOR2X50            68     813.280      2.488     94.370    CORE65LPSVT 
HS65_LS_NOR2X6            682    1418.560      1.974     64.765    CORE65LPSVT 
HS65_LS_NOR2X9            165     600.600      0.797     27.588    CORE65LPSVT 
HS65_LS_NOR3AX18           17     167.960      0.220      4.233    CORE65LPSVT 
HS65_LS_NOR3AX9            17      97.240      0.058      7.950    CORE65LPSVT 
HS65_LS_NOR3X4             34      88.400      0.118      3.764    CORE65LPSVT 
HS65_LS_OA12X18           136     565.760      1.522    106.410    CORE65LPSVT 
HS65_LS_OA12X27            85     618.800      1.526     78.676    CORE65LPSVT 
HS65_LS_OA12X35            68     530.400      1.615    100.843    CORE65LPSVT 
HS65_LS_OA12X9             68     247.520      0.350     16.150    CORE65LPSVT 
HS65_LS_OAI112X16          17     150.280      0.382     19.475    CORE65LPSVT 
HS65_LS_OAI112X5           34     123.760      0.151      7.683    CORE65LPSVT 
HS65_LS_OAI12X12          501    2605.200      4.788    165.087    CORE65LPSVT 
HS65_LS_OAI12X18          269    1818.440      4.389    155.207    CORE65LPSVT 
HS65_LS_OAI12X24          163    1440.920      3.568    191.704    CORE65LPSVT 
HS65_LS_OAI12X3            44     114.400      0.107      1.832    CORE65LPSVT 
HS65_LS_OAI12X37           41     533.000      1.606     69.428    CORE65LPSVT 
HS65_LS_OAI12X49            3      51.480      0.156      6.741    CORE65LPSVT 
HS65_LS_OAI12X5            42     131.040      0.139      3.229    CORE65LPSVT 
HS65_LS_OAI12X6            88     274.560      0.378     19.973    CORE65LPSVT 
HS65_LS_OAI12X9            47     244.400      0.362     10.625    CORE65LPSVT 
HS65_LS_OAI13X5            17      61.880      0.063      6.820    CORE65LPSVT 
HS65_LS_OAI211X11          34     212.160      0.249     21.673    CORE65LPSVT 
HS65_LS_OAI21X12           27     140.400      0.246     12.074    CORE65LPSVT 
HS65_LS_OAI21X18           63     425.880      0.919     42.744    CORE65LPSVT 
HS65_LS_OAI21X24            3      26.520      0.064      6.556    CORE65LPSVT 
HS65_LS_OAI21X3           218     566.800      0.484     20.114    CORE65LPSVT 
HS65_LS_OAI21X6             2       6.240      0.008      0.102    CORE65LPSVT 
HS65_LS_OAI21X9            42     218.400      0.296      5.292    CORE65LPSVT 
HS65_LS_OAI31X10           17     106.080      0.138     12.860    CORE65LPSVT 
HS65_LS_OR2ABX27            3      17.160      0.039      2.993    CORE65LPSVT 
HS65_LS_OR2X18            238     866.320      2.176    139.107    CORE65LPSVT 
HS65_LS_OR2X27             71     406.120      0.987     65.844    CORE65LPSVT 
HS65_LS_OR2X35             51     318.240      0.981     55.480    CORE65LPSVT 
HS65_LS_OR2X9             286     892.320      1.252     60.987    CORE65LPSVT 
HS65_LS_PAO2X18            19     108.680      0.215      6.755    CORE65LPSVT 
HS65_LS_PAO2X9             68     318.240      0.305     28.838    CORE65LPSVT 
HS65_LS_PAOI2X1            34     123.760      0.036      3.015    CORE65LPSVT 
HS65_LS_PAOI2X11           55     429.000      0.537     58.453    CORE65LPSVT 
HS65_LS_PAOI2X17           17     185.640      0.258      9.567    CORE65LPSVT 
HS65_LS_PAOI2X44           17     486.200      0.707     33.016    CORE65LPSVT 
HS65_LS_PAOI2X6            48     199.680      0.214     24.834    CORE65LPSVT 
HS65_LS_PAOI2X8            16     124.800      0.128     13.608    CORE65LPSVT 
HS65_LS_XNOR2X18          466    3150.160     10.233    430.065    CORE65LPSVT 
HS65_LS_XNOR2X35           31     354.640      1.345     90.751    CORE65LPSVT 
HS65_LS_XNOR2X4            34     159.120      0.191      7.787    CORE65LPSVT 
HS65_LS_XNOR2X9           238    1237.600      2.340     85.385    CORE65LPSVT 
HS65_LS_XOR2X18           385    2602.600      8.447    443.058    CORE65LPSVT 
HS65_LS_XOR2X27            73     759.200      2.328     99.088    CORE65LPSVT 
HS65_LS_XOR2X35           299    3420.560     13.107    648.059    CORE65LPSVT 
HS65_LS_XOR2X4             34     159.120      0.205     16.935    CORE65LPSVT 
HS65_LS_XOR2X9            187     972.400      1.855     78.521    CORE65LPSVT 
-------------------------------------------------------------------------------
total                   25302  145186.080    291.602  19013.345                


                                             Leakage  Leakage  Internal  Internal 
     Type      Instances    Area    Area % Power (uW) Power % Power (uW)  Power % 
----------------------------------------------------------------------------------
sequential           750   7944.560    5.5      7.844     2.7   4278.191     22.5 
inverter            4777  11441.040    7.9     29.441    10.1    605.089      3.2 
buffer               277   2061.800    1.4      8.981     3.1    176.004      0.9 
logic              19498 123738.680   85.2    245.336    84.1  13954.062     73.4 
physical_cells         0      0.000    0.0      0.000     0.0      0.000      0.0 
----------------------------------------------------------------------------------
total              25302 145186.080  100.0    291.602   100.0  19013.345    100.0 

