============================================================
  Generated by:           Genus(TM) Synthesis Solution 17.10-p007_1
  Generated on:           Jan 27 2020  09:50:24 pm
  Module:                 INTER_8
  Technology libraries:   CORE65LPSVT 
                          CLOCK65LPSVT 
                          physical_cells 
  Operating conditions:   _nominal_ 
  Interconnect mode:      global
  Area mode:              physical library
============================================================

                                     Leakage   Internal    Net        Dynamic          Total       
                                                                  (Internal+Net) (Leakage+Dynamic) 
           Instance           Cells Power(uW) Power(uW) Power(uW)    Power(uW)       Power(uW)     
---------------------------------------------------------------------------------------------------
INTER_8                       25302   291.602 19013.345 16602.740      35616.085         35907.687 
  gen_filter[10].U_S0          1415    16.137   847.179   876.176       1723.355          1739.492 
    csa_tree_U.._18_10_groupi   115     1.784   114.152   122.462        236.614           238.398 
    csa_tree_U.._18_16_groupi    98     1.705    56.739    57.825        114.564           116.269 
    csa_tree_U.._18_10_groupi   108     1.496    95.577   100.634        196.211           197.706 
    csa_tree_U.._18_10_groupi   106     1.373    84.102    78.830        162.932           164.305 
    csa_tree_U.._18_10_groupi    87     1.236    35.237    36.178         71.416            72.652 
    csa_tree_U.._18_10_groupi    82     1.193   123.557   106.167        229.724           230.917 
    csa_tree_U.._18_10_groupi    88     1.178   116.507    94.202        210.709           211.887 
    csa_tree_U.._18_10_groupi    88     1.145    32.522    34.679         67.202            68.347 
    U_S17_add_41_16              90     0.895    69.256    73.869        143.125           144.021 
    U_S11_add_41_16              78     0.552    10.853    14.154         25.008            25.560 
    U_5_U_S0_add_18_10           48     0.399    10.204    13.643         23.847            24.246 
    U_2_U_S0_add_18_10           48     0.387     9.299    12.316         21.615            22.002 
    U_S14_add_41_16              19     0.353    14.110     8.613         22.723            23.077 
    addinc_U_2_U_S1_add_18_16    60     0.337     9.697    13.115         22.812            23.149 
    U_S15_add_41_16              26     0.329    20.257    21.561         41.819            42.147 
    addinc_U_5_U_S1_add_18_16    60     0.305     8.455    12.620         21.075            21.379 
    U_4_U_S1_add_18_10           29     0.248     7.338    11.593         18.931            19.179 
    U_3_U_S1_add_18_10           29     0.243     7.095    11.352         18.447            18.690 
    U_4_U_S0_add_18_10           18     0.148     4.765     7.122         11.888            12.036 
    U_3_U_S0_add_18_10           18     0.148     4.896     7.207         12.103            12.251 
    U_S21_add_41_16              11     0.122     2.306     1.984          4.290             4.413 
    U_S1_add_41_16               13     0.112     1.900     2.192          4.092             4.204 
  gen_filter[8].U_S0           1413    16.125   921.174   950.209       1871.382          1887.507 
    csa_tree_U.._18_10_groupi   115     1.787   132.292   139.755        272.048           273.834 
    csa_tree_U.._18_16_groupi    98     1.700    71.715    75.816        147.531           149.231 
    csa_tree_U.._18_10_groupi   108     1.481    98.640   101.923        200.563           202.043 
    csa_tree_U.._18_10_groupi   106     1.382    90.903    86.095        176.998           178.379 
    csa_tree_U.._18_10_groupi    87     1.236    39.856    38.561         78.416            79.653 
    csa_tree_U.._18_10_groupi    82     1.203   124.930   107.536        232.466           233.669 
    csa_tree_U.._18_10_groupi    88     1.167   126.809   105.782        232.591           233.758 
    csa_tree_U.._18_10_groupi    88     1.149    34.258    36.566         70.824            71.973 
    U_S17_add_41_16              90     0.899    72.514    77.738        150.253           151.152 
    U_S11_add_41_16              78     0.534    13.092    16.800         29.892            30.425 
    U_5_U_S0_add_18_10           48     0.404     9.205    12.624         21.829            22.233 
    U_2_U_S0_add_18_10           48     0.399    10.337    14.156         24.493            24.892 
    U_S14_add_41_16              19     0.355    18.939    11.096         30.035            30.390 
    addinc_U_2_U_S1_add_18_16    60     0.334    11.041    15.118         26.159            26.493 
    U_S15_add_41_16              26     0.328    21.126    22.623         43.749            44.076 
    addinc_U_5_U_S1_add_18_16    60     0.303     8.354    13.015         21.369            21.672 
    U_4_U_S1_add_18_10           29     0.245     7.615    11.816         19.431            19.677 
    U_3_U_S1_add_18_10           29     0.240     5.932     9.529         15.461            15.701 
    U_4_U_S0_add_18_10           18     0.147     5.027     7.711         12.738            12.886 
    U_3_U_S0_add_18_10           18     0.147     5.123     7.214         12.337            12.484 
    U_S21_add_41_16              11     0.122     1.861     1.588          3.449             3.571 
    U_S1_add_41_16               11     0.110     2.447     2.482          4.929             5.039 
  gen_filter[7].U_S0           1413    16.096   891.805   919.838       1811.643          1827.740 
    csa_tree_U.._18_10_groupi   115     1.797   128.502   137.004        265.506           267.303 
    csa_tree_U.._18_16_groupi    98     1.692    66.836    68.067        134.903           136.595 
    csa_tree_U.._18_10_groupi   108     1.484    91.115    96.246        187.361           188.845 
    csa_tree_U.._18_10_groupi   106     1.376    90.000    85.435        175.435           176.811 
    csa_tree_U.._18_10_groupi    87     1.238    39.342    39.186         78.528            79.765 
    csa_tree_U.._18_10_groupi    82     1.191   123.544   105.900        229.444           230.635 
    csa_tree_U.._18_10_groupi    88     1.165   123.671   101.325        224.996           226.161 
    csa_tree_U.._18_10_groupi    88     1.145    32.879    34.683         67.562            68.707 
    U_S17_add_41_16              90     0.898    73.715    79.183        152.898           153.796 
    U_S11_add_41_16              78     0.534    12.298    16.165         28.463            28.997 
    U_5_U_S0_add_18_10           48     0.402     9.526    12.517         22.043            22.445 
    U_2_U_S0_add_18_10           48     0.395     9.000    12.684         21.683            22.078 
    U_S14_add_41_16              19     0.354    15.774     9.092         24.866            25.221 
    U_S15_add_41_16              26     0.330    20.145    21.042         41.187            41.516 
    addinc_U_2_U_S1_add_18_16    60     0.329     9.128    12.842         21.970            22.300 
    addinc_U_5_U_S1_add_18_16    60     0.302     8.555    12.894         21.449            21.751 
    U_4_U_S1_add_18_10           29     0.245     6.035     9.787         15.822            16.066 
    U_3_U_S1_add_18_10           29     0.242     7.750    11.940         19.690            19.932 
    U_3_U_S0_add_18_10           18     0.149     5.765     8.267         14.032            14.181 
    U_4_U_S0_add_18_10           18     0.147     5.124     7.324         12.448            12.595 
    U_S21_add_41_16              11     0.121     2.255     2.069          4.324             4.446 
    U_S1_add_41_16               11     0.110     1.797     1.785          3.582             3.691 
  gen_filter[11].U_S0          1415    16.093   837.466   870.506       1707.972          1724.065 
    csa_tree_U.._18_10_groupi   115     1.791   119.580   127.923        247.504           249.295 
    csa_tree_U.._18_16_groupi    98     1.695    64.066    67.515        131.581           133.276 
    csa_tree_U.._18_10_groupi   108     1.466    88.713    91.277        179.991           181.457 
    csa_tree_U.._18_10_groupi   106     1.420    83.490    77.071        160.560           161.980 
    csa_tree_U.._18_10_groupi    82     1.248   118.276   101.085        219.361           220.609 
    csa_tree_U.._18_10_groupi    89     1.193    32.904    34.334         67.238            68.430 
    csa_tree_U.._18_10_groupi    88     1.155    34.208    37.562         71.770            72.925 
    csa_tree_U.._18_10_groupi    88     1.091   106.468    88.296        194.764           195.855 
    U_S17_add_41_16              90     0.898    70.334    75.082        145.416           146.315 
    U_S11_add_41_16              78     0.548    11.477    15.574         27.051            27.599 
    U_2_U_S0_add_18_10           48     0.404     9.197    12.527         21.725            22.129 
    U_5_U_S0_add_18_10           48     0.403     7.543    10.521         18.064            18.467 
    U_S14_add_41_16              19     0.355    14.857     9.713         24.570            24.925 
    addinc_U_2_U_S1_add_18_16    60     0.339     9.618    13.326         22.944            23.283 
    U_S15_add_41_16              26     0.329    20.844    22.020         42.865            43.193 
    addinc_U_5_U_S1_add_18_16    60     0.300     7.602    11.513         19.114            19.415 
    U_4_U_S1_add_18_10           29     0.250     7.978    12.489         20.467            20.718 
    U_3_U_S1_add_18_10           29     0.244     7.195    11.007         18.202            18.445 
    U_3_U_S0_add_18_10           18     0.148     4.764     7.028         11.792            11.940 
    U_4_U_S0_add_18_10           18     0.147     5.853     8.500         14.354            14.501 
    U_S21_add_41_16              11     0.117     3.123     2.618          5.741             5.858 
    U_S1_add_41_16               11     0.109     1.345     1.416          2.760             2.870 
  gen_filter[9].U_S0           1413    16.084   892.200   923.712       1815.912          1831.996 
    csa_tree_U.._18_10_groupi   115     1.791   128.987   134.843        263.829           265.620 
    csa_tree_U.._18_16_groupi    98     1.689    69.845    72.022        141.866           143.556 
    csa_tree_U.._18_10_groupi   108     1.479    98.325   104.830        203.155           204.634 
    csa_tree_U.._18_10_groupi   106     1.377    82.725    77.817        160.542           161.920 
    csa_tree_U.._18_10_groupi    87     1.241    38.772    38.351         77.123            78.365 
    csa_tree_U.._18_10_groupi    82     1.190   123.682   108.219        231.901           233.091 
    csa_tree_U.._18_10_groupi    88     1.169   119.297    98.915        218.212           219.381 
    csa_tree_U.._18_10_groupi    88     1.137    35.636    38.588         74.224            75.361 
    U_S17_add_41_16              90     0.898    73.611    79.418        153.029           153.927 
    U_S11_add_41_16              78     0.532    12.231    15.841         28.072            28.604 
    U_5_U_S0_add_18_10           48     0.405     8.821    12.216         21.037            21.442 
    U_2_U_S0_add_18_10           48     0.380     8.325    11.695         20.020            20.400 
    U_S14_add_41_16              19     0.355    17.624    10.273         27.898            28.252 
    addinc_U_2_U_S1_add_18_16    60     0.340     8.855    11.922         20.777            21.117 
    U_S15_add_41_16              26     0.332    18.971    20.253         39.224            39.555 
    addinc_U_5_U_S1_add_18_16    60     0.301     8.380    12.711         21.091            21.392 
    U_4_U_S1_add_18_10           29     0.248     7.224    11.646         18.870            19.118 
    U_3_U_S1_add_18_10           29     0.241     7.528    11.486         19.014            19.255 
    U_4_U_S0_add_18_10           18     0.148     4.896     7.284         12.180            12.328 
    U_3_U_S0_add_18_10           18     0.147     5.027     7.609         12.636            12.783 
    U_S21_add_41_16              11     0.122     3.002     2.666          5.668             5.791 
    U_S1_add_41_16               11     0.109     1.789     2.007          3.796             3.905 
  gen_filter[12].U_S0          1413    16.048   849.760   879.360       1729.119          1745.168 
    csa_tree_U.._18_10_groupi   115     1.804   123.351   132.709        256.060           257.864 
    csa_tree_U.._18_16_groupi    98     1.693    72.093    75.925        148.017           149.710 
    csa_tree_U.._18_10_groupi   108     1.466    83.015    85.776        168.791           170.257 
    csa_tree_U.._18_10_groupi   106     1.393    88.333    81.691        170.024           171.418 
    csa_tree_U.._18_10_groupi    82     1.234   116.106    99.529        215.636           216.870 
    csa_tree_U.._18_10_groupi    87     1.168    35.499    36.495         71.994            73.162 
    csa_tree_U.._18_10_groupi    88     1.161    34.104    36.867         70.971            72.132 
    csa_tree_U.._18_10_groupi    88     1.087   105.345    87.322        192.668           193.755 
    U_S17_add_41_16              90     0.898    72.274    77.198        149.471           150.369 
    U_S11_add_41_16              78     0.537    13.363    17.490         30.854            31.390 
    U_2_U_S0_add_18_10           48     0.414     9.128    12.346         21.474            21.888 
    U_5_U_S0_add_18_10           48     0.385     7.181     9.984         17.165            17.550 
    U_S14_add_41_16              19     0.355    17.176    10.406         27.582            27.937 
    U_S15_add_41_16              26     0.351    19.449    19.819         39.268            39.619 
    addinc_U_2_U_S1_add_18_16    60     0.337     9.099    12.933         22.031            22.369 
    addinc_U_5_U_S1_add_18_16    60     0.320     7.505    10.628         18.133            18.453 
    U_4_U_S1_add_18_10           29     0.251     6.115     9.471         15.586            15.837 
    U_3_U_S1_add_18_10           29     0.241     7.772    11.822         19.594            19.835 
    U_3_U_S0_add_18_10           18     0.147     5.855     8.368         14.223            14.370 
    U_4_U_S0_add_18_10           18     0.147     4.170     6.379         10.549            10.695 
    U_S21_add_41_16              11     0.117     2.016     1.691          3.707             3.824 
    U_S1_add_41_16               11     0.108     2.249     2.226          4.475             4.582 
  gen_filter[6].U_S0           1416    16.039   889.644   923.255       1812.899          1828.938 
    csa_tree_U.._18_10_groupi   115     1.769   120.963   130.025        250.988           252.757 
    csa_tree_U.._18_16_groupi    98     1.678    65.827    66.258        132.085           133.763 
    csa_tree_U.._18_10_groupi   108     1.505    94.837    96.192        191.029           192.534 
    csa_tree_U.._18_10_groupi   106     1.376    94.354    88.441        182.795           184.171 
    csa_tree_U.._18_10_groupi    90     1.235    37.889    40.382         78.271            79.505 
    csa_tree_U.._18_10_groupi    82     1.194   132.554   115.023        247.576           248.771 
    csa_tree_U.._18_10_groupi    88     1.146   115.436    96.705        212.141           213.287 
    csa_tree_U.._18_10_groupi    88     1.139    33.869    37.299         71.169            72.308 
    U_S17_add_41_16              90     0.898    68.791    73.891        142.683           143.580 
    U_S11_add_41_16              78     0.519    11.813    15.617         27.430            27.950 
    U_2_U_S0_add_18_10           48     0.401    10.668    14.362         25.031            25.432 
    U_5_U_S0_add_18_10           48     0.397     8.578    11.922         20.500            20.897 
    U_S14_add_41_16              19     0.354    16.971    10.487         27.458            27.812 
    addinc_U_2_U_S1_add_18_16    60     0.332    10.315    14.740         25.055            25.387 
    U_S15_add_41_16              26     0.331    19.086    20.030         39.116            39.447 
    addinc_U_5_U_S1_add_18_16    60     0.309     8.021    12.019         20.040            20.349 
    U_4_U_S1_add_18_10           29     0.246     7.871    12.387         20.258            20.504 
    U_3_U_S1_add_18_10           29     0.241     7.275    11.695         18.970            19.211 
    U_4_U_S0_add_18_10           18     0.149     5.778     8.399         14.177            14.326 
    U_3_U_S0_add_18_10           18     0.146     5.168     7.569         12.736            12.883 
    U_S21_add_41_16              11     0.121     2.085     1.837          3.922             4.043 
    U_S1_add_41_16               11     0.110     2.759     2.830          5.589             5.698 
  gen_filter[13].U_S0          1410    16.018   849.834   881.654       1731.489          1747.507 
    csa_tree_U.._18_10_groupi   115     1.802   119.011   127.172        246.183           247.985 
    csa_tree_U.._18_16_groupi    98     1.702    64.446    68.817        133.263           134.965 
    csa_tree_U.._18_10_groupi   108     1.465    87.916    90.204        178.119           179.585 
    csa_tree_U.._18_10_groupi   106     1.422    88.199    81.946        170.146           171.568 
    csa_tree_U.._18_10_groupi    82     1.244   123.285   104.590        227.875           229.119 
    csa_tree_U.._18_10_groupi    87     1.175    36.571    39.003         75.574            76.750 
    csa_tree_U.._18_10_groupi    88     1.160    35.770    38.569         74.339            75.499 
    csa_tree_U.._18_10_groupi    88     1.085   104.292    87.621        191.913           192.998 
    U_S17_add_41_16              90     0.902    75.802    81.379        157.181           158.083 
    U_S11_add_41_16              78     0.537    12.287    16.297         28.584            29.121 
    U_2_U_S0_add_18_10           48     0.394    10.037    13.487         23.523            23.917 
    U_5_U_S0_add_18_10           48     0.376     9.173    12.369         21.542            21.918 
    U_S14_add_41_16              19     0.358    14.989     8.939         23.928            24.286 
    U_S15_add_41_16              23     0.331    17.907    17.931         35.838            36.169 
    addinc_U_2_U_S1_add_18_16    60     0.329     9.009    12.785         21.794            22.123 
    addinc_U_5_U_S1_add_18_16    60     0.291     8.030    12.134         20.164            20.454 
    U_4_U_S1_add_18_10           29     0.252     6.056     8.993         15.049            15.301 
    U_3_U_S1_add_18_10           29     0.242     5.899     8.980         14.879            15.121 
    U_4_U_S0_add_18_10           18     0.147     4.042     6.017         10.059            10.206 
    U_3_U_S0_add_18_10           18     0.147     4.169     6.280         10.450            10.596 
    U_S21_add_41_16              11     0.117     2.628     2.340          4.968             5.086 
    U_S1_add_41_16               11     0.110     2.030     2.150          4.180             4.290 
  gen_filter[5].U_S0           1417    15.928   892.956   932.391       1825.347          1841.275 
    csa_tree_U.._18_10_groupi   115     1.764   121.743   131.974        253.717           255.481 
    csa_tree_U.._18_16_groupi    98     1.698    68.929    71.386        140.315           142.013 
    csa_tree_U.._18_10_groupi   108     1.496   100.105   102.429        202.534           204.030 
    csa_tree_U.._18_10_groupi   107     1.356    93.230    89.061        182.291           183.647 
    csa_tree_U.._18_10_groupi    90     1.258    35.263    35.015         70.277            71.535 
    csa_tree_U.._18_10_groupi    82     1.159   123.016   104.660        227.676           228.836 
    csa_tree_U.._18_10_groupi    88     1.116   120.395   101.638        222.033           223.149 
    csa_tree_U.._18_10_groupi    88     1.103    32.149    35.889         68.037            69.140 
    U_S17_add_41_16              90     0.903    69.112    75.370        144.483           145.386 
    U_S11_add_41_16              78     0.533    11.922    15.351         27.272            27.806 
    U_5_U_S0_add_18_10           48     0.399    10.405    14.196         24.601            25.000 
    U_2_U_S0_add_18_10           48     0.388    10.300    14.312         24.611            25.000 
    U_S14_add_41_16              19     0.358    16.880    10.802         27.681            28.039 
    U_S15_add_41_16              26     0.329    22.342    23.805         46.147            46.476 
    addinc_U_2_U_S1_add_18_16    60     0.326     8.869    12.443         21.312            21.638 
    addinc_U_5_U_S1_add_18_16    60     0.298     9.713    14.803         24.515            24.814 
    U_4_U_S1_add_18_10           29     0.251     7.489    12.261         19.750            20.001 
    U_3_U_S1_add_18_10           29     0.241     7.414    11.367         18.781            19.022 
    U_3_U_S0_add_18_10           18     0.148     5.903     8.735         14.638            14.786 
    U_4_U_S0_add_18_10           18     0.146     5.168     7.687         12.855            13.002 
    U_S1_add_41_16               11     0.115     2.079     2.136          4.215             4.330 
    U_S21_add_41_16              11     0.107     1.518     1.446          2.965             3.072 
  gen_filter[4].U_S0           1417    15.915   870.021   902.906       1772.926          1788.842 
    csa_tree_U.._18_10_groupi   115     1.771   130.882   138.776        269.658           271.428 
    csa_tree_U.._18_16_groupi    98     1.684    64.207    65.938        130.144           131.829 
    csa_tree_U.._18_10_groupi   108     1.488    96.379    98.996        195.375           196.862 
    csa_tree_U.._18_10_groupi   107     1.362    81.326    79.511        160.837           162.199 
    csa_tree_U.._18_10_groupi    90     1.258    39.857    40.507         80.363            81.621 
    csa_tree_U.._18_10_groupi    82     1.154   113.096    95.187        208.283           209.437 
    csa_tree_U.._18_10_groupi    88     1.120   116.594    98.688        215.282           216.402 
    csa_tree_U.._18_10_groupi    88     1.113    32.233    35.671         67.904            69.017 
    U_S17_add_41_16              90     0.893    74.994    79.219        154.213           155.105 
    U_S11_add_41_16              78     0.532    12.745    16.128         28.873            29.405 
    U_5_U_S0_add_18_10           48     0.384     8.887    12.627         21.514            21.898 
    U_2_U_S0_add_18_10           48     0.379     7.725    10.688         18.413            18.792 
    U_S14_add_41_16              19     0.354    15.993     9.344         25.338            25.692 
    U_S15_add_41_16              26     0.344    19.572    20.054         39.625            39.969 
    addinc_U_2_U_S1_add_18_16    60     0.320     7.697    10.845         18.542            18.862 
    addinc_U_5_U_S1_add_18_16    60     0.314     8.566    12.590         21.156            21.469 
    U_4_U_S1_add_18_10           29     0.251     7.570    12.135         19.705            19.955 
    U_3_U_S1_add_18_10           29     0.241     6.839    10.191         17.030            17.271 
    U_4_U_S0_add_18_10           18     0.150     5.931     8.923         14.855            15.005 
    U_3_U_S0_add_18_10           18     0.147     6.029     8.816         14.846            14.993 
    U_S1_add_41_16               11     0.115     2.736     2.897          5.633             5.748 
    U_S21_add_41_16              11     0.109     1.551     1.511          3.062             3.170 
  gen_filter[3].U_S0           1417    15.881   868.172   903.477       1771.649          1787.530 
    csa_tree_U.._18_10_groupi   115     1.768   120.055   128.916        248.971           250.738 
    csa_tree_U.._18_16_groupi    98     1.686    68.498    70.910        139.408           141.094 
    csa_tree_U.._18_10_groupi   108     1.490   102.176   106.796        208.972           210.462 
    csa_tree_U.._18_10_groupi   107     1.351    88.118    83.176        171.294           172.646 
    csa_tree_U.._18_10_groupi    90     1.256    37.741    38.455         76.196            77.452 
    csa_tree_U.._18_10_groupi    82     1.157   118.225   100.531        218.756           219.913 
    csa_tree_U.._18_10_groupi    88     1.113   108.630    90.644        199.274           200.387 
    csa_tree_U.._18_10_groupi    88     1.112    35.644    38.577         74.221            75.333 
    U_S17_add_41_16              90     0.897    68.384    73.874        142.258           143.155 
    U_S11_add_41_16              78     0.531    12.569    15.777         28.346            28.877 
    U_5_U_S0_add_18_10           48     0.390    10.513    14.408         24.920            25.311 
    U_2_U_S0_add_18_10           48     0.366     7.424    10.463         17.886            18.252 
    U_S14_add_41_16              19     0.357    17.190    10.725         27.915            28.272 
    U_S15_add_41_16              26     0.348    20.773    22.127         42.900            43.248 
    addinc_U_5_U_S1_add_18_16    60     0.313     9.695    14.507         24.202            24.515 
    addinc_U_2_U_S1_add_18_16    60     0.297     7.230    10.911         18.142            18.439 
    U_4_U_S1_add_18_10           29     0.250     7.047    10.872         17.919            18.170 
    U_3_U_S1_add_18_10           29     0.242     6.052     9.585         15.637            15.879 
    U_4_U_S0_add_18_10           18     0.149     6.072     8.960         15.032            15.181 
    U_3_U_S0_add_18_10           18     0.149     4.294     6.362         10.656            10.805 
    U_S1_add_41_16               11     0.115     1.672     1.717          3.388             3.503 
    U_S21_add_41_16              11     0.109     1.875     1.878          3.753             3.862 
  gen_filter[14].U_S0          1409    15.861   800.266   830.154       1630.420          1646.282 
    csa_tree_U.._18_10_groupi   115     1.796   110.466   117.848        228.314           230.110 
    csa_tree_U.._18_16_groupi    98     1.700    62.651    65.767        128.418           130.118 
    csa_tree_U.._18_10_groupi   108     1.467    90.858    94.402        185.260           186.727 
    csa_tree_U.._18_10_groupi   106     1.361    71.729    67.853        139.582           140.943 
    csa_tree_U.._18_10_groupi    82     1.182   116.938   100.444        217.382           218.564 
    csa_tree_U.._18_10_groupi    87     1.170    34.333    34.701         69.034            70.204 
    csa_tree_U.._18_10_groupi    88     1.161    29.962    31.173         61.135            62.295 
    csa_tree_U.._18_10_groupi    88     1.084   103.344    88.448        191.792           192.876 
    U_S17_add_41_16              90     0.901    66.774    71.125        137.899           138.800 
    U_S11_add_41_16              78     0.534    11.220    14.445         25.665            26.200 
    U_2_U_S0_add_18_10           48     0.391     7.277    10.309         17.586            17.977 
    U_5_U_S0_add_18_10           47     0.388     9.273    12.182         21.456            21.844 
    U_S14_add_41_16              19     0.355    15.090     8.782         23.872            24.227 
    U_S15_add_41_16              23     0.332    19.157    18.736         37.893            38.225 
    addinc_U_2_U_S1_add_18_16    60     0.317     8.068    11.484         19.552            19.869 
    addinc_U_5_U_S1_add_18_16    60     0.294     7.977    12.138         20.115            20.408 
    U_3_U_S1_add_18_10           29     0.243     5.840     8.521         14.361            14.604 
    U_4_U_S1_add_18_10           29     0.243     8.908    14.132         23.040            23.283 
    U_3_U_S0_add_18_10           18     0.147     4.042     5.953          9.996            10.143 
    U_4_U_S0_add_18_10           18     0.141     5.246     7.610         12.856            12.997 
    U_S21_add_41_16              11     0.122     2.051     1.910          3.961             4.083 
    U_S1_add_41_16               11     0.109     1.316     1.393          2.709             2.818 
  gen_filter[1].U_S0           1421    15.853   855.263   889.147       1744.410          1760.262 
    csa_tree_U.._18_10_groupi   115     1.770   124.109   131.791        255.900           257.669 
    csa_tree_U.._18_16_groupi    98     1.686    68.353    71.927        140.280           141.966 
    csa_tree_U.._18_10_groupi   108     1.485    90.960    93.907        184.868           186.353 
    csa_tree_U.._18_10_groupi   107     1.361    86.194    82.608        168.802           170.163 
    csa_tree_U.._18_10_groupi    90     1.243    40.395    42.367         82.762            84.005 
    csa_tree_U.._18_10_groupi    82     1.155   115.665    97.097        212.763           213.917 
    csa_tree_U.._18_10_groupi    88     1.134    33.318    36.173         69.490            70.625 
    csa_tree_U.._18_10_groupi    88     1.113   111.568    93.623        205.191           206.304 
    U_S17_add_41_16              90     0.903    70.854    76.158        147.012           147.915 
    U_S11_add_41_16              78     0.528    12.792    16.123         28.914            29.442 
    U_5_U_S0_add_18_10           48     0.394     7.919    11.129         19.048            19.442 
    U_2_U_S0_add_18_10           48     0.361     7.532    10.631         18.162            18.524 
    U_S14_add_41_16              19     0.359    17.482    10.884         28.366            28.725 
    U_S15_add_41_16              26     0.337    18.338    19.616         37.954            38.290 
    addinc_U_5_U_S1_add_18_16    60     0.332     7.849    10.772         18.621            18.953 
    addinc_U_2_U_S1_add_18_16    60     0.287     7.350    11.463         18.813            19.100 
    U_4_U_S1_add_18_10           29     0.240     6.118    10.143         16.262            16.502 
    U_3_U_S1_add_18_10           29     0.229     6.801    10.926         17.727            17.956 
    U_4_U_S0_add_18_10           18     0.140     4.291     6.513         10.804            10.944 
    U_3_U_S0_add_18_10           18     0.130     5.160     8.238         13.397            13.527 
    U_S1_add_41_16               11     0.114     1.892     2.017          3.909             4.024 
    U_S21_add_41_16              11     0.110     1.895     1.910          3.805             3.916 
  gen_filter[2].U_S0           1417    15.841   844.634   876.491       1721.125          1736.966 
    csa_tree_U.._18_10_groupi   115     1.765   110.068   116.513        226.581           228.346 
    csa_tree_U.._18_16_groupi    98     1.681    63.284    63.917        127.201           128.882 
    csa_tree_U.._18_10_groupi   108     1.494    95.928    98.535        194.463           195.958 
    csa_tree_U.._18_10_groupi   107     1.349    88.309    84.893        173.202           174.551 
    csa_tree_U.._18_10_groupi    90     1.261    38.687    39.472         78.160            79.420 
    csa_tree_U.._18_10_groupi    82     1.158   118.482    99.934        218.417           219.574 
    csa_tree_U.._18_10_groupi    88     1.140    31.598    34.291         65.889            67.029 
    csa_tree_U.._18_10_groupi    88     1.113   113.981    96.075        210.056           211.169 
    U_S17_add_41_16              90     0.901    67.466    73.182        140.648           141.549 
    U_S11_add_41_16              78     0.529    11.803    15.002         26.805            27.334 
    U_5_U_S0_add_18_10           48     0.386    10.308    14.378         24.685            25.071 
    U_2_U_S0_add_18_10           48     0.368     9.645    13.213         22.858            23.226 
    U_S14_add_41_16              19     0.355    15.567     9.391         24.958            25.314 
    U_S15_add_41_16              26     0.350    20.893    21.935         42.828            43.178 
    addinc_U_5_U_S1_add_18_16    60     0.312     8.509    12.580         21.088            21.400 
    addinc_U_2_U_S1_add_18_16    60     0.276     8.090    13.080         21.170            21.445 
    U_4_U_S1_add_18_10           29     0.247     6.167    10.218         16.385            16.632 
    U_3_U_S1_add_18_10           29     0.228     5.844     9.571         15.416            15.644 
    U_4_U_S0_add_18_10           18     0.149     4.294     6.459         10.752            10.901 
    U_3_U_S0_add_18_10           18     0.128     4.017     6.364         10.382            10.510 
    U_S1_add_41_16               11     0.114     2.038     2.235          4.273             4.387 
    U_S21_add_41_16              11     0.109     1.489     1.423          2.912             3.020 
  gen_filter[15].U_S0          1413    15.836   816.548   848.491       1665.040          1680.876 
    csa_tree_U.._18_10_groupi   115     1.804   117.630   125.564        243.194           244.998 
    csa_tree_U.._18_16_groupi    98     1.695    61.006    65.115        126.121           127.816 
    csa_tree_U.._18_10_groupi   108     1.469    90.807    93.142        183.949           185.418 
    csa_tree_U.._18_10_groupi   106     1.353    82.710    77.325        160.035           161.388 
    csa_tree_U.._18_10_groupi    82     1.184   107.209    92.488        199.697           200.881 
    csa_tree_U.._18_10_groupi    88     1.163    34.543    38.316         72.859            74.022 
    csa_tree_U.._18_10_groupi    88     1.159    34.298    36.017         70.315            71.473 
    csa_tree_U.._18_10_groupi    88     1.081   107.242    88.658        195.901           196.981 
    U_S17_add_41_16              90     0.900    68.692    71.394        140.086           140.987 
    U_S11_add_41_16              78     0.534    12.674    16.816         29.491            30.025 
    U_2_U_S0_add_18_10           47     0.391     7.364     9.684         17.048            17.440 
    U_5_U_S0_add_18_10           47     0.388     8.820    11.645         20.465            20.854 
    U_S15_add_41_16              26     0.356    18.211    17.940         36.152            36.508 
    U_S14_add_41_16              19     0.356    14.705     9.213         23.918            24.274 
    addinc_U_2_U_S1_add_18_16    60     0.322     7.504    10.306         17.810            18.132 
    addinc_U_5_U_S1_add_18_16    60     0.281     6.837    11.121         17.958            18.239 
    U_4_U_S1_add_18_10           29     0.244     6.597    10.727         17.324            17.568 
    U_3_U_S1_add_18_10           29     0.230     8.546    13.557         22.103            22.333 
    U_3_U_S0_add_18_10           18     0.129     4.826     7.452         12.278            12.407 
    U_4_U_S0_add_18_10           18     0.129     4.666     7.391         12.057            12.186 
    U_S21_add_41_16              11     0.122     2.305     1.969          4.274             4.396 
    U_S1_add_41_16               11     0.108     1.123     1.233          2.356             2.464 
  gen_filter[0].U_S0           1425    15.673   818.718   854.536       1673.254          1688.926 
    csa_tree_U.._18_10_groupi   115     1.768   112.659   122.952        235.612           237.379 
    csa_tree_U.._18_16_groupi    98     1.688    61.224    64.185        125.409           127.097 
    csa_tree_U.._18_10_groupi   108     1.462    93.281    97.018        190.299           191.761 
    csa_tree_U.._18_10_groupi   107     1.352    80.056    75.541        155.597           156.949 
    csa_tree_U.._18_10_groupi    90     1.173    31.803    34.795         66.598            67.771 
    csa_tree_U.._18_10_groupi    82     1.155   116.609    97.430        214.038           215.194 
    csa_tree_U.._18_10_groupi    88     1.138    34.360    36.820         71.180            72.318 
    csa_tree_U.._18_10_groupi    88     1.085   110.697    93.367        204.064           205.149 
    U_S17_add_41_16              90     0.903    67.625    71.077        138.702           139.605 
    U_S11_add_41_16              78     0.531    10.953    14.036         24.989            25.521 
    U_5_U_S0_add_18_10           47     0.393     7.987    10.688         18.675            19.068 
    U_2_U_S0_add_18_10           48     0.366     8.204    10.998         19.202            19.568 
    U_S14_add_41_16              19     0.357    16.060     9.789         25.849            26.205 
    U_S15_add_41_16              26     0.330    18.978    20.828         39.806            40.136 
    addinc_U_5_U_S1_add_18_16    60     0.296     7.199    10.959         18.159            18.455 
    addinc_U_2_U_S1_add_18_16    60     0.271     7.725    12.254         19.979            20.250 
    U_4_U_S1_add_18_10           29     0.241     7.106    11.366         18.472            18.713 
    U_3_U_S1_add_18_10           29     0.225     5.053     8.094         13.147            13.372 
    U_4_U_S0_add_18_10           18     0.130     5.160     8.374         13.533            13.663 
    U_3_U_S0_add_18_10           18     0.126     4.031     6.416         10.447            10.573 
    U_S21_add_41_16              11     0.108     1.819     1.904          3.723             3.832 
    U_S1_add_41_16               11     0.107     1.518     1.483          3.001             3.108 
  gen_filter[16].U_S0          1417    15.622   815.282   847.976       1663.259          1678.880 
    csa_tree_U.._18_10_groupi   115     1.788   119.003   126.523        245.526           247.314 
    csa_tree_U.._18_16_groupi    98     1.690    62.494    66.738        129.233           130.923 
    csa_tree_U.._18_10_groupi   108     1.463    85.643    90.268        175.910           177.374 
    csa_tree_U.._18_10_groupi   106     1.328    83.685    77.177        160.862           162.191 
    csa_tree_U.._18_10_groupi    88     1.160    33.515    35.414         68.929            70.089 
    csa_tree_U.._18_10_groupi    88     1.143    31.254    33.365         64.619            65.761 
    csa_tree_U.._18_10_groupi    82     1.143   114.159    96.548        210.707           211.850 
    csa_tree_U.._18_10_groupi    88     1.086   108.816    91.330        200.146           201.232 
    U_S17_add_41_16              90     0.893    68.775    73.550        142.326           143.219 
    U_S11_add_41_16              78     0.528    11.897    15.364         27.261            27.789 
    U_2_U_S0_add_18_10           48     0.371     9.082    12.273         21.354            21.726 
    U_5_U_S0_add_18_10           48     0.366     6.195     8.627         14.822            15.188 
    U_S14_add_41_16              19     0.358    15.231     8.955         24.187            24.545 
    U_S15_add_41_16              26     0.321    17.388    18.971         36.358            36.679 
    addinc_U_2_U_S1_add_18_16    60     0.298     8.192    11.903         20.095            20.393 
    addinc_U_5_U_S1_add_18_16    60     0.290     7.080    10.776         17.856            18.146 
    U_3_U_S1_add_18_10           29     0.232     6.354    10.262         16.616            16.848 
    U_4_U_S1_add_18_10           29     0.230     5.645     9.774         15.419            15.650 
    U_3_U_S0_add_18_10           18     0.129     4.666     7.288         11.954            12.082 
    U_4_U_S0_add_18_10           18     0.128     4.532     7.075         11.607            11.735 
    U_S1_add_41_16               11     0.110     2.078     2.244          4.322             4.432 
    U_S21_add_41_16              11     0.109     1.344     1.357          2.702             2.811 

