irun(64): 15.20-p001: (c) Copyright 1995-2016 Cadence Design Systems, Inc.
TOOL:	irun(64)	15.20-p001: Started on Mar 03, 2020 at 13:50:17 -03
irun
	-64bit
	-top banch
	banch.v
	CORE65LPSVT.v
	martool.v
	-access +rw
	-sdf_cmd_file sdf_cmd_file.in
Recompiling... reason: file './banch.v' is newer than expected.
	expected: Tue Mar  3 13:21:16 2020
	actual:   Tue Mar  3 13:46:38 2020
file: banch.v
	module worklib.banch:v
		errors: 0, warnings: 0
	module worklib.rom_read:v
		errors: 0, warnings: 0
file: martool.v
	module worklib.add_signed_254:v
		errors: 0, warnings: 0
	module worklib.add_signed_253_1370:v
		errors: 0, warnings: 0
	module worklib.add_signed_254_962:v
		errors: 0, warnings: 0
	module worklib.add_signed_253:v
		errors: 0, warnings: 0
	module worklib.add_unsigned_232:v
		errors: 0, warnings: 0
	module worklib.add_signed_carry_28_1209:v
		errors: 0, warnings: 0
	module worklib.add_signed_carry_28_1210:v
		errors: 0, warnings: 0
	module worklib.csa_tree_U_S0_add_18_10_group_29:v
		errors: 0, warnings: 0
	module worklib.csa_tree_U_S13_add_18_10_group_25:v
		errors: 0, warnings: 0
	module worklib.csa_tree_U_S20_add_18_10_group_27:v
		errors: 0, warnings: 0
	module worklib.csa_tree_U_s3_add_18_10_group_23:v
		errors: 0, warnings: 0
	module worklib.csa_tree_U_s23_add_18_10_group_21:v
		errors: 0, warnings: 0
	module worklib.filter_4_bit_width10:v
		errors: 0, warnings: 0
	module worklib.add_signed_254_961:v
		errors: 0, warnings: 0
	module worklib.add_signed_253_1368:v
		errors: 0, warnings: 0
	module worklib.add_signed_254_960:v
		errors: 0, warnings: 0
	module worklib.add_signed_253_1369:v
		errors: 0, warnings: 0
	module worklib.add_unsigned_232_929:v
		errors: 0, warnings: 0
	module worklib.add_signed_carry_28_1211:v
		errors: 0, warnings: 0
	module worklib.add_signed_carry_28_1212:v
		errors: 0, warnings: 0
	module worklib.csa_tree_U_S0_add_18_10_group_29_1:v
		errors: 0, warnings: 0
	module worklib.csa_tree_U_S13_add_18_10_group_25_1:v
		errors: 0, warnings: 0
	module worklib.csa_tree_U_S20_add_18_10_group_27_1:v
		errors: 0, warnings: 0
	module worklib.csa_tree_U_s3_add_18_10_group_23_1:v
		errors: 0, warnings: 0
	module worklib.csa_tree_U_s23_add_18_10_group_21_1:v
		errors: 0, warnings: 0
	module worklib.filter_4_bit_width10_1:v
		errors: 0, warnings: 0
	module worklib.add_signed_254_945:v
		errors: 0, warnings: 0
	module worklib.add_signed_253_1352:v
		errors: 0, warnings: 0
	module worklib.add_signed_254_944:v
		errors: 0, warnings: 0
	module worklib.add_signed_253_1353:v
		errors: 0, warnings: 0
	module worklib.add_unsigned_232_921:v
		errors: 0, warnings: 0
	module worklib.add_signed_carry_28_1227:v
		errors: 0, warnings: 0
	module worklib.add_signed_carry_28_1228:v
		errors: 0, warnings: 0
	module worklib.csa_tree_U_S0_add_18_10_group_29_9:v
		errors: 0, warnings: 0
	module worklib.csa_tree_U_S13_add_18_10_group_25_9:v
		errors: 0, warnings: 0
	module worklib.csa_tree_U_S20_add_18_10_group_27_9:v
		errors: 0, warnings: 0
	module worklib.csa_tree_U_s3_add_18_10_group_23_9:v
		errors: 0, warnings: 0
	module worklib.csa_tree_U_s23_add_18_10_group_21_9:v
		errors: 0, warnings: 0
	module worklib.filter_4_bit_width10_2:v
		errors: 0, warnings: 0
	module worklib.add_signed_254_943:v
		errors: 0, warnings: 0
	module worklib.add_signed_253_1350:v
		errors: 0, warnings: 0
	module worklib.add_signed_254_942:v
		errors: 0, warnings: 0
	module worklib.add_signed_253_1351:v
		errors: 0, warnings: 0
	module worklib.add_unsigned_232_920:v
		errors: 0, warnings: 0
	module worklib.add_signed_carry_28_1229:v
		errors: 0, warnings: 0
	module worklib.add_signed_carry_28_1230:v
		errors: 0, warnings: 0
	module worklib.csa_tree_U_S0_add_18_10_group_29_10:v
		errors: 0, warnings: 0
	module worklib.csa_tree_U_S13_add_18_10_group_25_10:v
		errors: 0, warnings: 0
	module worklib.csa_tree_U_S20_add_18_10_group_27_10:v
		errors: 0, warnings: 0
	module worklib.csa_tree_U_s3_add_18_10_group_23_10:v
		errors: 0, warnings: 0
	module worklib.csa_tree_U_s23_add_18_10_group_21_10:v
		errors: 0, warnings: 0
	module worklib.filter_4_bit_width10_3:v
		errors: 0, warnings: 0
	module worklib.add_signed_254_941:v
		errors: 0, warnings: 0
	module worklib.add_signed_253_1348:v
		errors: 0, warnings: 0
	module worklib.add_signed_254_940:v
		errors: 0, warnings: 0
	module worklib.add_signed_253_1349:v
		errors: 0, warnings: 0
	module worklib.add_unsigned_232_919:v
		errors: 0, warnings: 0
	module worklib.add_signed_carry_28_1231:v
		errors: 0, warnings: 0
	module worklib.add_signed_carry_28_1232:v
		errors: 0, warnings: 0
	module worklib.csa_tree_U_S0_add_18_10_group_29_11:v
		errors: 0, warnings: 0
	module worklib.csa_tree_U_S13_add_18_10_group_25_11:v
		errors: 0, warnings: 0
	module worklib.csa_tree_U_S20_add_18_10_group_27_11:v
		errors: 0, warnings: 0
	module worklib.csa_tree_U_s3_add_18_10_group_23_11:v
		errors: 0, warnings: 0
	module worklib.csa_tree_U_s23_add_18_10_group_21_11:v
		errors: 0, warnings: 0
	module worklib.filter_4_bit_width10_4:v
		errors: 0, warnings: 0
	module worklib.add_signed_254_939:v
		errors: 0, warnings: 0
	module worklib.add_signed_253_1346:v
		errors: 0, warnings: 0
	module worklib.add_signed_254_938:v
		errors: 0, warnings: 0
	module worklib.add_signed_253_1347:v
		errors: 0, warnings: 0
	module worklib.add_unsigned_232_918:v
		errors: 0, warnings: 0
	module worklib.add_signed_carry_28_1233:v
		errors: 0, warnings: 0
	module worklib.add_signed_carry_28_1234:v
		errors: 0, warnings: 0
	module worklib.csa_tree_U_S0_add_18_10_group_29_12:v
		errors: 0, warnings: 0
	module worklib.csa_tree_U_S13_add_18_10_group_25_12:v
		errors: 0, warnings: 0
	module worklib.csa_tree_U_S20_add_18_10_group_27_12:v
		errors: 0, warnings: 0
	module worklib.csa_tree_U_s3_add_18_10_group_23_12:v
		errors: 0, warnings: 0
	module worklib.csa_tree_U_s23_add_18_10_group_21_12:v
		errors: 0, warnings: 0
	module worklib.filter_4_bit_width10_5:v
		errors: 0, warnings: 0
	module worklib.add_signed_254_937:v
		errors: 0, warnings: 0
	module worklib.add_signed_253_1344:v
		errors: 0, warnings: 0
	module worklib.add_signed_254_936:v
		errors: 0, warnings: 0
	module worklib.add_signed_253_1345:v
		errors: 0, warnings: 0
	module worklib.add_unsigned_232_917:v
		errors: 0, warnings: 0
	module worklib.add_signed_carry_28_1235:v
		errors: 0, warnings: 0
	module worklib.add_signed_carry_28_1236:v
		errors: 0, warnings: 0
	module worklib.csa_tree_U_S0_add_18_10_group_29_13:v
		errors: 0, warnings: 0
	module worklib.csa_tree_U_S13_add_18_10_group_25_13:v
		errors: 0, warnings: 0
	module worklib.csa_tree_U_S20_add_18_10_group_27_13:v
		errors: 0, warnings: 0
	module worklib.csa_tree_U_s3_add_18_10_group_23_13:v
		errors: 0, warnings: 0
	module worklib.csa_tree_U_s23_add_18_10_group_21_13:v
		errors: 0, warnings: 0
	module worklib.filter_4_bit_width10_6:v
		errors: 0, warnings: 0
	module worklib.add_signed_254_935:v
		errors: 0, warnings: 0
	module worklib.add_signed_253_1342:v
		errors: 0, warnings: 0
	module worklib.add_signed_254_934:v
		errors: 0, warnings: 0
	module worklib.add_signed_253_1343:v
		errors: 0, warnings: 0
	module worklib.add_unsigned_232_916:v
		errors: 0, warnings: 0
	module worklib.add_signed_carry_28_1237:v
		errors: 0, warnings: 0
	module worklib.add_signed_carry_28_1238:v
		errors: 0, warnings: 0
	module worklib.csa_tree_U_S0_add_18_10_group_29_14:v
		errors: 0, warnings: 0
	module worklib.csa_tree_U_S13_add_18_10_group_25_14:v
		errors: 0, warnings: 0
	module worklib.csa_tree_U_S20_add_18_10_group_27_14:v
		errors: 0, warnings: 0
	module worklib.csa_tree_U_s3_add_18_10_group_23_14:v
		errors: 0, warnings: 0
	module worklib.csa_tree_U_s23_add_18_10_group_21_14:v
		errors: 0, warnings: 0
	module worklib.filter_4_bit_width10_7:v
		errors: 0, warnings: 0
	module worklib.add_signed_254_933:v
		errors: 0, warnings: 0
	module worklib.add_signed_253_1340:v
		errors: 0, warnings: 0
	module worklib.add_signed_254_932:v
		errors: 0, warnings: 0
	module worklib.add_signed_253_1341:v
		errors: 0, warnings: 0
	module worklib.add_unsigned_232_915:v
		errors: 0, warnings: 0
	module worklib.add_signed_carry_28_1239:v
		errors: 0, warnings: 0
	module worklib.add_signed_carry_28_1240:v
		errors: 0, warnings: 0
	module worklib.csa_tree_U_S0_add_18_10_group_29_15:v
		errors: 0, warnings: 0
	module worklib.csa_tree_U_S13_add_18_10_group_25_15:v
		errors: 0, warnings: 0
	module worklib.csa_tree_U_S20_add_18_10_group_27_15:v
		errors: 0, warnings: 0
	module worklib.csa_tree_U_s3_add_18_10_group_23_15:v
		errors: 0, warnings: 0
	module worklib.csa_tree_U_s23_add_18_10_group_21_15:v
		errors: 0, warnings: 0
	module worklib.filter_4_bit_width10_8:v
		errors: 0, warnings: 0
	module worklib.add_signed_254_931:v
		errors: 0, warnings: 0
	module worklib.add_signed_253_1338:v
		errors: 0, warnings: 0
	module worklib.add_signed_254_930:v
		errors: 0, warnings: 0
	module worklib.add_signed_253_1339:v
		errors: 0, warnings: 0
	module worklib.add_unsigned_232_914:v
		errors: 0, warnings: 0
	module worklib.add_signed_carry_28_1241:v
		errors: 0, warnings: 0
	module worklib.add_signed_carry_28:v
		errors: 0, warnings: 0
	module worklib.csa_tree_U_S0_add_18_10_group_29_16:v
		errors: 0, warnings: 0
	module worklib.csa_tree_U_S13_add_18_10_group_25_16:v
		errors: 0, warnings: 0
	module worklib.csa_tree_U_S20_add_18_10_group_27_16:v
		errors: 0, warnings: 0
	module worklib.csa_tree_U_s3_add_18_10_group_23_16:v
		errors: 0, warnings: 0
	module worklib.csa_tree_U_s23_add_18_10_group_21_16:v
		errors: 0, warnings: 0
	module worklib.filter_4_bit_width10_9:v
		errors: 0, warnings: 0
	module worklib.add_signed_254_959:v
		errors: 0, warnings: 0
	module worklib.add_signed_253_1366:v
		errors: 0, warnings: 0
	module worklib.add_signed_254_958:v
		errors: 0, warnings: 0
	module worklib.add_signed_253_1367:v
		errors: 0, warnings: 0
	module worklib.add_unsigned_232_928:v
		errors: 0, warnings: 0
	module worklib.add_signed_carry_28_1213:v
		errors: 0, warnings: 0
	module worklib.add_signed_carry_28_1214:v
		errors: 0, warnings: 0
	module worklib.csa_tree_U_S0_add_18_10_group_29_2:v
		errors: 0, warnings: 0
	module worklib.csa_tree_U_S13_add_18_10_group_25_2:v
		errors: 0, warnings: 0
	module worklib.csa_tree_U_S20_add_18_10_group_27_2:v
		errors: 0, warnings: 0
	module worklib.csa_tree_U_s3_add_18_10_group_23_2:v
		errors: 0, warnings: 0
	module worklib.csa_tree_U_s23_add_18_10_group_21_2:v
		errors: 0, warnings: 0
	module worklib.filter_4_bit_width10_10:v
		errors: 0, warnings: 0
	module worklib.add_signed_254_957:v
		errors: 0, warnings: 0
	module worklib.add_signed_253_1364:v
		errors: 0, warnings: 0
	module worklib.add_signed_254_956:v
		errors: 0, warnings: 0
	module worklib.add_signed_253_1365:v
		errors: 0, warnings: 0
	module worklib.add_unsigned_232_927:v
		errors: 0, warnings: 0
	module worklib.add_signed_carry_28_1215:v
		errors: 0, warnings: 0
	module worklib.add_signed_carry_28_1216:v
		errors: 0, warnings: 0
	module worklib.csa_tree_U_S0_add_18_10_group_29_3:v
		errors: 0, warnings: 0
	module worklib.csa_tree_U_S13_add_18_10_group_25_3:v
		errors: 0, warnings: 0
	module worklib.csa_tree_U_S20_add_18_10_group_27_3:v
		errors: 0, warnings: 0
	module worklib.csa_tree_U_s3_add_18_10_group_23_3:v
		errors: 0, warnings: 0
	module worklib.csa_tree_U_s23_add_18_10_group_21_3:v
		errors: 0, warnings: 0
	module worklib.filter_4_bit_width10_11:v
		errors: 0, warnings: 0
	module worklib.add_signed_254_955:v
		errors: 0, warnings: 0
	module worklib.add_signed_253_1362:v
		errors: 0, warnings: 0
	module worklib.add_signed_254_954:v
		errors: 0, warnings: 0
	module worklib.add_signed_253_1363:v
		errors: 0, warnings: 0
	module worklib.add_unsigned_232_926:v
		errors: 0, warnings: 0
	module worklib.add_signed_carry_28_1217:v
		errors: 0, warnings: 0
	module worklib.add_signed_carry_28_1218:v
		errors: 0, warnings: 0
	module worklib.csa_tree_U_S0_add_18_10_group_29_4:v
		errors: 0, warnings: 0
	module worklib.csa_tree_U_S13_add_18_10_group_25_4:v
		errors: 0, warnings: 0
	module worklib.csa_tree_U_S20_add_18_10_group_27_4:v
		errors: 0, warnings: 0
	module worklib.csa_tree_U_s3_add_18_10_group_23_4:v
		errors: 0, warnings: 0
	module worklib.csa_tree_U_s23_add_18_10_group_21_4:v
		errors: 0, warnings: 0
	module worklib.filter_4_bit_width10_12:v
		errors: 0, warnings: 0
	module worklib.add_signed_254_953:v
		errors: 0, warnings: 0
	module worklib.add_signed_253_1360:v
		errors: 0, warnings: 0
	module worklib.add_signed_254_952:v
		errors: 0, warnings: 0
	module worklib.add_signed_253_1361:v
		errors: 0, warnings: 0
	module worklib.add_unsigned_232_925:v
		errors: 0, warnings: 0
	module worklib.add_signed_carry_28_1219:v
		errors: 0, warnings: 0
	module worklib.add_signed_carry_28_1220:v
		errors: 0, warnings: 0
	module worklib.csa_tree_U_S0_add_18_10_group_29_5:v
		errors: 0, warnings: 0
	module worklib.csa_tree_U_S13_add_18_10_group_25_5:v
		errors: 0, warnings: 0
	module worklib.csa_tree_U_S20_add_18_10_group_27_5:v
		errors: 0, warnings: 0
	module worklib.csa_tree_U_s3_add_18_10_group_23_5:v
		errors: 0, warnings: 0
	module worklib.csa_tree_U_s23_add_18_10_group_21_5:v
		errors: 0, warnings: 0
	module worklib.filter_4_bit_width10_13:v
		errors: 0, warnings: 0
	module worklib.add_signed_254_951:v
		errors: 0, warnings: 0
	module worklib.add_signed_253_1358:v
		errors: 0, warnings: 0
	module worklib.add_signed_254_950:v
		errors: 0, warnings: 0
	module worklib.add_signed_253_1359:v
		errors: 0, warnings: 0
	module worklib.add_unsigned_232_924:v
		errors: 0, warnings: 0
	module worklib.add_signed_carry_28_1221:v
		errors: 0, warnings: 0
	module worklib.add_signed_carry_28_1222:v
		errors: 0, warnings: 0
	module worklib.csa_tree_U_S0_add_18_10_group_29_6:v
		errors: 0, warnings: 0
	module worklib.csa_tree_U_S13_add_18_10_group_25_6:v
		errors: 0, warnings: 0
	module worklib.csa_tree_U_S20_add_18_10_group_27_6:v
		errors: 0, warnings: 0
	module worklib.csa_tree_U_s3_add_18_10_group_23_6:v
		errors: 0, warnings: 0
	module worklib.csa_tree_U_s23_add_18_10_group_21_6:v
		errors: 0, warnings: 0
	module worklib.filter_4_bit_width10_14:v
		errors: 0, warnings: 0
	module worklib.add_signed_254_949:v
		errors: 0, warnings: 0
	module worklib.add_signed_253_1356:v
		errors: 0, warnings: 0
	module worklib.add_signed_254_948:v
		errors: 0, warnings: 0
	module worklib.add_signed_253_1357:v
		errors: 0, warnings: 0
	module worklib.add_unsigned_232_923:v
		errors: 0, warnings: 0
	module worklib.add_signed_carry_28_1223:v
		errors: 0, warnings: 0
	module worklib.add_signed_carry_28_1224:v
		errors: 0, warnings: 0
	module worklib.csa_tree_U_S0_add_18_10_group_29_7:v
		errors: 0, warnings: 0
	module worklib.csa_tree_U_S13_add_18_10_group_25_7:v
		errors: 0, warnings: 0
	module worklib.csa_tree_U_S20_add_18_10_group_27_7:v
		errors: 0, warnings: 0
	module worklib.csa_tree_U_s3_add_18_10_group_23_7:v
		errors: 0, warnings: 0
	module worklib.csa_tree_U_s23_add_18_10_group_21_7:v
		errors: 0, warnings: 0
	module worklib.filter_4_bit_width10_15:v
		errors: 0, warnings: 0
	module worklib.add_signed_254_947:v
		errors: 0, warnings: 0
	module worklib.add_signed_253_1354:v
		errors: 0, warnings: 0
	module worklib.add_signed_254_946:v
		errors: 0, warnings: 0
	module worklib.add_signed_253_1355:v
		errors: 0, warnings: 0
	module worklib.add_unsigned_232_922:v
		errors: 0, warnings: 0
	module worklib.add_signed_carry_28_1225:v
		errors: 0, warnings: 0
	module worklib.add_signed_carry_28_1226:v
		errors: 0, warnings: 0
	module worklib.csa_tree_U_S0_add_18_10_group_29_8:v
		errors: 0, warnings: 0
	module worklib.csa_tree_U_S13_add_18_10_group_25_8:v
		errors: 0, warnings: 0
	module worklib.csa_tree_U_S20_add_18_10_group_27_8:v
		errors: 0, warnings: 0
	module worklib.csa_tree_U_s3_add_18_10_group_23_8:v
		errors: 0, warnings: 0
	module worklib.csa_tree_U_s23_add_18_10_group_21_8:v
		errors: 0, warnings: 0
	module worklib.filter_4_bit_width10_16:v
		errors: 0, warnings: 0
	module worklib.INTER_4:v
		errors: 0, warnings: 0
	Elaborating the design hierarchy:
		Caching library 'worklib' ....... Done
	INTER_4 DUT ( input_A1[0], clk, in_rst, out_S1[0][0]); 	// o Modulo principal do circuito
	          |
ncelab: *W,CUVWSP (./banch.v,33|11): 51 output ports were not connected:
ncelab: (./martool.v,22052): out_inter[50]
ncelab: (./martool.v,22052): out_inter[49]
ncelab: (./martool.v,22053): out_inter[48]
ncelab: (./martool.v,22053): out_inter[47]
ncelab: (./martool.v,22053): out_inter[46]
ncelab: (./martool.v,22053): out_inter[45]
ncelab: (./martool.v,22054): out_inter[44]
ncelab: (./martool.v,22054): out_inter[43]
ncelab: (./martool.v,22054): out_inter[42]
ncelab: (./martool.v,22055): out_inter[41]
ncelab: (./martool.v,22055): out_inter[40]
ncelab: (./martool.v,22055): out_inter[39]
ncelab: (./martool.v,22055): out_inter[38]
ncelab: (./martool.v,22056): out_inter[37]
ncelab: (./martool.v,22056): out_inter[36]
ncelab: (./martool.v,22056): out_inter[35]
ncelab: (./martool.v,22057): out_inter[34]
ncelab: (./martool.v,22057): out_inter[33]
ncelab: (./martool.v,22057): out_inter[32]
ncelab: (./martool.v,22057): out_inter[31]
ncelab: (./martool.v,22058): out_inter[30]
ncelab: (./martool.v,22058): out_inter[29]
ncelab: (./martool.v,22058): out_inter[28]
ncelab: (./martool.v,22059): out_inter[27]
ncelab: (./martool.v,22059): out_inter[26]
ncelab: (./martool.v,22059): out_inter[25]
ncelab: (./martool.v,22059): out_inter[24]
ncelab: (./martool.v,22060): out_inter[23]
ncelab: (./martool.v,22060): out_inter[22]
ncelab: (./martool.v,22060): out_inter[21]
ncelab: (./martool.v,22061): out_inter[20]
ncelab: (./martool.v,22061): out_inter[19]
ncelab: (./martool.v,22061): out_inter[18]
ncelab: (./martool.v,22061): out_inter[17]
ncelab: (./martool.v,22062): out_inter[16]
ncelab: (./martool.v,22062): out_inter[15]
ncelab: (./martool.v,22062): out_inter[14]
ncelab: (./martool.v,22063): out_inter[13]
ncelab: (./martool.v,22063): out_inter[12]
ncelab: (./martool.v,22063): out_inter[11]
ncelab: (./martool.v,22063): out_inter[10]
ncelab: (./martool.v,22064): out_inter[9]
ncelab: (./martool.v,22064): out_inter[8]
ncelab: (./martool.v,22064): out_inter[7]
ncelab: (./martool.v,22064): out_inter[6]
ncelab: (./martool.v,22065): out_inter[5]
ncelab: (./martool.v,22065): out_inter[4]
ncelab: (./martool.v,22065): out_inter[3]
ncelab: (./martool.v,22065): out_inter[2]
ncelab: (./martool.v,22066): out_inter[1]
	...(etc)...

	INTER_4 DUT ( input_A1[0], clk, in_rst, out_S1[0][0]); 	// o Modulo principal do circuito
	          |
ncelab: *W,CUVWSI (./banch.v,33|11): 18 input ports were not connected:
ncelab: (./martool.v,22049): linha[15]
ncelab: (./martool.v,22049): linha[14]
ncelab: (./martool.v,22049): linha[13]
ncelab: (./martool.v,22049): linha[12]
ncelab: (./martool.v,22049): linha[11]
ncelab: (./martool.v,22050): linha[10]
ncelab: (./martool.v,22050): linha[9]
ncelab: (./martool.v,22050): linha[8]
ncelab: (./martool.v,22050): linha[7]
ncelab: (./martool.v,22050): linha[6]
ncelab: (./martool.v,22051): linha[5]
ncelab: (./martool.v,22051): linha[4]
ncelab: (./martool.v,22051): linha[3]
ncelab: (./martool.v,22051): linha[2]
ncelab: (./martool.v,22051): linha[1]
ncelab: (./martool.v,22052): linha[0]
ncelab: (./martool.v,22052): clk
ncelab: (./martool.v,22052): rst

	Top level design units:
		banch
	rom_read    #(IN,HALF_N)  memory1  (K, input_A1[0], in_rst); //chamando memoria la de baixo	
	                                              |
ncelab: *W,CUVMPW (./banch.v,32|47): port sizes differ in port connection (10/1).
	rom_read    #(IN,HALF_N)  memory1  (K, input_A1[0], in_rst); //chamando memoria la de baixo	
	                                                         |
ncelab: *W,CUVMPW (./banch.v,32|58): port sizes differ in port connection (1/64).
	INTER_4 DUT ( input_A1[0], clk, in_rst, out_S1[0][0]); 	// o Modulo principal do circuito
	                             |
ncelab: *W,CUVMPW (./banch.v,33|30): port sizes differ in port connection (1/10).
	INTER_4 DUT ( input_A1[0], clk, in_rst, out_S1[0][0]); 	// o Modulo principal do circuito
	                                     |
ncelab: *W,CUVMPW (./banch.v,33|38): port sizes differ in port connection (1/10).
	Annotating SDF timing data:
		Compiled SDF file:     barreira.sdf.X
		Log file:              sdf.log
		Backannotation scope:  banch:DUT
		Configuration file:    
		MTM control:           MAXIMUM
		Scale factors:         1:1:1
		Scale type:            FROM_MAXIMUM
	Annotation completed successfully...
	SDF statistics: No. of Pathdelays = 62470  Annotated = 100.00% -- No. of Tchecks = 6390  Annotated = 100.00% 
				        Total 	   Annotated	  Percentage
		 Path Delays	       62470	       62470	      100.00
		      $width	        2130	        2130	      100.00
		     $recrem	        1420	        1420	      100.00
		  $setuphold	        2840	        2840	      100.00
	Building instance overlay tables: 
  in_rst = a0_rom[K] ;
                  |
ncelab: *W,BIGWIX (./banch.v,93|18): Memory index truncation.
input_A1 = a1_rom[K] ;
                  |
ncelab: *W,BIGWIX (./banch.v,95|18): Memory index truncation.
.................... Done
	Generating native compiled code:
		worklib.INTER_4:v <0x33f75f65>
			streams:   0, words:     0
		worklib.banch:v <0x1b185d1e>
			streams:   5, words:  3271
		worklib.filter_4_bit_width10:v <0x2030c49d>
			streams:   0, words:     0
		worklib.filter_4_bit_width10_10:v <0x67891b2b>
			streams:   0, words:     0
		worklib.filter_4_bit_width10_11:v <0x28605000>
			streams:   0, words:     0
		worklib.filter_4_bit_width10_12:v <0x232a8b3c>
			streams:   0, words:     0
		worklib.filter_4_bit_width10_13:v <0x6cc3c017>
			streams:   0, words:     0
		worklib.filter_4_bit_width10_14:v <0x47826858>
			streams:   0, words:     0
		worklib.filter_4_bit_width10_15:v <0x13f0398e>
			streams:   0, words:     0
		worklib.filter_4_bit_width10_16:v <0x7d586a26>
			streams:   0, words:     0
		worklib.filter_4_bit_width10_1:v <0x1164019f>
			streams:   0, words:     0
		worklib.filter_4_bit_width10_2:v <0x2c9b7ba6>
			streams:   0, words:     0
		worklib.filter_4_bit_width10_3:v <0x1f37a8dc>
			streams:   0, words:     0
		worklib.filter_4_bit_width10_4:v <0x1d3a53ce>
			streams:   0, words:     0
		worklib.filter_4_bit_width10_5:v <0x52d318e5>
			streams:   0, words:     0
		worklib.filter_4_bit_width10_6:v <0x5999c3d9>
			streams:   0, words:     0
		worklib.filter_4_bit_width10_7:v <0x167088f2>
			streams:   0, words:     0
		worklib.filter_4_bit_width10_8:v <0x6c64856f>
			streams:   0, words:     0
		worklib.filter_4_bit_width10_9:v <0x238dce44>
			streams:   0, words:     0
		worklib.rom_read:v <0x50748867>
			streams:   2, words:  1556
	Building instance specific data structures.
	Loading native compiled code:     .................... Done
	Design hierarchy summary:
		                     Instances  Unique
		Modules:                 13636     324
		UDPs:                      795       2
		Primitives:              28355       5
		Timing outputs:          15418      61
		Registers:                 718      13
		Scalar wires:            21031       -
		Expanded wires:             74       2
		Vectored wires:              1       -
		Always blocks:               2       2
		Initial blocks:              3       3
		Pseudo assignments:          2       2
		Timing checks:            6390    1422
		Interconnect:            28415       -
		Delayed tcheck signals:   2130     712
		Simulation timescale:      1ps
	Writing initial simulation snapshot: worklib.banch:v
Loading snapshot worklib.banch:v .................... Done
ncsim> source /tools/cadence/INCISIVE152/tools/inca/files/ncsimrc
ncsim> run
ncsim: *W,RMEMNOF: $readmem error: open failed on file "/home/mgsilva/rafael_s/example/sbox_v1/rtl/reset.txt".
            File: ./banch.v, line = 85, pos = 73
           Scope: banch.memory1
            Time: 0 FS + 0

ncsim: *W,RMEMNOF: $readmem error: open failed on file "/home/mgsilva/rafael_s/example/sbox_v1/rtl/4tap_n16.txt".
            File: ./banch.v, line = 86, pos = 77
           Scope: banch.memory1
            Time: 0 FS + 0

Simulation complete via $finish(1) at time 4015 US + 0
./banch.v:59 $finish; 
ncsim> exit
TOOL:	irun(64)	15.20-p001: Exiting on Mar 03, 2020 at 13:50:21 -03  (total: 00:00:04)
