============================================================
  Generated by:           Genus(TM) Synthesis Solution 17.10-p007_1
  Generated on:           Jan 27 2020  11:39:04 pm
  Module:                 INTER_4
  Technology libraries:   CORE65LPSVT 
                          CLOCK65LPSVT 
                          physical_cells 
  Operating conditions:   _nominal_ 
  Interconnect mode:      global
  Area mode:              physical library
============================================================

                                           Leakage   Internal  
       Gate         Instances    Area    Power (uW) Power (uW)     Library    
------------------------------------------------------------------------------
HS65_LSS_XNOR2X12         238   1608.880      3.160    170.675    CORE65LPSVT 
HS65_LSS_XNOR2X6          391   1626.560      2.662     88.331    CORE65LPSVT 
HS65_LSS_XOR2X6           187    777.920      1.083     59.172    CORE65LPSVT 
HS65_LSS_XOR3X2            17    132.600      0.095      7.784    CORE65LPSVT 
HS65_LS_AND2X18           153    556.920      1.482     34.221    CORE65LPSVT 
HS65_LS_AND2X27           170    972.400      2.725     68.264    CORE65LPSVT 
HS65_LS_AND2X4             34     88.400      0.073      3.021    CORE65LPSVT 
HS65_LS_AND2X9             85    265.200      0.401     10.764    CORE65LPSVT 
HS65_LS_AOI112X4           34    123.760      0.163      2.623    CORE65LPSVT 
HS65_LS_AOI12X12           17     88.400      0.173      1.271    CORE65LPSVT 
HS65_LS_AOI12X6            85    265.200      0.383      7.455    CORE65LPSVT 
HS65_LS_AOI21X17           17    114.920      0.210      2.820    CORE65LPSVT 
HS65_LS_BFX106             44    526.240      2.514     39.840    CORE65LPSVT 
HS65_LS_BFX18              40    124.800      0.323      6.446    CORE65LPSVT 
HS65_LS_BFX27              69    251.160      0.873     16.872    CORE65LPSVT 
HS65_LS_BFX35               3     15.600      0.052      0.773    CORE65LPSVT 
HS65_LS_BFX44              31    177.320      0.691     10.770    CORE65LPSVT 
HS65_LS_BFX53               2     12.480      0.054      0.689    CORE65LPSVT 
HS65_LS_BFX62               2     15.600      0.065      0.819    CORE65LPSVT 
HS65_LS_BFX71              32    266.240      1.184     19.693    CORE65LPSVT 
HS65_LS_BFX9                3      6.240      0.011      0.278    CORE65LPSVT 
HS65_LS_CB4I6X9            34    141.440      0.159      6.056    CORE65LPSVT 
HS65_LS_CBI4I1X11          17    106.080      0.187      7.049    CORE65LPSVT 
HS65_LS_CNIVX21            15     46.800      0.119      1.067    CORE65LPSVT 
HS65_LS_CNIVX27            15     54.600      0.162      1.377    CORE65LPSVT 
HS65_LS_CNIVX34            34    159.120      0.382      8.335    CORE65LPSVT 
HS65_LS_CNIVX48            34    212.160      0.700     10.554    CORE65LPSVT 
HS65_LS_CNIVX7             68    106.080      0.120      4.577    CORE65LPSVT 
HS65_LS_DFPRQX18          104   1135.680      1.373    505.431    CORE65LPSVT 
HS65_LS_DFPRQX27           42    502.320      0.699    209.085    CORE65LPSVT 
HS65_LS_DFPRQX4           510   5304.000      4.458   2798.407    CORE65LPSVT 
HS65_LS_DFPRQX9            54    561.600      0.541    259.370    CORE65LPSVT 
HS65_LS_FA1X18            255   3580.200      6.095    460.485    CORE65LPSVT 
HS65_LS_FA1X27            680  14497.600     25.283   1820.502    CORE65LPSVT 
HS65_LS_FA1X4             340   3182.400      2.144    180.399    CORE65LPSVT 
HS65_LS_FA1X9             374   4084.080      4.070    319.266    CORE65LPSVT 
HS65_LS_HA1X18             51    371.280      1.089     33.637    CORE65LPSVT 
HS65_LS_HA1X4             204   1060.800      1.059     58.235    CORE65LPSVT 
HS65_LS_HA1X9             102    636.480      0.984     61.718    CORE65LPSVT 
HS65_LS_IVX18             731   1520.480      3.940     54.798    CORE65LPSVT 
HS65_LS_IVX2                1      1.560      0.001      0.037    CORE65LPSVT 
HS65_LS_IVX27             356   1110.720      3.291     39.951    CORE65LPSVT 
HS65_LS_IVX35             136    495.040      1.705     15.097    CORE65LPSVT 
HS65_LS_IVX40              17     70.720      0.245      2.854    CORE65LPSVT 
HS65_LS_IVX44              51    212.160      0.818     12.514    CORE65LPSVT 
HS65_LS_IVX53              17     88.400      0.341      4.169    CORE65LPSVT 
HS65_LS_IVX9             1158   1806.480      2.816     52.142    CORE65LPSVT 
HS65_LS_MUX21I1X12         34    229.840      0.423     21.111    CORE65LPSVT 
HS65_LS_MUX21X18           51    318.240      0.901     21.887    CORE65LPSVT 
HS65_LS_NAND2AX14         119    495.040      1.061     20.774    CORE65LPSVT 
HS65_LS_NAND2AX21         187   1069.640      2.301     63.739    CORE65LPSVT 
HS65_LS_NAND2AX29          68    459.680      1.037     46.164    CORE65LPSVT 
HS65_LS_NAND2AX7          153    477.360      0.793     15.275    CORE65LPSVT 
HS65_LS_NAND2X14          238    866.320      1.847     31.918    CORE65LPSVT 
HS65_LS_NAND2X21          238   1237.600      3.211     58.570    CORE65LPSVT 
HS65_LS_NAND2X29           51    318.240      1.050     14.531    CORE65LPSVT 
HS65_LS_NAND2X43           51    450.840      1.067     18.700    CORE65LPSVT 
HS65_LS_NAND2X7           765   1591.200      1.805     46.788    CORE65LPSVT 
HS65_LS_NAND3AX19          34    265.200      0.745     15.282    CORE65LPSVT 
HS65_LS_NAND3X19           17    114.920      0.049      1.414    CORE65LPSVT 
HS65_LS_NOR2AX13          119    495.040      1.244     33.564    CORE65LPSVT 
HS65_LS_NOR2AX19           34    194.480      0.366      9.808    CORE65LPSVT 
HS65_LS_NOR2AX3           357    928.200      0.861     20.656    CORE65LPSVT 
HS65_LS_NOR2AX6            51    159.120      0.224      4.732    CORE65LPSVT 
HS65_LS_NOR2X13           289   1051.960      1.853     49.882    CORE65LPSVT 
HS65_LS_NOR2X19            85    442.000      0.870     14.342    CORE65LPSVT 
HS65_LS_NOR2X25            68    424.320      0.817     18.163    CORE65LPSVT 
HS65_LS_NOR2X38            68    601.120      1.266     28.227    CORE65LPSVT 
HS65_LS_NOR2X6            816   1697.280      2.371     50.555    CORE65LPSVT 
HS65_LS_NOR3X18            17    150.280      0.248      6.573    CORE65LPSVT 
HS65_LS_NOR3X26            17    194.480      0.372      9.342    CORE65LPSVT 
HS65_LS_OA112X18           17     79.560      0.219      4.864    CORE65LPSVT 
HS65_LS_OA12X18            34    141.440      0.376      7.010    CORE65LPSVT 
HS65_LS_OA12X9            170    618.800      0.823     22.030    CORE65LPSVT 
HS65_LS_OA22X9             17     79.560      0.069      2.469    CORE65LPSVT 
HS65_LS_OAI112X5           34    123.760      0.131      4.330    CORE65LPSVT 
HS65_LS_OAI12X12          221   1149.200      2.351     41.359    CORE65LPSVT 
HS65_LS_OAI12X18          119    804.440      1.800     41.801    CORE65LPSVT 
HS65_LS_OAI12X24           34    300.560      0.533     42.491    CORE65LPSVT 
HS65_LS_OAI12X6           102    318.240      0.530     10.794    CORE65LPSVT 
HS65_LS_OAI13X30           34    583.440      1.405     35.330    CORE65LPSVT 
HS65_LS_OAI21X3           136    353.600      0.285      8.210    CORE65LPSVT 
HS65_LS_OAI22X6            34    123.760      0.167      4.209    CORE65LPSVT 
HS65_LS_OAI311X5           34    141.440      0.190      2.969    CORE65LPSVT 
HS65_LS_OAI32X5            34    141.440      0.150      4.344    CORE65LPSVT 
HS65_LS_OR2X18             17     61.880      0.120      1.635    CORE65LPSVT 
HS65_LS_OR2X27             34    194.480      0.497      8.622    CORE65LPSVT 
HS65_LS_OR2X9             340   1060.800      1.392     40.206    CORE65LPSVT 
HS65_LS_OR3X9              17     61.880      0.044      2.347    CORE65LPSVT 
HS65_LS_PAO2X18           131    749.320      1.555     95.222    CORE65LPSVT 
HS65_LS_PAO2X9             56    262.080      0.253     11.077    CORE65LPSVT 
HS65_LS_PAOI2X11           48    374.400      0.517     28.018    CORE65LPSVT 
HS65_LS_PAOI2X6            54    224.640      0.261     13.410    CORE65LPSVT 
HS65_LS_XNOR2X18          153   1034.280      3.362    105.173    CORE65LPSVT 
HS65_LS_XNOR2X9           102    530.400      1.004     30.461    CORE65LPSVT 
HS65_LS_XOR2X18           221   1493.960      4.861    132.015    CORE65LPSVT 
HS65_LS_XOR2X27            51    530.400      1.626     42.585    CORE65LPSVT 
HS65_LS_XOR2X4             34    159.120      0.205      8.910    CORE65LPSVT 
HS65_LS_XOR2X9            136    707.200      1.345     40.544    CORE65LPSVT 
HS65_LS_XOR3X9             17    159.120      0.124     12.600    CORE65LPSVT 
------------------------------------------------------------------------------
total                   13412  75860.720    134.135   8906.722                


                                            Leakage  Leakage  Internal  Internal 
     Type      Instances    Area   Area % Power (uW) Power % Power (uW)  Power % 
---------------------------------------------------------------------------------
sequential           710  7503.600    9.9      7.071     5.3   3772.293     42.4 
inverter            2633  5884.320    7.8     14.640    10.9    207.472      2.3 
buffer               226  1395.680    1.8      5.768     4.3     96.180      1.1 
logic               9843 61077.120   80.5    106.656    79.5   4830.778     54.2 
physical_cells         0     0.000    0.0      0.000     0.0      0.000      0.0 
---------------------------------------------------------------------------------
total              13412 75860.720  100.0    134.135   100.0   8906.722    100.0 

