Command: report datapath > reports/INTER_4_datapath_map.log
============================================================
  Generated by:           Genus(TM) Synthesis Solution 17.10-p007_1
  Generated on:           Mar 03 2020  01:27:43 pm
  Module:                 INTER_4
  Technology libraries:   CORE65LPSVT 
                          CLOCK65LPSVT 
                          physical_cells 
  Operating conditions:   _nominal_ 
  Interconnect mode:      global
  Area mode:              physical library
============================================================


Inferred components

                      Operator   Signedness   Inputs   Outputs CellArea Line Col   Filename  
=============================================================================================
INTER_4
 gen_filter[0].U_S0
  U_1_U_S0_add_18_10
  module:add_signed_158
   very_fast             +       signed     12x10      12        133.64  381  65 INTER_4.vhd 
=============================================================================================
INTER_4
 gen_filter[0].U_S0
  U_1_U_S1_add_18_10
  module:add_signed_157_722
   slow                  +       signed     14x10      14        153.92  381  65 INTER_4.vhd 
=============================================================================================
INTER_4
 gen_filter[0].U_S0
  U_2_U_S0_add_18_10
  module:add_signed_158_514
   very_fast             +       signed     12x10      12        133.64  381  65 INTER_4.vhd 
=============================================================================================
INTER_4
 gen_filter[0].U_S0
  U_2_U_S1_add_18_10
  module:add_signed_157
   slow                  +       signed     14x10      14        153.92  381  65 INTER_4.vhd 
=============================================================================================
INTER_4
 gen_filter[0].U_S0
  U_S11_add_41_16
  module:add_unsigned_136
   very_fast             +       unsigned   13x13      14        201.76  381  65 INTER_4.vhd 
=============================================================================================
INTER_4
 gen_filter[0].U_S0
  addinc_U_S22_add_18_16
  module:add_signed_carry_28_642
   very_fast             +       signed     13x14x1    14        356.72                      
---------------------------------------------------------------------------------------------
   U_S22_add_18_16       +       signed     14x2       14                 18  16 INTER_4.vhd 
   U_S22_add_18_10       +       signed     13x14      14                 18  10 INTER_4.vhd 
=============================================================================================
INTER_4
 gen_filter[0].U_S0
  addinc_U_S2_add_18_16
  module:add_signed_carry_28_641
   very_fast             +       signed     13x14x1    14        356.72                      
---------------------------------------------------------------------------------------------
   U_S2_add_18_16        +       signed     14x2       14                 18  16 INTER_4.vhd 
   U_S2_add_18_10        +       signed     13x14      14                 18  10 INTER_4.vhd 
=============================================================================================
INTER_4
 gen_filter[0].U_S0
  csa_tree_U_S0_add_18_10_groupi
  module:csa_tree_U_S0_add_18_10_group_29
   very_fast       csa_and_adder            10x13      13        328.12                      
---------------------------------------------------------------------------------------------
   U_S0_add_18_10        +       signed     7x13       13                 18  10 INTER_4.vhd 
   U_0_U_S0_add_18_16
                         +       signed     13x2       13                 18  16 INTER_4.vhd 
   U_0_U_S0_add_18_10
                         +       signed     10x13      13                 18  10 INTER_4.vhd 
=============================================================================================
INTER_4
 gen_filter[0].U_S0
  csa_tree_U_S13_add_18_10_groupi
  module:csa_tree_U_S13_add_18_10_group_25
   very_fast       csa_and_adder            16x15x15   16        328.64                      
---------------------------------------------------------------------------------------------
   U_S13_add_18_10       +       signed     16x7       16                 18  10 INTER_4.vhd 
   U_S12_add_18_16       +       signed     16x2       16                 18  16 INTER_4.vhd 
   U_S12_add_18_10       +       signed     16x16      16                 18  10 INTER_4.vhd 
   U_S10_add_41_16       +       unsigned   15x15      16                 41  16 INTER_4.vhd 
=============================================================================================
INTER_4
 gen_filter[0].U_S0
  csa_tree_U_S20_add_18_10_groupi
  module:csa_tree_U_S20_add_18_10_group_27
   very_fast       csa_and_adder            10x13      13        341.64                      
---------------------------------------------------------------------------------------------
   U_S20_add_18_10       +       signed     7x13       13                 18  10 INTER_4.vhd 
   U_3_U_S0_add_18_16
                         +       signed     13x2       13                 18  16 INTER_4.vhd 
   U_3_U_S0_add_18_10
                         +       signed     10x13      13                 18  10 INTER_4.vhd 
=============================================================================================
INTER_4
 gen_filter[0].U_S0
  csa_tree_U_s23_add_18_10_groupi
  module:csa_tree_U_s23_add_18_10_group_21
   very_fast       csa_and_adder            14x14x16x1 16        632.84                      
                                            6                                                
---------------------------------------------------------------------------------------------
   U_s23_add_18_10       +       signed     14x16      16                 18  10 INTER_4.vhd 
   U_S21_add_18_10       +       signed     14x16      16                 18  10 INTER_4.vhd 
   U_2_U_S2_add_18_16_pad
                         +       signed     16x3       16                 18  16 INTER_4.vhd 
   U_2_U_S2_add_18_10_pad
                         +       signed     16x16      16                 18  10 INTER_4.vhd 
=============================================================================================
INTER_4
 gen_filter[0].U_S0
  csa_tree_U_s3_add_18_10_groupi
  module:csa_tree_U_s3_add_18_10_group_23
   very_fast       csa_and_adder            14x14x16x1 16        631.80                      
                                            6                                                
---------------------------------------------------------------------------------------------
   U_s3_add_18_10        +       signed     14x16      16                 18  10 INTER_4.vhd 
   U_S1_add_18_10        +       signed     16x14      16                 18  10 INTER_4.vhd 
   U_1_U_S2_add_18_16_pad
                         +       signed     16x3       16                 18  16 INTER_4.vhd 
   U_1_U_S2_add_18_10_pad
                         +       signed     16x16      16                 18  10 INTER_4.vhd 
=============================================================================================
INTER_4
 gen_filter[1].U_S0
  U_1_U_S0_add_18_10
  module:add_signed_158_513
   very_fast             +       signed     12x10      12        133.64  381  65 INTER_4.vhd 
=============================================================================================
INTER_4
 gen_filter[1].U_S0
  U_1_U_S1_add_18_10
  module:add_signed_157_720
   slow                  +       signed     14x10      14        153.92  381  65 INTER_4.vhd 
=============================================================================================
INTER_4
 gen_filter[1].U_S0
  U_2_U_S0_add_18_10
  module:add_signed_158_512
   very_fast             +       signed     12x10      12        133.64  381  65 INTER_4.vhd 
=============================================================================================
INTER_4
 gen_filter[1].U_S0
  U_2_U_S1_add_18_10
  module:add_signed_157_721
   slow                  +       signed     14x10      14        153.92  381  65 INTER_4.vhd 
=============================================================================================
INTER_4
 gen_filter[1].U_S0
  U_S11_add_41_16
  module:add_unsigned_136_497
   very_fast             +       unsigned   13x13      14        201.76  381  65 INTER_4.vhd 
=============================================================================================
INTER_4
 gen_filter[1].U_S0
  addinc_U_S22_add_18_16
  module:add_signed_carry_28_644
   very_fast             +       signed     13x14x1    14        356.72                      
---------------------------------------------------------------------------------------------
   U_S22_add_18_16       +       signed     14x2       14                 18  16 INTER_4.vhd 
   U_S22_add_18_10       +       signed     13x14      14                 18  10 INTER_4.vhd 
=============================================================================================
INTER_4
 gen_filter[1].U_S0
  addinc_U_S2_add_18_16
  module:add_signed_carry_28_643
   very_fast             +       signed     13x14x1    14        356.72                      
---------------------------------------------------------------------------------------------
   U_S2_add_18_16        +       signed     14x2       14                 18  16 INTER_4.vhd 
   U_S2_add_18_10        +       signed     13x14      14                 18  10 INTER_4.vhd 
=============================================================================================
INTER_4
 gen_filter[1].U_S0
  csa_tree_U_S0_add_18_10_groupi
  module:csa_tree_U_S0_add_18_10_group_29_1
   very_fast       csa_and_adder            10x13      13        328.12                      
---------------------------------------------------------------------------------------------
   U_S0_add_18_10        +       signed     7x13       13                 18  10 INTER_4.vhd 
   U_0_U_S0_add_18_16
                         +       signed     13x2       13                 18  16 INTER_4.vhd 
   U_0_U_S0_add_18_10
                         +       signed     10x13      13                 18  10 INTER_4.vhd 
=============================================================================================
INTER_4
 gen_filter[1].U_S0
  csa_tree_U_S13_add_18_10_groupi
  module:csa_tree_U_S13_add_18_10_group_25_1
   very_fast       csa_and_adder            16x15x15   16        328.64                      
---------------------------------------------------------------------------------------------
   U_S13_add_18_10       +       signed     16x7       16                 18  10 INTER_4.vhd 
   U_S12_add_18_16       +       signed     16x2       16                 18  16 INTER_4.vhd 
   U_S12_add_18_10       +       signed     16x16      16                 18  10 INTER_4.vhd 
   U_S10_add_41_16       +       unsigned   15x15      16                 41  16 INTER_4.vhd 
=============================================================================================
INTER_4
 gen_filter[1].U_S0
  csa_tree_U_S20_add_18_10_groupi
  module:csa_tree_U_S20_add_18_10_group_27_1
   very_fast       csa_and_adder            10x13      13        341.64                      
---------------------------------------------------------------------------------------------
   U_S20_add_18_10       +       signed     7x13       13                 18  10 INTER_4.vhd 
   U_3_U_S0_add_18_16
                         +       signed     13x2       13                 18  16 INTER_4.vhd 
   U_3_U_S0_add_18_10
                         +       signed     10x13      13                 18  10 INTER_4.vhd 
=============================================================================================
INTER_4
 gen_filter[1].U_S0
  csa_tree_U_s23_add_18_10_groupi
  module:csa_tree_U_s23_add_18_10_group_21_1
   very_fast       csa_and_adder            14x14x16x1 16        632.84                      
                                            6                                                
---------------------------------------------------------------------------------------------
   U_s23_add_18_10       +       signed     14x16      16                 18  10 INTER_4.vhd 
   U_S21_add_18_10       +       signed     14x16      16                 18  10 INTER_4.vhd 
   U_2_U_S2_add_18_16_pad
                         +       signed     16x3       16                 18  16 INTER_4.vhd 
   U_2_U_S2_add_18_10_pad
                         +       signed     16x16      16                 18  10 INTER_4.vhd 
=============================================================================================
INTER_4
 gen_filter[1].U_S0
  csa_tree_U_s3_add_18_10_groupi
  module:csa_tree_U_s3_add_18_10_group_23_1
   very_fast       csa_and_adder            14x14x16x1 16        631.80                      
                                            6                                                
---------------------------------------------------------------------------------------------
   U_s3_add_18_10        +       signed     14x16      16                 18  10 INTER_4.vhd 
   U_S1_add_18_10        +       signed     16x14      16                 18  10 INTER_4.vhd 
   U_1_U_S2_add_18_16_pad
                         +       signed     16x3       16                 18  16 INTER_4.vhd 
   U_1_U_S2_add_18_10_pad
                         +       signed     16x16      16                 18  10 INTER_4.vhd 
=============================================================================================
INTER_4
 gen_filter[2].U_S0
  U_1_U_S0_add_18_10
  module:add_signed_158_511
   very_fast             +       signed     12x10      12        133.64  381  65 INTER_4.vhd 
=============================================================================================
INTER_4
 gen_filter[2].U_S0
  U_1_U_S1_add_18_10
  module:add_signed_157_718
   slow                  +       signed     14x10      14        153.92  381  65 INTER_4.vhd 
=============================================================================================
INTER_4
 gen_filter[2].U_S0
  U_2_U_S0_add_18_10
  module:add_signed_158_510
   very_fast             +       signed     12x10      12        133.64  381  65 INTER_4.vhd 
=============================================================================================
INTER_4
 gen_filter[2].U_S0
  U_2_U_S1_add_18_10
  module:add_signed_157_719
   slow                  +       signed     14x10      14        153.92  381  65 INTER_4.vhd 
=============================================================================================
INTER_4
 gen_filter[2].U_S0
  U_S11_add_41_16
  module:add_unsigned_136_496
   very_fast             +       unsigned   13x13      14        201.76  381  65 INTER_4.vhd 
=============================================================================================
INTER_4
 gen_filter[2].U_S0
  addinc_U_S22_add_18_16
  module:add_signed_carry_28_646
   very_fast             +       signed     13x14x1    14        356.72                      
---------------------------------------------------------------------------------------------
   U_S22_add_18_16       +       signed     14x2       14                 18  16 INTER_4.vhd 
   U_S22_add_18_10       +       signed     13x14      14                 18  10 INTER_4.vhd 
=============================================================================================
INTER_4
 gen_filter[2].U_S0
  addinc_U_S2_add_18_16
  module:add_signed_carry_28_645
   very_fast             +       signed     13x14x1    14        356.72                      
---------------------------------------------------------------------------------------------
   U_S2_add_18_16        +       signed     14x2       14                 18  16 INTER_4.vhd 
   U_S2_add_18_10        +       signed     13x14      14                 18  10 INTER_4.vhd 
=============================================================================================
INTER_4
 gen_filter[2].U_S0
  csa_tree_U_S0_add_18_10_groupi
  module:csa_tree_U_S0_add_18_10_group_29_2
   very_fast       csa_and_adder            10x13      13        328.12                      
---------------------------------------------------------------------------------------------
   U_S0_add_18_10        +       signed     7x13       13                 18  10 INTER_4.vhd 
   U_0_U_S0_add_18_16
                         +       signed     13x2       13                 18  16 INTER_4.vhd 
   U_0_U_S0_add_18_10
                         +       signed     10x13      13                 18  10 INTER_4.vhd 
=============================================================================================
INTER_4
 gen_filter[2].U_S0
  csa_tree_U_S13_add_18_10_groupi
  module:csa_tree_U_S13_add_18_10_group_25_2
   very_fast       csa_and_adder            16x15x15   16        328.64                      
---------------------------------------------------------------------------------------------
   U_S13_add_18_10       +       signed     16x7       16                 18  10 INTER_4.vhd 
   U_S12_add_18_16       +       signed     16x2       16                 18  16 INTER_4.vhd 
   U_S12_add_18_10       +       signed     16x16      16                 18  10 INTER_4.vhd 
   U_S10_add_41_16       +       unsigned   15x15      16                 41  16 INTER_4.vhd 
=============================================================================================
INTER_4
 gen_filter[2].U_S0
  csa_tree_U_S20_add_18_10_groupi
  module:csa_tree_U_S20_add_18_10_group_27_2
   very_fast       csa_and_adder            10x13      13        341.64                      
---------------------------------------------------------------------------------------------
   U_S20_add_18_10       +       signed     7x13       13                 18  10 INTER_4.vhd 
   U_3_U_S0_add_18_16
                         +       signed     13x2       13                 18  16 INTER_4.vhd 
   U_3_U_S0_add_18_10
                         +       signed     10x13      13                 18  10 INTER_4.vhd 
=============================================================================================
INTER_4
 gen_filter[2].U_S0
  csa_tree_U_s23_add_18_10_groupi
  module:csa_tree_U_s23_add_18_10_group_21_2
   very_fast       csa_and_adder            14x14x16x1 16        632.84                      
                                            6                                                
---------------------------------------------------------------------------------------------
   U_s23_add_18_10       +       signed     14x16      16                 18  10 INTER_4.vhd 
   U_S21_add_18_10       +       signed     14x16      16                 18  10 INTER_4.vhd 
   U_2_U_S2_add_18_16_pad
                         +       signed     16x3       16                 18  16 INTER_4.vhd 
   U_2_U_S2_add_18_10_pad
                         +       signed     16x16      16                 18  10 INTER_4.vhd 
=============================================================================================
INTER_4
 gen_filter[2].U_S0
  csa_tree_U_s3_add_18_10_groupi
  module:csa_tree_U_s3_add_18_10_group_23_2
   very_fast       csa_and_adder            14x14x16x1 16        631.80                      
                                            6                                                
---------------------------------------------------------------------------------------------
   U_s3_add_18_10        +       signed     14x16      16                 18  10 INTER_4.vhd 
   U_S1_add_18_10        +       signed     16x14      16                 18  10 INTER_4.vhd 
   U_1_U_S2_add_18_16_pad
                         +       signed     16x3       16                 18  16 INTER_4.vhd 
   U_1_U_S2_add_18_10_pad
                         +       signed     16x16      16                 18  10 INTER_4.vhd 
=============================================================================================
INTER_4
 gen_filter[3].U_S0
  U_1_U_S0_add_18_10
  module:add_signed_158_509
   very_fast             +       signed     12x10      12        133.64  381  65 INTER_4.vhd 
=============================================================================================
INTER_4
 gen_filter[3].U_S0
  U_1_U_S1_add_18_10
  module:add_signed_157_716
   slow                  +       signed     14x10      14        153.92  381  65 INTER_4.vhd 
=============================================================================================
INTER_4
 gen_filter[3].U_S0
  U_2_U_S0_add_18_10
  module:add_signed_158_508
   very_fast             +       signed     12x10      12        133.64  381  65 INTER_4.vhd 
=============================================================================================
INTER_4
 gen_filter[3].U_S0
  U_2_U_S1_add_18_10
  module:add_signed_157_717
   slow                  +       signed     14x10      14        153.92  381  65 INTER_4.vhd 
=============================================================================================
INTER_4
 gen_filter[3].U_S0
  U_S11_add_41_16
  module:add_unsigned_136_495
   very_fast             +       unsigned   13x13      14        201.76  381  65 INTER_4.vhd 
=============================================================================================
INTER_4
 gen_filter[3].U_S0
  addinc_U_S22_add_18_16
  module:add_signed_carry_28_648
   very_fast             +       signed     13x14x1    14        356.72                      
---------------------------------------------------------------------------------------------
   U_S22_add_18_16       +       signed     14x2       14                 18  16 INTER_4.vhd 
   U_S22_add_18_10       +       signed     13x14      14                 18  10 INTER_4.vhd 
=============================================================================================
INTER_4
 gen_filter[3].U_S0
  addinc_U_S2_add_18_16
  module:add_signed_carry_28_647
   very_fast             +       signed     13x14x1    14        356.72                      
---------------------------------------------------------------------------------------------
   U_S2_add_18_16        +       signed     14x2       14                 18  16 INTER_4.vhd 
   U_S2_add_18_10        +       signed     13x14      14                 18  10 INTER_4.vhd 
=============================================================================================
INTER_4
 gen_filter[3].U_S0
  csa_tree_U_S0_add_18_10_groupi
  module:csa_tree_U_S0_add_18_10_group_29_3
   very_fast       csa_and_adder            10x13      13        328.12                      
---------------------------------------------------------------------------------------------
   U_S0_add_18_10        +       signed     7x13       13                 18  10 INTER_4.vhd 
   U_0_U_S0_add_18_16
                         +       signed     13x2       13                 18  16 INTER_4.vhd 
   U_0_U_S0_add_18_10
                         +       signed     10x13      13                 18  10 INTER_4.vhd 
=============================================================================================
INTER_4
 gen_filter[3].U_S0
  csa_tree_U_S13_add_18_10_groupi
  module:csa_tree_U_S13_add_18_10_group_25_3
   very_fast       csa_and_adder            16x15x15   16        328.64                      
---------------------------------------------------------------------------------------------
   U_S13_add_18_10       +       signed     16x7       16                 18  10 INTER_4.vhd 
   U_S12_add_18_16       +       signed     16x2       16                 18  16 INTER_4.vhd 
   U_S12_add_18_10       +       signed     16x16      16                 18  10 INTER_4.vhd 
   U_S10_add_41_16       +       unsigned   15x15      16                 41  16 INTER_4.vhd 
=============================================================================================
INTER_4
 gen_filter[3].U_S0
  csa_tree_U_S20_add_18_10_groupi
  module:csa_tree_U_S20_add_18_10_group_27_3
   very_fast       csa_and_adder            10x13      13        341.64                      
---------------------------------------------------------------------------------------------
   U_S20_add_18_10       +       signed     7x13       13                 18  10 INTER_4.vhd 
   U_3_U_S0_add_18_16
                         +       signed     13x2       13                 18  16 INTER_4.vhd 
   U_3_U_S0_add_18_10
                         +       signed     10x13      13                 18  10 INTER_4.vhd 
=============================================================================================
INTER_4
 gen_filter[3].U_S0
  csa_tree_U_s23_add_18_10_groupi
  module:csa_tree_U_s23_add_18_10_group_21_3
   very_fast       csa_and_adder            14x14x16x1 16        632.84                      
                                            6                                                
---------------------------------------------------------------------------------------------
   U_s23_add_18_10       +       signed     14x16      16                 18  10 INTER_4.vhd 
   U_S21_add_18_10       +       signed     14x16      16                 18  10 INTER_4.vhd 
   U_2_U_S2_add_18_16_pad
                         +       signed     16x3       16                 18  16 INTER_4.vhd 
   U_2_U_S2_add_18_10_pad
                         +       signed     16x16      16                 18  10 INTER_4.vhd 
=============================================================================================
INTER_4
 gen_filter[3].U_S0
  csa_tree_U_s3_add_18_10_groupi
  module:csa_tree_U_s3_add_18_10_group_23_3
   very_fast       csa_and_adder            14x14x16x1 16        636.48                      
                                            6                                                
---------------------------------------------------------------------------------------------
   U_s3_add_18_10        +       signed     14x16      16                 18  10 INTER_4.vhd 
   U_S1_add_18_10        +       signed     16x14      16                 18  10 INTER_4.vhd 
   U_1_U_S2_add_18_16_pad
                         +       signed     16x3       16                 18  16 INTER_4.vhd 
   U_1_U_S2_add_18_10_pad
                         +       signed     16x16      16                 18  10 INTER_4.vhd 
=============================================================================================
INTER_4
 gen_filter[4].U_S0
  U_1_U_S0_add_18_10
  module:add_signed_158_507
   very_fast             +       signed     12x10      12        133.64  381  65 INTER_4.vhd 
=============================================================================================
INTER_4
 gen_filter[4].U_S0
  U_1_U_S1_add_18_10
  module:add_signed_157_714
   slow                  +       signed     14x10      14        153.92  381  65 INTER_4.vhd 
=============================================================================================
INTER_4
 gen_filter[4].U_S0
  U_2_U_S0_add_18_10
  module:add_signed_158_506
   very_fast             +       signed     12x10      12        133.64  381  65 INTER_4.vhd 
=============================================================================================
INTER_4
 gen_filter[4].U_S0
  U_2_U_S1_add_18_10
  module:add_signed_157_715
   slow                  +       signed     14x10      14        153.92  381  65 INTER_4.vhd 
=============================================================================================
INTER_4
 gen_filter[4].U_S0
  U_S11_add_41_16
  module:add_unsigned_136_494
   very_fast             +       unsigned   13x13      14        201.76  381  65 INTER_4.vhd 
=============================================================================================
INTER_4
 gen_filter[4].U_S0
  addinc_U_S22_add_18_16
  module:add_signed_carry_28_650
   very_fast             +       signed     13x14x1    14        356.72                      
---------------------------------------------------------------------------------------------
   U_S22_add_18_16       +       signed     14x2       14                 18  16 INTER_4.vhd 
   U_S22_add_18_10       +       signed     13x14      14                 18  10 INTER_4.vhd 
=============================================================================================
INTER_4
 gen_filter[4].U_S0
  addinc_U_S2_add_18_16
  module:add_signed_carry_28_649
   very_fast             +       signed     13x14x1    14        356.72                      
---------------------------------------------------------------------------------------------
   U_S2_add_18_16        +       signed     14x2       14                 18  16 INTER_4.vhd 
   U_S2_add_18_10        +       signed     13x14      14                 18  10 INTER_4.vhd 
=============================================================================================
INTER_4
 gen_filter[4].U_S0
  csa_tree_U_S0_add_18_10_groupi
  module:csa_tree_U_S0_add_18_10_group_29_4
   very_fast       csa_and_adder            10x13      13        328.12                      
---------------------------------------------------------------------------------------------
   U_S0_add_18_10        +       signed     7x13       13                 18  10 INTER_4.vhd 
   U_0_U_S0_add_18_16
                         +       signed     13x2       13                 18  16 INTER_4.vhd 
   U_0_U_S0_add_18_10
                         +       signed     10x13      13                 18  10 INTER_4.vhd 
=============================================================================================
INTER_4
 gen_filter[4].U_S0
  csa_tree_U_S13_add_18_10_groupi
  module:csa_tree_U_S13_add_18_10_group_25_4
   very_fast       csa_and_adder            16x15x15   16        328.64                      
---------------------------------------------------------------------------------------------
   U_S13_add_18_10       +       signed     16x7       16                 18  10 INTER_4.vhd 
   U_S12_add_18_16       +       signed     16x2       16                 18  16 INTER_4.vhd 
   U_S12_add_18_10       +       signed     16x16      16                 18  10 INTER_4.vhd 
   U_S10_add_41_16       +       unsigned   15x15      16                 41  16 INTER_4.vhd 
=============================================================================================
INTER_4
 gen_filter[4].U_S0
  csa_tree_U_S20_add_18_10_groupi
  module:csa_tree_U_S20_add_18_10_group_27_4
   very_fast       csa_and_adder            10x13      13        341.64                      
---------------------------------------------------------------------------------------------
   U_S20_add_18_10       +       signed     7x13       13                 18  10 INTER_4.vhd 
   U_3_U_S0_add_18_16
                         +       signed     13x2       13                 18  16 INTER_4.vhd 
   U_3_U_S0_add_18_10
                         +       signed     10x13      13                 18  10 INTER_4.vhd 
=============================================================================================
INTER_4
 gen_filter[4].U_S0
  csa_tree_U_s23_add_18_10_groupi
  module:csa_tree_U_s23_add_18_10_group_21_4
   very_fast       csa_and_adder            14x14x16x1 16        632.84                      
                                            6                                                
---------------------------------------------------------------------------------------------
   U_s23_add_18_10       +       signed     14x16      16                 18  10 INTER_4.vhd 
   U_S21_add_18_10       +       signed     14x16      16                 18  10 INTER_4.vhd 
   U_2_U_S2_add_18_16_pad
                         +       signed     16x3       16                 18  16 INTER_4.vhd 
   U_2_U_S2_add_18_10_pad
                         +       signed     16x16      16                 18  10 INTER_4.vhd 
=============================================================================================
INTER_4
 gen_filter[4].U_S0
  csa_tree_U_s3_add_18_10_groupi
  module:csa_tree_U_s3_add_18_10_group_23_4
   very_fast       csa_and_adder            14x14x16x1 16        636.48                      
                                            6                                                
---------------------------------------------------------------------------------------------
   U_s3_add_18_10        +       signed     14x16      16                 18  10 INTER_4.vhd 
   U_S1_add_18_10        +       signed     16x14      16                 18  10 INTER_4.vhd 
   U_1_U_S2_add_18_16_pad
                         +       signed     16x3       16                 18  16 INTER_4.vhd 
   U_1_U_S2_add_18_10_pad
                         +       signed     16x16      16                 18  10 INTER_4.vhd 
=============================================================================================
INTER_4
 gen_filter[5].U_S0
  U_1_U_S0_add_18_10
  module:add_signed_158_505
   very_fast             +       signed     12x10      12        133.64  381  65 INTER_4.vhd 
=============================================================================================
INTER_4
 gen_filter[5].U_S0
  U_1_U_S1_add_18_10
  module:add_signed_157_712
   slow                  +       signed     14x10      14        153.92  381  65 INTER_4.vhd 
=============================================================================================
INTER_4
 gen_filter[5].U_S0
  U_2_U_S0_add_18_10
  module:add_signed_158_504
   very_fast             +       signed     12x10      12        133.64  381  65 INTER_4.vhd 
=============================================================================================
INTER_4
 gen_filter[5].U_S0
  U_2_U_S1_add_18_10
  module:add_signed_157_713
   slow                  +       signed     14x10      14        153.92  381  65 INTER_4.vhd 
=============================================================================================
INTER_4
 gen_filter[5].U_S0
  U_S11_add_41_16
  module:add_unsigned_136_493
   very_fast             +       unsigned   13x13      14        201.76  381  65 INTER_4.vhd 
=============================================================================================
INTER_4
 gen_filter[5].U_S0
  addinc_U_S22_add_18_16
  module:add_signed_carry_28_652
   very_fast             +       signed     13x14x1    14        356.72                      
---------------------------------------------------------------------------------------------
   U_S22_add_18_16       +       signed     14x2       14                 18  16 INTER_4.vhd 
   U_S22_add_18_10       +       signed     13x14      14                 18  10 INTER_4.vhd 
=============================================================================================
INTER_4
 gen_filter[5].U_S0
  addinc_U_S2_add_18_16
  module:add_signed_carry_28_651
   very_fast             +       signed     13x14x1    14        356.72                      
---------------------------------------------------------------------------------------------
   U_S2_add_18_16        +       signed     14x2       14                 18  16 INTER_4.vhd 
   U_S2_add_18_10        +       signed     13x14      14                 18  10 INTER_4.vhd 
=============================================================================================
INTER_4
 gen_filter[5].U_S0
  csa_tree_U_S0_add_18_10_groupi
  module:csa_tree_U_S0_add_18_10_group_29_5
   very_fast       csa_and_adder            10x13      13        328.12                      
---------------------------------------------------------------------------------------------
   U_S0_add_18_10        +       signed     7x13       13                 18  10 INTER_4.vhd 
   U_0_U_S0_add_18_16
                         +       signed     13x2       13                 18  16 INTER_4.vhd 
   U_0_U_S0_add_18_10
                         +       signed     10x13      13                 18  10 INTER_4.vhd 
=============================================================================================
INTER_4
 gen_filter[5].U_S0
  csa_tree_U_S13_add_18_10_groupi
  module:csa_tree_U_S13_add_18_10_group_25_5
   very_fast       csa_and_adder            16x15x15   16        328.64                      
---------------------------------------------------------------------------------------------
   U_S13_add_18_10       +       signed     16x7       16                 18  10 INTER_4.vhd 
   U_S12_add_18_16       +       signed     16x2       16                 18  16 INTER_4.vhd 
   U_S12_add_18_10       +       signed     16x16      16                 18  10 INTER_4.vhd 
   U_S10_add_41_16       +       unsigned   15x15      16                 41  16 INTER_4.vhd 
=============================================================================================
INTER_4
 gen_filter[5].U_S0
  csa_tree_U_S20_add_18_10_groupi
  module:csa_tree_U_S20_add_18_10_group_27_5
   very_fast       csa_and_adder            10x13      13        341.64                      
---------------------------------------------------------------------------------------------
   U_S20_add_18_10       +       signed     7x13       13                 18  10 INTER_4.vhd 
   U_3_U_S0_add_18_16
                         +       signed     13x2       13                 18  16 INTER_4.vhd 
   U_3_U_S0_add_18_10
                         +       signed     10x13      13                 18  10 INTER_4.vhd 
=============================================================================================
INTER_4
 gen_filter[5].U_S0
  csa_tree_U_s23_add_18_10_groupi
  module:csa_tree_U_s23_add_18_10_group_21_5
   very_fast       csa_and_adder            14x14x16x1 16        632.84                      
                                            6                                                
---------------------------------------------------------------------------------------------
   U_s23_add_18_10       +       signed     14x16      16                 18  10 INTER_4.vhd 
   U_S21_add_18_10       +       signed     14x16      16                 18  10 INTER_4.vhd 
   U_2_U_S2_add_18_16_pad
                         +       signed     16x3       16                 18  16 INTER_4.vhd 
   U_2_U_S2_add_18_10_pad
                         +       signed     16x16      16                 18  10 INTER_4.vhd 
=============================================================================================
INTER_4
 gen_filter[5].U_S0
  csa_tree_U_s3_add_18_10_groupi
  module:csa_tree_U_s3_add_18_10_group_23_5
   very_fast       csa_and_adder            14x14x16x1 16        636.48                      
                                            6                                                
---------------------------------------------------------------------------------------------
   U_s3_add_18_10        +       signed     14x16      16                 18  10 INTER_4.vhd 
   U_S1_add_18_10        +       signed     16x14      16                 18  10 INTER_4.vhd 
   U_1_U_S2_add_18_16_pad
                         +       signed     16x3       16                 18  16 INTER_4.vhd 
   U_1_U_S2_add_18_10_pad
                         +       signed     16x16      16                 18  10 INTER_4.vhd 
=============================================================================================
INTER_4
 gen_filter[6].U_S0
  U_1_U_S0_add_18_10
  module:add_signed_158_503
   very_fast             +       signed     12x10      12        133.64  381  65 INTER_4.vhd 
=============================================================================================
INTER_4
 gen_filter[6].U_S0
  U_1_U_S1_add_18_10
  module:add_signed_157_710
   slow                  +       signed     14x10      14        153.92  381  65 INTER_4.vhd 
=============================================================================================
INTER_4
 gen_filter[6].U_S0
  U_2_U_S0_add_18_10
  module:add_signed_158_502
   very_fast             +       signed     12x10      12        133.64  381  65 INTER_4.vhd 
=============================================================================================
INTER_4
 gen_filter[6].U_S0
  U_2_U_S1_add_18_10
  module:add_signed_157_711
   slow                  +       signed     14x10      14        153.92  381  65 INTER_4.vhd 
=============================================================================================
INTER_4
 gen_filter[6].U_S0
  U_S11_add_41_16
  module:add_unsigned_136_492
   very_fast             +       unsigned   13x13      14        201.76  381  65 INTER_4.vhd 
=============================================================================================
INTER_4
 gen_filter[6].U_S0
  addinc_U_S22_add_18_16
  module:add_signed_carry_28_654
   very_fast             +       signed     13x14x1    14        356.72                      
---------------------------------------------------------------------------------------------
   U_S22_add_18_16       +       signed     14x2       14                 18  16 INTER_4.vhd 
   U_S22_add_18_10       +       signed     13x14      14                 18  10 INTER_4.vhd 
=============================================================================================
INTER_4
 gen_filter[6].U_S0
  addinc_U_S2_add_18_16
  module:add_signed_carry_28_653
   very_fast             +       signed     13x14x1    14        356.72                      
---------------------------------------------------------------------------------------------
   U_S2_add_18_16        +       signed     14x2       14                 18  16 INTER_4.vhd 
   U_S2_add_18_10        +       signed     13x14      14                 18  10 INTER_4.vhd 
=============================================================================================
INTER_4
 gen_filter[6].U_S0
  csa_tree_U_S0_add_18_10_groupi
  module:csa_tree_U_S0_add_18_10_group_29_6
   very_fast       csa_and_adder            10x13      13        328.12                      
---------------------------------------------------------------------------------------------
   U_S0_add_18_10        +       signed     7x13       13                 18  10 INTER_4.vhd 
   U_0_U_S0_add_18_16
                         +       signed     13x2       13                 18  16 INTER_4.vhd 
   U_0_U_S0_add_18_10
                         +       signed     10x13      13                 18  10 INTER_4.vhd 
=============================================================================================
INTER_4
 gen_filter[6].U_S0
  csa_tree_U_S13_add_18_10_groupi
  module:csa_tree_U_S13_add_18_10_group_25_6
   very_fast       csa_and_adder            16x15x15   16        328.64                      
---------------------------------------------------------------------------------------------
   U_S13_add_18_10       +       signed     16x7       16                 18  10 INTER_4.vhd 
   U_S12_add_18_16       +       signed     16x2       16                 18  16 INTER_4.vhd 
   U_S12_add_18_10       +       signed     16x16      16                 18  10 INTER_4.vhd 
   U_S10_add_41_16       +       unsigned   15x15      16                 41  16 INTER_4.vhd 
=============================================================================================
INTER_4
 gen_filter[6].U_S0
  csa_tree_U_S20_add_18_10_groupi
  module:csa_tree_U_S20_add_18_10_group_27_6
   very_fast       csa_and_adder            10x13      13        341.64                      
---------------------------------------------------------------------------------------------
   U_S20_add_18_10       +       signed     7x13       13                 18  10 INTER_4.vhd 
   U_3_U_S0_add_18_16
                         +       signed     13x2       13                 18  16 INTER_4.vhd 
   U_3_U_S0_add_18_10
                         +       signed     10x13      13                 18  10 INTER_4.vhd 
=============================================================================================
INTER_4
 gen_filter[6].U_S0
  csa_tree_U_s23_add_18_10_groupi
  module:csa_tree_U_s23_add_18_10_group_21_6
   very_fast       csa_and_adder            14x14x16x1 16        631.80                      
                                            6                                                
---------------------------------------------------------------------------------------------
   U_s23_add_18_10       +       signed     14x16      16                 18  10 INTER_4.vhd 
   U_S21_add_18_10       +       signed     14x16      16                 18  10 INTER_4.vhd 
   U_2_U_S2_add_18_16_pad
                         +       signed     16x3       16                 18  16 INTER_4.vhd 
   U_2_U_S2_add_18_10_pad
                         +       signed     16x16      16                 18  10 INTER_4.vhd 
=============================================================================================
INTER_4
 gen_filter[6].U_S0
  csa_tree_U_s3_add_18_10_groupi
  module:csa_tree_U_s3_add_18_10_group_23_6
   very_fast       csa_and_adder            14x14x16x1 16        636.48                      
                                            6                                                
---------------------------------------------------------------------------------------------
   U_s3_add_18_10        +       signed     14x16      16                 18  10 INTER_4.vhd 
   U_S1_add_18_10        +       signed     16x14      16                 18  10 INTER_4.vhd 
   U_1_U_S2_add_18_16_pad
                         +       signed     16x3       16                 18  16 INTER_4.vhd 
   U_1_U_S2_add_18_10_pad
                         +       signed     16x16      16                 18  10 INTER_4.vhd 
=============================================================================================
INTER_4
 gen_filter[7].U_S0
  U_1_U_S0_add_18_10
  module:add_signed_158_501
   very_fast             +       signed     12x10      12        133.64  381  65 INTER_4.vhd 
=============================================================================================
INTER_4
 gen_filter[7].U_S0
  U_1_U_S1_add_18_10
  module:add_signed_157_708
   slow                  +       signed     14x10      14        153.92  381  65 INTER_4.vhd 
=============================================================================================
INTER_4
 gen_filter[7].U_S0
  U_2_U_S0_add_18_10
  module:add_signed_158_500
   very_fast             +       signed     12x10      12        133.64  381  65 INTER_4.vhd 
=============================================================================================
INTER_4
 gen_filter[7].U_S0
  U_2_U_S1_add_18_10
  module:add_signed_157_709
   slow                  +       signed     14x10      14        153.92  381  65 INTER_4.vhd 
=============================================================================================
INTER_4
 gen_filter[7].U_S0
  U_S11_add_41_16
  module:add_unsigned_136_491
   very_fast             +       unsigned   13x13      14        201.76  381  65 INTER_4.vhd 
=============================================================================================
INTER_4
 gen_filter[7].U_S0
  addinc_U_S22_add_18_16
  module:add_signed_carry_28_656
   very_fast             +       signed     13x14x1    14        356.72                      
---------------------------------------------------------------------------------------------
   U_S22_add_18_16       +       signed     14x2       14                 18  16 INTER_4.vhd 
   U_S22_add_18_10       +       signed     13x14      14                 18  10 INTER_4.vhd 
=============================================================================================
INTER_4
 gen_filter[7].U_S0
  addinc_U_S2_add_18_16
  module:add_signed_carry_28_655
   very_fast             +       signed     13x14x1    14        356.72                      
---------------------------------------------------------------------------------------------
   U_S2_add_18_16        +       signed     14x2       14                 18  16 INTER_4.vhd 
   U_S2_add_18_10        +       signed     13x14      14                 18  10 INTER_4.vhd 
=============================================================================================
INTER_4
 gen_filter[7].U_S0
  csa_tree_U_S0_add_18_10_groupi
  module:csa_tree_U_S0_add_18_10_group_29_7
   very_fast       csa_and_adder            10x13      13        328.12                      
---------------------------------------------------------------------------------------------
   U_S0_add_18_10        +       signed     7x13       13                 18  10 INTER_4.vhd 
   U_0_U_S0_add_18_16
                         +       signed     13x2       13                 18  16 INTER_4.vhd 
   U_0_U_S0_add_18_10
                         +       signed     10x13      13                 18  10 INTER_4.vhd 
=============================================================================================
INTER_4
 gen_filter[7].U_S0
  csa_tree_U_S13_add_18_10_groupi
  module:csa_tree_U_S13_add_18_10_group_25_7
   very_fast       csa_and_adder            16x15x15   16        328.64                      
---------------------------------------------------------------------------------------------
   U_S13_add_18_10       +       signed     16x7       16                 18  10 INTER_4.vhd 
   U_S12_add_18_16       +       signed     16x2       16                 18  16 INTER_4.vhd 
   U_S12_add_18_10       +       signed     16x16      16                 18  10 INTER_4.vhd 
   U_S10_add_41_16       +       unsigned   15x15      16                 41  16 INTER_4.vhd 
=============================================================================================
INTER_4
 gen_filter[7].U_S0
  csa_tree_U_S20_add_18_10_groupi
  module:csa_tree_U_S20_add_18_10_group_27_7
   very_fast       csa_and_adder            10x13      13        341.64                      
---------------------------------------------------------------------------------------------
   U_S20_add_18_10       +       signed     7x13       13                 18  10 INTER_4.vhd 
   U_3_U_S0_add_18_16
                         +       signed     13x2       13                 18  16 INTER_4.vhd 
   U_3_U_S0_add_18_10
                         +       signed     10x13      13                 18  10 INTER_4.vhd 
=============================================================================================
INTER_4
 gen_filter[7].U_S0
  csa_tree_U_s23_add_18_10_groupi
  module:csa_tree_U_s23_add_18_10_group_21_7
   very_fast       csa_and_adder            14x14x16x1 16        631.80                      
                                            6                                                
---------------------------------------------------------------------------------------------
   U_s23_add_18_10       +       signed     14x16      16                 18  10 INTER_4.vhd 
   U_S21_add_18_10       +       signed     14x16      16                 18  10 INTER_4.vhd 
   U_2_U_S2_add_18_16_pad
                         +       signed     16x3       16                 18  16 INTER_4.vhd 
   U_2_U_S2_add_18_10_pad
                         +       signed     16x16      16                 18  10 INTER_4.vhd 
=============================================================================================
INTER_4
 gen_filter[7].U_S0
  csa_tree_U_s3_add_18_10_groupi
  module:csa_tree_U_s3_add_18_10_group_23_7
   very_fast       csa_and_adder            14x14x16x1 16        636.48                      
                                            6                                                
---------------------------------------------------------------------------------------------
   U_s3_add_18_10        +       signed     14x16      16                 18  10 INTER_4.vhd 
   U_S1_add_18_10        +       signed     16x14      16                 18  10 INTER_4.vhd 
   U_1_U_S2_add_18_16_pad
                         +       signed     16x3       16                 18  16 INTER_4.vhd 
   U_1_U_S2_add_18_10_pad
                         +       signed     16x16      16                 18  10 INTER_4.vhd 
=============================================================================================
INTER_4
 gen_filter[8].U_S0
  U_1_U_S0_add_18_10
  module:add_signed_158_499
   very_fast             +       signed     12x10      12        133.64  381  65 INTER_4.vhd 
=============================================================================================
INTER_4
 gen_filter[8].U_S0
  U_1_U_S1_add_18_10
  module:add_signed_157_706
   slow                  +       signed     14x10      14        153.92  381  65 INTER_4.vhd 
=============================================================================================
INTER_4
 gen_filter[8].U_S0
  U_2_U_S0_add_18_10
  module:add_signed_158_498
   very_fast             +       signed     12x10      12        133.64  381  65 INTER_4.vhd 
=============================================================================================
INTER_4
 gen_filter[8].U_S0
  U_2_U_S1_add_18_10
  module:add_signed_157_707
   slow                  +       signed     14x10      14        153.92  381  65 INTER_4.vhd 
=============================================================================================
INTER_4
 gen_filter[8].U_S0
  U_S11_add_41_16
  module:add_unsigned_136_490
   very_fast             +       unsigned   13x13      14        201.76  381  65 INTER_4.vhd 
=============================================================================================
INTER_4
 gen_filter[8].U_S0
  addinc_U_S22_add_18_16
  module:add_signed_carry_28
   very_fast             +       signed     13x14x1    14        356.72                      
---------------------------------------------------------------------------------------------
   U_S22_add_18_16       +       signed     14x2       14                 18  16 INTER_4.vhd 
   U_S22_add_18_10       +       signed     13x14      14                 18  10 INTER_4.vhd 
=============================================================================================
INTER_4
 gen_filter[8].U_S0
  addinc_U_S2_add_18_16
  module:add_signed_carry_28_657
   very_fast             +       signed     13x14x1    14        356.72                      
---------------------------------------------------------------------------------------------
   U_S2_add_18_16        +       signed     14x2       14                 18  16 INTER_4.vhd 
   U_S2_add_18_10        +       signed     13x14      14                 18  10 INTER_4.vhd 
=============================================================================================
INTER_4
 gen_filter[8].U_S0
  csa_tree_U_S0_add_18_10_groupi
  module:csa_tree_U_S0_add_18_10_group_29_8
   very_fast       csa_and_adder            10x13      13        328.12                      
---------------------------------------------------------------------------------------------
   U_S0_add_18_10        +       signed     7x13       13                 18  10 INTER_4.vhd 
   U_0_U_S0_add_18_16
                         +       signed     13x2       13                 18  16 INTER_4.vhd 
   U_0_U_S0_add_18_10
                         +       signed     10x13      13                 18  10 INTER_4.vhd 
=============================================================================================
INTER_4
 gen_filter[8].U_S0
  csa_tree_U_S13_add_18_10_groupi
  module:csa_tree_U_S13_add_18_10_group_25_8
   very_fast       csa_and_adder            16x15x15   16        328.64                      
---------------------------------------------------------------------------------------------
   U_S13_add_18_10       +       signed     16x7       16                 18  10 INTER_4.vhd 
   U_S12_add_18_16       +       signed     16x2       16                 18  16 INTER_4.vhd 
   U_S12_add_18_10       +       signed     16x16      16                 18  10 INTER_4.vhd 
   U_S10_add_41_16       +       unsigned   15x15      16                 41  16 INTER_4.vhd 
=============================================================================================
INTER_4
 gen_filter[8].U_S0
  csa_tree_U_S20_add_18_10_groupi
  module:csa_tree_U_S20_add_18_10_group_27_8
   very_fast       csa_and_adder            10x13      13        341.64                      
---------------------------------------------------------------------------------------------
   U_S20_add_18_10       +       signed     7x13       13                 18  10 INTER_4.vhd 
   U_3_U_S0_add_18_16
                         +       signed     13x2       13                 18  16 INTER_4.vhd 
   U_3_U_S0_add_18_10
                         +       signed     10x13      13                 18  10 INTER_4.vhd 
=============================================================================================
INTER_4
 gen_filter[8].U_S0
  csa_tree_U_s23_add_18_10_groupi
  module:csa_tree_U_s23_add_18_10_group_21_8
   very_fast       csa_and_adder            14x14x16x1 16        631.80                      
                                            6                                                
---------------------------------------------------------------------------------------------
   U_s23_add_18_10       +       signed     14x16      16                 18  10 INTER_4.vhd 
   U_S21_add_18_10       +       signed     14x16      16                 18  10 INTER_4.vhd 
   U_2_U_S2_add_18_16_pad
                         +       signed     16x3       16                 18  16 INTER_4.vhd 
   U_2_U_S2_add_18_10_pad
                         +       signed     16x16      16                 18  10 INTER_4.vhd 
=============================================================================================
INTER_4
 gen_filter[8].U_S0
  csa_tree_U_s3_add_18_10_groupi
  module:csa_tree_U_s3_add_18_10_group_23_8
   very_fast       csa_and_adder            14x14x16x1 16        636.48                      
                                            6                                                
---------------------------------------------------------------------------------------------
   U_s3_add_18_10        +       signed     14x16      16                 18  10 INTER_4.vhd 
   U_S1_add_18_10        +       signed     16x14      16                 18  10 INTER_4.vhd 
   U_1_U_S2_add_18_16_pad
                         +       signed     16x3       16                 18  16 INTER_4.vhd 
   U_1_U_S2_add_18_10_pad
                         +       signed     16x16      16                 18  10 INTER_4.vhd 
=============================================================================================

      Type       CellArea Percentage 
-------------------------------------
datapath modules 33805.20      84.95 
external muxes       0.00       0.00 
others            5987.28      15.05 
-------------------------------------
total            39792.48     100.00 

