============================================================
  Generated by:           Genus(TM) Synthesis Solution 17.10-p007_1
  Generated on:           Feb 22 2020  07:59:18 am
  Module:                 filter_regular
  Technology libraries:   CORE65LPSVT 
                          CLOCK65LPSVT 
                          physical_cells 
  Operating conditions:   _nominal_ 
  Interconnect mode:      global
  Area mode:              physical library
============================================================

                                            Leakage   Internal  
       Gate        Instances     Area     Power (uW) Power (uW)     Library    
-------------------------------------------------------------------------------
HS65_LSS_XNOR2X6        5799    24123.840     39.019    569.846    CORE65LPSVT 
HS65_LSS_XNOR3X2         400     3328.000      1.807     23.651    CORE65LPSVT 
HS65_LSS_XOR2X6         7032    29253.120     40.792    783.280    CORE65LPSVT 
HS65_LSS_XOR3X2         3373    26309.400     18.421    286.406    CORE65LPSVT 
HS65_LS_AND2ABX27        129      737.880      1.711      0.163    CORE65LPSVT 
HS65_LS_AND2X4          1678     4362.800      3.979     52.990    CORE65LPSVT 
HS65_LS_AO112X9          490     2038.400      2.254     54.789    CORE65LPSVT 
HS65_LS_AO12X9          2696     9813.440     13.006    202.315    CORE65LPSVT 
HS65_LS_AO32X4          1548     7244.640      3.259    109.110    CORE65LPSVT 
HS65_LS_AOI12X2         2256     5865.600      3.752     71.943    CORE65LPSVT 
HS65_LS_AOI12X6           40      124.800      0.137      3.875    CORE65LPSVT 
HS65_LS_AOI212X4         258     1073.280      0.951     25.226    CORE65LPSVT 
HS65_LS_AOI21X2          928     2412.800      1.197     11.362    CORE65LPSVT 
HS65_LS_AOI21X6          347     1082.640      1.361     25.302    CORE65LPSVT 
HS65_LS_AOI22X6          129      469.560      0.265      2.739    CORE65LPSVT 
HS65_LS_AOI312X4          71      369.200      0.483      4.418    CORE65LPSVT 
HS65_LS_BFX142            20      312.000      1.567     29.551    CORE65LPSVT 
HS65_LS_BFX18           1220     3806.400      9.853    207.121    CORE65LPSVT 
HS65_LS_BFX27            510     1856.400      6.453    132.359    CORE65LPSVT 
HS65_LS_BFX9               1        2.080      0.004      0.092    CORE65LPSVT 
HS65_LS_CB4I1X9          129      536.640      0.492      0.036    CORE65LPSVT 
HS65_LS_CB4I6X9          974     4051.840      4.214    107.886    CORE65LPSVT 
HS65_LS_CBI4I1X5         460     1674.400      1.708     27.056    CORE65LPSVT 
HS65_LS_CNIVX7            82      127.920      0.148      3.503    CORE65LPSVT 
HS65_LS_DFPHQX9        20382   211972.800    205.200  10759.024    CORE65LPSVT 
HS65_LS_DFPRQNX9         455     4732.000      4.478    242.552    CORE65LPSVT 
HS65_LS_DFPRQX18          21      229.320      0.277     12.462    CORE65LPSVT 
HS65_LS_DFPRQX27         256     3061.760      4.260    176.273    CORE65LPSVT 
HS65_LS_DFPRQX35         584     7288.320     11.761    470.780    CORE65LPSVT 
HS65_LS_DFPRQX9           24      249.600      0.240     12.400    CORE65LPSVT 
HS65_LS_FA1X4          93228   872614.080    580.450  12259.891    CORE65LPSVT 
HS65_LS_HA1X4          10621    55229.200     55.471    686.422    CORE65LPSVT 
HS65_LS_IVX18           3698     7691.840     19.547    303.240    CORE65LPSVT 
HS65_LS_IVX27           1102     3438.240     10.081    148.971    CORE65LPSVT 
HS65_LS_IVX35           1317     4793.880     16.524    217.794    CORE65LPSVT 
HS65_LS_IVX44             59      245.440      0.947     18.466    CORE65LPSVT 
HS65_LS_IVX9           47333    73839.480    115.470   1716.081    CORE65LPSVT 
HS65_LS_MUX21I1X6        258     1073.280      1.585     19.191    CORE65LPSVT 
HS65_LS_MUXI21X2         258      939.120      0.771      0.490    CORE65LPSVT 
HS65_LS_NAND2AX7        1354     4224.480      6.181     85.542    CORE65LPSVT 
HS65_LS_NAND2X7         6810    14164.800     17.426    247.611    CORE65LPSVT 
HS65_LS_NAND3AX6         142      516.880      0.795     11.455    CORE65LPSVT 
HS65_LS_NAND3X5          187      486.200      0.306      2.672    CORE65LPSVT 
HS65_LS_NAND4ABX3         71      258.440      0.214      4.650    CORE65LPSVT 
HS65_LS_NOR2AX3         3904    10150.400     10.128     59.616    CORE65LPSVT 
HS65_LS_NOR2X6          8615    17919.200     24.635    255.548    CORE65LPSVT 
HS65_LS_NOR3AX2           58      180.960      0.215      0.022    CORE65LPSVT 
HS65_LS_NOR3X4           129      335.400      0.520      2.402    CORE65LPSVT 
HS65_LS_OA12X9           714     2598.960      3.494     48.708    CORE65LPSVT 
HS65_LS_OA212X4          129      670.800      0.358     11.450    CORE65LPSVT 
HS65_LS_OAI112X5          58      211.120      0.285      6.306    CORE65LPSVT 
HS65_LS_OAI12X3         3238     8418.800      6.450     93.569    CORE65LPSVT 
HS65_LS_OAI211X5          71      258.440      0.179      5.958    CORE65LPSVT 
HS65_LS_OAI21X3          901     2342.600      2.087     23.067    CORE65LPSVT 
HS65_LS_OAI22X6          258      939.120      1.041     23.989    CORE65LPSVT 
HS65_LS_OAI32X5          129      536.640      0.263     11.872    CORE65LPSVT 
HS65_LS_OR2X9           2845     8876.400     14.085    186.594    CORE65LPSVT 
HS65_LS_OR4X4             71      369.200      0.341      6.161    CORE65LPSVT 
HS65_LS_PAO2X9          6577    30780.360     29.943    623.867    CORE65LPSVT 
HS65_LS_PAOI2X1         2447     8907.080      2.774     54.968    CORE65LPSVT 
HS65_LS_PAOI3X1           71      258.440      0.090      2.822    CORE65LPSVT 
HS65_LS_XOR2X9           187      972.400      1.859     35.516    CORE65LPSVT 
HS65_LS_XOR3X9           439     4109.040      3.212     42.570    CORE65LPSVT 
-------------------------------------------------------------------------------
total                 249571  1496861.600   1310.776  31625.990                


                                              Leakage  Leakage  Internal  Internal 
     Type      Instances     Area    Area % Power (uW) Power % Power (uW)  Power % 
-----------------------------------------------------------------------------------
sequential         21722  227533.800   15.2    226.217    17.3  11673.492     36.9 
inverter           53591   90136.800    6.0    162.717    12.4   2408.055      7.6 
buffer              1751    5976.880    0.4     17.877     1.4    369.122      1.2 
logic             172507 1173214.120   78.4    903.965    69.0  17175.321     54.3 
physical_cells         0       0.000    0.0      0.000     0.0      0.000      0.0 
-----------------------------------------------------------------------------------
total             249571 1496861.600  100.0   1310.776   100.0  31625.990    100.0 

