============================================================
  Generated by:           Genus(TM) Synthesis Solution 17.10-p007_1
  Generated on:           Feb 22 2020  07:59:22 am
  Module:                 filter_regular
  Technology libraries:   CORE65LPSVT 
                          CLOCK65LPSVT 
                          physical_cells 
  Operating conditions:   _nominal_ 
  Interconnect mode:      global
  Area mode:              physical library
============================================================

                       Leakage   Dynamic    Total   
   Instance     Cells Power(uW) Power(uW) Power(uW) 
----------------------------------------------------
filter_regular 249571  1310.776 66657.132 67967.908 
  S0[95].U0      1743     8.239   362.584   370.823 
  S0[85].U0      1743     8.239   362.446   370.685 
  S0[90].U0      1743     8.239   362.437   370.676 
  S0[104].U0     1743     8.239   362.437   370.676 
  S0[81].U0      1742     8.237   362.569   370.806 
  S0[60].U0      1744     8.234   362.765   370.999 
  S0[128].U0     1742     8.234   362.249   370.483 
  S0[78].U0      1745     8.232   365.723   373.955 
  S0[79].U0      1745     8.232   365.974   374.206 
  S0[82].U0      1745     8.232   365.996   374.227 
  S0[87].U0      1745     8.232   366.001   374.233 
  S0[97].U0      1744     8.231   365.673   373.904 
  S0[125].U0     1742     8.231   362.572   370.803 
  S0[49].U0      1743     8.231   401.982   410.213 
  S0[44].U0      1744     8.229   362.677   370.906 
  S0[74].U0      1744     8.229   362.677   370.906 
  S0[101].U0     1745     8.229   393.952   402.181 
  S0[98].U0      1745     8.229   371.353   379.582 
  S0[64].U0      1744     8.229   362.743   370.971 
  S0[16].U0      1743     8.228   362.481   370.709 
  S0[24].U0      1743     8.228   362.481   370.709 
  S0[29].U0      1743     8.228   362.481   370.709 
  S0[40].U0      1743     8.228   362.480   370.709 
  S0[2].U0       1742     8.228   365.389   373.617 
  S0[83].U0      1744     8.227   364.555   372.782 
  S0[47].U0      1742     8.226   372.435   380.661 
  S0[102].U0     1742     8.226   370.377   378.604 
  S0[14].U0      1742     8.226   362.450   370.676 
  S0[19].U0      1742     8.226   362.467   370.693 
  S0[22].U0      1742     8.226   362.450   370.676 
  S0[27].U0      1742     8.226   362.451   370.676 
  S0[32].U0      1742     8.226   362.467   370.693 
  S0[35].U0      1742     8.226   362.466   370.692 
  S0[38].U0      1742     8.226   362.450   370.676 
  S0[43].U0      1742     8.226   362.464   370.690 
  S0[52].U0      1742     8.226   362.467   370.693 
  S0[55].U0      1742     8.226   362.466   370.692 
  S0[58].U0      1742     8.226   362.461   370.687 
  S0[63].U0      1742     8.226   362.460   370.686 
  S0[67].U0      1742     8.226   362.467   370.693 
  S0[70].U0      1742     8.226   362.465   370.691 
  S0[73].U0      1742     8.226   362.464   370.689 
  S0[77].U0      1742     8.226   362.428   370.654 
  S0[80].U0      1742     8.226   362.426   370.652 
  S0[88].U0      1742     8.226   362.483   370.709 
  S0[93].U0      1742     8.226   362.467   370.693 
  S0[113].U0     1742     8.226   362.466   370.692 
  S0[116].U0     1742     8.226   362.466   370.692 
  S0[119].U0     1742     8.226   362.466   370.692 
  S0[122].U0     1742     8.226   362.454   370.680 
  S0[110].U0     1742     8.226   369.844   378.069 
  S0[86].U0      1746     8.224   363.212   371.437 
  S0[107].U0     1742     8.224   387.689   395.913 
  S0[11].U0      1742     8.223   387.903   396.126 
  S0[5].U0       1742     8.223   390.466   398.689 
  S0[8].U0       1742     8.222   363.789   372.011 
  S0[100].U0     1743     8.218   372.275   380.493 
  S0[99].U0      1742     8.217   372.634   380.851 
  S0[108].U0     1740     8.215   408.487   416.701 
  S0[111].U0     1740     8.215   371.908   380.122 
  S0[50].U0      1740     8.210   381.371   389.581 
  S0[84].U0      1741     8.207   363.192   371.400 
  S0[89].U0      1741     8.207   363.204   371.411 
  S0[17].U0      1740     8.206   365.615   373.821 
  S0[20].U0      1740     8.206   365.614   373.820 
  S0[25].U0      1740     8.206   365.614   373.820 
  S0[30].U0      1740     8.206   365.615   373.821 
  S0[33].U0      1740     8.206   365.614   373.821 
  S0[36].U0      1740     8.206   365.614   373.820 
  S0[41].U0      1740     8.206   365.612   373.819 
  S0[45].U0      1740     8.206   365.614   373.820 
  S0[53].U0      1740     8.206   365.614   373.821 
  S0[56].U0      1740     8.206   365.614   373.821 
  S0[61].U0      1740     8.206   365.604   373.810 
  S0[65].U0      1740     8.206   365.614   373.821 
  S0[68].U0      1740     8.206   365.614   373.821 
  S0[71].U0      1740     8.206   365.612   373.818 
  S0[75].U0      1740     8.206   365.617   373.823 
  S0[91].U0      1740     8.206   365.608   373.815 
  S0[114].U0     1740     8.206   365.614   373.821 
  S0[117].U0     1740     8.206   365.614   373.821 
  S0[120].U0     1740     8.206   365.614   373.821 
  S0[123].U0     1740     8.206   365.570   373.776 
  S0[109].U0     1738     8.206   365.423   373.629 
  S0[96].U0      1740     8.204   364.500   372.704 
  S0[126].U0     1740     8.204   365.683   373.887 
  S0[48].U0      1740     8.204   377.784   385.987 
  S0[103].U0     1741     8.203   363.205   371.408 
  S0[6].U0       1740     8.203   371.546   379.749 
  S0[15].U0      1740     8.202   365.007   373.210 
  S0[23].U0      1740     8.202   365.007   373.210 
  S0[28].U0      1740     8.202   365.007   373.210 
  S0[39].U0      1740     8.202   365.007   373.210 
  S0[59].U0      1740     8.202   365.007   373.209 
  S0[94].U0      1740     8.202   365.010   373.212 
  S0[105].U0     1740     8.202   368.843   377.045 
  S0[1].U0       1738     8.201   362.365   370.566 
  S0[112].U0     1738     8.200   378.512   386.712 
  S0[0].U0       1740     8.199   364.903   373.101 
  S0[18].U0      1738     8.198   362.948   371.147 
  S0[21].U0      1738     8.198   362.943   371.141 
  S0[26].U0      1738     8.198   362.946   371.145 
  S0[31].U0      1738     8.198   362.948   371.147 
  S0[34].U0      1738     8.198   362.945   371.143 
  S0[37].U0      1738     8.198   362.943   371.141 
  S0[42].U0      1738     8.198   362.932   371.131 
  S0[54].U0      1738     8.198   362.945   371.143 
  S0[57].U0      1738     8.198   362.947   371.146 
  S0[62].U0      1738     8.198   362.931   371.130 
  S0[66].U0      1738     8.198   362.950   371.148 
  S0[69].U0      1738     8.198   362.945   371.143 
  S0[72].U0      1738     8.198   362.929   371.127 
  S0[76].U0      1738     8.198   362.939   371.137 
  S0[92].U0      1738     8.198   362.958   371.157 
  S0[115].U0     1738     8.198   362.945   371.143 
  S0[118].U0     1738     8.198   362.945   371.143 
  S0[121].U0     1738     8.198   362.945   371.143 
  S0[124].U0     1738     8.198   362.632   370.830 
  S0[106].U0     1738     8.198   364.326   372.524 
  S0[46].U0      1738     8.198   372.018   380.216 
  S0[9].U0       1740     8.198   384.579   392.777 
  S0[12].U0      1740     8.198   380.972   389.170 
  S0[51].U0      1738     8.197   366.345   374.543 
  S0[127].U0     1738     8.196   362.881   371.077 
  S0[7].U0       1738     8.196   362.704   370.900 
  S0[3].U0       1740     8.195   364.133   372.328 
  S0[10].U0      1738     8.195   373.830   382.025 
  S0[13].U0      1738     8.194   359.322   367.516 
  S0[4].U0       1738     8.194   369.457   377.651 

